======================================================================
ADD SHIKINAI RONSHA CATEGORY
======================================================================

Fetching all mainspace pages...

[1] 1-day onsen facility
  QID: Q11505291
  Not Shikinai Ronsha

[2] 20-Year Plan for One Million Families
  QID: Q18234309
  Not Shikinai Ronsha

[3] 2003 Shooting of Japanese Diplomats in Iraq
  QID: Q11265641
  Not Shikinai Ronsha

[4] 200 Famous Japanese Mountains
  QID: Q11086204
  Not Shikinai Ronsha

[5] 26-Rank cap system
  QID: Q17209277
  Not Shikinai Ronsha

[6] 36 Dōji
  QID: Q135655116
  Not Shikinai Ronsha

[7] 72 pentads
  QID: Q30014464
  Not Shikinai Ronsha

[8] A
  No wikidata link, skipping

[9] A1 Decan Lists
  QID: Q1183634
  Not Shikinai Ronsha

[10] A2 Decan Lists
  QID: Q1183635
  Not Shikinai Ronsha

[11] AICEL Shura Hall
  QID: Q11282212
  Not Shikinai Ronsha

[12] Ab-Schetui
  QID: Q303840
  Not Shikinai Ronsha

[13] Ab (decan)
  QID: Q303855
  Not Shikinai Ronsha

[14] Abare Festival
  QID: Q4663470
  Not Shikinai Ronsha

[15] Abashiri Shrine
  QID: Q11607230
  Not Shikinai Ronsha

[16] Abe clan
  QID: Q2975203
  Not Shikinai Ronsha

[17] Abe no Ariyo
  QID: Q11450333
  Not Shikinai Ronsha

[18] Abe no Seimei
  QID: Q1150151
  Not Shikinai Ronsha

[19] Abe no Yasuchika
  QID: Q11450335
  Not Shikinai Ronsha

[20] Abe no Yasunaga
  QID: Q11450336
  Not Shikinai Ronsha

[21] Abe no Yoshihira
  QID: Q11450302
  Not Shikinai Ronsha

[22] Abe Ōji Shrine
  QID: Q11657249
  Not Shikinai Ronsha

[23] Abedani Kofun
  QID: Q122574604
  Not Shikinai Ronsha

[24] Abeno Shrine
  QID: Q11657965
  Not Shikinai Ronsha

[25] Abesches
  QID: Q319775
  Not Shikinai Ronsha

[26] Abito Shrine
  QID: Q135195036
  ✓ Is Shikinai Ronsha (P31 Q135022904)
  Already has [[Category:Shikinai Ronsha]], skipping

[27] Abo Shrine
  QID: Q85884328
  ✓ Is Shikinai Ronsha (P31 Q135022904)
  Already has [[Category:Shikinai Ronsha]], skipping

[28] Abo Shrine (Moto‑Abo)
  No wikidata link, skipping

[29] About Oyama Afuri Shrine
  No wikidata link, skipping

[30] Aburahi Shrine
  QID: Q11554359
  ✓ Is Shikinai Ronsha (P31 Q135022904)
  Already has [[Category:Shikinai Ronsha]], skipping

[31] Abushina Shrine
  QID: Q11657364
  Not Shikinai Ronsha

[32] Abuyama Kofun
  QID: Q11657465
  Not Shikinai Ronsha

[33] Acala
  QID: Q337624
  Not Shikinai Ronsha

[34] Achi Shrine
  QID: Q11657445
  Not Shikinai Ronsha

[35] Achi Shrine (Kurashiki)
  QID: Q11657446
  Not Shikinai Ronsha

[36] Achi Shrine (Q11657447)
  QID: Q11657447
  ✓ Is Shikinai Ronsha (P31 Q135022904)
  Already has [[Category:Shikinai Ronsha]], skipping

[37] Achi clan
  QID: Q109594403
  Not Shikinai Ronsha

[38] Achieno Shrine
  QID: Q135099002
  Not Shikinai Ronsha

[39] Achie‑nobe Shrine
  No wikidata link, skipping

[40] Achihaseno Shrine
  QID: Q135040230
  Not Shikinai Ronsha

[41] Achihayao Shrine
  QID: Q11657712
  Not Shikinai Ronsha

[42] Achiheisoheno Shrine
  QID: Q135040568
  Not Shikinai Ronsha

[43] Achiko Shrine
  QID: Q135039659
  Not Shikinai Ronsha

[44] Achiko Shrine (Q135270277)
  QID: Q135270277
  ✓ Is Shikinai Ronsha (P31 Q135022904)
  Already has [[Category:Shikinai Ronsha]], skipping

[45] Achikouisobu Shrine
  QID: Q135070027
  ✓ Is Shikinai Ronsha (P31 Q135022904)
  Already has [[Category:Shikinai Ronsha]], skipping

[46] Achino Shrine
  QID: Q135039913
  Not Shikinai Ronsha

[47] Achino Shrine okumiya
  QID: Q135194069
  ✓ Is Shikinai Ronsha (P31 Q135022904)
  Already has [[Category:Shikinai Ronsha]], skipping

[48] Achisukino Shrine
  QID: Q135040969
  Not Shikinai Ronsha

[49] Acidic springs
  QID: Q11644442
  Not Shikinai Ronsha

[50] Acronychic
  QID: Q4059812
  Not Shikinai Ronsha

[51] Acts of Worship
  QID: Q4677796
  Not Shikinai Ronsha

[52] Acupuncture Hakase
  QID: Q11648153
  Not Shikinai Ronsha

[53] Adachi Myokengu
  QID: Q11489239
  Not Shikinai Ronsha

[54] Adachi Shrine
  QID: Q115739544
  ✓ Is Shikinai Ronsha (P31 Q135022904)
  Already has [[Category:Shikinai Ronsha]], skipping

[55] Adachi Shrine (Kamikisaki)
  QID: Q135193313
  ✓ Is Shikinai Ronsha (P31 Q135022904)
  Already has [[Category:Shikinai Ronsha]], skipping

[56] Adachi Yoshikage
  QID: Q11451553
  Not Shikinai Ronsha

[57] Adachiyama
  QID: Q11636998
  Not Shikinai Ronsha

[58] Adatara Shrine
  QID: Q11451521
  ✓ Is Shikinai Ronsha (P31 Q135022904)
  Already has [[Category:Shikinai Ronsha]], skipping

[59] Adatara Shrine (Q135194444)
  No wikidata link, skipping

[60] Aedo Hashihime Shrine
  QID: Q17190840
  Not Shikinai Ronsha

[61] Aekuni Shrine
  QID: Q11499487
  Not Shikinai Ronsha

[62] Af:Vuuros (astrologie)
  Error reading page: 'pages'

[63] Af:Vuurrat (astrologie)
  Error reading page: 'pages'

[64] Afuchi Shrine
  QID: Q65260948
  ✓ Is Shikinai Ronsha (P31 Q135022904)
  Already has [[Category:Shikinai Ronsha]], skipping

[65] Afukako Shrine
  QID: Q135186246
  ✓ Is Shikinai Ronsha (P31 Q135022904)
  Already has [[Category:Shikinai Ronsha]], skipping

[66] Afukakotano- Shrine
  QID: Q135039287
  Not Shikinai Ronsha

[67] Afukamuyamano Shrine
  QID: Q135039277
  Not Shikinai Ronsha

[68] Afukamuyamano Shrine former site
  QID: Q135186196
  ✓ Is Shikinai Ronsha (P31 Q135022904)
  Already has [[Category:Shikinai Ronsha]], skipping

[69] Afukano- Shrine
  QID: Q135039281
  Not Shikinai Ronsha

[70] Afuku Kahaku Shrine
  QID: Q11451153
  Not Shikinai Ronsha

[71] Aga Shrine
  QID: Q11657692
  Not Shikinai Ronsha

[72] Agata Shrine
  QID: Q11608136
  Not Shikinai Ronsha

[73] Agata Shrine (Gero City)
  QID: Q11608138
  Not Shikinai Ronsha

[74] Agata Shrine (Gifu)
  QID: Q11608141
  ✓ Is Shikinai Ronsha (P31 Q135022904)
  Already has [[Category:Shikinai Ronsha]], skipping

[75] Agata Shrine (Ōamishirasato)
  QID: Q11608137
  Not Shikinai Ronsha

[76] Agata no Inukai clan
  QID: Q11582689
  Not Shikinai Ronsha

[77] Agatanushi
  QID: Q10746487
  Not Shikinai Ronsha

[78] Agatanushi Shrine
  QID: Q11582625
  Not Shikinai Ronsha

[79] Agatanushi Shrine (Minokamo)
  QID: Q11608132
  Not Shikinai Ronsha

[80] Age of the Gods
  QID: Q70447980
  Not Shikinai Ronsha

[81] Agemizo Tenjinzuka Kofun
  QID: Q122552778
  Not Shikinai Ronsha

[82] Agency for Cultural Affairs
  QID: Q1009519
  Not Shikinai Ronsha

[83] Ageshima Kofun
  QID: Q106287303
  Not Shikinai Ronsha

[84] Aguasa Shrine
  QID: Q85884332
  Not Shikinai Ronsha

[85] Aguchi Shrine
  QID: Q11655187
  Not Shikinai Ronsha

[86] Ahachino Shrine
  QID: Q135039182
  Not Shikinai Ronsha

[87] Ahachino Shrine (Q135229657)
  QID: Q135229657
  Not Shikinai Ronsha

[88] Ahano Shrine
  QID: Q135038804
  Not Shikinai Ronsha

[89] Ahano Shrine (Q135039173)
  QID: Q135039173
  ✓ Is Shikinai Ronsha (P31 Q135022904)
  Already has [[Category:Shikinai Ronsha]], skipping

[90] Ahano Shrine (Q135039244)
  QID: Q135039244
  Not Shikinai Ronsha

[91] Ahanono Shrine
  QID: Q135039930
  Not Shikinai Ronsha

[92] Ahasano Shrine
  QID: Q135039939
  Not Shikinai Ronsha

[93] Ahashimano-isahano Shrine
  QID: Q135039455
  Not Shikinai Ronsha

[94] Ahichino Shrine
  QID: Q135040534
  Not Shikinai Ronsha

[95] Ahimino Shrine
  QID: Q135040300
  Not Shikinai Ronsha

[96] Ahita Shrine
  QID: Q11657481
  Not Shikinai Ronsha

[97] Ahitano Shrine
  QID: Q135040419
  Not Shikinai Ronsha

[98] Ai Shrine
  QID: Q11657591
  Not Shikinai Ronsha

[99] Aichi Gokoku Shrine
  QID: Q4696584
  Not Shikinai Ronsha

[100] Aijikaue Shrine (Legendary Site C)
  QID: Q135186396
  ✓ Is Shikinai Ronsha (P31 Q135022904)
  Already has [[Category:Shikinai Ronsha]], skipping

[101] Aiki Shrine
  QID: Q2827917
  Not Shikinai Ronsha

[102] Ainame Festival
  QID: Q11581944
  Not Shikinai Ronsha

[103] Airborne Parachute Unit
  QID: Q11498102
  Not Shikinai Ronsha

[104] Aizen Festival
  QID: Q11256803
  Not Shikinai Ronsha

[105] Aizu-hime-no-Kami
  QID: Q56350355
  Not Shikinai Ronsha

[106] Aizu Tajima Gion Festival
  QID: Q11381253
  Not Shikinai Ronsha

[107] Ajiga Shrine
  QID: Q135186738
  ✓ Is Shikinai Ronsha (P31 Q135022904)
  Already has [[Category:Shikinai Ronsha]], skipping

[108] Ajiga Shrine (Q135186739)
  QID: Q135186739
  ✓ Is Shikinai Ronsha (P31 Q135022904)
  Already has [[Category:Shikinai Ronsha]], skipping

[109] Ajika Shrine
  QID: Q11657713
  Not Shikinai Ronsha

[110] Ajiko Shrine
  QID: Q110858812
  ✓ Is Shikinai Ronsha (P31 Q135022904)
  Already has [[Category:Shikinai Ronsha]], skipping

[111] Ajima Shrine
  QID: Q11417045
  Not Shikinai Ronsha

[112] Ajimano Shrine
  QID: Q135194649
  ✓ Is Shikinai Ronsha (P31 Q135022904)
  Already has [[Category:Shikinai Ronsha]], skipping

[113] Ajimino Shrine
  QID: Q135041427
  Not Shikinai Ronsha

[114] Ajisukitakahikone
  QID: Q506610
  Not Shikinai Ronsha

[115] Ajiyoshi Futagoyama Kofun
  QID: Q11417036
  Not Shikinai Ronsha

[116] Akaba Shrine
  QID: Q20042898
  Not Shikinai Ronsha

[117] Akabo Shrine
  QID: Q11635898
  Not Shikinai Ronsha

[118] Akabori Chausuyama Kofun
  QID: Q17191031
  Not Shikinai Ronsha

[119] Akafuchino Shrine
  QID: Q135040608
  Not Shikinai Ronsha

[120] Akagi Shrine
  QID: Q135039965
  Not Shikinai Ronsha

[121] Akagi Shrine (Fujimi Town Yokomuro)
  QID: Q131275527
  Not Shikinai Ronsha

[122] Akagi Shrines
  QID: Q11635468
  Not Shikinai Ronsha

[123] Akahikono Shrine
  QID: Q135039578
  Not Shikinai Ronsha

[124] Akahono Shrine
  QID: Q135039839
  Not Shikinai Ronsha

[125] Akaiwa Shrine
  QID: Q11635823
  Not Shikinai Ronsha

[126] Akaizuka Kofun
  QID: Q123349012
  Not Shikinai Ronsha

[127] Akakino Shrine former site
  QID: Q135194281
  ✓ Is Shikinai Ronsha (P31 Q135022904)
  Already has [[Category:Shikinai Ronsha]], skipping

[128] Akakunino Shrine
  QID: Q135040544
  Not Shikinai Ronsha

[129] Akama Jingu
  No wikidata link, skipping

[130] Akamino Shrine
  QID: Q135039844
  Not Shikinai Ronsha

[131] Akamonue Kofun
  QID: Q4700239
  Not Shikinai Ronsha

[132] Akanabe Shrine
  QID: Q11617261
  Not Shikinai Ronsha

[133] Akane Shrine
  QID: Q17191164
  Not Shikinai Ronsha

[134] Akanta Shrine
  QID: Q48758374
  ✓ Is Shikinai Ronsha (P31 Q135022904)
  Already has [[Category:Shikinai Ronsha]], skipping

[135] Akao Shibutare Kōribe Shrine
  QID: Q117452953
  ✓ Is Shikinai Ronsha (P31 Q135022904)
  ✓ Added category! (Edit #1)

[136] Akao Shibutaru Gunbe Shrine
  No wikidata link, skipping

[137] Akaou Shrine
  QID: Q135069462
  ✓ Is Shikinai Ronsha (P31 Q135022904)
  Already has [[Category:Shikinai Ronsha]], skipping

[138] Akaruhime-no-Kami
  QID: Q555212
  Not Shikinai Ronsha

[139] Akaruhimenomikoto Shrine
  QID: Q117848511
  Not Shikinai Ronsha

[140] Akasaka Kaminoyama Shrine
  QID: Q11635398
  Not Shikinai Ronsha

[141] Akasaka Tennōzan Kofun
  QID: Q11635409
  Not Shikinai Ronsha

[142] Akasakaimai Tumuli
  QID: Q11635401
  Not Shikinai Ronsha

[143] Akasaki Shrine
  QID: Q11635561
  Not Shikinai Ronsha

[144] Akashi no Kuni no Miyatsuko
  QID: Q108487216
  Not Shikinai Ronsha

[145] Akatano Shrine
  QID: Q135041010
  Not Shikinai Ronsha

[146] Akatanushino Shrine
  QID: Q135098951
  Not Shikinai Ronsha

[147] Akatsuchiyama Kofun
  QID: Q85480062
  Not Shikinai Ronsha

[148] Akayu Onsen
  QID: Q11635793
  Not Shikinai Ronsha

[149] Akayu Onsen (Niigata)
  QID: Q11635795
  Not Shikinai Ronsha

[150] Akeai Kofun
  QID: Q11512013
  Not Shikinai Ronsha

[151] Aki District, Hiroshima
  QID: Q1351074
  Not Shikinai Ronsha

[152] Aki Shrine
  QID: Q11657607
  Not Shikinai Ronsha

[153] Akiba Gongen
  QID: Q2680724
  Not Shikinai Ronsha

[154] Akiba Shrine
  QID: Q11595842
  Not Shikinai Ronsha

[155] Akiba Shrine (Q135186229)
  QID: Q135186229
  ✓ Is Shikinai Ronsha (P31 Q135022904)
  Already has [[Category:Shikinai Ronsha]], skipping

[156] Akiba Shrines
  QID: Q11595841
  Not Shikinai Ronsha

[157] Akibayama Kofun Cluster
  QID: Q11595836
  Not Shikinai Ronsha

[158] Akidono Minami Kofun
  QID: Q84638424
  Not Shikinai Ronsha

[159] Akihasan Hongū Akiha Shrine
  QID: Q500413
  Not Shikinai Ronsha

[160] Akiru Shrine
  QID: Q11657213
  Not Shikinai Ronsha

[161] Akishika Shrine
  QID: Q135070119
  Not Shikinai Ronsha

[162] Akita Gokoku Shrine
  QID: Q11595542
  Not Shikinai Ronsha

[163] Akita Kantō
  QID: Q4701224
  Not Shikinai Ronsha

[164] Akita Suwa Shrine
  QID: Q17191063
  Not Shikinai Ronsha

[165] Akitomi Shrine
  QID: Q85884553
  Not Shikinai Ronsha

[166] Akono Shrine
  QID: Q135041060
  Not Shikinai Ronsha

[167] Akotanino Shrine
  QID: Q135040700
  Not Shikinai Ronsha

[168] Akshobhya
  QID: Q756612
  Not Shikinai Ronsha

[169] Akuhino Shrine
  QID: Q135039560
  Not Shikinai Ronsha

[170] Akuma (folklore)
  QID: Q2829166
  Not Shikinai Ronsha

[171] Akunami Shrine
  QID: Q28682730
  Not Shikinai Ronsha

[172] Akura Takatsuka Kofun
  QID: Q83070704
  Not Shikinai Ronsha

[173] Akuro O
  QID: Q18700408
  Not Shikinai Ronsha

[174] Akuto Shrine
  QID: Q11657135
  Not Shikinai Ronsha

[175] Akō Gishi Festival
  QID: Q11635899
  Not Shikinai Ronsha

[176] Akōbō Kofun Cluster
  QID: Q11657264
  Not Shikinai Ronsha

[177] All-Devourer
  QID: Q2648719
  Not Shikinai Ronsha

[178] Alluvial terrace
  No wikidata link, skipping

[179] Alum springs
  QID: Q11416420
  Not Shikinai Ronsha

[180] Ama-no-Inukai clan
  QID: Q55529579
  Not Shikinai Ronsha

[181] Ama-no-Iwato-wake no Kami
  QID: Q10940542
  Not Shikinai Ronsha

[182] Ama-no-Iwato-wake no Kami Shrine
  QID: Q135019513
  Not Shikinai Ronsha

[183] Ama-no-Oshihi
  QID: Q10939616
  Not Shikinai Ronsha

[184] Ama-no-iwafune
  QID: Q126914107
  Not Shikinai Ronsha

[185] Ama-no-iwato-wake-toyotamahimeno Shrine
  QID: Q135041351
  Not Shikinai Ronsha

[186] Ama-no-iwato-wake-toyotamahimeno Shrine (Q135270444)
  QID: Q135270444
  ✓ Is Shikinai Ronsha (P31 Q135022904)
  Already has [[Category:Shikinai Ronsha]], skipping

[187] Ama (female diver)
  QID: Q15900642
  Not Shikinai Ronsha

[188] Ama Clan Genealogy
  QID: Q11559330
  Not Shikinai Ronsha

[189] Ama Kazukime Shrine
  QID: Q17191773
  Not Shikinai Ronsha

[190] Ama People
  QID: Q9495537
  Not Shikinai Ronsha

[191] Ama no iwa to wake no kami Shrine
  QID: Q135027312
  Not Shikinai Ronsha

[192] Amabe Caste
  QID: Q55528867
  Not Shikinai Ronsha

[193] Amabe clan
  QID: Q65272445
  Not Shikinai Ronsha

[194] Amagasaki Ebisu Shrine
  QID: Q22117785
  Not Shikinai Ronsha

[195] Amago clan
  QID: Q2575609
  Not Shikinai Ronsha

[196] Amahakarino Shrine
  QID: Q135041209
  Not Shikinai Ronsha

[197] Amahibiki-no-Mikoto Shrine
  QID: Q135039865
  Not Shikinai Ronsha

[198] Amahinatorino- Shrine
  QID: Q135040747
  Not Shikinai Ronsha

[199] Amakashi-ni-imasu Shrine
  QID: Q11574285
  Not Shikinai Ronsha

[200] Amakohino Shrine
  QID: Q135041158
  Not Shikinai Ronsha

[201] Amamikoso Shrine
  QID: Q11658015
  Not Shikinai Ronsha

[202] Amamikyu
  QID: Q18236531
  Not Shikinai Ronsha

[203] Amamiyama Kofun
  QID: Q11450943
  Not Shikinai Ronsha

[204] Amamurakumo Shrine
  QID: Q135198111
  ✓ Is Shikinai Ronsha (P31 Q135022904)
  Already has [[Category:Shikinai Ronsha]], skipping

[205] Amamurakumono Shrine
  QID: Q135041330
  Not Shikinai Ronsha

[206] Amanawa Shinmei Shrine
  QID: Q2841005
  Not Shikinai Ronsha

[207] Amano-Iwato
  QID: Q3231835
  Not Shikinai Ronsha

[208] Amano Hachiman Shrine
  QID: Q135197900
  ✓ Is Shikinai Ronsha (P31 Q135022904)
  Already has [[Category:Shikinai Ronsha]], skipping

[209] Amano Shrine
  QID: Q135041512
  Not Shikinai Ronsha

[210] Amano Shrine (Q135040693)
  QID: Q135040693
  Not Shikinai Ronsha

[211] Amano Shrine (Q135041281)
  QID: Q135041281
  Not Shikinai Ronsha

[212] Amano Shrine (Q135270269)
  QID: Q135270269
  ✓ Is Shikinai Ronsha (P31 Q135022904)
  Already has [[Category:Shikinai Ronsha]], skipping

[213] Amanohashidate
  QID: Q259727
  Not Shikinai Ronsha

[214] Amanohashidate Shrine
  QID: Q107410068
  ✓ Is Shikinai Ronsha (P31 Q135022904)
  Already has [[Category:Shikinai Ronsha]], skipping

[215] Amanohinatorino Shrine
  QID: Q135040967
  Not Shikinai Ronsha

[216] Amanohitokuhatano Shrine Site
  QID: Q135186661
  ✓ Is Shikinai Ronsha (P31 Q135022904)
  Already has [[Category:Shikinai Ronsha]], skipping

[217] Amanohohino- Shrine
  QID: Q135041106
  Not Shikinai Ronsha

[218] Amanohohinomikotono Shrine
  QID: Q135038794
  Not Shikinai Ronsha

[219] Amanoihatowakenoyasukunitama- Shrine
  QID: Q135041454
  Not Shikinai Ronsha

[220] Amanoiwatate Shrine
  QID: Q11443184
  Not Shikinai Ronsha

[221] Amanoiwato Shrine
  QID: Q2841102
  Not Shikinai Ronsha

[222] Amanoiwato Shrine (Fukuchiyama)
  QID: Q11442563
  Not Shikinai Ronsha

[223] Amanokagoyamano Shrine
  QID: Q135039290
  Not Shikinai Ronsha

[224] Amanokaguyama Shrine
  QID: Q135069203
  ✓ Is Shikinai Ronsha (P31 Q135022904)
  Already has [[Category:Shikinai Ronsha]], skipping

[225] Amanokaguyama Shrine (Q98082987)
  QID: Q98082987
  ✓ Is Shikinai Ronsha (P31 Q135022904)
  Already has [[Category:Shikinai Ronsha]], skipping

[226] Amanokakoyamano- Shrine
  QID: Q135039033
  Not Shikinai Ronsha

[227] Amanokawa no Mikoto Shrine
  QID: Q135193728
  ✓ Is Shikinai Ronsha (P31 Q135022904)
  Already has [[Category:Shikinai Ronsha]], skipping

[228] Amanokume no Mikoto
  QID: Q10939945
  Not Shikinai Ronsha

[229] Amanomichine
  QID: Q10940767
  Not Shikinai Ronsha

[230] Amanomikemunushi-no-Kami
  QID: Q136764753
  Not Shikinai Ronsha

[231] Amanomikemunushi no Kami
  No wikidata link, skipping

[232] Amanosagiri-no-Kami
  QID: Q135330332
  Not Shikinai Ronsha

[233] Amanosagiri Kami
  No wikidata link, skipping

[234] Amanotakutsutamano- Shrine
  QID: Q135041530
  Not Shikinai Ronsha

[235] Amano‑Kaguyama Shrine
  QID: Q135186297
  ✓ Is Shikinai Ronsha (P31 Q135022904)
  Already has [[Category:Shikinai Ronsha]], skipping

[236] Amaoshio no mikoto
  QID: Q97613650
  Not Shikinai Ronsha

[237] Amasashihikonomikoto Shrine
  QID: Q127783765
  Not Shikinai Ronsha

[238] Amasashinowake Shrine
  QID: Q11442221
  Not Shikinai Ronsha

[239] Amashirohikono Shrine
  QID: Q135040973
  Not Shikinai Ronsha

[240] Amashirohimeno Shrine
  QID: Q135040974
  Not Shikinai Ronsha

[241] Amatakekanakusano Shrine
  QID: Q135041144
  Not Shikinai Ronsha

[242] Amatamitsu- Shrine
  QID: Q135039285
  Not Shikinai Ronsha

[243] Amatarashi Shrine
  QID: Q11659781
  ✓ Is Shikinai Ronsha (P31 Q135022904)
  Already has [[Category:Shikinai Ronsha]], skipping

[244] Amaterasu
  QID: Q455602
  Not Shikinai Ronsha

[245] Amaterasu Sumemioya Shrine
  QID: Q20038509
  Not Shikinai Ronsha

[246] Amaterasu Ōmikami Takakura Shrine & Iwato Shrine
  QID: Q11442907
  Not Shikinai Ronsha

[247] Amateruno Shrine
  QID: Q135041549
  Not Shikinai Ronsha

[248] Amaterutamano- Shrine
  QID: Q135040531
  Not Shikinai Ronsha

[249] Amato Hime-no-Mikoto
  QID: Q121355874
  Not Shikinai Ronsha

[250] Amatomi no Mikoto
  QID: Q24899653
  Not Shikinai Ronsha

[251] Amatsu-Mikaboshi
  QID: Q4740636
  Not Shikinai Ronsha

[252] Amatsu Shrine
  QID: Q135197898
  ✓ Is Shikinai Ronsha (P31 Q135022904)
  Already has [[Category:Shikinai Ronsha]], skipping

[253] Amatsu Shrine (Itoigawa)
  QID: Q172253
  ✓ Is Shikinai Ronsha (P31 Q135022904)
  Already has [[Category:Shikinai Ronsha]], skipping

[254] Amatsu Shrine (Narashino City)
  QID: Q11442801
  Not Shikinai Ronsha

[255] Amatsu Shrine (Q135195030)
  No wikidata link, skipping

[256] Amatsu Shrine (Q172253)
  No wikidata link, skipping

[257] Amatsuhikone
  QID: Q10940228
  Not Shikinai Ronsha

[258] Amatsuihatowakeno Shrine
  QID: Q135039024
  Not Shikinai Ronsha

[259] Amatsuihatowakewakahimeno Shrine
  QID: Q135038769
  Not Shikinai Ronsha

[260] Amatsuka Kofun
  QID: Q11442478
  Not Shikinai Ronsha

[261] Amatsukahano- Shrine
  QID: Q135039870
  Not Shikinai Ronsha

[262] Amatsukami
  QID: Q60994492
  Not Shikinai Ronsha

[263] Amatsukasahiko Shrine
  QID: Q107410066
  ✓ Is Shikinai Ronsha (P31 Q135022904)
  Already has [[Category:Shikinai Ronsha]], skipping

[264] Amatsukasahiko Shrine (Q107410067)
  QID: Q107410067
  ✓ Is Shikinai Ronsha (P31 Q135022904)
  Already has [[Category:Shikinai Ronsha]], skipping

[265] Amatsukasahikono Shrine
  QID: Q135041313
  Not Shikinai Ronsha

[266] Amatsukunitama-no-Mikoto
  QID: Q135113177
  Not Shikinai Ronsha

[267] Amatsuno Shrine
  QID: Q135041133
  Not Shikinai Ronsha

[268] Amatsunumahikono Shrine
  QID: Q135041333
  Not Shikinai Ronsha

[269] Amatsunumahikono Shrine (Q135270441)
  QID: Q135270441
  ✓ Is Shikinai Ronsha (P31 Q135022904)
  Already has [[Category:Shikinai Ronsha]], skipping

[270] Amawake Toyohime Shrine
  QID: Q11442354
  Not Shikinai Ronsha

[271] Amayo Shrine
  QID: Q135069908
  ✓ Is Shikinai Ronsha (P31 Q135022904)
  Already has [[Category:Shikinai Ronsha]], skipping

[272] Amayo Shrine (Yasaka Shrine Keidai-sha)
  No wikidata link, skipping

[273] Amayono Shrine
  QID: Q135040144
  Not Shikinai Ronsha

[274] Amayono Shrine former site
  QID: Q135194539
  ✓ Is Shikinai Ronsha (P31 Q135022904)
  Already has [[Category:Shikinai Ronsha]], skipping

[275] Amayukawata Shrine
  QID: Q63891125
  Not Shikinai Ronsha

[276] Amazake
  QID: Q455990
  Not Shikinai Ronsha

[277] Amduat
  QID: Q460509
  Not Shikinai Ronsha

[278] Ame-no-Fuyukinu
  QID: Q48744862
  Not Shikinai Ronsha

[279] Ame-no-Hibaraooshinadomi-no-Kami
  QID: Q60996386
  Not Shikinai Ronsha

[280] Ame-no-Hiwashi Shrine (disambiguation)
  QID: Q65270357
  Not Shikinai Ronsha

[281] Ame-no-Hohi-no-Mikoto Shrine
  QID: Q17191844
  Not Shikinai Ronsha

[282] Ame-no-Ikutama
  QID: Q97184246
  Not Shikinai Ronsha

[283] Ame-no-Kaguyama
  QID: Q10940849
  Not Shikinai Ronsha

[284] Ame-no-Koyane
  QID: Q2564508
  Not Shikinai Ronsha

[285] Ame-no-Mahitotsu-no-Mikoto
  QID: Q10016750
  Not Shikinai Ronsha

[286] Ame-no-Mikage-no-Kami
  QID: Q134879671
  Not Shikinai Ronsha

[287] Ame-no-Mikumari-toyoura Shrine
  QID: Q135098895
  ✓ Is Shikinai Ronsha (P31 Q135022904)
  Already has [[Category:Shikinai Ronsha]], skipping

[288] Ame-no-Minakanushi
  QID: Q2842779
  Not Shikinai Ronsha

[289] Ame-no-Miya Shrine
  QID: Q30934659
  Not Shikinai Ronsha

[290] Ame-no-Oshikumone
  QID: Q91088537
  Not Shikinai Ronsha

[291] Ame-no-Shirahano Shrine
  QID: Q11442597
  Not Shikinai Ronsha

[292] Ame-no-Tanagao Shrine
  QID: Q11442606
  ✓ Is Shikinai Ronsha (P31 Q135022904)
  ✓ Added category! (Edit #2)

[293] Ame-no-Tokotachi
  QID: Q10939047
  Not Shikinai Ronsha

[294] Ame-no-Tsudoechine
  QID: Q55533659
  Not Shikinai Ronsha

[295] Ame-no-Uzume
  QID: Q462803
  Not Shikinai Ronsha

[296] Ame-no-Yahorotsu-hime Shrine (subsidiary of Oshio Hachimangū)
  QID: Q135194521
  ✓ Is Shikinai Ronsha (P31 Q135022904)
  Already has [[Category:Shikinai Ronsha]], skipping

[297] Ame-no-Yukawata
  QID: Q52319907
  Not Shikinai Ronsha

[298] Ame-no-ohabari
  QID: Q10939046
  Not Shikinai Ronsha

[299] Ame-no-torifune
  QID: Q10731425
  Not Shikinai Ronsha

[300] Ame-no-ukihashi
  QID: Q108376881
  Not Shikinai Ronsha

[301] Ame no Hohi
  QID: Q10940685
  Not Shikinai Ronsha

[302] Ame no Mikage no Kami
  No wikidata link, skipping

[303] Ame no Murakumo
  QID: Q106241464
  Not Shikinai Ronsha

[304] Ame no Wakahiko
  QID: Q10940674
  Not Shikinai Ronsha

[305] Amefutotama-no-Mikoto Shrine
  QID: Q11442508
  Not Shikinai Ronsha

[306] Amehikagehime Shrine (Nishibaba, Nakanoto Town)
  QID: Q135194884
  ✓ Is Shikinai Ronsha (P31 Q135022904)
  Already has [[Category:Shikinai Ronsha]], skipping

[307] Amehikage‑Hime Shrine (Ninomiya, Nakanoto Town)
  QID: Q135194883
  ✓ Is Shikinai Ronsha (P31 Q135022904)
  Already has [[Category:Shikinai Ronsha]], skipping

[308] Amehikake- Shrine
  QID: Q135040317
  Not Shikinai Ronsha

[309] Amehikake- Shrine (Q135289776)
  QID: Q135289776
  Not Shikinai Ronsha

[310] Amehimewakamikono Shrine
  QID: Q135098991
  Not Shikinai Ronsha

[311] Ameihatowakeno Shrine
  QID: Q135041190
  Not Shikinai Ronsha

[312] Ameku-gū
  QID: Q11442211
  Not Shikinai Ronsha

[313] Amekunihimeno Shrine
  QID: Q135040141
  Not Shikinai Ronsha

[314] Amekunitsuhikono Shrine
  QID: Q135040140
  Not Shikinai Ronsha

[315] Amemahitotsunono Shrine
  QID: Q135041171
  Not Shikinai Ronsha

[316] Ameno-tanakahimeno Shrine
  QID: Q135041507
  Not Shikinai Ronsha

[317] Amenohayatamahimeno- Shrine
  QID: Q135039761
  Not Shikinai Ronsha

[318] Amenohiboko
  QID: Q713100
  Not Shikinai Ronsha

[319] Amenohitokuhatano Shrine
  QID: Q135039363
  Not Shikinai Ronsha

[320] Amenohoakari
  QID: Q10940411
  Not Shikinai Ronsha

[321] Amenohohinomikoto Shrine
  No wikidata link, skipping

[322] Amenoihasuhino Shrine
  QID: Q135038843
  ✓ Is Shikinai Ronsha (P31 Q135022904)
  Already has [[Category:Shikinai Ronsha]], skipping

[323] Amenoihatowakenotono Shrine
  QID: Q135039864
  Not Shikinai Ronsha

[324] Amenokumahito no Mikoto
  No wikidata link, skipping

[325] Amenokunitsuhiko Shrine (small subsidiary within Oshio Hachimangū precinct)
  QID: Q135194523
  ✓ Is Shikinai Ronsha (P31 Q135022904)
  Already has [[Category:Shikinai Ronsha]], skipping

[326] Amenokunitsuhiko Shrine (small subsidiary within Tsunemiya Shrine precinct)
  QID: Q135194522
  ✓ Is Shikinai Ronsha (P31 Q135022904)
  Already has [[Category:Shikinai Ronsha]], skipping

[327] Amenokunitsuhime Shrine (small subsidiary within Oshio Hachimangū precinct)
  QID: Q135194525
  ✓ Is Shikinai Ronsha (P31 Q135022904)
  Already has [[Category:Shikinai Ronsha]], skipping

[328] Amenokunitsuhime Shrine (small subsidiary within Tsunemiya Shrine precinct)
  QID: Q135194524
  ✓ Is Shikinai Ronsha (P31 Q135022904)
  Already has [[Category:Shikinai Ronsha]], skipping

[329] Amenomikono- Shrine
  QID: Q135098973
  Not Shikinai Ronsha

[330] Amenominakanushi
  No wikidata link, skipping

[331] Amenomiya Kofun Cluster
  QID: Q11659618
  Not Shikinai Ronsha

[332] Amenomorohanomikoto Shrine
  QID: Q135041529
  Not Shikinai Ronsha

[333] Amenophis Festivals
  QID: Q462580
  Not Shikinai Ronsha

[334] Amenotakechi Shrine
  QID: Q54153272
  Not Shikinai Ronsha

[335] Amenotanakawono Shrine
  QID: Q135041506
  Not Shikinai Ronsha

[336] Amenotaneko
  QID: Q106107027
  Not Shikinai Ronsha

[337] Amenotoyotarashikarahimenomikoto Shrine
  QID: Q24863642
  Not Shikinai Ronsha

[338] Amesusuno Shrine
  QID: Q135098994
  Not Shikinai Ronsha

[339] Ametachikarawono Shrine
  QID: Q135041283
  Not Shikinai Ronsha

[340] Ametotsurukino Shrine
  QID: Q135098990
  Not Shikinai Ronsha

[341] Ametsuseno- Shrine
  QID: Q135039676
  Not Shikinai Ronsha

[342] Ametsuseno- Shrine (Q135270422)
  QID: Q135270422
  ✓ Is Shikinai Ronsha (P31 Q135022904)
  Already has [[Category:Shikinai Ronsha]], skipping

[343] Amewakahikono Shrine
  QID: Q135040961
  Not Shikinai Ronsha

[344] Amewakahikono Shrine (Q135040970)
  QID: Q135040970
  Not Shikinai Ronsha

[345] Ameyahotsurano Shrine
  QID: Q135039833
  Not Shikinai Ronsha

[346] Ameyahoyorotsu- Shrine
  QID: Q135040139
  Not Shikinai Ronsha

[347] Ameyoritateno Shrine
  QID: Q135041311
  Not Shikinai Ronsha

[348] Ame‑no‑Morohano‑Mikoto Shrine
  QID: Q135198814
  ✓ Is Shikinai Ronsha (P31 Q135022904)
  Already has [[Category:Shikinai Ronsha]], skipping

[349] Ame‑no‑Morohano‑Mikoto Shrine (Q135198837)
  QID: Q135198837
  ✓ Is Shikinai Ronsha (P31 Q135022904)
  Already has [[Category:Shikinai Ronsha]], skipping

[350] Ame‑no‑Morohano‑Mikoto Shrine (Q135198847)
  QID: Q135198847
  ✓ Is Shikinai Ronsha (P31 Q135022904)
  Already has [[Category:Shikinai Ronsha]], skipping

[351] Ami Hama Chausuyama Kofun
  QID: Q55522478
  Not Shikinai Ronsha

[352] Ami Shrine
  QID: Q17191825
  ✓ Is Shikinai Ronsha (P31 Q135022904)
  Already has [[Category:Shikinai Ronsha]], skipping

[353] Ami Shrine (Nakagō)
  QID: Q17191824
  ✓ Is Shikinai Ronsha (P31 Q135022904)
  Already has [[Category:Shikinai Ronsha]], skipping

[354] Ami Shrine (Q17191824)
  No wikidata link, skipping

[355] Amidaji Kofun Cluster
  QID: Q116776991
  Not Shikinai Ronsha

[356] Amido Shrine
  QID: Q135069858
  ✓ Is Shikinai Ronsha (P31 Q135022904)
  Already has [[Category:Shikinai Ronsha]], skipping

[357] Amido Shrine (Q135194296)
  No wikidata link, skipping

[358] Amino Chōshiyama Kofun
  QID: Q11607242
  Not Shikinai Ronsha

[359] Amino Shrine
  QID: Q135039760
  Not Shikinai Ronsha

[360] Aminono Shrine
  QID: Q135040585
  Not Shikinai Ronsha

[361] Amitābha
  QID: Q236242
  Not Shikinai Ronsha

[362] Amoghapasha
  QID: Q11361835
  Not Shikinai Ronsha

[363] Amoghasiddhi
  QID: Q597586
  Not Shikinai Ronsha

[364] Amonotoyototsu-hime
  QID: Q10940731
  Not Shikinai Ronsha

[365] Amuka Shrine
  QID: Q135195380
  ✓ Is Shikinai Ronsha (P31 Q135022904)
  Already has [[Category:Shikinai Ronsha]], skipping

[366] Amuka Shrine (Q135195381)
  QID: Q135195381
  ✓ Is Shikinai Ronsha (P31 Q135022904)
  Already has [[Category:Shikinai Ronsha]], skipping

[367] Amukano Shrine
  QID: Q135040645
  Not Shikinai Ronsha

[368] Amukano Shrine (Q135040530)
  QID: Q135040530
  Not Shikinai Ronsha

[369] Amun-Ra
  QID: Q481554
  Not Shikinai Ronsha

[370] Amun-Re Festival
  QID: Q481558
  Not Shikinai Ronsha

[371] An (Shinto)
  QID: Q2844863
  Not Shikinai Ronsha

[372] Anafukino Shrine
  QID: Q135038817
  Not Shikinai Ronsha

[373] Anagahayama Kofun
  QID: Q111657088
  Not Shikinai Ronsha

[374] Anagiri Daijinja
  QID: Q11597204
  Not Shikinai Ronsha

[375] Anahoheno Shrine
  QID: Q135039491
  Not Shikinai Ronsha

[376] Anaishi Shrine
  QID: Q24870597
  Not Shikinai Ronsha

[377] Anakannon Kofun
  QID: Q11597258
  Not Shikinai Ronsha

[378] Anakengoukoshudainamabuheishushin Shrine
  QID: Q135070066
  ✓ Is Shikinai Ronsha (P31 Q135022904)
  Already has [[Category:Shikinai Ronsha]], skipping

[379] Anamekino Shrine
  QID: Q135040668
  Not Shikinai Ronsha

[380] Anamigo Toshunushi Ōube Hyoju Shrine
  No wikidata link, skipping

[381] Anamizu Omiya Shrine
  QID: Q135194930
  ✓ Is Shikinai Ronsha (P31 Q135022904)
  Already has [[Category:Shikinai Ronsha]], skipping

[382] Anamizu Ōmiya
  QID: Q11597236
  Not Shikinai Ronsha

[383] Anasahano- Shrine
  QID: Q135039729
  Not Shikinai Ronsha

[384] Anashi-Nimasu Hyōzu Shrine
  QID: Q11597229
  Not Shikinai Ronsha

[385] Anashi Shrine
  QID: Q135186300
  ✓ Is Shikinai Ronsha (P31 Q135022904)
  Already has [[Category:Shikinai Ronsha]], skipping

[386] Anashi Shrine Site
  QID: Q135186302
  ✓ Is Shikinai Ronsha (P31 Q135022904)
  Already has [[Category:Shikinai Ronsha]], skipping

[387] Anashino Shrine
  QID: Q135039291
  Not Shikinai Ronsha

[388] Anashino Shrine (Q135040067)
  QID: Q135040067
  Not Shikinai Ronsha

[389] Anashinoohohiyauzuno Shrine
  QID: Q135098834
  Not Shikinai Ronsha

[390] Anatono- Shrine
  QID: Q135041228
  Not Shikinai Ronsha

[391] Anatosanshin Shrine
  No wikidata link, skipping

[392] Anatosanshin Shrine (Bitchū Province)
  No wikidata link, skipping

[393] Anatoyama Shrine
  QID: Q135070198
  ✓ Is Shikinai Ronsha (P31 Q135022904)
  Already has [[Category:Shikinai Ronsha]], skipping

[394] Anatoyama Shrine (Bitchū Province)
  QID: Q135070199
  ✓ Is Shikinai Ronsha (P31 Q135022904)
  Already has [[Category:Shikinai Ronsha]], skipping

[395] Anazawa Tenjin Shrine
  No wikidata link, skipping

[396] Anazawa Tenjin Shrine (Ronsha 1)
  QID: Q135069520
  ✓ Is Shikinai Ronsha (P31 Q135022904)
  Already has [[Category:Shikinai Ronsha]], skipping

[397] Anazawa Tenjinsha
  QID: Q11597242
  ✓ Is Shikinai Ronsha (P31 Q135022904)
  Already has [[Category:Shikinai Ronsha]], skipping

[398] Anazawatenjin Shrine
  No wikidata link, skipping

[399] Ancestor worship
  No wikidata link, skipping

[400] Ancestors of the Emperor
  QID: Q11581090
  Not Shikinai Ronsha

[401] Ancestral shrine
  QID: Q249027
  Not Shikinai Ronsha

[402] Ancient Egyptian Day
  QID: Q1669420
  Not Shikinai Ronsha

[403] Ancient Egyptian Lunar Calendar
  QID: Q1944246
  Not Shikinai Ronsha

[404] Ancient Egyptian Valley Temple
  QID: Q1585619
  Not Shikinai Ronsha

[405] Ancient Egyptian cryptography
  QID: Q447064
  Not Shikinai Ronsha

[406] Anderayama Kofun
  QID: Q130455352
  Not Shikinai Ronsha

[407] Andon-yama Kofun
  QID: Q11626169
  Not Shikinai Ronsha

[408] Anegasaki Tenjinyama Kofun
  QID: Q11447263
  Not Shikinai Ronsha

[409] Anekoji Street
  QID: Q11447242
  Not Shikinai Ronsha

[410] Anekura- Shrine
  QID: Q135040380
  Not Shikinai Ronsha

[411] Anekura Himemi Shrine (Funakura, Toyama City)
  QID: Q135194979
  ✓ Is Shikinai Ronsha (P31 Q135022904)
  Already has [[Category:Shikinai Ronsha]], skipping

[412] Anekura Himemi Shrine (Kureha Town, Toyama City)
  No wikidata link, skipping

[413] Aneno Shrine
  QID: Q135041062
  Not Shikinai Ronsha

[414] Anesaki Futagozuka Kofun
  QID: Q11447258
  Not Shikinai Ronsha

[415] Anesaki Kofun Group
  QID: Q17191614
  Not Shikinai Ronsha

[416] Anesaki Shrine
  QID: Q11447235
  Not Shikinai Ronsha

[417] Anesaki district
  QID: Q27500978
  Not Shikinai Ronsha

[418] Anfuku-ji (Kashiwara)
  QID: Q11451150
  Not Shikinai Ronsha

[419] Ani Shrine
  QID: Q11450252
  Not Shikinai Ronsha

[420] Aniko Shrine
  No wikidata link, skipping

[421] Anikogami Shrine
  QID: Q135069905
  ✓ Is Shikinai Ronsha (P31 Q135022904)
  Already has [[Category:Shikinai Ronsha]], skipping

[422] Anikono Shrine
  QID: Q135040143
  Not Shikinai Ronsha

[423] Anju-in
  QID: Q11450265
  Not Shikinai Ronsha

[424] Ankokoji (Chino City)
  QID: Q20043040
  Not Shikinai Ronsha

[425] Anmuka Shrine
  QID: Q135070067
  ✓ Is Shikinai Ronsha (P31 Q135022904)
  Already has [[Category:Shikinai Ronsha]], skipping

[426] Anmuka Shrine (Tajima Province)
  QID: Q135070068
  ✓ Is Shikinai Ronsha (P31 Q135022904)
  Already has [[Category:Shikinai Ronsha]], skipping

[427] Annual event
  QID: Q11483816
  Not Shikinai Ronsha

[428] Annual events
  No wikidata link, skipping

[429] Anpuku-ji Temple
  QID: Q11451148
  Not Shikinai Ronsha

[430] Anrakugawa River (Mie)
  No wikidata link, skipping

[431] Anrakuju-in
  QID: Q2852420
  Not Shikinai Ronsha

[432] Antoku Ōzuka Kofun
  QID: Q125236214
  Not Shikinai Ronsha

[433] Antsukino- Shrine
  QID: Q135041237
  Not Shikinai Ronsha

[434] Anumi Shrine
  QID: Q11657487
  ✓ Is Shikinai Ronsha (P31 Q135022904)
  ✓ Added category! (Edit #3)

[435] Anumi Shrine (Q135198210)
  QID: Q135198210
  ✓ Is Shikinai Ronsha (P31 Q135022904)
  Already has [[Category:Shikinai Ronsha]], skipping

[436] Aoba Shrine
  QID: Q2857954
  Not Shikinai Ronsha

[437] Aoi Matsuri
  QID: Q773085
  Not Shikinai Ronsha

[438] Aoi Shrine
  QID: Q11662605
  ✓ Is Shikinai Ronsha (P31 Q135022904)
  Already has [[Category:Shikinai Ronsha]], skipping

[439] Aoi Shrine (Chofu)
  QID: Q135193309
  ✓ Is Shikinai Ronsha (P31 Q135022904)
  Already has [[Category:Shikinai Ronsha]], skipping

[440] Aoki Shrine
  QID: Q128845393
  Not Shikinai Ronsha

[441] Aokura Shrine
  QID: Q135070049
  ✓ Is Shikinai Ronsha (P31 Q135022904)
  Already has [[Category:Shikinai Ronsha]], skipping

[442] Aokura Shrine (Q135195327)
  No wikidata link, skipping

[443] Aomi Shrine
  QID: Q112923996
  ✓ Is Shikinai Ronsha (P31 Q135022904)
  Already has [[Category:Shikinai Ronsha]], skipping

[444] Aomori Gokoku Shrine
  QID: Q21652327
  Not Shikinai Ronsha

[445] Aomori Nebuta Festival
  No wikidata link, skipping

[446] Aonuma-Mashi-no-Maou-hime
  QID: Q136705879
  Not Shikinai Ronsha

[447] Aosamurai
  QID: Q11661103
  Not Shikinai Ronsha

[448] Aoshima Shrine
  QID: Q2857985
  Not Shikinai Ronsha

[449] Aoso Shrine
  QID: Q11662833
  Not Shikinai Ronsha

[450] Aotsuka Kofun
  QID: Q11661131
  Not Shikinai Ronsha

[451] Aoyama Kumano Shrine
  QID: Q11568955
  Not Shikinai Ronsha

[452] Aoyama Shrine
  QID: Q135039765
  Not Shikinai Ronsha

[453] Aozuka Kofun (Kannonji City)
  QID: Q11661130
  Not Shikinai Ronsha

[454] April (Lunisolar)
  QID: Q839352
  Not Shikinai Ronsha

[455] April 10 (Lunisolar)
  QID: Q839167
  Not Shikinai Ronsha

[456] April 11 (Lunisolar)
  QID: Q838941
  Not Shikinai Ronsha

[457] April 12 (Lunisolar)
  QID: Q839183
  Not Shikinai Ronsha

[458] April 13 (Lunisolar)
  QID: Q839173
  Not Shikinai Ronsha

[459] April 14 (Lunisolar)
  QID: Q839045
  Not Shikinai Ronsha

[460] April 15 (Lunisolar)
  QID: Q839077
  Not Shikinai Ronsha

[461] April 16 (Lunisolar)
  QID: Q839296
  Not Shikinai Ronsha

[462] April 17 (Lunisolar)
  QID: Q839398
  Not Shikinai Ronsha

[463] April 18 (Lunisolar)
  QID: Q839394
  Not Shikinai Ronsha

[464] April 19 (Lunisolar)
  QID: Q839333
  Not Shikinai Ronsha

[465] April 1 (Lunisolar)
  QID: Q839301
  Not Shikinai Ronsha

[466] April 20 (Lunisolar)
  QID: Q839311
  Not Shikinai Ronsha

[467] April 21 (Lunisolar)
  QID: Q839373
  Not Shikinai Ronsha

[468] April 22 (Lunisolar)
  QID: Q839306
  Not Shikinai Ronsha

[469] April 23 (Lunisolar)
  QID: Q839362
  Not Shikinai Ronsha

[470] April 24 (Lunisolar)
  QID: Q839640
  Not Shikinai Ronsha

[471] April 25 (Lunisolar)
  QID: Q839510
  Not Shikinai Ronsha

[472] April 26 (Lunisolar)
  QID: Q839623
  Not Shikinai Ronsha

[473] April 27 (Lunisolar)
  QID: Q839450
  Not Shikinai Ronsha

[474] April 28 (Lunisolar)
  QID: Q839506
  Not Shikinai Ronsha

[475] April 29 (Lunisolar)
  QID: Q839489
  Not Shikinai Ronsha

[476] April 2 (Lunisolar)
  QID: Q839120
  Not Shikinai Ronsha

[477] April 30 (Lunisolar)
  QID: Q839471
  Not Shikinai Ronsha

[478] April 3 (Lunisolar)
  QID: Q838906
  Not Shikinai Ronsha

[479] April 4 (Lunisolar)
  QID: Q838910
  Not Shikinai Ronsha

[480] April 5 (Lunisolar)
  QID: Q838972
  Not Shikinai Ronsha

[481] April 6 (Lunisolar)
  QID: Q838869
  Not Shikinai Ronsha

[482] April 7 (Lunisolar)
  QID: Q839052
  Not Shikinai Ronsha

[483] April 8 (Lunisolar)
  QID: Q839007
  Not Shikinai Ronsha

[484] April 9 (Lunisolar)
  QID: Q838863
  Not Shikinai Ronsha

[485] Ar:هيتاتاره
  Error reading page: 'pages'

[486] Arahitogami
  QID: Q521834
  Not Shikinai Ronsha

[487] Araho Shrine
  QID: Q67989816
  Not Shikinai Ronsha

[488] Arai Hakuseki
  QID: Q467616
  Not Shikinai Ronsha

[489] Arai Shrine (Nantan)
  QID: Q11618386
  Not Shikinai Ronsha

[490] Araishi Hiko Shrine
  QID: Q135194885
  ✓ Is Shikinai Ronsha (P31 Q135022904)
  Already has [[Category:Shikinai Ronsha]], skipping

[491] Araishi Shrine
  QID: Q135194887
  ✓ Is Shikinai Ronsha (P31 Q135022904)
  Already has [[Category:Shikinai Ronsha]], skipping

[492] Araiso- Shrine
  QID: Q135040319
  Not Shikinai Ronsha

[493] Arakahano Shrine
  QID: Q135040475
  Not Shikinai Ronsha

[494] Arakashi- Shrine
  QID: Q135040323
  Not Shikinai Ronsha

[495] Arakashi Shrine
  No wikidata link, skipping

[496] Arakashi Shrine (Q135039974)
  QID: Q135039974
  Not Shikinai Ronsha

[497] Arakashi Shrine (Q135270258)
  QID: Q135270258
  ✓ Is Shikinai Ronsha (P31 Q135022904)
  Already has [[Category:Shikinai Ronsha]], skipping

[498] Arakatano Shrine
  QID: Q135039898
  Not Shikinai Ronsha

[499] Arakawa River (Yamanashi)
  QID: Q11618500
  Not Shikinai Ronsha

[500] Arakawa Shrine (Arakawa, Murakami)
  QID: Q135195154
  ✓ Is Shikinai Ronsha (P31 Q135022904)
  Already has [[Category:Shikinai Ronsha]], skipping

[501] Arakawa Shrine (Koiwanai, Murakami)
  QID: Q135195153
  ✓ Is Shikinai Ronsha (P31 Q135022904)
  Already has [[Category:Shikinai Ronsha]], skipping

[502] Arakawa Shrine (Tainai)
  QID: Q135195155
  ✓ Is Shikinai Ronsha (P31 Q135022904)
  Already has [[Category:Shikinai Ronsha]], skipping

[503] Arakawato Hime
  QID: Q97539561
  Not Shikinai Ronsha

[504] Araki Shrine
  QID: Q11618425
  Not Shikinai Ronsha

[505] Araki Shrine (Izunokuni)
  QID: Q117138364
  Not Shikinai Ronsha

[506] Araki Shrine (Uchi district)
  QID: Q120324086
  Not Shikinai Ronsha

[507] Arakida clan
  QID: Q11618716
  Not Shikinai Ronsha

[508] Arakino Shrine
  QID: Q135040532
  Not Shikinai Ronsha

[509] Arakura Fuji Asama Shrine
  QID: Q105949368
  Not Shikinai Ronsha

[510] Arakurano Shrine
  QID: Q135039892
  Not Shikinai Ronsha

[511] Aramatsuri-no-Miya
  QID: Q2859485
  Not Shikinai Ronsha

[512] Arami Shrine
  QID: Q112161861
  ✓ Is Shikinai Ronsha (P31 Q135022904)
  Already has [[Category:Shikinai Ronsha]], skipping

[513] Arami Shrine (Tomino)
  QID: Q135068854
  ✓ Is Shikinai Ronsha (P31 Q135022904)
  Already has [[Category:Shikinai Ronsha]], skipping

[514] Aramino Shrine
  QID: Q135038798
  Not Shikinai Ronsha

[515] Araogawa Shrine
  No wikidata link, skipping

[516] Araogawa Shrine (Naruko Onsen)
  QID: Q11618879
  ✓ Is Shikinai Ronsha (P31 Q135022904)
  ✓ Added category! (Edit #4)

[517] Araogawa Shrine (Osaki City Iwadeyama Ikezuki)
  QID: Q11618878
  ✓ Is Shikinai Ronsha (P31 Q135022904)
  ✓ Added category! (Edit #5)

[518] Arasaka Shrine
  QID: Q135040729
  Not Shikinai Ronsha

[519] Arashima Kofun Cluster
  QID: Q122942300
  Not Shikinai Ronsha

[520] Arashimano Shrine
  QID: Q135040222
  Not Shikinai Ronsha

[521] Arasu Shrine
  QID: Q135070020
  ✓ Is Shikinai Ronsha (P31 Q135022904)
  Already has [[Category:Shikinai Ronsha]], skipping

[522] Arasu Shrine (Fukuchiyama City)
  QID: Q135195230
  ✓ Is Shikinai Ronsha (P31 Q135022904)
  Already has [[Category:Shikinai Ronsha]], skipping

[523] Arasu Shrine (Maizuru City)
  QID: Q135195231
  ✓ Is Shikinai Ronsha (P31 Q135022904)
  Already has [[Category:Shikinai Ronsha]], skipping

[524] Arasu Shrine (Tango Province)
  QID: Q135070021
  ✓ Is Shikinai Ronsha (P31 Q135022904)
  Already has [[Category:Shikinai Ronsha]], skipping

[525] Arasuna Shrine
  QID: Q135195566
  ✓ Is Shikinai Ronsha (P31 Q135022904)
  Already has [[Category:Shikinai Ronsha]], skipping

[526] Arasuno Shrine
  QID: Q135040554
  Not Shikinai Ronsha

[527] Arata Shrine
  QID: Q17191921
  Not Shikinai Ronsha

[528] Aratano Shrine
  QID: Q135041167
  Not Shikinai Ronsha

[529] Aratawake
  QID: Q17216467
  Not Shikinai Ronsha

[530] Arawogawa Shrine (Iketsuki, Iwadeyama, Ōsaki City)
  No wikidata link, skipping

[531] Arawokahano Shrine
  QID: Q135039992
  Not Shikinai Ronsha

[532] Arc:
  Error reading page: 'pages'

[533] Archaeological excavation
  QID: Q959782
  Not Shikinai Ronsha

[534] Arei Shrine
  QID: Q62056170
  ✓ Is Shikinai Ronsha (P31 Q135022904)
  Already has [[Category:Shikinai Ronsha]], skipping

[535] Argha
  QID: Q11656525
  Error processing: ('Connection aborted.', RemoteDisconnected('Remote end closed connection without response'))

[536] Aridagawa River
  QID: Q8378912
  Not Shikinai Ronsha

[537] Ariga Shrine
  QID: Q135069598
  ✓ Is Shikinai Ronsha (P31 Q135022904)
  Already has [[Category:Shikinai Ronsha]], skipping

[538] Arihono Shrine
  QID: Q135039175
  Not Shikinai Ronsha

[539] Arikawa Shrine
  QID: Q11516392
  Not Shikinai Ronsha

[540] Arikoyama Castle
  QID: Q11516348
  Not Shikinai Ronsha

[541] Arima Shrine
  QID: Q11516720
  Not Shikinai Ronsha

[542] Arino Shrine
  QID: Q135041075
  Not Shikinai Ronsha

[543] Arioka Kofun Cluster
  QID: Q107605129
  Not Shikinai Ronsha

[544] Aritama Shrine
  QID: Q135192613
  ✓ Is Shikinai Ronsha (P31 Q135022904)
  Already has [[Category:Shikinai Ronsha]], skipping

[545] Aritano Shrine
  QID: Q135041229
  Not Shikinai Ronsha

[546] Aritōshi Shrine
  QID: Q11625900
