================================================================================
AUTHENTICATION
================================================================================
✓ Logged in
✓ Got CSRF token

================================================================================
ADDING P1 Q10 TO ALL LEXEMES
================================================================================

Processing L1... ✗ (no claims in response)
Processing L2... ✗ (no claims in response)
Processing L3... ✗ (no claims in response)
Processing L4... ✗ (no claims in response)
Processing L5... ✗ (no claims in response)
Processing L6... ✗ (no claims in response)
Processing L7... ✗ (no claims in response)
Processing L8... ✗ (no claims in response)
Processing L9... ✗ (no claims in response)
Processing L10... ✗ (no claims in response)
Processing L11... ✗ (no claims in response)
Processing L12... ✗ (no claims in response)
Processing L13... ✗ (no claims in response)
Processing L14... ✗ (no claims in response)
Processing L15... ✗ (no claims in response)
Processing L16... ✗ (no claims in response)
Processing L17... ✗ (no claims in response)
Processing L18... ✗ (no claims in response)
Processing L19... ✗ (no claims in response)
Processing L20... ✗ (no claims in response)
Processing L21... ✗ (no claims in response)
Processing L22... ✗ (no claims in response)
Processing L23... ✗ (no claims in response)
Processing L24... ✗ (no claims in response)
Processing L25... ✗ (no claims in response)
Processing L26... ✗ (no claims in response)
Processing L27... ✗ (no claims in response)
Processing L28... ✗ (no claims in response)
Processing L29... ✗ (no claims in response)
Processing L30... ✗ (no claims in response)
Processing L31... ✗ (no claims in response)
Processing L32... ✗ (no claims in response)
Processing L33... ✗ (no claims in response)
Processing L34... ✗ (no claims in response)
Processing L35... ✗ (no claims in response)
Processing L36... ✗ (no claims in response)
Processing L37... ✗ (no claims in response)
Processing L38... ✗ (no claims in response)
Processing L39... ✗ (no claims in response)
Processing L40... ✗ (no claims in response)
Processing L41... ✗ (no claims in response)
Processing L42... ✗ (no claims in response)
Processing L43... ✗ (no claims in response)
Processing L44... ✗ (no claims in response)
Processing L45... ✗ (no claims in response)
Processing L46... ✗ (no claims in response)
Processing L47... ✗ (no claims in response)
Processing L48... ✗ (no claims in response)
Processing L49... ✗ (no claims in response)
Processing L50... ✗ (no claims in response)
Processing L51... ✗ (no claims in response)
Processing L52... ✗ (no claims in response)
Processing L53... ✗ (no claims in response)
Processing L54... ✗ (no claims in response)
Processing L55... ✗ (no claims in response)
Processing L56... ✗ (no claims in response)
Processing L57... ✗ (no claims in response)
Processing L58... ✗ (no claims in response)
Processing L59... ✗ (no claims in response)
Processing L60... ✗ (no claims in response)
Processing L61... ✗ (no claims in response)
Processing L62... ✗ (no claims in response)
Processing L63... ✗ (no claims in response)
Processing L64... ✗ (no claims in response)
Processing L65... ✗ (no claims in response)
Processing L66... ✗ (no claims in response)
Processing L67... ✗ (no claims in response)
Processing L68... ✗ (no claims in response)
Processing L69... ✗ (no claims in response)
Processing L70... ✗ (not found)
Processing L71... ✗ (no claims in response)
Processing L72... ✗ (no claims in response)
Processing L73... ✗ (no claims in response)
Processing L74... ✗ (no claims in response)
Processing L75... ✗ (no claims in response)

================================================================================
RESULTS
================================================================================
✓ Successfully added P1 Q10: 0
✗ Failed: L1, L2, L3, L4, L5, L6, L7, L8, L9, L10, L11, L12, L13, L14, L15, L16, L17, L18, L19, L20, L21, L22, L23, L24, L25, L26, L27, L28, L29, L30, L31, L32, L33, L34, L35, L36, L37, L38, L39, L40, L41, L42, L43, L44, L45, L46, L47, L48, L49, L50, L51, L52, L53, L54, L55, L56, L57, L58, L59, L60, L61, L62, L63, L64, L65, L66, L67, L68, L69, L71, L72, L73, L74, L75
⊘ Skipped (not found): L70

PARTIAL SUCCESS: 0/75 lexemes updated
