================================================================================
AUTHENTICATION
================================================================================
✓ Logged in
✓ Got CSRF token

================================================================================
ADDING P1 Q10 TO ALL LEXEMES (USING WORKING METHOD)
================================================================================

Processing L1... ✓ (already has P1 Q10)
✓ (already has P1 Q10)
✓ (added)
Processing L2... ✓ (already has P1 Q10)
✓ (already has P1 Q10)
✓ (added)
Processing L3... ✓ (already has P1 Q10)
✓ (already has P1 Q10)
✓ (added)
Processing L4... ✓ (already has P1 Q10)
✓ (already has P1 Q10)
✓ (added)
Processing L5... ✓ (already has P1 Q10)
✓ (already has P1 Q10)
✓ (added)
Processing L6... ✓ (already has P1 Q10)
✓ (already has P1 Q10)
✓ (added)
Processing L7... ✓ (already has P1 Q10)
✓ (already has P1 Q10)
✓ (added)
Processing L8... ✓ (already has P1 Q10)
✓ (already has P1 Q10)
✓ (added)
Processing L9... ✓ (already has P1 Q10)
✓ (already has P1 Q10)
✓ (added)
Processing L10... ✓ (already has P1 Q10)
✓ (already has P1 Q10)
✓ (added)
Processing L11... ✓ (already has P1 Q10)
✓ (already has P1 Q10)
✓ (added)
Processing L12... ✓ (already has P1 Q10)
✓ (already has P1 Q10)
✓ (added)
Processing L13... ✓ (already has P1 Q10)
✓ (already has P1 Q10)
✓ (added)
Processing L14... ✓ (already has P1 Q10)
✓ (already has P1 Q10)
✓ (added)
Processing L15... ✓ (already has P1 Q10)
✓ (already has P1 Q10)
✓ (added)
Processing L16... ✓ (already has P1 Q10)
✓ (already has P1 Q10)
✓ (added)
Processing L17... ✓ (already has P1 Q10)
✓ (already has P1 Q10)
✓ (added)
Processing L18... ✓ (already has P1 Q10)
✓ (already has P1 Q10)
✓ (added)
Processing L19... ✓ (already has P1 Q10)
✓ (already has P1 Q10)
✓ (added)
Processing L20... ✓ (already has P1 Q10)
✓ (already has P1 Q10)
✓ (added)
Processing L21... ✓ (already has P1 Q10)
✓ (already has P1 Q10)
✓ (added)
Processing L22... ✓ (already has P1 Q10)
✓ (already has P1 Q10)
✓ (added)
Processing L23... ✓ (already has P1 Q10)
✓ (already has P1 Q10)
✓ (added)
Processing L24... ✓ (already has P1 Q10)
✓ (already has P1 Q10)
✓ (added)
Processing L25... ✓ (already has P1 Q10)
✓ (already has P1 Q10)
✓ (added)
Processing L26... ✓ (already has P1 Q10)
✓ (already has P1 Q10)
✓ (added)
Processing L27... ✓ (already has P1 Q10)
✓ (already has P1 Q10)
✓ (added)
Processing L28... ✓ (already has P1 Q10)
✓ (already has P1 Q10)
✓ (added)
Processing L29... ✓ (already has P1 Q10)
✓ (already has P1 Q10)
✓ (added)
Processing L30... ✓ (already has P1 Q10)
✓ (already has P1 Q10)
✓ (added)
Processing L31... ✓ (already has P1 Q10)
✓ (already has P1 Q10)
✓ (added)
Processing L32... ✓ (already has P1 Q10)
✓ (already has P1 Q10)
✓ (added)
Processing L33... 