Logged in as Immanuelle

Adding interwikis from Wikidata to pages
============================================================

Fetching mainspace pages in [[Category:Pages linked to Wikidata]]...
Found 10777 mainspace pages (filtered from 26434 total)

Starting from: July 20 (Lunisolar) (index 3358)
Processing pages...

3480. [[Junisho Shrine]] (Q135070278) ... • No interwikis found
3483. [[Jurokuhashira Shrine]] (Q135195359) ... • No interwikis found
3486. [[Juuni Shrine]] (Q11404815) ... ✓ Added 1 interwikis
3488. [[Juurokuhashira Shrine]] (Q135070059) ... • No interwikis found
3489. [[Juzo Shrine]] (Q135194932) ... • No interwikis found
3512. [[Jūzō Shrine]] (Q135194908) ... • No interwikis found
3513. [[Kaasaryou Shrine]] (Q135070331) ... • No interwikis found
3514. [[Kaba Hachiman Shrine]] (Q135194694) ... • No interwikis found
3515. [[Kaba Shinmeigu Shrine]] (Q135192598) ... ✓ Added 1 interwikis
3517. [[Kabatakamo Shrine]] (Q128867071) ... ✓ Added 1 interwikis
3534. [[Kachihino Shrine]] (Q135040914) ... • No interwikis found
3535. [[Kachihinotakamori Shrine]] (Q135040915) ... • No interwikis found
3536. [[Kachimino Shrine]] (Q135040753) ... • No interwikis found
3539. [[Kaden Shrine]] (Q135039161) ... • No interwikis found
3543. [[Kadoeno Shrine]] (Q135040925) ... • No interwikis found
3546. [[Kaehime Shrine]] (Q11677210) ... ✓ Added 1 interwikis
3547. [[Kaehimeno Shrine]] (Q135041301) ... • No interwikis found
3549. [[Kafu Shrine]] (Q135186749) ... • No interwikis found
3550. [[Kafu Shrine (Q135186750)]] (Q135186750) ... • No interwikis found
3551. [[Kafu Shrine (Q135186752)]] (Q135186752) ... • No interwikis found
3552. [[Kafuno Shrine]] (Q135039395) ... • No interwikis found
3553. [[Kafutohikono Shrine]] (Q135040316) ... • No interwikis found
3556. [[Kagami-tsukuri-ita Shrine]] (Q135185122) ... • No interwikis found
3557. [[Kagamitsukuri Ita Shrine]] (Q54153278) ... ✓ Added 1 interwikis
3558. [[Kagamitsukuri Nimasu Amateru Mitama Shrine]] (Q38278496) ... ✓ Added 2 interwikis
3559. [[Kagamitsukurimake Shrine]] (Q43594607) ... ✓ Added 1 interwikis
3563. [[Kagi-no-miya (Kumano Hayatama Shrine)]] (Q135198056) ... • No interwikis found
3566. [[Kagoshima Shrine]] (Q704695) ... ✓ Added 5 interwikis
3571. [[Kagoyamano Shrine]] (Q135040075) ... • No interwikis found
3575. [[Kaguraokahachimanguu]] (Q135070148) ... • No interwikis found
3576. [[Kaguraokahachimanguu (Q135070150)]] (Q135070150) ... • No interwikis found
3577. [[Kagutsuchino Shrine]] (Q135099012) ... • No interwikis found
3578. [[Kahaahino Shrine]] (Q135040472) ... • No interwikis found
3579. [[Kahaahino Shrine (Q135039330)]] (Q135039330) ... • No interwikis found
3580. [[Kahachitatanuhino Shrine]] (Q135040508) ... • No interwikis found
3581. [[Kahaheno Shrine]] (Q135041093) ... • No interwikis found
3582. [[Kahahino Shrine]] (Q135195104) ... • No interwikis found
3583. [[Kahakamikashihono Shrine]] (Q135038974) ... • No interwikis found
3584. [[Kahakamino Shrine]] (Q135041293) ... • No interwikis found
3585. [[Kahakamino Shrine (Q135040923)]] (Q135040923) ... • No interwikis found
3586. [[Kahakareno Shrine]] (Q135039798) ... • No interwikis found
3587. [[Kahakareno Shrine (Q135270298)]] (Q135270298) ... • No interwikis found
3588. [[Kahaketano Shrine]] (Q135039810) ... • No interwikis found
3589. [[Kahamatano Shrine]] (Q135039016) ... • No interwikis found
3590. [[Kahamatano Shrine (Q135039133)]] (Q135039133) ... • No interwikis found
3591. [[Kahamatano Shrine (Q135039358)]] (Q135039358) ... • No interwikis found
3592. [[Kahano Shrine]] (Q135039378) ... • No interwikis found
3593. [[Kaharano Shrine]] (Q135039553) ... • No interwikis found
3594. [[Kaharano Shrine (Q135270314)]] (Q135270314) ... • No interwikis found
3595. [[Kaharano- Shrine]] (Q135039266) ... • No interwikis found
3596. [[Kaharano- Shrine (Q135270137)]] (Q135270137) ... • No interwikis found
3597. [[Kahashimano Shrine]] (Q135039494) ... • No interwikis found
3598. [[Kahashimano Shrine (Q135039530)]] (Q135039530) ... • No interwikis found
3599. [[Kahashukuneno Shrine (Agatsuma District)]] (Q135194274) ... • No interwikis found
3600. [[Kahashukuneno Shrine (Gyokoda, Shibukawa City)]] (Q135194278) ... • No interwikis found
3601. [[Kahasukuneno Shrine]] (Q135039964) ... • No interwikis found
3602. [[Kahata Kamo Shrine]] (Q135192910) ... • No interwikis found
3603. [[Kahatano Shrine]] (Q135039796) ... • No interwikis found
3604. [[Kahawano Shrine]] (Q135039476) ... • No interwikis found
3605. [[Kahawinotsuki Shrine]] (Q135098813) ... • No interwikis found
3606. [[Kahinano Shrine]] (Q135039687) ... • No interwikis found
3607. [[Kahiruno Shrine]] (Q135040099) ... • No interwikis found
3608. [[Kahiruno Shrine (Q135040128)]] (Q135040128) ... • No interwikis found
3609. [[Kahirutanokuchino Shrine]] (Q135040133) ... • No interwikis found
3610. [[Kahisaya Shrine]] (Q135069972) ... • No interwikis found
3614. [[Kai Shrine]] (Q11559097) ... ✓ Added 1 interwikis
3620. [[Kaina Shrine (Q135193243)]] (Q135193243) ... • No interwikis found
3621. [[Kaina Shrine (Q135193244)]] (Q135193244) ... • No interwikis found
3628. [[Kaka Shrine]] (Q11399719) ... ✓ Added 1 interwikis
3629. [[Kakamitsukuriitano Shrine]] (Q135039007) ... • No interwikis found
3633. [[Kakitano Shrine]] (Q135039192) ... • No interwikis found
3634. [[Kakitano Shrine (Q135041179)]] (Q135041179) ... • No interwikis found
3635. [[Kakumino Shrine]] (Q135040363) ... • No interwikis found
3636. [[Kakumiya Shrine]] (Q135194966) ... • No interwikis found
3637. [[Kakuruno Shrine]] (Q135039588) ... • No interwikis found
3638. [[Kakuyano Shrine]] (Q135041189) ... • No interwikis found
3640. [[Kama Shrine]] (Q135195503) ... • No interwikis found
3641. [[Kamado Shrine]] (Q11597744) ... ✓ Added 5 interwikis
3642. [[Kamaharano Shrine]] (Q135040473) ... • No interwikis found
3647. [[Kamarano Shrine]] (Q135041396) ... • No interwikis found
3650. [[Kamazoku‑Miden Shrine]] (Q135186188) ... • No interwikis found
3651. [[Kambara Shrine]] (Q135195148) ... • No interwikis found
3655. [[Kamejima Shrine (reference)]] (Q135194760) ... • No interwikis found
3660. [[Kameyama Shrine (Q135069232)]] (Q135069232) ... • No interwikis found
3666. [[Kami-Kamikawa Sumiyoshi Shrine]] (Q11381860) ... ✓ Added 2 interwikis
3669. [[Kamichikama Shrine]] (Q135187347) ... • No interwikis found
3674. [[Kamigaki Shrine]] (Q135186318) ... • No interwikis found
3678. [[Kamiichinomiya Ōawa Shrine]] (Q11358379) ... ✓ Added 3 interwikis
3680. [[Kamiishino Shrine]] (Q135039990) ... • No interwikis found
3683. [[Kamikoso Shrine]] (Q11360119) ... ✓ Added 1 interwikis
3685. [[Kamimakita Mukuge Shrine]] (Q135193391) ... • No interwikis found
3686. [[Kamimateinochi Shrine]] (Q135070170) ... • No interwikis found
3687. [[Kamimura Shrine (former site)]] (Q135186161) ... • No interwikis found
3689. [[Kaminari Mihashira Shrine]] (Q135098970) ... • No interwikis found
3691. [[Kamineno Shrine]] (Q135041202) ... • No interwikis found
3692. [[Kaminifukahano Shrine]] (Q135039802) ... • No interwikis found
3693. [[Kamino Shrine (current site)]] (Q135195209) ... • No interwikis found
3694. [[Kamino- Shrine]] (Q135039648) ... • No interwikis found
3698. [[Kamisawa Shrine]] (Q135192802) ... • No interwikis found
3699. [[Kamishima Shrine]] (Q135070201) ... • No interwikis found
3700. [[Kamishimano Shrine]] (Q135041231) ... • No interwikis found
3701. [[Kamishiro Shrine]] (Q135070132) ... • No interwikis found
3702. [[Kamisugi Izumuhime Shrine]] (Q135194918) ... • No interwikis found
3703. [[Kamisumuji Shrine]] (Q24874608) ... ✓ Added 1 interwikis
3704. [[Kamitakatsuki Shrine]] (Q11591046) ... ✓ Added 1 interwikis
3713. [[Kamitsuma Shrine]] (Q135192641) ... • No interwikis found
3716. [[Kamiyama Shrine]] (Q135186409) ... • No interwikis found
3726. [[Kamo Shrine]] (Q135039165) ... • No interwikis found
3730. [[Kamo Shrine (Q106301088)]] (Q106301088) ... ✓ Added 1 interwikis
3731. [[Kamo Shrine (Q11398661)]] (Q11398661) ... ✓ Added 1 interwikis
3732. [[Kamo Shrine (Q11634949)]] (Q11634949) ... ✓ Added 2 interwikis
3733. [[Kamo Shrine (Q11634952)]] (Q11634952) ... ✓ Added 2 interwikis
3734. [[Kamo Shrine (Q11675602)]] (Q11675602) ... ✓ Added 2 interwikis
3735. [[Kamo Shrine (Q11675604)]] (Q11675604) ... ✓ Added 2 interwikis
3736. [[Kamo Shrine (Q135040291)]] (Q135040291) ... • No interwikis found
3737. [[Kamo Shrine (Q135041288)]] (Q135041288) ... • No interwikis found
3738. [[Kamo Shrine (Q135069914)]] (Q135069914) ... • No interwikis found
3739. [[Kamo Shrine (Q135070168)]] (Q135070168) ... • No interwikis found
3740. [[Kamo Shrine (Q135070224)]] (Q135070224) ... • No interwikis found
3741. [[Kamo Shrine (Q135070332)]] (Q135070332) ... • No interwikis found
3742. [[Kamo Shrine (Q135194592)]] (Q135194592) ... • No interwikis found
3743. [[Kamo Shrine (Q135194975)]] (Q135194975) ... • No interwikis found
3744. [[Kamo Shrine (Q135195211)]] (Q135195211) ... • No interwikis found
3745. [[Kamo Shrine (Q54153261)]] (Q54153261) ... ✓ Added 2 interwikis
3746. [[Kamo Shrine (Sakaide)]] (Q11675600) ... ✓ Added 2 interwikis
3749. [[Kamo Shrine Remains]] (Q135185440) ... • No interwikis found
3752. [[Kamo Yamaguchi (Sawada) Shrine]] (Q135179289) ... • No interwikis found
3753. [[Kamo Yamaguchi Shrine]] (Q60988459) ... ✓ Added 1 interwikis
3756. [[Kamogami Shrine]] (Q135070272) ... • No interwikis found
3757. [[Kamogami Shrine (Q135070276)]] (Q135070276) ... • No interwikis found
3758. [[Kamohara Shrine]] (Q135045395) ... ✓ Added 1 interwikis
3759. [[Kamonahino Shrine]] (Q135041142) ... • No interwikis found
3760. [[Kamonaraita Shrine]] (Q11675603) ... ✓ Added 1 interwikis
3761. [[Kamono Shrine]] (Q135098878) ... • No interwikis found
3762. [[Kamono Shrine (Q135039432)]] (Q135039432) ... • No interwikis found
3763. [[Kamono Shrine (Q135039440)]] (Q135039440) ... • No interwikis found
3764. [[Kamono Shrine (Q135039667)]] (Q135039667) ... • No interwikis found
3765. [[Kamono Shrine (Q135041197)]] (Q135041197) ... • No interwikis found
3766. [[Kamono Shrine (Q135041213)]] (Q135041213) ... • No interwikis found
3767. [[Kamono Shrine (Q135041214)]] (Q135041214) ... • No interwikis found
3768. [[Kamono Shrine (Q135041305)]] (Q135041305) ... • No interwikis found
3769. [[Kamonohanino Shrine]] (Q135038775) ... • No interwikis found
3770. [[Kamonokahāhini Shrine]] (Q135038782) ... • No interwikis found
3771. [[Kamonookaminomikokaminushitama Shrine]] (Q66085127) ... ✓ Added 2 interwikis
3772. [[Kamori Shrine]] (Q135041054) ... • No interwikis found
3774. [[Kamotakatano Shrine]] (Q135039141) ... • No interwikis found
3776. [[Kamowokamotono Shrine]] (Q135038783) ... • No interwikis found
3777. [[Kamoyamaguchino Shrine]] (Q135038774) ... • No interwikis found
3778. [[Kamubeno Shrine]] (Q135041116) ... • No interwikis found
3779. [[Kamuhano Shrine]] (Q135040215) ... • No interwikis found
3780. [[Kamuharano- Shrine]] (Q135038811) ... • No interwikis found
3781. [[Kamuhatano Shrine]] (Q135038837) ... • No interwikis found
3782. [[Kamuhatori Shrine]] (Q11590334) ... ✓ Added 1 interwikis
3783. [[Kamuheno Shrine]] (Q135039684) ... • No interwikis found
3784. [[Kamuheno Shrine (Q135039697)]] (Q135039697) ... • No interwikis found
3785. [[Kamuheno Shrine (Q135098975)]] (Q135098975) ... • No interwikis found
3786. [[Kamukahano Shrine]] (Q135038752) ... • No interwikis found
3787. [[Kamukakino Shrine]] (Q135039313) ... • No interwikis found
3789. [[Kamumeitsukino- Shrine]] (Q135040334) ... • No interwikis found
3791. [[Kamunahino Shrine]] (Q135040542) ... • No interwikis found
3793. [[Kamuno Shrine]] (Q135040528) ... • No interwikis found
3794. [[Kamuno Shrine former site]] (Q135195210) ... • No interwikis found
3795. [[Kamunono Shrine]] (Q135041391) ... • No interwikis found
3796. [[Kamunono Shrine (Q135040493)]] (Q135040493) ... • No interwikis found
3798. [[Kamuohonamochimikono Shrine]] (Q135040955) ... • No interwikis found
3800. [[Kamurono Shrine]] (Q135040725) ... • No interwikis found
3801. [[Kamusakino Shrine]] (Q135039190) ... • No interwikis found
3802. [[Kamusakino Shrine (Q135039267)]] (Q135039267) ... • No interwikis found
3803. [[Kamusakino Shrine (Q135039396)]] (Q135039396) ... • No interwikis found
3804. [[Kamusakino Shrine (Q135041384)]] (Q135041384) ... • No interwikis found
3805. [[Kamusakino Shrine (Q135270136)]] (Q135270136) ... • No interwikis found
3806. [[Kamusohino Shrine]] (Q135040210) ... • No interwikis found
3807. [[Kamusukinoitsumuhimeno Shrine]] (Q135040330) ... • No interwikis found
3808. [[Kamutano Shrine]] (Q135041107) ... • No interwikis found
3809. [[Kamutano Shrine (Q135040286)]] (Q135040286) ... • No interwikis found
3810. [[Kamutano Shrine (Q135040507)]] (Q135040507) ... • No interwikis found
3811. [[Kamutano Shrine (Q135270353)]] (Q135270353) ... • No interwikis found
3812. [[Kamutono Shrine]] (Q135040383) ... • No interwikis found
3813. [[Kamutono Shrine (Q135040663)]] (Q135040663) ... • No interwikis found
3814. [[Kamutsuchikamano Shrine]] (Q135039546) ... • No interwikis found
3824. [[Kan-no-Me Shrine]] (Q135194925) ... • No interwikis found
3827. [[Kana Zakura Shrine]] (Q135193248) ... • No interwikis found
3830. [[Kanamurano Shrine]] (Q135038954) ... • No interwikis found
3832. [[Kanasakura Shrine]] (Q135193245) ... • No interwikis found
3833. [[Kanasakura Shrine (Q135193246)]] (Q135193246) ... • No interwikis found
3834. [[Kanasakurano Shrine]] (Q135039689) ... • No interwikis found
3837. [[Kanasukino Shrine]] (Q135040965) ... • No interwikis found
3840. [[Kanayama-hiko Shrine]] (Q135194823) ... • No interwikis found
3841. [[Kanayamahikono Shrine]] (Q135039114) ... • No interwikis found
3842. [[Kanayamahimeno Shrine]] (Q135039115) ... • No interwikis found
3843. [[Kanayamano Shrine]] (Q135041557) ... • No interwikis found
3845. [[Kanazakura Shrine (Kai Province)]] (Q135069489) ... • No interwikis found
3846. [[Kanazakura Shrine (Q135069485)]] (Q135069485) ... • No interwikis found
3847. [[Kanazakura Shrine (Q135193249)]] (Q135193249) ... • No interwikis found
3848. [[Kanazakura Shrine (Yamanashi district)]] (Q135069491) ... • No interwikis found
3852. [[Kanbara Shrine (Q63148107)]] (Q63148107) ... ✓ Added 2 interwikis
3856. [[Kanbe Shrine]] (Q135193241) ... • No interwikis found
3857. [[Kanbe Shrine (Q135193242)]] (Q135193242) ... • No interwikis found
3859. [[Kanda Shrine (Hakusan City)]] (Q135194806) ... • No interwikis found
3860. [[Kanda Shrine (Kanazawa City)]] (Q135194808) ... • No interwikis found
3861. [[Kanda Shrine (Oaza Fumon)]] (Q135193479) ... • No interwikis found
3862. [[Kanda Shrine (Q11590647)]] (Q11590647) ... ✓ Added 1 interwikis
3863. [[Kanda Shrine (Q135194816)]] (Q135194816) ... • No interwikis found
3864. [[Kandani Shrine]] (Q11590885) ... ✓ Added 4 interwikis
3865. [[Kandate Iino Takaichi Shrine]] (Q135186710) ... • No interwikis found
3866. [[Kandate Iino Takaichi Shrine Co-Enshrinement]] (Q135069242) ... • No interwikis found
3867. [[Kandate Shrine]] (Q135186612) ... • No interwikis found
3868. [[Kando Shrine]] (Q135195013) ... • No interwikis found
3870. [[Kaneno Shrine]] (Q135039533) ... • No interwikis found
3871. [[Kaneno Shrine (Q135270307)]] (Q135270307) ... • No interwikis found
3872. [[Kangi-in]] (Q11545320) ... ✓ Added 3 interwikis
3874. [[Kanhatorihatadono Shrine]] (Q135186223) ... • No interwikis found
3875. [[Kanira Shrine]] (Q135187273) ... • No interwikis found
3876. [[Kanisanakino Shrine]] (Q135040966) ... • No interwikis found
3880. [[Kanko Shrine]] (Q11418296) ... ✓ Added 2 interwikis
3881. [[Kankosahino Shrine]] (Q135098868) ... • No interwikis found
3883. [[Kanmine Shrine (Haramachi Ward)]] (Q135194399) ... • No interwikis found
3886. [[Kanmusuhitamano- Shrine]] (Q135041087) ... • No interwikis found
3888. [[Kannabi Shrine (Fuchu city, Hiroshima)]] (Q104660635) ... ✓ Added 2 interwikis
3890. [[Kannahino Shrine]] (Q135038807) ... • No interwikis found
3893. [[Kanno Shrine]] (Q11590985) ... ✓ Added 1 interwikis
3894. [[Kanno Shrine (Q135070328)]] (Q135070328) ... • No interwikis found
3895. [[Kanno Shrine (Q135198162)]] (Q135198162) ... • No interwikis found
3896. [[Kanno Shrine (Q135198163)]] (Q135198163) ... • No interwikis found
3907. [[Kansaki Shrine]] (Q135039831) ... • No interwikis found
3908. [[Kansha Shrine]] (Q135039271) ... • No interwikis found
3910. [[Kanshiro Shrine]] (Q135040302) ... • No interwikis found
3911. [[Kanshirono Shrine]] (Q135041049) ... • No interwikis found
3913. [[Kantamaihotoshino Shrine]] (Q135040964) ... • No interwikis found
3914. [[Kantamainochinushino Shrine]] (Q135040954) ... • No interwikis found
3915. [[Kantamaitsunohimeno Shrine]] (Q135040976) ... • No interwikis found
3916. [[Kantamakotsunotama Shrine]] (Q135041074) ... • No interwikis found
3917. [[Kantamamikono Shrine]] (Q135040953) ... • No interwikis found
3918. [[Kantamano Shrine]] (Q135040977) ... • No interwikis found
3919. [[Kantano Shrine]] (Q135040292) ... • No interwikis found
3920. [[Kantano Shrine (Q135039789)]] (Q135039789) ... • No interwikis found
3922. [[Kanwokano Shrine]] (Q135038931) ... • No interwikis found
3925. [[Kara Shrine]] (Q135020550) ... • No interwikis found
3926. [[Karahino Shrine]] (Q135039342) ... • No interwikis found
3927. [[Karai Shrine]] (Q17220848) ... ✓ Added 2 interwikis
3928. [[Karakamano Shrine]] (Q135041046) ... • No interwikis found
3929. [[Karakawa Shrine]] (Q83886404) ... ✓ Added 2 interwikis
3931. [[Karakuni Shrine (Q135040666)]] (Q135040666) ... • No interwikis found
3932. [[Karakuniitatematsuruno Shrine]] (Q135041051) ... • No interwikis found
3933. [[Karakuniitateno Shrine]] (Q135040786) ... • No interwikis found
3934. [[Karakuniitateno Shrine (Q135040908)]] (Q135040908) ... • No interwikis found
3935. [[Karakuniitateno Shrine (Q135040960)]] (Q135040960) ... • No interwikis found
3936. [[Karakuniitateno Shrine (Q135041044)]] (Q135041044) ... • No interwikis found
3937. [[Karakunino- Shrine]] (Q135041488) ... • No interwikis found
3938. [[Karakuri Shrine]] (Q135070107) ... • No interwikis found
3939. [[Karakuri Shrine (Q135070106)]] (Q135070106) ... • No interwikis found
3943. [[Karasaki Shrine (Q135193743)]] (Q135193743) ... • No interwikis found
3946. [[Karasu Shrine]] (Q135186444) ... • No interwikis found
3947. [[Karatachi Shrine]] (Q135040593) ... • No interwikis found
3950. [[Karinono Shrine]] (Q135040515) ... • No interwikis found
3951. [[Karita Shrine]] (Q134892535) ... ✓ Added 1 interwikis
3952. [[Karitahikono Shrine]] (Q135040070) ... • No interwikis found
3953. [[Karitahimeno Shrine]] (Q135040071) ... • No interwikis found
3954. [[Karitamineno Shrine]] (Q135039983) ... • No interwikis found
3955. [[Karonono Shrine]] (Q135039811) ... • No interwikis found
3956. [[Karukomuranimasu Shrine]] (Q54153276) ... ✓ Added 1 interwikis
3957. [[Karuno Shrine]] (Q119929619) ... ✓ Added 1 interwikis
3958. [[Karuno Shrine (Iwakura)]] (Q135193541) ... • No interwikis found
3959. [[Karuno Shrine (Kano)]] (Q135193540) ... • No interwikis found
3960. [[Karuno Shrine (Q135193619)]] (Q135193619) ... • No interwikis found
3961. [[Karuno Shrine (Q135193620)]] (Q135193620) ... • No interwikis found
3963. [[Kasaharano Shrine]] (Q135039936) ... • No interwikis found
3964. [[Kasahayano Shrine]] (Q135040219) ... • No interwikis found
3966. [[Kasamano Shrine]] (Q135040254) ... • No interwikis found
3967. [[Kasamano Shrine (Q135040284)]] (Q135040284) ... • No interwikis found
3968. [[Kasami Shrine]] (Q11398477) ... ✓ Added 2 interwikis
3969. [[Kasano Shrine]] (Q135194824) ... • No interwikis found
3970. [[Kasano Shrine (Kaga Province)]] (Q135069932) ... • No interwikis found
3971. [[Kasano Shrine (Q135069927)]] (Q135069927) ... • No interwikis found
3972. [[Kasano Shrine (Q135069931)]] (Q135069931) ... • No interwikis found
3973. [[Kasano Shrine (Q135194830)]] (Q135194830) ... • No interwikis found
3974. [[Kasano Shrine (Q135194831)]] (Q135194831) ... • No interwikis found
3975. [[Kasanono Shrine]] (Q135040299) ... • No interwikis found
3977. [[Kasayano Shrine]] (Q135039703) ... • No interwikis found
3978. [[Kasechino Shrine]] (Q135039317) ... • No interwikis found
3979. [[Kashihahimeno Shrine]] (Q135041377) ... • No interwikis found
3982. [[Kashihara- Shrine]] (Q135040339) ... • No interwikis found
3987. [[Kashikuri Shrine]] (Q11398800) ... ✓ Added 2 interwikis
3988. [[Kashima Amatarashi Wake Shrine]] (Q11677110) ... ✓ Added 2 interwikis
3989. [[Kashima Amatarashiwake Shrine]] (Q20043641) ... ✓ Added 1 interwikis
3992. [[Kashima Miko Shrine (Q11677124)]] (Q11677124) ... ✓ Added 2 interwikis
3993. [[Kashima Onata Shrine]] (Q11677158) ... ✓ Added 2 interwikis
3994. [[Kashima Onata Shrine (Q135194329)]] (Q135194329) ... • No interwikis found
3995. [[Kashima Shrine]] (Q135195015) ... • No interwikis found
3997. [[Kashima Shrine (Kunimi, Date District)]] (Q135194335) ... • No interwikis found
3998. [[Kashima Shrine (Oda, Fukushima City)]] (Q135194333) ... • No interwikis found
3999. [[Kashima Shrine (Okajima, Fukushima City)]] (Q135194334) ... • No interwikis found
4000. [[Kashima Shrine (Q135039996)]] (Q135039996) ... • No interwikis found
4001. [[Kashima Shrine (Q135040000)]] (Q135040000) ... • No interwikis found
4002. [[Kashima Shrine (Q135069030)]] (Q135069030) ... ✓ Added 1 interwikis
4003. [[Kashima Shrine (Q135069590)]] (Q135069590) ... • No interwikis found
4004. [[Kashima Shrine (Q135069647)]] (Q135069647) ... • No interwikis found
4005. [[Kashima Shrine (Q135069663)]] (Q135069663) ... • No interwikis found
4006. [[Kashima Shrine (Q135069862)]] (Q135069862) ... • No interwikis found
4007. [[Kashima Shrine (Q135193647)]] (Q135193647) ... • No interwikis found
4008. [[Kashima Shrine (Q135193655)]] (Q135193655) ... • No interwikis found
4009. [[Kashima Shrine (Toriyano, Fukushima City)]] (Q135194332) ... • No interwikis found
4010. [[Kashima Shrine (Yoshida-saku, Watari Town, Watari District, Miyagi Prefecture)]] (Q135194327) ... • No interwikis found
4012. [[Kashima Tenashiwake Shrine]] (Q135194316) ... • No interwikis found
4013. [[Kashima Tenashiwake Shrine (Q135194319)]] (Q135194319) ... • No interwikis found
4014. [[Kashima-Itsunohikeno Shrine]] (Q135039994) ... • No interwikis found
4015. [[Kashimawonatano Shrine]] (Q135039995) ... • No interwikis found
4016. [[Kashinashino Shrine]] (Q135039121) ... • No interwikis found
4024. [[Kasuga Shrine]] (Q135040125) ... • No interwikis found
4028. [[Kasuga Shrine (Q11513674)]] (Q11513674) ... ✓ Added 3 interwikis
4029. [[Kasuga Shrine (Q135041146)]] (Q135041146) ... • No interwikis found
4030. [[Kasuga Shrine (Q135068885)]] (Q135068885) ... • No interwikis found
4031. [[Kasuga Shrine (Q135069108)]] (Q135069108) ... • No interwikis found
4032. [[Kasuga Shrine (Q135069130)]] (Q135069130) ... • No interwikis found
4033. [[Kasuga Shrine (Q135069920)]] (Q135069920) ... • No interwikis found
4034. [[Kasuga Shrine (Q135070057)]] (Q135070057) ... • No interwikis found
4035. [[Kasuga Shrine (Q135070319)]] (Q135070319) ... • No interwikis found
4036. [[Kasuga Shrine (Q135190257)]] (Q135190257) ... • No interwikis found
4037. [[Kasuga Shrine (Q135193662)]] (Q135193662) ... • No interwikis found
4038. [[Kasuga Shrine (Q135194511)]] (Q135194511) ... • No interwikis found
4039. [[Kasuga Shrine (Q135194563)]] (Q135194563) ... • No interwikis found
4040. [[Kasuga Shrine (Q135194673)]] (Q135194673) ... • No interwikis found
4041. [[Kasuga Shrine (Q135194697)]] (Q135194697) ... • No interwikis found
4042. [[Kasuga Shrine (Q135194755)]] (Q135194755) ... • No interwikis found
4043. [[Kasuga Shrine (Q135195348)]] (Q135195348) ... • No interwikis found
4044. [[Kasuga Shrine (Q135206806)]] (Q135206806) ... • No interwikis found
4047. [[Kasuga Shrine (Tokushima)]] (Q11513665) ... ✓ Added 1 interwikis
4050. [[Kasuga- Shrine]] (Q135069921) ... • No interwikis found
4052. [[Kasuga-sha (Higashi-Beppu)]] (Q135069551) ... • No interwikis found
4057. [[Kasukaheno-Mikono Shrine]] (Q135098881) ... • No interwikis found
4058. [[Kasukamino Shrine]] (Q135040273) ... • No interwikis found
4059. [[Kasumekentou Shrine]] (Q28690058) ... ✓ Added 1 interwikis
4060. [[Kasuyano Shrine]] (Q135039272) ... • No interwikis found
4061. [[Kataakatatsuno Shrine]] (Q135039902) ... • No interwikis found
4064. [[Katagishi Shrine]] (Q135194735) ... • No interwikis found
4065. [[Kataharano Shrine]] (Q135039576) ... • No interwikis found
4066. [[Kataheno Shrine]] (Q135041182) ... • No interwikis found
4067. [[Katakishino Shrine]] (Q135040235) ... • No interwikis found
4071. [[Katamaneno Shrine]] (Q135041280) ... • No interwikis found
4075. [[Katano Shrine (Q135041102)]] (Q135041102) ... • No interwikis found
4077. [[Kataoka Shrine]] (Q43594918) ... ✓ Added 2 interwikis
4078. [[Kataoka Shrine (Q135186659)]] (Q135186659) ... • No interwikis found
4079. [[Kataoka Shrine (Q28682738)]] (Q28682738) ... ✓ Added 1 interwikis
4080. [[Katashiba Shrine]] (Q135194672) ... • No interwikis found
4081. [[Katashihano Shrine]] (Q135040171) ... • No interwikis found
4083. [[Katasuge Shrine]] (Q134930291) ... ✓ Added 1 interwikis
4084. [[Katasuge Shrine (Q135192780)]] (Q135192780) ... • No interwikis found
4085. [[Katasukano- Shrine]] (Q135039644) ... • No interwikis found
4086. [[Katata Shrine]] (Q135186086) ... • No interwikis found
4089. [[Katayama Hiko Shrine]] (Q11569609) ... ✓ Added 2 interwikis
4092. [[Katayama Shrine (Q135069348)]] (Q135069348) ... • No interwikis found
4094. [[Katayamahachiman Shrine]] (Q135069347) ... • No interwikis found
4095. [[Katayamano Shrine]] (Q135039520) ... • No interwikis found
4096. [[Katayamano Shrine (Q135039527)]] (Q135039527) ... • No interwikis found
4097. [[Katayamano Shrine (Q135039827)]] (Q135039827) ... • No interwikis found
4098. [[Katayamano Shrine (Q135270145)]] (Q135270145) ... • No interwikis found
4099. [[Katayamanomikono Shrine]] (Q135038787) ... • No interwikis found
4101. [[Katono- Shrine]] (Q135038978) ... • No interwikis found
4103. [[Katori Omiko Shrine]] (Q135194426) ... • No interwikis found
4104. [[Katori Shrine]] (Q135069631) ... • No interwikis found
4106. [[Katorigo Shrine]] (Q135069628) ... • No interwikis found
4107. [[Katoriitsuno- Shrine]] (Q135040002) ... • No interwikis found
4108. [[Katoshimikokamino Shrine]] (Q135040028) ... • No interwikis found
4109. [[Katoshimikokamino Shrine (Co-Enshrinement)]] (Q135194424) ... • No interwikis found
4111. [[Katsugumi Shrine]] (Q135192779) ... • No interwikis found
4113. [[Katsura Shrine]] (Q11400187) ... ✓ Added 1 interwikis
4115. [[Katsuragi Futakami Shrine]] (Q11620952) ... ✓ Added 2 interwikis
4116. [[Katsuragi Hitokotonushi Shrine]] (Q11620885) ... ✓ Added 2 interwikis
4121. [[Katsuragi-shitori-niimasuameno-hatsuchino-mikoto Shrine]] (Q135038953) ... • No interwikis found
4122. [[Katsuragimiagatano Shrine]] (Q135038955) ... • No interwikis found
4123. [[Katsuraki ni Imasu Honoikaduchi Shrine]] (Q11620954) ... ✓ Added 2 interwikis
4124. [[Katsurakihimeno Shrine]] (Q135099017) ... • No interwikis found
4125. [[Katsurakio Shrine]] (Q18991490) ... ✓ Added 2 interwikis
4126. [[Katsurano Shrine]] (Q135039139) ... • No interwikis found
4127. [[Katsurano- Shrine]] (Q135041169) ... • No interwikis found
4131. [[Kattamine Shrine]] (Q11396254) ... ✓ Added 2 interwikis
4132. [[Kattamine Shrine (Q65249271)]] (Q65249271) ... ✓ Added 1 interwikis
4133. [[Katte Shrine]] (Q11400330) ... ✓ Added 2 interwikis
4135. [[Kawaai Shrine]] (Q85879982) ... ✓ Added 2 interwikis
4136. [[Kawabe Hachiman Shrine]] (Q135070023) ... • No interwikis found
4137. [[Kawabe Shrine]] (Q135186567) ... • No interwikis found
4138. [[Kawabe Shrine (Q135186574)]] (Q135186574) ... • No interwikis found
4140. [[Kawachi Kunitama Shrine]] (Q11553387) ... ✓ Added 2 interwikis
4143. [[Kawachi Shrine]] (Q135195178) ... • No interwikis found
4147. [[Kawageta Shrine]] (Q135193537) ... • No interwikis found
4150. [[Kawai Shrine]] (Q135195146) ... • No interwikis found
4151. [[Kawai Shrine (Shimogamo Shrine Keidai-Sessha)]] (Q135068711) ... • No interwikis found
4154. [[Kawakami Shrine]] (Q135070259) ... • No interwikis found
4155. [[Kawakami Shrine (Awaji Province)]] (Q135070260) ... • No interwikis found
4156. [[Kawakami Shrine (Tsuna district)]] (Q135070262) ... • No interwikis found
4158. [[Kawaketamikabe Shrine]] (Q11553975) ... ✓ Added 2 interwikis
4159. [[Kawamata Shrine]] (Q11553360) ... ✓ Added 2 interwikis
4160. [[Kawamata Shrine (Q135186649)]] (Q135186649) ... • No interwikis found
4161. [[Kawamata Shrine (Q135186650)]] (Q135186650) ... • No interwikis found
4162. [[Kawamata Shrine (Q135186652)]] (Q135186652) ... • No interwikis found
4163. [[Kawamata Shrine (Q135186654)]] (Q135186654) ... • No interwikis found
4164. [[Kawamata Shrine (Q135186655)]] (Q135186655) ... • No interwikis found
4165. [[Kawamata Shrine (Q135186656)]] (Q135186656) ... • No interwikis found
4171. [[Kawara Shrine (Q11667602)]] (Q11667602) ... ✓ Added 1 interwikis
4172. [[Kawara Shrine (Q17209206)]] (Q17209206) ... ✓ Added 1 interwikis
4174. [[Kawarano Shrine]] (Q135039345) ... • No interwikis found
4175. [[Kawarano Shrine (Q135040525)]] (Q135040525) ... • No interwikis found
4178. [[Kawase Shrine]] (Q11554016) ... ✓ Added 1 interwikis
4179. [[Kawashima Shrine]] (Q11478285) ... ✓ Added 1 interwikis
4183. [[Kawasukune Shrine (Higashiagatsuma)]] (Q66085131) ... ✓ Added 2 interwikis
4184. [[Kawasukune Shrine (Shibukawa)]] (Q66085130) ... ✓ Added 2 interwikis
4187. [[Kawata Shrine (Koka)]] (Q11479035) ... ✓ Added 1 interwikis
4188. [[Kawata Shrine (Q11479033)]] (Q11479033) ... ✓ Added 1 interwikis
4189. [[Kawata Shrine (Tonmiya Village)]] (Q135193501) ... • No interwikis found
4191. [[Kawawa Shrine]] (Q11477816) ... ✓ Added 2 interwikis
4192. [[Kawawaki Shrine]] (Q135193538) ... • No interwikis found
4194. [[Kawazoe Shrine]] (Q135186197) ... • No interwikis found
4198. [[Kayanarumino Shrine]] (Q135039011) ... • No interwikis found
4199. [[Kayanarumino Shrine (Q135270113)]] (Q135270113) ... • No interwikis found
4200. [[Kayorunarubiinochi Shrine]] (Q135069116) ... • No interwikis found
4201. [[Kazahaya Shrine]] (Q135194696) ... • No interwikis found
4208. [[Kazunasaitomiso Shrine]] (Q135070313) ... • No interwikis found
4212. [[Kehi Shrine]] (Q11129346) ... ✓ Added 6 interwikis
4213. [[Kehi Shrine (Q135040689)]] (Q135040689) ... • No interwikis found
4217. [[Keikō Tennō Shrine]] (Q135069366) ... • No interwikis found
4218. [[Keiman Shrine]] (Q11499585) ... ✓ Added 2 interwikis
4219. [[Keisenasaooshima Shrine]] (Q135069874) ... • No interwikis found
4220. [[Ken Shrine]] (Q135070287) ... • No interwikis found
4239. [[Kesemano Shrine]] (Q135040009) ... • No interwikis found
4240. [[Kesemaohoshimano Shrine]] (Q135040014) ... • No interwikis found
4241. [[Kesenma Ōshima Shrine]] (Q135194377) ... • No interwikis found
4242. [[Kesenma Ōshima Shrine (Q135194394)]] (Q135194394) ... • No interwikis found
4243. [[Keta Jinja]] (Q11548073) ... ✓ Added 4 interwikis
4244. [[Keta Mikogami Shrine]] (Q135194763) ... • No interwikis found
4248. [[Keta-hongū]] (Q11548072) ... ✓ Added 2 interwikis
4249. [[Ketamikono Shrine]] (Q135040269) ... • No interwikis found
4250. [[Ketanino Shrine]] (Q135040243) ... • No interwikis found
4251. [[Ketaniya Kokuryū Shrine]] (Q135194747) ... • No interwikis found
4252. [[Ketsurikurino Shrine]] (Q135039507) ... • No interwikis found
4253. [[Ketsuwakino Shrine]] (Q135039017) ... • No interwikis found
4254. [[Keyakihara Shrine]] (Q135194249) ... • No interwikis found
4257. [[Kibe Shrine (Harue Town, Sakai City)]] (Q135194739) ... • No interwikis found
4258. [[Kibe Shrine (Sakai Town, Sakai City)]] (Q135194740) ... • No interwikis found
4265. [[Kibitsu Shrine (Bitchū)]] (Q712824) ... ✓ Added 10 interwikis
4266. [[Kibitsu Shrine Keidai-sha]] (Q135197968) ... • No interwikis found
4271. [[Kiburi Shrine]] (Q11523697) ... ✓ Added 2 interwikis
4278. [[Kifune Shrine (Q135194031)]] (Q135194031) ... • No interwikis found
4279. [[Kifune Shrine (Q135194405)]] (Q135194405) ... • No interwikis found
4281. [[Kifusa Shrine]] (Q135197704) ... • No interwikis found
4284. [[Kiheno Shrine]] (Q135040240) ... • No interwikis found
4290. [[Kikamino Shrine]] (Q135041118) ... • No interwikis found
4291. [[Kikiheno Shrine]] (Q135040604) ... • No interwikis found
4297. [[Kimachino Shrine]] (Q135040779) ... • No interwikis found
4308. [[Kineno Shrine]] (Q135039225) ... • No interwikis found
4309. [[Kineno Shrine (Q135039247)]] (Q135039247) ... • No interwikis found
4311. [[Kineshou Shrine]] (Q135069502) ... • No interwikis found
4312. [[Kineshou Shrine (Kai Province)]] (Q135069503) ... • No interwikis found
4322. [[Kinomiya Shrine (Q119929624)]] (Q119929624) ... ✓ Added 1 interwikis
4328. [[Kinpu Shrine]] (Q3197197) ... ✓ Added 8 interwikis
4329. [[Kinpu Shrine (Q135195066)]] (Q135195066) ... • No interwikis found
4334. [[Kinshin Shrine]] (Q135069362) ... • No interwikis found
4335. [[Kinshinshakyuuseki]] (Q135069364) ... • No interwikis found
4336. [[Kinumaki Shrine]] (Q21655263) ... ✓ Added 1 interwikis
4337. [[Kinutateno Shrine]] (Q135040045) ... • No interwikis found
4340. [[Kirihara Ishibe Shrine (Teradomari)]] (Q135195060) ... • No interwikis found
4341. [[Kirihara Isobe Shrine (Kamigiri)]] (Q135195059) ... • No interwikis found
4342. [[Kiriharaishibe Shrine]] (Q135069994) ... • No interwikis found
4343. [[Kiriharaishibe Shrine (Echigo Province)]] (Q135069995) ... • No interwikis found
4344. [[Kiriharano Shrine]] (Q135040440) ... • No interwikis found
4345. [[Kiriharano Shrine (Q135040627)]] (Q135040627) ... • No interwikis found
4347. [[Kirinono Shrine]] (Q135040635) ... • No interwikis found
4348. [[Kirishima Higashi Shrine]] (Q135070354) ... • No interwikis found
4349. [[Kirishima Jingu]] (Q704622) ... ✓ Added 5 interwikis
4351. [[Kirishimamine Shrine]] (Q11660876) ... ✓ Added 1 interwikis
4352. [[Kirishimano Shrine]] (Q135041487) ... • No interwikis found
4355. [[Kiri‑hara Shrine]] (Q135195353) ... • No interwikis found
4356. [[Kirutano Shrine]] (Q135039403) ... • No interwikis found
4357. [[Kisa Shrine]] (Q28682729) ... ✓ Added 1 interwikis
4359. [[Kisaki Shrine]] (Q134930558) ... ✓ Added 1 interwikis
4361. [[Kishikahano Shrine]] (Q135041292) ... • No interwikis found
4362. [[Kishikawa Shrine]] (Q135070257) ... • No interwikis found
4364. [[Kishino Shrine]] (Q135039288) ... • No interwikis found
4365. [[Kishino Shrine (Q135039376)]] (Q135039376) ... • No interwikis found
4369. [[Kisukino Shrine]] (Q135041101) ... • No interwikis found
4371. [[Kita Shrine]] (Q134930691) ... ✓ Added 1 interwikis
4379. [[Kitano Shrine]] (Q135193729) ... • No interwikis found
4380. [[Kitano Tenjinsha]] (Q11404276) ... ✓ Added 2 interwikis
4383. [[Kitano Tenjinsha sessha]] (Q135193332) ... • No interwikis found
4385. [[Kitano Tenmasha (Kita‑no‑chō, Hachiōji City)]] (Q135193298) ... • No interwikis found
4389. [[Kitashita Shrine]] (Q54153279) ... ✓ Added 1 interwikis
4396. [[Kitsumi Shrine]] (Q135195246) ... • No interwikis found
4398. [[Kitsune Mound (Ōta, Ueno Village)]] (Q135186236) ... • No interwikis found
4404. [[Kiyama Shrine]] (Q11426120) ... ✓ Added 2 interwikis
4407. [[Kiyonowihano Shrine]] (Q135039269) ... • No interwikis found
4408. [[Kiyonowihano Shrine former site]] (Q135186131) ... • No interwikis found
4414. [[Kobe Shrine]] (Q135185299) ... • No interwikis found
4415. [[Kobe Shrine (Sugaru Shrine)]] (Q135185301) ... • No interwikis found
4418. [[Kobimine Shrine]] (Q11447922) ... ✓ Added 1 interwikis
4424. [[Koe Shrine (Ebie)]] (Q135193641) ... • No interwikis found
4429. [[Kogaikuni Shrine]] (Q11625493) ... ✓ Added 2 interwikis
4435. [[Kogano Shrine]] (Q135038753) ... • No interwikis found
4436. [[Kogihara Shrine]] (Q135070190) ... • No interwikis found
4437. [[Kogihara Shrine (Harima Province)]] (Q135070191) ... • No interwikis found
4439. [[Koguchi Shrine]] (Q135069342) ... • No interwikis found
4441. [[Kogura Shrine]] (Q135192621) ... • No interwikis found
4442. [[Kohakino Shrine]] (Q135040069) ... • No interwikis found
4443. [[Kohaku Shrine]] (Q72707416) ... ✓ Added 2 interwikis
4445. [[Kohata Shrine (Gokasho)]] (Q135068833) ... ✓ Added 1 interwikis
4446. [[Kohata Shrine (Kobata)]] (Q135068835) ... ✓ Added 1 interwikis
4447. [[Koheno Shrine]] (Q135039032) ... • No interwikis found
4449. [[Kohoriheno Shrine]] (Q135039620) ... • No interwikis found
4453. [[Kojin Shrine]] (Q135194003) ... • No interwikis found
4454. [[Kojino Shrine]] (Q11479874) ... ✓ Added 1 interwikis
4456. [[Kokaneyamano Shrine]] (Q135040041) ... • No interwikis found
4460. [[Kokorozashinunohi Shrine]] (Q135070037) ... • No interwikis found
4461. [[Kokubunji Hekireki Shrine]] (Q135197714) ... • No interwikis found
4463. [[Kokubunjihekireki Shrine]] (Q135070152) ... • No interwikis found
4464. [[Kokubunjihiyakurakuno Shrine]] (Q135041124) ... • No interwikis found
4468. [[Kokura Shrine]] (Q135039605) ... • No interwikis found
4470. [[Kokuryu Shrine (Hakusan Shrine precincts)]] (Q135194749) ... • No interwikis found
4473. [[Kokuwakura Shrine Haiden]] (Q48755655) ... ✓ Added 1 interwikis
4474. [[Kokuzō Shrine]] (Q11421390) ... ✓ Added 2 interwikis
4479. [[Komagatane Shrine Satomiya]] (Q135194418) ... • No interwikis found
4480. [[Komagatane Shrine Take‑no‑miya]] (Q135194419) ... • No interwikis found
4481. [[Komagataooshige Shrine]] (Q134928901) ... ✓ Added 1 interwikis
4482. [[Komai Sukune‑no‑Mikoto Shrine]] (Q135198978) ... • No interwikis found
4483. [[Komakataneno Shrine]] (Q135040026) ... • No interwikis found
4484. [[Komaki Sukune‑no‑Mikoto Shrine]] (Q135198962) ... • No interwikis found
4485. [[Komano Shrine]] (Q135039144) ... • No interwikis found
4486. [[Komashi- Shrine]] (Q135040338) ... • No interwikis found
4487. [[Komatsu Shrine (Fukushima Prefecture)]] (Q135194433) ... • No interwikis found
4488. [[Komatsu Shrine (Miyagi Prefecture)]] (Q135194432) ... • No interwikis found
4489. [[Komatsuno Shrine]] (Q135040040) ... • No interwikis found
4490. [[Komatsuno Shrine (Q135041450)]] (Q135041450) ... • No interwikis found
4491. [[Komayuminono Shrine]] (Q135039946) ... • No interwikis found
4492. [[Komayuminono Shrine (central shrine)]] (Q135194267) ... • No interwikis found
4493. [[Komayuminono Shrine (inner shrine)]] (Q135194268) ... • No interwikis found
4494. [[Komayuminono Shrine (Q135194269)]] (Q135194269) ... • No interwikis found
4495. [[Komayuminono Shrine (village shrine)]] (Q135194266) ... • No interwikis found
4496. [[Komi Hachiman Shrine]] (Q135197839) ... • No interwikis found
4499. [[Komori Katte Shrine]] (Q11603933) ... ✓ Added 1 interwikis
4504. [[Konashino Shrine]] (Q135041178) ... • No interwikis found
4505. [[Konawino Shrine]] (Q135041168) ... • No interwikis found
4509. [[Kone Shrine]] (Q135192657) ... • No interwikis found
4510. [[Kone Shrine (Kihara Gongen Shrine)]] (Q135192656) ... • No interwikis found
4511. [[Koneno Shrine]] (Q135039618) ... • No interwikis found
4520. [[Konono Shrine]] (Q135040092) ... • No interwikis found
4522. [[Konoshima Nimasu Amateru Mitama Shrine]] (Q11518370) ... ✓ Added 2 interwikis
4523. [[Konosumino Shrine]] (Q135040234) ... • No interwikis found
4539. [[Konyu Shrine]] (Q135195065) ... • No interwikis found
4540. [[Konzō-ji Temple]] (Q135179343) ... • No interwikis found
4543. [[Korizu Shrine]] (Q20044233) ... ✓ Added 2 interwikis
4544. [[Koroku Miko Shrine]] (Q135199365) ... • No interwikis found
4545. [[Koroku Shrine]] (Q135070367) ... • No interwikis found
4546. [[Koroku Shrine (Q135199227)]] (Q135199227) ... • No interwikis found
4547. [[Koroku Shrine (Q135199312)]] (Q135199312) ... • No interwikis found
4548. [[Koroku Shrine (Q135199395)]] (Q135199395) ... • No interwikis found
4549. [[Korokuno Shrine]] (Q135041537) ... • No interwikis found
4550. [[Korokuno- Shrine]] (Q135041538) ... • No interwikis found
4551. [[Kosaka Shrine]] (Q135192926) ... • No interwikis found
4552. [[Kosaka Shrine (Miki, Izushi Town)]] (Q135195384) ... • No interwikis found
4553. [[Kosaka Shrine (Morii, Izushi Town)]] (Q135195385) ... • No interwikis found
4554. [[Kosaka Shrine (Q135070070)]] (Q135070070) ... • No interwikis found
4555. [[Kosaka Shrine (Tajima Province)]] (Q135070071) ... • No interwikis found
4561. [[Kosenoyama-ihakura- Shrine]] (Q135039008) ... • No interwikis found
4562. [[Kosenoyamakuchino Shrine]] (Q135038950) ... • No interwikis found
4563. [[Kosetsuhiko-no-Mikoto Shrine]] (Q135039023) ... • No interwikis found
4566. [[Koshikino- Shrine]] (Q135098979) ... • No interwikis found
4569. [[Kososhino Shrine]] (Q135040938) ... • No interwikis found
4575. [[Kota Shrine (Niigata)]] (Q172417) ... ✓ Added 5 interwikis
4577. [[Kotekan Shrine]] (Q135070050) ... • No interwikis found
4592. [[Kotoimi Shrine]] (Q135069225) ... • No interwikis found
4593. [[Kotoimi Shrine (Ise Province)]] (Q135069226) ... • No interwikis found
4594. [[Kotoimi Shrine (Q135186622)]] (Q135186622) ... • No interwikis found
4595. [[Kotoimi Shrine (Q135186623)]] (Q135186623) ... • No interwikis found
4596. [[Kotoimino Shrine]] (Q135039348) ... • No interwikis found
4600. [[Kotoshironushi Shrine (Q48758503)]] (Q48758503) ... ✓ Added 1 interwikis
4603. [[Kotoshironushino Shrine]] (Q135041369) ... • No interwikis found
4606. [[Kotsumi Shrine (Kyotango City)]] (Q135195269) ... • No interwikis found
4607. [[Kotsumi Shrine (Yosa District)]] (Q135195267) ... • No interwikis found
4608. [[Kotsumino Shrine]] (Q135040570) ... • No interwikis found
4609. [[Kotsuno Shrine]] (Q135040947) ... • No interwikis found
4610. [[Kou Shrine]] (Q135069238) ... • No interwikis found
4611. [[Kouhou Shrine]] (Q135070180) ... • No interwikis found
4612. [[Koukinemurataiheishushin Shrine]] (Q135070060) ... • No interwikis found
4613. [[Kousuna Shrine]] (Q135070083) ... • No interwikis found
4614. [[Koutari Shrine]] (Q126285710) ... ✓ Added 2 interwikis
4617. [[Koyano- Shrine]] (Q135040723) ... • No interwikis found
4619. [[Koyasu Shinmeisha]] (Q135187196) ... • No interwikis found
4623. [[Koyasu Shrine (Q135069608)]] (Q135069608) ... • No interwikis found
4624. [[Koyasu Shrine (Q135192617)]] (Q135192617) ... • No interwikis found
4628. [[Kubo Hachiman Shrine (Ōimata Kubo Hachiman Shrine)]] (Q135193250) ... • No interwikis found
4635. [[Kudo Shrine]] (Q115748481) ... ✓ Added 1 interwikis
4637. [[Kuga Shrine]] (Q11369376) ... ✓ Added 2 interwikis
4643. [[Kuhaharano Shrine]] (Q135040701) ... • No interwikis found
4644. [[Kuhaharano Shrine (Q135270271)]] (Q135270271) ... • No interwikis found
4645. [[Kuhanano Shrine]] (Q135039442) ... • No interwikis found
4646. [[Kuharano Shrine]] (Q135040354) ... • No interwikis found
4647. [[Kuhatano Shrine]] (Q135040492) ... • No interwikis found
4648. [[Kuhauchino Shrine]] (Q135038995) ... • No interwikis found
4649. [[Kuhiwokano Shrine]] (Q135038802) ... • No interwikis found
4650. [[Kuhiwokano Shrine (Q135040575)]] (Q135040575) ... • No interwikis found
4651. [[Kuhiwokano Shrine (Q135270092)]] (Q135270092) ... • No interwikis found
4656. [[Kukuhi Shrine]] (Q11368920) ... ✓ Added 1 interwikis
4657. [[Kukumiohiko Shrine]] (Q11368919) ... ✓ Added 1 interwikis
4659. [[Kukushimino Shrine]] (Q135039383) ... • No interwikis found
4661. [[Kumage Shrine]] (Q135070223) ... • No interwikis found
4662. [[Kumakafutsuarakashihiko Shrine]] (Q135194869) ... • No interwikis found
4663. [[Kumakafutsuarakashihikono Shrine]] (Q135040309) ... • No interwikis found
4664. [[Kumakeno Shrine]] (Q135041254) ... • No interwikis found
4665. [[Kumaku Shrine]] (Q131932258) ... ✓ Added 1 interwikis
4666. [[Kumakurano Shrine]] (Q135040512) ... • No interwikis found
4668. [[Kumano Daijin Shrine]] (Q135069550) ... • No interwikis found
4680. [[Kumano Shrine]] (Q135070256) ... • No interwikis found
4681. [[Kumano Shrine (Azumigawa Town)]] (Q135193740) ... • No interwikis found
4683. [[Kumano Shrine (Etchū Province)]] (Q135069977) ... • No interwikis found
4684. [[Kumano Shrine (former site of Ōba Shrine)]] (Q135193266) ... • No interwikis found
4685. [[Kumano Shrine (Imazu Town)]] (Q135193738) ... • No interwikis found
4686. [[Kumano Shrine (Iwadono, Minamiizu Town)]] (Q135192837) ... • No interwikis found
4687. [[Kumano Shrine (Kumanomichi, Fuchu Town)]] (Q135195002) ... • No interwikis found
4689. [[Kumano Shrine (Miyabo, Toyama City)]] (Q135194998) ... • No interwikis found
4690. [[Kumano Shrine (Nakama, Fuchu Town)]] (Q135195001) ... • No interwikis found
4691. [[Kumano Shrine (Nei district)]] (Q135069978) ... • No interwikis found
4692. [[Kumano Shrine (Q11568963)]] (Q11568963) ... ✓ Added 1 interwikis
4693. [[Kumano Shrine (Q135039874)]] (Q135039874) ... • No interwikis found
4694. [[Kumano Shrine (Q135040382)]] (Q135040382) ... • No interwikis found
4695. [[Kumano Shrine (Q135040595)]] (Q135040595) ... • No interwikis found
4696. [[Kumano Shrine (Q135040667)]] (Q135040667) ... • No interwikis found
4697. [[Kumano Shrine (Q135069394)]] (Q135069394) ... • No interwikis found
4698. [[Kumano Shrine (Q135069552)]] (Q135069552) ... • No interwikis found
4699. [[Kumano Shrine (Q135069976)]] (Q135069976) ... • No interwikis found
4700. [[Kumano Shrine (Q135070024)]] (Q135070024) ... • No interwikis found
4701. [[Kumano Shrine (Q135070039)]] (Q135070039) ... • No interwikis found
4702. [[Kumano Shrine (Q135070356)]] (Q135070356) ... • No interwikis found
4703. [[Kumano Shrine (Q135190100)]] (Q135190100) ... • No interwikis found
4704. [[Kumano Shrine (Q135195502)]] (Q135195502) ... • No interwikis found
4705. [[Kumano Shrine (Satomiya)]] (Q135070112) ... • No interwikis found
4706. [[Kumano Shrine (Shinasahi Town)]] (Q135193739) ... • No interwikis found
4707. [[Kumano Shrine (Tomosaka, Fuchu Town)]] (Q135195000) ... • No interwikis found
4708. [[Kumano Shrine (Tsutsumi, Kamisato Town)]] (Q135193379) ... • No interwikis found
4710. [[Kumano Shrine (Yōkaichi)]] (Q135193374) ... • No interwikis found
4712. [[Kumano-sha]] (Q135187187) ... • No interwikis found
4714. [[Kumanoshinguu Shrine]] (Q135070041) ... • No interwikis found
4715. [[Kumanowakamiyamikami Shrine]] (Q135070040) ... • No interwikis found
4718. [[Kumatano Shrine]] (Q135040276) ... • No interwikis found
4724. [[Kume Shrine]] (Q135070113) ... • No interwikis found
4726. [[Kumeno Shrine]] (Q135040366) ... • No interwikis found
4727. [[Kumeno Shrine (Q135040917)]] (Q135040917) ... • No interwikis found
4728. [[Kumeno Shrine (Q135270433)]] (Q135270433) ... • No interwikis found
4729. [[Kumetano Shrine]] (Q135040228) ... • No interwikis found
4730. [[Kumokeno Shrine]] (Q135041393) ... • No interwikis found
4732. [[Kumomi Sengen Shrine (Ontake Sengen-gū)]] (Q135192822) ... • No interwikis found
4733. [[Kumukeno Shrine]] (Q135040294) ... • No interwikis found
4734. [[Kumuno Shrine]] (Q135041053) ... • No interwikis found
4735. [[Kunaka Shrine]] (Q135039127) ... • No interwikis found
4736. [[Kunarino Shrine]] (Q135039304) ... • No interwikis found
4737. [[Kunawino Shrine]] (Q135041079) ... • No interwikis found
4742. [[Kunigami Shrine]] (Q43594557) ... ✓ Added 1 interwikis
4743. [[Kunihara Shrine]] (Q135187225) ... • No interwikis found
4744. [[Kunihara Shrine (Q135190112)]] (Q135190112) ... • No interwikis found
4745. [[Kuniharano Shrine]] (Q135039521) ... • No interwikis found
4746. [[Kuniharano Shrine (Q135040584)]] (Q135040584) ... • No interwikis found
4747. [[Kunihashiramikoto Shrine]] (Q134893137) ... ✓ Added 1 interwikis
4749. [[Kuniichigi Shrine (Morito, Sakado)]] (Q135193338) ... • No interwikis found
4750. [[Kuniji Shrine]] (Q135070218) ... • No interwikis found
4751. [[Kuniji Shrine (Q135070121)]] (Q135070121) ... • No interwikis found
4752. [[Kunijuu Shrine]] (Q135069915) ... • No interwikis found
4753. [[Kunijuu Shrine (Echizen Province)]] (Q135069916) ... • No interwikis found
4754. [[Kunikakasuno Shrine]] (Q135041275) ... • No interwikis found
4756. [[Kunikatanushino Shrine]] (Q135041494) ... • No interwikis found
4757. [[Kunimoto Shrine]] (Q135199504) ... • No interwikis found
4758. [[Kunimurano Shrine]] (Q135041069) ... • No interwikis found
4759. [[Kuninaka Shrine]] (Q135194617) ... • No interwikis found
4760. [[Kuninaka Shrine (Q135194622)]] (Q135194622) ... • No interwikis found
4761. [[Kuninakano Shrine]] (Q135040157) ... • No interwikis found
4762. [[Kuninariohonono Shrine]] (Q135040220) ... • No interwikis found
4764. [[Kunino Shrine]] (Q135039163) ... • No interwikis found
4765. [[Kuninomi Shrine]] (Q135098932) ... • No interwikis found
4766. [[Kuninomi Shrine (Legendary Site B, Tokorocho, Matsusaka)]] (Q135186395) ... • No interwikis found
4767. [[Kuninomi Shrine Site (Legendary Site A)]] (Q135186393) ... • No interwikis found
4768. [[Kuninotokotachi Shrine]] (Q135069135) ... • No interwikis found
4771. [[Kunio Ōno Shrine]] (Q135194707) ... • No interwikis found
4773. [[Kunitakayorihikono Shrine]] (Q135041247) ... • No interwikis found
4775. [[Kunitama Shrine]] (Q134930702) ... ✓ Added 1 interwikis
4776. [[Kunitama Shrine (Q135193030)]] (Q135193030) ... • No interwikis found
4777. [[Kunitama Shrine (Q135193034)]] (Q135193034) ... • No interwikis found
4778. [[Kunitamano Shrine]] (Q135039457) ... • No interwikis found
4780. [[Kunitsu Shrine]] (Q135041210) ... • No interwikis found
4781. [[Kunitsu Shrine (Q135198631)]] (Q135198631) ... • No interwikis found
4782. [[Kunitsuhiko-no-Mikoto Shrine]] (Q126709405) ... ✓ Added 2 interwikis
4784. [[Kunitsukami Shrine]] (Q135041511) ... • No interwikis found
4785. [[Kunitsuno Shrine]] (Q135039321) ... • No interwikis found
4787. [[Kuniwichino- Shrine]] (Q135098982) ... • No interwikis found
4789. [[Kurahashino Shrine]] (Q135040699) ... • No interwikis found
4790. [[Kurai Shrine]] (Q135070178) ... • No interwikis found
4793. [[Kurami Shrine]] (Q135040097) ... • No interwikis found
4794. [[Kuramino Shrine]] (Q135040921) ... • No interwikis found
4800. [[Kurawokino Shrine]] (Q135041157) ... • No interwikis found
4801. [[Kureha-Anekurahime Shrine]] (Q11447234) ... ✓ Added 2 interwikis
4802. [[Kuretsuhikono Shrine]] (Q135039015) ... • No interwikis found
4807. [[Kuriharano Shrine]] (Q135039123) ... • No interwikis found
4811. [[Kurita Shrine]] (Q135195247) ... • No interwikis found
4812. [[Kuritano Shrine]] (Q135040564) ... • No interwikis found
4815. [[Kurohime Shrine (Sato‑miya, Takayanagi Town, Kashiwazaki City)]] (Q135195075) ... • No interwikis found
4818. [[Kuroiwa Ishito Shrine]] (Q135187113) ... • No interwikis found
4819. [[Kuronono Shrine]] (Q135040716) ... • No interwikis found
4820. [[Kuronuma Shrine]] (Q17228379) ... ✓ Added 1 interwikis
4822. [[Kuroshima Shrine]] (Q11678192) ... ✓ Added 1 interwikis
4823. [[Kuroshimano shrine]] (Q135041398) ... • No interwikis found
4824. [[Kurotano Shrine]] (Q135039149) ... • No interwikis found
4825. [[Kurotano Shrine (Q135039861)]] (Q135039861) ... • No interwikis found
4826. [[Kurotatsu Shrine]] (Q135194748) ... • No interwikis found
4827. [[Kurotona Shrine]] (Q135069470) ... • No interwikis found
4828. [[Kurotona Shrine (Kai Province)]] (Q135069471) ... • No interwikis found
4829. [[Kurotonano Shrine]] (Q135039688) ... • No interwikis found
4830. [[Kurotonano Shrine (Q135270283)]] (Q135270283) ... • No interwikis found
4836. [[Kuruhi Shrine]] (Q135040690) ... • No interwikis found
4838. [[Kurumano Shrine]] (Q135039357) ... • No interwikis found
4842. [[Kurumitano Shrine]] (Q135039835) ... • No interwikis found
4848. [[Kusakano Shrine]] (Q135040759) ... • No interwikis found
4849. [[Kusakano Shrine (Q135040972)]] (Q135040972) ... • No interwikis found
4851. [[Kusanagi Shrine]] (Q11618229) ... ✓ Added 2 interwikis
4853. [[Kusanagi Shrine (Q11368944)]] (Q11368944) ... ✓ Added 1 interwikis
4854. [[Kusano Shrine]] (Q11616108) ... ✓ Added 2 interwikis
4855. [[Kusaoka Shrine]] (Q135040378) ... • No interwikis found
4856. [[Kusaoka Shrine (Q135194974)]] (Q135194974) ... • No interwikis found
4857. [[Kusasa Shrine]] (Q135039227) ... • No interwikis found
4858. [[Kusatsuohotoshino Shrine]] (Q135039197) ... • No interwikis found
4859. [[Kusawokano Shrine]] (Q135039866) ... • No interwikis found
4861. [[Kushi iwamado Shrine]] (Q17218980) ... ✓ Added 2 interwikis
4862. [[Kushibi Shrine]] (Q135194867) ... • No interwikis found
4864. [[Kushida Shrine (Matsusaka)]] (Q11544726) ... ✓ Added 1 interwikis
4865. [[Kushida Shrine (Q135186410)]] (Q135186410) ... • No interwikis found
4867. [[Kushida Shrine, Imizu]] (Q11544725) ... ✓ Added 2 interwikis
4869. [[Kushiina Inataki-hime Shrine (Iikawa Town)]] (Q135194901) ... • No interwikis found
4870. [[Kushiina Inataki-hime Shrine (Kokubu Town)]] (Q135194900) ... • No interwikis found
4871. [[Kushiinatakino Shrine]] (Q135040324) ... • No interwikis found
4872. [[Kushimachinomikotono Shrine]] (Q135021846) ... • No interwikis found
4873. [[Kushimikenono Shrine]] (Q135040902) ... • No interwikis found
4875. [[Kushinashino Shrine]] (Q135041390) ... • No interwikis found
4876. [[Kushiro-kokeka- Shrine]] (Q135041129) ... • No interwikis found
4877. [[Kushirokahime Shrine]] (Q24864064) ... ✓ Added 1 interwikis
4880. [[Kushitamanomikoto Shrine]] (Q54153271) ... ✓ Added 1 interwikis
4881. [[Kushitano Shrine]] (Q135039420) ... • No interwikis found
4882. [[Kushitatsukimotono Shrine]] (Q135098936) ... • No interwikis found
4886. [[Kusuhinano Shrine]] (Q135040008) ... • No interwikis found
4887. [[Kusumi Shrine]] (Q135099507) ... • No interwikis found
4888. [[Kusumoto Shrine]] (Q11542244) ... ✓ Added 2 interwikis
4889. [[Kusumoto Shrine (Kita Kinomoto)]] (Q135185623) ... • No interwikis found
4890. [[Kusumoto Shrine (Minami Kinomoto)]] (Q135185621) ... • No interwikis found
4891. [[Kusumotono Shrine]] (Q135039181) ... • No interwikis found
4894. [[Kususumino Shrine]] (Q135098844) ... • No interwikis found
4895. [[Kusuyano Shrine]] (Q135040064) ... • No interwikis found
4896. [[Kutamano Shrine]] (Q135039194) ... • No interwikis found
4897. [[Kutamino Shrine]] (Q135040742) ... • No interwikis found
4898. [[Kutamino Shrine (Q135040777)]] (Q135040777) ... • No interwikis found
4899. [[Kutamino Shrine (Q135040940)]] (Q135040940) ... • No interwikis found
4900. [[Kutamino Shrine (Q135270429)]] (Q135270429) ... • No interwikis found
4901. [[Kutano Shrine]] (Q135039478) ... • No interwikis found
4902. [[Kutaya Shrine]] (Q135070092) ... • No interwikis found
4903. [[Kutehikono Shrine]] (Q135040320) ... • No interwikis found
4904. [[Kutono Shrine]] (Q135041300) ... • No interwikis found
4905. [[Kutono Shrine (Q135041185)]] (Q135041185) ... • No interwikis found
4906. [[Kutowa- Shrine]] (Q135040654) ... • No interwikis found
4909. [[Kutsumino Shrine]] (Q135040107) ... • No interwikis found
4910. [[Kutsumino Shrine (Q135039669)]] (Q135039669) ... • No interwikis found
4911. [[Kutsumino Shrine (Q135270418)]] (Q135270418) ... • No interwikis found
4912. [[Kutsuno Shrine]] (Q135040625) ... • No interwikis found
4913. [[Kutsuokamino Shrine]] (Q135041522) ... • No interwikis found
4914. [[Kuwabara Shrine]] (Q70203929) ... ✓ Added 2 interwikis
4915. [[Kuwabara Shrine (Kuwanohon, Takeno Town)]] (Q135195556) ... • No interwikis found
4916. [[Kuwabara Shrine (Morimoto, Takeno Town)]] (Q135195555) ... • No interwikis found
4917. [[Kuwada Shrine]] (Q11537594) ... ✓ Added 2 interwikis
4919. [[Kuwahara Shrine]] (Q135070075) ... • No interwikis found
4920. [[Kuwahara Shrine (Tajima Province)]] (Q135070076) ... • No interwikis found
4923. [[Kuwata Shrine (Mahori)]] (Q135195184) ... • No interwikis found
4924. [[Kuwato Shrine]] (Q135192924) ... • No interwikis found
4925. [[Kuwayama Shrine]] (Q11650775) ... ✓ Added 3 interwikis
4926. [[Kuzu Shrine]] (Q135069117) ... • No interwikis found
4927. [[Kuzu Shrine (Q135069143)]] (Q135069143) ... • No interwikis found
4929. [[Kuzumi Shrine]] (Q11621015) ... ✓ Added 2 interwikis
4946. [[Kō Shrine (Q11618837)]] (Q11618837) ... ✓ Added 2 interwikis
4961. [[Kōmi Shrine]] (Q135193784) ... • No interwikis found
4965. [[Kōra taisha]] (Q715647) ... ✓ Added 8 interwikis
4978. [[Kōtai Jingū (Karasumori Shrine)]] (Q135193276) ... • No interwikis found
4981. [[Kōtai Shrine (Q135193377)]] (Q135193377) ... • No interwikis found
4983. [[Kōtai Shrine? (site of Inami Shrine ruins at Aoyasaka, Imajo, Kanda, Nagahama)]] (Q135193376) ... • No interwikis found
5036. [[List of Shikinaisha in Aki Province]] (Q11451199) ... ✓ Added 2 interwikis
5037. [[List of Shikinaisha in Awa Province (Chiba)]] (Q11450714) ... ✓ Added 1 interwikis
5038. [[List of Shikinaisha in Awa Province (Tokushima)]] (Q11657514) ... ✓ Added 1 interwikis
5039. [[List of Shikinaisha in Awaji Province]] (Q11559808) ... ✓ Added 1 interwikis
5040. [[List of Shikinaisha in Bingo Province]] (Q11387367) ... ✓ Added 1 interwikis
5041. [[List of Shikinaisha in Bitchū Province]] (Q11387310) ... ✓ Added 1 interwikis
5042. [[List of Shikinaisha in Bizen Province]] (Q11387322) ... ✓ Added 1 interwikis
5043. [[List of Shikinaisha in Bungo Province]] (Q11633695) ... ✓ Added 1 interwikis
5044. [[List of Shikinaisha in Buzen Province]] (Q17212793) ... ✓ Added 1 interwikis
5045. [[List of Shikinaisha in Chikugo Province]] (Q11602803) ... ✓ Added 1 interwikis
5046. [[List of Shikinaisha in Chikuzen Province]] (Q11602776) ... ✓ Added 1 interwikis
5047. [[List of Shikinaisha in Dewa Province]] (Q11395784) ... ✓ Added 1 interwikis
5048. [[List of Shikinaisha in Echigo Province]] (Q11636502) ... ✓ Added 1 interwikis
5049. [[List of Shikinaisha in Echizen Province]] (Q11636413) ... ✓ Added 1 interwikis
5050. [[List of Shikinaisha in Etchū Province]] (Q11636380) ... ✓ Added 1 interwikis
5051. [[List of Shikinaisha in Harima Province]] (Q11498723) ... ✓ Added 1 interwikis
5052. [[List of Shikinaisha in Hida Province]] (Q11665887) ... ✓ Added 1 interwikis
5053. [[List of Shikinaisha in Higo Province]] (Q11611572) ... ✓ Added 1 interwikis
5054. [[List of Shikinaisha in Hitachi Province]] (Q11481683) ... ✓ Added 1 interwikis
5055. [[List of Shikinaisha in Hizen Province]] (Q11611527) ... ✓ Added 1 interwikis
5056. [[List of Shikinaisha in Hyūga Province]] (Q11505106) ... ✓ Added 1 interwikis
5057. [[List of Shikinaisha in Hōki Province]] (Q11381490) ... ✓ Added 1 interwikis
5058. [[List of Shikinaisha in Iga Province]] (Q11380647) ... ✓ Added 1 interwikis
5059. [[List of Shikinaisha in Iki Island]] (Q11429584) ... ✓ Added 1 interwikis
5060. [[List of Shikinaisha in Inaba Province]] (Q11420254) ... ✓ Added 1 interwikis
5061. [[List of Shikinaisha in Iwami Province]] (Q11587179) ... ✓ Added 1 interwikis
5062. [[List of Shikinaisha in Iyo Province]] (Q11378813) ... ✓ Added 1 interwikis
5063. [[List of Shikinaisha in Izu Province]] (Q11380552) ... ✓ Added 1 interwikis
5064. [[List of Shikinaisha in Izumi Province]] (Q11417778) ... ✓ Added 1 interwikis
5065. [[List of Shikinaisha in Izumo Province]] (Q11395853) ... ✓ Added 1 interwikis
5066. [[List of Shikinaisha in Kaga Province]] (Q11399659) ... ✓ Added 1 interwikis
5067. [[List of Shikinaisha in Kai Province]] (Q11577868) ... ✓ Added 1 interwikis
5068. [[List of Shikinaisha in Kawachi Province]] (Q11553385) ... ✓ Added 1 interwikis
5069. [[List of Shikinaisha in Kazusa Province]] (Q11360032) ... ✓ Added 1 interwikis
5070. [[List of Shikinaisha in Kii Province]] (Q11604948) ... ✓ Added 1 interwikis
5071. [[List of Shikinaisha in Kōzuke Province]] (Q11360308) ... ✓ Added 1 interwikis
5072. [[List of Shikinaisha in Mikawa Province]] (Q11356190) ... ✓ Added 1 interwikis
5073. [[List of Shikinaisha in Mimasaka Province]] (Q11608745) ... ✓ Added 1 interwikis
5074. [[List of Shikinaisha in Mino Province]] (Q11609223) ... ✓ Added 1 interwikis
5075. [[List of Shikinaisha in Musashi Province]] (Q11546334) ... ✓ Added 1 interwikis
5076. [[List of Shikinaisha in Mutsu Province]] (Q11658590) ... ✓ Added 1 interwikis
5077. [[List of Shikinaisha in Nagato Province]] (Q11654882) ... ✓ Added 1 interwikis
5078. [[List of Shikinaisha in Noto Province]] (Q11612019) ... ✓ Added 1 interwikis
5079. [[List of Shikinaisha in Oki Province]] (Q11659043) ... ✓ Added 1 interwikis
5080. [[List of Shikinaisha in Owari Province]] (Q11465292) ... ✓ Added 1 interwikis
5081. [[List of Shikinaisha in Sado Province]] (Q11383282) ... ✓ Added 1 interwikis
5082. [[List of Shikinaisha in Sagami Province]] (Q11582137) ... ✓ Added 1 interwikis
5083. [[List of Shikinaisha in Sanuki Province]] (Q11632546) ... ✓ Added 1 interwikis
5084. [[List of Shikinaisha in Satsuma Province]] (Q11622280) ... ✓ Added 1 interwikis
5085. [[List of Shikinaisha in Settsu Province]] (Q11498550) ... ✓ Added 1 interwikis
5086. [[List of Shikinaisha in Shima Province]] (Q11490919) ... ✓ Added 1 interwikis
5087. [[List of Shikinaisha in Shimotsuke Province]] (Q11361380) ... ✓ Added 1 interwikis
5088. [[List of Shikinaisha in Shimōsa Province]] (Q11361283) ... ✓ Added 1 interwikis
5089. [[List of Shikinaisha in Shinano Province]] (Q11386164) ... ✓ Added 1 interwikis
5090. [[List of Shikinaisha in Suo Province]] (Q11416958) ... ✓ Added 1 interwikis
5091. [[List of Shikinaisha in Suruga Province]] (Q11668489) ... ✓ Added 1 interwikis
5092. [[List of Shikinaisha in Tajima Province]] (Q11381626) ... ✓ Added 1 interwikis
5093. [[List of Shikinaisha in Tanba Province]] (Q11368560) ... ✓ Added 1 interwikis
5094. [[List of Shikinaisha in Tango Province]] (Q11368516) ... ✓ Added 1 interwikis
5095. [[List of Shikinaisha in the Imperial Palace]] (Q11453224) ... ✓ Added 1 interwikis
5096. [[List of Shikinaisha in Tosa Province]] (Q11423010) ... ✓ Added 1 interwikis
5097. [[List of Shikinaisha in Tsushima]] (Q11458212) ... ✓ Added 1 interwikis
5098. [[List of Shikinaisha in Tōtōmi Province]] (Q11642130) ... ✓ Added 1 interwikis
5099. [[List of Shikinaisha in Wakasa Province]] (Q11616621) ... ✓ Added 1 interwikis
5100. [[List of Shikinaisha in Yamashiro Province]] (Q11467693) ... ✓ Added 1 interwikis
5101. [[List of Shikinaisha in Ōmi Province]] (Q11638477) ... ✓ Added 1 interwikis
5102. [[List of Shikinaisha in Ōsumi Province]] (Q11441745) ... ✓ Added 1 interwikis
5106. [[Location Unknown]] (Q135186243) ... • No interwikis found
5114. [[Maefutago Kofun]] (Q17221412) ... ✓ Added 3 interwikis
5124. [[Mahatakino Shrine]] (Q135038791) ... • No interwikis found
5125. [[Mahikusano Shrine]] (Q135040050) ... • No interwikis found
5128. [[Maide Shrine]] (Q135194557) ... • No interwikis found
5131. [[Makata Shrine]] (Q11677652) ... ✓ Added 2 interwikis
5132. [[Makatano Shrine]] (Q135039757) ... • No interwikis found
5133. [[Makatano Shrine (Q135270425)]] (Q135270425) ... • No interwikis found
5134. [[Make Shrine]] (Q135040194) ... • No interwikis found
5135. [[Make Shrine (Nanjō District)]] (Q135194550) ... • No interwikis found
5136. [[Make Shrine (Niū District)]] (Q135194552) ... • No interwikis found
5137. [[Make Shrine (Q11498617)]] (Q11498617) ... ✓ Added 2 interwikis
5138. [[Make-no-Mikoto Shrine]] (Q135041140) ... • No interwikis found
5139. [[Makeno Shrine]] (Q135040149) ... • No interwikis found
5140. [[Makimoto Shrine]] (Q135041423) ... • No interwikis found
5141. [[Makimotono Shrine]] (Q135039150) ... • No interwikis found
5145. [[Makimuku ni imasu wa kamita majin Shrine]] (Q135185095) ... • No interwikis found
5148. [[Makimuku- Shrine]] (Q135038990) ... • No interwikis found
5151. [[Makiwono Shrine]] (Q135039361) ... • No interwikis found
5152. [[Makiyamano Shrine]] (Q135039235) ... • No interwikis found
5155. [[Mamezuka Shrine]] (Q128867065) ... ✓ Added 1 interwikis
5158. [[Manai Shrine]] (Q11582899) ... ✓ Added 1 interwikis
5162. [[Mangu Shrine]] (Q135192920) ... • No interwikis found
5163. [[Manguu Shrine]] (Q134930737) ... ✓ Added 1 interwikis
5169. [[Mankusen Shrine]] (Q30929765) ... ✓ Added 1 interwikis
5171. [[Mano- Shrine]] (Q135041358) ... • No interwikis found
5176. [[Maratano Shrine]] (Q135040556) ... • No interwikis found
5210. [[Marokasa Shrine]] (Q135039186) ... • No interwikis found
5211. [[Marokono Shrine]] (Q135039634) ... • No interwikis found
5212. [[Marotano Shrine]] (Q135040600) ... • No interwikis found
5216. [[Maruta Shrine (Kakizaki District)]] (Q135195055) ... • No interwikis found
5217. [[Maruta Shrine (Koyama, Kumihama Town)]] (Q135195311) ... • No interwikis found
5218. [[Maruta Shrine (Nadachi District)]] (Q135195054) ... • No interwikis found
5219. [[Maruta Shrine (Sekiya no Ue, Kumihama Town) (reference)]] (Q135195312) ... • No interwikis found
5232. [[Masakino Shrine]] (Q135041227) ... • No interwikis found
5233. [[Masakuno Shrine]] (Q135039621) ... • No interwikis found
5235. [[Mase Shrine]] (Q135192643) ... • No interwikis found
5238. [[Masotano Shrine]] (Q135039829) ... • No interwikis found
5241. [[Masutamineno Shrine]] (Q135040019) ... • No interwikis found
5244. [[Matano Shrine]] (Q135038747) ... • No interwikis found
5247. [[Materafuno Shrine]] (Q135041470) ... • No interwikis found
5248. [[Matono Shrine]] (Q135038778) ... • No interwikis found
5250. [[Matotano Shrine]] (Q135040436) ... • No interwikis found
5253. [[Matsubara Shrine (Q11529439)]] (Q11529439) ... ✓ Added 2 interwikis
5254. [[Matsubara Shrine (Q135187230)]] (Q135187230) ... • No interwikis found
5255. [[Matsubara Shrine (Q135190117)]] (Q135190117) ... • No interwikis found
5259. [[Matsuhama Inari Shrine]] (Q135195137) ... • No interwikis found
5268. [[Matsunowono Shrine]] (Q135039690) ... • No interwikis found
5269. [[Matsuo Hachiōji Shrine]] (Q135190267) ... • No interwikis found
5270. [[Matsuo Shrine]] (Q135195037) ... • No interwikis found
5271. [[Matsuo Shrine (Q11529679)]] (Q11529679) ... ✓ Added 2 interwikis
5272. [[Matsuo Shrine (Q135040497)]] (Q135040497) ... • No interwikis found
5274. [[Matsuoji Temple Aobayama Gongen (reference)]] (Q135195227) ... • No interwikis found
5280. [[Matsusaka Shrine]] (Q11532402) ... ✓ Added 1 interwikis
5281. [[Matsushita Shrine]] (Q135069191) ... • No interwikis found
5317. [[Mefu Shrine]] (Q3304192) ... ✓ Added 4 interwikis
5318. [[Mefu Shrine (Q11429659)]] (Q11429659) ... ✓ Added 1 interwikis
5319. [[Mefu Shrine (Q135195313)]] (Q135195313) ... • No interwikis found
5321. [[Meharano- Shrine]] (Q135039027) ... • No interwikis found
5326. [[Men Shrine]] (Q135069375) ... • No interwikis found
5331. [[Menuno Shrine]] (Q135040708) ... • No interwikis found
5336. [[Meshirono Shrine]] (Q135040670) ... • No interwikis found
5339. [[Meta Shrine]] (Q11635096) ... ✓ Added 3 interwikis
5342. [[Michi Shrine]] (Q135069970) ... • No interwikis found
5343. [[Michi Shrine (Etchū Province)]] (Q135069971) ... • No interwikis found
5345. [[Michiheno Shrine]] (Q135039143) ... • No interwikis found
5346. [[Michino Shrine]] (Q135040358) ... • No interwikis found
5347. [[Michino Shrine (Himi City)]] (Q135194965) ... • No interwikis found
5348. [[Michino Shrine (Imizu)]] (Q135194963) ... • No interwikis found
5349. [[Michino Shrine (Q135040285)]] (Q135040285) ... • No interwikis found
5350. [[Michino Shrine (Takaoka City)]] (Q135194964) ... • No interwikis found
5357. [[Miefuno Shrine]] (Q135039893) ... • No interwikis found
5359. [[Mifune Shrine (Q17214615)]] (Q17214615) ... ✓ Added 1 interwikis
5363. [[Miheno Shrine]] (Q135040569) ... • No interwikis found
5364. [[Miheno Shrine former site]] (Q135195258) ... • No interwikis found
5366. [[Miho Shrine (Q11489249)]] (Q11489249) ... ✓ Added 2 interwikis
5368. [[Mii Shrine]] (Q11488774) ... ✓ Added 1 interwikis
5369. [[Mii Shrine (Q11488771)]] (Q11488771) ... ✓ Added 2 interwikis
5370. [[Mii Shrine (Q135505912)]] (Q135505912) ... • No interwikis found
5372. [[Miino Shrine]] (Q135038983) ... • No interwikis found
5373. [[Miino Shrine (Q135040698)]] (Q135040698) ... • No interwikis found
5374. [[Miino Shrine (Q135270114)]] (Q135270114) ... • No interwikis found
5375. [[Mika Shrine (Misato town, Saitama)]] (Q68537489) ... ✓ Added 2 interwikis
5377. [[Mikadonushihiko Shrine]] (Q135194904) ... • No interwikis found
5378. [[Mikadoshuhiko Shrine]] (Q135069964) ... • No interwikis found
5379. [[Mikadoshuhiko Shrine (Noto Province)]] (Q135069967) ... • No interwikis found
5383. [[Mikata Shrine]] (Q11489014) ... ✓ Added 1 interwikis
5384. [[Mikatano Shrine]] (Q135040082) ... • No interwikis found
5385. [[Mikatatano Shrine]] (Q135041148) ... • No interwikis found
5386. [[Mikatono Shrine]] (Q135040207) ... • No interwikis found
5387. [[Mikatonushi Hiko Shrine (Hakui City)]] (Q135194902) ... • No interwikis found
5388. [[Mikatonushi Hiko Shrine (Nanao City)]] (Q135194903) ... • No interwikis found
5389. [[Mikatonushino- Shrine]] (Q135040326) ... • No interwikis found
5391. [[Mike Shrine]] (Q135070009) ... • No interwikis found
5394. [[Mikemunushi-no-Hiko-no-Kami]] (Q135328853) ... • No interwikis found
5395. [[Mikeno Shrine]] (Q135040485) ... • No interwikis found
5396. [[Miketsuno Shrine]] (Q135021836) ... • No interwikis found
5397. [[Mikino Shrine]] (Q135040264) ... • No interwikis found
5399. [[Miko- Shrine]] (Q135098855) ... • No interwikis found
5401. [[Mikonokamino Shrine]] (Q135039610) ... • No interwikis found
5407. [[Mikumari Shrine]] (Q135069103) ... • No interwikis found
5409. [[Mikunino Shrine]] (Q135040250) ... • No interwikis found
5410. [[Mikura Hachiman Shrine (Okubo Hachiman Shrine)]] (Q135192638) ... • No interwikis found
5411. [[Mikuri Shrine]] (Q135040471) ... • No interwikis found
5413. [[Mikushi Shrine]] (Q119929667) ... ✓ Added 1 interwikis
5418. [[Mimanahiko Shrine]] (Q135194920) ... • No interwikis found
5419. [[Mimanahiko Shrine (Q135194923)]] (Q135194923) ... • No interwikis found
5420. [[Mimanahikono Shrine]] (Q135040332) ... • No interwikis found
5421. [[Mimanahimeno Shrine]] (Q135040333) ... • No interwikis found
5422. [[Mimano Shrine]] (Q135040281) ... • No interwikis found
5424. [[Mimatsuhiko Shrine]] (Q48759389) ... ✓ Added 1 interwikis
5425. [[Mimeno-amehirinohimeno- Shrine]] (Q135039751) ... • No interwikis found
5427. [[Miminashi Yamaguchi Shrine]] (Q11610732) ... ✓ Added 1 interwikis
5428. [[Mimino Shrine]] (Q135040093) ... • No interwikis found
5429. [[Mimitoshino Shrine]] (Q135039416) ... • No interwikis found
5430. [[Mimitsune Shrine]] (Q135186769) ... • No interwikis found
5431. [[Mimitsuneno Shrine]] (Q135039418) ... • No interwikis found
5432. [[Mimiwino Shrine]] (Q135040683) ... • No interwikis found
5433. [[Mimorono Shrine]] (Q135098806) ... • No interwikis found
5435. [[Mimukono Shrine]] (Q135039372) ... • No interwikis found
5436. [[Mimutsune Shrine]] (Q135186768) ... • No interwikis found
5437. [[Mimutsune Shrine (Q135186770)]] (Q135186770) ... • No interwikis found
5438. [[Minagi Shrine]] (Q18339461) ... ✓ Added 1 interwikis
5439. [[Minagi Shrine (Q135070345)]] (Q135070345) ... • No interwikis found
5440. [[Minagino Shrine]] (Q135041471) ... • No interwikis found
5443. [[Minakuchi Shrine]] (Q11548384) ... ✓ Added 1 interwikis
5444. [[Minakuchino Shrine]] (Q135038994) ... • No interwikis found
5445. [[Minakuchino Shrine (Q135041299)]] (Q135041299) ... • No interwikis found
5448. [[Minamihachimanguu]] (Q135070140) ... • No interwikis found
5449. [[Minamihama Shrine]] (Q135069661) ... • No interwikis found