Logged in as Immanuelle

Adding interwikis from Wikidata to pages
============================================================

Fetching mainspace pages in [[Category:Pages linked to Wikidata]]...
Found 10777 mainspace pages (filtered from 26434 total)

Starting from: July 20 (Lunisolar) (index 3358)
Processing pages...

3359. [[July 20 (Lunisolar)]] (Q839882) ... ✓ Added 6 interwikis
3360. [[July 21 (Lunisolar)]] (Q839764) ... ✓ Added 6 interwikis
3361. [[July 22 (Lunisolar)]] (Q839702) ... ✓ Added 6 interwikis
3362. [[July 23 (Lunisolar)]] (Q839716) ... ✓ Added 6 interwikis
3363. [[July 24 (Lunisolar)]] (Q839874) ... ✓ Added 6 interwikis
3364. [[July 25 (Lunisolar)]] (Q839678) ... ✓ Added 6 interwikis
3365. [[July 26 (Lunisolar)]] (Q839694) ... ✓ Added 6 interwikis
3366. [[July 27 (Lunisolar)]] (Q839708) ... ✓ Added 6 interwikis
3367. [[July 28 (Lunisolar)]] (Q839895) ... ✓ Added 6 interwikis
3368. [[July 29 (Lunisolar)]] (Q840052) ... ✓ Added 6 interwikis
3369. [[July 3 (Lunisolar)]] (Q839696) ... ✓ Added 6 interwikis
3370. [[July 30 (Lunisolar)]] (Q840429) ... ✓ Added 6 interwikis
3371. [[July 4 (Lunisolar)]] (Q839729) ... ✓ Added 6 interwikis
3372. [[July 5 (Lunisolar)]] (Q839918) ... ✓ Added 6 interwikis
3373. [[July 6 (Lunisolar)]] (Q839758) ... ✓ Added 6 interwikis
3374. [[July 7 (Lunisolar)]] (Q839741) ... ✓ Added 8 interwikis
3375. [[July 8 (Lunisolar)]] (Q839706) ... ✓ Added 6 interwikis
3376. [[July 9 (Lunisolar)]] (Q839722) ... ✓ Added 6 interwikis
3377. [[Jumada al-Awwal 1]] (Q4121497) ... ✓ Added 7 interwikis
3378. [[Jumada al-Awwal 10]] (Q4121498) ... ✓ Added 7 interwikis
3379. [[Jumada al-Awwal 11]] (Q4121548) ... ✓ Added 6 interwikis
3380. [[Jumada al-Awwal 12]] (Q4121932) ... ✓ Added 6 interwikis
3381. [[Jumada al-Awwal 13]] (Q4121256) ... ✓ Added 7 interwikis
3382. [[Jumada al-Awwal 14]] (Q4121446) ... ✓ Added 6 interwikis
3383. [[Jumada al-Awwal 15]] (Q4121556) ... ✓ Added 7 interwikis
3384. [[Jumada al-Awwal 16]] (Q4121241) ... ✓ Added 6 interwikis
3385. [[Jumada al-Awwal 17]] (Q4121851) ... ✓ Added 6 interwikis
3386. [[Jumada al-Awwal 18]] (Q4121933) ... ✓ Added 6 interwikis
3387. [[Jumada al-Awwal 19]] (Q4121768) ... ✓ Added 7 interwikis
3388. [[Jumada al-Awwal 2]] (Q4121754) ... ✓ Added 7 interwikis
3389. [[Jumada al-Awwal 20]] (Q4121841) ... ✓ Added 7 interwikis
3390. [[Jumada al-Awwal 21]] (Q4121962) ... ✓ Added 6 interwikis
3391. [[Jumada al-Awwal 22]] (Q4121156) ... ✓ Added 6 interwikis
3392. [[Jumada al-Awwal 23]] (Q4121448) ... ✓ Added 6 interwikis
3393. [[Jumada al-Awwal 24]] (Q4121575) ... ✓ Added 7 interwikis
3394. [[Jumada al-Awwal 25]] (Q4121228) ... ✓ Added 7 interwikis
3395. [[Jumada al-Awwal 26]] (Q4121716) ... ✓ Added 6 interwikis
3396. [[Jumada al-Awwal 27]] (Q4121318) ... ✓ Added 6 interwikis
3397. [[Jumada al-Awwal 28]] (Q4121540) ... ✓ Added 6 interwikis
3398. [[Jumada al-Awwal 29]] (Q4121728) ... ✓ Added 6 interwikis
3399. [[Jumada al-Awwal 3]] (Q4121719) ... ✓ Added 7 interwikis
3400. [[Jumada al-Awwal 30]] (Q4121672) ... ✓ Added 7 interwikis
3401. [[Jumada al-Awwal 4]] (Q4121237) ... ✓ Added 7 interwikis
3402. [[Jumada al-Awwal 5]] (Q4121428) ... ✓ Added 7 interwikis
3403. [[Jumada al-Awwal 6]] (Q4121452) ... ✓ Added 7 interwikis
3404. [[Jumada al-Awwal 7]] (Q4121411) ... ✓ Added 7 interwikis
3405. [[Jumada al-Awwal 8]] (Q4121583) ... ✓ Added 7 interwikis
3406. [[Jumada al-Awwal 9]] (Q4121710) ... ✓ Added 7 interwikis
3407. [[Jumada al-Thani 1]] (Q4121553) ... ✓ Added 6 interwikis
3408. [[Jumada al-Thani 10]] (Q4121547) ... ✓ Added 7 interwikis
3409. [[Jumada al-Thani 11]] (Q4121677) ... ✓ Added 7 interwikis
3410. [[Jumada al-Thani 12]] (Q4121184) ... ✓ Added 7 interwikis
3411. [[Jumada al-Thani 13]] (Q4121456) ... ✓ Added 8 interwikis
3412. [[Jumada al-Thani 14]] (Q4121700) ... ✓ Added 7 interwikis
3413. [[Jumada al-Thani 15]] (Q4121251) ... ✓ Added 7 interwikis
3414. [[Jumada al-Thani 16]] (Q4121682) ... ✓ Added 7 interwikis
3415. [[Jumada al-Thani 17]] (Q4121260) ... ✓ Added 7 interwikis
3416. [[Jumada al-Thani 18]] (Q4121235) ... ✓ Added 8 interwikis
3417. [[Jumada al-Thani 19]] (Q4121597) ... ✓ Added 7 interwikis
3418. [[Jumada al-Thani 2]] (Q4121372) ... ✓ Added 6 interwikis
3419. [[Jumada al-Thani 20]] (Q4121764) ... ✓ Added 7 interwikis
3420. [[Jumada al-Thani 21]] (Q4121776) ... ✓ Added 7 interwikis
3421. [[Jumada al-Thani 22]] (Q4121748) ... ✓ Added 7 interwikis
3422. [[Jumada al-Thani 23]] (Q4121951) ... ✓ Added 8 interwikis
3423. [[Jumada al-Thani 24]] (Q4121836) ... ✓ Added 7 interwikis
3424. [[Jumada al-Thani 25]] (Q4121588) ... ✓ Added 7 interwikis
3425. [[Jumada al-Thani 26]] (Q4121163) ... ✓ Added 6 interwikis
3426. [[Jumada al-Thani 27]] (Q4121461) ... ✓ Added 7 interwikis
3427. [[Jumada al-Thani 28]] (Q4121330) ... ✓ Added 7 interwikis
3428. [[Jumada al-Thani 29]] (Q4121670) ... ✓ Added 7 interwikis
3429. [[Jumada al-Thani 3]] (Q4121675) ... ✓ Added 6 interwikis
3430. [[Jumada al-Thani 30]] (Q4121230) ... ✓ Added 7 interwikis
3431. [[Jumada al-Thani 4]] (Q4121685) ... ✓ Added 7 interwikis
3432. [[Jumada al-Thani 5]] (Q4121595) ... ✓ Added 7 interwikis
3433. [[Jumada al-Thani 6]] (Q4121722) ... ✓ Added 7 interwikis
3434. [[Jumada al-Thani 7]] (Q4121727) ... ✓ Added 8 interwikis
3435. [[Jumada al-Thani 8]] (Q4121600) ... ✓ Added 8 interwikis
3436. [[Jumada al-Thani 9]] (Q4121762) ... ✓ Added 7 interwikis
3437. [[Jun'i]] (Q11395384) ... ✓ Added 1 interwikis
3438. [[June (Lunisolar)]] (Q839146) ... ✓ Added 9 interwikis
3439. [[June 1 (Lunisolar)]] (Q839637) ... ✓ Added 6 interwikis
3440. [[June 10 (Lunisolar)]] (Q839654) ... ✓ Added 6 interwikis
3441. [[June 11 (Lunisolar)]] (Q839755) ... ✓ Added 6 interwikis
3442. [[June 12 (Lunisolar)]] (Q839681) ... ✓ Added 6 interwikis
3443. [[June 13 (Lunisolar)]] (Q839652) ... ✓ Added 6 interwikis
3444. [[June 14 (Lunisolar)]] (Q839691) ... ✓ Added 6 interwikis
3445. [[June 15 (Lunisolar)]] (Q839649) ... ✓ Added 6 interwikis
3446. [[June 16 (Lunisolar)]] (Q839791) ... ✓ Added 6 interwikis
3447. [[June 17 (Lunisolar)]] (Q839658) ... ✓ Added 6 interwikis
3448. [[June 18 (Lunisolar)]] (Q839704) ... ✓ Added 6 interwikis
3449. [[June 19 (Lunisolar)]] (Q839911) ... ✓ Added 6 interwikis
3450. [[June 2 (Lunisolar)]] (Q839684) ... ✓ Added 6 interwikis
3451. [[June 20 (Lunisolar)]] (Q839899) ... ✓ Added 6 interwikis
3452. [[June 21 (Lunisolar)]] (Q839781) ... ✓ Added 6 interwikis
3453. [[June 22 (Lunisolar)]] (Q839903) ... ✓ Added 6 interwikis
3454. [[June 23 (Lunisolar)]] (Q839700) ... ✓ Added 6 interwikis
3455. [[June 24 (Lunisolar)]] (Q839870) ... ✓ Added 6 interwikis
3456. [[June 25 (Lunisolar)]] (Q839885) ... ✓ Added 6 interwikis
3457. [[June 26 (Lunisolar)]] (Q839738) ... ✓ Added 6 interwikis
3458. [[June 27 (Lunisolar)]] (Q839788) ... ✓ Added 6 interwikis
3459. [[June 28 (Lunisolar)]] (Q839674) ... ✓ Added 6 interwikis
3460. [[June 29 (Lunisolar)]] (Q839774) ... ✓ Added 6 interwikis
3461. [[June 3 (Lunisolar)]] (Q839921) ... ✓ Added 6 interwikis
3462. [[June 30 (Lunisolar)]] (Q839713) ... ✓ Added 6 interwikis
3463. [[June 4 (Lunisolar)]] (Q839676) ... ✓ Added 6 interwikis
3464. [[June 5 (Lunisolar)]] (Q839907) ... ✓ Added 6 interwikis
3465. [[June 6 (Lunisolar)]] (Q839915) ... ✓ Added 6 interwikis
3466. [[June 7 (Lunisolar)]] (Q839725) ... ✓ Added 6 interwikis
3467. [[June 8 (Lunisolar)]] (Q839733) ... ✓ Added 6 interwikis
3468. [[June 9 (Lunisolar)]] (Q839891) ... ✓ Added 6 interwikis
3469. [[Jungle bath]] (Q11310158) ... ✓ Added 1 interwikis
3470. [[Junior Eighth Rank]] (Q11488720) ... ✓ Added 3 interwikis
3471. [[Junior Fifth Rank]] (Q11071125) ... ✓ Added 3 interwikis
3472. [[Junior First Rank]] (Q11071121) ... ✓ Added 3 interwikis
3473. [[Junior Fourth Rank]] (Q11071127) ... ✓ Added 3 interwikis
3474. [[Junior Initial Rank]] (Q11464527) ... ✓ Added 2 interwikis
3475. [[Junior Ninth Rank]] (Q11488719) ... ✓ Added 3 interwikis
3476. [[Junior Second Rank]] (Q11488721) ... ✓ Added 3 interwikis
3477. [[Junior Seventh Rank]] (Q11488718) ... ✓ Added 3 interwikis
3478. [[Junior Sixth Rank]] (Q14624983) ... ✓ Added 3 interwikis
3479. [[Junior Third Rank]] (Q11071123) ... ✓ Added 3 interwikis
3480. [[Junisho Shrine]] (Q135070278) ... • No interwikis found
3481. [[Juniso Kumano Shrine]] (Q11568951) ... ✓ Added 3 interwikis
3482. [[Junshin]] (Q6606286) ... ✓ Added 1 interwikis
3483. [[Jurokuhashira Shrine]] (Q135195359) ... • No interwikis found
3484. [[Jurōjin]] (Q389611) ... ✓ Added 17 interwikis
3485. [[Jusen-ji]] (Q11676248) ... ✓ Added 1 interwikis
3486. [[Juuni Shrine]] (Q11404815) ... ✓ Added 1 interwikis
3487. [[Juuni-sho Shrine (Himeji)]] (Q17214620) ... ✓ Added 1 interwikis
3488. [[Juurokuhashira Shrine]] (Q135070059) ... • No interwikis found
3489. [[Juzo Shrine]] (Q135194932) ... • No interwikis found
3490. [[Jōdo Shinshū]] (Q912221) ... ✓ Added 23 interwikis
3491. [[Jōdo-shū]] (Q912208) ... ✓ Added 18 interwikis
3492. [[Jōe]] (Q3191229) ... ✓ Added 6 interwikis
3493. [[Jōfuku-in]] (Q97311737) ... ✓ Added 2 interwikis
3494. [[Jōgō (buying Ranks)]] (Q11495387) ... ✓ Added 1 interwikis
3495. [[Jōmon period]] (Q52824) ... ✓ Added 59 interwikis
3496. [[Jōnan-gū]] (Q11426034) ... ✓ Added 2 interwikis
3497. [[Jōnoyama Kofun]] (Q11425922) ... ✓ Added 2 interwikis
3498. [[Jōnozuka Kofun]] (Q17993480) ... ✓ Added 4 interwikis
3499. [[Jōrakuji-Nanatsuzuka Kofun Cluster]] (Q55524556) ... ✓ Added 2 interwikis
3500. [[Jōshi no Sechie]] (Q11358981) ... ✓ Added 1 interwikis
3501. [[Jōurugami Kofun]] (Q55537165) ... ✓ Added 3 interwikis
3502. [[Jōyama Cave Tomb Cluster]] (Q124713327) ... ✓ Added 1 interwikis
3503. [[Jōyama Kofun Group]] (Q117229625) ... ✓ Added 2 interwikis
3504. [[Jūgorō-ana Cave Tomb Cluster]] (Q11404830) ... ✓ Added 3 interwikis
3505. [[Jūgosha Shrine (Okaya City)]] (Q11404828) ... ✓ Added 1 interwikis
3506. [[Jūnisho Shrine]] (Q11404800) ... ✓ Added 1 interwikis
3507. [[Jūniten]] (Q9503981) ... ✓ Added 5 interwikis
3508. [[Jūrō Cave Tomb Cluster]] (Q11405183) ... ✓ Added 1 interwikis
3509. [[Jūsanpōzuka Site]] (Q104793514) ... ✓ Added 2 interwikis
3510. [[Jūzen no Mori Kofun]] (Q38279193) ... ✓ Added 2 interwikis
3511. [[Jūzenji]] (Q123524325) ... ✓ Added 2 interwikis
3512. [[Jūzō Shrine]] (Q135194908) ... • No interwikis found
3513. [[Kaasaryou Shrine]] (Q135070331) ... • No interwikis found
3514. [[Kaba Hachiman Shrine]] (Q135194694) ... • No interwikis found
3515. [[Kaba Shinmeigu Shrine]] (Q135192598) ... ✓ Added 1 interwikis
3516. [[Kabane]] (Q1664099) ... ✓ Added 14 interwikis
3517. [[Kabatakamo Shrine]] (Q128867071) ... ✓ Added 1 interwikis
3518. [[Kabe Island]] (Q11399769) ... ✓ Added 5 interwikis
3519. [[Kabu-ryō]] (Q11498153) ... ✓ Added 1 interwikis
3520. [[Kabura River]] (Q11651196) ... ✓ Added 2 interwikis
3521. [[Kaburagi Kofun Group]] (Q11622006) ... ✓ Added 1 interwikis
3522. [[Kabutoyama Kofun (Kumagaya)]] (Q17225835) ... ✓ Added 2 interwikis
3523. [[Kabutoyama Kofun (Okazaki)]] (Q48750143) ... ✓ Added 3 interwikis
3524. [[Kabutoyama Kofun (Yasu)]] (Q63386717) ... ✓ Added 2 interwikis
3525. [[Kabutoyama-dera Temple]] (Q28692326) ... ✓ Added 1 interwikis
3526. [[Kabutozuka Kofun]] (Q115931761) ... ✓ Added 1 interwikis
3527. [[Kabutozuka Kofun (Iwaki)]] (Q17990175) ... ✓ Added 2 interwikis
3528. [[Kabutozuka Kofun (Kyoto)]] (Q115858640) ... ✓ Added 2 interwikis
3529. [[Kabutozuka Kofun (Sakurai)]] (Q84638447) ... ✓ Added 2 interwikis
3530. [[Kabutozuka Kofun (Sendai)]] (Q11388841) ... ✓ Added 2 interwikis
3531. [[Kabutozuka Kofun (Shimotsuke)]] (Q30925678) ... ✓ Added 2 interwikis
3532. [[Kabutozuka Kofun (Yokohama)]] (Q119218468) ... ✓ Added 1 interwikis
3533. [[Kabuyama Kofun]] (Q17228158) ... ✓ Added 1 interwikis
3534. [[Kachihino Shrine]] (Q135040914) ... • No interwikis found
3535. [[Kachihinotakamori Shrine]] (Q135040915) ... • No interwikis found
3536. [[Kachimino Shrine]] (Q135040753) ... • No interwikis found
3537. [[Kachō]] (Q11385576) ... ✓ Added 1 interwikis
3538. [[Kada Kasuga Shrine]] (Q11398578) ... ✓ Added 2 interwikis
3539. [[Kaden Shrine]] (Q135039161) ... • No interwikis found
3540. [[Kadenokōji]] (Q11400103) ... ✓ Added 1 interwikis
3541. [[Kadenokōji Aritomi]] (Q11400104) ... ✓ Added 1 interwikis
3542. [[Kadenokōji family]] (Q11400106) ... ✓ Added 1 interwikis
3543. [[Kadoeno Shrine]] (Q135040925) ... • No interwikis found
3544. [[Kadosu Manako]] (Q11677231) ... ✓ Added 2 interwikis
3545. [[Kadotsuke]] (Q11654943) ... ✓ Added 1 interwikis
3546. [[Kaehime Shrine]] (Q11677210) ... ✓ Added 1 interwikis
3547. [[Kaehimeno Shrine]] (Q135041301) ... • No interwikis found
3548. [[Kaemon Takashima]] (Q11669621) ... ✓ Added 2 interwikis
3549. [[Kafu Shrine]] (Q135186749) ... • No interwikis found
3550. [[Kafu Shrine (Q135186750)]] (Q135186750) ... • No interwikis found
3551. [[Kafu Shrine (Q135186752)]] (Q135186752) ... • No interwikis found
3552. [[Kafuno Shrine]] (Q135039395) ... • No interwikis found
3553. [[Kafutohikono Shrine]] (Q135040316) ... • No interwikis found
3554. [[Kagami-no-Miya Shrine]] (Q16766631) ... ✓ Added 1 interwikis
3555. [[Kagami-no-Miya Shrine (Naiku)]] (Q17226516) ... ✓ Added 2 interwikis
3556. [[Kagami-tsukuri-ita Shrine]] (Q135185122) ... • No interwikis found
3557. [[Kagamitsukuri Ita Shrine]] (Q54153278) ... ✓ Added 1 interwikis
3558. [[Kagamitsukuri Nimasu Amateru Mitama Shrine]] (Q38278496) ... ✓ Added 2 interwikis
3559. [[Kagamitsukurimake Shrine]] (Q43594607) ... ✓ Added 1 interwikis
3560. [[Kagawa Gokoku Shrine]] (Q11667575) ... ✓ Added 2 interwikis
3561. [[Kagawake]] (Q17226573) ... ✓ Added 1 interwikis
3562. [[Kagi Shrine]] (Q10924131) ... ✓ Added 5 interwikis
3563. [[Kagi-no-miya (Kumano Hayatama Shrine)]] (Q135198056) ... • No interwikis found
3564. [[Kagoshima Gokoku Shrine]] (Q11676849) ... ✓ Added 2 interwikis
3565. [[Kagoshima Gosha]] (Q11676490) ... ✓ Added 1 interwikis
3567. [[Kagoshima Shrine (disambiguation)]] (Q11676982) ... ✓ Added 1 interwikis
3568. [[Kagoshima Shrine (Kagoshima City)]] (Q11676983) ... ✓ Added 1 interwikis
3569. [[Kagoshima Shrine (Tarumizu City)]] (Q11676981) ... ✓ Added 1 interwikis
3570. [[Kagoshima Technical High School]] (Q11676827) ... ✓ Added 1 interwikis
3571. [[Kagoyamano Shrine]] (Q135040075) ... • No interwikis found
3572. [[Kagu-tsuchi]] (Q1640658) ... ✓ Added 16 interwikis
3573. [[Kagura]] (Q1348260) ... ✓ Added 24 interwikis
3574. [[Kagura-den]] (Q94498) ... ✓ Added 7 interwikis
3575. [[Kaguraokahachimanguu]] (Q135070148) ... • No interwikis found
3576. [[Kaguraokahachimanguu (Q135070150)]] (Q135070150) ... • No interwikis found
3577. [[Kagutsuchino Shrine]] (Q135099012) ... • No interwikis found
3578. [[Kahaahino Shrine]] (Q135040472) ... • No interwikis found
3579. [[Kahaahino Shrine (Q135039330)]] (Q135039330) ... • No interwikis found
3580. [[Kahachitatanuhino Shrine]] (Q135040508) ... • No interwikis found
3581. [[Kahaheno Shrine]] (Q135041093) ... • No interwikis found
3582. [[Kahahino Shrine]] (Q135195104) ... • No interwikis found
3583. [[Kahakamikashihono Shrine]] (Q135038974) ... • No interwikis found
3584. [[Kahakamino Shrine]] (Q135041293) ... • No interwikis found
3585. [[Kahakamino Shrine (Q135040923)]] (Q135040923) ... • No interwikis found
3586. [[Kahakareno Shrine]] (Q135039798) ... • No interwikis found
3587. [[Kahakareno Shrine (Q135270298)]] (Q135270298) ... • No interwikis found
3588. [[Kahaketano Shrine]] (Q135039810) ... • No interwikis found
3589. [[Kahamatano Shrine]] (Q135039016) ... • No interwikis found
3590. [[Kahamatano Shrine (Q135039133)]] (Q135039133) ... • No interwikis found
3591. [[Kahamatano Shrine (Q135039358)]] (Q135039358) ... • No interwikis found
3592. [[Kahano Shrine]] (Q135039378) ... • No interwikis found
3593. [[Kaharano Shrine]] (Q135039553) ... • No interwikis found
3594. [[Kaharano Shrine (Q135270314)]] (Q135270314) ... • No interwikis found
3595. [[Kaharano- Shrine]] (Q135039266) ... • No interwikis found
3596. [[Kaharano- Shrine (Q135270137)]] (Q135270137) ... • No interwikis found
3597. [[Kahashimano Shrine]] (Q135039494) ... • No interwikis found
3598. [[Kahashimano Shrine (Q135039530)]] (Q135039530) ... • No interwikis found
3599. [[Kahashukuneno Shrine (Agatsuma District)]] (Q135194274) ... • No interwikis found
3600. [[Kahashukuneno Shrine (Gyokoda, Shibukawa City)]] (Q135194278) ... • No interwikis found
3601. [[Kahasukuneno Shrine]] (Q135039964) ... • No interwikis found
3602. [[Kahata Kamo Shrine]] (Q135192910) ... • No interwikis found
3603. [[Kahatano Shrine]] (Q135039796) ... • No interwikis found
3604. [[Kahawano Shrine]] (Q135039476) ... • No interwikis found
3605. [[Kahawinotsuki Shrine]] (Q135098813) ... • No interwikis found
3606. [[Kahinano Shrine]] (Q135039687) ... • No interwikis found
3607. [[Kahiruno Shrine]] (Q135040099) ... • No interwikis found
3608. [[Kahiruno Shrine (Q135040128)]] (Q135040128) ... • No interwikis found
3609. [[Kahirutanokuchino Shrine]] (Q135040133) ... • No interwikis found
3610. [[Kahisaya Shrine]] (Q135069972) ... • No interwikis found
3611. [[Kai Chōshizuka Kofun]] (Q11577925) ... ✓ Added 3 interwikis
3612. [[Kai Fudoki Hill]] (Q11515320) ... ✓ Added 2 interwikis
3613. [[Kai no Kuni no Miyatsuko]] (Q11577872) ... ✓ Added 1 interwikis
3614. [[Kai Shrine]] (Q11559097) ... ✓ Added 1 interwikis
3615. [[Kaibara Ekken]] (Q1721396) ... ✓ Added 15 interwikis
3616. [[Kaido Shrine]] (Q11559106) ... ✓ Added 2 interwikis
3617. [[Kaijin Shrine]] (Q11559099) ... ✓ Added 6 interwikis
3618. [[Kaijin Shrine (Kinokawa)]] (Q134888898) ... ✓ Added 1 interwikis
3619. [[Kaina Shrine]] (Q11577877) ... ✓ Added 2 interwikis
3620. [[Kaina Shrine (Q135193243)]] (Q135193243) ... • No interwikis found
3621. [[Kaina Shrine (Q135193244)]] (Q135193244) ... • No interwikis found
3622. [[Kainan Shrine]] (Q11558784) ... ✓ Added 2 interwikis
3623. [[Kaisei School]] (Q10855049) ... ✓ Added 3 interwikis
3624. [[Kaitenyama Kofun]] (Q11491385) ... ✓ Added 3 interwikis
3625. [[Kajiwara clan]] (Q11538831) ... ✓ Added 1 interwikis
3626. [[Kajiwara Shrine]] (Q136731845) ... ✓ Added 1 interwikis
3627. [[Kajiyama Kofun]] (Q11538863) ... ✓ Added 3 interwikis
3628. [[Kaka Shrine]] (Q11399719) ... ✓ Added 1 interwikis
3629. [[Kakamitsukuriitano Shrine]] (Q135039007) ... • No interwikis found
3630. [[Kakegi Kofun]] (Q126604634) ... ✓ Added 2 interwikis
3631. [[Kakeyu Onsen]] (Q11677198) ... ✓ Added 2 interwikis
3632. [[Kakise Kagura]] (Q11625568) ... ✓ Added 1 interwikis
3633. [[Kakitano Shrine]] (Q135039192) ... • No interwikis found
3634. [[Kakitano Shrine (Q135041179)]] (Q135041179) ... • No interwikis found
3635. [[Kakumino Shrine]] (Q135040363) ... • No interwikis found
3636. [[Kakumiya Shrine]] (Q135194966) ... • No interwikis found
3637. [[Kakuruno Shrine]] (Q135039588) ... • No interwikis found
3638. [[Kakuyano Shrine]] (Q135041189) ... • No interwikis found
3639. [[Kalpina]] (Q11399837) ... ✓ Added 1 interwikis
3640. [[Kama Shrine]] (Q135195503) ... • No interwikis found
3641. [[Kamado Shrine]] (Q11597744) ... ✓ Added 5 interwikis
3642. [[Kamaharano Shrine]] (Q135040473) ... • No interwikis found
3643. [[Kamakura Buddhism]] (Q11650874) ... ✓ Added 1 interwikis
3644. [[Kamakura-gū]] (Q710351) ... ✓ Added 7 interwikis
3645. [[Kamakura-style cave tombs]] (Q97576952) ... ✓ Added 1 interwikis
3646. [[Kamao Kofun]] (Q24866261) ... ✓ Added 4 interwikis
3647. [[Kamarano Shrine]] (Q135041396) ... • No interwikis found
3648. [[Kamatsuka Kofun]] (Q48759963) ... ✓ Added 3 interwikis
3649. [[Kamayama Shrine]] (Q11597743) ... ✓ Added 5 interwikis
3650. [[Kamazoku‑Miden Shrine]] (Q135186188) ... • No interwikis found
3651. [[Kambara Shrine]] (Q135195148) ... • No interwikis found
3652. [[Kamegamori-Chinjumori Kofun]] (Q11370710) ... ✓ Added 2 interwikis
3653. [[Kameido Sengen Shrine]] (Q11370954) ... ✓ Added 2 interwikis
3654. [[Kameido Tenjin Shrine]] (Q11370953) ... ✓ Added 7 interwikis
3655. [[Kamejima Shrine (reference)]] (Q135194760) ... • No interwikis found
3656. [[Kamenokoyama Kofun]] (Q11371013) ... ✓ Added 3 interwikis
3657. [[Kameyama Hachimangu Shrine]] (Q11370833) ... ✓ Added 2 interwikis
3658. [[Kameyama Hachimangū]] (Q11370831) ... ✓ Added 3 interwikis
3659. [[Kameyama Shrine]] (Q11370879) ... ✓ Added 2 interwikis
3660. [[Kameyama Shrine (Q135069232)]] (Q135069232) ... • No interwikis found
3661. [[Kamezuka Kofun]] (Q11370808) ... ✓ Added 3 interwikis
3662. [[Kami]] (Q524158) ... ✓ Added 61 interwikis
3663. [[Kami Asagi]] (Q48764287) ... ✓ Added 1 interwikis
3664. [[Kami Ōne]] (Q119380336) ... ✓ Added 1 interwikis
3665. [[Kami-Ishizu Misanzai Kofun]] (Q11359978) ... ✓ Added 3 interwikis
3666. [[Kami-Kamikawa Sumiyoshi Shrine]] (Q11381860) ... ✓ Added 2 interwikis
3667. [[Kami-no-Mii Shrine]] (Q17226402) ... ✓ Added 1 interwikis
3668. [[Kami-Yu Onsen]] (Q11359605) ... ✓ Added 2 interwikis
3669. [[Kamichikama Shrine]] (Q135187347) ... • No interwikis found
3670. [[Kamidana]] (Q327584) ... ✓ Added 23 interwikis
3671. [[Kamienyajizōyama Kofun]] (Q60987962) ... ✓ Added 3 interwikis
3672. [[Kamienyatsukiyama Kofun]] (Q55523209) ... ✓ Added 3 interwikis
3673. [[Kamifuna Tsuka Kofun]] (Q17990214) ... ✓ Added 4 interwikis
3674. [[Kamigaki Shrine]] (Q135186318) ... • No interwikis found
3675. [[Kamigami]] (Q125122761) ... ✓ Added 1 interwikis
3676. [[Kamigamo Shrine]] (Q700448) ... ✓ Added 27 interwikis
3677. [[Kamigoryō Shrine]] (Q11359018) ... ✓ Added 3 interwikis
3678. [[Kamiichinomiya Ōawa Shrine]] (Q11358379) ... ✓ Added 3 interwikis
3679. [[Kamiimai Katori Shrine]] (Q97190927) ... ✓ Added 2 interwikis
3680. [[Kamiishino Shrine]] (Q135039990) ... • No interwikis found
3681. [[Kamikawa Shrine]] (Q11358960) ... ✓ Added 5 interwikis
3682. [[Kamikikikatsu]] (Q106106971) ... ✓ Added 1 interwikis
3683. [[Kamikoso Shrine]] (Q11360119) ... ✓ Added 1 interwikis
3684. [[Kamikura Shrine]] (Q11588748) ... ✓ Added 3 interwikis
3685. [[Kamimakita Mukuge Shrine]] (Q135193391) ... • No interwikis found
3686. [[Kamimateinochi Shrine]] (Q135070170) ... • No interwikis found
3687. [[Kamimura Shrine (former site)]] (Q135186161) ... • No interwikis found
3688. [[Kamimusubi]] (Q3275901) ... ✓ Added 11 interwikis
3689. [[Kaminari Mihashira Shrine]] (Q135098970) ... • No interwikis found
3690. [[Kamine Futagozuka Kofun Group]] (Q11359424) ... ✓ Added 1 interwikis
3691. [[Kamineno Shrine]] (Q135041202) ... • No interwikis found
3692. [[Kaminifukahano Shrine]] (Q135039802) ... • No interwikis found
3693. [[Kamino Shrine (current site)]] (Q135195209) ... • No interwikis found
3694. [[Kamino- Shrine]] (Q135039648) ... • No interwikis found
3695. [[Kaminomura Shrine]] (Q59282633) ... ✓ Added 1 interwikis
3696. [[Kaminoyama Onsen]] (Q11358865) ... ✓ Added 2 interwikis
3697. [[Kamisamuraizuka Kofun]] (Q17990203) ... ✓ Added 2 interwikis
3698. [[Kamisawa Shrine]] (Q135192802) ... • No interwikis found
3699. [[Kamishima Shrine]] (Q135070201) ... • No interwikis found
3700. [[Kamishimano Shrine]] (Q135041231) ... • No interwikis found
3701. [[Kamishiro Shrine]] (Q135070132) ... • No interwikis found
3702. [[Kamisugi Izumuhime Shrine]] (Q135194918) ... • No interwikis found
3703. [[Kamisumuji Shrine]] (Q24874608) ... ✓ Added 1 interwikis
3704. [[Kamitakatsuki Shrine]] (Q11591046) ... ✓ Added 1 interwikis
3705. [[Kamitani-Tachi-no-Miya]] (Q104061132) ... ✓ Added 2 interwikis
3706. [[Kamitsu Unakami no Kuni Miyatsuko]] (Q11359572) ... ✓ Added 1 interwikis
3707. [[Kamitsuke no Kuni no Miyatsuko]] (Q11359471) ... ✓ Added 1 interwikis
3708. [[Kamitsukeno clan]] (Q11547765) ... ✓ Added 1 interwikis
3709. [[Kamitsukeno no Hirohito]] (Q45828852) ... ✓ Added 1 interwikis
3710. [[Kamitsukeno no Michiji]] (Q55406951) ... ✓ Added 1 interwikis
3711. [[Kamitsukeno no Tamichi]] (Q11359475) ... ✓ Added 2 interwikis
3712. [[Kamitsukeno no Wakatoko]] (Q55406948) ... ✓ Added 1 interwikis
3713. [[Kamitsuma Shrine]] (Q135192641) ... • No interwikis found
3714. [[Kamiumi]] (Q3545159) ... ✓ Added 11 interwikis
3715. [[Kamiyama No. 2 Kofun]] (Q130455347) ... ✓ Added 1 interwikis
3716. [[Kamiyama Shrine]] (Q135186409) ... • No interwikis found
3717. [[Kamiyo Ame Candy]] (Q125317286) ... ✓ Added 1 interwikis
3718. [[Kamiyonanayo]] (Q3275893) ... ✓ Added 11 interwikis
3719. [[Kamo Akimasa]] (Q73111790) ... ✓ Added 1 interwikis
3720. [[Kamo clan]] (Q2975287) ... ✓ Added 4 interwikis
3721. [[Kamo no Mabuchi]] (Q1343397) ... ✓ Added 13 interwikis
3722. [[Kamo no Mitsuyoshi]] (Q11634934) ... ✓ Added 1 interwikis
3723. [[Kamo no Okimi]] (Q55809532) ... ✓ Added 3 interwikis
3724. [[Kamo no Tadayuki]] (Q11634938) ... ✓ Added 2 interwikis
3725. [[Kamo River]] (Q27218) ... ✓ Added 25 interwikis
3726. [[Kamo Shrine]] (Q135039165) ... • No interwikis found
3727. [[Kamo Shrine (disambiguation)]] (Q11398885) ... ✓ Added 1 interwikis
3728. [[Kamo Shrine (Imizu)]] (Q17226778) ... ✓ Added 1 interwikis
3729. [[Kamo Shrine (Ise)]] (Q17226771) ... ✓ Added 1 interwikis
3730. [[Kamo Shrine (Q106301088)]] (Q106301088) ... ✓ Added 1 interwikis
3731. [[Kamo Shrine (Q11398661)]] (Q11398661) ... ✓ Added 1 interwikis
3732. [[Kamo Shrine (Q11634949)]] (Q11634949) ... ✓ Added 2 interwikis
3733. [[Kamo Shrine (Q11634952)]] (Q11634952) ... ✓ Added 2 interwikis
3734. [[Kamo Shrine (Q11675602)]] (Q11675602) ... ✓ Added 2 interwikis
3735. [[Kamo Shrine (Q11675604)]] (Q11675604) ... ✓ Added 2 interwikis
3736. [[Kamo Shrine (Q135040291)]] (Q135040291) ... • No interwikis found
3737. [[Kamo Shrine (Q135041288)]] (Q135041288) ... • No interwikis found
3738. [[Kamo Shrine (Q135069914)]] (Q135069914) ... • No interwikis found
3739. [[Kamo Shrine (Q135070168)]] (Q135070168) ... • No interwikis found
3740. [[Kamo Shrine (Q135070224)]] (Q135070224) ... • No interwikis found
3741. [[Kamo Shrine (Q135070332)]] (Q135070332) ... • No interwikis found
3742. [[Kamo Shrine (Q135194592)]] (Q135194592) ... • No interwikis found
3743. [[Kamo Shrine (Q135194975)]] (Q135194975) ... • No interwikis found
3744. [[Kamo Shrine (Q135195211)]] (Q135195211) ... • No interwikis found
3745. [[Kamo Shrine (Q54153261)]] (Q54153261) ... ✓ Added 2 interwikis
3746. [[Kamo Shrine (Sakaide)]] (Q11675600) ... ✓ Added 2 interwikis
3747. [[Kamo Shrine (Sendai City)]] (Q11634948) ... ✓ Added 2 interwikis
3748. [[Kamo Shrine (Tottori Nanbu)]] (Q131584091) ... ✓ Added 2 interwikis
3749. [[Kamo Shrine Remains]] (Q135185440) ... • No interwikis found
3750. [[Kamo shrines]] (Q1306606) ... ✓ Added 18 interwikis
3751. [[Kamo Tsuba Shrine]] (Q11675614) ... ✓ Added 2 interwikis
3752. [[Kamo Yamaguchi (Sawada) Shrine]] (Q135179289) ... • No interwikis found
3753. [[Kamo Yamaguchi Shrine]] (Q60988459) ... ✓ Added 1 interwikis
3754. [[Kamo-wake-ikazuchi-no-Kami]] (Q11634943) ... ✓ Added 4 interwikis
3755. [[Kamochi Shrine]] (Q246463) ... ✓ Added 4 interwikis
3756. [[Kamogami Shrine]] (Q135070272) ... • No interwikis found
3757. [[Kamogami Shrine (Q135070276)]] (Q135070276) ... • No interwikis found
3758. [[Kamohara Shrine]] (Q135045395) ... ✓ Added 1 interwikis
3759. [[Kamonahino Shrine]] (Q135041142) ... • No interwikis found
3760. [[Kamonaraita Shrine]] (Q11675603) ... ✓ Added 1 interwikis
3761. [[Kamono Shrine]] (Q135098878) ... • No interwikis found
3762. [[Kamono Shrine (Q135039432)]] (Q135039432) ... • No interwikis found
3763. [[Kamono Shrine (Q135039440)]] (Q135039440) ... • No interwikis found
3764. [[Kamono Shrine (Q135039667)]] (Q135039667) ... • No interwikis found
3765. [[Kamono Shrine (Q135041197)]] (Q135041197) ... • No interwikis found
3766. [[Kamono Shrine (Q135041213)]] (Q135041213) ... • No interwikis found
3767. [[Kamono Shrine (Q135041214)]] (Q135041214) ... • No interwikis found
3768. [[Kamono Shrine (Q135041305)]] (Q135041305) ... • No interwikis found
3769. [[Kamonohanino Shrine]] (Q135038775) ... • No interwikis found
3770. [[Kamonokahāhini Shrine]] (Q135038782) ... • No interwikis found
3771. [[Kamonookaminomikokaminushitama Shrine]] (Q66085127) ... ✓ Added 2 interwikis
3772. [[Kamori Shrine]] (Q135041054) ... • No interwikis found
3773. [[Kamoshimo Shrine]] (Q17226760) ... ✓ Added 2 interwikis
3774. [[Kamotakatano Shrine]] (Q135039141) ... • No interwikis found
3775. [[Kamotaketsunumi no Mikoto]] (Q11634939) ... ✓ Added 3 interwikis
3776. [[Kamowokamotono Shrine]] (Q135038783) ... • No interwikis found
3777. [[Kamoyamaguchino Shrine]] (Q135038774) ... • No interwikis found
3778. [[Kamubeno Shrine]] (Q135041116) ... • No interwikis found
3779. [[Kamuhano Shrine]] (Q135040215) ... • No interwikis found
3780. [[Kamuharano- Shrine]] (Q135038811) ... • No interwikis found
3781. [[Kamuhatano Shrine]] (Q135038837) ... • No interwikis found
3782. [[Kamuhatori Shrine]] (Q11590334) ... ✓ Added 1 interwikis
3783. [[Kamuheno Shrine]] (Q135039684) ... • No interwikis found
3784. [[Kamuheno Shrine (Q135039697)]] (Q135039697) ... • No interwikis found
3785. [[Kamuheno Shrine (Q135098975)]] (Q135098975) ... • No interwikis found
3786. [[Kamukahano Shrine]] (Q135038752) ... • No interwikis found
3787. [[Kamukakino Shrine]] (Q135039313) ... • No interwikis found
3788. [[Kamukushi no Mikoto]] (Q11590432) ... ✓ Added 2 interwikis
3789. [[Kamumeitsukino- Shrine]] (Q135040334) ... • No interwikis found
3790. [[Kamuna'obi]] (Q86725467) ... ✓ Added 1 interwikis
3791. [[Kamunahino Shrine]] (Q135040542) ... • No interwikis found
3792. [[Kamunazuka Kofun]] (Q11398722) ... ✓ Added 2 interwikis
3793. [[Kamuno Shrine]] (Q135040528) ... • No interwikis found
3794. [[Kamuno Shrine former site]] (Q135195210) ... • No interwikis found
3795. [[Kamunono Shrine]] (Q135041391) ... • No interwikis found
3796. [[Kamunono Shrine (Q135040493)]] (Q135040493) ... • No interwikis found
3797. [[Kamuo Ichihime]] (Q11588867) ... ✓ Added 3 interwikis
3798. [[Kamuohonamochimikono Shrine]] (Q135040955) ... • No interwikis found
3799. [[Kamuro-yama]] (Q11589461) ... ✓ Added 3 interwikis
3800. [[Kamurono Shrine]] (Q135040725) ... • No interwikis found
3801. [[Kamusakino Shrine]] (Q135039190) ... • No interwikis found
3802. [[Kamusakino Shrine (Q135039267)]] (Q135039267) ... • No interwikis found
3803. [[Kamusakino Shrine (Q135039396)]] (Q135039396) ... • No interwikis found
3804. [[Kamusakino Shrine (Q135041384)]] (Q135041384) ... • No interwikis found
3805. [[Kamusakino Shrine (Q135270136)]] (Q135270136) ... • No interwikis found
3806. [[Kamusohino Shrine]] (Q135040210) ... • No interwikis found
3807. [[Kamusukinoitsumuhimeno Shrine]] (Q135040330) ... • No interwikis found
3808. [[Kamutano Shrine]] (Q135041107) ... • No interwikis found
3809. [[Kamutano Shrine (Q135040286)]] (Q135040286) ... • No interwikis found
3810. [[Kamutano Shrine (Q135040507)]] (Q135040507) ... • No interwikis found
3811. [[Kamutano Shrine (Q135270353)]] (Q135270353) ... • No interwikis found
3812. [[Kamutono Shrine]] (Q135040383) ... • No interwikis found
3813. [[Kamutono Shrine (Q135040663)]] (Q135040663) ... • No interwikis found
3814. [[Kamutsuchikamano Shrine]] (Q135039546) ... • No interwikis found
3815. [[Kamuy]] (Q3275872) ... ✓ Added 11 interwikis
3816. [[Kamuy-huci]] (Q618113) ... ✓ Added 4 interwikis
3817. [[Kamuyaimimi]] (Q11588756) ... ✓ Added 6 interwikis
3818. [[Kamō Hachiman Shrine]] (Q11621339) ... ✓ Added 1 interwikis
3819. [[Kamō Hachiman Shrine (Aira)]] (Q11621340) ... ✓ Added 2 interwikis
3820. [[Kamō Hachiman Shrine (Kitakyushu)]] (Q11621338) ... ✓ Added 1 interwikis
3821. [[Kamō no Kusu]] (Q11621332) ... ✓ Added 2 interwikis
3822. [[Kan'ei-ji]] (Q3120766) ... ✓ Added 10 interwikis
3823. [[Kan'i Sōtō Table (Yōrō Ritsuryō1)]] (Q22816396) ... ✓ Added 1 interwikis
3824. [[Kan-no-Me Shrine]] (Q135194925) ... • No interwikis found
3825. [[Kana Calendars]] (Q11378351) ... ✓ Added 1 interwikis
3826. [[Kana Moritomo]] (Q11646497) ... ✓ Added 1 interwikis
3827. [[Kana Zakura Shrine]] (Q135193248) ... • No interwikis found
3828. [[Kanakurayama Kofun]] (Q55523295) ... ✓ Added 2 interwikis
3829. [[Kanamori Shigeyori]] (Q11647294) ... ✓ Added 1 interwikis
3830. [[Kanamurano Shrine]] (Q135038954) ... • No interwikis found
3831. [[Kanasa clan]] (Q11646498) ... ✓ Added 1 interwikis
3832. [[Kanasakura Shrine]] (Q135193245) ... • No interwikis found
3833. [[Kanasakura Shrine (Q135193246)]] (Q135193246) ... • No interwikis found
3834. [[Kanasakurano Shrine]] (Q135039689) ... • No interwikis found
3835. [[Kanasana Shrine]] (Q11647974) ... ✓ Added 4 interwikis
3836. [[Kanasana Shrine (disambiguation)]] (Q11647976) ... ✓ Added 1 interwikis
3837. [[Kanasukino Shrine]] (Q135040965) ... • No interwikis found
3838. [[Kanayama Kofun]] (Q11646971) ... ✓ Added 3 interwikis
3839. [[Kanayama-hiko and Kanayama-hime]] (Q4387856) ... ✓ Added 4 interwikis
3840. [[Kanayama-hiko Shrine]] (Q135194823) ... • No interwikis found
3841. [[Kanayamahikono Shrine]] (Q135039114) ... • No interwikis found
3842. [[Kanayamahimeno Shrine]] (Q135039115) ... • No interwikis found
3843. [[Kanayamano Shrine]] (Q135041557) ... • No interwikis found
3844. [[Kanazakura Shrine]] (Q11647310) ... ✓ Added 2 interwikis
3845. [[Kanazakura Shrine (Kai Province)]] (Q135069489) ... • No interwikis found
3846. [[Kanazakura Shrine (Q135069485)]] (Q135069485) ... • No interwikis found
3847. [[Kanazakura Shrine (Q135193249)]] (Q135193249) ... • No interwikis found
3848. [[Kanazakura Shrine (Yamanashi district)]] (Q135069491) ... • No interwikis found
3849. [[Kanazawa Gosha]] (Q11647381) ... ✓ Added 1 interwikis
3850. [[Kanazuka Kofun]] (Q103950200) ... ✓ Added 1 interwikis
3851. [[Kanbara Shrine]] (Q11588802) ... ✓ Added 2 interwikis
3852. [[Kanbara Shrine (Q63148107)]] (Q63148107) ... ✓ Added 2 interwikis
3853. [[Kanbashira-gū]] (Q3192663) ... ✓ Added 3 interwikis
3854. [[Kanbe (social class)]] (Q11589711) ... ✓ Added 2 interwikis
3855. [[Kanbe Kotachi Shinmeisha]] (Q11590193) ... ✓ Added 2 interwikis
3856. [[Kanbe Shrine]] (Q135193241) ... • No interwikis found
3857. [[Kanbe Shrine (Q135193242)]] (Q135193242) ... • No interwikis found
3858. [[Kanda Shrine]] (Q717682) ... ✓ Added 13 interwikis
3859. [[Kanda Shrine (Hakusan City)]] (Q135194806) ... • No interwikis found
3860. [[Kanda Shrine (Kanazawa City)]] (Q135194808) ... • No interwikis found
3861. [[Kanda Shrine (Oaza Fumon)]] (Q135193479) ... • No interwikis found
3862. [[Kanda Shrine (Q11590647)]] (Q11590647) ... ✓ Added 1 interwikis
3863. [[Kanda Shrine (Q135194816)]] (Q135194816) ... • No interwikis found
3864. [[Kandani Shrine]] (Q11590885) ... ✓ Added 4 interwikis
3865. [[Kandate Iino Takaichi Shrine]] (Q135186710) ... • No interwikis found
3866. [[Kandate Iino Takaichi Shrine Co-Enshrinement]] (Q135069242) ... • No interwikis found
3867. [[Kandate Shrine]] (Q135186612) ... • No interwikis found
3868. [[Kando Shrine]] (Q135195013) ... • No interwikis found
3869. [[Kanegasaki-gū]] (Q11647043) ... ✓ Added 5 interwikis
3870. [[Kaneno Shrine]] (Q135039533) ... • No interwikis found
3871. [[Kaneno Shrine (Q135270307)]] (Q135270307) ... • No interwikis found
3872. [[Kangi-in]] (Q11545320) ... ✓ Added 3 interwikis
3873. [[Kangō Shrine]] (Q11565493) ... ✓ Added 2 interwikis
3874. [[Kanhatorihatadono Shrine]] (Q135186223) ... • No interwikis found
3875. [[Kanira Shrine]] (Q135187273) ... • No interwikis found
3876. [[Kanisanakino Shrine]] (Q135040966) ... • No interwikis found
3877. [[Kanizawa Kofun]] (Q130240468) ... ✓ Added 1 interwikis
3878. [[Kanjo Nawa]] (Q30925247) ... ✓ Added 2 interwikis
3879. [[Kanjō]] (Q3215260) ... ✓ Added 4 interwikis
3880. [[Kanko Shrine]] (Q11418296) ... ✓ Added 2 interwikis
3881. [[Kankosahino Shrine]] (Q135098868) ... • No interwikis found
3882. [[Kanmaki Kudo Kofun Cluster]] (Q65247993) ... ✓ Added 3 interwikis
3883. [[Kanmine Shrine (Haramachi Ward)]] (Q135194399) ... • No interwikis found
3884. [[Kanmizu no Kake Odori]] (Q119303611) ... ✓ Added 1 interwikis
3885. [[Kanmuri Inari Shrine]] (Q11395055) ... ✓ Added 2 interwikis
3886. [[Kanmusuhitamano- Shrine]] (Q135041087) ... • No interwikis found
3887. [[Kannabi]] (Q11588874) ... ✓ Added 5 interwikis
3888. [[Kannabi Shrine (Fuchu city, Hiroshima)]] (Q104660635) ... ✓ Added 2 interwikis
3889. [[Kannagi (Shinto)]] (Q11264556) ... ✓ Added 2 interwikis
3890. [[Kannahino Shrine]] (Q135038807) ... • No interwikis found
3891. [[Kannamesai Festival]] (Q11255045) ... ✓ Added 3 interwikis
3892. [[Kannazuki]] (Q6364021) ... ✓ Added 5 interwikis
3893. [[Kanno Shrine]] (Q11590985) ... ✓ Added 1 interwikis
3894. [[Kanno Shrine (Q135070328)]] (Q135070328) ... • No interwikis found
3895. [[Kanno Shrine (Q135198162)]] (Q135198162) ... • No interwikis found
3896. [[Kanno Shrine (Q135198163)]] (Q135198163) ... • No interwikis found
3897. [[Kannon]] (Q7259245) ... ✓ Added 9 interwikis
3898. [[Kannon-in]] (Q3192708) ... ✓ Added 6 interwikis
3899. [[Kannon-in (Okaya City)]] (Q11630661) ... ✓ Added 1 interwikis
3900. [[Kannondaira-Tenjindō Kofun Group]] (Q17990293) ... ✓ Added 3 interwikis
3901. [[Kannonzuka Kofun]] (Q11630595) ... ✓ Added 4 interwikis
3902. [[Kannushi]] (Q60523) ... ✓ Added 20 interwikis
3903. [[Kano Shrine]] (Q17225745) ... ✓ Added 1 interwikis
3904. [[Kanoe (庚)]] (Q1078415) ... ✓ Added 12 interwikis
3905. [[Kanoto (辛)]] (Q1078450) ... ✓ Added 12 interwikis
3906. [[Kanpō (Japanese government gazette)]] (Q11452096) ... ✓ Added 6 interwikis
3907. [[Kansaki Shrine]] (Q135039831) ... • No interwikis found
3908. [[Kansha Shrine]] (Q135039271) ... • No interwikis found
3909. [[Kanshihyō]] (Q11481906) ... ✓ Added 1 interwikis
3910. [[Kanshiro Shrine]] (Q135040302) ... • No interwikis found
3911. [[Kanshirono Shrine]] (Q135041049) ... • No interwikis found
3912. [[Kansu-zuka Kofun]] (Q122375889) ... ✓ Added 2 interwikis
3913. [[Kantamaihotoshino Shrine]] (Q135040964) ... • No interwikis found
3914. [[Kantamainochinushino Shrine]] (Q135040954) ... • No interwikis found
3915. [[Kantamaitsunohimeno Shrine]] (Q135040976) ... • No interwikis found
3916. [[Kantamakotsunotama Shrine]] (Q135041074) ... • No interwikis found
3917. [[Kantamamikono Shrine]] (Q135040953) ... • No interwikis found
3918. [[Kantamano Shrine]] (Q135040977) ... • No interwikis found
3919. [[Kantano Shrine]] (Q135040292) ... • No interwikis found
3920. [[Kantano Shrine (Q135039789)]] (Q135039789) ... • No interwikis found
3921. [[Kanumi Shrine]] (Q17225472) ... ✓ Added 2 interwikis
3922. [[Kanwokano Shrine]] (Q135038931) ... • No interwikis found
3923. [[Kanzaki Manor]] (Q11589659) ... ✓ Added 1 interwikis
3924. [[Kanzan-ji Temple]] (Q11613536) ... ✓ Added 2 interwikis
3925. [[Kara Shrine]] (Q135020550) ... • No interwikis found
3926. [[Karahino Shrine]] (Q135039342) ... • No interwikis found
3927. [[Karai Shrine]] (Q17220848) ... ✓ Added 2 interwikis
3928. [[Karakamano Shrine]] (Q135041046) ... • No interwikis found
3929. [[Karakawa Shrine]] (Q83886404) ... ✓ Added 2 interwikis
3930. [[Karakuni Shrine]] (Q48762570) ... ✓ Added 2 interwikis
3931. [[Karakuni Shrine (Q135040666)]] (Q135040666) ... • No interwikis found
3932. [[Karakuniitatematsuruno Shrine]] (Q135041051) ... • No interwikis found
3933. [[Karakuniitateno Shrine]] (Q135040786) ... • No interwikis found
3934. [[Karakuniitateno Shrine (Q135040908)]] (Q135040908) ... • No interwikis found
3935. [[Karakuniitateno Shrine (Q135040960)]] (Q135040960) ... • No interwikis found
3936. [[Karakuniitateno Shrine (Q135041044)]] (Q135041044) ... • No interwikis found
3937. [[Karakunino- Shrine]] (Q135041488) ... • No interwikis found
3938. [[Karakuri Shrine]] (Q135070107) ... • No interwikis found
3939. [[Karakuri Shrine (Q135070106)]] (Q135070106) ... • No interwikis found
3940. [[Karamon]] (Q3192940) ... ✓ Added 8 interwikis
3941. [[Karanogosho Cave Tomb]] (Q17990243) ... ✓ Added 2 interwikis
3942. [[Karasaki Shrine]] (Q11418537) ... ✓ Added 2 interwikis
3943. [[Karasaki Shrine (Q135193743)]] (Q135193743) ... • No interwikis found
3944. [[Karasawayama Shrine]] (Q11418605) ... ✓ Added 4 interwikis
3945. [[Karashima Clan]] (Q120336421) ... ✓ Added 1 interwikis
3946. [[Karasu Shrine]] (Q135186444) ... • No interwikis found
3947. [[Karatachi Shrine]] (Q135040593) ... • No interwikis found
3948. [[Karatoyama Kofun]] (Q11418587) ... ✓ Added 1 interwikis
3949. [[Kariguri Ōtsuka Kofun]] (Q11637613) ... ✓ Added 2 interwikis
3950. [[Karinono Shrine]] (Q135040515) ... • No interwikis found
3951. [[Karita Shrine]] (Q134892535) ... ✓ Added 1 interwikis
3952. [[Karitahikono Shrine]] (Q135040070) ... • No interwikis found
3953. [[Karitahimeno Shrine]] (Q135040071) ... • No interwikis found
3954. [[Karitamineno Shrine]] (Q135039983) ... • No interwikis found
3955. [[Karonono Shrine]] (Q135039811) ... • No interwikis found
3956. [[Karukomuranimasu Shrine]] (Q54153276) ... ✓ Added 1 interwikis
3957. [[Karuno Shrine]] (Q119929619) ... ✓ Added 1 interwikis
3958. [[Karuno Shrine (Iwakura)]] (Q135193541) ... • No interwikis found
3959. [[Karuno Shrine (Kano)]] (Q135193540) ... • No interwikis found
3960. [[Karuno Shrine (Q135193619)]] (Q135193619) ... • No interwikis found
3961. [[Karuno Shrine (Q135193620)]] (Q135193620) ... • No interwikis found
3962. [[Kasado Shrine]] (Q11398475) ... ✓ Added 2 interwikis
3963. [[Kasaharano Shrine]] (Q135039936) ... • No interwikis found
3964. [[Kasahayano Shrine]] (Q135040219) ... • No interwikis found
3965. [[Kasama Inari Shrine]] (Q704876) ... ✓ Added 8 interwikis
3966. [[Kasamano Shrine]] (Q135040254) ... • No interwikis found
3967. [[Kasamano Shrine (Q135040284)]] (Q135040284) ... • No interwikis found
3968. [[Kasami Shrine]] (Q11398477) ... ✓ Added 2 interwikis
3969. [[Kasano Shrine]] (Q135194824) ... • No interwikis found
3970. [[Kasano Shrine (Kaga Province)]] (Q135069932) ... • No interwikis found
3971. [[Kasano Shrine (Q135069927)]] (Q135069927) ... • No interwikis found
3972. [[Kasano Shrine (Q135069931)]] (Q135069931) ... • No interwikis found
3973. [[Kasano Shrine (Q135194830)]] (Q135194830) ... • No interwikis found
3974. [[Kasano Shrine (Q135194831)]] (Q135194831) ... • No interwikis found
3975. [[Kasanono Shrine]] (Q135040299) ... • No interwikis found
3976. [[Kasanuimura]] (Q11599947) ... ✓ Added 1 interwikis
3977. [[Kasayano Shrine]] (Q135039703) ... • No interwikis found
3978. [[Kasechino Shrine]] (Q135039317) ... • No interwikis found
3979. [[Kashihahimeno Shrine]] (Q135041377) ... • No interwikis found
3980. [[Kashihara Archaeological Institute]] (Q11445218) ... ✓ Added 3 interwikis
3981. [[Kashihara Shrine]] (Q710333) ... ✓ Added 10 interwikis
3982. [[Kashihara- Shrine]] (Q135040339) ... • No interwikis found
3983. [[Kashii-gū]] (Q631373) ... ✓ Added 6 interwikis
3984. [[Kashiko-dokoro]] (Q11635085) ... ✓ Added 1 interwikis
3985. [[Kashiko-dokoro Mikagura]] (Q131912992) ... ✓ Added 1 interwikis
3986. [[Kashiko-dokoro Riding Car]] (Q11635084) ... ✓ Added 3 interwikis
3987. [[Kashikuri Shrine]] (Q11398800) ... ✓ Added 2 interwikis
3988. [[Kashima Amatarashi Wake Shrine]] (Q11677110) ... ✓ Added 2 interwikis
3989. [[Kashima Amatarashiwake Shrine]] (Q20043641) ... ✓ Added 1 interwikis
3990. [[Kashima Jingu]] (Q706499) ... ✓ Added 13 interwikis
3991. [[Kashima Miko Shrine]] (Q17223553) ... ✓ Added 2 interwikis
3992. [[Kashima Miko Shrine (Q11677124)]] (Q11677124) ... ✓ Added 2 interwikis
3993. [[Kashima Onata Shrine]] (Q11677158) ... ✓ Added 2 interwikis
3994. [[Kashima Onata Shrine (Q135194329)]] (Q135194329) ... • No interwikis found
3995. [[Kashima Shrine]] (Q135195015) ... • No interwikis found
3996. [[Kashima Shrine (Fukushima)]] (Q28687197) ... ✓ Added 2 interwikis
3997. [[Kashima Shrine (Kunimi, Date District)]] (Q135194335) ... • No interwikis found
3998. [[Kashima Shrine (Oda, Fukushima City)]] (Q135194333) ... • No interwikis found
3999. [[Kashima Shrine (Okajima, Fukushima City)]] (Q135194334) ... • No interwikis found
4000. [[Kashima Shrine (Q135039996)]] (Q135039996) ... • No interwikis found
4001. [[Kashima Shrine (Q135040000)]] (Q135040000) ... • No interwikis found
4002. [[Kashima Shrine (Q135069030)]] (Q135069030) ... ✓ Added 1 interwikis
4003. [[Kashima Shrine (Q135069590)]] (Q135069590) ... • No interwikis found
4004. [[Kashima Shrine (Q135069647)]] (Q135069647) ... • No interwikis found
4005. [[Kashima Shrine (Q135069663)]] (Q135069663) ... • No interwikis found
4006. [[Kashima Shrine (Q135069862)]] (Q135069862) ... • No interwikis found
4007. [[Kashima Shrine (Q135193647)]] (Q135193647) ... • No interwikis found
4008. [[Kashima Shrine (Q135193655)]] (Q135193655) ... • No interwikis found
4009. [[Kashima Shrine (Toriyano, Fukushima City)]] (Q135194332) ... • No interwikis found
4010. [[Kashima Shrine (Yoshida-saku, Watari Town, Watari District, Miyagi Prefecture)]] (Q135194327) ... • No interwikis found
4011. [[Kashima Shrines]] (Q11677154) ... ✓ Added 1 interwikis
4012. [[Kashima Tenashiwake Shrine]] (Q135194316) ... • No interwikis found
4013. [[Kashima Tenashiwake Shrine (Q135194319)]] (Q135194319) ... • No interwikis found
4014. [[Kashima-Itsunohikeno Shrine]] (Q135039994) ... • No interwikis found
4015. [[Kashimawonatano Shrine]] (Q135039995) ... • No interwikis found
4016. [[Kashinashino Shrine]] (Q135039121) ... • No interwikis found
4017. [[Kashiwa Shrine]] (Q11533858) ... ✓ Added 2 interwikis
4018. [[Kashiwade no Oiratsume]] (Q11612414) ... ✓ Added 1 interwikis
4019. [[Kashiya Cave Tombs]] (Q22118267) ... ✓ Added 3 interwikis
4020. [[Kasuga Gongen Genki E]] (Q6374869) ... ✓ Added 4 interwikis
4021. [[Kasuga Mandalas]] (Q11513629) ... ✓ Added 2 interwikis
4022. [[Kasuga Mukaiyama Kofun]] (Q11513590) ... ✓ Added 2 interwikis
4023. [[Kasuga no Iratsume]] (Q11088801) ... ✓ Added 4 interwikis
4024. [[Kasuga Shrine]] (Q135040125) ... • No interwikis found
4025. [[Kasuga Shrine (Inabe)]] (Q11513660) ... ✓ Added 2 interwikis
4026. [[Kasuga Shrine (Kasuga)]] (Q11513666) ... ✓ Added 3 interwikis
4027. [[Kasuga Shrine (Kitakyūshū)]] (Q11513659) ... ✓ Added 2 interwikis
4028. [[Kasuga Shrine (Q11513674)]] (Q11513674) ... ✓ Added 3 interwikis
4029. [[Kasuga Shrine (Q135041146)]] (Q135041146) ... • No interwikis found
4030. [[Kasuga Shrine (Q135068885)]] (Q135068885) ... • No interwikis found
4031. [[Kasuga Shrine (Q135069108)]] (Q135069108) ... • No interwikis found
4032. [[Kasuga Shrine (Q135069130)]] (Q135069130) ... • No interwikis found
4033. [[Kasuga Shrine (Q135069920)]] (Q135069920) ... • No interwikis found
4034. [[Kasuga Shrine (Q135070057)]] (Q135070057) ... • No interwikis found
4035. [[Kasuga Shrine (Q135070319)]] (Q135070319) ... • No interwikis found
4036. [[Kasuga Shrine (Q135190257)]] (Q135190257) ... • No interwikis found
4037. [[Kasuga Shrine (Q135193662)]] (Q135193662) ... • No interwikis found
4038. [[Kasuga Shrine (Q135194511)]] (Q135194511) ... • No interwikis found
4039. [[Kasuga Shrine (Q135194563)]] (Q135194563) ... • No interwikis found
4040. [[Kasuga Shrine (Q135194673)]] (Q135194673) ... • No interwikis found
4041. [[Kasuga Shrine (Q135194697)]] (Q135194697) ... • No interwikis found
4042. [[Kasuga Shrine (Q135194755)]] (Q135194755) ... • No interwikis found
4043. [[Kasuga Shrine (Q135195348)]] (Q135195348) ... • No interwikis found
4044. [[Kasuga Shrine (Q135206806)]] (Q135206806) ... • No interwikis found
4045. [[Kasuga Shrine (Seki)]] (Q11513677) ... ✓ Added 2 interwikis
4046. [[Kasuga Shrine (Tanba-Sasayama)]] (Q10855012) ... ✓ Added 3 interwikis