================================================================================
AUTHENTICATION
================================================================================
✓ Logged in
✓ Got CSRF token

================================================================================
ADDING P1 Q10 TO ALL LEXEMES (USING WORKING METHOD)
================================================================================

Processing L1... ✓ (already has P1 Q10)
✓ (already has P1 Q10)
✓ (already has P1 Q10)
✓ (added)
Processing L2... ✓ (already has P1 Q10)
✓ (already has P1 Q10)
✓ (already has P1 Q10)
✓ (added)
Processing L3... ✓ (already has P1 Q10)
✓ (already has P1 Q10)
✓ (already has P1 Q10)
✓ (added)
Processing L4... ✓ (already has P1 Q10)
✓ (already has P1 Q10)
✓ (already has P1 Q10)
✓ (added)
Processing L5... ✓ (already has P1 Q10)
✓ (already has P1 Q10)
✓ (already has P1 Q10)
✓ (added)
Processing L6... ✓ (already has P1 Q10)
✓ (already has P1 Q10)
✓ (already has P1 Q10)
✓ (added)
Processing L7... ✓ (already has P1 Q10)
✓ (already has P1 Q10)
✓ (already has P1 Q10)
✓ (added)
Processing L8... ✓ (already has P1 Q10)
✓ (already has P1 Q10)
✓ (already has P1 Q10)
✓ (added)
Processing L9... ✓ (already has P1 Q10)
✓ (already has P1 Q10)
✓ (already has P1 Q10)
✓ (added)
Processing L10... ✓ (already has P1 Q10)
✓ (already has P1 Q10)
✓ (already has P1 Q10)
✓ (added)
Processing L11... ✓ (already has P1 Q10)
✓ (already has P1 Q10)
✓ (already has P1 Q10)
✓ (added)
Processing L12... ✓ (already has P1 Q10)
✓ (already has P1 Q10)
✓ (already has P1 Q10)
✓ (added)
Processing L13... ✓ (already has P1 Q10)
✓ (already has P1 Q10)
✓ (already has P1 Q10)
✓ (added)
Processing L14... ✓ (already has P1 Q10)
✓ (already has P1 Q10)
✓ (already has P1 Q10)
✓ (added)
Processing L15... ✓ (already has P1 Q10)
✓ (already has P1 Q10)
✓ (already has P1 Q10)
✓ (added)
Processing L16... ✓ (already has P1 Q10)
✓ (already has P1 Q10)
✓ (already has P1 Q10)
✓ (added)
Processing L17... ✓ (already has P1 Q10)
✓ (already has P1 Q10)
✓ (already has P1 Q10)
✓ (added)
Processing L18... ✓ (already has P1 Q10)
✓ (already has P1 Q10)
✓ (already has P1 Q10)
✓ (added)
Processing L19... ✓ (already has P1 Q10)
✓ (already has P1 Q10)
✓ (already has P1 Q10)
✓ (added)
Processing L20... ✓ (already has P1 Q10)
✓ (already has P1 Q10)
✓ (already has P1 Q10)
✓ (added)
Processing L21... ✓ (already has P1 Q10)
✓ (already has P1 Q10)
✓ (already has P1 Q10)
✓ (added)
Processing L22... ✓ (already has P1 Q10)
✓ (already has P1 Q10)
✓ (already has P1 Q10)
✓ (added)
Processing L23... ✓ (already has P1 Q10)
✓ (already has P1 Q10)
✓ (already has P1 Q10)
✓ (added)
Processing L24... ✓ (already has P1 Q10)
✓ (already has P1 Q10)
✓ (already has P1 Q10)
✓ (added)
Processing L25... ✓ (already has P1 Q10)
✓ (already has P1 Q10)
✓ (already has P1 Q10)
✓ (added)
Processing L26... ✓ (already has P1 Q10)
✓ (already has P1 Q10)
✓ (already has P1 Q10)
✓ (added)
Processing L27... ✓ (already has P1 Q10)
✓ (already has P1 Q10)
✓ (already has P1 Q10)
✓ (added)
Processing L28... ✓ (already has P1 Q10)
✓ (already has P1 Q10)
✓ (already has P1 Q10)
✓ (added)
Processing L29... ✓ (already has P1 Q10)
✓ (already has P1 Q10)
✓ (already has P1 Q10)
✓ (added)
Processing L30... ✓ (already has P1 Q10)
✓ (already has P1 Q10)
✓ (already has P1 Q10)
✓ (added)
Processing L31... ✓ (already has P1 Q10)
✓ (already has P1 Q10)
✓ (already has P1 Q10)
✓ (added)
Processing L32... ✓ (already has P1 Q10)
✓ (already has P1 Q10)
✓ (already has P1 Q10)
✓ (added)
Processing L33... ✓ (already has P1 Q10)
✓ (already has P1 Q10)
✓ (added)
Processing L34... ✓ (already has P1 Q10)
✓ (already has P1 Q10)
✓ (added)
Processing L35... ✓ (already has P1 Q10)
✓ (already has P1 Q10)
✓ (added)
Processing L36... ✓ (already has P1 Q10)
✓ (already has P1 Q10)
✓ (added)
Processing L37... ✓ (already has P1 Q10)
✓ (already has P1 Q10)
✓ (added)
Processing L38... ✓ (already has P1 Q10)
✓ (already has P1 Q10)
✓ (added)
Processing L39... ✓ (already has P1 Q10)
✓ (already has P1 Q10)
✓ (added)
Processing L40... ✓ (already has P1 Q10)
✓ (already has P1 Q10)
✓ (added)
Processing L41... ✓ (already has P1 Q10)
✓ (already has P1 Q10)
✓ (added)
Processing L42... ✓ (already has P1 Q10)
✓ (already has P1 Q10)
✓ (added)
Processing L43... ✓ (already has P1 Q10)
✓ (already has P1 Q10)
✓ (added)
Processing L44... ✓ (already has P1 Q10)
✓ (already has P1 Q10)
✓ (added)
Processing L45... ✓ (already has P1 Q10)
✓ (already has P1 Q10)
✓ (added)
Processing L46... ✓ (already has P1 Q10)
✓ (already has P1 Q10)
✓ (added)
Processing L47... ✓ (already has P1 Q10)
✓ (already has P1 Q10)
✓ (added)
Processing L48... ✓ (already has P1 Q10)
✓ (already has P1 Q10)
✓ (added)
Processing L49... ✓ (already has P1 Q10)
✓ (already has P1 Q10)
✓ (added)
Processing L50... ✓ (already has P1 Q10)
✓ (already has P1 Q10)
✓ (added)
Processing L51... ✓ (already has P1 Q10)
✓ (already has P1 Q10)
✓ (added)
Processing L52... ✓ (already has P1 Q10)
✓ (already has P1 Q10)
✓ (added)
Processing L53... ✓ (already has P1 Q10)
✓ (already has P1 Q10)
✓ (added)
Processing L54... ✓ (already has P1 Q10)
✓ (already has P1 Q10)
✓ (added)
Processing L55... ✓ (already has P1 Q10)
✓ (already has P1 Q10)
✓ (added)
Processing L56... ✓ (already has P1 Q10)
✓ (already has P1 Q10)
✓ (added)
Processing L57... ✓ (already has P1 Q10)
✓ (already has P1 Q10)
✓ (added)
Processing L58... ✓ (already has P1 Q10)
✓ (already has P1 Q10)
✓ (added)
Processing L59... ✓ (already has P1 Q10)
✓ (already has P1 Q10)
✓ (added)
Processing L60... ✓ (already has P1 Q10)
✓ (already has P1 Q10)
✓ (added)
Processing L61... ✓ (already has P1 Q10)
✓ (already has P1 Q10)
✓ (added)
Processing L62... ✓ (already has P1 Q10)
✓ (already has P1 Q10)
✓ (added)
Processing L63... ✓ (already has P1 Q10)
✓ (already has P1 Q10)
✓ (added)
Processing L64... ✓ (already has P1 Q10)
✓ (already has P1 Q10)
✓ (added)
Processing L65... ✓ (already has P1 Q10)
✓ (already has P1 Q10)
✓ (added)
Processing L66... ✓ (already has P1 Q10)
✓ (already has P1 Q10)
✓ (added)
Processing L67... ✓ (already has P1 Q10)
✓ (already has P1 Q10)
✓ (added)
Processing L68... ✓ (already has P1 Q10)
✓ (already has P1 Q10)
✓ (already has P1 Q10)
✓ (added)
Processing L69... ✓ (already has P1 Q10)
✓ (already has P1 Q10)
✓ (already has P1 Q10)
✓ (added)
Processing L70... ✗ (not found)
Processing L71... ✓ (already has P1 Q10)
✓ (already has P1 Q10)
✓ (already has P1 Q10)
✓ (added)
Processing L72... ✓ (already has P1 Q10)
✓ (already has P1 Q10)
✓ (added)
Processing L73... ✓ (already has P1 Q10)
✓ (already has P1 Q10)
✓ (added)
Processing L74... ✓ (already has P1 Q10)
✓ (already has P1 Q10)
✓ (added)
Processing L75... ✓ (already has P1 Q10)
✓ (already has P1 Q10)
✓ (already has P1 Q10)
✓ (already has P1 Q10)
✓ (already has P1 Q10)
✓ (already has P1 Q10)
✓ (added)

================================================================================
RESULTS
================================================================================
✓ Successfully added P1 Q10: 261
⟳ Already had P1 Q10: 187
⊘ Skipped (not found): L70

SUCCESS! P1 Q10 has been added to all (or almost all) lexemes!
Total with P1 Q10: 448/75
