Logged in to wiki

Reading [[User:Immanuelle/Broken wikidata links]]...
Found 45 pages to fix

1. [[Hayashi Shrine (Akashi)]] - added {{wikidata link|Q11533249}}
2. [[Hayashi Shrine (Tonami)]] - added {{wikidata link|Q22120029}}
3. [[Kami-Kamikawa Sumiyoshi Shrine]] - added {{wikidata link|Q11381860}}
4. [[List of Shikinaisha in Ise Province]] - already has wikidata link, skipping
5. [[List of Shikinaisha in Yamato Province]] - already has wikidata link, skipping
6. [[Nihon Law School]] - added {{wikidata link|Q11508454}}
7. [[Ogami Shrine (Tonami City)]] - added {{wikidata link|Q11659237}}
8. [[Okami Shrine (Kishiwada)]] - added {{wikidata link|Q11493040}}
9. [[Oyama Shrine (Tateyama)]] - added {{wikidata link|Q11659204}}
10. [[Sakino Shrine]] - added {{wikidata link|Q135038846}}
11. [[Sawawachigi Shrine]] - added {{wikidata link|Q56352076}}
12. [[Sumuchisoneno Shrine]] - added {{wikidata link|Q135039200}}
13. [[Susami Ōji Shrine]] - added {{wikidata link|Q11416878}}
14. [[Tachibino Shrine]] - added {{wikidata link|Q135039152}}
15. [[Tada Shrine (Tabuto Shrine)]] - added {{wikidata link|Q48757073}}
16. [[Taimayamaguchi Shrine]] - already has wikidata link, skipping
17. [[Taimayamakuchino Shrine]] - already has wikidata link, skipping
18. [[Taka- Shrine]] - added {{wikidata link|Q135038838}}
19. [[Takahokono Shrine]] - added {{wikidata link|Q135038973}}
20. [[Takamahiko Shrine]] - added {{wikidata link|Q650253}}
21. [[Takamakishino Shrine]] - added {{wikidata link|Q135038967}}
22. [[Takamanoyamasatawono Shrine]] - added {{wikidata link|Q135038969}}
23. [[Takamefu Shrine]] - added {{wikidata link|Q11669105}}
24. [[Takamiyano Shrine]] - added {{wikidata link|Q135039125}}
25. [[Takamiyaohomorino Shrine]] - added {{wikidata link|Q135039126}}
26. [[Takashino Shrine]] - added {{wikidata link|Q11672588}}
27. [[Takatsunono Shrine]] - added {{wikidata link|Q135038981}}
28. [[Takayaaheno Shrine]] - added {{wikidata link|Q135039001}}
29. [[Takayano Shrine]] - added {{wikidata link|Q135039109}}
30. [[Takechino Miagata Shrine]] - added {{wikidata link|Q43594646}}
31. [[Takeokami Shrine]] - added {{wikidata link|Q11438318}}
32. [[Taketano Shrine]] - added {{wikidata link|Q135039030}}
33. [[Takinomotono Shrine]] - added {{wikidata link|Q135039022}}
34. [[Tamanooya Shrine]] - added {{wikidata link|Q11572730}}
35. [[Tamatsurano Shrine]] - added {{wikidata link|Q135098832}}
36. [[Tameno Shrine]] - added {{wikidata link|Q135098897}}
37. [[Tanakurahiko Shrine]] - added {{wikidata link|Q54153264}}
38. [[Tsukiyomi-no-Miya (Naiku)]] - added {{wikidata link|Q11516220}}
39. [[Tsurukinushino Shrine]] - added {{wikidata link|Q135038987}}
40. [[Tsutsumine Shrine]] - added {{wikidata link|Q11427995}}
41. [[dry-lacquer coffin]] - already has wikidata link, skipping
42. [[jinaimachi]] - already has wikidata link, skipping
43. [[koseki system in classical Japan]] - already has wikidata link, skipping
44. [[six heavens of the desire realm]] - already has wikidata link, skipping
45. [[stone slab tomb]] - already has wikidata link, skipping

=== SUMMARY ===
Added: 36
Failed: 0
Skipped (already had template): 9
Total processed: 45
