Connecting to wiki...
Logged in successfully
Found 454 unique Japanese links
  平安時代 → Q193292
  登録有形文化財 → Q11579194
  日本気象協会 → Q11508437
  6月18日 → Q2670
  戦国時代 (日本) → Q204023
  高倉下 → Q11668757
  富士氏 → Q11456091
  2月23日 → Q2352
  片桐且元 → Q1882775
  東谷山 → Q11528351
  2007年 → Q2024
  明治 → Q3125096
  愛知郡 (愛知県) → Q552687
  1377年 → Q6289
  久久能智神 → (no QID)
  伊弉册尊 → (no QID)
  11月3日 → Q2995
  信仰 → Q5410500
  神宮 → Q120680118
  玄宗 (唐) → Q9746
  2013年 → Q1998
  元亀 → Q1145064
  足利氏 → Q725370
  鈴鹿山脈 → Q7651163
  新嘗祭 → Q11501518
  大祓 → Q11261910
  治安 (元号) → Q1150852
  重要文化財 → Q1188622
  石清水八幡宮 → Q710098
  明治天皇 → Q174231
  1630年 → Q6856
  前畑秀子 → Q271612
  おかげ横丁 → Q11261371
  徹社 → Q55537218
  ニニギ → Q1056017
  1988年 → Q2426
  築地塀 → Q11603471
  剣の宝庫 草薙館 → Q110259947
  天道日女命 → Q121355874
  1920年 → Q2155
  占い#卜（ぼく） → Q1043197
  2005年 → Q2019
  十団子 → Q11404985
  回遊式庭園 → Q11420231
  1946年 → Q18610
  建武 (日本) → Q1193970
  神社本庁 → Q908077
  岬 → Q185113
  5月1日 → Q2544
  スサノオ → Q272993
  尾張戸神社 → Q11465305
  荒魂 → (no QID)
  菅原道真 → Q382005
  吉備武彦命 → (no QID)
  1878年 → Q7776
  前方後円墳 → Q11268718
  尾張徳川家 → Q841740
  4月3日 → Q2509
  龍影閣 → Q11679252
  アメリカ軍 → Q11211
  1963年 → Q2755
  徳川家光 → Q314481
  646年 → Q33285
  平成 → Q234510
  1950年 → Q18597
  1560年 → Q6613
  養成施設 → Q11666832
  明治節 → Q11512398
  1194年 → Q19743
  瑞渓周鳳 → Q11573918
  5月9日 → Q2556
  伊弉諾尊 → (no QID)
  尾張員職 → (no QID)
  1936年 → Q18649
  二階堂氏 → Q2000952
  907年 → Q24163
  名古屋市営バス → Q11414982
  八雲神社 (八雲町) → Q11391848
  2月11日 → Q2335
  真清田神社 → Q705916
  3月17日 → Q2419
  市杵島姫命 → (no QID)
  断夫山古墳 → Q5221001
  延長 (元号) → Q1327274
  近代社格制度 → Q712534
  尾張職子 → Q136215642
  1889年 → Q7831
  1月1日 → Q2150
  南新宮社#曽志茂利社 → Q55537221
  10月20日 → Q2959
  1948年 → Q5165
  伊勢湾 → Q1368308
  愛知県 → Q80434
  北設楽郡 → Q605134
  東関紀行 → Q11528660
  神体 → Q327532
  大山津見神 → (no QID)
  豊臣秀吉 → Q187550
  大日本帝国陸軍 → Q276535
  浅野長政 → Q1067546
  朝苧社 → Q85881022
  外孫 → Q11430412
  神道指令 → Q3029647
  長野県 → Q127877
  秋分の日 → Q1186410
  国道19号 → Q899326
  天野信景 → Q6535030
  南新宮社 → Q55537221
  草薙剣盗難事件 → Q861812
  香淳皇后 → Q230697
  元伊勢 → Q11387775
  天孫降臨 → Q1084733
  佐久間盛次 → Q10885892
  8月15日 → Q2774
  別当 → Q2900274
  尾張氏 → Q11465311
  二海郡 → Q532276
  氷上姉子神社 → Q11549548
  高座結御子神社 → Q11669906
  寛永 → Q1192913
  神輿 → Q979940
  2011年 → Q1994
  神宮式年遷宮 → Q3959472
  源義朝 → Q532301
  大伴武日命 → (no QID)
  12月31日 → Q2912
  干拓 → Q106259
  足利尊氏 → Q297107
  松本市 → Q213324
  戦前#日本史における「戦前」 → Q7239276
  朱鳥 → Q777413
  角田忠行 → Q18338718
  倭姫命 → Q4388732
  668年 → Q30116
  徳川義直 → Q1136186
  井上寛司 → Q11372970
  慶応 → Q776775
  勅祭社 → Q175288
  7月1日 → Q2700
  蜂須賀家政 → Q1073557
  織田信長 → Q171411
  延喜 → Q1374325
  2024年 → Q49619
  元始祭 → Q11387821
  皇霊祭 → Q6455253
  尾張国内神名帳 → Q11041830
  飛騨国 → Q1056535
  熱田駅 → Q871814
  桑名宿 → Q3069785
  イクツヒコネ → Q11147583
  6月30日 → Q2657
  蝦夷征討 → (no QID)
  官幣大社 → Q10209769
  太平洋戦争 → Q184425
  東海道名所図会 → Q48746095
  算額 → Q2569069
  宮簀媛 → Q11455216
  708年 → Q23511
  1195年 → Q19745
  熱田公 → Q11569110
  1932年 → Q18743
  志紀郡 → Q11491125
  5月14日 (旧暦) → Q839544
  宮宿 → Q3033374
  大宮熱田神社 → Q11434437
  守山区 → Q1155291
  瀬戸市 → Q499493
  1966年 → Q2649
  天照大神 → Q455602
  神勅 → Q11588781
  延喜式 → Q1342448
  仲哀天皇 → Q179971
  古事記 → Q813031
  712年 → Q23521
  岩出市 → Q579623
  尾張造 → Q11465322
  5月8日 → Q2555
  舞 → Q109903880
  千秋季信 → Q116937389
  千秋季隆 → Q48760362
  御井神 → (no QID)
  益田孝 → Q786186
  東栄町 → Q1354877
  1月15日 → Q2260
  白鳥古墳 (名古屋市) → Q11580543
  徳川家康 → Q171977
  豊鍬入姫命 → Q10532771
  二階堂行政 → Q11371903
  佐久間勝之 → Q10885889
  鈴之御前社 → Q11648360
  1968年 → Q2644
  熱田神宮能楽殿 → Q11569117
  1465年 → Q6556
  1月5日 → Q2202
  天文 (元号) → Q1192853
  5月5日 → Q2550
  干潟 → Q31796
  託宣 → (no QID)
  11月1日 → Q2997
  熱田神楽・宮流神楽 → Q11569119
  北海道 → Q35581
  神楽 → Q1348260
  神の井酒造 → Q22125473
  皇室 → Q909452
  伊吹山 → Q2624360
  古代 → Q41493
  神仙 → (no QID)
  名鉄常滑線 → Q6810420
  日本書紀 → Q813935
  天岩戸 → Q3231835
  貞治 → Q1146153
  天火明命 → Q10940411
  天叢雲剣 → Q14944
  1957年 → Q5311
  事代主 → Q8009611
  豊臣秀頼 → Q313641
  壇ノ浦の戦い → Q968676
  ヤマタノオロチ → Q1054437
  弟橘媛命 → (no QID)
  1月11日 → Q2247
  蓬萊 → Q798391
  真敷刀俾命 → (no QID)
  6月5日 → Q2622
  塙保己一 → Q6537362
  正一位 → Q11123258
  熱田区 → Q1355625
  12月20日 → Q2455
  拡張現実 → Q254183
  927年 → Q30470
  歳旦祭 → Q11546824
  あつたnagAya → Q130240709
  千秋季光 → Q95512679
  源頼朝 → Q242800
  伊勢神宮 → Q687168
  1890年 → Q7832
  大年神 → (no QID)
  永和 (日本) → Q1145780
  天智天皇 → Q314802
  2016年 → Q25245
  アメノオシホミミ → Q462555
  1914年 → Q2083
  1977年 → Q2481
  5月6日 → Q2552
  和銅 → Q1373026
  田心姫命 → (no QID)
  1月12日 → Q2248
  尾張清稲 → (no QID)
  永徳 → Q1145805
  大宮神社 (岩出市) → Q11434451
  紀元節 → Q11604982
  2021年 → Q49628
  琴弾原 → (no QID)
  1947年 → Q5263
  5月19日 (旧暦) → Q839577
  宿場 → Q1209783
  湍津姫命 → (no QID)
  名古屋市 → Q11751
  渟名城入媛命 → (no QID)
  新羅 → Q28456
  神宮前駅 → Q6202481
  礼代 → (no QID)
  河村たかし → Q440000
  東京大学史料編纂所 → Q11524667
  続日本後紀 → Q1041301
  乎止與命 → (no QID)
  2005年日本国際博覧会 → Q1054110
  大和国 → Q907495
  上皇明仁 → (no QID)
  草薙剣 → (no QID)
  徳川将軍家 → (no QID)
  日本大国魂神 → (no QID)
  尾張国風土記 → Q135598023
  7月31日 → Q2715
  永禄 → Q1143341
  天津彦根命 → (no QID)
  加藤清正 → Q1069843
  1989年 → Q2425
  日本神話 → Q814158
  又兵衛 → Q122382294
  一宮 → Q1656379
  一之御前神社 → Q55539277
  名古屋鉄道 → Q30850
  尾張名所図会 → Q11465290
  三浦正幸 → Q11356475
  寛正 → Q1143928
  1871年 → Q7746
  名古屋市営地下鉄 → Q1144874
  勾玉 → Q334232
  五十鈴川 → Q6089522
  古市里 → (no QID)
  昭和天皇 → Q34479
  土用 → Q11423778
  天皇誕生日 → Q72318
  唐 → Q9683
  門前町 → Q10564515
  藤原村椙 → (no QID)
  1955年 → Q18577
  縄文海進 → Q834405
  宮司 → Q11453500
  9月19日 → Q2896
  1382年 → Q6335
  2009年 → Q1996
  天穂日命 → (no QID)
  熱田神宮伝馬町駅 → Q970033
  養老 → Q1373061
  1991年 → Q2062
  熱田神宮宝物館 → Q11569116
  明応 → Q1193841
  神社 → Q845945
  熊野櫲樟日命 → (no QID)
  8月8日 → Q2780
  上皇后美智子 → Q87610
  日本紀略 → Q1053542
  徳川秀忠 → Q314464
  720年 → Q23539
  大正天皇 → Q157052
  足利義康 → (no QID)
  名神大社 → Q9610964
  能褒野王塚古墳 → Q11612067
  佐久間信盛 → Q3275789
  東海道線 (名古屋地区) → Q11235139
  邇邇芸命 → (no QID)
  名古屋城#本丸御殿 → Q648629
  由良御前 → Q11577620
  楊貴妃 → Q298046
  9月6日 → Q2858
  東海道五十三次 → Q3134262
  康保 → Q1327182
  熱田台地 → Q30922940
  八剣宮 → Q55533377
  千木・鰹木 → Q87220234
  神 (神道)#八百万の神 → Q524158
  967年 → Q23699
  1868年 → Q7717
  熱田空襲 → Q11569122
  大国主 → Q276944
  名古屋市営地下鉄名城線 → Q906775
  藤原南家 → Q2975332
  神野金之助 (2代目) → Q26485958
  2018年 → Q25291
  別表神社 → Q10898274
  名鉄名古屋本線 → Q1137838
  藤原氏 → Q641628
  桶狭間の戦い → Q349422
  1571年 → Q6666
  海道記 → Q11559314
  三種の神器 → Q327465
  八雲町 → Q1354242
  神宮 (名古屋市) → Q30934394
  上島享 → Q24576799
  和歌山県 → Q131314
  天鈿女命 → (no QID)
  国宝 → Q1139795
  広島大学 → Q115220
  江戸時代 → Q184963
  東海旅客鉄道 → Q513679
  2017年 → Q25290
  罔象女神 → (no QID)
  6月1日 → Q2625
  平凡社 → Q11482108
  千秋季忠 → Q11405793
  宇迦之御魂神 → (no QID)
  和魂 → (no QID)
  足利義持 → Q466287
  1335年 → Q6011
  日本三代実録 → Q1052981
  1945年 → Q5240
  南新宮社#八子社 → Q55537221
  厳島神主家 → Q11410131
  2022年 → Q49625
  1月3日 → Q2156
  成務天皇 → Q316672
  5月31日 → Q2591
  初詣 → Q1032381
  1190年 → Q19736
  神仏分離令 → (no QID)
  正徳 (日本) → Q1193848
  大江広元 → Q384829
  建久 → Q1193933
  藤原季範 → Q11623142
  天保 → Q1369045
  少彦名命 → (no QID)
  祈年祭 → Q118906710
  5月13日 → Q2560
  式内社 → (no QID)
  釈日本紀 → Q2710483
  8月21日 → Q2823
  尾崎久彌 → Q11465166
  氷河時代 → Q49367
  大政所 → Q5353737
  神職 → Q60523
  686年 → Q30619
  クスノキ → Q158722
  1936年ベルリンオリンピック → Q8150
  尾張志 → (no QID)
  勲一等 → (no QID)
  12月25日 → Q2745
  ヤマトタケル → Q461258
  南新宮社#南新宮社祭 → Q55537221
  1839年 → Q7616
  今上天皇 → Q8195432
  熱田神宮西駅 → Q903638
  大化 → Q1077930
  神明造 → Q930545
  1893年 → Q7840
  1916年 → Q2087
  織田信秀 → Q1153962
  例祭 → Q11385469
  1906年 → Q2049
  春分の日 → Q1049141
  飛騨一宮水無神社 → Q704865
  七里の渡し → Q11353711
  建稲種命 → Q11486691
  全日本大学駅伝対校選手権大会 → Q11390082
  形代 → Q11487867
  河内国 → Q1047150
  昭和区 → Q1155273
  景行天皇 → Q329723
  10月17日 → Q2962
  勅令 → Q67421961
  5月4日 → Q2549
  尾張国 → Q514506
  昭和 → Q327567
  西行 → Q224689
  1月7日 → Q2228
✓ Converted 513 links on [[Atsuta Shrine]]
