Logged in to wiki

Reading wikidata_links_all_pages.csv...
Found 16710 pages to check

Checking pages on wiki...
  4. Page exists but missing template: [[2003 Murder of Japanese Diplomats in Iraq]]
  5. Page exists but missing template: [[2009 Summer Kōshien]]
  80. Page exists but missing template: [[Akasaka Tennozan Kofun]]
  100. Page exists but missing template: [[Ako Goshi Festival]]
  136. Page exists but missing template: [[Amanotanagao Shrine]]
  208. Page exists but missing template: [[Ancient Japanese Census Registration System]]
  315. Page exists but missing template: [[Ashizumi Jinja / Yukisugi Tenmangū]]
  456. Page exists but missing template: [[Benzaiten shrines]]
  477. Page exists but missing template: [[Boutros Boutros-Ghali]]
  485. Page exists but missing template: [[Breakthrough (military)]]
  486. Page exists but missing template: [[Breath of Fire]]
  488. Page exists but missing template: [[Briar (software)]]
  635. Page exists but missing template: [[Category:12th-century Japanese people by occupation]]
  953. Page exists but missing template: [[Category:1873 disestablishments in Japan]]
  1012. Page exists but missing template: [[Category:18th century in international relations]]
  1077. Page exists but missing template: [[Category:1916 establishments]]
  1109. Page exists but missing template: [[Category:1934 births]]
  1138. Page exists but missing template: [[Category:1940s in Southeast Asia]]
  1234. Page exists but missing template: [[Category:19th century in international relations]]
  1287. Page exists but missing template: [[Category:1st-millennium establishments]]
  1306. Page exists but missing template: [[Category:2008 video games]]
  1321. Page exists but missing template: [[Category:20th century in Indonesia]]
  1368. Page exists but missing template: [[Category:20th-century women by occupation]]
  1389. Page exists but missing template: [[Category:21st-century women by occupation]]
  1417. Page exists but missing template: [[Category:3rd-century establishments in Japan]]
  1421. Page exists but missing template: [[Category:3rd-century religious buildings and structures]]
  1445. Page exists but missing template: [[Category:5th-century BC Indian people by occupation]]
  1448. Page exists but missing template: [[Category:5th-century BC philosophers]]
  1511. Page exists but missing template: [[Category:6th-century BC Indian people by occupation]]
  1514. Page exists but missing template: [[Category:6th-century BC philosophers]]
  1527. Page exists but missing template: [[Category:6th-century monarchs]]
  1532. Page exists but missing template: [[Category:6th-century women]]
  1540. Page exists but missing template: [[Category:708 establishments]]
  1618. Page exists but missing template: [[Category:7th-century beginnings]]
  1702. Page exists but missing template: [[Category:8th-century women]]
  1752. Page exists but missing template: [[Category:9th-century Buddhist monks]]
  1777. Page exists but missing template: [[Category:AFC drafts using comment template with second parameter]]
  2049. Page exists but missing template: [[Category:American men centenarians]]
  2071. Page exists but missing template: [[Category:Ancient Chinese states]]
  2087. Page exists but missing template: [[Category:Ancient Indian philosophers]]
  2090. Page exists but missing template: [[Category:Ancient Japan-Korea relations]]
  2134. Page exists but missing template: [[Category:Animation terminology]]
  2142. Page exists but missing template: [[Category:Annual events]]
  2196. Page exists but missing template: [[Category:Archaeological Sites in Japan by Period]]
  2197. Page exists but missing template: [[Category:Archaeological Sites in Japan by Prefecture]]
  2322. Page exists but missing template: [[Category:Architecture of Maebashi City]]
  2402. Page exists but missing template: [[Category:Articles containing Gothic-language text]]
  2406. Page exists but missing template: [[Category:Articles containing Icelandic-language text]]
  2424. Page exists but missing template: [[Category:Articles containing Russian-language text]]
  2427. Page exists but missing template: [[Category:Articles containing Spanish-language text]]
  2488. Page exists but missing template: [[Category:Articles lacking in-text citations from March 2013]]
  2491. Page exists but missing template: [[Category:Articles lacking in-text citations from March 2023]]
  2517. Page exists but missing template: [[Category:Articles lacking reliable references from March 2021]]
  2532. Page exists but missing template: [[Category:Articles lacking sources from August 2017]]
  2653. Page exists but missing template: [[Category:Articles needing additional references from May 2012]]
  2666. Page exists but missing template: [[Category:Articles needing additional references from November 2019]]
  2687. Page exists but missing template: [[Category:Articles needing cleanup]]
  2765. Page exists but missing template: [[Category:Articles with dead external links from February 2018]]
  2784. Page exists but missing template: [[Category:Articles with dead external links from May 2019]]
  2785. Page exists but missing template: [[Category:Articles with dead external links from May 2020]]
  2796. Page exists but missing template: [[Category:Articles with dead external links from September 2018]]
  2799. Page exists but missing template: [[Category:Articles with disputed statements from April 2023]]
  2826. Page exists but missing template: [[Category:Articles with incorrect citation syntax]]
  2895. Page exists but missing template: [[Category:Articles with unsourced statements from January 2013]]
  2900. Page exists but missing template: [[Category:Articles with unsourced statements from January 2023]]
  2919. Page exists but missing template: [[Category:Articles with unsourced statements from March 2010]]
  3085. Page exists but missing template: [[Category:Astronomical coordinate systems]]
  3089. Page exists but missing template: [[Category:Astronomical sub-disciplines]]
  3156. Page exists but missing template: [[Category:Bambooworking]]
  3226. Page exists but missing template: [[Category:Biota of Japan]]
  3274. Page exists but missing template: [[Category:Books about religion]]
  3290. Page exists but missing template: [[Category:Brewed Alcoholic Beverages]]
  3382. Page exists but missing template: [[Category:Buddhist enumerations of 4]]
  3398. Page exists but missing template: [[Category:Buddhist miracles]]
  3504. Page exists but missing template: [[Category:Buildings and structures by construction material]]
  3525. Page exists but missing template: [[Category:Buildings and structures completed in the 12th century BC]]
  3703. Page exists but missing template: [[Category:Buildings in Awa City]]
  3707. Page exists but missing template: [[Category:Buildings in Chigasaki City]]
  3739. Page exists but missing template: [[Category:Buildings in Fukushima Prefecture by Municipality]]
  3760. Page exists but missing template: [[Category:Buildings in Hanno City]]
  3772. Page exists but missing template: [[Category:Buildings in Higashinari-ku, Osaka]]
  3775. Page exists but missing template: [[Category:Buildings in Higashiyama Ward]]
  3812. Page exists but missing template: [[Category:Buildings in Itoshima City]]
  3860. Page exists but missing template: [[Category:Buildings in Kanagawa Ward]]
  3895. Page exists but missing template: [[Category:Buildings in Kokura-Kita Ward]]
  3899. Page exists but missing template: [[Category:Buildings in Komatsushima, Tokushima]]
  3993. Page exists but missing template: [[Category:Buildings in Nishiwaki]]
  4070. Page exists but missing template: [[Category:Buildings in Suminoe-ku, Osaka]]
  4091. Page exists but missing template: [[Category:Buildings in Tanba, Hyogo]]
  4116. Page exists but missing template: [[Category:Buildings in Toyooka]]
  4172. Page exists but missing template: [[Category:Business economics]]
  4289. Page exists but missing template: [[Category:Characters in the Odyssey]]
  4530. Page exists but missing template: [[Category:Civil awards and decorations of Poland]]
  4702. Page exists but missing template: [[Category:Commercial Facilities in Kinki Region]]
  4709. Page exists but missing template: [[Category:Commons category link from Wikidata]]
  4754. Page exists but missing template: [[Category:Confucian schools of thought]]
  4896. Page exists but missing template: [[Category:Cultural heritage monuments (buildings)]]
  5002. Page exists but missing template: [[Category:Culture of Europe]]
  5087. Page exists but missing template: [[Category:Dai-gensui]]
  5159. Page exists but missing template: [[Category:Decades in Indonesia]]
  5311. Page exists but missing template: [[Category:Discrimination]]
  5369. Page exists but missing template: [[Category:Districts of Kii Province]]
  5416. Page exists but missing template: [[Category:Domains in Higo Province]]
  5444. Page exists but missing template: [[Category:Drafts]]
  5676. Page exists but missing template: [[Category:Eighteen Matsudaira Families]]
  5739. Page exists but missing template: [[Category:Encyclopedias by language]]
  5766. Page exists but missing template: [[Category:Enumerations of 15]]
  5856. Page exists but missing template: [[Category:European gods]]
  5864. Page exists but missing template: [[Category:Events and Festivals of Gunma Prefecture]]
  5867. Page exists but missing template: [[Category:Events and Festivals of Nara Prefecture]]
  5870. Page exists but missing template: [[Category:Events and Festivals of Yamagata Prefecture]]
  5882. Page exists but missing template: [[Category:Events in Okayama prefecture]]
  6176. Page exists but missing template: [[Category:Flora of Asia]]
  6178. Page exists but missing template: [[Category:Flora of Eastern Asia]]
  6246. Page exists but missing template: [[Category:Foreign relations of the Ming dynasty]]
  6322. Page exists but missing template: [[Category:Former Higher Education Institutions in Japan]]
  6368. Page exists but missing template: [[Category:Former Prefectural Shrines in Yamagata Prefecture]]
  6370. Page exists but missing template: [[Category:Former Prefectural Shrines in Yamanashi Prefecture]]
  6388. Page exists but missing template: [[Category:Former Unranked Shrines in Tokushima Prefecture]]
  6522. Page exists but missing template: [[Category:Fukui Domain]]
  6623. Page exists but missing template: [[Category:Geography books]]
  6634. Page exists but missing template: [[Category:Geography of Aomori Prefecture by Municipality]]
  6967. Page exists but missing template: [[Category:Government of Taiwan]]
  7014. Page exists but missing template: [[Category:Gruppe von Gottheiten]]
  7266. Page exists but missing template: [[Category:Hiroshima Prefecture designated important cultural property]]
  7285. Page exists but missing template: [[Category:Historic monuments of ancient Nara]]
  7382. Page exists but missing template: [[Category:History of Aichi Prefecture by Municipality]]
  7490. Page exists but missing template: [[Category:History of India by period]]
  7524. Page exists but missing template: [[Category:History of Komatsushima]]
  7620. Page exists but missing template: [[Category:History of Sakai Ward]]
  7637. Page exists but missing template: [[Category:History of Setouchi]]
  7668. Page exists but missing template: [[Category:History of Suminoe-ku, Osaka]]
  7700. Page exists but missing template: [[Category:History of Tenri City]]
  7734. Page exists but missing template: [[Category:History of Tsuyama City]]
  7873. Page exists but missing template: [[Category:History of the foreign relations of Russia]]
  7909. Page exists but missing template: [[Category:Honorary Titles]]
  7914. Page exists but missing template: [[Category:Horror literature]]
  7918. Page exists but missing template: [[Category:Hospitals in Miyazaki prefecture]]
  8057. Page exists but missing template: [[Category:Image Requests for Naruto]]
  8074. Page exists but missing template: [[Category:Image Requests for Tokushima City]]
  8079. Page exists but missing template: [[Category:Image Requests for Yoshinogawa City]]
  8081. Page exists but missing template: [[Category:Image requests in Anan City]]
  8082. Page exists but missing template: [[Category:Image requests in Awa City]]
  8156. Page exists but missing template: [[Category:Imperial Shrines]]
  8241. Page exists but missing template: [[Category:Ina Branch of the Minamoto Clan]]
  8286. Page exists but missing template: [[Category:Indian philosophers by century]]
  8957. Page exists but missing template: [[Category:Japanese poetry collections]]
  9416. Page exists but missing template: [[Category:Komatsushima, Tokushima Image Requests]]
  9550. Page exists but missing template: [[Category:LGBTQ history in Greece]]
  9551. Page exists but missing template: [[Category:LGBTQ themes in mythology]]
  9717. Page exists but missing template: [[Category:Leisure]]
  9964. Page exists but missing template: [[Category:Martial Art Styles Founded Since the Meiji Era]]
  10015. Page exists but missing template: [[Category:Medical Institutions of the National Hospital Organization]]
  10151. Page exists but missing template: [[Category:Military history of China]]
  10176. Page exists but missing template: [[Category:Military of China]]
  10348. Page exists but missing template: [[Category:Modified Gregorian calendars]]
  10495. Page exists but missing template: [[Category:Municipal History of Awa]]
  10597. Page exists but missing template: [[Chikatsu Shrine (Shimotsuma)]]
  10662. Page exists but missing template: [[Comm]]
  10921. Page exists but missing template: [[Enumerations of 99]]
  11020. Page exists but missing template: [[Fujinomori Shrine (Settsu)]]
  11119. Page exists but missing template: [[Futazukayama Kofun (Setouchi City)]]
  11181. Page exists but missing template: [[Goryo Shrine (Miyamae, Fujisawa)]]
  11294. Page exists but missing template: [[Hakusan-yabu Kofun]]
  11379. Page exists but missing template: [[Heguri Nimasukishi Shrine]]
  11451. Page exists but missing template: [[Hime Shrine]]
  11467. Page exists but missing template: [[Himukai Daijingu]]
  11600. Page exists but missing template: [[Hozumi Yashiro]]
  11605. Page exists but missing template: [[Hozumi no Oi]]
  11626. Page exists but missing template: [[Hōnensai]]
  11655. Page exists but missing template: [[Ichitanidani Munakata Shrine]]
  11794. Page exists but missing template: [[Isezuka Kofun (Chūō City)]]
  11801. Page exists but missing template: [[Ishigami Shrine (Kashiwabara)]]
  11829. Page exists but missing template: [[Isobe-no-Ogōn-den]]
  11835. Page exists but missing template: [[Isononimasu-takumushitama Shrine]]
  11869. Page exists but missing template: [[Iwa Shrine]]
  11914. Page exists but missing template: [[Izudono Shrine]]
  11921. Page exists but missing template: [[Izumo Furune]]
  11978. Page exists but missing template: [[Japan Law School]]
  11993. Page exists but missing template: [[Japanese-Chinese Synthesis]]
  12002. Page exists but missing template: [[Jingu calendar]]
  12014. Page exists but missing template: [[Jinko (Shinto Shrine Fiefs)]]
  12289. Page exists but missing template: [[Kamiiya Daawa Shrine]]
  12336. Page exists but missing template: [[Kamotsuba Shrine]]
  12361. Page exists but missing template: [[Kanasa clan]]
  12414. Page exists but missing template: [[Karl Marx]]
  12463. Page exists but missing template: [[Katatsuka Kofun (Shimotsuke)]]
  12550. Page exists but missing template: [[Kenmunakata Tomino Mikoto Hikokamiwake Shrine]]
  12666. Page exists but missing template: [[Kiyotaki Shrine (Urayasu City)]]
  12719. Page exists but missing template: [[Konda Hachimangu]]
  12750. Page exists but missing template: [[Kose no Kurohito]]
  12764. Page exists but missing template: [[Kotai Jingu (Fujisawa City)]]
  12787. Page exists but missing template: [[Koushintsuka Kofun]]
  12788. Page exists but missing template: [[Koushinzuka-kofun (Nagano-Iizuna)]]
  12844. Page exists but missing template: [[Kumenomiagata Shrine]]
  12861. Page exists but missing template: [[Kunitsuyashirokannoyashiro Shrine]]
  12909. Page exists but missing template: [[Kushitama Hime-no-Mikoto Shrine]]
  12963. Page exists but missing template: [[Kōshin]]
  12984. Page exists but missing template: [[Kōzuka Kofun (Shimotsuke)]]
  13010. Page exists but missing template: [[List of Kuni no Miyatsuko]]
  13121. Page exists but missing template: [[Main Page]]
  13130. Page exists but missing template: [[Makimuku-type keyhole-shaped Kofuns]]
  13310. Page exists but missing template: [[Mikukurumitama Shrine]]
  13384. Page exists but missing template: [[Mitake Shrine (Shibuya Ward)]]
  13410. Page exists but missing template: [[Miwa-jinja (Nakagawa, Tochigi)]]
  13592. Page exists but missing template: [[N-5]]
  13702. Page exists but missing template: [[Nasu Ogawa Kofun Group]]
  13936. Page exists but missing template: [[Ogami Jinja]]
  13974. Page exists but missing template: [[Okami Shrine]]
  13976. Page exists but missing template: [[Okami Shrine (Kishiwada)]]
  13994. Page exists but missing template: [[Okita-no-Kami]]
  14025. Page exists but missing template: [[Omuro Sengen Shrine (Ōasomi, Fujiyoshida)]]
  14321. Page exists but missing template: [[Rendaiji (Kurashiki)]]
  14368. Page exists but missing template: [[S-5]]
  14492. Page exists but missing template: [[Sakurai Shrine (Sakai)]]
  14513. Page exists but missing template: [[Sangoku Sōden In'yō Kankatsu Hoki Naiden Kin'u Gyokuto Shū]]
  14611. Page exists but missing template: [[Sekigawa Shrine (Kishiwada)]]
  14700. Page exists but missing template: [[Sexagenary cycle german style]]
  14731. Page exists but missing template: [[Shakain (Ikeda)]]
  14807. Page exists but missing template: [[Shikobuchi Jinja (Takashima City, Azumi-gawa Town, Nakano)]]
  14834. Page exists but missing template: [[Shimotsuke no Komaro]]
  15140. Page exists but missing template: [[Sumiyoshi Taisha]]
  15157. Page exists but missing template: [[Susami-ōji Shrine]]
  15270. Page exists but missing template: [[Taiseki Sarcophagus Tomb]]
  15275. Page exists but missing template: [[Taisho Festival]]
  15348. Page exists but missing template: [[Take Rokusho Shrine]]
  15412. Page exists but missing template: [[Tamawakasu-no-mikoto Shrine]]
  15413. Page exists but missing template: [[Tamawakasumikoto Shrine]]
  15460. Page exists but missing template: [[Tatsuta Shrine]]
  15471. Page exists but missing template: [[Tejikarao Shrine (Kakamigahara)]]
  15574. Page exists but missing template: [[Template:Sexagenary cycle comprehensive]]
  15637. Page exists but missing template: [[Template:堂上家一覧]]
  15701. Page exists but missing template: [[Template:節リンク]]
  15702. Page exists but missing template: [[Template:節リンク/doc]]
  15717. Page exists but missing template: [[Template:近代社格制度]]
  15772. Page exists but missing template: [[Tennōzan Kofun (Sakurai)]]
  15838. Page exists but missing template: [[Todorokihimenomikoto Shrine]]
  15855. Page exists but missing template: [[Tokoyo-Hime Shrine]]
  15856. Page exists but missing template: [[Tokoyokihime Shrine]]
  15882. Page exists but missing template: [[Tomobayashi Shrine]]
  15883. Page exists but missing template: [[Tomobayashiuji Shrine]]
  15907. Page exists but missing template: [[Totoro-hime-no-Mikoto Shrine]]
  16013. Page exists but missing template: [[Tsukiyomi-no-Miya (Geku)]]
  16014. Page exists but missing template: [[Tsukiyomi-no-Miya (Naiku)]]
  16023. Page exists but missing template: [[Tsukushi Characters]]
  16056. Page exists but missing template: [[Tsurunoyu Onsen]]
  16111. Page exists but missing template: [[Uchi Shirine]]
  16113. Page exists but missing template: [[Uchi-irozumi-no-Mikoto]]
  16268. Page exists but missing template: [[Warabite-to]]
  16360. Page exists but missing template: [[Yamanashi Prefecture Sone Kyuryo Park]]
  16546. Page exists but missing template: [[Yunohana]]
  16605. Page exists but missing template: [[Ōmagatsuhi-no-Kami]]
  16669. Page exists but missing template: [[Ōtori Taisha]]
  16697. Page exists but missing template: [[Ōyamazumi Shrine (Dōdoigō)]]

Found 254 broken links:
  - Page doesn't exist: 0
  - Page exists but no template: 254

Uploading to [[User:Immanuelle/Broken wikidata links]]...

Done!
