Logged in as Immanuelle
Waiting 30 minutes to avoid race conditions...

Starting category namespace processing at 2025-11-07 13:51:55

Fetching all pages in Category namespace...
Found 24588 category pages to process

1. [[Category:/下位の旧村社]]
   • [[Category:/下位の旧村社]] has no interwiki links
2. [[Category:/下位の旧郷社]]
   • [[Category:/下位の旧郷社]] has no interwiki links
3. [[Category:1,004 → 1,048 members)]]
   • [[Category:1,004 → 1,048 members)]] has no interwiki links
4. [[Category:1000 deaths]]
   • [[Category:1000 deaths]] has no interwiki links
5. [[Category:1004 establishments]]
6. [[Category:1005 deaths]]
7. [[Category:1007 establishments]]
8. [[Category:100 Fine Bridges of Japan]]
9. [[Category:100 Fine Castles of Japan]]
10. [[Category:100 Views of Ibaraki]]
11. [[Category:100 Views of Utsunomiya]]
12. [[Category:100 views of Japan]]
13. [[Category:1015]]
14. [[Category:1015 deaths]]
15. [[Category:1015年]]
16. [[Category:1019]]
17. [[Category:1019 deaths]]
18. [[Category:1019年]]
   • [[Category:1019年]] has no interwiki links
19. [[Category:1025 deaths]]
   • [[Category:1025 deaths]] has no interwiki links
20. [[Category:1027 deaths]]
21. [[Category:1036 deaths]]
   • [[Category:1036 deaths]] has no interwiki links
22. [[Category:1048 deaths]]
   • [[Category:1048 deaths]] has no interwiki links
23. [[Category:1052 establishments in Asia]]
24. [[Category:1058]]
25. [[Category:1058 deaths]]
26. [[Category:1058年]]
   • [[Category:1058年]] has no interwiki links
27. [[Category:1060s births]]
28. [[Category:1062 establishments in Asia]]
29. [[Category:1063 establishments in Asia]]
30. [[Category:1065 deaths]]
31. [[Category:1068]]
32. [[Category:1068 births]]
33. [[Category:1075 deaths]]
   • [[Category:1075 deaths]] has no interwiki links
34. [[Category:10 members)]]
   • [[Category:10 members)]] has no interwiki links
35. [[Category:10th-century Asian people]]
36. [[Category:10th-century Buddhism]]
37. [[Category:10th-century Buddhist nuns]]
38. [[Category:10th-century Buddhist temples]]
39. [[Category:10th-century Buddhists]]
40. [[Category:10th-century Japanese books]]
41. [[Category:10th-century Japanese literature]]
42. [[Category:10th-century Shinto]]
43. [[Category:10th-century Shinto shrines]]
44. [[Category:10th-century battles]]
45. [[Category:10th-century books]]
   • [[Category:10th-century books]] has no interwiki links
46. [[Category:10th-century conflicts]]
47. [[Category:10th-century deaths]]
48. [[Category:10th-century disasters]]
49. [[Category:10th-century establishments by continent]]
   • [[Category:10th-century establishments by continent]] has no interwiki links
50. [[Category:10th-century establishments in Asia]]
51. [[Category:10th-century establishments in Japan]]
52. [[Category:10th-century history books]]
53. [[Category:10th-century military personnel]]
54. [[Category:10th-century nuns]]
55. [[Category:10th-century people]]
56. [[Category:10th-century people by occupation]]
57. [[Category:10th-century religious buildings and structures]]
58. [[Category:10th Century Asian Military Personnel]]
59. [[Category:10th century]]
60. [[Category:10th century by country]]
   • [[Category:10th century by country]] has no interwiki links
61. [[Category:10th century by country by year]]
62. [[Category:10th century in Asia]]
   • [[Category:10th century in Asia]] has no interwiki links
63. [[Category:10th century in Japan]]
   • [[Category:10th century in Japan]] has no interwiki links
64. [[Category:10th century in law]]
65. [[Category:10th century in religion]]
66. [[Category:1110]]
67. [[Category:1110 births]]
68. [[Category:1110s births]]
69. [[Category:1120s deaths]]
70. [[Category:1121]]
71. [[Category:1121 deaths]]
72. [[Category:1130 establishments in Asia]]
73. [[Category:1150s births]]
74. [[Category:1156 deaths]]
   • [[Category:1156 deaths]] has no interwiki links
75. [[Category:1160s establishments in Asia]]
76. [[Category:1160s establishments in Japan]]
77. [[Category:1164 establishments in Asia]]
78. [[Category:1164 works]]
   • [[Category:1164 works]] has no interwiki links
79. [[Category:1170 deaths]]
   • [[Category:1170 deaths]] has no interwiki links
80. [[Category:1175 establishments in Asia]]
   • [[Category:1175 establishments in Asia]] has no interwiki links
81. [[Category:1180s conflicts]]
   • [[Category:1180s conflicts]] has no interwiki links
82. [[Category:1180s deaths]]
   • [[Category:1180s deaths]] has no interwiki links
83. [[Category:1180s in Japan]]
   • [[Category:1180s in Japan]] has no interwiki links
84. [[Category:1181 deaths]]
   • [[Category:1181 deaths]] has no interwiki links
85. [[Category:1182 deaths]]
   • [[Category:1182 deaths]] has no interwiki links
86. [[Category:1183]]
87. [[Category:1183 deaths]]
88. [[Category:1184 deaths]]
   • tagged [[Category:1184 deaths]] as missing wikidata
89. [[Category:1184年]]
   • [[Category:1184年]] has no interwiki links
   • tagged [[Category:1184年]] as missing wikidata
90. [[Category:1189 deaths]]
   • [[Category:1189 deaths]] has no interwiki links
   • tagged [[Category:1189 deaths]] as missing wikidata
91. [[Category:1190s by country]]
   • tagged [[Category:1190s by country]] as missing wikidata
92. [[Category:1190s in Asia]]
   • [[Category:1190s in Asia]] has no interwiki links
   • tagged [[Category:1190s in Asia]] as missing wikidata
93. [[Category:1190s in Japan]]
   • tagged [[Category:1190s in Japan]] as missing wikidata
94. [[Category:1198 births]]
   • tagged [[Category:1198 births]] as missing wikidata
95. [[Category:1198年]]
   • [[Category:1198年]] has no interwiki links
   • tagged [[Category:1198年]] as missing wikidata
96. [[Category:11 1]]
   • [[Category:11 1]] has no interwiki links
   • tagged [[Category:11 1]] as missing wikidata
97. [[Category:11 4 2]]
   • [[Category:11 4 2]] has no interwiki links
   • tagged [[Category:11 4 2]] as missing wikidata
98. [[Category:11 7]]
   • [[Category:11 7]] has no interwiki links
   • tagged [[Category:11 7]] as missing wikidata
99. [[Category:11th-century Asian people]]
   • tagged [[Category:11th-century Asian people]] as missing wikidata
100. [[Category:11th-century Buddhist nuns]]
   • tagged [[Category:11th-century Buddhist nuns]] as missing wikidata
101. [[Category:11th-century Buddhists]]
   • tagged [[Category:11th-century Buddhists]] as missing wikidata
102. [[Category:11th-century Shinto]]
   • tagged [[Category:11th-century Shinto]] as missing wikidata
103. [[Category:11th-century Shinto shrines]]
   • tagged [[Category:11th-century Shinto shrines]] as missing wikidata
104. [[Category:11th-century architecture]]
   • tagged [[Category:11th-century architecture]] as missing wikidata
105. [[Category:11th-century births]]
   • tagged [[Category:11th-century births]] as missing wikidata
106. [[Category:11th-century books]]
   • tagged [[Category:11th-century books]] as missing wikidata
107. [[Category:11th-century deaths]]
   • tagged [[Category:11th-century deaths]] as missing wikidata
108. [[Category:11th-century establishments in Asia]]
   • tagged [[Category:11th-century establishments in Asia]] as missing wikidata
109. [[Category:11th-century establishments in Japan]]
   • tagged [[Category:11th-century establishments in Japan]] as missing wikidata
110. [[Category:11th-century literature]]
   • tagged [[Category:11th-century literature]] as missing wikidata
111. [[Category:11th-century military personnel]]
   • tagged [[Category:11th-century military personnel]] as missing wikidata
112. [[Category:11th-century nuns]]
   • tagged [[Category:11th-century nuns]] as missing wikidata
113. [[Category:11th-century religious buildings and structures]]
   • tagged [[Category:11th-century religious buildings and structures]] as missing wikidata
114. [[Category:11th-century works]]
   • [[Category:11th-century works]] has no interwiki links  • tagged [[Category:1110]] as missing wikidata
67. [[Category:1110 births]]
   • tagged [[Category:1110 births]] as missing wikidata
68. [[Category:1110s births]]
   • tagged [[Category:1110s births]] as missing wikidata
69. [[Category:1120s deaths]]
   • tagged [[Category:1120s deaths]] as missing wikidata
70. [[Category:1121]]
   • tagged [[Category:1121]] as missing wikidata
71. [[Category:1121 deaths]]
   • tagged [[Category:1121 deaths]] as missing wikidata
72. [[Category:1130 establishments in Asia]]
   • tagged [[Category:1130 establishments in Asia]] as missing wikidata
73. [[Category:1150s births]]
   • tagged [[Category:1150s births]] as missing wikidata
74. [[Category:1156 deaths]]
   • [[Category:1156 deaths]] has no interwiki links
   • tagged [[Category:1156 deaths]] as missing wikidata
75. [[Category:1160s establishments in Asia]]
   • tagged [[Category:1160s establishments in Asia]] as missing wikidata
76. [[Category:1160s establishments in Japan]]
   • tagged [[Category:1160s establishments in Japan]] as missing wikidata
77. [[Category:1164 establishments in Asia]]
   • tagged [[Category:1164 establishments in Asia]] as missing wikidata
78. [[Category:1164 works]]
   • [[Category:1164 works]] has no interwiki links
   • tagged [[Category:1164 works]] as missing wikidata
79. [[Category:1170 deaths]]
   • [[Category:1170 deaths]] has no interwiki links
   • tagged [[Category:1170 deaths]] as missing wikidata
80. [[Category:1175 establishments in Asia]]
   • [[Category:1175 establishments in Asia]] has no interwiki links
   • tagged [[Category:1175 establishments in Asia]] as missing wikidata
81. [[Category:1180s conflicts]]
   • [[Category:1180s conflicts]] has no interwiki links
   • tagged [[Category:1180s conflicts]] as missing wikidata
82. [[Category:1180s deaths]]
   • [[Category:1180s deaths]] has no interwiki links
   • tagged [[Category:1180s deaths]] as missing wikidata
83. [[Category:1180s in Japan]]
   • [[Category:1180s in Japan]] has no interwiki links
   • tagged [[Category:1180s in Japan]] as missing wikidata
84. [[Category:1181 deaths]]
   • [[Category:1181 deaths]] has no interwiki links
   • tagged [[Category:1181 deaths]] as missing wikidata
85. [[Category:1182 deaths]]
   • [[Category:1182 deaths]] has no interwiki links
   • tagged [[Category:1182 deaths]] as missing wikidata
86. [[Category:1183]]
   • tagged [[Category:1183]] as missing wikidata
87. [[Category:1183 deaths]]
   • tagged [[Category:1183 deaths]] as missing wikidata
88. [[Category:1184 deaths]]
   • tagged [[Category:1184 deaths]] as missing wikidata
89. [[Category:1184年]]
   • [[Category:1184年]] has no interwiki links
   • tagged [[Category:1184年]] as missing wikidata
90. [[Category:1189 deaths]]
   • [[Category:1189 deaths]] has no interwiki links
   • tagged [[Category:1189 deaths]] as missing wikidata
91. [[Category:1190s by country]]
   • tagged [[Category:1190s by country]] as missing wikidata
92. [[Category:1190s in Asia]]
   • [[Category:1190s in Asia]] has no interwiki links
   • tagged [[Category:1190s in Asia]] as missing wikidata
93. [[Category:1190s in Japan]]
   • tagged [[Category:1190s in Japan]] as missing wikidata
94. [[Category:1198 births]]
   • tagged [[Category:1198 births]] as missing wikidata
95. [[Category:1198年]]
   • [[Category:1198年]] has no interwiki links
   • tagged [[Category:1198年]] as missing wikidata
96. [[Category:11 1]]
   • [[Category:11 1]] has no interwiki links
   • tagged [[Category:11 1]] as missing wikidata
97. [[Category:11 4 2]]
   • [[Category:11 4 2]] has no interwiki links
   • tagged [[Category:11 4 2]] as missing wikidata
98. [[Category:11 7]]
   • [[Category:11 7]] has no interwiki links
   • tagged [[Category:11 7]] as missing wikidata
99. [[Category:11th-century Asian people]]
   • tagged [[Category:11th-century Asian people]] as missing wikidata
100. [[Category:11th-century Buddhist nuns]]
   • tagged [[Category:11th-century Buddhist nuns]] as missing wikidata
101. [[Category:11th-century Buddhists]]
   • tagged [[Category:11th-century Buddhists]] as missing wikidata
102. [[Category:11th-century Shinto]]
   • tagged [[Category:11th-century Shinto]] as missing wikidata
103. [[Category:11th-century Shinto shrines]]
   • tagged [[Category:11th-century Shinto shrines]] as missing wikidata
104. [[Category:11th-century architecture]]
   • tagged [[Category:11th-century architecture]] as missing wikidata
105. [[Category:11th-century births]]
   • tagged [[Category:11th-century births]] as missing wikidata
106. [[Category:11th-century books]]
   • tagged [[Category:11th-century books]] as missing wikidata
107. [[Category:11th-century deaths]]
   • tagged [[Category:11th-century deaths]] as missing wikidata
108. [[Category:11th-century establishments in Asia]]
   • tagged [[Category:11th-century establishments in Asia]] as missing wikidata
109. [[Category:11th-century establishments in Japan]]
   • tagged [[Category:11th-century establishments in Japan]] as missing wikidata
110. [[Category:11th-century literature]]
   • tagged [[Category:11th-century literature]] as missing wikidata
111. [[Category:11th-century military personnel]]
   • tagged [[Category:11th-century military personnel]] as missing wikidata
112. [[Category:11th-century nuns]]
   • tagged [[Category:11th-century nuns]] as missing wikidata
113. [[Category:11th-century religious buildings and structures]]
   • tagged [[Category:11th-century religious buildings and structures]] as missing wikidata
114. [[Category:11th-century works]]
   • [[Category:11th-century works]] has no interwiki links
   • tagged [[Category:11th-century works]] as missing wikidata
115. [[Category:11th Century Asian Military Personnel]]
   • tagged [[Category:11th Century Asian Military Personnel]] as missing wikidata
116. [[Category:11th century]]
   • tagged [[Category:11th century]] as missing wikidata
117. [[Category:11世紀没]]
   • tagged [[Category:11世紀没]] as missing wikidata
118. [[Category:1200s establishments in Asia]]
   • tagged [[Category:1200s establishments in Asia]] as missing wikidata
119. [[Category:1200s establishments in Japan]]
   • tagged [[Category:1200s establishments in Japan]] as missing wikidata
120. [[Category:1200s in Japan]]
   • tagged [[Category:1200s in Japan]] as missing wikidata
121. [[Category:1202 establishments in Asia]]
   • tagged [[Category:1202 establishments in Asia]] as missing wikidata
122. [[Category:1204 deaths]]
   • [[Category:1204 deaths]] has no interwiki links
   • tagged [[Category:1204 deaths]] as missing wikidata
123. [[Category:1210 births]]
   • tagged [[Category:1210 births]] as missing wikidata
124. [[Category:1214 deaths]]
   • [[Category:1214 deaths]] has no interwiki links
   • tagged [[Category:1214 deaths]] as missing wikidata
125. [[Category:1219 deaths]]
   • [[Category:1219 deaths]] has no interwiki links
   • tagged [[Category:1219 deaths]] as missing wikidata
126. [[Category:1221 deaths]]
   • tagged [[Category:1221 deaths]] as missing wikidata
127. [[Category:1225 births]]
   • [[Category:1225 births]] has no interwiki links
   • tagged [[Category:1225 births]] as missing wikidata
128. [[Category:1227 deaths]]
   • [[Category:1227 deaths]] has no interwiki links
   • tagged [[Category:1227 deaths]] as missing wikidata
129. [[Category:1229 births]]
   • tagged [[Category:1229 births]] as missing wikidata
130. [[Category:1229年]]
   • [[Category:1229年]] has no interwiki links
   • tagged [[Category:1229年]] as missing wikidata
131. [[Category:1230s establishments in Asia]]
   • tagged [[Category:1230s establishments in Asia]] as missing wikidata
132. [[Category:1230s establishments in Japan]]
   • tagged [[Category:1230s establishments in Japan]] as missing wikidata
133. [[Category:1236 establishments in Asia]]
   • tagged [[Category:1236 establishments in Asia]] as missing wikidata