Connecting to Japanese Wikipedia...

Checking 2 categories for talk pages...

================================================================================

Category:式内社の一覧
--------------------------------------------------------------------------------
  Accessing category page...
  Fetching category members...
  Fetched 10 pages...
  Fetched 20 pages...
  Fetched 30 pages...
  Fetched 40 pages...
  Fetched 50 pages...
  Fetched 60 pages...
  Fetched 70 pages...
Found 72 pages in this category

✓ 出雲国の式内社一覧
  → Talk page: Talk:出雲国の式内社一覧
  → Length: 194 characters
  → Preview: == 『出雲国風土記』所載の不在神祇官社について ==  当記事の「[[出雲国の式内社一覧#式外社|#式外社]]」の項に、『出雲国風土記』に「不在神祇官社」として掲載されている神社を載せるべきではありませんか？--[[利用者:Fukuneko 2nd|Fukuneko 2nd]]（[[利用者‐会話:Fukuneko 2nd|会話]]） 2024年5月9日 (木) 13:23 (UTC)...

✓ 丹後国の式内社一覧
  → Talk page: Talk:丹後国の式内社一覧
  → Length: 1017 characters
  → Preview: ==式内社== 式内社阿知江いそ部神社に関し、私は異論が存するという意味で備考に書いた。異論がある事は事実だろう。それが無いという根拠を示してほしい。『式内社調査報告』は著者が断定的に書いているが、私は（論）として併記してもいいとさえ思う。要返事。”Saigen Jiro”宛 : 「（論）として併記」なら特に問題は感じません。「どの文献でどう書かれているか」を全ての神社に関して書き始めると一覧表の...

✓ 対馬島の式内社一覧
  → Talk page: Talk:対馬島の式内社一覧
  → Length: 1501 characters
  → Preview: == 「対馬国の式内社一覧」から「対馬島の式内社一覧」への改名提案 ==  標題の通り、「対馬'''国'''の式内社一覧」から「対馬'''島'''の式内社一覧」への改名を提案いたします。本項目は私が立項したページですが、古代は「対馬国（つしまのくに）」でなく「対馬島（對馬嶋、つしまのしま）」の行政単位が一般的で、式内社制定の『延喜式』当時にも後者で分類される（[{{NDLDC|1273537/13...


Category:式内社関連テンプレート
--------------------------------------------------------------------------------
  Accessing category page...
  Fetching category members...
  Fetched 10 pages...
  Fetched 20 pages...
  Fetched 30 pages...
  Fetched 40 pages...
  Fetched 50 pages...
  Fetched 60 pages...
  Fetched 70 pages...
  Fetched 80 pages...
  Fetched 90 pages...
  Fetched 100 pages...
  Fetched 110 pages...
  Fetched 120 pages...
  Fetched 130 pages...
  Fetched 140 pages...
  Fetched 150 pages...
  Fetched 160 pages...
  Fetched 170 pages...
  Fetched 180 pages...
Found 187 pages in this category


================================================================================
SUMMARY
================================================================================

Pages WITH talk page discussions: 3

Detailed list:
  • 出雲国の式内社一覧
    Category: Category:式内社の一覧
    Talk page: Talk:出雲国の式内社一覧 (194 chars)

  • 丹後国の式内社一覧
    Category: Category:式内社の一覧
    Talk page: Talk:丹後国の式内社一覧 (1017 chars)

  • 対馬島の式内社一覧
    Category: Category:式内社の一覧
    Talk page: Talk:対馬島の式内社一覧 (1501 chars)


Pages WITHOUT talk pages: 256

Done!
