================================================================================
Q BRACKETS TITLE CHECK
================================================================================

Connecting to wiki...
Logged in successfully

Fetching pages from [[Category:Q brackets]]...
Found 91 pages to check

[1/91] Checking: Achi Shrine (Q11657447)
  QID: Q11657447
  Japanese title: 阿智神社 (阿智村)
  ✗ MISMATCH: [[Achi Shrine (Q11657447)]] ≠ jawiki:阿智神社 (阿智村)

[2/91] Checking: Amanokaguyama Shrine (Q98082987)
  QID: Q98082987
  Japanese title: 天香山神社
  ✗ MISMATCH: [[Amanokaguyama Shrine (Q98082987)]] ≠ jawiki:天香山神社

[3/91] Checking: Amatsukasahiko Shrine (Q107410067)
  QID: Q107410067
  Japanese title: 天津賀佐彦神社
  ✗ MISMATCH: [[Amatsukasahiko Shrine (Q107410067)]] ≠ jawiki:天津賀佐彦神社

[4/91] Checking: Hachiman Shrine (Q134927474)
  QID: Q134927474
  Japanese title: 八幡神社 (下田市吉佐美)
  ✗ MISMATCH: [[Hachiman Shrine (Q134927474)]] ≠ jawiki:八幡神社 (下田市吉佐美)

[5/91] Checking: Hajikami Shrine (Q11275441)
  QID: Q11275441
  Japanese title: 㯮椒神社
  ✗ MISMATCH: [[Hajikami Shrine (Q11275441)]] ≠ jawiki:㯮椒神社

[6/91] Checking: Hakusan Shrine (Q11579589)
  QID: Q11579589
  Japanese title: 白山神社 (三木町)
  ✗ MISMATCH: [[Hakusan Shrine (Q11579589)]] ≠ jawiki:白山神社 (三木町)

[7/91] Checking: Hayabusa Shrine (Q135021848)
  QID: Q135021848
  Japanese title: 隼神社 (京都市)
  ✗ MISMATCH: [[Hayabusa Shrine (Q135021848)]] ≠ jawiki:隼神社 (京都市)

[8/91] Checking: Hioki Shrine (Q11510250)
  QID: Q11510250
  Japanese title: 日置神社 (高島市)
  ✗ MISMATCH: [[Hioki Shrine (Q11510250)]] ≠ jawiki:日置神社 (高島市)

[9/91] Checking: Hiruko Shrine (Q106852693)
  QID: Q106852693
  Japanese title: 蛭子神社 (那賀町)
  ✗ MISMATCH: [[Hiruko Shrine (Q106852693)]] ≠ jawiki:蛭子神社 (那賀町)

[10/91] Checking: Ii Shrine (Q11666643)
  QID: Q11666643
  Japanese title: 飯神社
  ✗ MISMATCH: [[Ii Shrine (Q11666643)]] ≠ jawiki:飯神社

[11/91] Checking: Ikeda Shrine (Q134926975)
  QID: Q134926975
  Japanese title: 池田神社 (静岡市)
  ✗ MISMATCH: [[Ikeda Shrine (Q134926975)]] ≠ jawiki:池田神社 (静岡市)

[12/91] Checking: Ishizukuri Shrine (Q11676453)
  QID: Q11676453
  Japanese title: 鹽津神社
  ✗ MISMATCH: [[Ishizukuri Shrine (Q11676453)]] ≠ jawiki:鹽津神社

[13/91] Checking: Iwai Shrine (Q85882705)
  QID: Q85882705
  Japanese title: 石坐神社
  ✗ MISMATCH: [[Iwai Shrine (Q85882705)]] ≠ jawiki:石坐神社

[14/91] Checking: Izumi Shrine (Q11395685)
  QID: Q11395685
  Japanese title: 出水神社 (加賀市)
  ✗ MISMATCH: [[Izumi Shrine (Q11395685)]] ≠ jawiki:出水神社 (加賀市)

[15/91] Checking: Kamo Shrine (Q106301088)
  QID: Q106301088
  Japanese title: 加茂神社 (さいたま市)
  ✗ MISMATCH: [[Kamo Shrine (Q106301088)]] ≠ jawiki:加茂神社 (さいたま市)

[16/91] Checking: Kanda Shrine (Q11590647)
  QID: Q11590647
  Japanese title: 神田神社 (東白川村)
  ✗ MISMATCH: [[Kanda Shrine (Q11590647)]] ≠ jawiki:神田神社 (東白川村)

[17/91] Checking: Kashima Shrine (Q135069030)
  QID: Q135069030
  Japanese title: 鹿島神社 (香芝市)
  ✗ MISMATCH: [[Kashima Shrine (Q135069030)]] ≠ jawiki:鹿島神社 (香芝市)

[18/91] Checking: Kataoka Shrine (Q28682738)
  QID: Q28682738
  Japanese title: 片岡神社 (吉田町)
  ✗ MISMATCH: [[Kataoka Shrine (Q28682738)]] ≠ jawiki:片岡神社 (吉田町)

[19/91] Checking: Kattamine Shrine (Q65249271)
  QID: Q65249271
  Japanese title: 刈田嶺神社 (刈田岳)
  ✗ MISMATCH: [[Kattamine Shrine (Q65249271)]] ≠ jawiki:刈田嶺神社 (刈田岳)

[20/91] Checking: Kawara Shrine (Q11667602)
  QID: Q11667602
  Japanese title: 香春神社
  ✗ MISMATCH: [[Kawara Shrine (Q11667602)]] ≠ jawiki:香春神社

[21/91] Checking: Kawara Shrine (Q17209206)
  QID: Q17209206
  Japanese title: 川原神社 (伊勢市)
  ✗ MISMATCH: [[Kawara Shrine (Q17209206)]] ≠ jawiki:川原神社 (伊勢市)

[22/91] Checking: Kawata Shrine (Q11479033)
  QID: Q11479033
  Japanese title: 川田神社 (湖南市)
  ✗ MISMATCH: [[Kawata Shrine (Q11479033)]] ≠ jawiki:川田神社 (湖南市)

[23/91] Checking: Kinomiya Shrine (Q119929624)
  QID: Q119929624
  Japanese title: 来宮神社 (伊豆市八幡)
  ✗ MISMATCH: [[Kinomiya Shrine (Q119929624)]] ≠ jawiki:来宮神社 (伊豆市八幡)

[24/91] Checking: Kotoshironushi Shrine (Q48758503)
  QID: Q48758503
  Japanese title: 事代主神社 (阿波市)
  ✗ MISMATCH: [[Kotoshironushi Shrine (Q48758503)]] ≠ jawiki:事代主神社 (阿波市)

[25/91] Checking: Kumano Shrine (Q11568963)
  QID: Q11568963
  Japanese title: 熊野神社 (高島市)
  ✗ MISMATCH: [[Kumano Shrine (Q11568963)]] ≠ jawiki:熊野神社 (高島市)

[26/91] Checking: Kusanagi Shrine (Q11368944)
  QID: Q11368944
  Japanese title: 久佐奈岐神社
  ✗ MISMATCH: [[Kusanagi Shrine (Q11368944)]] ≠ jawiki:久佐奈岐神社

[27/91] Checking: Make Shrine (Q11498617)
  QID: Q11498617
  Japanese title: 摩氣神社
  ✗ MISMATCH: [[Make Shrine (Q11498617)]] ≠ jawiki:摩氣神社

[28/91] Checking: Matsubara Shrine (Q11529439)
  QID: Q11529439
  Japanese title: 松原神社 (春日井市)
  ✗ MISMATCH: [[Matsubara Shrine (Q11529439)]] ≠ jawiki:松原神社 (春日井市)

[29/91] Checking: Matsuo Shrine (Q11529679)
  QID: Q11529679
  Japanese title: 松尾神社 (亀岡市)
  ✗ MISMATCH: [[Matsuo Shrine (Q11529679)]] ≠ jawiki:松尾神社 (亀岡市)

[30/91] Checking: Mefu Shrine (Q11429659)
  QID: Q11429659
  Japanese title: 売布神社 (松江市)
  ✗ MISMATCH: [[Mefu Shrine (Q11429659)]] ≠ jawiki:売布神社 (松江市)

[31/91] Checking: Mifune Shrine (Q17214615)
  QID: Q17214615
  Japanese title: 御船神社 (多気町)
  ✗ MISMATCH: [[Mifune Shrine (Q17214615)]] ≠ jawiki:御船神社 (多気町)

[32/91] Checking: Miho Shrine (Q11489249)
  QID: Q11489249
  Japanese title: 御穂神社
  ✗ MISMATCH: [[Miho Shrine (Q11489249)]] ≠ jawiki:御穂神社

[33/91] Checking: Mii Shrine (Q11488771)
  QID: Q11488771
  Japanese title: 御井神社 (各務原市)
  ✗ MISMATCH: [[Mii Shrine (Q11488771)]] ≠ jawiki:御井神社 (各務原市)

[34/91] Checking: Mishima Shrine (Q134888252)
  QID: Q134888252
  Japanese title: 箕島神社
  ✗ MISMATCH: [[Mishima Shrine (Q134888252)]] ≠ jawiki:箕島神社

[35/91] Checking: Mishima Shrine (Q134926216)
  QID: Q134926216
  Japanese title: 三島神社 (南伊豆町下小野)
  ✗ MISMATCH: [[Mishima Shrine (Q134926216)]] ≠ jawiki:三島神社 (南伊豆町下小野)

[36/91] Checking: Mito Shrine (Q11488802)
  QID: Q11488802
  Japanese title: 御刀神社
  ✗ MISMATCH: [[Mito Shrine (Q11488802)]] ≠ jawiki:御刀神社

[37/91] Checking: Miwa Shrine (Q11357406)
  QID: Q11357406
  Japanese title: 三輪神社 (津幡町)
  ✗ MISMATCH: [[Miwa Shrine (Q11357406)]] ≠ jawiki:三輪神社 (津幡町)

[38/91] Checking: Miyake Shrine (Q11355073)
  QID: Q11355073
  Japanese title: 三宅神社 (亀岡市)
  ✗ MISMATCH: [[Miyake Shrine (Q11355073)]] ≠ jawiki:三宅神社 (亀岡市)

[39/91] Checking: Miyake Shrine (Q22120521)
  QID: Q22120521
  Japanese title: 三宅神社 (鈴鹿市国府町)
  ✗ MISMATCH: [[Miyake Shrine (Q22120521)]] ≠ jawiki:三宅神社 (鈴鹿市国府町)

[40/91] Checking: Mononobe Shrine (Q11570699)
  QID: Q11570699
  Japanese title: 物部神社 (大田市)
  ✗ MISMATCH: [[Mononobe Shrine (Q11570699)]] ≠ jawiki:物部神社 (大田市)

[41/91] Checking: Mononobe Shrine (Q18235752)
  QID: Q18235752
  Japanese title: 物部神社 (名古屋市)
  ✗ MISMATCH: [[Mononobe Shrine (Q18235752)]] ≠ jawiki:物部神社 (名古屋市)

[42/91] Checking: Moritano Shrine (Q11450096)
  QID: Q11450096
  Japanese title: 守田迺神社
  ✗ MISMATCH: [[Moritano Shrine (Q11450096)]] ≠ jawiki:守田迺神社

[43/91] Checking: Morokuchi Shrine (Q116694076)
  QID: Q116694076
  Japanese title: 諸口神社
  ✗ MISMATCH: [[Morokuchi Shrine (Q116694076)]] ≠ jawiki:諸口神社

[44/91] Checking: Murayama Shrine (Q11523148)
  QID: Q11523148
  Japanese title: 村山神社 (亀岡市)
  ✗ MISMATCH: [[Murayama Shrine (Q11523148)]] ≠ jawiki:村山神社 (亀岡市)

[45/91] Checking: Nagahatabe Shrine (Q72727981)
  QID: Q72727981
  Japanese title: 長幡部神社 (上里町)
  ✗ MISMATCH: [[Nagahatabe Shrine (Q72727981)]] ≠ jawiki:長幡部神社 (上里町)

[46/91] Checking: Nakayama Shrine (Q11364249)
  QID: Q11364249
  Japanese title: 中山神社 (美濃加茂市)
  ✗ MISMATCH: [[Nakayama Shrine (Q11364249)]] ≠ jawiki:中山神社 (美濃加茂市)

[47/91] Checking: Ninomiya Shrine (Q134930277)
  QID: Q134930277
  Japanese title: 二宮神社 (三宅村)
  ✗ MISMATCH: [[Ninomiya Shrine (Q134930277)]] ≠ jawiki:二宮神社 (三宅村)

[48/91] Checking: Niukawakami Shrine (Q246370)
  QID: Q246370
  Japanese title: 丹生川上神社
  ✗ MISMATCH: [[Niukawakami Shrine (Q246370)]] ≠ jawiki:丹生川上神社

[49/91] Checking: Nomi Shrine (Q11646128)
  QID: Q11646128
  Japanese title: 野見神社 (一宮市)
  ✗ MISMATCH: [[Nomi Shrine (Q11646128)]] ≠ jawiki:野見神社 (一宮市)

[50/91] Checking: Oi Shrine (Q11493043)
  QID: Q11493043
  Japanese title: 意非神社
  ✗ MISMATCH: [[Oi Shrine (Q11493043)]] ≠ jawiki:意非神社

[51/91] Checking: Okada Shrine (Q106852596)
  QID: Q106852596
  Japanese title: 岡田神社 (松本市)
  ✗ MISMATCH: [[Okada Shrine (Q106852596)]] ≠ jawiki:岡田神社 (松本市)

[52/91] Checking: Okanoue Shrine (Q48758325)
  QID: Q48758325
  Japanese title: 岡上神社
  ✗ MISMATCH: [[Okanoue Shrine (Q48758325)]] ≠ jawiki:岡上神社

[53/91] Checking: Okuni Shrine (Q17221549)
  QID: Q17221549
  Japanese title: 大國神社 (伊勢崎市)
  ✗ MISMATCH: [[Okuni Shrine (Q17221549)]] ≠ jawiki:大國神社 (伊勢崎市)

[54/91] Checking: Omiya Shrine (Q113679907)
  QID: Q113679907
  Japanese title: 大宮神社 (伊豆市)
  ✗ MISMATCH: [[Omiya Shrine (Q113679907)]] ≠ jawiki:大宮神社 (伊豆市)

[55/91] Checking: Ono Shrine (Q11464225)
  QID: Q11464225
  Japanese title: 小野神社 (大津市)
  ✗ MISMATCH: [[Ono Shrine (Q11464225)]] ≠ jawiki:小野神社 (大津市)

[56/91] Checking: Ono Shrine (Q11464226)
  QID: Q11464226
  Japanese title: 小野神社 (東京都府中市)
  ✗ MISMATCH: [[Ono Shrine (Q11464226)]] ≠ jawiki:小野神社 (東京都府中市)

[57/91] Checking: Ono Shrine (Q17225921)
  QID: Q17225921
  Japanese title: 小野神社 (厚木市)
  ✗ MISMATCH: [[Ono Shrine (Q17225921)]] ≠ jawiki:小野神社 (厚木市)

[58/91] Checking: Oono Shrine (Q11439718)
  QID: Q11439718
  Japanese title: 大野神社 (一宮市)
  ✗ MISMATCH: [[Oono Shrine (Q11439718)]] ≠ jawiki:大野神社 (一宮市)

[59/91] Checking: Sahimeyama Shrine (Q11383230)
  QID: Q11383230
  Japanese title: 佐毘売山神社
  ✗ MISMATCH: [[Sahimeyama Shrine (Q11383230)]] ≠ jawiki:佐毘売山神社

[60/91] Checking: Saki Shrine (Q56346769)
  QID: Q56346769
  Japanese title: 佐紀神社 (奈良市佐紀町字西畑)
  ✗ MISMATCH: [[Saki Shrine (Q56346769)]] ≠ jawiki:佐紀神社 (奈良市佐紀町字西畑)

[61/91] Checking: Sakuta Shrine (Q11382602)
  QID: Q11382602
  Japanese title: 佐久太神社
  ✗ MISMATCH: [[Sakuta Shrine (Q11382602)]] ≠ jawiki:佐久太神社

[62/91] Checking: Shibukawa Shrine (Q100544140)
  QID: Q100544140
  Japanese title: 渋川神社 (尾張旭市)
  ✗ MISMATCH: [[Shibukawa Shrine (Q100544140)]] ≠ jawiki:渋川神社 (尾張旭市)

[63/91] Checking: Shirahige Shrine (Q11580504)
  QID: Q11580504
  Japanese title: 白鬚神社 (大垣市墨俣町)
  ✗ MISMATCH: [[Shirahige Shrine (Q11580504)]] ≠ jawiki:白鬚神社 (大垣市墨俣町)

[64/91] Checking: Shirahige Shrine (Q124668655)
  QID: Q124668655
  Japanese title: 白鬚神社 (各務原市川島笠田町)
  ✗ MISMATCH: [[Shirahige Shrine (Q124668655)]] ≠ jawiki:白鬚神社 (各務原市川島笠田町)

[65/91] Checking: Sugihara Shrine (Q11521781)
  QID: Q11521781
  Japanese title: 杉原神社
  ✗ MISMATCH: [[Sugihara Shrine (Q11521781)]] ≠ jawiki:杉原神社

[66/91] Checking: Sugiyama Shrine (Q17994294)
  QID: Q17994294
  Japanese title: 杉山神社 (横浜市港北区新吉田町)
  ✗ MISMATCH: [[Sugiyama Shrine (Q17994294)]] ≠ jawiki:杉山神社 (横浜市港北区新吉田町)

[67/91] Checking: Susa Shrine (Q11664501)
  QID: Q11664501
  Japanese title: 須佐神社 (有田市)
  ✗ MISMATCH: [[Susa Shrine (Q11664501)]] ≠ jawiki:須佐神社 (有田市)

[68/91] Checking: Suwa Shrine (Q11631934)
  QID: Q11631934
  Japanese title: 諏訪神社 (美濃加茂市)
  ✗ MISMATCH: [[Suwa Shrine (Q11631934)]] ≠ jawiki:諏訪神社 (美濃加茂市)

[69/91] Checking: Suwa Shrine (Q135070129)
  QID: Q135070129
  Japanese title: 諏訪神社 (出雲市別所町)
  ✗ MISMATCH: [[Suwa Shrine (Q135070129)]] ≠ jawiki:諏訪神社 (出雲市別所町)

[70/91] Checking: Taga Shrine (Q11431090)
  QID: Q11431090
  Japanese title: 多賀神社 (多賀城市)
  ✗ MISMATCH: [[Taga Shrine (Q11431090)]] ≠ jawiki:多賀神社 (多賀城市)

[71/91] Checking: Takahashi Shrine (Q11670742)
  QID: Q11670742
  Japanese title: 高椅神社
  ✗ MISMATCH: [[Takahashi Shrine (Q11670742)]] ≠ jawiki:高椅神社

[72/91] Checking: Takahashi Shrine (Q24899217)
  QID: Q24899217
  Japanese title: 高橋神社
  ✗ MISMATCH: [[Takahashi Shrine (Q24899217)]] ≠ jawiki:高橋神社

[73/91] Checking: Takamu Shrine (Q18233534)
  QID: Q18233534
  Japanese title: 高牟神社
  ✗ MISMATCH: [[Takamu Shrine (Q18233534)]] ≠ jawiki:高牟神社

[74/91] Checking: Takase Shrine (Q3791906)
  QID: Q3791906
  Japanese title: 高瀬神社
  ✗ MISMATCH: [[Takase Shrine (Q3791906)]] ≠ jawiki:高瀬神社

[75/91] Checking: Takehime Shrine (Q65734340)
  QID: Q65734340
  Japanese title: 多気比売神社
  ✗ MISMATCH: [[Takehime Shrine (Q65734340)]] ≠ jawiki:多気比売神社

[76/91] Checking: Taki Shrine (Q11430618)
  QID: Q11430618
  Japanese title: 多伎神社
  ✗ MISMATCH: [[Taki Shrine (Q11430618)]] ≠ jawiki:多伎神社

[77/91] Checking: Tamanooya Shrine (Q11572731)
  QID: Q11572731
  Japanese title: 玉祖神社
  ✗ MISMATCH: [[Tamanooya Shrine (Q11572731)]] ≠ jawiki:玉祖神社

[78/91] Checking: Tamatsukuri Shrine (Q134930396)
  QID: Q134930396
  Japanese title: 玉作神社
  ✗ MISMATCH: [[Tamatsukuri Shrine (Q134930396)]] ≠ jawiki:玉作神社

[79/91] Checking: Tawa Shrine (Q11430645)
  QID: Q11430645
  Japanese title: 多和神社
  ✗ MISMATCH: [[Tawa Shrine (Q11430645)]] ≠ jawiki:多和神社

[80/91] Checking: Tenjin-sha (Q70725130)
  QID: Q70725130
  Japanese title: 天神社 (上里町五明)
  ✗ MISMATCH: [[Tenjin-sha (Q70725130)]] ≠ jawiki:天神社 (上里町五明)

[81/91] Checking: Toga Shrine (Q17229311)
  QID: Q17229311
  Japanese title: 富賀神社
  ✗ MISMATCH: [[Toga Shrine (Q17229311)]] ≠ jawiki:富賀神社

[82/91] Checking: Tokari Shrine (Q11396948)
  QID: Q11396948
  Japanese title: 利雁神社
  ✗ MISMATCH: [[Tokari Shrine (Q11396948)]] ≠ jawiki:利雁神社

[83/91] Checking: Tomi Shrine (Q11602724)
  QID: Q11602724
  Japanese title: 等彌神社
  ✗ MISMATCH: [[Tomi Shrine (Q11602724)]] ≠ jawiki:等彌神社

[84/91] Checking: Toyokuni Shrine (Q48758383)
  QID: Q48758383
  Japanese title: 豊国神社 (小松島市)
  ✗ MISMATCH: [[Toyokuni Shrine (Q48758383)]] ≠ jawiki:豊国神社 (小松島市)

[85/91] Checking: Tsukiyomi Shrine (Q54153263)
  QID: Q54153263
  Japanese title: 月讀神社 (京田辺市)
  ✗ MISMATCH: [[Tsukiyomi Shrine (Q54153263)]] ≠ jawiki:月讀神社 (京田辺市)

[86/91] Checking: Wakamiya Shrine (Q134930669)
  QID: Q134930669
  Japanese title: 若宮神社 (南伊豆町湊)
  ✗ MISMATCH: [[Wakamiya Shrine (Q134930669)]] ≠ jawiki:若宮神社 (南伊豆町湊)

[87/91] Checking: Yagi Shrine (Q11666826)
  QID: Q11666826
  Japanese title: 養基神社
  ✗ MISMATCH: [[Yagi Shrine (Q11666826)]] ≠ jawiki:養基神社

[88/91] Checking: Yana Shrine (Q11471014)
  QID: Q11471014
  Japanese title: 山那神社 (扶桑町南山名)
  ✗ MISMATCH: [[Yana Shrine (Q11471014)]] ≠ jawiki:山那神社 (扶桑町南山名)

[89/91] Checking: Yatsurugi Shrine (Q124496744)
  QID: Q124496744
  Japanese title: 八剱神社 (羽島市桑原町八神)
  ✗ MISMATCH: [[Yatsurugi Shrine (Q124496744)]] ≠ jawiki:八剱神社 (羽島市桑原町八神)

[90/91] Checking: Yokota Shrine (Q11543413)
  QID: Q11543413
  Japanese title: 横田神社 (総社市)
  ✗ MISMATCH: [[Yokota Shrine (Q11543413)]] ≠ jawiki:横田神社 (総社市)

[91/91] Checking: Yuge Shrine (Q11487078)
  QID: Q11487078
  Japanese title: 弓削神社 (高島市)
  ✗ MISMATCH: [[Yuge Shrine (Q11487078)]] ≠ jawiki:弓削神社 (高島市)


================================================================================
SUMMARY
================================================================================

Total pages checked: 91
Matches: 0
Mismatches: 91
No QID: 0
No jawiki: 0

================================================================================
MISMATCHES:
================================================================================
  [[Achi Shrine (Q11657447)]] ≠ jawiki:阿智神社 (阿智村)
  [[Amanokaguyama Shrine (Q98082987)]] ≠ jawiki:天香山神社
  [[Amatsukasahiko Shrine (Q107410067)]] ≠ jawiki:天津賀佐彦神社
  [[Hachiman Shrine (Q134927474)]] ≠ jawiki:八幡神社 (下田市吉佐美)
  [[Hajikami Shrine (Q11275441)]] ≠ jawiki:㯮椒神社
  [[Hakusan Shrine (Q11579589)]] ≠ jawiki:白山神社 (三木町)
  [[Hayabusa Shrine (Q135021848)]] ≠ jawiki:隼神社 (京都市)
  [[Hioki Shrine (Q11510250)]] ≠ jawiki:日置神社 (高島市)
  [[Hiruko Shrine (Q106852693)]] ≠ jawiki:蛭子神社 (那賀町)
  [[Ii Shrine (Q11666643)]] ≠ jawiki:飯神社
  [[Ikeda Shrine (Q134926975)]] ≠ jawiki:池田神社 (静岡市)
  [[Ishizukuri Shrine (Q11676453)]] ≠ jawiki:鹽津神社
  [[Iwai Shrine (Q85882705)]] ≠ jawiki:石坐神社
  [[Izumi Shrine (Q11395685)]] ≠ jawiki:出水神社 (加賀市)
  [[Kamo Shrine (Q106301088)]] ≠ jawiki:加茂神社 (さいたま市)
  [[Kanda Shrine (Q11590647)]] ≠ jawiki:神田神社 (東白川村)
  [[Kashima Shrine (Q135069030)]] ≠ jawiki:鹿島神社 (香芝市)
  [[Kataoka Shrine (Q28682738)]] ≠ jawiki:片岡神社 (吉田町)
  [[Kattamine Shrine (Q65249271)]] ≠ jawiki:刈田嶺神社 (刈田岳)
  [[Kawara Shrine (Q11667602)]] ≠ jawiki:香春神社
  [[Kawara Shrine (Q17209206)]] ≠ jawiki:川原神社 (伊勢市)
  [[Kawata Shrine (Q11479033)]] ≠ jawiki:川田神社 (湖南市)
  [[Kinomiya Shrine (Q119929624)]] ≠ jawiki:来宮神社 (伊豆市八幡)
  [[Kotoshironushi Shrine (Q48758503)]] ≠ jawiki:事代主神社 (阿波市)
  [[Kumano Shrine (Q11568963)]] ≠ jawiki:熊野神社 (高島市)
  [[Kusanagi Shrine (Q11368944)]] ≠ jawiki:久佐奈岐神社
  [[Make Shrine (Q11498617)]] ≠ jawiki:摩氣神社
  [[Matsubara Shrine (Q11529439)]] ≠ jawiki:松原神社 (春日井市)
  [[Matsuo Shrine (Q11529679)]] ≠ jawiki:松尾神社 (亀岡市)
  [[Mefu Shrine (Q11429659)]] ≠ jawiki:売布神社 (松江市)
  [[Mifune Shrine (Q17214615)]] ≠ jawiki:御船神社 (多気町)
  [[Miho Shrine (Q11489249)]] ≠ jawiki:御穂神社
  [[Mii Shrine (Q11488771)]] ≠ jawiki:御井神社 (各務原市)
  [[Mishima Shrine (Q134888252)]] ≠ jawiki:箕島神社
  [[Mishima Shrine (Q134926216)]] ≠ jawiki:三島神社 (南伊豆町下小野)
  [[Mito Shrine (Q11488802)]] ≠ jawiki:御刀神社
  [[Miwa Shrine (Q11357406)]] ≠ jawiki:三輪神社 (津幡町)
  [[Miyake Shrine (Q11355073)]] ≠ jawiki:三宅神社 (亀岡市)
  [[Miyake Shrine (Q22120521)]] ≠ jawiki:三宅神社 (鈴鹿市国府町)
  [[Mononobe Shrine (Q11570699)]] ≠ jawiki:物部神社 (大田市)
  [[Mononobe Shrine (Q18235752)]] ≠ jawiki:物部神社 (名古屋市)
  [[Moritano Shrine (Q11450096)]] ≠ jawiki:守田迺神社
  [[Morokuchi Shrine (Q116694076)]] ≠ jawiki:諸口神社
  [[Murayama Shrine (Q11523148)]] ≠ jawiki:村山神社 (亀岡市)
  [[Nagahatabe Shrine (Q72727981)]] ≠ jawiki:長幡部神社 (上里町)
  [[Nakayama Shrine (Q11364249)]] ≠ jawiki:中山神社 (美濃加茂市)
  [[Ninomiya Shrine (Q134930277)]] ≠ jawiki:二宮神社 (三宅村)
  [[Niukawakami Shrine (Q246370)]] ≠ jawiki:丹生川上神社
  [[Nomi Shrine (Q11646128)]] ≠ jawiki:野見神社 (一宮市)
  [[Oi Shrine (Q11493043)]] ≠ jawiki:意非神社
  [[Okada Shrine (Q106852596)]] ≠ jawiki:岡田神社 (松本市)
  [[Okanoue Shrine (Q48758325)]] ≠ jawiki:岡上神社
  [[Okuni Shrine (Q17221549)]] ≠ jawiki:大國神社 (伊勢崎市)
  [[Omiya Shrine (Q113679907)]] ≠ jawiki:大宮神社 (伊豆市)
  [[Ono Shrine (Q11464225)]] ≠ jawiki:小野神社 (大津市)
  [[Ono Shrine (Q11464226)]] ≠ jawiki:小野神社 (東京都府中市)
  [[Ono Shrine (Q17225921)]] ≠ jawiki:小野神社 (厚木市)
  [[Oono Shrine (Q11439718)]] ≠ jawiki:大野神社 (一宮市)
  [[Sahimeyama Shrine (Q11383230)]] ≠ jawiki:佐毘売山神社
  [[Saki Shrine (Q56346769)]] ≠ jawiki:佐紀神社 (奈良市佐紀町字西畑)
  [[Sakuta Shrine (Q11382602)]] ≠ jawiki:佐久太神社
  [[Shibukawa Shrine (Q100544140)]] ≠ jawiki:渋川神社 (尾張旭市)
  [[Shirahige Shrine (Q11580504)]] ≠ jawiki:白鬚神社 (大垣市墨俣町)
  [[Shirahige Shrine (Q124668655)]] ≠ jawiki:白鬚神社 (各務原市川島笠田町)
  [[Sugihara Shrine (Q11521781)]] ≠ jawiki:杉原神社
  [[Sugiyama Shrine (Q17994294)]] ≠ jawiki:杉山神社 (横浜市港北区新吉田町)
  [[Susa Shrine (Q11664501)]] ≠ jawiki:須佐神社 (有田市)
  [[Suwa Shrine (Q11631934)]] ≠ jawiki:諏訪神社 (美濃加茂市)
  [[Suwa Shrine (Q135070129)]] ≠ jawiki:諏訪神社 (出雲市別所町)
  [[Taga Shrine (Q11431090)]] ≠ jawiki:多賀神社 (多賀城市)
  [[Takahashi Shrine (Q11670742)]] ≠ jawiki:高椅神社
  [[Takahashi Shrine (Q24899217)]] ≠ jawiki:高橋神社
  [[Takamu Shrine (Q18233534)]] ≠ jawiki:高牟神社
  [[Takase Shrine (Q3791906)]] ≠ jawiki:高瀬神社
  [[Takehime Shrine (Q65734340)]] ≠ jawiki:多気比売神社
  [[Taki Shrine (Q11430618)]] ≠ jawiki:多伎神社
  [[Tamanooya Shrine (Q11572731)]] ≠ jawiki:玉祖神社
  [[Tamatsukuri Shrine (Q134930396)]] ≠ jawiki:玉作神社
  [[Tawa Shrine (Q11430645)]] ≠ jawiki:多和神社
  [[Tenjin-sha (Q70725130)]] ≠ jawiki:天神社 (上里町五明)
  [[Toga Shrine (Q17229311)]] ≠ jawiki:富賀神社
  [[Tokari Shrine (Q11396948)]] ≠ jawiki:利雁神社
  [[Tomi Shrine (Q11602724)]] ≠ jawiki:等彌神社
  [[Toyokuni Shrine (Q48758383)]] ≠ jawiki:豊国神社 (小松島市)
  [[Tsukiyomi Shrine (Q54153263)]] ≠ jawiki:月讀神社 (京田辺市)
  [[Wakamiya Shrine (Q134930669)]] ≠ jawiki:若宮神社 (南伊豆町湊)
  [[Yagi Shrine (Q11666826)]] ≠ jawiki:養基神社
  [[Yana Shrine (Q11471014)]] ≠ jawiki:山那神社 (扶桑町南山名)
  [[Yatsurugi Shrine (Q124496744)]] ≠ jawiki:八剱神社 (羽島市桑原町八神)
  [[Yokota Shrine (Q11543413)]] ≠ jawiki:横田神社 (総社市)
  [[Yuge Shrine (Q11487078)]] ≠ jawiki:弓削神社 (高島市)

