======================================================================
WIKIMEDIA COMMONS - DISPUTED SHIKINAISHA BOT
======================================================================

Loading CSV data...
Found 47 disputed shrines

Connecting to commons.wikimedia.org...
Logged in successfully

1/47: Enano Shrine (Q135039909)
  Candidates: 2
    • Category already exists with correct content: Enano Shrine
      • Already has category: Category:Ena-jinja (Takayama)
      • Already has category: Category:Kōjinja (Takayama)

2/47: Futaarayama Shrine (Q95932360)
  Candidates: 2
    ✓ Created category: Futaarayama Shrine
      ✓ Added category to: Category:Futarasan Shrine
      ✓ Added category to: Category:Utsunomiya Futaarayama-jinja

3/47: Hietano Shrine (Q135039725)
  Candidates: 2
    ✓ Created category: Hietano Shrine
      ✓ Added category to: Category:Mita-Hachiman-jinja
      ✓ Added category to: Category:Rokugo-jinja

4/47: Hihitano Shrine (Q135039721)
  Candidates: 2
    ✓ Created category: Hihitano Shrine
      ✓ Added category to: Category:Hibita-jinja
      ✓ Added category to: Category:Koyasu-myojin

5/47: Himekosono Shrine (Q135039202)
  Candidates: 2
    ✓ Created category: Himekosono Shrine
      ✓ Added category to: Category:Himekoso-jinja
      ✓ Added category to: Category:Kozu-Gu

6/47: Hitsushisakino Shrine (Q135040001)
  Candidates: 2
    ✓ Created category: Hitsushisakino Shrine
      ✓ Added category to: Category:Hitsujisaki-jinja (Minato, Ishinomaki)
      ✓ Added category to: Category:Hitsujisaki-jinja (Mano, Ishinomaki)

7/47: Homino Shrine (Q135039702)
  Candidates: 2
    ✓ Created category: Homino Shrine
      ✓ Added category to: Category:Homi-jinja (Kushigata)
      ✓ Added category to: Category:Homi-jinja (Asahimachi, Nirasaki)

8/47: Homusuhino- Shrine (Q135039674)
  Candidates: 2
    ✓ Created category: Homusuhino- Shrine
      ✓ Added category to: Category:Izusan-jinja
      ✓ Added category to: Category:Sengen-jinja (Mishima)

9/47: Ihatatewono Shrine (Q135039724)
  Candidates: 2
    ✓ Created category: Ihatatewono Shrine
      ✓ Added category to: Category:Iwatateo-no-jinja
      ✓ Added category to: Category:Suwa-myojin (Oshima, Sagamihara)

10/47: Ihatsutano- Shrine (Q135039162)
  Candidates: 2
    ✓ Created category: Ihatsutano- Shrine
      ✓ Added category to: Category:Ishizu-jinja
      ✓ Added category to: Category:Iwatsuta-jinja

11/47: Ikahono Shrine (Q135039963)
  Candidates: 2
    ✓ Created category: Ikahono Shrine
      ✓ Added category to: Category:Ikaho-jinja
      ✓ Added category to: Category:Sannomiya-jinja (Yoshioka)

12/47: Iketano Shrine (Q135039219)
  Candidates: 2
    ✓ Created category: Iketano Shrine
      ✓ Added category to: Category:Ikeda-jinja
      ✓ Added category to: Category:Ikota-jinja

13/47: Imakiawosakainaminoikekamino Shrine (Q135039748)
  Candidates: 2
    ✓ Created category: Imakiawosakainaminoikekamino Shrine
      ✓ Added category to: Category:Imaki-Aosaka-Inami-Ikegami-jinja (Kamisato)
      ✓ Added category to: Category:Imaki-Aosaka-Inami-Ikegami-jinja (Kamikawa, Saitama)

14/47: Inamurano Shrine (Q135039762)
  Candidates: 2
    ✓ Created category: Inamurano Shrine
      ✓ Added category to: Category:Inamura-jinja (Hitachiota)
      ✓ Added category to: Category:Isobe inamura-jinja

15/47: Isanakino Shrine (Q135039217)
  Candidates: 2
    ✓ Created category: Isanakino Shrine
      ✓ Added category to: Category:Izanagi-jinja (Saidera, Suita)
      ✓ Added category to: Category:Izanagi-jinja (Yamadahigashi, Suita)

16/47: Ishihenokashiki- Shrine (Q135039795)
  Candidates: 2
    ✓ Created category: Ishihenokashiki- Shrine
      ✓ Added category to: Category:Yoshihime-jinja
      ✓ Added category to: Category:Yoshimiko-jinja

17/47: Itsumono- Shrine (Q135039738)
  Candidates: 2
    ✓ Created category: Itsumono- Shrine
      ✓ Added category to: Category:Izumoiwai Shrine (Iruma)
      ✓ Added category to: Category:Izumoiwai Shrine, Moroyama

18/47: Iwatowakeyakurahimeno Shrine (Q135041343)
  Candidates: 2
    ✓ Created category: Iwatowakeyakurahimeno Shrine
      ✓ Added category to: Category:Ichinomiya-jinja (Tokushima)
      ✓ Added category to: Category:Kamiichinomiya Oawa-jinja

19/47: Iyotsuhikono- Shrine (Q135041437)
  Candidates: 2
    ✓ Created category: Iyotsuhikono- Shrine
      ✓ Added category to: Category:Iyo-jinja
      ✓ Added category to: Category:Iyozu-hiko-no-Mikoto-jinja

20/47: Izumo-no-winoheno Shrine (Q135038772)
  Candidates: 2
    ✓ Created category: Izumo-no-winoheno Shrine
      ✓ Added category to: Category:Kamigoryō-jinja
      ✓ Added category to: Category:Shimogoryō-jinja

21/47: Kahakareno Shrine (Q135039798)
  Candidates: 2
    ✓ Created category: Kahakareno Shrine
      ✓ Added category to: Category:Aburahi-jinja
      ✓ Added category to: Category:Yasaka-jinja (Gika, Koka)

22/47: Kaharano Shrine (Q135039553)
  Candidates: 2
    ✓ Created category: Kaharano Shrine
      ✓ Added category to: Category:Kawahara-jinja
      ✓ Added category to: Category:Narumi Hachiman-gū

23/47: Kahasukuneno Shrine (Q135039964)
  Candidates: 3
    ✓ Created category: Kahasukuneno Shrine
      ✓ Added category to: Category:Kawasukune-jinja (Higashiagatsuma)
      ✓ Added category to: Category:Kawasukune-jinja (Shibukawa)
      ✓ Added category to: Category:Takeuchi-jinja

24/47: Kakuyano Shrine (Q135041189)
  Candidates: 2
    ✓ Created category: Kakuyano Shrine
      ✓ Added category to: Category:Takano-jinja (Takanohongo, Tsuyama)
      ✓ Added category to: Category:Takano-jinja (Ninomiya, Tsuyama)

25/47: Kashima-Itsunohikeno Shrine (Q135039994)
  Candidates: 2
    ✓ Created category: Kashima-Itsunohikeno Shrine
      ✓ Added category to: Category:Kashima-Amatarashi-Wake-jinja
      ✓ Added category to: Category:Kashima-Onata-jinja

26/47: Kashimawonatano Shrine (Q135039995)
  Candidates: 2
    ✓ Created category: Kashimawonatano Shrine
      ✓ Added category to: Category:Kashima-Amatarashi-Wake-jinja
      ✓ Added category to: Category:Kashima-Onata-jinja

27/47: Kokaneyamano Shrine (Q135040041)
  Candidates: 2
    ✓ Created category: Kokaneyamano Shrine
      ✓ Added category to: Category:Koganeyama-jinja (Ishinomaki)
      ✓ Added category to: Category:Koganeyama-jinja (Wakuya)

28/47: Kutsumino Shrine (Q135039669)
  Candidates: 2
    ✓ Created category: Kutsumino Shrine
      ✓ Added category to: Category:Kuzumi-jinja
      ✓ Added category to: Category:Yuzen-jinja

29/47: Matsuo Shrine (Q135040497)
  Candidates: 2
    ✓ Created category: Matsuo Shrine
      ✓ Added category to: Category:Matsuo-jinja (Kameoka)
      ✓ Added category to: Category:Uketa-jinja (Kameoka)

30/47: Mimeno-amehirinohimeno- Shrine (Q135039751)
  Candidates: 2
    ✓ Created category: Mimeno-amehirinohimeno- Shrine
      ✓ Added category to: Category:Sunomiya-jinja
      ✓ Added category to: Category:Susaki-jinja

31/47: Mishimakamono Shrine (Q135039216)
  Candidates: 4
    ✓ Created category: Mishimakamono Shrine
      ✓ Added category to: Category:Izanagi-jinja (Saidera, Suita)
      ✓ Added category to: Category:Izanagi-jinja (Yamadahigashi, Suita)
      ✓ Added category to: Category:Kamo-jinja (Takatsuki)
      ✓ Added category to: Category:Mishima-Kamo-Jinja

32/47: Morono Shrine (Q135039758)
  Candidates: 2
    ✓ Created category: Morono Shrine
      ✓ Added category to: Category:Moro-jinja (Nagareyama)
      ✓ Added category to: Category:Moro-jinja (Koganehara, Matsudo)

33/47: Naratsuhiko Shrine (Q135038836)
  Candidates: 4
    ✓ Created category: Naratsuhiko Shrine
      ✓ Added category to: Category:Nara Shrine
      ✓ Added category to: Category:Naratsuhiko-jinja
      ✓ Added category to: Category:Wanishita Shrine (Yokota)
      ✓ Added category to: Category:Wanishita Shrine (Ichinomoto)

34/47: Ohomatonotsuno- Shrine (Q135039728)
  Candidates: 3
    ✓ Created category: Ohomatonotsuno- Shrine
      ✓ Added category to: Category:Mitake shrine
      ✓ Added category to: Category:Okunitama-jinja, Fuchu
      ✓ Added category to: Category:Omatonotsunoten-jinja (Inagi)

35/47: Ohomuwano Shrine (Q135039969)
  Candidates: 2
    ✓ Created category: Ohomuwano Shrine
      ✓ Added category to: Category:Omiwa-jinja (Tochigi)
      ✓ Added category to: Category:Ohirasan-jinja

36/47: Sakusano Shrine (Q135040769)
  Candidates: 2
    ✓ Created category: Sakusano Shrine
      ✓ Added category to: Category:Rokusho-jinja (shimane)
      • Already has category: Category:Yaegaki-jinja

37/47: Samukaha Shrine (Q135039756)
  Candidates: 2
    ✓ Created category: Samukaha Shrine
      ✓ Added category to: Category:Ninomiya-jinja (Funabashi)
      ✓ Added category to: Category:Samukawa-jinja (Chuo-ku, Chiba)

38/47: Sukukuno Shrine (Q135039210)
  Candidates: 2
    ✓ Created category: Sukukuno Shrine
      ✓ Added category to: Category:Kasuga-jinja (Shimizu, Ibaraki, Osaka)
      ✓ Added category to: Category:Sukuku-jinja

39/47: Taka- Shrine (Q135038838)
  Candidates: 2
    ✓ Created category: Taka- Shrine
      ✓ Added category to: Category:Himuro-jinja
      ✓ Added category to: Category:Takahashi Jinja (Nara)

40/47: Takaheyano Shrine (Q135039720)
  Candidates: 2
    ✓ Created category: Takaheyano Shrine
      ✓ Added category to: Category:Takabeya-jinja
      ✓ Added category to: Category:Takamori-jinja (Isehara)

41/47: Takayano Shrine (Q135039109)
  Candidates: 2
    ✓ Created category: Takayano Shrine
      ✓ Added category to: Category:Shiratori-jinja
      ✓ Added category to: Category:Takaya-jinja (Habikino, Osaka)

42/47: Takehimeno Shrine (Q135039733)
  Candidates: 2
    ✓ Created category: Takehimeno Shrine
      ✓ Added category to: Category:Hikawa-Nyotai-jinja
      ✓ Added category to: Category:Takehime-jinja

43/47: Torakashiwa Shrine (Q135039730)
  Candidates: 2
    ✓ Created category: Torakashiwa Shrine
      ✓ Added category to: Category:Kohaku-jinja
      ✓ Added category to: Category:Torakashiwa-jinja

44/47: Tsukiyama Shrine (Q135040053)
  Candidates: 2
    ✓ Created category: Tsukiyama Shrine
      ✓ Added category to: Category:Gassan-jinja
      ✓ Added category to: Category:Sanjin gousai-den, Ideha jinja

45/47: Wanishimono Shrine (Q135038818)
  Candidates: 2
    ✓ Created category: Wanishimono Shrine
      ✓ Added category to: Category:Wanishita Shrine (Yokota)
      ✓ Added category to: Category:Wanishita Shrine (Ichinomoto)

46/47: Watamiyakobimiko Shrine (Q135041536)
  Candidates: 2
    ✓ Created category: Watamiyakobimiko Shrine
      ✓ Added category to: Category:Kaijin-jinja
      ✓ Added category to: Category:Watazumi-jinja (Tsushima, Nagasaki)

47/47: Watatsumi Shrine (Engishiki) (Q135041526)
  Candidates: 2
    ✓ Created category: Watatsumi Shrine (Engishiki)
      ✓ Added category to: Category:Kaijin-jinja
      ✓ Added category to: Category:Watazumi-jinja (Tsushima, Nagasaki)

======================================================================
SUMMARY
======================================================================
Disputed categories created: 46
Categories added to candidate pages: 97

Done!
