Logged in

Will fix 2731 pages with duplicate wikidata link templates

1. [[1-day onsen facility]] - consolidated 6 templates
2. [[First White Water Star]] - consolidated 2 templates
3. [[20-Year Plan for One Million Families]] - consolidated 6 templates
4. [[200 Famous Japanese Mountains]] - consolidated 6 templates
5. [[2003 Shooting of Japanese Diplomats in Iraq]] - consolidated 6 templates
6. [[26-Rank cap system]] - consolidated 6 templates
7. [[36 Dōji]] - consolidated 6 templates
8. [[72 pentads]] - consolidated 6 templates
9. [[A1 Decan Lists]] - consolidated 6 templates
10. [[A2 Decan Lists]] - consolidated 6 templates
11. [[Ab (decan)]] - consolidated 6 templates
12. [[Ab-Schetui]] - consolidated 6 templates
13. [[Abare Festival]] - consolidated 6 templates
14. [[Abashiri Shrine]] - consolidated 6 templates
15. [[Abe clan]] - consolidated 6 templates
16. [[Abe no Ariyo]] - consolidated 6 templates
17. [[Abe no Seimei]] - consolidated 6 templates
18. [[Abe no Yasuchika]] - consolidated 6 templates
19. [[Abe no Yasunaga]] - consolidated 6 templates
20. [[Abe no Yoshihira]] - consolidated 6 templates
21. [[Abe Ōji Shrine]] - consolidated 6 templates
22. [[Abedani Kofun]] - consolidated 6 templates
23. [[Abeno Shrine]] - consolidated 6 templates
24. [[Abesches]] - consolidated 6 templates
25. [[Abuyama Kofun]] - consolidated 6 templates
26. [[Acala]] - consolidated 6 templates
27. [[Achi clan]] - consolidated 6 templates
28. [[Achi Shrine]] - consolidated 6 templates
29. [[Achi Shrine (Kurashiki)]] - consolidated 6 templates
30. [[Achihayao Shrine]] - consolidated 6 templates
31. [[Acidic springs]] - consolidated 6 templates
32. [[Acronychic]] - consolidated 6 templates
33. [[Acts of Worship]] - consolidated 6 templates
34. [[Acupuncture Hakase]] - consolidated 6 templates
35. [[Adachi Myokengu]] - consolidated 6 templates
36. [[Adachi Yoshikage]] - consolidated 6 templates
37. [[Adachiyama]] - consolidated 6 templates
38. [[Aedo Hashihime Shrine]] - consolidated 6 templates
39. [[Aekuni Shrine]] - consolidated 6 templates
40. [[Aga Shrine]] - consolidated 6 templates
41. [[Agata no Inukai clan]] - consolidated 6 templates
42. [[Agata Shrine]] - consolidated 6 templates
43. [[Agata Shrine (Gero City)]] - consolidated 6 templates
44. [[Agata Shrine (Ōamishirasato)]] - consolidated 6 templates
45. [[Agatanushi]] - consolidated 6 templates
46. [[Agatanushi Shrine]] - consolidated 6 templates
47. [[Agatanushi Shrine (Minokamo)]] - consolidated 7 templates
48. [[Age of the Gods]] - consolidated 6 templates
49. [[Agemizo Tenjinzuka Kofun]] - consolidated 6 templates
50. [[Agency for Cultural Affairs]] - consolidated 6 templates
51. [[Ageshima Kofun]] - consolidated 6 templates
52. [[Aguchi Shrine]] - consolidated 6 templates
53. [[Ahachino Shrine]] - consolidated 6 templates
54. [[Ahano Shrine]] - consolidated 6 templates
55. [[Ahita Shrine]] - consolidated 6 templates
56. [[Ai Shrine]] - consolidated 6 templates
57. [[AICEL Shura Hall]] - consolidated 6 templates
58. [[Aichi Gokoku Shrine]] - consolidated 6 templates
59. [[Aiki Shrine]] - consolidated 6 templates
60. [[Ainame Festival]] - consolidated 6 templates
61. [[Airborne Parachute Unit]] - consolidated 6 templates
62. [[Aizen Festival]] - consolidated 6 templates
63. [[Aizu Tajima Gion Festival]] - consolidated 6 templates
64. [[Aizu-hime-no-Kami]] - consolidated 6 templates
65. [[Ajima Shrine]] - consolidated 6 templates
66. [[Ajisukitakahikone]] - consolidated 6 templates
67. [[Ajiyoshi Futagoyama Kofun]] - consolidated 6 templates
68. [[Akabo Shrine]] - consolidated 6 templates
69. [[Akabori Chausuyama Kofun]] - consolidated 6 templates
70. [[Akagi Shrine (Fujimi Town Yokomuro)]] - consolidated 6 templates
71. [[Akagi Shrines]] - consolidated 6 templates
72. [[Akaiwa Shrine]] - consolidated 6 templates
73. [[Akaizuka Kofun]] - consolidated 6 templates
74. [[Akamonue Kofun]] - consolidated 6 templates
75. [[Akane Shrine]] - consolidated 6 templates
76. [[Akao Shibutare Kōribe Shrine]] - consolidated 7 templates
77. [[Akaruhime-no-Kami]] - consolidated 6 templates
78. [[Akaruhimenomikoto Shrine]] - consolidated 6 templates
79. [[Akasaka Kaminoyama Shrine]] - consolidated 6 templates
80. [[Akasaka Tennōzan Kofun]] - consolidated 7 templates
81. [[Akasakaimai Tumuli]] - consolidated 6 templates
82. [[Akasaki Shrine]] - consolidated 6 templates
83. [[Akashi no Kuni no Miyatsuko]] - consolidated 6 templates
84. [[Akatsuchiyama Kofun]] - consolidated 6 templates
85. [[Akayu Onsen]] - consolidated 6 templates
86. [[Akayu Onsen (Niigata)]] - consolidated 6 templates
87. [[Akeai Kofun]] - consolidated 6 templates
88. [[Aki District, Hiroshima]] - consolidated 6 templates
89. [[Aki Shrine]] - consolidated 7 templates
90. [[Akiba Gongen]] - consolidated 6 templates
91. [[Akiba Shrine]] - consolidated 6 templates
92. [[Akiba Shrines]] - consolidated 6 templates
93. [[Akibayama Kofun Cluster]] - consolidated 6 templates
94. [[Akidono Minami Kofun]] - consolidated 6 templates
95. [[Akihasan Hongū Akiha Shrine]] - consolidated 6 templates
96. [[Akiru Shrine]] - consolidated 7 templates
97. [[Akita Gokoku Shrine]] - consolidated 6 templates
98. [[Akita Kantō]] - consolidated 6 templates
99. [[Akita Suwa Shrine]] - consolidated 6 templates
100. [[Akshobhya]] - consolidated 6 templates
101. [[Akuma (folklore)]] - consolidated 6 templates
102. [[Akura Takatsuka Kofun]] - consolidated 6 templates
103. [[Akuro O]] - consolidated 6 templates
104. [[Akuto Shrine]] - consolidated 6 templates
105. [[Akō Gishi Festival]] - consolidated 6 templates
106. [[Akōbō Kofun Cluster]] - consolidated 6 templates
107. [[All-Devourer]] - consolidated 6 templates
108. [[Alum springs]] - consolidated 6 templates
109. [[Ama (female diver)]] - consolidated 6 templates
110. [[Ama Clan Genealogy]] - consolidated 6 templates
111. [[Ama Kazukime Shrine]] - consolidated 6 templates
112. [[Ama People]] - consolidated 6 templates
113. [[Ama-no-Inukai clan]] - consolidated 6 templates
114. [[Ama-no-iwafune]] - consolidated 6 templates
115. [[Ama-no-Iwato-wake no Kami]] - consolidated 6 templates
116. [[Ama-no-Oshihi]] - consolidated 6 templates
117. [[Amabe Caste]] - consolidated 6 templates
118. [[Amabe clan]] - consolidated 6 templates
119. [[Amagasaki Ebisu Shrine]] - consolidated 6 templates
120. [[Amago clan]] - consolidated 6 templates
121. [[Amakashi-ni-imasu Shrine]] - consolidated 6 templates
122. [[Amamikoso Shrine]] - consolidated 6 templates
123. [[Amamikyu]] - consolidated 6 templates
124. [[Amamiyama Kofun]] - consolidated 6 templates
125. [[Amanawa Shinmei Shrine]] - consolidated 6 templates
126. [[Amano-Iwato]] - consolidated 6 templates
127. [[Amanohashidate]] - consolidated 6 templates
128. [[Amanohohinomikotono Shrine]] - consolidated 6 templates
129. [[Amanoiwatate Shrine]] - consolidated 6 templates
130. [[Amanoiwato Shrine]] - consolidated 6 templates
131. [[Amanoiwato Shrine (Fukuchiyama)]] - consolidated 6 templates
132. [[Amanokakoyamano- Shrine]] - consolidated 6 templates
133. [[Amanokume no Mikoto]] - consolidated 6 templates
134. [[Amanomichine]] - consolidated 6 templates
135. [[Amanomikemunushi-no-Kami]] - consolidated 6 templates
136. [[Amanosagiri-no-Kami]] - consolidated 6 templates
137. [[Amaoshio no mikoto]] - consolidated 6 templates
138. [[Amaterasu]] - consolidated 6 templates
139. [[Amaterasu Sumemioya Shrine]] - consolidated 6 templates
140. [[Amaterasu Ōmikami Takakura Shrine & Iwato Shrine]] - consolidated 6 templates
141. [[Amato Hime-no-Mikoto]] - consolidated 6 templates
142. [[Amatomi no Mikoto]] - consolidated 6 templates
143. [[Amatsu Shrine (Narashino City)]] - consolidated 6 templates
144. [[Amatsu-Mikaboshi]] - consolidated 6 templates
145. [[Amatsuhikone]] - consolidated 6 templates
146. [[Amatsuihatowakeno Shrine]] - consolidated 6 templates
147. [[Amatsuihatowakewakahimeno Shrine]] - consolidated 6 templates
148. [[Amatsuka Kofun]] - consolidated 6 templates
149. [[Amatsukami]] - consolidated 6 templates
150. [[Amatsukunitama-no-Mikoto]] - consolidated 6 templates
151. [[Amayukawata Shrine]] - consolidated 6 templates
152. [[Amazake]] - consolidated 6 templates
153. [[Amduat]] - consolidated 6 templates
154. [[Ame no Hohi]] - consolidated 6 templates
155. [[Ame no Murakumo]] - consolidated 6 templates
156. [[Ame no Wakahiko]] - consolidated 6 templates
157. [[Ame-no-Fuyukinu]] - consolidated 6 templates
158. [[Ame-no-Hibaraooshinadomi-no-Kami]] - consolidated 6 templates
159. [[Ame-no-Hiwashi Shrine (disambiguation)]] - consolidated 6 templates
160. [[Ame-no-Ikutama]] - consolidated 6 templates
161. [[Ame-no-Kaguyama]] - consolidated 6 templates
162. [[Ame-no-Koyane]] - consolidated 6 templates
163. [[Ame-no-Mahitotsu-no-Mikoto]] - consolidated 6 templates
164. [[Ame-no-Mikage-no-Kami]] - consolidated 6 templates
165. [[Ame-no-Mikumari-toyoura Shrine]] - consolidated 6 templates
166. [[Ame-no-Minakanushi]] - consolidated 6 templates
167. [[Ame-no-Miya Shrine]] - consolidated 6 templates
168. [[Ame-no-ohabari]] - consolidated 5 templates
169. [[Ame-no-Oshikumone]] - consolidated 6 templates
170. [[Ame-no-Shirahano Shrine]] - consolidated 5 templates
171. [[Ame-no-Tanagao Shrine]] - consolidated 6 templates
172. [[Ame-no-Tokotachi]] - consolidated 5 templates
173. [[Ame-no-torifune]] - consolidated 5 templates
174. [[Ame-no-Tsudoechine]] - consolidated 5 templates
175. [[Ame-no-ukihashi]] - consolidated 5 templates
176. [[Ame-no-Uzume]] - consolidated 5 templates
177. [[Ame-no-Yukawata]] - consolidated 5 templates
178. [[Ameku-gū]] - consolidated 5 templates
179. [[Amenohiboko]] - consolidated 5 templates
180. [[Amenohoakari]] - consolidated 5 templates
181. [[Amenoihasuhino Shrine]] - consolidated 5 templates
182. [[Amenomiya Kofun Cluster]] - consolidated 5 templates
183. [[Amenophis Festivals]] - consolidated 5 templates
184. [[Amenotakechi Shrine]] - consolidated 5 templates
185. [[Amenotaneko]] - consolidated 5 templates
186. [[Ami Hama Chausuyama Kofun]] - consolidated 5 templates
187. [[Amidaji Kofun Cluster]] - consolidated 5 templates
188. [[Amino Chōshiyama Kofun]] - consolidated 5 templates
189. [[Amitābha]] - consolidated 5 templates
190. [[Amoghapasha]] - consolidated 5 templates
191. [[Amoghasiddhi]] - consolidated 5 templates
192. [[Amonotoyototsu-hime]] - consolidated 5 templates
193. [[Amun-Ra]] - consolidated 5 templates
194. [[Amun-Re Festival]] - consolidated 5 templates
195. [[An (Shinto)]] - consolidated 5 templates
196. [[Anafukino Shrine]] - consolidated 5 templates
197. [[Anagahayama Kofun]] - consolidated 5 templates
198. [[Anakannon Kofun]] - consolidated 5 templates
199. [[Anamizu Ōmiya]] - consolidated 5 templates
200. [[Anashi-Nimasu Hyōzu Shrine]] - consolidated 6 templates
201. [[Anashinoohohiyauzuno Shrine]] - consolidated 5 templates
202. [[Ancestors of the Emperor]] - consolidated 5 templates
203. [[Ancestral shrine]] - consolidated 5 templates
204. [[Ancient Egyptian cryptography]] - consolidated 5 templates
205. [[Ancient Egyptian Day]] - consolidated 5 templates
206. [[Ancient Egyptian Lunar Calendar]] - consolidated 5 templates
207. [[Ancient Egyptian Valley Temple]] - consolidated 5 templates
208. [[Anderayama Kofun]] - consolidated 5 templates
209. [[Andon-yama Kofun]] - consolidated 5 templates
210. [[Anegasaki Tenjinyama Kofun]] - consolidated 5 templates
211. [[Anekoji Street]] - consolidated 5 templates
212. [[Anesaki district]] - consolidated 5 templates
213. [[Anesaki Futagozuka Kofun]] - consolidated 5 templates
214. [[Anesaki Kofun Group]] - consolidated 5 templates
215. [[Anesaki Shrine]] - consolidated 6 templates
216. [[Anfuku-ji (Kashiwara)]] - consolidated 5 templates
217. [[Ani Shrine]] - consolidated 5 templates
218. [[Anju-in]] - consolidated 5 templates
219. [[Ankokoji (Chino City)]] - consolidated 5 templates
220. [[Annual event]] - consolidated 5 templates
221. [[Anpuku-ji Temple]] - consolidated 5 templates
222. [[Anrakuju-in]] - consolidated 5 templates
223. [[Antoku Ōzuka Kofun]] - consolidated 5 templates
224. [[Anumi Shrine]] - consolidated 6 templates
225. [[Aoba Shrine]] - consolidated 5 templates
226. [[Aoi Matsuri]] - consolidated 5 templates
227. [[Aoki Shrine]] - consolidated 5 templates
228. [[Aomori Gokoku Shrine]] - consolidated 5 templates
229. [[Aonuma-Mashi-no-Maou-hime]] - consolidated 5 templates
230. [[Aosamurai]] - consolidated 5 templates
231. [[Aoshima Shrine]] - consolidated 5 templates
232. [[Aoso Shrine]] - consolidated 5 templates
233. [[Aotsuka Kofun]] - consolidated 5 templates
234. [[Aoyama Kumano Shrine]] - consolidated 5 templates
235. [[Aozuka Kofun (Kannonji City)]] - consolidated 5 templates
236. [[April (Lunisolar)]] - consolidated 5 templates
237. [[April 1 (Lunisolar)]] - consolidated 5 templates
238. [[April 10 (Lunisolar)]] - consolidated 5 templates
239. [[April 11 (Lunisolar)]] - consolidated 5 templates
240. [[April 12 (Lunisolar)]] - consolidated 5 templates
241. [[April 13 (Lunisolar)]] - consolidated 5 templates
242. [[April 14 (Lunisolar)]] - consolidated 5 templates
243. [[April 15 (Lunisolar)]] - consolidated 5 templates
244. [[April 16 (Lunisolar)]] - consolidated 5 templates
245. [[April 17 (Lunisolar)]] - consolidated 5 templates
246. [[April 18 (Lunisolar)]] - consolidated 5 templates
247. [[April 19 (Lunisolar)]] - consolidated 4 templates
248. [[April 2 (Lunisolar)]] - consolidated 4 templates
249. [[April 20 (Lunisolar)]] - consolidated 4 templates
250. [[April 21 (Lunisolar)]] - consolidated 4 templates
251. [[April 22 (Lunisolar)]] - consolidated 4 templates
252. [[April 23 (Lunisolar)]] - consolidated 4 templates
253. [[April 24 (Lunisolar)]] - consolidated 4 templates
254. [[April 25 (Lunisolar)]] - consolidated 4 templates
255. [[April 26 (Lunisolar)]] - consolidated 4 templates
256. [[April 27 (Lunisolar)]] - consolidated 4 templates
257. [[April 28 (Lunisolar)]] - consolidated 4 templates
258. [[April 29 (Lunisolar)]] - consolidated 4 templates
259. [[April 3 (Lunisolar)]] - consolidated 4 templates
260. [[April 30 (Lunisolar)]] - consolidated 4 templates
261. [[April 4 (Lunisolar)]] - consolidated 4 templates
262. [[April 5 (Lunisolar)]] - consolidated 4 templates
263. [[April 6 (Lunisolar)]] - consolidated 4 templates
264. [[April 7 (Lunisolar)]] - consolidated 4 templates
265. [[April 8 (Lunisolar)]] - consolidated 4 templates
266. [[April 9 (Lunisolar)]] - consolidated 4 templates
267. [[Arahitogami]] - consolidated 4 templates
268. [[Arai Hakuseki]] - consolidated 4 templates
269. [[Arakashi Shrine]] - consolidated 5 templates
270. [[Arakawa River (Yamanashi)]] - consolidated 4 templates
271. [[Arakawato Hime]] - consolidated 4 templates
272. [[Araki Shrine (Uchi district)]] - consolidated 4 templates
273. [[Arakida clan]] - consolidated 4 templates
274. [[Arakura Fuji Asama Shrine]] - consolidated 4 templates
275. [[Aramatsuri-no-Miya]] - consolidated 5 templates
276. [[Aramino Shrine]] - consolidated 4 templates
277. [[Araogawa Shrine (Naruko Onsen)]] - consolidated 5 templates
278. [[Araogawa Shrine (Osaki City Iwadeyama Ikezuki)]] - consolidated 5 templates
279. [[Arashima Kofun Cluster]] - consolidated 4 templates
280. [[Aratawake]] - consolidated 4 templates
281. [[Archaeological excavation]] - consolidated 4 templates
282. [[Argha]] - consolidated 4 templates
283. [[Aridagawa River]] - consolidated 4 templates
284. [[Arihono Shrine]] - consolidated 4 templates
285. [[Arikawa Shrine]] - consolidated 4 templates
286. [[Arikoyama Castle]] - consolidated 4 templates
287. [[Arima Shrine]] - consolidated 4 templates
288. [[Arioka Kofun Cluster]] - consolidated 4 templates
289. [[Aritōshi Shrine]] - consolidated 4 templates
290. [[Aritōshi Shrine (Izumisano)]] - consolidated 4 templates
291. [[Aritōshi Shrine (Tanabe)]] - consolidated 4 templates
292. [[Artificial Hot Spring]] - consolidated 4 templates
293. [[Asahi Tenjinyama Kofun]] - consolidated 4 templates
294. [[Asai Shrine]] - consolidated 4 templates
295. [[Asai Shrine (Takaoka Ishizutsumi)]] - consolidated 4 templates
296. [[Asaka Shrine]] - consolidated 5 templates
297. [[Asakozuka Kofun]] - consolidated 4 templates
298. [[Asakuma Shrine]] - consolidated 5 templates
299. [[Asakuma Shrine (disambiguation)]] - consolidated 4 templates
300. [[Asakura Kofun]] - consolidated 4 templates
301. [[Asakura Shrine]] - consolidated 4 templates
302. [[Asakura Shrine (Kōchi)]] - consolidated 5 templates
303. [[Asakusa]] - consolidated 4 templates
304. [[Asakusa Fuji Sengen Shrine]] - consolidated 4 templates
305. [[Asakusa Shrine]] - consolidated 4 templates
306. [[Asashiro Shrine]] - consolidated 4 templates
307. [[Asato-Hachimangū]] - consolidated 4 templates
308. [[Ashihara no Nakatsukuni]] - consolidated 3 templates
309. [[Ashihara Shrine]] - consolidated 5 templates
310. [[Ashinaga Shrine]] - consolidated 4 templates
311. [[Ashinataka-no-Kami]] - consolidated 4 templates
312. [[Ashinazuchi and Tenazuchi]] - consolidated 4 templates
313. [[Ashitaka Shrine]] - consolidated 4 templates
314. [[Ashiyu]] - consolidated 4 templates
315. [[Ashizumi Jinja / Yukisugi Tenmangū]] - consolidated 5 templates
316. [[Ashizumi Shrine]] - consolidated 5 templates
317. [[Aso clan]] - consolidated 4 templates
318. [[Aso Pink Stone]] - consolidated 4 templates
319. [[Aso Shrine]] - consolidated 5 templates
320. [[Aso Shrine (Hashima, Gifu)]] - consolidated 4 templates
321. [[Ason]] - consolidated 4 templates
322. [[Association of Shinto Shrines]] - consolidated 4 templates
323. [[Astronomical events]] - consolidated 4 templates
324. [[Asuka]] - consolidated 4 templates
325. [[Asuka Kawakami-ni-Imasu Usutakihime-no-Mikoto Shrine]] - consolidated 4 templates
326. [[Asuka Shrine]] - consolidated 4 templates
327. [[Asuka Stone Carvings]] - consolidated 4 templates
328. [[Asuka, Yamato]] - consolidated 4 templates
329. [[Asuka-ni-Imasu Shrine]] - consolidated 5 templates
330. [[Asukabe Shrine]] - consolidated 4 templates
331. [[Asukanoyamakuchino Shrine]] - consolidated 4 templates
332. [[Asukata Shrine (Kakamigahara City)]] - consolidated 4 templates
333. [[Asukatano Shrine]] - consolidated 4 templates
334. [[Asura (Buddhism)]] - consolidated 4 templates
335. [[Atago Faith]] - consolidated 4 templates
336. [[Atago Fire Festival]] - consolidated 4 templates
337. [[Atago Gongen]] - consolidated 4 templates
338. [[Atago Matsuri]] - consolidated 4 templates
339. [[Atago Matsuri (Tanba City)]] - consolidated 4 templates
340. [[Atago Shrine]] - consolidated 4 templates
341. [[Atago Shrine (Ageo)]] - consolidated 4 templates
342. [[Atago Shrine (Gujō)]] - consolidated 4 templates
343. [[Atago Shrine (Kameoka)]] - consolidated 5 templates
344. [[Atago Shrine (Kuki Honcho)]] - consolidated 4 templates
345. [[Atago Shrine (Kyoto)]] - consolidated 5 templates
346. [[Atago Shrine (Matsushima)]] - consolidated 4 templates
347. [[Atago Shrine (Sendai)]] - consolidated 4 templates
348. [[Atago Shrine (Shiroi)]] - consolidated 4 templates
349. [[Atago Shrine (Tendō)]] - consolidated 4 templates
350. [[Atago Shrine (Tokyo)]] - consolidated 4 templates
351. [[Atago Shrine (Toyosato, Tome)]] - consolidated 4 templates
352. [[Atago Shrine (Tsuchiura)]] - consolidated 4 templates
353. [[Atago Shrine (Yonezawa City/Toyama)]] - consolidated 4 templates
354. [[Atagoyama Cave Tombs]] - consolidated 4 templates
355. [[Atagoyama Kofun]] - consolidated 4 templates
356. [[Atagoyama Kofun (Mito)]] - consolidated 4 templates
357. [[Atagozuka Kofun]] - consolidated 4 templates
358. [[Atagozuka Kofun (Mibu)]] - consolidated 4 templates
359. [[Atagozuka Kofun (Shimotsuke)]] - consolidated 4 templates
360. [[Atahimeno Shrine]] - consolidated 4 templates
361. [[Atami Onsen]] - consolidated 3 templates
362. [[Atayuta Shrine]] - consolidated 5 templates
363. [[Athlete Voyeurism]] - consolidated 4 templates
364. [[Ato no Sukune]] - consolidated 4 templates
365. [[Ato no Ōtari]] - consolidated 4 templates
366. [[Atobe Dancing Nembutsu]] - consolidated 4 templates
367. [[August (Lunisolar)]] - consolidated 4 templates
368. [[August 1 (Lunisolar)]] - consolidated 4 templates
369. [[August 10 (Lunisolar)]] - consolidated 4 templates
370. [[August 11 (Lunisolar)]] - consolidated 4 templates
371. [[August 12 (Lunisolar)]] - consolidated 4 templates
372. [[August 13 (Lunisolar)]] - consolidated 4 templates
373. [[August 14 (Lunisolar)]] - consolidated 4 templates
374. [[August 15 (Lunisolar)]] - consolidated 4 templates
375. [[August 16 (Lunisolar)]] - consolidated 4 templates
376. [[August 17 (Lunisolar)]] - consolidated 4 templates
377. [[August 18 (Lunisolar)]] - consolidated 4 templates
378. [[August 19 (Lunisolar)]] - consolidated 4 templates
379. [[August 2 (Lunisolar)]] - consolidated 4 templates
380. [[August 20 (Lunisolar)]] - consolidated 4 templates
381. [[August 21 (Lunisolar)]] - consolidated 4 templates
382. [[August 22 (Lunisolar)]] - consolidated 4 templates
383. [[August 23 (Lunisolar)]] - consolidated 4 templates
384. [[August 24 (Lunisolar)]] - consolidated 4 templates
385. [[August 25 (Lunisolar)]] - consolidated 4 templates
386. [[August 26 (Lunisolar)]] - consolidated 4 templates
387. [[August 27 (Lunisolar)]] - consolidated 4 templates
388. [[August 28 (Lunisolar)]] - consolidated 4 templates
389. [[August 29 (Lunisolar)]] - consolidated 4 templates
390. [[August 3 (Lunisolar)]] - consolidated 4 templates
391. [[August 30 (Lunisolar)]] - consolidated 4 templates
392. [[August 4 (Lunisolar)]] - consolidated 4 templates
393. [[August 5 (Lunisolar)]] - consolidated 4 templates
394. [[August 6 (Lunisolar)]] - consolidated 4 templates
395. [[August 7 (Lunisolar)]] - consolidated 4 templates
396. [[August 8 (Lunisolar)]] - consolidated 4 templates
397. [[August 9 (Lunisolar)]] - consolidated 4 templates
398. [[Autumn Matsuri]] - consolidated 4 templates
399. [[Aviation Shrines]] - consolidated 4 templates
400. [[Awa Province]] - consolidated 4 templates
401. [[Awa Seven Lucky Gods Pilgrimage]] - consolidated 4 templates
402. [[Awa Shrine]] - consolidated 4 templates
403. [[Awa Shrine (disambiguation)]] - consolidated 4 templates
404. [[Awa Tanuki Gassen]] - consolidated 4 templates
405. [[Awa Village]] - consolidated 4 templates
406. [[Awa-Miko Shrine]] - consolidated 5 templates
407. [[Awa-shi]] - consolidated 4 templates
408. [[Awaga Daimyojin Mototsufumi]] - consolidated 6 templates
409. [[Awaga Shrine]] - consolidated 5 templates
410. [[Awashima Shrine (Kainan)]] - consolidated 4 templates
411. [[Awashima Shrine (Uto City)]] - consolidated 4 templates
412. [[Awashima Shrine (Wakayama)]] - consolidated 5 templates
413. [[Awashima-no-Kami]] - consolidated 4 templates
414. [[Awata Shrine]] - consolidated 4 templates
415. [[Ayamezuka Kofun]] - consolidated 4 templates
416. [[Ayashi no Taue Odori]] - consolidated 4 templates
417. [[Ayato-Kunaka Shrine]] - consolidated 5 templates
418. [[Ayazuka Kofun]] - consolidated 4 templates
419. [[Ayukai Hachimangu]] - consolidated 4 templates
420. [[Azayama Shrine]] - consolidated 4 templates
421. [[Azuma Kofun]] - consolidated 4 templates
422. [[Azuma Shrine]] - consolidated 4 templates
423. [[Azuma Shrine (Gotemba)]] - consolidated 4 templates
424. [[Azuma Shrine (Kisarazu City)]] - consolidated 4 templates
425. [[Azuma Shrine (Nakanojo)]] - consolidated 4 templates
426. [[Azuma Shrine (Ninomiya Town)]] - consolidated 4 templates
427. [[Azuma Shrine (Yokohama)]] - consolidated 4 templates
428. [[Azuma-asobi]] - consolidated 4 templates
429. [[Azumi no Muraji Hamako]] - consolidated 4 templates
430. [[Azumi people]] - consolidated 4 templates
431. [[Azumi-no-isora]] - consolidated 4 templates
432. [[Baekje Annals]] - consolidated 4 templates
433. [[Baikihira Kofun]] - consolidated 4 templates
434. [[Baizuka]] - consolidated 4 templates
435. [[Baktiu]] - consolidated 4 templates
436. [[Bakuya Kofun]] - consolidated 4 templates
437. [[Banana-type myth]] - consolidated 4 templates
438. [[Banchō Sarayashiki]] - consolidated 3 templates
439. [[Banshū Autumn Matsuri]] - consolidated 4 templates
440. [[Banzan Kofun]] - consolidated 4 templates
441. [[Baronial Houses]] - consolidated 4 templates
442. [[Basho-zuka Kofun]] - consolidated 4 templates
443. [[Bashoukeoisei]] - consolidated 4 templates
444. [[Bastet Festival]] - consolidated 4 templates
445. [[Stephen Batchelor (author)]] - consolidated 2 templates
446. [[Bath Additive]] - consolidated 3 templates
447. [[Bath tax]] - consolidated 3 templates
448. [[Bekkyū Ōyamazumi Shrine]] - consolidated 3 templates
449. [[Bengala]] - consolidated 3 templates
450. [[Benkei festival]] - consolidated 3 templates
451. [[Benkei-ga-ana Kofun]] - consolidated 3 templates
452. [[Bentenjima (Nemuro)]] - consolidated 3 templates
453. [[Bentenyama Kofun]] - consolidated 3 templates
454. [[Benzaiten]] - consolidated 2 templates
455. [[Benzaiten (Shiroi)]] - consolidated 3 templates
456. [[Benzaiten Shrine]] - consolidated 3 templates
457. [[Beppu Hatto Onsen Festival]] - consolidated 3 templates
458. [[Bessho Chausuyama Kofun]] - consolidated 3 templates
459. [[Bettō-ji]] - consolidated 3 templates
460. [[Bicarbonate springs]] - consolidated 2 templates
461. [[Bikuniyama Cave Tomb Cluster]] - consolidated 3 templates
462. [[Bingo Gokoku Shrine]] - consolidated 3 templates
463. [[Bingo no Kuni Fudoki]] - consolidated 3 templates
464. [[Bipedal ring pattern]] - consolidated 3 templates
465. [[Bitchū-no-kuni Sōjagū]] - consolidated 3 templates
466. [[Biwazuka Kofun]] - consolidated 3 templates
467. [[Bizen Kurazuka Kofun]] - consolidated 3 templates
468. [[Bizen-no-Kuni Sōjagū]] - consolidated 3 templates
469. [[Bobata Onsen]] - consolidated 3 templates
470. [[Boden Kofun Group]] - consolidated 3 templates
471. [[Bodice]] - consolidated 3 templates
472. [[Bohai Sea]] - consolidated 3 templates
473. [[Bohol Sea]] - consolidated 3 templates
474. [[Bokeyama Kofun]] - consolidated 3 templates
475. [[Book of the Day]] - consolidated 3 templates
476. [[Book of the Night]] - consolidated 3 templates
477. [[Bovidae in Chinese mythology]] - consolidated 3 templates
478. [[Box-type Sarcophagus]] - consolidated 3 templates
479. [[Brahmi (disambiguation)]] - consolidated 3 templates
480. [[Brahmin]] - consolidated 3 templates
481. [[Brave (web browser)]] - consolidated 3 templates
482. [[Brazilian Highlands]] - consolidated 3 templates
483. [[Brazilian schools in Japan]] - consolidated 3 templates
484. [[Breech-loading swivel gun]] - consolidated 2 templates
485. [[Brine spring]] - consolidated 3 templates
486. [[British Isles]] - consolidated 3 templates
487. [[British Israelism]] - consolidated 3 templates
488. [[British royal family]] - consolidated 3 templates
489. [[Buddhist ethics]] - consolidated 3 templates
490. [[Buke]] - consolidated 3 templates
491. [[Bungo no Kuni Fudoki]] - consolidated 2 templates
492. [[Bunrei]] - consolidated 3 templates
493. [[Buppōshōryū-ji]] - consolidated 3 templates
494. [[Bureau of Pharmacy]] - consolidated 3 templates
495. [[Bureau of Religions]] - consolidated 3 templates
496. [[Bureau of Shinto Affairs]] - consolidated 3 templates
497. [[Bureau of Shrines]] - consolidated 3 templates
498. [[Bureau of Shrines and Temples]] - consolidated 3 templates
499. [[Burning of the Character Big]] - consolidated 3 templates
500. [[Butai No. 1 Kofun]] - consolidated 3 templates
501. [[Butsumoin]] - consolidated 3 templates
502. [[Butsuzōzui]] - consolidated 3 templates
503. [[Byōdō-in]] - consolidated 3 templates
504. [[Byōdō-ji (Sakurai)]] - consolidated 3 templates
505. [[Bīja]] - consolidated 3 templates
506. [[Bōseikyō]] - consolidated 2 templates
507. [[Bōsō Fudoki Hill]] - consolidated 3 templates
508. [[Candidate Imperial Mausoleum]] - consolidated 3 templates
509. [[Carbon Dioxide Springs]] - consolidated 3 templates
510. [[Carbonated Springs]] - consolidated 3 templates
511. [[Cave tomb]] - consolidated 3 templates
512. [[Celebration in the House of Eternity]] - consolidated 3 templates
513. [[Celestial maiden]] - consolidated 3 templates
514. [[Central officials]] - consolidated 3 templates
515. [[Ceramic Coffins]] - consolidated 3 templates
516. [[Ceremonial vessel stands or jars]] - consolidated 3 templates
517. [[Chalybeate springs]] - consolidated 3 templates
518. [[Changes to deities in the Meiji period]] - consolidated 3 templates
519. [[Chatiu demons]] - consolidated 3 templates
520. [[Chau (Decan)]] - consolidated 3 templates
521. [[Chausubaru Kofun Cluster]] - consolidated 3 templates
522. [[Chausuyama Kofun]] - consolidated 3 templates
523. [[Chausuyama Kofun (Mibu)]] - consolidated 3 templates
524. [[Chausuyama Kofun (Osaka)]] - consolidated 3 templates
525. [[Chausuyama Kofun (Ōtsu)]] - consolidated 3 templates
526. [[Chausuzuka Kofun]] - consolidated 3 templates
527. [[Chausuzuka Kofun (Kashiwara)]] - consolidated 3 templates
528. [[Chausuzuka Kofun (Yame)]] - consolidated 3 templates
529. [[Chentet-cheret]] - consolidated 3 templates
530. [[Chentet-heret]] - consolidated 3 templates
531. [[Cheret-waret]] - consolidated 3 templates
532. [[Cheri-cheped-Kenmut]] - consolidated 3 templates
533. [[Cheri-cheped-seret]] - consolidated 3 templates
534. [[Chest-shaped Sarcophagus]] - consolidated 3 templates
535. [[Chiba clan]] - consolidated 3 templates
536. [[Chiba Gokoku Shrine]] - consolidated 3 templates
537. [[Chiba Shrine]] - consolidated 3 templates
538. [[Chibatake Kofun]] - consolidated 3 templates
539. [[Chibusan-Obusan Kofun]] - consolidated 3 templates
540. [[Chichibu Shrine]] - consolidated 4 templates
541. [[Chichibu Shrine Otaue Matsuri]] - consolidated 3 templates
542. [[Chief Cleric of the Imperial Household]] - consolidated 3 templates
543. [[Chigata Shrine]] - consolidated 3 templates
544. [[Chigi Shrine]] - consolidated 3 templates
545. [[Chigo]] - consolidated 3 templates
546. [[Chigo Dance]] - consolidated 3 templates
547. [[Chigo Dance of Etchū]] - consolidated 3 templates
548. [[Chigo-mai]] - consolidated 3 templates
549. [[Chigyō]] - consolidated 3 templates
550. [[Chihara Ōbaka Kofun]] - consolidated 3 templates
551. [[Chikagata Shrine]] - consolidated 3 templates
552. [[Chikata Shrine (Kanda)]] - consolidated 3 templates
553. [[Chikatsu Shrine (Kuki Honcho)]] - consolidated 3 templates
554. [[Chikatsu Shrine (Kuki, Kamihayami)]] - consolidated 3 templates
555. [[Chikatsu Shrine (Kuki, Yoshiba)]] - consolidated 3 templates
556. [[Chikatsu Shrine (Ono)]] - consolidated 3 templates
557. [[Chikatsu Shrine (Sugito)]] - consolidated 3 templates
558. [[Chikatsu Shrine (Tsukuba)]] - consolidated 4 templates
559. [[Chikatsu Shrines]] - consolidated 3 templates
560. [[Chikatsu-O Shrine]] - consolidated 3 templates
561. [[Chikatsuyu Ōji Shrine]] - consolidated 3 templates
562. [[Chikatō-no-Kami]] - consolidated 3 templates
563. [[Chikuami]] - consolidated 3 templates
564. [[Chikugo River Fireworks Festival]] - consolidated 3 templates
565. [[Chikuzen no Kuni Zoku Fudoki]] - consolidated 3 templates
566. [[Chikōzu Kashima Shrine]] - consolidated 3 templates
567. [[Chimyō Gongen]] - consolidated 3 templates
568. [[Chin'ooka Kofun]] - consolidated 3 templates
569. [[Chinese Cultural Renaissance]] - consolidated 3 templates
570. [[Chinese Imperial Rituals]] - consolidated 3 templates
571. [[Ching Nan Shrine]] - consolidated 3 templates
572. [[Chinju no Mori]] - consolidated 3 templates
573. [[Chinjufu Hachimangū]] - consolidated 3 templates
574. [[Chinkoku-ji]] - consolidated 3 templates
575. [[Chinkon-sai]] - consolidated 3 templates
576. [[Chinsetsu yumiharizuki]] - consolidated 3 templates
577. [[Chintaku Reifu]] - consolidated 3 templates
578. [[Chintaku Reifu Shrine]] - consolidated 3 templates
579. [[Chion-in]] - consolidated 3 templates
580. [[Chiriku Hachimangu]] - consolidated 3 templates
581. [[Chiryu festival]] - consolidated 3 templates
582. [[Chiryu Shrine]] - consolidated 4 templates
583. [[Chishirono Shrine]] - consolidated 3 templates
584. [[Chisoku Kofun]] - consolidated 3 templates
585. [[Chiyomaru Kofun]] - consolidated 3 templates
586. [[Chofukuji Urayama Kofun Group]] - consolidated 3 templates
587. [[Chohoujiminamihara Kofun]] - consolidated 3 templates
588. [[Choja-ga-hira Kofun]] - consolidated 3 templates
589. [[Chojagamori Kofun]] - consolidated 3 templates
590. [[Chojazuka Kofun]] - consolidated 3 templates
591. [[Chokugan-ji]] - consolidated 3 templates
592. [[Chokusaisha]] - consolidated 3 templates
593. [[Chokōji Kofun Group]] - consolidated 3 templates
594. [[Chonsu (month)]] - consolidated 3 templates
595. [[Choraku-ji Tenmangū]] - consolidated 3 templates
596. [[Chukain Temple]] - consolidated 3 templates
597. [[Chōjasan Shinra Shrine]] - consolidated 3 templates
598. [[Chōkai Gassan Ryōsho-gū]] - consolidated 3 templates
599. [[Chōkai Shugendō]] - consolidated 3 templates
600. [[Chōkaisan Ōmonoimi Shrine]] - consolidated 2 templates
601. [[Chōkoku-ji]] - consolidated 3 templates
602. [[Chōnin]] - consolidated 3 templates
603. [[Chōshizuka Kofun (Saga)]] - consolidated 3 templates
604. [[Chūsei Nihonki]] - consolidated 3 templates
605. [[Chūyūki]] - consolidated 3 templates
606. [[Cintamani]] - consolidated 3 templates
607. [[Cintāmaṇicakra]] - consolidated 3 templates
608. [[City Offices (Tōji and Sai)]] - consolidated 3 templates
609. [[Clan head]] - consolidated 3 templates
610. [[Clan shrine]] - consolidated 3 templates
611. [[Clan temple]] - consolidated 3 templates
612. [[Clay coffin chamber]] - consolidated 3 templates
613. [[Clay pipe]] - consolidated 3 templates
614. [[Clock (Faberge egg)]] - consolidated 3 templates
615. [[Co-Enshrinement]] - consolidated 3 templates
616. [[Coastal Zenpokoenfun]] - consolidated 3 templates
617. [[Cofun Gal no Coffy]] - consolidated 3 templates
618. [[Commandment]] - consolidated 3 templates
619. [[Communal hot springs]] - consolidated 3 templates
620. [[Complex archaeological sites]] - consolidated 3 templates
621. [[Comprehensive Dictionary of Japanese Kofun]] - consolidated 3 templates
622. [[Confucian Shinto]] - consolidated 3 templates
623. [[Conqueror of Breads]] - consolidated 3 templates
624. [[Conservation Techniques for Cultural Properties]] - consolidated 3 templates
625. [[Constructed Hot Spring]] - consolidated 3 templates
626. [[Controversies surrounding Yasukuni Shrine]] - consolidated 3 templates
627. [[Copper-Iron Spring]] - consolidated 3 templates
628. [[Coronation (Pharaoh)]] - consolidated 3 templates
629. [[Corridor-Style Stone Chamber]] - consolidated 3 templates
630. [[Court Ranks in Japan]] - consolidated 3 templates
631. [[Cultural Properties Protection Law]] - consolidated 3 templates
632. [[Cylindrical Haniwa]] - consolidated 3 templates
633. [[Dai Nippon Koku Ichinomiya Ki]] - consolidated 3 templates
634. [[Daibo Kofun]] - consolidated 3 templates
635. [[Daibu Hachiman-gu]] - consolidated 3 templates
636. [[Daibu temple ruins]] - consolidated 3 templates
637. [[Daibutsuyō]] - consolidated 3 templates
638. [[Daibō Kofun]] - consolidated 3 templates
639. [[Daidō Akagi Shrine]] - consolidated 4 templates
640. [[Daigakkō (1869)]] - consolidated 3 templates
641. [[Daigan-ji Temple]] - consolidated 3 templates
642. [[Daigo Hisa]] - consolidated 3 templates
643. [[Daigo-ji]] - consolidated 3 templates
644. [[Daigokuden]] - consolidated 3 templates
645. [[Daihachi Oguchi]] - consolidated 3 templates
646. [[Daijingu (Sakuragawa)]] - consolidated 3 templates
647. [[Daijingū]] - consolidated 3 templates
648. [[Daijinke]] - consolidated 3 templates
649. [[Daijirin]] - consolidated 3 templates
650. [[Daijosai]] - consolidated 3 templates
651. [[Daijō-kan]] - consolidated 3 templates
652. [[Daikakuji Kofun Group]] - consolidated 3 templates
653. [[Daikokuten]] - consolidated 3 templates
654. [[Dainichi Kofun]] - consolidated 3 templates
655. [[Dainichiyama Tomb No. 35]] - consolidated 3 templates
656. [[Dairizuka Kofun]] - consolidated 3 templates
657. [[Dairizuka Kofun Cluster]] - consolidated 3 templates
658. [[Dairokuten (Hannō)]] - consolidated 3 templates
659. [[Dairokuten Kofun]] - consolidated 3 templates
660. [[Dairokuten Sakaki Shrine]] - consolidated 3 templates
661. [[Dairokuten Shrine]] - consolidated 3 templates
662. [[Dairokuten Shrine (Chigasaki)]] - consolidated 3 templates
663. [[Dairokuten Shrine (Suginami)]] - consolidated 3 templates
664. [[Daisen Park]] - consolidated 3 templates
665. [[Daisenjō]] - consolidated 3 templates
666. [[Daisenryō Kofun]] - consolidated 2 templates
667. [[Daishōgun (directional deity)]] - consolidated 2 templates
668. [[Daishōgun Hachi Shrine]] - consolidated 2 templates
669. [[Daishōgun Shrine]] - consolidated 2 templates
670. [[Daishōgun Shrine (Kita-ku, Kyoto)]] - consolidated 2 templates
671. [[Daishōgun Shrine (Kyoto City Higashiyama Ward)]] - consolidated 2 templates
672. [[Daishōgun Shrine (Nara City)]] - consolidated 2 templates
673. [[Daitengu]] - consolidated 2 templates
674. [[Daito Shrine (Ome)]] - consolidated 2 templates
675. [[Daitō Shrine (Minamidaito Village)]] - consolidated 2 templates
676. [[Daitō-gū]] - consolidated 2 templates
677. [[Daiyokujō]] - consolidated 2 templates
678. [[Dajōkan Edict]] - consolidated 2 templates
679. [[Dakini]] - consolidated 2 templates
680. [[Dakōken]] - consolidated 2 templates
681. [[Danbara Kofun]] - consolidated 2 templates
682. [[Danjirimaki Kofun]] - consolidated 2 templates
683. [[Danjōzan Kofun]] - consolidated 2 templates
684. [[Dannozuka Kofun]] - consolidated 2 templates
685. [[Danpusan Kofun]] - consolidated 2 templates
686. [[Daruma doll]] - consolidated 2 templates
687. [[Daryu Mirror]] - consolidated 2 templates
688. [[Dashu (solar term)]] - consolidated 2 templates
689. [[Day of Haniwa]] - consolidated 2 templates
690. [[Day selection calendar]] - consolidated 2 templates
691. [[Dazai Gon no Daibu]] - consolidated 2 templates
692. [[Dazai no Sochi]] - consolidated 2 templates
693. [[Decan]] - consolidated 2 templates
694. [[Decan List C]] - consolidated 2 templates
695. [[December 1 (Lunisolar)]] - consolidated 2 templates
696. [[December 10 (Lunisolar)]] - consolidated 2 templates
697. [[December 11 (Lunisolar)]] - consolidated 2 templates
698. [[December 12 (Lunisolar)]] - consolidated 2 templates
699. [[December 13 (Lunisolar)]] - consolidated 2 templates
700. [[December 14 (Lunisolar)]] - consolidated 2 templates
701. [[December 15 (Lunisolar)]] - consolidated 2 templates
702. [[December 16 (Lunisolar)]] - consolidated 2 templates
703. [[December 17 (Lunisolar)]] - consolidated 2 templates
704. [[December 18 (Lunisolar)]] - consolidated 2 templates
705. [[December 19 (Lunisolar)]] - consolidated 2 templates
706. [[December 2 (Lunisolar)]] - consolidated 2 templates
707. [[December 20 (Lunisolar)]] - consolidated 2 templates
708. [[December 21 (Lunisolar)]] - consolidated 2 templates
709. [[December 22 (Lunisolar)]] - consolidated 2 templates
710. [[December 23 (Lunisolar)]] - consolidated 2 templates
711. [[December 24 (Lunisolar)]] - consolidated 2 templates
712. [[December 25 (Lunisolar)]] - consolidated 2 templates
713. [[December 26 (Lunisolar)]] - consolidated 2 templates
714. [[December 27 (Lunisolar)]] - consolidated 2 templates
715. [[December 28 (Lunisolar)]] - consolidated 2 templates
716. [[December 29 (Lunisolar)]] - consolidated 2 templates
717. [[December 3 (Lunisolar)]] - consolidated 2 templates
718. [[December 30 (Lunisolar)]] - consolidated 2 templates
719. [[December 4 (Lunisolar)]] - consolidated 2 templates
720. [[December 5 (Lunisolar)]] - consolidated 2 templates
721. [[December 6 (Lunisolar)]] - consolidated 2 templates
722. [[December 7 (Lunisolar)]] - consolidated 2 templates
723. [[December 8 (Lunisolar)]] - consolidated 2 templates
724. [[December 9 (Lunisolar)]] - consolidated 2 templates
725. [[Decorated kofun]] - consolidated 2 templates
726. [[Defeat the Shogunate Movement]] - consolidated 2 templates
727. [[Dei of Wa]] - consolidated 2 templates
728. [[Demon King of the Sixth Heaven]] - consolidated 2 templates
729. [[Demotion to subject status]] - consolidated 2 templates
730. [[Den-Takabatakeryo Kofun]] - consolidated 2 templates
731. [[Department of Divinities]] - consolidated 2 templates
732. [[Deyama Graves]] - consolidated 2 templates
733. [[Dharma transmission]] - consolidated 2 templates
734. [[Dhu al-Hijjah 1]] - consolidated 2 templates
735. [[Dhu al-Hijjah 10]] - consolidated 2 templates
736. [[Dhu al-Hijjah 11]] - consolidated 2 templates
737. [[Dhu al-Hijjah 12]] - consolidated 2 templates
738. [[Dhu al-Hijjah 13]] - consolidated 2 templates
739. [[Dhu al-Hijjah 14]] - consolidated 2 templates
740. [[Dhu al-Hijjah 15]] - consolidated 2 templates
741. [[Dhu al-Hijjah 16]] - consolidated 2 templates
742. [[Dhu al-Hijjah 17]] - consolidated 2 templates
743. [[Dhu al-Hijjah 18]] - consolidated 2 templates
744. [[Dhu al-Hijjah 19]] - consolidated 2 templates
745. [[Dhu al-Hijjah 2]] - consolidated 2 templates
746. [[Dhu al-Hijjah 20]] - consolidated 2 templates
747. [[Dhu al-Hijjah 21]] - consolidated 2 templates
748. [[Dhu al-Hijjah 22]] - consolidated 2 templates
749. [[Dhu al-Hijjah 23]] - consolidated 2 templates
750. [[Dhu al-Hijjah 24]] - consolidated 2 templates
751. [[Dhu al-Hijjah 25]] - consolidated 2 templates
752. [[Dhu al-Hijjah 26]] - consolidated 2 templates
753. [[Dhu al-Hijjah 27]] - consolidated 2 templates
754. [[Dhu al-Hijjah 28]] - consolidated 2 templates
755. [[Dhu al-Hijjah 29]] - consolidated 2 templates
756. [[Dhu al-Hijjah 3]] - consolidated 2 templates
757. [[Dhu al-Hijjah 30]] - consolidated 2 templates
758. [[Dhu al-Hijjah 4]] - consolidated 2 templates
759. [[Dhu al-Hijjah 5]] - consolidated 2 templates
760. [[Dhu al-Hijjah 6]] - consolidated 2 templates
761. [[Dhu al-Hijjah 7]] - consolidated 2 templates
762. [[Dhu al-Hijjah 8]] - consolidated 2 templates
763. [[Dhu al-Hijjah 9]] - consolidated 2 templates
764. [[Dhu al-Qadah 1]] - consolidated 2 templates
765. [[Dhu al-Qadah 10]] - consolidated 2 templates
766. [[Dhu al-Qadah 11]] - consolidated 2 templates
767. [[Dhu al-Qadah 12]] - consolidated 2 templates
768. [[Dhu al-Qadah 13]] - consolidated 2 templates
769. [[Dhu al-Qadah 14]] - consolidated 2 templates
770. [[Dhu al-Qadah 15]] - consolidated 2 templates
771. [[Dhu al-Qadah 16]] - consolidated 2 templates
772. [[Dhu al-Qadah 17]] - consolidated 2 templates
773. [[Dhu al-Qadah 18]] - consolidated 2 templates
774. [[Dhu al-Qadah 19]] - consolidated 2 templates
775. [[Dhu al-Qadah 2]] - consolidated 2 templates
776. [[Dhu al-Qadah 20]] - consolidated 2 templates
777. [[Dhu al-Qadah 21]] - consolidated 2 templates
778. [[Dhu al-Qadah 22]] - consolidated 2 templates
779. [[Dhu al-Qadah 23]] - consolidated 2 templates
780. [[Dhu al-Qadah 24]] - consolidated 2 templates
781. [[Dhu al-Qadah 25]] - consolidated 2 templates
782. [[Dhu al-Qadah 26]] - consolidated 2 templates
783. [[Dhu al-Qadah 27]] - consolidated 2 templates
784. [[Dhu al-Qadah 28]] - consolidated 2 templates
785. [[Dhu al-Qadah 29]] - consolidated 2 templates
786. [[Dhu al-Qadah 3]] - consolidated 2 templates
787. [[Dhu al-Qadah 30]] - consolidated 2 templates
788. [[Dhu al-Qadah 4]] - consolidated 2 templates
789. [[Dhu al-Qadah 5]] - consolidated 2 templates
790. [[Dhu al-Qadah 6]] - consolidated 2 templates
791. [[Dhu al-Qadah 7]] - consolidated 2 templates
792. [[Dhu al-Qadah 8]] - consolidated 2 templates
793. [[Dhu al-Qadah 9]] - consolidated 2 templates
794. [[Diagonal star clock EA47605]] - consolidated 2 templates
795. [[Diluvial upland]] - consolidated 2 templates
796. [[Directional deity]] - consolidated 2 templates
797. [[Divine Soldiers of the Sky]] - consolidated 2 templates
798. [[Djehuti]] - consolidated 2 templates
799. [[Doburoku Matsuri]] - consolidated 2 templates
800. [[Doctor of the five classics]] - consolidated 2 templates
801. [[Doctor Voyeurism]] - consolidated 2 templates
802. [[Don Philippi]] - consolidated 2 templates
803. [[Donto Festival]] - consolidated 2 templates
804. [[Dorogawa]] - consolidated 2 templates
805. [[Doyama Kofun]] - consolidated 2 templates
806. [[Doyō (season)]] - consolidated 2 templates
807. [[Drawn‐off hot spring]] - consolidated 2 templates
808. [[Dry-lacquer coffin]] - consolidated 2 templates
809. [[Dry-lacquer sculpture]] - consolidated 2 templates
810. [[Duì (Bagua)]] - consolidated 2 templates
811. [[Dō (architecture)]] - consolidated 2 templates
812. [[Dōkyō Incident]] - consolidated 2 templates
813. [[Dōma Hōshi]] - consolidated 2 templates
814. [[Dōmeki]] - consolidated 2 templates
815. [[Dōnanzan Kofun]] - consolidated 2 templates
816. [[Dōzan River (disambiguation)]] - consolidated 2 templates
817. [[E Shrine]] - consolidated 3 templates
818. [[E-Gov Law Search]] - consolidated 2 templates
819. [[E-kagami-style pit dwelling]] - consolidated 2 templates
820. [[E-no-ura Cave Tomb Cluster]] - consolidated 2 templates
821. [[Earth burial]] - consolidated 2 templates
822. [[East Asian extra-statutory office]] - consolidated 2 templates
823. [[East Asian government position]] - consolidated 2 templates
824. [[Eastern Japan]] - consolidated 2 templates
825. [[Ebara Shichifukujin]] - consolidated 2 templates
826. [[Ebers calendar]] - consolidated 2 templates
827. [[Ebetsu shrine]] - consolidated 2 templates
828. [[Ebisu]] - consolidated 2 templates
829. [[Ebisu Festival]] - consolidated 2 templates
830. [[Ebisu Shrine]] - consolidated 2 templates
831. [[Ebisu Shrine (Naha City)]] - consolidated 2 templates
832. [[Ebisuyama Kofun]] - consolidated 2 templates
833. [[Eboshi]] - consolidated 2 templates
834. [[Eda Shrine]] - consolidated 2 templates
835. [[Educational Ordinance]] - consolidated 2 templates
836. [[Efu]] - consolidated 2 templates
837. [[Egara Tenjin Shrine]] - consolidated 2 templates
838. [[Ehime Gokoku Shrine]] - consolidated 2 templates
839. [[Eianji Higashi Kofun - Eianji Nishi Kofun]] - consolidated 2 templates
840. [[Eifuku-ji North Kofun]] - consolidated 2 templates
841. [[Eight Directional Deities]] - consolidated 2 templates
842. [[Eight Great Dragon Kings]] - consolidated 2 templates
843. [[Eight Kabane system]] - consolidated 2 templates
844. [[Eight Ryukyu Shrines]] - consolidated 2 templates
845. [[Eight-sect compatibility]] - consolidated 2 templates
846. [[Eighth White Earth Star]] - consolidated 2 templates
847. [[Ekoda Cave Tomb Cluster]] - consolidated 2 templates
848. [[Ekurino Shrine]] - consolidated 2 templates
849. [[Elementary School Ordinance]] - consolidated 2 templates
850. [[Emperor Ankan]] - consolidated 2 templates
851. [[Emperor Bidatsu]] - consolidated 2 templates
852. [[Emperor Jimmu Festival]] - consolidated 2 templates
853. [[Emperor Kanmu]] - consolidated 2 templates
854. [[Emperor Kōtoku]] - consolidated 2 templates
855. [[Emperor Taishō Festival]] - consolidated 2 templates
856. [[Empress Jingū Shrine]] - consolidated 2 templates
857. [[Empress Masako]] - consolidated 2 templates
858. [[Ena Shrine]] - consolidated 3 templates
859. [[Enburi]] - consolidated 2 templates
860. [[Endō]] - consolidated 2 templates
861. [[Enfun Ōtsuka Kofun]] - consolidated 2 templates
862. [[Engaku-ji]] - consolidated 2 templates
863. [[Engishiki]] - consolidated 2 templates
864. [[Engishiki Jinmyōchō]] - consolidated 2 templates
865. [[Engishiki Jinmyōchō Studies]] - consolidated 2 templates
866. [[Engyō-ji]] - consolidated 2 templates
867. [[Enman-ji (Nara)]] - consolidated 2 templates
868. [[Enman-ji Temple]] - consolidated 2 templates
869. [[Enomoto Shrine]] - consolidated 3 templates
870. [[Enoshima Shrine]] - consolidated 2 templates
871. [[Enryaku Gishikichō]] - consolidated 2 templates
872. [[Enryaku-ji]] - consolidated 2 templates
873. [[Enryu-ji]] - consolidated 2 templates
874. [[Enshū Yokosuka Mikumano Shrine Grand Festival]] - consolidated 2 templates
875. [[Enthronement of the Japanese emperor]] - consolidated 2 templates
876. [[Establishment of Holidays for Annual Festivals and Holidays]] - consolidated 2 templates
877. [[Eta Anakannon Kofun]] - consolidated 2 templates
878. [[Eta Funayama Kofun]] - consolidated 2 templates
879. [[Eukashi]] - consolidated 2 templates
880. [[Ezaki Kofun]] - consolidated 2 templates
881. [[Ezo caves]] - consolidated 2 templates
882. [[Ezoana Kofun]] - consolidated 2 templates