Logged in

Will fix 1802 pages with duplicate wikidata link templates

1. [[Fujikiri Shrine]] - consolidated 2 templates
2. [[Fujiko (religion)]] - consolidated 2 templates
3. [[Fujimi Industrial Complex]] - consolidated 2 templates
4. [[Fujimori Eiichi]] - consolidated 2 templates
5. [[Fujimoto Kannonyama Kofun]] - consolidated 2 templates
6. [[Fujinoki Tomb]] - consolidated 2 templates
7. [[Fujinomori Kofun]] - consolidated 2 templates
8. [[Fujinomori Shrine]] - consolidated 2 templates
9. [[Fujinomori Shrine (Kyoto)]] - consolidated 3 templates
10. [[Fujioka]] - consolidated 2 templates
11. [[Fujisaki Hachimangū]] - consolidated 2 templates
12. [[Fujisan Hongū Sengen Taisha]] - consolidated 2 templates
13. [[Futsuno Shrine (Q135041412)]] - consolidated 2 templates
14. [[Goryō Shrine (Miyamae, Fujisawa)]] - consolidated 2 templates
15. [[Hafuritano Shrine (Q135041152)]] - consolidated 2 templates
16. [[Hatano Shrine (Q135039322)]] - consolidated 2 templates
17. [[Hatorino Shrine (Q135039355)]] - consolidated 2 templates
18. [[Hayashi Shrine (Tonami)]] - consolidated 2 templates
19. [[Hayashi Shrine (Akashi)]] - consolidated 2 templates
20. [[Heguri Shrine (Kuwana)]] - consolidated 2 templates
21. [[Hikino Shrine]] - consolidated 2 templates
22. [[Hinomisaki Shrine]] - consolidated 2 templates
23. [[Honoikatsuchino Shrine (Q135021838)]] - consolidated 2 templates
24. [[Horus Procession]] - consolidated 2 templates
25. [[Ichinomiya]] - consolidated 3 templates
26. [[Ichinomiya Gozen Shrine]] - consolidated 3 templates
27. [[Ichinono Ōji Shrine]] - consolidated 3 templates
28. [[Ichinoya Yasaka Shrine]] - consolidated 3 templates
29. [[Ichio Miyazuka Kofun]] - consolidated 3 templates
30. [[Ichiohakayama Kofun]] - consolidated 3 templates
31. [[Ichishi no Nagaochi]] - consolidated 3 templates
32. [[Ichisuka Kofun Cluster]] - consolidated 3 templates
33. [[Ichisuka Shrine]] - consolidated 2 templates
34. [[Ichitani Munakata Shrine]] - consolidated 3 templates
35. [[Idekamiiwa Kofun (Kotoura)]] - consolidated 3 templates
36. [[Idera Kofun]] - consolidated 3 templates
37. [[Ifukiikatsuchi- Shrine]] - consolidated 2 templates
38. [[Igami Shrine]] - consolidated 2 templates
39. [[Igari Shrine]] - consolidated 3 templates
40. [[Igatsuomi no Mikoto]] - consolidated 3 templates
41. [[Igenoyama Kofun]] - consolidated 3 templates
42. [[Igusa Hachimangu]] - consolidated 3 templates
43. [[Ihakamiichino Shrine]] - consolidated 2 templates
44. [[Ihareyamakuchino Shrine]] - consolidated 2 templates
45. [[Ihatate-no-Jinja]] - consolidated 3 templates
46. [[Ihatsutano- Shrine]] - consolidated 2 templates
47. [[Ihefuseno Shrine]] - consolidated 2 templates
48. [[Ihotachino Shrine]] - consolidated 2 templates
49. [[Ii Shrine]] - consolidated 3 templates
50. [[Iida Kofun group]] - consolidated 3 templates
51. [[Iida-machi Toro-yama Festival]] - consolidated 3 templates
52. [[Iidaka Shrine]] - consolidated 3 templates
53. [[Iigaoka Hachimangu]] - consolidated 3 templates
54. [[Iijima Hachimangu]] - consolidated 3 templates
55. [[Iina Shrine]] - consolidated 3 templates
56. [[Iino Hachimangū]] - consolidated 3 templates
57. [[Iinotakamiya-kouyama Shrine]] - consolidated 4 templates
58. [[Iinoya-gū]] - consolidated 3 templates
59. [[Iinozaka Kofun Cluster]] - consolidated 3 templates
60. [[Iizaka Onsen]] - consolidated 3 templates
61. [[Ikagashiko-o]] - consolidated 3 templates
62. [[Ikagashikome]] - consolidated 3 templates
63. [[Ikaho Onsen]] - consolidated 3 templates
64. [[Ikan Shrine]] - consolidated 3 templates
65. [[Ikanashi Shrine]] - consolidated 4 templates
66. [[Ikasuri no Kami]] - consolidated 3 templates
67. [[Ikasuri Shrine]] - consolidated 3 templates
68. [[Ikeda Chausuyama Kofun]] - consolidated 3 templates
69. [[Ikeda Tsuneoki]] - consolidated 3 templates
70. [[Ikegami Shichifukujin]] - consolidated 3 templates
71. [[Ikejiri Kofun No. 2]] - consolidated 3 templates
72. [[Ikenimasu-asagirikihatahime Shrine]] - consolidated 2 templates
73. [[Iketano Shrine]] - consolidated 2 templates
74. [[Iki Gokoku Shrine]] - consolidated 3 templates
75. [[Iki Island]] - consolidated 3 templates
76. [[Iki Kofun Cluster]] - consolidated 3 templates
77. [[Ikime Kofun Cluster]] - consolidated 3 templates
78. [[Ikisan Chōshizuka Kofun]] - consolidated 3 templates
79. [[Ikisomimi no mikoto]] - consolidated 3 templates
80. [[Ikki Kofun Group]] - consolidated 3 templates
81. [[Ikoma Fault Zone]] - consolidated 3 templates
82. [[Ikoma Shrine]] - consolidated 2 templates
83. [[Ikomayamaguchi Shrine]] - consolidated 2 templates
84. [[Ikonahime no Mikoto Shrine]] - consolidated 4 templates
85. [[Ikukunino Shrine]] - consolidated 2 templates
86. [[Ikukunitama Shrine]] - consolidated 3 templates
87. [[Ikune Shrine]] - consolidated 2 templates
88. [[Ikune Shrine (Nishinari Ward, Osaka City)]] - consolidated 3 templates
89. [[Ikushimatarushima Shrine]] - consolidated 3 templates
90. [[Ikuta Shrine]] - consolidated 2 templates
91. [[Ikutachi]] - consolidated 3 templates
92. [[Ikutama Festival]] - consolidated 3 templates
93. [[Ikutamatakitamahime-no-Kami]] - consolidated 3 templates
94. [[Imagawa clan]] - consolidated 3 templates
95. [[Imai Clan (Suwa)]] - consolidated 3 templates
96. [[Imai Nogiku]] - consolidated 3 templates
97. [[Imaichi Dainenji Kofun]] - consolidated 3 templates
98. [[Imaizumiguchi Hachimanyama Kofun]] - consolidated 3 templates
99. [[Imajuku Kofun Cluster]] - consolidated 3 templates
100. [[Imajuku Ōtsuka Kofun]] - consolidated 3 templates
101. [[Imamiya Ebisu Shrine]] - consolidated 3 templates
102. [[Imamiya Shrine]] - consolidated 3 templates
103. [[Imao Akiba Shrine]] - consolidated 3 templates
104. [[Imao Shrine]] - consolidated 3 templates
105. [[Imashirozuka Kofun]] - consolidated 3 templates
106. [[Imi-chet-Sopdet]] - consolidated 3 templates
107. [[Iminomiya Shrine]] - consolidated 3 templates
108. [[Imizu Shrine]] - consolidated 2 templates
109. [[Imperial Accession Order]] - consolidated 3 templates
110. [[Imperial decrees]] - consolidated 3 templates
111. [[Imperial heir]] - consolidated 3 templates
112. [[Imperial Household Museum]] - consolidated 3 templates
113. [[Imperial Household Rites Act]] - consolidated 3 templates
114. [[Imperial Prince]] - consolidated 3 templates
115. [[Imperial Rescript on Education]] - consolidated 3 templates
116. [[Imperial rituals]] - consolidated 3 templates
117. [[Imperial University Ordinance]] - consolidated 3 templates
118. [[Imperial visits]] - consolidated 3 templates
119. [[Ina Valley]] - consolidated 3 templates
120. [[Inabane Ōji Shrine]] - consolidated 3 templates
121. [[Inage Asama Shrine]] - consolidated 3 templates
122. [[Inage Shrine]] - consolidated 3 templates
123. [[Inari Shrine (disambiguation)]] - consolidated 3 templates
124. [[Inaridai No.1 Kofun]] - consolidated 3 templates
125. [[Inarimae Kofun Cluster]] - consolidated 3 templates
126. [[Inarimori Kofun]] - consolidated 3 templates
127. [[Inariyama Kofun (disambiguation)]] - consolidated 3 templates
128. [[Inarizuka Kofun]] - consolidated 3 templates
129. [[Inasa Beach]] - consolidated 3 templates
130. [[Inashironimasu Shrine]] - consolidated 2 templates
131. [[Inashirono Shrine]] - consolidated 2 templates
132. [[Inatsuhiko Shrine]] - consolidated 2 templates
133. [[Inau]] - consolidated 3 templates
134. [[Inbanuma]] - consolidated 3 templates
135. [[Inbe clan]] - consolidated 3 templates
136. [[Independent Shinto shrine]] - consolidated 3 templates
137. [[Inoko Kofun]] - consolidated 3 templates
138. [[Inokuchi Ōji Shrine]] - consolidated 3 templates
139. [[Inouchi Inarizuka Kofun]] - consolidated 2 templates
140. [[Inshū Shichō Gōki]] - consolidated 2 templates
141. [[Intangible Folk Cultural Properties Requiring Documentation]] - consolidated 2 templates
142. [[Intercutting relationships]] - consolidated 2 templates
143. [[Internal Ranks]] - consolidated 2 templates
144. [[Inukaibe]] - consolidated 2 templates
145. [[Invasion of Ryukyu]] - consolidated 2 templates
146. [[Iokibe clan]] - consolidated 2 templates
147. [[Iomante]] - consolidated 2 templates
148. [[Ipet-hemet (month)]] - consolidated 2 templates
149. [[Ipetam]] - consolidated 2 templates
150. [[Ipip Festival]] - consolidated 2 templates
151. [[Ippen]] - consolidated 2 templates
152. [[Irino Shrine]] - consolidated 2 templates
153. [[Iron arrowheads]] - consolidated 2 templates
154. [[Iron swords and iron sword inscriptions]] - consolidated 2 templates
155. [[Irregular ironware]] - consolidated 2 templates
156. [[Isagawa Shrine]] - consolidated 2 templates
157. [[Isaniwa Shrine]] - consolidated 2 templates
158. [[Isasumi Shrine]] - consolidated 2 templates
159. [[Ise]] - consolidated 2 templates
160. [[Ise Calendar]] - consolidated 2 templates
161. [[Ise faith]] - consolidated 2 templates
162. [[Ise Grand Shrine]] - consolidated 2 templates
163. [[Ise no Kuni no Miyatsuko]] - consolidated 2 templates
164. [[Isekisan Shrine]] - consolidated 2 templates
165. [[Isetsuhiko]] - consolidated 2 templates
166. [[Iseyama Kōtai Jingū]] - consolidated 2 templates
167. [[Isezuka Kofun]] - consolidated 2 templates
168. [[Isezuka Kofun (Chūō)]] - consolidated 4 templates
169. [[Isezuka Kofun (Fujioka)]] - consolidated 3 templates
170. [[Ishi no Hōden]] - consolidated 2 templates
171. [[Ishi-no-ma-zukuri]] - consolidated 2 templates
172. [[Ishibutai Kofun]] - consolidated 2 templates
173. [[Ishida Mitsunari]] - consolidated 2 templates
174. [[Ishigami Shrine (Ome)]] - consolidated 2 templates
175. [[Ishii no Shichifukujin to Taue Odori]] - consolidated 2 templates
176. [[Ishii Shrine]] - consolidated 2 templates
177. [[Ishii Shrine (Izumozaki)]] - consolidated 2 templates
178. [[Ishika Shrine]] - consolidated 2 templates
179. [[Ishikami no Kuni no Miyatsuko]] - consolidated 2 templates
180. [[Ishikari]] - consolidated 2 templates
181. [[Ishikawa Gokoku Shrine]] - consolidated 2 templates
182. [[Ishikawa Kazumasa]] - consolidated 2 templates
183. [[Ishikawa no Iratsume]] - consolidated 2 templates
184. [[Ishikiri Tsurugiya Shrine]] - consolidated 3 templates
185. [[Ishikori-dome no Mikoto]] - consolidated 2 templates
186. [[Ishinohōden Kofun]] - consolidated 2 templates
187. [[Ishinokarato Kofun]] - consolidated 2 templates
188. [[Ishinuki Anakannon Cave Tombs]] - consolidated 2 templates
189. [[Ishinukinagi Cave Tomb Cluster]] - consolidated 2 templates
190. [[Ishiumadani Kofun]] - consolidated 2 templates
191. [[Ishiya Kofun]] - consolidated 2 templates
192. [[Ishiyama Kofun]] - consolidated 2 templates
193. [[Ishiyama-dera]] - consolidated 2 templates
194. [[Ishizaki Hōtō Festival]] - consolidated 2 templates
195. [[Ishizuchi Shrine]] - consolidated 2 templates
196. [[Ishizukayama Kofun]] - consolidated 2 templates
197. [[Isobe Shrine (disambiguation)]] - consolidated 2 templates
198. [[Isobe Shrine (Toyooka)]] - consolidated 2 templates
199. [[Isohama Kofun Cluster]] - consolidated 2 templates
200. [[Isoma Rock Shelter Site]] - consolidated 2 templates
201. [[Isono Shrine]] - consolidated 2 templates
202. [[Isonokami no Maro]] - consolidated 2 templates
203. [[Isotakeru-no-Mikoto]] - consolidated 2 templates
204. [[Isshiki Manabino Museum]] - consolidated 2 templates
205. [[Issun-bōshi]] - consolidated 2 templates
206. [[Isurugi Gongen]] - consolidated 2 templates
207. [[Isurugi Hikojinja]] - consolidated 2 templates
208. [[Isuzu River]] - consolidated 2 templates
209. [[Isuzuyori-hime]] - consolidated 2 templates
210. [[Itachigawa Basin Rock-Cut Tombs]] - consolidated 2 templates
211. [[Itakiso shrine]] - consolidated 2 templates
212. [[Itako]] - consolidated 2 templates
213. [[Itasuke Kofun]] - consolidated 2 templates
214. [[Ito Tomio]] - consolidated 2 templates
215. [[Itoi Otsuka Kofun]] - consolidated 2 templates
216. [[Itokoku]] - consolidated 2 templates
217. [[Itouzu Hachiman Shrine]] - consolidated 2 templates
218. [[Itsuhayahime-no-Mikoto]] - consolidated 2 templates
219. [[Itsukahara Kofun]] - consolidated 2 templates
220. [[Itsukushima]] - consolidated 2 templates
221. [[Itsukushima Shrine (Aizuwakamatsu)]] - consolidated 2 templates
222. [[Itsukushima shrine (Kushiro)]] - consolidated 2 templates
223. [[Itsukushima Shrine (Shinjuku)]] - consolidated 2 templates
224. [[Itsukushima Shrine (Sumoto City)]] - consolidated 2 templates
225. [[Itsukushima Shrines (disambiguation)]] - consolidated 2 templates
226. [[Itsuse no Mikoto]] - consolidated 2 templates
227. [[Itō Chūta]] - consolidated 2 templates
228. [[Itō Hirobumi]] - consolidated 2 templates
229. [[Itō Masatoshi]] - consolidated 2 templates
230. [[Iwa Shrine (Kashiwara)]] - consolidated 3 templates
231. [[Iwa-no-Nishi Shrine]] - consolidated 2 templates
232. [[Iwa-tsutsu-no'o]] - consolidated 2 templates
233. [[Iwabaru Kofun cluster]] - consolidated 2 templates
234. [[Iwafune Kofun]] - consolidated 2 templates
235. [[Iwakiyama Shrine]] - consolidated 3 templates
236. [[Iwakura rock]] - consolidated 2 templates
237. [[Iwakura Tomomi]] - consolidated 2 templates
238. [[Iwami Ginzan Silver Mine]] - consolidated 2 templates
239. [[Iwamurada Gion Festival]] - consolidated 2 templates
240. [[Iwamuro Onsen]] - consolidated 2 templates
241. [[Iwanaga-hime]] - consolidated 2 templates
242. [[Iwanari Tomomichi]] - consolidated 2 templates
243. [[Iwane Grand Shrine]] - consolidated 2 templates
244. [[Iwao Ōwa]] - consolidated 2 templates
245. [[Iwase-Senzuka Kofun Cluster]] - consolidated 2 templates
246. [[Iwaseoyama Kofun Cluster]] - consolidated 2 templates
247. [[Iwashimizu Hachimangū]] - consolidated 2 templates
248. [[Iwatate Shrine (Katano City)]] - consolidated 2 templates
249. [[Iwatsuta Shrine]] - consolidated 2 templates
250. [[Iyo Shrine]] - consolidated 2 templates
251. [[Iyozuhiko-no-Mikoto Shrine]] - consolidated 2 templates
252. [[Izanagi Shrine (Q10884977)]] - consolidated 2 templates
253. [[Izumi Inoue Shrine]] - consolidated 2 templates
254. [[Jinaimachi]] - consolidated 2 templates
255. [[Kabutozuka Kofun (Shimotsuke)]] - consolidated 2 templates
256. [[Kahamatano Shrine (Q135039358)]] - consolidated 2 templates
257. [[Kai Fudoki Hill]] - consolidated 2 templates
258. [[Kakitano Shrine (Q135041179)]] - consolidated 2 templates
259. [[Kami-Kamikawa Sumiyoshi Shrine]] - consolidated 2 templates
260. [[Kamo Shrine (Ise)]] - consolidated 2 templates
261. [[Kamo Shrine (Q135041288)]] - consolidated 2 templates
262. [[Kamono Shrine (Q135041305)]] - consolidated 2 templates
263. [[Kamusakino Shrine (Q135039267)]] - consolidated 2 templates
264. [[Kanazakura Shrine]] - consolidated 2 templates
265. [[Kanbara Shrine]] - consolidated 2 templates
266. [[Kano Shrine]] - consolidated 2 templates
267. [[Karakuni Shrine]] - consolidated 2 templates
268. [[Katada Shrine]] - consolidated 2 templates
269. [[Katano Shrine]] - consolidated 2 templates
270. [[Kataoka Shrine (Q135186659)]] - consolidated 2 templates
271. [[Katayama Shrine (Kameyama)]] - consolidated 2 templates
272. [[Kawaguchi Sengen Shrine]] - consolidated 2 templates
273. [[Kawamata Shrine (Q135186649)]] - consolidated 2 templates
274. [[Kawara Shrine (Geku)]] - consolidated 2 templates
275. [[Kawara Shrine (Naiku)]] - consolidated 2 templates
276. [[Kawarabuchi Shrine]] - consolidated 2 templates
277. [[Kifune Shrine (Hida City)]] - consolidated 2 templates
278. [[Kineno Shrine (Q135039247)]] - consolidated 2 templates
279. [[Kinpu Shrine (Q135195066)]] - consolidated 2 templates
280. [[Kiyonoiba Shrine]] - consolidated 2 templates
281. [[Koseki system in classical Japan]] - consolidated 2 templates
282. [[Kuchira Shrine]] - consolidated 2 templates
283. [[Kugutsuhime Shrine]] - consolidated 2 templates
284. [[Kuhiwokano Shrine (Q135040575)]] - consolidated 2 templates
285. [[Kumomi Sengen Shrine]] - consolidated 2 templates
286. [[Kunitsu Mioya Shrine & Ashidate Shrine]] - consolidated 2 templates
287. [[Kurihara Shrine (Takayama)]] - consolidated 2 templates
288. [[Kusabe Shrine]] - consolidated 2 templates
289. [[Kusanagi Shrine (Ise)]] - consolidated 2 templates
290. [[Kushitamahime Shrine]] - consolidated 2 templates
291. [[Kuwado Shrine]] - consolidated 2 templates
292. [[Kō Shrine]] - consolidated 2 templates
293. [[Kōtai Jingū]] - consolidated 2 templates
294. [[Kōzaki Shrine & Komori Shrine & Arasaki Shrine]] - consolidated 2 templates
295. [[Magatsuhi-no-kami]] - consolidated 2 templates
296. [[May 4 (Lunisolar)]] - consolidated 2 templates
297. [[May 5 (Lunisolar)]] - consolidated 2 templates
298. [[May 6 (Lunisolar)]] - consolidated 2 templates
299. [[May 7 (Lunisolar)]] - consolidated 2 templates
300. [[May 8 (Lunisolar)]] - consolidated 2 templates
301. [[May 9 (Lunisolar)]] - consolidated 2 templates
302. [[Mayuyama Kofun]] - consolidated 2 templates
303. [[Medical Hakase]] - consolidated 2 templates
304. [[Meguro Gokoku Shrine]] - consolidated 2 templates
305. [[Mei families]] - consolidated 2 templates
306. [[Meigetsuki]] - consolidated 2 templates
307. [[Meiji]] - consolidated 2 templates
308. [[Meiji Restoration]] - consolidated 2 templates
309. [[Menchet (month)]] - consolidated 2 templates
310. [[Menchet Festival]] - consolidated 2 templates
311. [[Mendorinagayama Kofun]] - consolidated 2 templates
312. [[Menotori no Miko]] - consolidated 2 templates
313. [[Meoto Iwa]] - consolidated 2 templates
314. [[Merencha]] - consolidated 2 templates
315. [[Merit Evaluation]] - consolidated 2 templates
316. [[Meryō]] - consolidated 2 templates
317. [[Mesqet]] - consolidated 2 templates
318. [[Mesuriyama Kofun]] - consolidated 2 templates
319. [[Mezasahozuka Kofun]] - consolidated 2 templates
320. [[Miare Festival]] - consolidated 2 templates
321. [[Michiae no matsuri]] - consolidated 2 templates
322. [[Michinoku Kikuta Kuni-no-Miyatsuko]] - consolidated 2 templates
323. [[Michinoomi]] - consolidated 2 templates
324. [[Mid-Autumn Festival]] - consolidated 2 templates
325. [[Middle School Ordinance]] - consolidated 2 templates
326. [[Midoro Kofun]] - consolidated 2 templates
327. [[Mie Gokoku Shrine]] - consolidated 2 templates
328. [[Mifune Shrine]] - consolidated 2 templates
329. [[Migukurumitama Shrine]] - consolidated 3 templates
330. [[Mihashira Torii]] - consolidated 2 templates
331. [[Mihata Kofun Cluster]] - consolidated 2 templates
332. [[Miho Shrine]] - consolidated 3 templates
333. [[Mihotsuhime-no-Mikoto]] - consolidated 2 templates
334. [[Miidani Kofun Cluster]] - consolidated 2 templates
335. [[Mika-haya-hi]] - consolidated 2 templates
336. [[Mikami clan]] - consolidated 2 templates
337. [[Mikami Shrine]] - consolidated 2 templates
338. [[Mikashikiya-hime]] - consolidated 2 templates
339. [[Mikawa Seven Lucky Gods]] - consolidated 2 templates
340. [[Mike Shrine (Ise)]] - consolidated 3 templates
341. [[Mikeiri no Mikoto]] - consolidated 2 templates
342. [[Mikemunushi-no-Hiko-no-Kami]] - consolidated 2 templates
343. [[Miko]] - consolidated 2 templates
344. [[Mikogami]] - consolidated 2 templates
345. [[Mikoshi]] - consolidated 2 templates
346. [[Mikumano Shrine]] - consolidated 2 templates
347. [[Mikumano Shrine (Hanamaki)]] - consolidated 2 templates
348. [[Mikumano Shrine (Kakegawa)]] - consolidated 2 templates
349. [[Mikumari]] - consolidated 2 templates
350. [[Mikumo Nanokoji Site]] - consolidated 2 templates
351. [[Mikuriyama Kofun group]] - consolidated 2 templates
352. [[Military god]] - consolidated 2 templates
353. [[Military Horse Replenishment Department]] - consolidated 2 templates
354. [[Million‑year house]] - consolidated 2 templates
355. [[Mimaki-hime]] - consolidated 2 templates
356. [[Mimasaka Sōjagū]] - consolidated 2 templates
357. [[Mimi and Mi]] - consolidated 2 templates
358. [[Mimorowake]] - consolidated 2 templates
359. [[Minakami Onsen]] - consolidated 2 templates
360. [[Minakami Shrine]] - consolidated 2 templates
361. [[Minami Shingu Shrine]] - consolidated 2 templates
362. [[Minami-Ōtsuka Kofun Cluster]] - consolidated 2 templates
363. [[Minamikata Kofun Cluster]] - consolidated 2 templates
364. [[Minamishimo Kofun Cluster]] - consolidated 2 templates
365. [[Minamoto clan]] - consolidated 2 templates
366. [[Minamoto no Morotoki's Diary]] - consolidated 2 templates
367. [[Minamoto no Sanetomo]] - consolidated 2 templates
368. [[Minamoto no Tametomo]] - consolidated 2 templates
369. [[Minamoto no Yoriie]] - consolidated 2 templates
370. [[Minamoto no Yorikuni]] - consolidated 2 templates
371. [[Minamoto no Yorinobu]] - consolidated 2 templates
372. [[Minamoto no Yoritomo]] - consolidated 2 templates
373. [[Minamoto no Yoriyoshi]] - consolidated 2 templates
374. [[Minamoto no Yoshitsune]] - consolidated 2 templates
375. [[Minashi Shrine]] - consolidated 2 templates
376. [[Minato Chausuyama Kofun]] - consolidated 2 templates
377. [[Minatogawa Shrine]] - consolidated 2 templates
378. [[Minatoyama Onsen]] - consolidated 2 templates
379. [[Minegazuka Kofun]] - consolidated 2 templates
380. [[Mineral spring]] - consolidated 2 templates
381. [[Minezuka Kofun]] - consolidated 2 templates
382. [[Ministry of Divinities]] - consolidated 2 templates
383. [[Ministry of Popular Affairs (Meiji period)]] - consolidated 2 templates
384. [[Ministry of Religion (Japan)]] - consolidated 2 templates
385. [[Mirahime]] - consolidated 2 templates
386. [[Mironami-no-Kami]] - consolidated 2 templates
387. [[Mirrors in Shinto]] - consolidated 2 templates
388. [[Misakadono-no-Kami]] - consolidated 2 templates
389. [[Misaki]] - consolidated 2 templates
390. [[Misanzai Kofun]] - consolidated 2 templates
391. [[Misaoyama Kofun Group]] - consolidated 2 templates
392. [[Misasa Onsen]] - consolidated 2 templates
393. [[Miscellaneous works]] - consolidated 2 templates
394. [[Mishaguji]] - consolidated 2 templates
395. [[Mishima Jiikonbo Kofun Cluster]] - consolidated 2 templates
396. [[Mishima Kofun Cluster]] - consolidated 2 templates
397. [[Mishima Shrine (Taito)]] - consolidated 2 templates
398. [[Mishima Taisha]] - consolidated 2 templates
399. [[Mishima–Ōyamazumi cult]] - consolidated 2 templates
400. [[Mishine-no-Mikura]] - consolidated 2 templates
401. [[Mishioden Shrine]] - consolidated 2 templates
402. [[Misode Tenmangū]] - consolidated 2 templates
403. [[Misogi]] - consolidated 2 templates
404. [[Misogikyo]] - consolidated 2 templates
405. [[Misono Kofun]] - consolidated 2 templates
406. [[Missionary Office]] - consolidated 2 templates
407. [[Mita-Ōsawa Kofun Cluster]] - consolidated 2 templates
408. [[Mitake Shrine (Misato City)]] - consolidated 2 templates
409. [[Mitake Shrine (Sakuragawa)]] - consolidated 2 templates
410. [[Mitamaya]] - consolidated 2 templates
411. [[Mitanino Shrine]] - consolidated 2 templates
412. [[Mito Shrine]] - consolidated 2 templates
413. [[Mitoshiro Kofun]] - consolidated 2 templates
414. [[Mitsue Shrine]] - consolidated 2 templates
415. [[Mitsujō Kofun]] - consolidated 2 templates
416. [[Mitsumine Shrine]] - consolidated 2 templates
417. [[Mitsutorii]] - consolidated 2 templates
418. [[Mitsuya Kofun]] - consolidated 2 templates
419. [[Mitsuyoshi Ishizuka Kofun]] - consolidated 2 templates
420. [[Mitsuzuka Kofun]] - consolidated 2 templates
421. [[Miwa clan]] - consolidated 2 templates
422. [[Miwa no Kimi Nemaro]] - consolidated 2 templates
423. [[Miwa Shrine (disambiguation)]] - consolidated 2 templates
424. [[Miwa Shrine (Fuefuki City)]] - consolidated 2 templates
425. [[Miwa Shrine (Gifu)]] - consolidated 2 templates
426. [[Miwa Shrine (Kiryu)]] - consolidated 3 templates
427. [[Miwa Shrine (Nagano)]] - consolidated 2 templates
428. [[Miwa Shrine (Nakagawa, Tochigi)]] - consolidated 2 templates
429. [[Miwa Shrine (Shizuoka)]] - consolidated 2 templates
430. [[Miwayama Kofun Cluster]] - consolidated 2 templates
431. [[Miya Water]] - consolidated 2 templates
432. [[Miyagi Gokoku Shrine]] - consolidated 2 templates
433. [[Miyaguchi Kofun Group]] - consolidated 2 templates
434. [[Miyajidake Kofun]] - consolidated 2 templates
435. [[Miyajidake Shrine]] - consolidated 2 templates
436. [[Miyajima]] - consolidated 2 templates
437. [[Miyake Hachimangū]] - consolidated 2 templates
438. [[Miyake Shrine]] - consolidated 2 templates
439. [[Miyako Shrine]] - consolidated 2 templates
440. [[Miyakozuka Kofun]] - consolidated 2 templates
441. [[Miyama Shrine]] - consolidated 2 templates
442. [[Miyamado Inari Shrine]] - consolidated 2 templates
443. [[Miyamairi]] - consolidated 2 templates
444. [[Miyamasu Mitake Shrine]] - consolidated 2 templates
445. [[Miyanomeguri-no-Kami]] - consolidated 2 templates
446. [[Miyaura Shrine]] - consolidated 2 templates
447. [[Miyayama Site]] - consolidated 2 templates
448. [[Miyazaki Gokoku Shrine]] - consolidated 2 templates
449. [[Miyazaki Jingū]] - consolidated 2 templates
450. [[Miyazaki Normal School]] - consolidated 2 templates
451. [[Miyazaki Prefectural Saitobaru Archaeological Museum]] - consolidated 2 templates
452. [[Miyazaki Shrine]] - consolidated 2 templates
453. [[Miyazaki Shrine Festival]] - consolidated 2 templates
454. [[Miyazu-hime]] - consolidated 2 templates
455. [[Miyazuka Kofun]] - consolidated 2 templates
456. [[Miyosawa Akagi Shrine]] - consolidated 2 templates
457. [[Miyoshi Shrine (Sapporo City)]] - consolidated 2 templates
458. [[Miyoshi Trio]] - consolidated 2 templates
459. [[Miyotowake]] - consolidated 2 templates
460. [[Mizuchi]] - consolidated 2 templates
461. [[Mizuhanome]] - consolidated 2 templates
462. [[Mizunoe (壬)]] - consolidated 2 templates
463. [[Mizunoto (癸)]] - consolidated 2 templates
464. [[Mizushina Kofun Group]] - consolidated 2 templates
465. [[Mochida Kofun Cluster]] - consolidated 2 templates
466. [[Mogari]] - consolidated 2 templates
467. [[Mogasaki Cave Tomb Cluster]] - consolidated 2 templates
468. [[Momotarō]] - consolidated 2 templates
469. [[Mon (architecture)]] - consolidated 2 templates
470. [[Mon (emblem)]] - consolidated 2 templates
471. [[Monju-in Nishi Kofun]] - consolidated 2 templates
472. [[Monoimi]] - consolidated 2 templates
473. [[Monoiminanomikoto Shrine]] - consolidated 3 templates
474. [[Mononobe clan]] - consolidated 2 templates
475. [[Mononobe no Fututa no Shio]] - consolidated 2 templates
476. [[Mononobe officials]] - consolidated 2 templates
477. [[Mononobe Shrine (disambiguation)]] - consolidated 2 templates
478. [[Monuments of Japan]] - consolidated 2 templates
479. [[Monzen-machi]] - consolidated 2 templates
480. [[Moor hot springs]] - consolidated 2 templates
481. [[Mori-yama Kofun]] - consolidated 2 templates
482. [[Morioka Hachimangū]] - consolidated 2 templates
483. [[Moritachi no Kami]] - consolidated 2 templates
484. [[Moritaku-no-Kami]] - consolidated 2 templates
485. [[Moriya]] - consolidated 2 templates
486. [[Moriya clan]] - consolidated 2 templates
487. [[Moriya Shrine]] - consolidated 2 templates
488. [[Moriya Yorishin]] - consolidated 2 templates
489. [[Moriyama Hachiman-gu (Uki)]] - consolidated 2 templates
490. [[Moriyama Hachimangu (Izunokuni City)]] - consolidated 3 templates
491. [[Morning glory-shaped haniwa]] - consolidated 2 templates
492. [[Mortuary Temple of Mentuhotep II]] - consolidated 2 templates
493. [[Moto-Ise Shrines]] - consolidated 2 templates
494. [[Moto-Sumiyoshi Shrine]] - consolidated 2 templates
495. [[Motoinari Kofun]] - consolidated 2 templates
496. [[Motonobaru Site]] - consolidated 2 templates
497. [[Mount Aonomine]] - consolidated 2 templates
498. [[Mount Daidenji]] - consolidated 2 templates
499. [[Mount Kujū]] - consolidated 2 templates
500. [[Mount Minakami]] - consolidated 2 templates
501. [[Mount Misao]] - consolidated 2 templates
502. [[Mount Moriya]] - consolidated 2 templates
503. [[Mount Myōken]] - consolidated 2 templates
504. [[Mount Takasu]] - consolidated 2 templates
505. [[Mount Tengu]] - consolidated 2 templates
506. [[Mount Tonomine]] - consolidated 2 templates
507. [[Mount Yumura]] - consolidated 2 templates
508. [[Mountain Shrine]] - consolidated 2 templates
509. [[Moyoro Shell Mound]] - consolidated 2 templates
510. [[Mozu Tombs]] - consolidated 2 templates
511. [[Mozu-Furuichi Kofun Group]] - consolidated 2 templates
512. [[Murayano Shrine (Q135041269)]] - consolidated 2 templates
513. [[Nagata Shrine (Q135069149)]] - consolidated 2 templates
514. [[Namesa Shrine]] - consolidated 2 templates
515. [[Narahara Shrine]] - consolidated 2 templates
516. [[Nasu Ogawa Kofun Cluster]] - consolidated 2 templates
517. [[Isaac Newton's occult studies]] - consolidated 2 templates
518. [[Nifuno Shrine (Q135040103)]] - consolidated 2 templates
519. [[Nijūgohashira Shrine]] - consolidated 2 templates
520. [[Ninomiya Akagi Shrine]] - consolidated 2 templates
521. [[Nomano Shrine (Q135040289)]] - consolidated 2 templates
522. [[Nomi Shrine (Q135190182)]] - consolidated 2 templates
523. [[Obata Shrine]] - consolidated 2 templates
524. [[Ship Festival (Susukigisui Shrine)]] - consolidated 2 templates
525. [[Ogami Shrine (Tonami City)]] - consolidated 2 templates
526. [[Ogami Shrine, Kishiwada]] - consolidated 2 templates
527. [[Ohokurano Shrine (Q135040114)]] - consolidated 2 templates
528. [[Ohotsuno Shrine (Q135039910)]] - consolidated 2 templates
529. [[Okami Shrine (Q135040229)]] - consolidated 2 templates
530. [[Okamino Shrine (Q135041248)]] - consolidated 2 templates
531. [[Ōmiwa Shrine]] - consolidated 2 templates
532. [[Oni-no-Iwaya Kofun (Iki City)]] - consolidated 2 templates
533. [[Onji Shrine]] - consolidated 2 templates
534. [[Onominato Shrine]] - consolidated 2 templates
535. [[Otokone Shrine]] - consolidated 2 templates
536. [[Otsuchi Mioya Shrine]] - consolidated 2 templates
537. [[Oyama Shrine (Tateyama)]] - consolidated 2 templates
538. [[Sai Shrine (Q135070095)]] - consolidated 2 templates
539. [[Sakahino Shrine (Q135041175)]] - consolidated 2 templates
540. [[Sakatono Shrine (Q135039258)]] - consolidated 2 templates
541. [[Sakino Shrine]] - consolidated 2 templates
542. [[Sakurai Shrine]] - consolidated 2 templates
543. [[Sana Shrine]] - consolidated 2 templates
544. [[Satakunari Shrine]] - consolidated 2 templates
545. [[Sawawachigi Shrine]] - consolidated 2 templates
546. [[Sayama Shrine]] - consolidated 2 templates
547. [[Seibo Shrine]] - consolidated 2 templates
548. [[Shidori Shrine (Tottori)]] - consolidated 2 templates
549. [[Shimotsukeno no Komaro]] - consolidated 2 templates
550. [[Shinden-sai]] - consolidated 3 templates
551. [[Shindo Otsukayama Kofun]] - consolidated 3 templates
552. [[Shingon Omuro School]] - consolidated 2 templates
553. [[Shingon Zentsuji Sect]] - consolidated 2 templates
554. [[Shingu]] - consolidated 2 templates
555. [[Shinike Haniwa Production Site]] - consolidated 2 templates
556. [[Shinju-kyo]] - consolidated 2 templates
557. [[Shinjō Shrine]] - consolidated 2 templates
558. [[Shinjō Shrine (Taiwan)]] - consolidated 2 templates
559. [[Shinkaden Hall]] - consolidated 2 templates
560. [[Shinkai (divine rank)]] - consolidated 2 templates
561. [[Shinkai Sansha Shrine]] - consolidated 2 templates
562. [[Shinkamiya Bridge]] - consolidated 2 templates
563. [[Shinko-shiki]] - consolidated 2 templates
564. [[Shinkokushi]] - consolidated 2 templates
565. [[Shinme]] - consolidated 2 templates
566. [[Shinmei Shrine (Fukui City)]] - consolidated 2 templates
567. [[Shinmei Shrine (Soja City)]] - consolidated 2 templates
568. [[Shinmei-zukuri]] - consolidated 2 templates
569. [[Shinmeiyama Kofun]] - consolidated 2 templates
570. [[Shinnaiden]] - consolidated 3 templates
571. [[Shinninkan]] - consolidated 2 templates
572. [[Shinnō]] - consolidated 2 templates
573. [[Shinobu Sanzan Akatsuki Mairi]] - consolidated 2 templates
574. [[Shinobugaoka Shrine]] - consolidated 2 templates
575. [[Shinoda Kaibukiyama Kofun]] - consolidated 2 templates
576. [[Shinoda Senzuka Kofun Cluster]] - consolidated 2 templates
577. [[Shinoda Ōji Shrine]] - consolidated 2 templates
578. [[Shinodayama Hills]] - consolidated 2 templates
579. [[Shinoi-Tomiya Range]] - consolidated 2 templates
580. [[Shinomiya Manor]] - consolidated 2 templates
581. [[Shinpo]] - consolidated 2 templates
582. [[Shinpōinyama Kofun group]] - consolidated 2 templates
583. [[Shinra Shrine]] - consolidated 2 templates
584. [[Shinra Shrine (Tajimi City)]] - consolidated 2 templates
585. [[Shinrikyo]] - consolidated 2 templates
586. [[Shinsen]] - consolidated 2 templates
587. [[Shinshi (Japan)]] - consolidated 2 templates
588. [[Shinshu-kyo]] - consolidated 2 templates
589. [[Shinshū Takada-ha]] - consolidated 2 templates
590. [[Shinta Shrine]] - consolidated 2 templates
591. [[Shintai]] - consolidated 2 templates
592. [[Shinto]] - consolidated 2 templates
593. [[Shinto Association of Spiritual Leadership]] - consolidated 2 templates
594. [[Shinto Directive]] - consolidated 2 templates
595. [[Shinto in popular culture]] - consolidated 2 templates
596. [[Shintō Gobusho]] - consolidated 2 templates
597. [[Shintō Shūsei-ha]] - consolidated 2 templates
598. [[Shintō Taikyō]] - consolidated 2 templates
599. [[Shintōshū]] - consolidated 2 templates
600. [[Shinyama Kofun]] - consolidated 2 templates
601. [[Shiobara Motoyu Onsen]] - consolidated 2 templates
602. [[Shiogama Shrine (Tokyo Minato)]] - consolidated 2 templates
603. [[Shiogama Shrine (Wakayama)]] - consolidated 2 templates
604. [[Shiomi no Sukune]] - consolidated 2 templates
605. [[Shionjiyama Kofun]] - consolidated 2 templates
606. [[Shiotsuchi-no-Oji]] - consolidated 2 templates
607. [[Shioya Hachiman Shrine]] - consolidated 2 templates
608. [[Shioya Shrine]] - consolidated 2 templates
609. [[Shioya Shrine (Hiroshima)]] - consolidated 2 templates
610. [[Shiozaki Kofun]] - consolidated 2 templates
611. [[Shiozuka Kofun]] - consolidated 2 templates
612. [[Shipporyuji Temple]] - consolidated 2 templates
613. [[Shirageyama Kofun]] - consolidated 2 templates
614. [[Shiragiyama Kofun]] - consolidated 2 templates
615. [[Shirahige Bridge]] - consolidated 2 templates
616. [[Shirahige Shrine]] - consolidated 2 templates
617. [[Shirahigetawara Shrine]] - consolidated 2 templates
618. [[Shirai no Miyake]] - consolidated 2 templates
619. [[Shiraishi Taichiro]] - consolidated 2 templates
620. [[Shirakawa family]] - consolidated 2 templates
621. [[Shirakawa Kuni no Miyatsuko]] - consolidated 2 templates
622. [[Shirakumo Shrine]] - consolidated 2 templates
623. [[Shiramizu Hisagozuka Kofun]] - consolidated 2 templates
624. [[Shiramizu Mineral Spring]] - consolidated 2 templates
625. [[Shiratori Kofun (disambiguation)]] - consolidated 2 templates
626. [[Shiratori Kofun (Hirao)]] - consolidated 2 templates
627. [[Shiratori Kofun (Nagoya)]] - consolidated 2 templates
628. [[Shiratori Kofun Group]] - consolidated 2 templates
629. [[Shiratori Ryo]] - consolidated 2 templates
630. [[Shiratori Shrine (Shin‑Kami Goto Town)]] - consolidated 2 templates
631. [[Shiratori Shrine (disambiguation)]] - consolidated 2 templates
632. [[Shiratorizuka Kofun (disambiguation)]] - consolidated 2 templates
633. [[Shiratorizuka Kofun (Nagoya)]] - consolidated 2 templates
634. [[Shiratorizuka Kofun (Suzuka)]] - consolidated 2 templates
635. [[Shiratorizuka Kofun (Takarazuka)]] - consolidated 2 templates
636. [[Shirayama Hime Shrine]] - consolidated 2 templates
637. [[Shirayama-hime Shrine]] - consolidated 2 templates
638. [[Shiraō Shrine]] - consolidated 2 templates
639. [[Shiro Shrine]] - consolidated 2 templates
640. [[Shiroishi Inariyama Kofun]] - consolidated 2 templates
641. [[Shiroishi Kofun Group]] - consolidated 2 templates
642. [[Shirotayama Kitsunezuka Kofun]] - consolidated 2 templates
643. [[Shiroyama Hachimangū]] - consolidated 2 templates
644. [[Shiryō]] - consolidated 2 templates
645. [[Shisa]] - consolidated 2 templates
646. [[Shishiyotsuka Kofun]] - consolidated 2 templates
647. [[Shisho Shrine (disambiguation)]] - consolidated 2 templates
648. [[Shisho Shrine (Tokushima)]] - consolidated 3 templates
649. [[Shisho Shrine (Toyooka)]] - consolidated 2 templates
650. [[Shita-kiri Suzume]] - consolidated 2 templates
651. [[Shitateruhime]] - consolidated 2 templates
652. [[Shitennō-ji]] - consolidated 2 templates
653. [[Shitomi Shrine]] - consolidated 3 templates
654. [[Shitōkan]] - consolidated 2 templates
655. [[Shiwa Inari Shrine]] - consolidated 2 templates
656. [[Shizuhatagayama Kofun]] - consolidated 2 templates
657. [[Shizuoka Gokoku Shrine]] - consolidated 2 templates
658. [[Shizuoka Sengen Shrine]] - consolidated 2 templates
659. [[Shizuri clan]] - consolidated 2 templates
660. [[Shizuri Shrines]] - consolidated 2 templates
661. [[Sho Futago Kofun]] - consolidated 2 templates
662. [[Shoban]] - consolidated 2 templates
663. [[Shogakukan]] - consolidated 2 templates
664. [[Shogun senge]] - consolidated 2 templates
665. [[Shohei School]] - consolidated 2 templates
666. [[Shoheizaka Academy]] - consolidated 2 templates
667. [[Shokoku Maki]] - consolidated 2 templates
668. [[Shoku Nihon Kōki]] - consolidated 2 templates
669. [[Shoku Nihongi]] - consolidated 2 templates
670. [[Shokuinryō]] - consolidated 2 templates
671. [[Shorinzan Daruma Temple]] - consolidated 2 templates
672. [[Shoryō-ryō]] - consolidated 2 templates
673. [[Shoufukuji Temple (Toba City)]] - consolidated 2 templates
674. [[Shrine]] - consolidated 2 templates
675. [[Shrine Church]] - consolidated 2 templates
676. [[Shrine Consolidation Policy]] - consolidated 2 templates
677. [[Shrine Shinto]] - consolidated 2 templates
678. [[Shudenryō]] - consolidated 2 templates
679. [[Shugakuin Imperial Villa]] - consolidated 2 templates
680. [[Shugendō]] - consolidated 2 templates
681. [[Shuin]] - consolidated 2 templates
682. [[Shujukoku]] - consolidated 2 templates
683. [[Shukuba]] - consolidated 2 templates
684. [[Shura (sled)]] - consolidated 2 templates
685. [[Shusse Inari Shrine (Kyoto)]] - consolidated 2 templates
686. [[Shusshaka-ji]] - consolidated 2 templates
687. [[Shuto]] - consolidated 2 templates
688. [[Shō Shōken]] - consolidated 2 templates
689. [[Shōbuike Kofun]] - consolidated 2 templates
690. [[Shōbōji Kofun]] - consolidated 2 templates
691. [[Shōbōkan]] - consolidated 2 templates
692. [[Shōen]] - consolidated 2 templates
693. [[Shōkinchū]] - consolidated 2 templates
694. [[Shōkonsai]] - consolidated 2 templates
695. [[Shōmonshi]] - consolidated 2 templates
696. [[Shōni Kagesuke]] - consolidated 2 templates
697. [[Shōni Sukenaga]] - consolidated 2 templates
698. [[Shōni Suketoki]] - consolidated 2 templates
699. [[Shōrin-ji]] - consolidated 2 templates
700. [[Shōrin-ji (Okayama)]] - consolidated 2 templates
701. [[Shōrinzan Kofun]] - consolidated 2 templates
702. [[Shōrō]] - consolidated 2 templates
703. [[Shōsōin]] - consolidated 2 templates
704. [[Shōun-ji (Utsunomiya)]] - consolidated 2 templates
705. [[Side-entrance Sarcophagus Chamber]] - consolidated 2 templates
706. [[Silla envoy]] - consolidated 2 templates
707. [[Simple Hot Springs]] - consolidated 2 templates
708. [[Sinter]] - consolidated 2 templates
709. [[Sites of Japan's Meiji Industrial Revolution: Iron and Steel, Shipbuilding and Coal Mining]] - consolidated 2 templates
710. [[Six Aristocratic Clans of the Eastern Provinces]] - consolidated 2 templates
711. [[Six heavens of the desire realm]] - consolidated 2 templates
712. [[Six Jizō]] - consolidated 2 templates
713. [[Six Ministries]] - consolidated 2 templates
714. [[Sixth White Metal Star]] - consolidated 2 templates
715. [[Sky Day]] - consolidated 2 templates
716. [[Snake (zodiac)]] - consolidated 2 templates
717. [[Softening of Evil Hearts]] - consolidated 2 templates
718. [[Soga clan]] - consolidated 2 templates
719. [[Soga no Hinokuma]] - consolidated 2 templates
720. [[Soga no Umako]] - consolidated 2 templates
721. [[Soil and grain]] - consolidated 2 templates
722. [[Sokar Festival]] - consolidated 2 templates
723. [[Sokutai]] - consolidated 2 templates
724. [[Solar Temple of Niuserre]] - consolidated 2 templates
725. [[Somanochi Cremation Tomb]] - consolidated 2 templates
726. [[Somanouchi Kofun cluster]] - consolidated 2 templates
727. [[Somin Shōrai]] - consolidated 2 templates
728. [[Sonai Shrine]] - consolidated 2 templates
729. [[Sone Hill Range]] - consolidated 2 templates
730. [[Soneda Shiratsuka Kofun]] - consolidated 2 templates
731. [[Sonnō jōi]] - consolidated 2 templates
732. [[Sonohyan-utaki]] - consolidated 2 templates
733. [[Sono & Kara Shrines]] - consolidated 2 templates
734. [[Sopdet (constellation)]] - consolidated 2 templates
735. [[Sorei]] - consolidated 2 templates
736. [[Sothic cycle]] - consolidated 2 templates
737. [[Sothic year]] - consolidated 2 templates
738. [[Sothis Festival]] - consolidated 2 templates
739. [[Sotoyu]] - consolidated 2 templates
740. [[Southern Court]] - consolidated 2 templates
741. [[Spirit tablet]] - consolidated 2 templates
742. [[Spring Matsuri]] - consolidated 2 templates
743. [[Spring Mouth]] - consolidated 2 templates
744. [[Square Kofun]] - consolidated 2 templates
745. [[Squid Dance]] - consolidated 2 templates
746. [[Standing Pit Tomb]] - consolidated 2 templates
747. [[Star clock]] - consolidated 2 templates
748. [[Star Festival]] - consolidated 2 templates
749. [[Stone Buddha]] - consolidated 2 templates
750. [[Stone Chamber]] - consolidated 2 templates
751. [[Stone slab tomb]] - consolidated 3 templates
752. [[Straight Arc Mirror]] - consolidated 2 templates
753. [[Stretched burial]] - consolidated 2 templates
754. [[Strolling garden]] - consolidated 2 templates
755. [[Stupa]] - consolidated 2 templates
756. [[Stupas by number]] - consolidated 2 templates
757. [[Subari Shrine]] - consolidated 2 templates
758. [[Subasukiji Shrine]] - consolidated 2 templates
759. [[Subprefectures of Hokkaido]] - consolidated 2 templates
760. [[Succor in Travail]] - consolidated 2 templates
761. [[Suda Hachiman Shrine]] - consolidated 2 templates
762. [[Suda Hachiman Shrine Mirror]] - consolidated 2 templates
763. [[Suda Hachimangu Kofun]] - consolidated 2 templates
764. [[Sudo Tenno Shrine]] - consolidated 2 templates
765. [[Sueha Kokuzō]] - consolidated 2 templates
766. [[Sueji Umehara]] - consolidated 2 templates
767. [[Sueyoshi-gū]] - consolidated 2 templates
768. [[Sufu Kofun]] - consolidated 2 templates
769. [[Suga Shrine]] - consolidated 2 templates
770. [[Sugawara clan]] - consolidated 2 templates
771. [[Sugawara Kofun]] - consolidated 2 templates
772. [[Sugawara Shrine]] - consolidated 2 templates
773. [[Sugawara Shrine (disambiguation)]] - consolidated 2 templates
774. [[Sugihara Shrine]] - consolidated 2 templates
775. [[Suginohara Onta-mai]] - consolidated 2 templates
776. [[Sugitani Ichiban-Tsuka Kofun]] - consolidated 2 templates
777. [[Sugiyama Shrine]] - consolidated 2 templates
778. [[Sugiyama Shrine (Shrine, Chigasaki-chuo)]] - consolidated 2 templates
779. [[Sugiyama Shrine (Shrine, Shinyoshida-cho)]] - consolidated 2 templates
780. [[Sugōisobe Shrine]] - consolidated 3 templates
781. [[Suijin]] - consolidated 2 templates
782. [[Suijin Bridge]] - consolidated 2 templates
783. [[Suijin Festival]] - consolidated 2 templates
784. [[Suijin no Watashi]] - consolidated 2 templates
785. [[Suika Shinto]] - consolidated 2 templates
786. [[Suiten]] - consolidated 2 templates
787. [[Suitengū (Otaru City)]] - consolidated 2 templates
788. [[Suitengū (Tokyo)]] - consolidated 2 templates
789. [[Suitengū Harudaisai]] - consolidated 2 templates
790. [[Suitengū Hiranuma Shrine]] - consolidated 2 templates
791. [[Sukumozuka Kofun]] - consolidated 2 templates
792. [[Sukunabikona]] - consolidated 2 templates
793. [[Sukunahikona Shrine (Ozu City)]] - consolidated 2 templates
794. [[Sukunakawata Shrine]] - consolidated 2 templates
795. [[Sumuchisoneno Shrine]] - consolidated 2 templates
796. [[Susa Shrine]] - consolidated 2 templates
797. [[Tachibino Shrine]] - consolidated 2 templates
798. [[Tada Shrine (Tabuto Shrine)]] - consolidated 2 templates
799. [[Taimayamaguchi Shrine]] - consolidated 2 templates
800. [[Taka- Shrine]] - consolidated 2 templates
801. [[Takagawara Shrine]] - consolidated 2 templates
802. [[Takahokono Shrine]] - consolidated 2 templates
803. [[Takamahiko Shrine]] - consolidated 2 templates
804. [[Takamakishino Shrine]] - consolidated 2 templates
805. [[Takamanoyamasatawono Shrine]] - consolidated 2 templates
806. [[Takamefu Shrine]] - consolidated 2 templates
807. [[Takamiyano Shrine]] - consolidated 2 templates
808. [[Takamiyaohomorino Shrine]] - consolidated 2 templates
809. [[Takase Shrine (Q3791906)]] - consolidated 2 templates
810. [[Takashino Shrine]] - consolidated 2 templates
811. [[Takata Shrine (Hida)]] - consolidated 2 templates
812. [[Takatsunono Shrine]] - consolidated 2 templates
813. [[Takayaaheno Shrine]] - consolidated 2 templates
814. [[Takayano Shrine]] - consolidated 2 templates
815. [[Take Mikumari Shrine]] - consolidated 2 templates
816. [[Dake Rokusho Shrine]] - consolidated 2 templates
817. [[Takechino Miagata Shrine]] - consolidated 2 templates
818. [[Takeokami Shrine]] - consolidated 2 templates
819. [[Taketano Shrine]] - consolidated 2 templates
820. [[Takihara Shrine]] - consolidated 2 templates
821. [[Takihara-no-Miya]] - consolidated 2 templates
822. [[Takinomotono Shrine]] - consolidated 2 templates
823. [[Tamanooya Shrine]] - consolidated 2 templates
824. [[Tamatsukuri Shrine]] - consolidated 2 templates
825. [[Tamatsurano Shrine]] - consolidated 2 templates
826. [[Tamawakasu-no-Mikoto Shrine]] - consolidated 2 templates
827. [[Tameno Shrine]] - consolidated 2 templates
828. [[Tanakurahiko Shrine]] - consolidated 2 templates
829. [[Tanoe and Tanoe-Mimae Shrines]] - consolidated 2 templates
830. [[Tanoe-Ōmizu Shrine]] - consolidated 2 templates
831. [[Tanushimaru Ōtsuka Kofun]] - consolidated 2 templates
832. [[Tanzan Shrine]] - consolidated 2 templates
833. [[Taoism]] - consolidated 2 templates
834. [[Tarishihiko]] - consolidated 2 templates
835. [[Tarumaezan Shrine]] - consolidated 2 templates
836. [[Tarumi-yama Kofun]] - consolidated 2 templates
837. [[Tashiroōta Kofun]] - consolidated 2 templates
838. [[Tatami]] - consolidated 2 templates
839. [[Tate Shrine]] - consolidated 2 templates
840. [[Tateyama Gongen]] - consolidated 2 templates
841. [[Tathāgata]] - consolidated 2 templates
842. [[Tatsumi Shrine Osaka]] - consolidated 2 templates
843. [[Tatsuta Gobōyama 3rd Kofun]] - consolidated 2 templates
844. [[Tatsuta Shrine (Nara)]] - consolidated 2 templates
845. [[Tatsuta Taisha]] - consolidated 2 templates
846. [[Tatsuyama quarry]] - consolidated 2 templates
847. [[Tawara Tōda Monogatari]] - consolidated 2 templates
848. [[Tawarayama Onsen]] - consolidated 2 templates
849. [[Tawino Shrine]] - consolidated 2 templates
850. [[Tebika Namikirifudō Kofun]] - consolidated 2 templates
851. [[Tebtunis lunar calendar]] - consolidated 2 templates
852. [[Tejikara Fire Festival]] - consolidated 2 templates
853. [[Tejikarao Shrine (Ōgaki)]] - consolidated 2 templates
854. [[Tejikaraō Shrine (Kakamigahara)]] - consolidated 2 templates
855. [[Temat-cheret]] - consolidated 2 templates
856. [[Temat-heret]] - consolidated 2 templates
857. [[Temat-heret-cheret]] - consolidated 2 templates
858. [[Temple and Shrine Law]] - consolidated 2 templates
859. [[Temple and Shrine Pilgrimage Mandala]] - consolidated 2 templates
860. [[Temple and Shrine Powers]] - consolidated 2 templates
861. [[Temple of Evergreen]] - consolidated 2 templates
862. [[Temple Precinct Cities]] - consolidated 2 templates
863. [[Temples and Shrines]] - consolidated 2 templates
864. [[Ten Stages Sutra]] - consolidated 2 templates
865. [[Tenaga and Ashinaga]] - consolidated 2 templates
866. [[Tenaga Shrine]] - consolidated 2 templates
867. [[Tengenjutsu (fortune telling)]] - consolidated 2 templates
868. [[Tengu-yama Kofun]] - consolidated 2 templates
869. [[Tengyō Rebellion of the Dewa Fusho]] - consolidated 2 templates
870. [[Tenjin faith]] - consolidated 2 templates
871. [[Tenjin Jinja]] - consolidated 2 templates
872. [[Tenjin Matsuri]] - consolidated 2 templates
873. [[Tenjin Shrine (Mizuhoshi City)]] - consolidated 2 templates
874. [[Tenjinmori Kofun]] - consolidated 2 templates
875. [[Tenjinsha]] - consolidated 2 templates
876. [[Tenjinsha (Itoshima)]] - consolidated 2 templates
877. [[Tenjinsha (Kazo-Hiranaga)]] - consolidated 2 templates
878. [[Tenjinsha (Osaka-Fukushima)]] - consolidated 2 templates
879. [[Tenjinsha (Shiki)]] - consolidated 2 templates
880. [[Tenjinsha (Shiroi)]] - consolidated 2 templates
881. [[Tenjinyama]] - consolidated 2 templates
882. [[Tenjinyama Kofun]] - consolidated 2 templates
883. [[Tenjinyama Kofun (Kōfu)]] - consolidated 2 templates
884. [[Tenkawa Daibenzaiten Shrine]] - consolidated 2 templates
885. [[Tenman Tenjingu]] - consolidated 2 templates
886. [[Tenman Tenjingu (Ichikawa City)]] - consolidated 2 templates
887. [[Tenmangū]] - consolidated 2 templates
888. [[Tenmei Fire]] - consolidated 2 templates
889. [[Tenmon]] - consolidated 2 templates
890. [[Tenmon Hakase]] - consolidated 2 templates
891. [[Tenmon Missō]] - consolidated 2 templates
892. [[Tenmondai Kounai Kofun]] - consolidated 2 templates
893. [[Tenmondō (astrology)]] - consolidated 2 templates
894. [[Tenmongata]] - consolidated 2 templates
895. [[Tenno Shrine]] - consolidated 2 templates
896. [[Tenno Shrine (Otsu)]] - consolidated 2 templates
897. [[Tenno-no-Mori]] - consolidated 2 templates
898. [[Tenno-no-Mori Kofun]] - consolidated 2 templates
899. [[Tennozuka Kofun (Wakayama)]] - consolidated 2 templates
900. [[Tenpaku]] - consolidated 2 templates
901. [[Tenpaku faith]] - consolidated 2 templates
902. [[Tenpaku Iwakura Site]] - consolidated 2 templates
903. [[Tenrikyo]] - consolidated 2 templates
904. [[Tenryū River]] - consolidated 2 templates
905. [[Tenryū-ji]] - consolidated 2 templates
906. [[Tensha Shinto Prohibition Ordinance]] - consolidated 2 templates
907. [[Tensha Tsuchimikado Shinto]] - consolidated 2 templates
908. [[Tenshi-tsukinuke]] - consolidated 2 templates
909. [[Tenshin Shōden Katori Shintō-ryū]] - consolidated 2 templates
910. [[Tenshō Kōtai Jingūkyō]] - consolidated 2 templates
911. [[Tenso Wakamiya Hachiman Shrine]] - consolidated 2 templates
912. [[Tensokokyo]] - consolidated 2 templates
913. [[Tenson dynasty]] - consolidated 2 templates
914. [[Tenson kōrin]] - consolidated 2 templates
915. [[Tenson-zoku]] - consolidated 2 templates
916. [[Tensori no Mikoto]] - consolidated 2 templates
917. [[Tenzan Shrine]] - consolidated 2 templates
918. [[Tepi-a-Sopdet]] - consolidated 2 templates
919. [[Teppōyama Kofun]] - consolidated 2 templates
920. [[Teradani Chōshizuka Kofun]] - consolidated 2 templates
921. [[Terado Ōtsuka Kofun]] - consolidated 2 templates
922. [[Teramachi]] - consolidated 2 templates
923. [[Terayama Minamiyama Kofun]] - consolidated 2 templates
924. [[Terminal-phase kofun]] - consolidated 2 templates
925. [[Terumo Shrine]] - consolidated 2 templates
926. [[Tezuka Mitsumori]] - consolidated 2 templates
927. [[The 17 Generations of Deities]] - consolidated 2 templates
928. [[The Baicheng Army Flying School]] - consolidated 2 templates
929. [[The branch temple system]] - consolidated 2 templates
930. [[The new calendar]] - consolidated 2 templates
931. [[The Six Prefectures of Wa]] - consolidated 2 templates
932. [[The succession to the throne]] - consolidated 2 templates
933. [[The Warring States Period in Kinai and Kinki]] - consolidated 2 templates
934. [[Thin Burial Edict]] - consolidated 2 templates
935. [[Third Blue Wood Star]] - consolidated 2 templates
936. [[Thirty Guardian Deities]] - consolidated 2 templates
937. [[Thousand-armed Kannon]] - consolidated 2 templates
938. [[Three Great Festivals of Edo]] - consolidated 2 templates
939. [[Three Great Festivals of Shikoku]] - consolidated 2 templates
940. [[Three Great Festivals of Tohoku]] - consolidated 2 templates
941. [[Three Great Onryō of Japan]] - consolidated 2 templates
942. [[Three Great Summer Festivals of Osaka]] - consolidated 2 templates
943. [[Three Han Campaign]] - consolidated 2 templates
944. [[Three Medicine Gods]] - consolidated 2 templates
945. [[Three Moto-Ise Shrines of Fukuchiyama]] - consolidated 2 templates
946. [[Three Munakata Goddesses]] - consolidated 2 templates
947. [[Three Noble Children]] - consolidated 2 templates
948. [[Three Palace Sanctuaries]] - consolidated 2 templates
949. [[Three stages of Japan]] - consolidated 2 templates
950. [[Three-Lion Dance]] - consolidated 2 templates
951. [[Three-storied pagoda]] - consolidated 2 templates
952. [[Tianhuang Emperor]] - consolidated 2 templates
953. [[Tjemes-ni-chentet]] - consolidated 2 templates
954. [[To (unit)]] - consolidated 2 templates
955. [[Toba Fire Festival]] - consolidated 2 templates
956. [[Tobe]] - consolidated 2 templates
957. [[Tobihata Hachimangu]] - consolidated 2 templates
958. [[Tobiotsuka Kofun]] - consolidated 2 templates
959. [[Tochigi City Ohira History and Folklore Museum]] - consolidated 2 templates
960. [[Tochigi Gokoku Shrine]] - consolidated 2 templates
961. [[Toda Tadayuki]] - consolidated 2 templates
962. [[Todoroki Shrine]] - consolidated 2 templates
963. [[Todoroki Shrine (Anan)]] - consolidated 2 templates
964. [[Todoroki Shrine (Kaiyo)]] - consolidated 2 templates
965. [[Todoroki-hime-no-Mikoto Shrine]] - consolidated 2 templates
966. [[Toga Shrine]] - consolidated 2 templates
967. [[Togakushi Shrine]] - consolidated 2 templates
968. [[Togami Shrine]] - consolidated 2 templates
969. [[Togawa (Nagano)]] - consolidated 2 templates
970. [[Togawa River]] - consolidated 2 templates
971. [[Toichi district]] - consolidated 2 templates
972. [[Tokachigawa Onsen]] - consolidated 2 templates
973. [[Tokaebisu Shrine]] - consolidated 2 templates
974. [[Tokai Senzuka Kofun Cluster]] - consolidated 2 templates
975. [[Tokarino Shrine]] - consolidated 2 templates
976. [[Toki clan]] - consolidated 2 templates
977. [[Tokiwa shrine]] - consolidated 2 templates
978. [[Tokkehara Kofun]] - consolidated 2 templates
979. [[Tokonoma]] - consolidated 2 templates
980. [[Tokorozawa Shinmei Shrine]] - consolidated 2 templates
981. [[Tokoyo no kuni]] - consolidated 2 templates
982. [[Tokoyoki-hime Shrine]] - consolidated 3 templates
983. [[Tokugawa clan]] - consolidated 2 templates
984. [[Tokugawa Iemochi]] - consolidated 2 templates
985. [[Tokugawa Nariaki]] - consolidated 2 templates
986. [[Tokugawa shogunate]] - consolidated 2 templates
987. [[Tokugawa Tsunayoshi]] - consolidated 2 templates
988. [[Tokugawa Yoshinobu]] - consolidated 2 templates
989. [[Tokugōshō]] - consolidated 2 templates
990. [[Tokurenba Kofun]] - consolidated 2 templates
991. [[Tokusa-no-Kandakara]] - consolidated 2 templates
992. [[Tokusen Jinmyōchō]] - consolidated 2 templates
993. [[Tokushima City Awa Odori]] - consolidated 2 templates
994. [[Tokushima Gokoku Shrine]] - consolidated 2 templates
995. [[Tokuyama Daijingu]] - consolidated 2 templates
996. [[Tokyo Bijutsu]] - consolidated 2 templates
997. [[Tokyo Daijingu]] - consolidated 2 templates
998. [[Tokyo Imperial Palace]] - consolidated 2 templates
999. [[Tokyo Medical School]] - consolidated 2 templates
1000. [[Tokyo Ten Shrines]] - consolidated 2 templates
1001. [[Tomari Kofun]] - consolidated 2 templates
1002. [[Tomatsuri Ōtsuka Kofun]] - consolidated 2 templates
1003. [[Tomatsuri-yama]] - consolidated 2 templates
1004. [[Tomb TT353]] - consolidated 2 templates
1005. [[Tomida Chausuyama Kofun]] - consolidated 2 templates
1006. [[Tomioka Hachiman Shrine]] - consolidated 2 templates
1007. [[Tomobayashi Uji Shrine]] - consolidated 2 templates
1008. [[Tomonomiyatsuko]] - consolidated 2 templates
1009. [[Tonegawa Zushi]] - consolidated 2 templates
1010. [[Tonoki Kurumazuka Kofun]] - consolidated 2 templates
1011. [[Tonoki Shrine]] - consolidated 3 templates
1012. [[Torakashi Shrine]] - consolidated 2 templates
1013. [[Torazuka Kofun]] - consolidated 2 templates
1014. [[Tori-no-Ichi]] - consolidated 2 templates
1015. [[Torigoe Hachiman Shrine]] - consolidated 2 templates
1016. [[Torii]] - consolidated 2 templates
1017. [[Toriibara Kitsunezuka Kofun]] - consolidated 2 templates
1018. [[Toriimae Kofun]] - consolidated 2 templates
1019. [[Torikai-be]] - consolidated 2 templates
1020. [[Torinarumi-no-Kami]] - consolidated 2 templates
1021. [[Toriya Misanzai Kofun]] - consolidated 2 templates
1022. [[Toriyama Sekien]] - consolidated 2 templates
1023. [[Toru Funamura]] - consolidated 2 templates
1024. [[Tosa Kokubun-ji]] - consolidated 2 templates
1025. [[Tosa Shrine]] - consolidated 2 templates
1026. [[Toshigami]] - consolidated 2 templates
1027. [[Toshio Hōga]] - consolidated 2 templates
1028. [[Toshitoku-shin]] - consolidated 2 templates
1029. [[Totsuka-no-Tsurugi]] - consolidated 2 templates
1030. [[Totsumatone-no-Kami]] - consolidated 2 templates
1031. [[Totsuyami-Sakitara-no-Kami]] - consolidated 2 templates
1032. [[Tottori Gokoku Shrine]] - consolidated 2 templates
1033. [[Tottori-no-Kami]] - consolidated 2 templates
1034. [[Towatari Shrine]] - consolidated 2 templates
1035. [[Toyama Chukyoin]] - consolidated 2 templates
1036. [[Toyama Shrine]] - consolidated 2 templates
1037. [[Toyohashi Gion Festival]] - consolidated 2 templates
1038. [[Toyohira Shrine]] - consolidated 2 templates
1039. [[Toyohiwake no Mikoto]] - consolidated 2 templates
1040. [[Toyokashima Shrine]] - consolidated 2 templates
1041. [[Toyokawa Inari Tokyo]] - consolidated 2 templates
1042. [[Toyokiirihiko-no-Mikoto]] - consolidated 2 templates
1043. [[Toyokumono-no-Mikoto]] - consolidated 2 templates
1044. [[Toyokuni Shrine]] - consolidated 2 templates
1045. [[Toyosaka and Noda Shrines]] - consolidated 2 templates
1046. [[Toyosukiiri-hime]] - consolidated 2 templates
1047. [[Toyota Shrine]] - consolidated 2 templates
1048. [[Toyota Shrine (Edogawa Ward)]] - consolidated 2 templates
1049. [[Toyota Shrine (Hualien Port Government)]] - consolidated 2 templates
1050. [[Toyouke Shrine]] - consolidated 2 templates
1051. [[Toyouke Shrine (Fukuchiyama)]] - consolidated 2 templates
1052. [[Toyōke Daijingū]] - consolidated 3 templates
1053. [[Traffic Shrine]] - consolidated 2 templates
1054. [[Transition of Crown and Court Ranks]] - consolidated 2 templates
1055. [[Treasure Pagoda]] - consolidated 2 templates
1056. [[Triangular-Rimmed Divine Beast Mirror]] - consolidated 2 templates
1057. [[Trikaya]] - consolidated 2 templates
1058. [[Tsu Shrine]] - consolidated 2 templates
1059. [[Tsubai Ōtsukayama Kofun]] - consolidated 2 templates
1060. [[Tsubaki Market]] - consolidated 2 templates
1061. [[Tsubaki Shrine (disambiguation)]] - consolidated 2 templates
1062. [[Tsubaki Shrine (Ōta)]] - consolidated 2 templates
1063. [[Tsubakimi Lake]] - consolidated 2 templates
1064. [[Tsubame Taue Odori]] - consolidated 2 templates
1065. [[Tsuboriyama Kofun]] - consolidated 2 templates
1066. [[Tsubura Shrine]] - consolidated 2 templates
1067. [[Tsuchi (Japanese term)]] - consolidated 2 templates
1068. [[Tsuchi Ikki]] - consolidated 2 templates
1069. [[Tsuchi-no-Miya]] - consolidated 2 templates
1070. [[Tsuchimikado Ariharu]] - consolidated 2 templates
1071. [[Tsuchimikado Arinaga]] - consolidated 2 templates
1072. [[Tsuchimikado clan]] - consolidated 2 templates
1073. [[Tsuchimikado Harenaga]] - consolidated 2 templates
1074. [[Tsuchimikado Haruo]] - consolidated 2 templates
1075. [[Tsuchimikado Hisanaga]] - consolidated 2 templates
1076. [[Tsuchimikado school]] - consolidated 2 templates
1077. [[Tsuchimikado Yasukuni]] - consolidated 2 templates
1078. [[Tsuchinoe (戊)]] - consolidated 2 templates
1079. [[Tsuchinoto (己)]] - consolidated 2 templates
1080. [[Tsuchizaki Shinmeisha]] - consolidated 2 templates
1081. [[Tsuda Kofun Cluster]] - consolidated 2 templates
1082. [[Tsude Hiroshi]] - consolidated 2 templates
1083. [[Tsudō-Shiroyama Kofun]] - consolidated 2 templates
1084. [[Tsuetzuki Pass]] - consolidated 2 templates
1085. [[Tsufukumino Shrine]] - consolidated 2 templates
1086. [[Tsugaru region]] - consolidated 2 templates
1087. [[Tsugaru Tsuguakira]] - consolidated 2 templates
1088. [[Tsugawa Shrine]] - consolidated 3 templates
1089. [[Tsuge Mikumari Shrine]] - consolidated 2 templates
1090. [[Tsuge no Kuni no Miyatsuko]] - consolidated 2 templates
1091. [[Tsuge no Ōyamanushi]] - consolidated 2 templates
1092. [[Tsuge Yamaguchi Shrine]] - consolidated 2 templates
1093. [[Tsuge Yamaguchi Shrine (Nara)]] - consolidated 2 templates
1094. [[Tsuge Yamaguchi Shrine (Tenri)]] - consolidated 2 templates
1095. [[Tsugeyama Kofun]] - consolidated 2 templates
1096. [[Tsugizakura Ōji Shrine]] - consolidated 2 templates
1097. [[Tsuharano Shrine]] - consolidated 2 templates
1098. [[Tsuijidō Entrance]] - consolidated 2 templates
1099. [[Tsukaana Kofun]] - consolidated 2 templates
1100. [[Tsukaana Kofun (Habikino)]] - consolidated 2 templates
1101. [[Tsukaana Kofun (Kawachinagano City)]] - consolidated 2 templates
1102. [[Tsukaana Kofun (Shima City)]] - consolidated 2 templates
1103. [[Tsukaanayama Kofun]] - consolidated 2 templates
1104. [[Tsukahanazuka Kofun]] - consolidated 2 templates
1105. [[Tsukahara Futagozuka Kofun]] - consolidated 2 templates
1106. [[Tsukahara Kofun (Shima)]] - consolidated 2 templates
1107. [[Tsukahara Kofun Cluster]] - consolidated 2 templates
1108. [[Tsukahara Kofun Group (Tama)]] - consolidated 2 templates
1109. [[Tsukamae Kofun]] - consolidated 2 templates
1110. [[Tsukamawari Kofun]] - consolidated 2 templates
1111. [[Tsukamawari Kofun Group]] - consolidated 2 templates
1112. [[Tsukamyojin Kofun]] - consolidated 2 templates
1113. [[Tsukanakino Shrine]] - consolidated 2 templates
1114. [[Tsukawara Kofun Cluster]] - consolidated 2 templates
1115. [[Tsukayama Kofun (Utsunomiya)]] - consolidated 2 templates
1116. [[Tsukazaki Kofun Cluster]] - consolidated 2 templates
1117. [[Tsukenoyamakuchino Shrine]] - consolidated 2 templates
1118. [[Tsukida Kofun Group]] - consolidated 2 templates
1119. [[Tsukimoto Shrine]] - consolidated 3 templates
1120. [[Tsukinami-no-Matsuri]] - consolidated 2 templates
1121. [[Tsukinowa Kofun]] - consolidated 2 templates
1122. [[Tsukioka Kofun]] - consolidated 2 templates
1123. [[Tsukioka Onsen]] - consolidated 2 templates
1124. [[Tsukisamu Shrine]] - consolidated 2 templates
1125. [[Tsukiyama Kofun]] - consolidated 2 templates
1126. [[Tsukiyama Kofun (disambiguation)]] - consolidated 2 templates
1127. [[Tsukiyama Kofun (Itoshima)]] - consolidated 2 templates
1128. [[Tsukiyama Kofun (Setouchi city)]] - consolidated 2 templates
1129. [[Tsukiyama Kofun (Yamatotakada)]] - consolidated 2 templates
1130. [[Tsukiyomi Shrine (Kyoto)]] - consolidated 2 templates
1131. [[Tsukiyomi-no-Miya (Gekū)]] - consolidated 3 templates
1132. [[Tsukiyomi-no-Miya (Naikū)]] - consolidated 3 templates
1133. [[Tsukubasan Shrine]] - consolidated 2 templates
1134. [[Tsukubusuma Shrine]] - consolidated 2 templates
1135. [[Tsukudo Shrine]] - consolidated 2 templates
1136. [[Tsukumogami]] - consolidated 2 templates
1137. [[Tsukuriyama Kofun (Okayama)]] - consolidated 2 templates
1138. [[Tsukuriyama Kofun (Sōja)]] - consolidated 2 templates
1139. [[Tsukuriyama Kofun (Yosano)]] - consolidated 2 templates
1140. [[Tsukushi no Iwai]] - consolidated 2 templates
1141. [[Tsukushi script]] - consolidated 2 templates
1142. [[Tsukuyomi-no-Mikoto]] - consolidated 2 templates
1143. [[Tsuma Shrine]] - consolidated 2 templates
1144. [[Tsumaonna Mountain]] - consolidated 2 templates
1145. [[Tsumashina Shrine]] - consolidated 2 templates
1146. [[Tsumi]] - consolidated 2 templates
1147. [[Tsumori clan]] - consolidated 2 templates
1148. [[Tsumori Ōji Shrine]] - consolidated 2 templates
1149. [[Tsunaga Shrine]] - consolidated 3 templates
1150. [[Tsunakoshino Shrine]] - consolidated 2 templates
1151. [[Tsuno Shrine]] - consolidated 2 templates
1152. [[Tsunomine Shrine]] - consolidated 2 templates
1153. [[Tsunozuka Kofun]] - consolidated 2 templates
1154. [[Tsunuga Arashito]] - consolidated 2 templates
1155. [[Tsunugui and Ikugui]] - consolidated 2 templates
1156. [[Tsuru Kofun]] - consolidated 2 templates
1157. [[Tsurugaoka Hachimangū]] - consolidated 2 templates
1158. [[Tsurugaoka Inari Shrine Kofun]] - consolidated 2 templates
1159. [[Tsurugi Shrine (disambiguation)]] - consolidated 2 templates
1160. [[Tsurugi Shrine (Hōfu)]] - consolidated 2 templates
1161. [[Tsurugi Shrine (Nogata)]] - consolidated 2 templates
1162. [[Tsuruki Kofun Cluster]] - consolidated 2 templates
1163. [[Tsurukinushino Shrine]] - consolidated 2 templates
1164. [[Tsurumaki Kofun]] - consolidated 2 templates
1165. [[Tsurumi Shrine]] - consolidated 2 templates
1166. [[Tsurumine Hachiman Shrine]] - consolidated 2 templates
1167. [[Tsurumino Shrine]] - consolidated 2 templates
1168. [[Tsurumiyama Kofun]] - consolidated 2 templates
1169. [[Tsuruno-yu Onsen (Akita)]] - consolidated 2 templates
1170. [[Tsuruno-yu Onsen (Hokkaido)]] - consolidated 2 templates
1171. [[Tsurunoyu Onsen]] - consolidated 2 templates
1172. [[Tsurusaki Shrine]] - consolidated 2 templates
1173. [[Tsuruya Hachiman Shrine]] - consolidated 2 templates
1174. [[Tsuruyama Maruyama Kofun]] - consolidated 2 templates
1175. [[Tsuruyumishimano Shrine]] - consolidated 2 templates
1176. [[Tsushima Faith]] - consolidated 2 templates
1177. [[Tsushima Island]] - consolidated 2 templates
1178. [[Tsushima Shrine]] - consolidated 2 templates
1179. [[Tsushima Shrine (Minamiyamashiro Village)]] - consolidated 2 templates
1180. [[Tsushima Site]] - consolidated 2 templates
1181. [[Tsushima-tsuka Kofun]] - consolidated 2 templates
1182. [[Tsushimabeno Shrine]] - consolidated 2 templates
1183. [[Tsutsukowake Shrine]] - consolidated 2 templates
1184. [[Tsutsumine Shrine]] - consolidated 2 templates
1185. [[Tsutsumori Shrine]] - consolidated 2 templates
1186. [[Tushibii]] - consolidated 2 templates
1187. [[Tushita]] - consolidated 2 templates
1188. [[Twelfth hour of the day (Ancient Egypt)]] - consolidated 2 templates
1189. [[Twelfth hour of the night (Ancient Egypt)]] - consolidated 2 templates
1190. [[Twelve Directions]] - consolidated 2 templates
1191. [[Twelve Heavenly Generals]] - consolidated 2 templates
1192. [[Twelve Heavenly Generals (Taoism)]] - consolidated 2 templates
1193. [[Twelve Level Cap and Rank System]] - consolidated 2 templates
1194. [[Twelve-stage Bugaku]] - consolidated 2 templates
1195. [[Twenty-Eight Attendants]] - consolidated 2 templates
1196. [[Twenty-Five States of Existence]] - consolidated 2 templates
1197. [[Two-deity two-beast mirror]] - consolidated 2 templates
1198. [[Tō-ji]] - consolidated 2 templates
1199. [[Tōdai-ji]] - consolidated 2 templates
1200. [[Tōdaiji Yōroku]] - consolidated 2 templates
1201. [[Tōdaijiyama Kofun]] - consolidated 2 templates
1202. [[Tōfuku-ji]] - consolidated 2 templates
1203. [[Tōgō Heihachirō]] - consolidated 2 templates
1204. [[Tōgō Shrine (disambiguation)]] - consolidated 2 templates
1205. [[Tōjin Kofun Cluster]] - consolidated 2 templates
1206. [[Tōkanyama Kofun]] - consolidated 2 templates
1207. [[Tōkei Shrine]] - consolidated 2 templates
1208. [[Tōmizuka Kofun]] - consolidated 2 templates
1209. [[Tōrin-ji (Ishigaki)]] - consolidated 2 templates
1210. [[Tōsho Shrine]] - consolidated 2 templates
1211. [[Tōsho Shrine (Fujinomiya City)]] - consolidated 2 templates
1212. [[Tōtomi Province no Kuni no Miyatsuko]] - consolidated 2 templates
1213. [[Tōtsu Ayume Maguwashi Hime]] - consolidated 2 templates
1214. [[Tōzan Shrine]] - consolidated 2 templates
1215. [[Ubagami Daijingu Togyo Festival]] - consolidated 2 templates
1216. [[Ubagami Daijingū]] - consolidated 2 templates
1217. [[Ubanato Shrine (Anpachi Town)]] - consolidated 2 templates
1218. [[Ubazuka Kofun]] - consolidated 2 templates
1219. [[Ube Shrine]] - consolidated 2 templates
1220. [[Ubusuna Hachiman Shrine]] - consolidated 2 templates
1221. [[Ubusuna Shrine]] - consolidated 2 templates
1222. [[Ubusuna Shrine (Konohana, Osaka)]] - consolidated 2 templates
1223. [[Ubusunagami]] - consolidated 2 templates
1224. [[Ubusunayama Kofun]] - consolidated 2 templates
1225. [[Uchi Shrine (Yamato)]] - consolidated 2 templates
1226. [[Uchikuwochikatano Shrine]] - consolidated 2 templates
1227. [[Uchima Udun]] - consolidated 2 templates
1228. [[Uchino Shrine]] - consolidated 2 templates
1229. [[Uchiyama Castle]] - consolidated 2 templates
1230. [[Uchiyu]] - consolidated 2 templates
1231. [[Uda Mikumari Shrine]] - consolidated 2 templates
1232. [[Udo Jingū]] - consolidated 2 templates
1233. [[Udoneri]] - consolidated 2 templates
1234. [[Udozuka Kofun]] - consolidated 2 templates
1235. [[Ueno Ōji Shrine (Gobo)]] - consolidated 2 templates
1236. [[Ueno Ōji Shrine (Osaka)]] - consolidated 2 templates
1237. [[Uesugi clan]] - consolidated 2 templates
1238. [[Uesugi Shrine]] - consolidated 2 templates
1239. [[Uetsuki Terayama Kofun]] - consolidated 2 templates
1240. [[Ueyama Kofun]] - consolidated 2 templates
1241. [[Uga Shrine]] - consolidated 2 templates
1242. [[Uga Shrine (Tako Town, Iizasa)]] - consolidated 2 templates
1243. [[Ugajin]] - consolidated 2 templates
1244. [[Ugayafukiaezu]] - consolidated 2 templates
1245. [[Uguisuzuka Kofun]] - consolidated 2 templates
1246. [[Uhijini and Suhijini]] - consolidated 2 templates
1247. [[Uhō-dōji]] - consolidated 2 templates
1248. [[Uji (clan)]] - consolidated 2 templates
1249. [[Uji Bridge (Ise City)]] - consolidated 2 templates
1250. [[Uji no Wakiiratsuko]] - consolidated 2 templates
1251. [[Uji Shrine]] - consolidated 2 templates
1252. [[Uji-Kabane system]] - consolidated 2 templates
1253. [[Ujigami]] - consolidated 2 templates
1254. [[Ujigami Shrine]] - consolidated 2 templates
1255. [[Ujika Shrine]] - consolidated 2 templates
1256. [[Ujikogari]] - consolidated 2 templates
1257. [[Ujitani Mitsuru]] - consolidated 2 templates
1258. [[Ujiyamada Air Raid]] - consolidated 2 templates
1259. [[Ujiyoda Shrine]] - consolidated 3 templates
1260. [[Ukami kuni no miyatsuko]] - consolidated 2 templates
1261. [[Ukanomitama]] - consolidated 2 templates
1262. [[Ukehi]] - consolidated 2 templates
1263. [[Ukita no Kuni no Miyatsuko]] - consolidated 2 templates
1264. [[Ukiyo-e]] - consolidated 2 templates
1265. [[Umami Hill Park]] - consolidated 2 templates
1266. [[Umami Hills]] - consolidated 2 templates
1267. [[Umami Kofun Cluster]] - consolidated 2 templates
1268. [[Umamukaiyama Kofun]] - consolidated 2 templates
1269. [[Umasakahimeno Shrine]] - consolidated 2 templates
1270. [[Umashi-Ashikabi-Hikoji]] - consolidated 2 templates
1271. [[Umashimaji]] - consolidated 2 templates
1272. [[Umedo]] - consolidated 2 templates
1273. [[Umeki Site]] - consolidated 2 templates
1274. [[Umenomiya Taisha]] - consolidated 2 templates
1275. [[Umeyama Kofun]] - consolidated 2 templates
1276. [[Umi Hachiman-gū]] - consolidated 2 templates
1277. [[Umisachi and Yamasachi]] - consolidated 2 templates
1278. [[Unai Aotsu Kofun Group]] - consolidated 2 templates
1279. [[Unakorowake Shrine]] - consolidated 2 templates
1280. [[Unatarinimasutakamihino Shrine]] - consolidated 2 templates
1281. [[Underground Horizontal Cave Tomb]] - consolidated 2 templates
1282. [[Unebiyamaguchi Shrine]] - consolidated 2 templates
1283. [[Unehino- Shrine]] - consolidated 2 templates
1284. [[Uneme]] - consolidated 2 templates
1285. [[Uneme Clan]] - consolidated 2 templates
1286. [[Uneotsutamoto Shrine]] - consolidated 2 templates
1287. [[Uneoza Taketsuyasugami Shrine]] - consolidated 2 templates
1288. [[Unfading Flower]] - consolidated 2 templates
1289. [[Unification Festival (Ancient Egypt)]] - consolidated 2 templates
1290. [[Unification Festival of the Two Bulls]] - consolidated 2 templates
1291. [[Unkanjiniimasunaramoto Shrine]] - consolidated 2 templates
1292. [[Unoki Ōtsuka Kofun]] - consolidated 2 templates
1293. [[Unpenji]] - consolidated 2 templates
1294. [[Unranked]] - consolidated 2 templates
1295. [[Unzen Onsen Shrine]] - consolidated 2 templates
1296. [[Uonuma Shrine]] - consolidated 3 templates
1297. [[Uozu Shrine]] - consolidated 2 templates
1298. [[Urabe clan]] - consolidated 2 templates
1299. [[Urama Chausuyama Kofun]] - consolidated 2 templates
1300. [[Uramachi Kofun]] - consolidated 2 templates
1301. [[Uramachi Shinmeigū]] - consolidated 2 templates
1302. [[Urashima Shrine]] - consolidated 2 templates
1303. [[Urashima Tarō]] - consolidated 2 templates
1304. [[Urayama Kofun]] - consolidated 2 templates
1305. [[Ureshino Onsen]] - consolidated 2 templates
1306. [[Urushibe-shi]] - consolidated 2 templates
1307. [[Usa (宇佐)]] - consolidated 2 templates
1308. [[Usa clan]] - consolidated 2 templates
1309. [[Usa Fudoki Hill]] - consolidated 2 templates
1310. [[Usa Jingū]] - consolidated 3 templates
1311. [[Usatsuhiko no Mikoto]] - consolidated 2 templates
1312. [[Ushi no toki mairi]] - consolidated 2 templates
1313. [[Ushimado Olive Garden]] - consolidated 2 templates
1314. [[Ushimado Tenjinyama Kofun]] - consolidated 2 templates
1315. [[Ushioe Tenmangu]] - consolidated 2 templates
1316. [[Ushizuka Kofun (Mibu)]] - consolidated 2 templates
1317. [[Usuizuka Kofun]] - consolidated 2 templates
1318. [[Usunono Shrine]] - consolidated 3 templates
1319. [[Usuzuka Kofun]] - consolidated 2 templates
1320. [[Utagawa Kuniyoshi]] - consolidated 2 templates
1321. [[Utaki]] - consolidated 2 templates
1322. [[Utamikomarino Shrine]] - consolidated 2 templates
1323. [[Utayorino- Shrine]] - consolidated 2 templates
1324. [[Utou Shrine]] - consolidated 2 templates
1325. [[Utsunomiya Futarayama Shrine]] - consolidated 2 templates
1326. [[Utsunomiya Hills]] - consolidated 2 templates
1327. [[Utsunomiya Shrine]] - consolidated 2 templates
1328. [[Utsushihikanasaku]] - consolidated 2 templates
1329. [[Utsushiko'o-no-Mikoto]] - consolidated 2 templates
1330. [[Utsushikome]] - consolidated 2 templates
1331. [[Uwanabe Kofun]] - consolidated 2 templates
1332. [[Uzuhiko Ashizu]] - consolidated 2 templates
1333. [[Uzumasa Kofun Cluster]] - consolidated 2 templates
1334. [[Vertical Pit-Style Stone Chamber]] - consolidated 2 templates
1335. [[Wa Sui]] - consolidated 2 templates
1336. [[Wabi-sabi]] - consolidated 2 templates
1337. [[Wada Daibutsu and Cave Tomb Cluster]] - consolidated 2 templates
1338. [[Wadanoki Shrine]] - consolidated 2 templates
1339. [[Wadaoka Kofun group]] - consolidated 2 templates
1340. [[Wajin]] - consolidated 2 templates
1341. [[Waka poet]] - consolidated 2 templates
1342. [[Wakae Kagami Shrine]] - consolidated 2 templates
1343. [[Wakahiru-me]] - consolidated 2 templates
1344. [[Wakakodama Kofun Cluster]] - consolidated 2 templates
1345. [[Wakamatsu Ebisu Shrine]] - consolidated 2 templates
1346. [[Wakamiya]] - consolidated 2 templates
1347. [[Wakamiya Hachiman Jinja]] - consolidated 2 templates
1348. [[Wakamiya Hachiman Shrine]] - consolidated 2 templates
1349. [[Wakamiya Hachiman Shrine (Miyoshi, Hiroshima)]] - consolidated 2 templates
1350. [[Wakamiya Hachiman Shrine (Saku, Nagano)]] - consolidated 2 templates
1351. [[Wakamiya Hachiman-gū (Bungotakada)]] - consolidated 2 templates
1352. [[Wakamiya Hachiman-gū (Hitachiōta)]] - consolidated 2 templates
1353. [[Wakamiya Hachiman-gū (Kawasaki)]] - consolidated 2 templates
1354. [[Wakamiya Hachiman-gū (Kōchi)]] - consolidated 2 templates
1355. [[Wakamiya Hachiman-gū Shrine (Kyoto)]] - consolidated 2 templates
1356. [[Wakamiya Hachiman-sha (Kitsuki, Ōita)]] - consolidated 2 templates
1357. [[Wakamiya Hachiman-sha (Ōita City)]] - consolidated 2 templates
1358. [[Wakamiya Inari Shrine (disambiguation)]] - consolidated 2 templates
1359. [[Wakamiya Sha (disambiguation)]] - consolidated 2 templates
1360. [[Wakamiya Shrine]] - consolidated 2 templates
1361. [[Wakamiya Shrine (Taiki, Mie)]] - consolidated 2 templates
1362. [[Wakasahiko Shrine]] - consolidated 2 templates
1363. [[Wakasakurano Shrine]] - consolidated 2 templates
1364. [[Wakatakehiko]] - consolidated 2 templates
1365. [[Wakatsukime Kami]] - consolidated 2 templates
1366. [[Wakayama air raids]] - consolidated 2 templates
1367. [[Wakayama Gokoku Shrine]] - consolidated 2 templates
1368. [[Wakayamatohimeno- Shrine]] - consolidated 2 templates
1369. [[Wake clan]] - consolidated 2 templates
1370. [[Wakinoni- Shrine]] - consolidated 2 templates
1371. [[Wakizashi]] - consolidated 2 templates
1372. [[Wakumusubi]] - consolidated 2 templates
1373. [[Wakura Onsen Festival Hall]] - consolidated 2 templates
1374. [[Walled City]] - consolidated 2 templates
1375. [[Wamyō Ruijushō]] - consolidated 2 templates
1376. [[Waninimasu Akasakahiko Shrine]] - consolidated 2 templates
1377. [[Wanishimono Shrine]] - consolidated 2 templates
1378. [[Wanishita Shrine]] - consolidated 2 templates
1379. [[Warabite Katana]] - consolidated 2 templates
1380. [[Warei Shrine]] - consolidated 2 templates
1381. [[Waritakegata Mokkan]] - consolidated 2 templates
1382. [[Waritakegata Sarcophagus]] - consolidated 2 templates
1383. [[Waseda Dori]] - consolidated 2 templates
1384. [[Washi Shrine (disambiguation)]] - consolidated 2 templates
1385. [[Washi-no-Miya Shrine (disambiguation)]] - consolidated 2 templates
1386. [[Washio Atago Shrine]] - consolidated 2 templates
1387. [[Watanuki Kannonyama Kofun]] - consolidated 2 templates
1388. [[Watarai clan]] - consolidated 2 templates
1389. [[Watarai Kunimi Shrine]] - consolidated 3 templates
1390. [[Watarai Okunitama-hime Shrine]] - consolidated 3 templates
1391. [[Watatsu Shrine]] - consolidated 2 templates
1392. [[Watatsumi Shrine (disambiguation)]] - consolidated 2 templates
1393. [[Watatsumi Shrine (Kobe)]] - consolidated 3 templates
1394. [[Watazumi Shrine]] - consolidated 2 templates
1395. [[Wepet-renpet]] - consolidated 2 templates
1396. [[Weschati-Bekati]] - consolidated 2 templates
1397. [[Whale mounds]] - consolidated 2 templates
1398. [[Wild Hot Springs]] - consolidated 2 templates
1399. [[William George Aston]] - consolidated 2 templates
1400. [[Winter Matsuri]] - consolidated 2 templates
1401. [[Wisdom King]] - consolidated 2 templates
1402. [[Wisteria]] - consolidated 2 templates
1403. [[Wochikahano Ochikaha Shrine]] - consolidated 2 templates
1404. [[Wochisomano Shrine]] - consolidated 2 templates
1405. [[Wokamino Shrine]] - consolidated 2 templates
1406. [[Wokatanokuno Shrine]] - consolidated 2 templates
1407. [[Womori- Shrine]] - consolidated 2 templates
1408. [[Wono Shrine]] - consolidated 2 templates
1409. [[Wooden Coffin]] - consolidated 2 templates
1410. [[Wooden fish]] - consolidated 2 templates
1411. [[Worship of the living]] - consolidated 2 templates
1412. [[Wosata- Shrine]] - consolidated 2 templates
1413. [[Woshihakeno Shrine]] - consolidated 2 templates
1414. [[X-shaped Burial Mound]] - consolidated 2 templates
1415. [[Xùn (Bagua)]] - consolidated 2 templates
1416. [[Yabo Tenmangū]] - consolidated 2 templates
1417. [[Yabuiri]] - consolidated 2 templates
1418. [[Yabusame]] - consolidated 2 templates
1419. [[Yachi Hachimangū]] - consolidated 2 templates
1420. [[Yachikubo Kofun]] - consolidated 2 templates
1421. [[Yachinomi-no-Mikoto]] - consolidated 2 templates
1422. [[Yadani Kofun]] - consolidated 2 templates
1423. [[Yaegaki Shrine]] - consolidated 2 templates
1424. [[Yagami-hime]] - consolidated 2 templates
1425. [[Yagata no Sukune no Kami]] - consolidated 2 templates
1426. [[Yagi clan]] - consolidated 2 templates
1427. [[Yagi Shrine]] - consolidated 2 templates
1428. [[Yaguchiyama Kofun]] - consolidated 2 templates
1429. [[Yahashira Shrine (Hekinan)]] - consolidated 2 templates
1430. [[Yahashira Shrine (Okazaki City)]] - consolidated 2 templates
1431. [[Yahiko Shrine]] - consolidated 2 templates
1432. [[Yaizu Shrine]] - consolidated 2 templates
1433. [[Yakata Kofun Cluster]] - consolidated 2 templates
1434. [[Yakenotōge Kofun]] - consolidated 2 templates
1435. [[Yakkan River]] - consolidated 2 templates
1436. [[Yakko]] - consolidated 2 templates
1437. [[Yakusanoikazuchi]] - consolidated 2 templates
1438. [[Yakushi-ji]] - consolidated 2 templates
1439. [[Yakutsunada]] - consolidated 2 templates
1440. [[Yakuō-ji (Shiroi)]] - consolidated 2 templates
1441. [[Yakyu Inari Shrine]] - consolidated 2 templates
1442. [[Yamabushi]] - consolidated 2 templates
1443. [[Yamada Shrine]] - consolidated 2 templates
1444. [[Yamada Takatsuka Kofun]] - consolidated 2 templates
1445. [[Yamada Uenoyama Kofun]] - consolidated 2 templates
1446. [[Yamada-Hōma Kofun Cluster]] - consolidated 2 templates
1447. [[Yamadai Shrine]] - consolidated 2 templates
1448. [[Yamaga Lantern Festival]] - consolidated 2 templates
1449. [[Yamaga Onsen]] - consolidated 2 templates
1450. [[Yamagata Gokoku Shrine]] - consolidated 2 templates
1451. [[Yamaguchi Daijingu]] - consolidated 2 templates
1452. [[Yamaguchi Gokoku Shrine]] - consolidated 2 templates
1453. [[Yamahata Cave Tomb Cluster]] - consolidated 2 templates
1454. [[Yamahata Kofun Group]] - consolidated 2 templates
1455. [[Yamahenomiakatano- Shrine]] - consolidated 2 templates
1456. [[Yamakawa Shuppansha]] - consolidated 2 templates
1457. [[Yamamiya Sengen Shrine]] - consolidated 2 templates
1458. [[Yamamiya Shrine]] - consolidated 2 templates
1459. [[Yamamoto Hachimangū]] - consolidated 2 templates
1460. [[Yamamoto Hachimangū (Fujinomiya City)]] - consolidated 2 templates
1461. [[Yamamoto Hachimangū (Yao City)]] - consolidated 2 templates
1462. [[Yamamuro Himezuka Kofun]] - consolidated 2 templates
1463. [[Yamana Shrine Tenno Festival Bugaku]] - consolidated 2 templates
1464. [[Yamanashi District]] - consolidated 2 templates
1465. [[Yamanashi Gokoku Shrine]] - consolidated 2 templates
1466. [[Yamanobe-no-Michi]] - consolidated 2 templates
1467. [[Yamanohane No. 1 Kofun]] - consolidated 2 templates
1468. [[Yamanoue Stele]] - consolidated 2 templates
1469. [[Yamanowino Shrine]] - consolidated 2 templates
1470. [[Yamashina family]] - consolidated 2 templates
1471. [[Yamashina Shrine]] - consolidated 2 templates
1472. [[Yamashiro Town]] - consolidated 2 templates
1473. [[Yamato no Agoko]] - consolidated 2 templates
1474. [[Yamato no Iotari]] - consolidated 2 templates
1475. [[Yamato no Kuni Fudoki]] - consolidated 2 templates
1476. [[Yamato no Kuni no Miyatsuko]] - consolidated 2 templates
1477. [[Yamato no Nagaoka]] - consolidated 2 templates
1478. [[Yamato no Tehiko]] - consolidated 2 templates
1479. [[Yamato Okunitama Shrine, Mima]] - consolidated 3 templates
1480. [[Yamato Onchi Shrine]] - consolidated 2 templates
1481. [[Yamato Tenjin'yama Kofun]] - consolidated 2 templates
1482. [[Yamatohiko]] - consolidated 2 templates
1483. [[Yamatohime no Mikoto Seiki]] - consolidated 2 templates
1484. [[Yamatohime-no-Miya]] - consolidated 2 templates
1485. [[Yamatsuteru Shrine]] - consolidated 2 templates
1486. [[Yamatsuteru Shrine Kofun]] - consolidated 2 templates
1487. [[Yamauchi Shrine]] - consolidated 2 templates
1488. [[Yamaya Taue Odori]] - consolidated 2 templates
1489. [[Yamazue Shrine]] - consolidated 3 templates
1490. [[Yame Kofun Cluster]] - consolidated 2 templates
1491. [[Yanagimoto Kofun Cluster]] - consolidated 2 templates
1492. [[Yanagimoto Ōtsuka Kofun]] - consolidated 2 templates
1493. [[Yanagiwara Naruko]] - consolidated 2 templates
1494. [[Yanaida Nunōyama Kofun]] - consolidated 2 templates
1495. [[Yanaka Seven Lucky Gods]] - consolidated 2 templates
1496. [[Yang Earth Dog]] - consolidated 2 templates
1497. [[Yang Earth Dragon]] - consolidated 2 templates
1498. [[Yang Earth Horse]] - consolidated 2 templates
1499. [[Yang Earth Monkey]] - consolidated 2 templates
1500. [[Yang Earth Rat]] - consolidated 2 templates
1501. [[Yang Earth Tiger]] - consolidated 2 templates
1502. [[Yang Fire Dog]] - consolidated 2 templates
1503. [[Yang Fire Dragon]] - consolidated 2 templates
1504. [[Yang Fire Horse]] - consolidated 2 templates
1505. [[Yang Fire Monkey]] - consolidated 2 templates
1506. [[Yang Fire Rat]] - consolidated 2 templates
1507. [[Yang Fire Tiger]] - consolidated 2 templates
1508. [[Yang Metal Dog]] - consolidated 2 templates
1509. [[Yang Metal Dragon]] - consolidated 2 templates
1510. [[Yang Metal Horse]] - consolidated 2 templates
1511. [[Yang Metal Monkey]] - consolidated 2 templates
1512. [[Yang Metal Rat]] - consolidated 2 templates
1513. [[Yang Metal Tiger]] - consolidated 2 templates
1514. [[Yang Water Dog]] - consolidated 2 templates
1515. [[Yang Water Dragon]] - consolidated 2 templates
1516. [[Yang Water Horse]] - consolidated 2 templates
1517. [[Yang Water Monkey]] - consolidated 2 templates
1518. [[Yang Water Rat]] - consolidated 2 templates
1519. [[Yang Water Tiger]] - consolidated 2 templates
1520. [[Yang Wood Dog]] - consolidated 2 templates
1521. [[Yang Wood Dragon]] - consolidated 2 templates
1522. [[Yang Wood Horse]] - consolidated 2 templates
1523. [[Yang Wood Monkey]] - consolidated 2 templates
1524. [[Yang Wood Rat]] - consolidated 2 templates
1525. [[Yang Wood Tiger]] - consolidated 2 templates
1526. [[Yansanma Festival]] - consolidated 2 templates
1527. [[Yanushi Otake Ogokoro no Mikoto]] - consolidated 2 templates
1528. [[Yao (lines)]] - consolidated 2 templates
1529. [[Yaotome]] - consolidated 2 templates
1530. [[Yaoyorozu no Kami]] - consolidated 2 templates
1531. [[Yasaka Shrine]] - consolidated 2 templates
1532. [[Yasaka Shrine (disambiguation)]] - consolidated 2 templates
1533. [[Yasaka Shrine (Hino City)]] - consolidated 2 templates
1534. [[Yasaka Shrine (Kitakyushu)]] - consolidated 2 templates
1535. [[Yasaka Shrine (Miyama)]] - consolidated 2 templates
1536. [[Yasaka Shrine (Oizumi-cho, Honma District)]] - consolidated 2 templates
1537. [[Yasaka Shrine (Takarazuka City)]] - consolidated 2 templates
1538. [[Yasaka Shrine (Tomozumigo, Shinkamigoto Town)]] - consolidated 2 templates
1539. [[Yasakairi-hime]] - consolidated 2 templates
1540. [[Yasakani no Magatama]] - consolidated 2 templates
1541. [[Yasakatome]] - consolidated 2 templates
1542. [[Yashikigami]] - consolidated 2 templates
1543. [[Yashima Mausoleum]] - consolidated 2 templates
1544. [[Yashimajinumi]] - consolidated 2 templates
1545. [[Yashimamuji]] - consolidated 2 templates
1546. [[Yashiro Ōtoshi Shrine]] - consolidated 2 templates
1547. [[Yashirogi Shrine]] - consolidated 2 templates
1548. [[Yasogami]] - consolidated 2 templates
1549. [[Yasojima Festival]] - consolidated 2 templates
1550. [[Yasotakeru]] - consolidated 2 templates
1551. [[Yasu no Kuni no Miyatsuko]] - consolidated 2 templates
1552. [[Yata ni Imasu Kushitamahiko Shrine]] - consolidated 2 templates
1553. [[Yata no Kagami]] - consolidated 2 templates
1554. [[Yata Ōtsuka Kofun]] - consolidated 2 templates
1555. [[Yato-no-kami]] - consolidated 2 templates
1556. [[Yatsugatake Mountains]] - consolidated 2 templates
1557. [[Yatsuki- Shrine]] - consolidated 2 templates
1558. [[Yatsurugi Shrine]] - consolidated 2 templates
1559. [[Yatsurugi Shrine (disambiguation)]] - consolidated 2 templates
1560. [[Yatsurugi Shrine (Suwa City, Kowata)]] - consolidated 2 templates
1561. [[Yatsushiro Shrine]] - consolidated 2 templates
1562. [[Yatsushiro-gū]] - consolidated 2 templates
1563. [[Yatōjiyama Kofun]] - consolidated 2 templates
1564. [[Yawata Hachimangū]] - consolidated 2 templates
1565. [[Yawata Steel Works]] - consolidated 2 templates
1566. [[Yayoi mounded tombs]] - consolidated 2 templates
1567. [[Yazuka-Otoko-no-Mikoto]] - consolidated 2 templates
1568. [[Yi Xing]] - consolidated 2 templates
1569. [[Yin Earth Goat]] - consolidated 2 templates
1570. [[Yin Earth Ox]] - consolidated 2 templates
1571. [[Yin Earth Pig]] - consolidated 2 templates
1572. [[Yin Earth Rabbit]] - consolidated 2 templates
1573. [[Yin Earth Rooster]] - consolidated 2 templates
1574. [[Yin Earth Snake]] - consolidated 2 templates
1575. [[Yin Fire Goat]] - consolidated 2 templates
1576. [[Yin Fire Ox]] - consolidated 2 templates
1577. [[Yin Fire Pig]] - consolidated 2 templates
1578. [[Yin Fire Rabbit]] - consolidated 2 templates
1579. [[Yin Fire Rooster]] - consolidated 2 templates
1580. [[Yin Fire Snake]] - consolidated 2 templates
1581. [[Yin Metal Goat]] - consolidated 2 templates
1582. [[Yin Metal Ox]] - consolidated 2 templates
1583. [[Yin Metal Pig]] - consolidated 2 templates
1584. [[Yin Metal Rabbit]] - consolidated 2 templates
1585. [[Yin Metal Rooster]] - consolidated 2 templates
1586. [[Yin Metal Snake]] - consolidated 2 templates
1587. [[Yin Shun]] - consolidated 2 templates
1588. [[Yin Water Goat]] - consolidated 2 templates
1589. [[Yin Water Ox]] - consolidated 2 templates
1590. [[Yin Water Pig]] - consolidated 2 templates
1591. [[Yin Water Rabbit]] - consolidated 2 templates
1592. [[Yin Water Rooster]] - consolidated 2 templates
1593. [[Yin Water Snake]] - consolidated 2 templates
1594. [[Yin Wood Goat]] - consolidated 2 templates
1595. [[Yin Wood Ox]] - consolidated 2 templates
1596. [[Yin Wood Pig]] - consolidated 2 templates
1597. [[Yin Wood Rabbit]] - consolidated 2 templates
1598. [[Yin Wood Rooster]] - consolidated 2 templates
1599. [[Yin Wood Snake]] - consolidated 2 templates
1600. [[Yin-Yang and Wuxing Theory]] - consolidated 2 templates
1601. [[Yin-Yang Bureau]] - consolidated 2 templates
1602. [[Yo-ori]] - consolidated 2 templates
1603. [[Yobito Shrine]] - consolidated 2 templates
1604. [[Yodo Shrine]] - consolidated 2 templates
1605. [[Yohara Shrine]] - consolidated 3 templates
1606. [[Yohashira Shrine]] - consolidated 2 templates
1607. [[Yoki Tenman Shrine]] - consolidated 2 templates
1608. [[Yokkaichi Cave Tomb Cluster]] - consolidated 2 templates
1609. [[Yokohama City Registered Cultural Property]] - consolidated 2 templates
1610. [[Yokose Kofun]] - consolidated 2 templates
1611. [[Yokotashimo Kofun]] - consolidated 2 templates
1612. [[Yokotsuka Kofun]] - consolidated 2 templates
1613. [[Yokotsukayama Kofun]] - consolidated 2 templates
1614. [[Yomochi and Ukishima Shrines]] - consolidated 2 templates
1615. [[Yoritsune Tanaka]] - consolidated 2 templates
1616. [[YOSAKOI Festival]] - consolidated 2 templates
1617. [[Yoshi no Ike Onsen]] - consolidated 2 templates
1618. [[Yoshida Fire Festival]] - consolidated 2 templates
1619. [[Yoshida Kanetomo]] - consolidated 2 templates
1620. [[Yoshida Kofun]] - consolidated 2 templates
1621. [[Yoshida Onsen Shrine Kofun]] - consolidated 2 templates
1622. [[Yoshida Seven Lucky Gods]] - consolidated 2 templates
1623. [[Yoshida Shrine (Toyohashi)]] - consolidated 2 templates
1624. [[Yoshida Udon]] - consolidated 2 templates
1625. [[Yoshii Onsen (Fukuoka)]] - consolidated 2 templates
1626. [[Yoshimasa]] - consolidated 2 templates
1627. [[Yoshitsune Shrine]] - consolidated 2 templates
1628. [[Yoshiwara Gion festival]] - consolidated 2 templates
1629. [[Yoshiwara red-light district]] - consolidated 2 templates
1630. [[Yoshuku]] - consolidated 2 templates
1631. [[Yotsuzuka Kofun Cluster]] - consolidated 2 templates
1632. [[Yu Shrine]] - consolidated 3 templates
1633. [[Yuda Onsen]] - consolidated 2 templates
1634. [[Yuga Daigongen]] - consolidated 2 templates
1635. [[Yuga Daigongen (disambiguation)]] - consolidated 2 templates
1636. [[Yuga Mountain]] - consolidated 2 templates
1637. [[Yuga Shrine]] - consolidated 2 templates
1638. [[Yuga Shrine (disambiguation)]] - consolidated 2 templates
1639. [[Yuga Shrine (Nara)]] - consolidated 2 templates
1640. [[Yugasan Rendaiji]] - consolidated 3 templates
1641. [[Yugawa River]] - consolidated 2 templates
1642. [[Yuge clan]] - consolidated 2 templates
1643. [[Yuge no Koreo]] - consolidated 2 templates
1644. [[Yukeno Shrine]] - consolidated 2 templates
1645. [[Yuki Shrine (Kyoto)]] - consolidated 2 templates
1646. [[Yuki-no-Mikura]] - consolidated 2 templates
1647. [[Yukinoyama Kofun]] - consolidated 2 templates
1648. [[Yunomine Ōji Shrine]] - consolidated 2 templates
1649. [[Yurahime Shrine]] - consolidated 2 templates
1650. [[Yushima Tenmangū]] - consolidated 2 templates
1651. [[Yusuhara Hachimangū]] - consolidated 2 templates
1652. [[Yuta (shaman)]] - consolidated 2 templates
1653. [[Yuta Shrine]] - consolidated 3 templates
1654. [[Yutani Shrine]] - consolidated 2 templates
1655. [[Yutani Shrine (Maibara)]] - consolidated 2 templates
1656. [[Yutokunin]] - consolidated 2 templates
1657. [[Yuzu Nembutsu]] - consolidated 2 templates
1658. [[Yōkokuji Valley Cave Tomb Cluster]] - consolidated 2 templates
1659. [[Yōrō River]] - consolidated 2 templates
1660. [[Yūkaku]] - consolidated 2 templates
1661. [[Yūki Shrine]] - consolidated 2 templates
1662. [[Yūsoku Kojitsu]] - consolidated 2 templates
1663. [[Yūtoku Inari Shrine]] - consolidated 2 templates
1664. [[Zama Shrine (Daito City)]] - consolidated 2 templates
1665. [[Zaō Gongen]] - consolidated 2 templates
1666. [[Zenkoji Kaido]] - consolidated 2 templates
1667. [[Zenpō-kōhō-fun]] - consolidated 2 templates
1668. [[Zenshū Shrine]] - consolidated 2 templates
1669. [[Zenzōzuka Kofun]] - consolidated 2 templates
1670. [[Zhengyue]] - consolidated 2 templates
1671. [[Zhèn (Bagua)]] - consolidated 2 templates
1672. [[Zoi]] - consolidated 2 templates
1673. [[Zushi]] - consolidated 2 templates
1674. [[Ārīugan]] - consolidated 2 templates
1675. [[Ōagata Shrine]] - consolidated 2 templates
1676. [[Ōbanjin]] - consolidated 2 templates
1677. [[Ōbashi no Mikoto]] - consolidated 2 templates
1678. [[Ōbosan Kofun]] - consolidated 2 templates
1679. [[Ōdan]] - consolidated 2 templates
1680. [[Ōe clan]] - consolidated 2 templates
1681. [[Ōharae no Kotoba]] - consolidated 2 templates
1682. [[Ōharae-shiki]] - consolidated 2 templates
1683. [[Ōhesoki]] - consolidated 2 templates
1684. [[Ōhiko-no-Mikoto]] - consolidated 2 templates
1685. [[Ōi Castle]] - consolidated 2 templates
1686. [[Ōi clan]] - consolidated 2 templates
1687. [[Ōita Gokoku Shrine]] - consolidated 2 templates
1688. [[Ōiwayama]] - consolidated 2 templates
1689. [[Ōji Shrine]] - consolidated 2 templates
1690. [[Ōji Shrine (disambiguation)]] - consolidated 2 templates
1691. [[Ōji Shrine (Tokushima City)]] - consolidated 2 templates
1692. [[Ōji-no-Kami]] - consolidated 2 templates
1693. [[Ōji-zuka Kofun (Fujioka)]] - consolidated 2 templates
1694. [[Ōjiyama Kofun]] - consolidated 2 templates
1695. [[Ōjizuka Kofun (Fujioka)]] - consolidated 2 templates
1696. [[Ōko No. 8 Kofun]] - consolidated 2 templates
1697. [[Ōkuchi no Magami]] - consolidated 2 templates
1698. [[Ōkume no Mikoto]] - consolidated 2 templates
1699. [[Ōkuninushi]] - consolidated 2 templates
1700. [[Ōkunitama Shrine]] - consolidated 2 templates
1701. [[Ōkunitama Shrine (disambiguation)]] - consolidated 2 templates
1702. [[Ōmaruyama Kofun]] - consolidated 2 templates
1703. [[Ōmi Kunitama Shrine]] - consolidated 2 templates
1704. [[Ōmi no Kuni Fudoki]] - consolidated 2 templates
1705. [[Ōmi Ōtsu Palace]] - consolidated 2 templates
1706. [[Ōmika Shrine]] - consolidated 2 templates
1707. [[Ōmiwa Shrine (disambiguation)]] - consolidated 2 templates
1708. [[Ōmiwa Shrine (Shimotsuke)]] - consolidated 2 templates
1709. [[Ōmiya Hachiman Shrine (Hyōgo)]] - consolidated 2 templates
1710. [[Ōmiya Shrine]] - consolidated 2 templates
1711. [[Ōmiya-no-Me]] - consolidated 2 templates
1712. [[Ōmizu Shrine]] - consolidated 3 templates
1713. [[Ōmizu Shrine (disambiguation)]] - consolidated 2 templates
1714. [[Ōmonoimi no Kami]] - consolidated 2 templates
1715. [[Ōmononushi]] - consolidated 2 templates
1716. [[Ōmori Beach]] - consolidated 2 templates
1717. [[Ōmoto Kofun]] - consolidated 2 templates
1718. [[Ōmura Cave Tomb Cluster]] - consolidated 2 templates
1719. [[Ōmuro Kofun Cluster]] - consolidated 2 templates
1720. [[Ōmuro Kofun group]] - consolidated 2 templates
1721. [[Ōmuro Kofun Group (Maebashi)]] - consolidated 2 templates
1722. [[Ōmuroyama Sengen Shrine]] - consolidated 2 templates
1723. [[Ōmushi Shrine (Yosano Town)]] - consolidated 2 templates
1724. [[Ōnakatomi clan]] - consolidated 2 templates
1725. [[Ōnaobi no Kami]] - consolidated 2 templates
1726. [[Ōni robe]] - consolidated 2 templates
1727. [[Ōnishi Kakuyō]] - consolidated 2 templates
1728. [[Ōnishi Yoritake]] - consolidated 2 templates
1729. [[Ōno clan]] - consolidated 2 templates
1730. [[Ōno Clan (Bungo Province)]] - consolidated 2 templates
1731. [[Ōno Clan (Higo Province)]] - consolidated 2 templates
1732. [[Ōno-no-Iwa Kofun]] - consolidated 2 templates
1733. [[Ōnodai Dolmen Cluster]] - consolidated 2 templates
1734. [[Ōnohara Kofun cluster]] - consolidated 2 templates
1735. [[Ōnotehime-no-Kami]] - consolidated 2 templates
1736. [[Ōsaki Hachimangū]] - consolidated 2 templates
1737. [[Ōsasahara Shrine]] - consolidated 2 templates
1738. [[Ōsayama Shiratsuka Kofun]] - consolidated 2 templates
1739. [[Ōshima]] - consolidated 2 templates
1740. [[Ōshima (Fukuoka)]] - consolidated 2 templates
1741. [[Ōta Chausuyama Kofun]] - consolidated 2 templates
1742. [[Ōta Shrine (Setana)]] - consolidated 2 templates
1743. [[Ōta Tenjinyama Kofun]] - consolidated 2 templates
1744. [[Ōta-no-Mikoto]] - consolidated 2 templates
1745. [[Ōtaki Ontake Shrine]] - consolidated 2 templates
1746. [[Ōtaki Shrine]] - consolidated 2 templates
1747. [[Ōtaniyama Tomb No. 22]] - consolidated 2 templates
1748. [[Ōtataneko]] - consolidated 2 templates
1749. [[Ōtomo clan (ancient)]] - consolidated 2 templates
1750. [[Ōtomo Muroya]] - consolidated 2 templates
1751. [[Ōtomo no Fukei]] - consolidated 2 templates
1752. [[Ōtomo no Inamaro]] - consolidated 2 templates
1753. [[Ōtomo no Kanamura]] - consolidated 2 templates
1754. [[Ōtomo no Sukinamaro]] - consolidated 2 templates
1755. [[Ōtomo no Tabito]] - consolidated 2 templates
1756. [[Ōtomo Shrine (Saku)]] - consolidated 2 templates
1757. [[Ōtomo Shrine (Saku, Mochizuki)]] - consolidated 2 templates
1758. [[Ōtori Shrine]] - consolidated 2 templates
1759. [[Ōtori Shrine (Adachi Ward)]] - consolidated 2 templates
1760. [[Ōtori Shrine (Sakae)]] - consolidated 2 templates
1761. [[Ōtori Shrine (Taito Ward)]] - consolidated 2 templates
1762. [[Ōtori taisha]] - consolidated 2 templates
1763. [[Ōtorii Ōji Shrine]] - consolidated 2 templates
1764. [[Ōtoshi Shrine (Kinokawa, Momoyama-chō)]] - consolidated 2 templates
1765. [[Ōtoshi Shrine (Shimonoseki)]] - consolidated 2 templates
1766. [[Ōtoshi Shrine (Ōharano-haigata-chō, Kyoto)]] - consolidated 2 templates
1767. [[Ōtoshi Shrines]] - consolidated 2 templates
1768. [[Ōtsu Shrine]] - consolidated 2 templates
1769. [[Ōtsu Shrine (Habikino)]] - consolidated 3 templates
1770. [[Ōtsu Shrine (Hida)]] - consolidated 5 templates
1771. [[Ōtsu Shrine (Ise)]] - consolidated 2 templates
1772. [[Ōtsuka Kofun (disambiguation)]] - consolidated 2 templates
1773. [[Ōtsuka Kofun (Kawajima)]] - consolidated 2 templates
1774. [[Ōtsuka Kofun (Sukagawa)]] - consolidated 2 templates
1775. [[Ōtsuka Kofun Cluster (disambiguation)]] - consolidated 2 templates
1776. [[Ōtsuka Kofun Cluster (Ichikawa Misato Town)]] - consolidated 2 templates
1777. [[Ōtsukayama Kofun]] - consolidated 2 templates
1778. [[Ōtsurumaki Kofun]] - consolidated 2 templates
1779. [[Ōtsutsumi Gongenzuka Kofun]] - consolidated 2 templates
1780. [[Ōusu-no-Mikoto]] - consolidated 2 templates
1781. [[Ōwakako no Mikoto]] - consolidated 2 templates
1782. [[Ōya-Sada Kofun Cluster]] - consolidated 2 templates
1783. [[Ōyama Afuri Shrine]] - consolidated 2 templates
1784. [[Ōyamadera]] - consolidated 2 templates
1785. [[Ōyamato Kofun Cluster]] - consolidated 2 templates
1786. [[Ōyamato Shrine]] - consolidated 2 templates
1787. [[Ōyamatsumi]] - consolidated 2 templates
1788. [[Ōyamatsumi Shrine (Niihama)]] - consolidated 2 templates
1789. [[Ōyamazumi Shrine]] - consolidated 3 templates
1790. [[Ōyamazumi Shrine (disambiguation)]] - consolidated 2 templates
1791. [[Ōyamazumi Shrine (Imazatogō)]] - consolidated 2 templates
1792. [[Ōyamazumi Shrine (Ise)]] - consolidated 2 templates
1793. [[Ōyamazumi Shrine (Michidoi, Shinkamigoto)]] - consolidated 2 templates
1794. [[Ōyamazumi Shrine (Nantan)]] - consolidated 2 templates
1795. [[Ōyamazumi Shrine (Nishi no Tani)]] - consolidated 2 templates
1796. [[Ōyamazumi Shrine (Saikai)]] - consolidated 2 templates
1797. [[Ōyasuba Kofun group]] - consolidated 2 templates
1798. [[Ōzan Kofun Cluster]] - consolidated 2 templates
1799. [[Ōzuka Kofun]] - consolidated 2 templates
1800. [[Ōzuka Kofun (Chūō City)]] - consolidated 2 templates
1801. [[Ōzuka Kofun (Suzuka)]] - consolidated 2 templates
1802. [[Ōzuka Kofun (Toyama)]] - consolidated 2 templates

=== SUMMARY ===
Fixed: 1802
Skipped: 0
Failed: 0
Total processed: 1802
