Logged in as Immanuelle
Starting deletion at 2025-11-08 20:56:28

Fetching all pages in [[Category:Pages to be overwritten]]...
Found 132 pages to delete

1. [[2019 Japanese Imperial transition]]
   ✓ deleted successfully
2. [[2023 Religious Statistics]]
   ✓ deleted successfully
3. [[Ame-no-Nuboko]]
   ✓ deleted successfully
4. [[Aquarius 1]]
   ✓ deleted successfully
5. [[Aquarius 10]]
   ✓ deleted successfully
6. [[Aquarius 11]]
   ✓ deleted successfully
7. [[Aquarius 12]]
   ✓ deleted successfully
8. [[Aquarius 13]]
   ✓ deleted successfully
9. [[Aquarius 14]]
   ✓ deleted successfully
10. [[Aquarius 15]]
   ✓ deleted successfully
11. [[Aquarius 17]]
   ✓ deleted successfully
12. [[Aquarius 18]]
   ✓ deleted successfully
13. [[Aquarius 19]]
   ✓ deleted successfully
14. [[Aquarius 2]]
   ✓ deleted successfully
15. [[Aquarius 20]]
   ✓ deleted successfully
16. [[Aquarius 21]]
   ✓ deleted successfully
17. [[Aquarius 22]]
   ✓ deleted successfully
18. [[Aquarius 23]]
   ✓ deleted successfully
19. [[Aquarius 24]]
   ✓ deleted successfully
20. [[Aquarius 25]]
   ✓ deleted successfully
21. [[Aquarius 26]]
   ✓ deleted successfully
22. [[Aquarius 27]]
   ✓ deleted successfully
23. [[Aquarius 3]]
   ✓ deleted successfully
24. [[Aquarius 5]]
   ✓ deleted successfully
25. [[Aquarius 6]]
   ✓ deleted successfully
26. [[Aquarius 7]]
   ✓ deleted successfully
27. [[Aquarius 8]]
   ✓ deleted successfully
28. [[Aquarius 9]]
   ✓ deleted successfully
29. [[Awk]]
   ✓ deleted successfully
30. [[Bamboo art]]
   ✓ deleted successfully
31. [[Beppyo Shrine]]
   ✓ deleted successfully
32. [[Bodhinyana Monastery]]
   ✓ deleted successfully
33. [[Bombing of Hiroshima]]
   ✓ deleted successfully
34. [[Bow (ship)]]
   ✓ deleted successfully
35. [[Breadcrumb navigation]]
   ✓ deleted successfully
36. [[British Commonwealth]]
   ✓ deleted successfully
37. [[Cat]]
   ✓ deleted successfully
38. [[Cut]]
   ✓ deleted successfully
39. [[Delmer Brown]]
   ✓ deleted successfully
40. [[Diff]]
   ✓ deleted successfully
41. [[Economy of Ukraine]]
   ✓ deleted successfully
42. [[Evolutionism Wiki]]
   ✓ deleted successfully
43. [[Nikolai Fedorov]]
   ✓ deleted successfully
44. [[P]]
44. [[P]] – ERROR: ('bigdelete', 'This page has a large edit history, over 1,000 revisions. Deletion of such pages has been restricted to prevent accidental disruption of Shinto Wiki.', 'See https://shinto.miraheze.org/w/api.php for API usage. Subscribe to the mediawiki-api-announce mailing list at &lt;https://lists.wikimedia.org/postorius/lists/mediawiki-api-announce.lists.wikimedia.org/&gt; for notice of API deprecations and breaking changes.')
45. [[Pages to be revived]]
   ✓ deleted successfully
46. [[Pisces 1]]
   ✓ deleted successfully
47. [[Pisces 10]]
   ✓ deleted successfully
48. [[Pisces 11]]
   ✓ deleted successfully
49. [[Pisces 13]]
   ✓ deleted successfully
50. [[Pisces 14]]
   ✓ deleted successfully
51. [[Pisces 15]]
   ✓ deleted successfully
52. [[Pisces 16]]
   ✓ deleted successfully
53. [[Pisces 17]]
   ✓ deleted successfully
54. [[Pisces 18]]
   ✓ deleted successfully
55. [[Pisces 19]]
   ✓ deleted successfully
56. [[Pisces 2]]
   ✓ deleted successfully
57. [[Pisces 20]]
   ✓ deleted successfully
58. [[Pisces 21]]
   ✓ deleted successfully
59. [[Pisces 22]]
   ✓ deleted successfully
60. [[Pisces 23]]
   ✓ deleted successfully
61. [[Pisces 24]]
   ✓ deleted successfully
62. [[Pisces 25]]
   ✓ deleted successfully
63. [[Pisces 26]]
   ✓ deleted successfully
64. [[Pisces 27]]
   ✓ deleted successfully
65. [[Pisces 28]]
   ✓ deleted successfully
66. [[Pisces 3]]
   ✓ deleted successfully
67. [[Pisces 4]]
   ✓ deleted successfully
68. [[Pisces 5]]
   ✓ deleted successfully
69. [[Pisces 6]]
   ✓ deleted successfully
70. [[Pisces 7]]
   ✓ deleted successfully
71. [[Pisces 8]]
   ✓ deleted successfully
72. [[Pisces 9]]
   ✓ deleted successfully
73. [[Sado Island]]
   ✓ deleted successfully
74. [[Sagittarius 10]]
   ✓ deleted successfully
75. [[Sagittarius 11]]
   ✓ deleted successfully
76. [[Sagittarius 12]]
   ✓ deleted successfully
77. [[Sagittarius 13]]
   ✓ deleted successfully
78. [[Sagittarius 14]]
   ✓ deleted successfully
79. [[Sagittarius 15]]
   ✓ deleted successfully
80. [[Sagittarius 16]]
   ✓ deleted successfully
81. [[Sagittarius 17]]
   ✓ deleted successfully
82. [[Sagittarius 18]]
   ✓ deleted successfully
83. [[Sagittarius 19]]
   ✓ deleted successfully
84. [[Sagittarius 2]]
   ✓ deleted successfully
85. [[Sagittarius 20]]
   ✓ deleted successfully
86. [[Sagittarius 22]]
   ✓ deleted successfully
87. [[Sagittarius 23]]
   ✓ deleted successfully
88. [[Sagittarius 24]]
   ✓ deleted successfully
89. [[Sagittarius 25]]
   ✓ deleted successfully
90. [[Sagittarius 26]]
   ✓ deleted successfully
91. [[Sagittarius 27]]
   ✓ deleted successfully
92. [[Sagittarius 28]]
   ✓ deleted successfully
93. [[Sagittarius 3]]
   ✓ deleted successfully
94. [[Sagittarius 4]]
   ✓ deleted successfully
95. [[Sagittarius 5]]
   ✓ deleted successfully
96. [[Sagittarius 6]]
   ✓ deleted successfully
97. [[Sagittarius 7]]
   ✓ deleted successfully
98. [[Sagittarius 8]]
   ✓ deleted successfully
99. [[Sagittarius 9]]
   ✓ deleted successfully
100. [[Sort]]
   ✓ deleted successfully
101. [[The Sovereignty of Good]]
   ✓ deleted successfully
102. [[Subterranean Animism]]
   ✓ deleted successfully
103. [[T]]
103. [[T]] – ERROR: ('bigdelete', 'This page has a large edit history, over 1,000 revisions. Deletion of such pages has been restricted to prevent accidental disruption of Shinto Wiki.', 'See https://shinto.miraheze.org/w/api.php for API usage. Subscribe to the mediawiki-api-announce mailing list at &lt;https://lists.wikimedia.org/postorius/lists/mediawiki-api-announce.lists.wikimedia.org/&gt; for notice of API deprecations and breaking changes.')
104. [[Taurus 1]]
   ✓ deleted successfully
105. [[Taurus 10]]
   ✓ deleted successfully
106. [[Taurus 11]]
   ✓ deleted successfully
107. [[Taurus 12]]
   ✓ deleted successfully
108. [[Taurus 13]]
   ✓ deleted successfully
109. [[Taurus 14]]
   ✓ deleted successfully
110. [[Taurus 15]]
   ✓ deleted successfully
111. [[Taurus 16]]
   ✓ deleted successfully
112. [[Taurus 17]]
   ✓ deleted successfully
113. [[Taurus 19]]
   ✓ deleted successfully
114. [[Taurus 2]]
   ✓ deleted successfully
115. [[Taurus 20]]
   ✓ deleted successfully
116. [[Taurus 21]]
   ✓ deleted successfully
117. [[Taurus 22]]
   ✓ deleted successfully
118. [[Taurus 23]]
   ✓ deleted successfully
119. [[Taurus 24]]
   ✓ deleted successfully
120. [[Taurus 25]]
   ✓ deleted successfully
121. [[Taurus 26]]
   ✓ deleted successfully
122. [[Taurus 27]]
   ✓ deleted successfully
123. [[Taurus 28]]
   ✓ deleted successfully
124. [[Taurus 3]]
   ✓ deleted successfully
125. [[Taurus 4]]
   ✓ deleted successfully
126. [[Taurus 5]]
   ✓ deleted successfully
127. [[Taurus 7]]
   ✓ deleted successfully
128. [[Taurus 8]]
   ✓ deleted successfully
129. [[Taurus 9]]
   ✓ deleted successfully
130. [[Tr]]
   ✓ deleted successfully
131. [[Unification Church]]
   ✓ deleted successfully
132. [[Wikibase]]
   ✓ deleted successfully

Done! Deleted 130 pages.
