Fetching pages from Category:Pages to be deleted...
  Found: Festival
  Found: Japanese administrative system
  Found: ウワナベ古墳
  Found: ヒシアゲ古墳
  Found: ヒメヒコ制
  Found: ヒロ大神宮
  Found: 丁卯
  Found: Jawiki resolution:三ツ塚古墳
  Found: 三島・大山祇信仰
  Found: 三島神社
  Found: 三韓征伐
  Found: Jawiki resolution:上野王子 (大阪市)
  Found: Jawiki resolution:中右記
  Found: 中学校令
  Found: 久本古墳
  Found: Jawiki resolution:久津川車塚古墳
  Found: 久米御縣神社
  Found: Jawiki resolution:久米氏
  Found: 乎加神社
  Found: 乎彌神社
  Found: 乙丑
  Found: 九十九王子 (日高町)
  Found: 予祝芸能
  Found: 事代主
  Found: 今井氏
  Found: 仙台市教育委員会
  Found: 伊勢国造
  Found: 伊射奈岐神社 (天理市)
  Found: 休日
  Found: 休日ニ関スル件
  Found: 会津比売神
  Found: 位階
  Found: 住吉大社
  Found: 佐久奈度神社
  Found: 佐良志奈神社
  Found: Jawiki resolution:修羅 (そり)
  Found: 倒幕運動
  Found: 倭文神社 (与謝野町)
  Found: 健御名方富命彦神別神社
  Found: 健御名方富命彦神別神社 (長野市箱清水)
  Found: 儒学者
  Found: 元伊勢
  Found: 八咫鏡
  Found: 八縣宿禰神
  Found: 八色の姓
  Found: 六郷神社
  Found: 兵主大社
  Found: 兵主神社 (岸和田市)
  Found: Jawiki resolution:冠位二十六階
  Found: 冠位十二階
  Found: 出早雄命
  Found: 出雲乃伊波比神社 (寄居町)
  Found: 出雲祝神社
  Found: Jawiki resolution:切目王子
  Found: 判事
  Found: 加茂神社
  Found: 勅願寺
  Found: 十市郡
  Found: 半家 (公家)
  Found: 卜部氏
  Found: 吉原遊廓
  Found: Jawiki resolution:吉志舞
  Found: 名草神社
  Found: 味鋺神社
  Found: 品部
  Found: 四條畷神社
  Found: 国津御祖神社
  Found: 国造
  Found: 園比屋武御嶽
  Found: Jawiki resolution:土御門家
  Found: 坂手神社
  Found: 坂田神明宮
  Found: 城崎温泉
  Found: 城輪神社
  Found: 場所請負制
  Found: 夜疑神社
  Found: 大井氏
  Found: 大仙公園
  Found: 大仙陵古墳
  Found: 大伴神社 (佐久市望月)
  Found: 大和大国魂神社
  Found: 大宮売神社
  Found: Jawiki resolution:大山上
  Found: 大山祇神社
  Found: 大山祇神社 (曖昧さ回避)
  Found: Jawiki resolution:大彦命
  Found: 大江氏
  Found: 大縣神社
  Found: 大膳職
  Found: 大若子命
  Found: 天孫族
  Found: Jawiki resolution:天押雲根命
  Found: 天文方
  Found: 天河大弁財天社
  Found: 天皇神社
  Found: 天種子命
  Found: 太政官布告・太政官達
  Found: 太鼓台
  Found: 奈具神社
  Found: 奈良豆比古神社
  Found: 妙見山 (大阪府・兵庫県)
  Found: 妻科神社
  Found: 学制
  Found: 学校令
  Found: 守達神
  Found: Jawiki resolution:安倍泰長
  Found: 宗像神社
  Found: 宗像神社 (桜井市)
  Found: 宗神社
  Found: Jawiki resolution:宝賀寿男
  Found: 家学
  Found: 宿曜道
  Found: 寺社
  Found: Jawiki resolution:小出氏
  Found: 小学校令
  Found: 小虫神社
  Found: 小野氏 (社家)
  Found: Jawiki resolution:小錦中
  Found: 少彦名神社 (大洲市)
  Found: 屋敷神
  Found: 山津照神社
  Found: 山辺の道
  Found: Jawiki resolution:岡古墳
  Found: 巡礼
  Found: 市杵島神社
  Found: 布忍富鳥鳴海神
  Found: 帝国大学令
  Found: 師範学校令
  Found: 幡日佐神社
  Found: 平群坐紀氏神社
  Found: 平群神社
  Found: 年中祭日祝日ノ休暇日ヲ定ム
  Found: 年中行事
  Found: 庚申信仰
  Found: 延喜式神名帳
  Found: 式内社
  Found: 弥生墳丘墓
  Found: 従一位
  Found: 従七位
  Found: 従三位
  Found: 従五位
  Found: 従四位
  Found: 御嶽 (沖縄)
  Found: 徳山大神宮
  Found: 息長氏
  Found: 意賀美神社 (岸和田市)
  Found: 愛宕神社 (亀岡市)
  Found: 戸祭山
  Found: 教育令
  Found: 文化財保護法
  Found: Jawiki resolution:日本歴史地名大系
  Found: 日部神社
  Found: 旧暦
  Found: Jawiki resolution:明月記
  Found: 春日大社
  Found: 有職故実
  Found: 末期古墳
  Found: 本朝皇胤紹運録
  Found: 杉山神社 (横浜市緑区西八朔町)
  Found: 村国氏
  Found: 森浩一
  Found: 榎本神社
  Found: 橋姫神社
  Found: 歌人
  Found: 正二位
  Found: 正五位
  Found: 正八位
  Found: 正四位
  Found: 武家
  Found: 武水別神社
  Found: 比沼麻奈為神社
  Found: 氏姓制度
  Found: 氷上姉子神社
  Found: 江島神社
  Found: 江神社
  Found: 河原神社 (伊勢市)
  Found: 泉井上神社
  Found: Jawiki resolution:津守王子
  Found: 津島神社
  Found: 海神社
  Found: 淡島神
  Found: 淡海國玉神社
  Found: 添御県坐神社 (奈良市三碓町)
  Found: 渭伊神社
  Found: Jawiki resolution:滝尻王子
  Found: 滝祭神
  Found: 漢國神社
  Found: 瀧原宮
  Found: 瀬織津姫
  Found: 熊野本宮大社
  Found: Jawiki resolution:熊野権現
  Found: 熊野速玉大社
  Found: 片山八幡社
  Found: 狭山神社
  Found: 狭田国生神社
  Found: 玉串川
  Found: 玉垣
  Found: 畝尾坐健土安神社
  Found: Jawiki resolution:発心門王子
  Found: 白山信仰
  Found: 白鬚神社
  Found: 百舌鳥・古市古墳群
  Found: 相嘗祭
  Found: 真言宗善通寺派
  Found: 真言宗御室派
  Found: 石園座多久虫玉神社
  Found: 石津太神社
  Found: 石部神社 (豊岡市)
  Found: 磐井 (古代豪族)
  Found: 磐船大神社
  Found: 磐船神社
  Found: 祝祭日
  Found: 神仏霊場巡拝の道
  Found: 神別
  Found: 神前神社 (伊勢市)
  Found: 神谷太刀宮神社
  Found: 祭神
  Found: 福島わらじまつり
  Found: 積川神社
  Found: 穴師坐兵主神社
  Found: 窯業
  Found: 竹野神社
  Found: 笹塚古墳 (壱岐市)
  Found: 等乃伎神社
  Found: 紀伊国造
  Found: 紀伊続風土記
  Found: 美具久留御魂神社
  Found: 美呂浪神
  Found: 羽黒権現
  Found: 羽黒神社
  Found: 臣籍降下
  Found: 若宮
  Found: 若宮神社
  Found: 葛木水分神社
  Found: 蕨手刀
  Found: 藤原四兄弟
  Found: Jawiki resolution:藤白神社
  Found: 虎柏神社
  Found: Jawiki resolution:西墓山古墳
  Found: 西角井正慶
  Found: 親王
  Found: 記録作成等の措置を講ずべき無形の民俗文化財
  Found: 誉田御廟山古墳
  Found: 諏訪地域
  Found: 諸蕃
  Found: 豊城入彦命
  Found: 貴禰谷神社
  Found: 賀茂神社
  Found: 贈位
  Found: Jawiki resolution:足立山
  Found: Jawiki resolution:辛国神社
  Found: 都久夫須麻神社
  Found: 都祁山口神社 (天理市)
  Found: 都祁山口神社 (奈良市)
  Found: 都祁水分神社
  Found: 酒見神社
  Found: 金刀比羅宮
  Found: 金鑚神社
  Found: 長持形石棺
  Found: 長白羽神
  Found: Jawiki resolution:長秋記
  Found: 門前町
  Found: 間部氏
  Found: 阿伎留神社
  Found: Jawiki resolution:阿倍王子神社
  Found: 阿志都彌神社
  Found: Jawiki resolution:阿智神社 (倉敷市)
  Found: 阿紀神社
  Found: 陵墓参考地
  Found: 雷神社 (豊岡市)
  Found: 雷電神社
  Found: 青侍
  Found: 須々岐水神社 (松本市)
  Found: 風流踊
  Found: 風間神社
  Found: 飛鳥
  Found: 飛鳥坐神社
  Found: 飯名神社
  Found: 香取神宮
  Found: 香取神社
  Found: 香椎宮
  Found: 駅館川
  Found: 高座結御子神社
  Found: 鴨下神社
  Found: 鴨神社
  Found: 鴨都波神社
  Found: 鹿苑神社
  Found: 麻織物
  Found: 龍田神社

Total pages to delete: 289

Deleting: Festival
  ✓ Deleted (1/289)

Deleting: Japanese administrative system
  ✓ Deleted (2/289)

Deleting: ウワナベ古墳
  ✓ Deleted (3/289)

Deleting: ヒシアゲ古墳
  ✓ Deleted (4/289)

Deleting: ヒメヒコ制
  ✓ Deleted (5/289)

Deleting: ヒロ大神宮
  ✓ Deleted (6/289)

Deleting: 丁卯
  ✓ Deleted (7/289)

Deleting: Jawiki resolution:三ツ塚古墳
  ✓ Deleted (8/289)

Deleting: 三島・大山祇信仰
  ✓ Deleted (9/289)

Deleting: 三島神社
  ✓ Deleted (10/289)

Deleting: 三韓征伐
  ✓ Deleted (11/289)

Deleting: Jawiki resolution:上野王子 (大阪市)
  ✓ Deleted (12/289)

Deleting: Jawiki resolution:中右記
  ✓ Deleted (13/289)

Deleting: 中学校令
  ✓ Deleted (14/289)

Deleting: 久本古墳
  ✓ Deleted (15/289)

Deleting: Jawiki resolution:久津川車塚古墳
  ✓ Deleted (16/289)

Deleting: 久米御縣神社
  ✓ Deleted (17/289)

Deleting: Jawiki resolution:久米氏
  ✓ Deleted (18/289)

Deleting: 乎加神社
  ✓ Deleted (19/289)

Deleting: 乎彌神社
  ✓ Deleted (20/289)

Deleting: 乙丑
  ✓ Deleted (21/289)

Deleting: 九十九王子 (日高町)
  ✓ Deleted (22/289)

Deleting: 予祝芸能
  ✓ Deleted (23/289)

Deleting: 事代主
  ✓ Deleted (24/289)

Deleting: 今井氏
  ✓ Deleted (25/289)

Deleting: 仙台市教育委員会
  ✓ Deleted (26/289)

Deleting: 伊勢国造
  ✓ Deleted (27/289)

Deleting: 伊射奈岐神社 (天理市)
  ✓ Deleted (28/289)

Deleting: 休日
  ✓ Deleted (29/289)

Deleting: 休日ニ関スル件
  ✓ Deleted (30/289)

Deleting: 会津比売神
  ✓ Deleted (31/289)

Deleting: 位階
  ✓ Deleted (32/289)

Deleting: 住吉大社
  ✓ Deleted (33/289)

Deleting: 佐久奈度神社
  ✓ Deleted (34/289)

Deleting: 佐良志奈神社
  ✓ Deleted (35/289)

Deleting: Jawiki resolution:修羅 (そり)
  ✓ Deleted (36/289)

Deleting: 倒幕運動
  ✓ Deleted (37/289)

Deleting: 倭文神社 (与謝野町)
  ✓ Deleted (38/289)

Deleting: 健御名方富命彦神別神社
  ✓ Deleted (39/289)

Deleting: 健御名方富命彦神別神社 (長野市箱清水)
  ✓ Deleted (40/289)

Deleting: 儒学者
  ✓ Deleted (41/289)

Deleting: 元伊勢
  ✓ Deleted (42/289)

Deleting: 八咫鏡
  ✓ Deleted (43/289)

Deleting: 八縣宿禰神
  ✓ Deleted (44/289)

Deleting: 八色の姓
  ✓ Deleted (45/289)

Deleting: 六郷神社
  ✓ Deleted (46/289)

Deleting: 兵主大社
  ✓ Deleted (47/289)

Deleting: 兵主神社 (岸和田市)
  ✓ Deleted (48/289)

Deleting: Jawiki resolution:冠位二十六階
  ✓ Deleted (49/289)

Deleting: 冠位十二階
  ✓ Deleted (50/289)

Deleting: 出早雄命
  ✓ Deleted (51/289)

Deleting: 出雲乃伊波比神社 (寄居町)
  ✓ Deleted (52/289)

Deleting: 出雲祝神社
  ✓ Deleted (53/289)

Deleting: Jawiki resolution:切目王子
  ✓ Deleted (54/289)

Deleting: 判事
  ✓ Deleted (55/289)

Deleting: 加茂神社
  ✓ Deleted (56/289)

Deleting: 勅願寺
  ✓ Deleted (57/289)

Deleting: 十市郡
  ✓ Deleted (58/289)

Deleting: 半家 (公家)
  ✓ Deleted (59/289)

Deleting: 卜部氏
  ✓ Deleted (60/289)

Deleting: 吉原遊廓
  ✓ Deleted (61/289)

Deleting: Jawiki resolution:吉志舞
  ✓ Deleted (62/289)

Deleting: 名草神社
  ✓ Deleted (63/289)

Deleting: 味鋺神社
  ✓ Deleted (64/289)

Deleting: 品部
  ✓ Deleted (65/289)

Deleting: 四條畷神社
  ✓ Deleted (66/289)

Deleting: 国津御祖神社
  ✓ Deleted (67/289)

Deleting: 国造
  ✓ Deleted (68/289)

Deleting: 園比屋武御嶽
  ✓ Deleted (69/289)

Deleting: Jawiki resolution:土御門家
  ✓ Deleted (70/289)

Deleting: 坂手神社
  ✓ Deleted (71/289)

Deleting: 坂田神明宮
  ✓ Deleted (72/289)

Deleting: 城崎温泉
  ✓ Deleted (73/289)

Deleting: 城輪神社
  ✓ Deleted (74/289)

Deleting: 場所請負制
  ✓ Deleted (75/289)

Deleting: 夜疑神社
  ✓ Deleted (76/289)

Deleting: 大井氏
  ✓ Deleted (77/289)

Deleting: 大仙公園
  ✓ Deleted (78/289)

Deleting: 大仙陵古墳
  ✓ Deleted (79/289)

Deleting: 大伴神社 (佐久市望月)
  ✓ Deleted (80/289)

Deleting: 大和大国魂神社
  ✓ Deleted (81/289)

Deleting: 大宮売神社
  ✓ Deleted (82/289)

Deleting: Jawiki resolution:大山上
  ✓ Deleted (83/289)

Deleting: 大山祇神社
  ✓ Deleted (84/289)

Deleting: 大山祇神社 (曖昧さ回避)
  ✓ Deleted (85/289)

Deleting: Jawiki resolution:大彦命
  ✓ Deleted (86/289)

Deleting: 大江氏
  ✓ Deleted (87/289)

Deleting: 大縣神社
  ✓ Deleted (88/289)

Deleting: 大膳職
  ✓ Deleted (89/289)

Deleting: 大若子命
  ✓ Deleted (90/289)

Deleting: 天孫族
  ✓ Deleted (91/289)

Deleting: Jawiki resolution:天押雲根命
  ✓ Deleted (92/289)

Deleting: 天文方
  ✓ Deleted (93/289)

Deleting: 天河大弁財天社
  ✓ Deleted (94/289)

Deleting: 天皇神社
  ✓ Deleted (95/289)

Deleting: 天種子命
  ✓ Deleted (96/289)

Deleting: 太政官布告・太政官達
  ✓ Deleted (97/289)

Deleting: 太鼓台
  ✓ Deleted (98/289)

Deleting: 奈具神社
  ✓ Deleted (99/289)

Deleting: 奈良豆比古神社
  ✓ Deleted (100/289)

Deleting: 妙見山 (大阪府・兵庫県)
  ✓ Deleted (101/289)

Deleting: 妻科神社
  ✓ Deleted (102/289)

Deleting: 学制
  ✓ Deleted (103/289)

Deleting: 学校令
  ✓ Deleted (104/289)

Deleting: 守達神
  ✓ Deleted (105/289)

Deleting: Jawiki resolution:安倍泰長
  ✓ Deleted (106/289)

Deleting: 宗像神社
  ✓ Deleted (107/289)

Deleting: 宗像神社 (桜井市)
  ✓ Deleted (108/289)

Deleting: 宗神社
  ✓ Deleted (109/289)

Deleting: Jawiki resolution:宝賀寿男
  ✓ Deleted (110/289)

Deleting: 家学
  ✓ Deleted (111/289)

Deleting: 宿曜道
  ✓ Deleted (112/289)

Deleting: 寺社
  ✓ Deleted (113/289)

Deleting: Jawiki resolution:小出氏
  ✓ Deleted (114/289)

Deleting: 小学校令
  ✓ Deleted (115/289)

Deleting: 小虫神社
  ✓ Deleted (116/289)

Deleting: 小野氏 (社家)
  ✓ Deleted (117/289)

Deleting: Jawiki resolution:小錦中
  ✓ Deleted (118/289)

Deleting: 少彦名神社 (大洲市)
  ✓ Deleted (119/289)

Deleting: 屋敷神
  ✓ Deleted (120/289)

Deleting: 山津照神社
  ✓ Deleted (121/289)

Deleting: 山辺の道
  ✓ Deleted (122/289)

Deleting: Jawiki resolution:岡古墳
  ✓ Deleted (123/289)

Deleting: 巡礼
  ✓ Deleted (124/289)

Deleting: 市杵島神社
  ✓ Deleted (125/289)

Deleting: 布忍富鳥鳴海神
  ✓ Deleted (126/289)

Deleting: 帝国大学令
  ✓ Deleted (127/289)

Deleting: 師範学校令
  ✓ Deleted (128/289)

Deleting: 幡日佐神社
  ✓ Deleted (129/289)

Deleting: 平群坐紀氏神社
  ✓ Deleted (130/289)

Deleting: 平群神社
  ✓ Deleted (131/289)

Deleting: 年中祭日祝日ノ休暇日ヲ定ム
  ✓ Deleted (132/289)

Deleting: 年中行事
  ✓ Deleted (133/289)

Deleting: 庚申信仰
  ✓ Deleted (134/289)

Deleting: 延喜式神名帳
  ✓ Deleted (135/289)

Deleting: 式内社
  ✓ Deleted (136/289)

Deleting: 弥生墳丘墓
  ✓ Deleted (137/289)

Deleting: 従一位
  ✓ Deleted (138/289)

Deleting: 従七位
  ✓ Deleted (139/289)

Deleting: 従三位
  ✓ Deleted (140/289)

Deleting: 従五位
  ✓ Deleted (141/289)

Deleting: 従四位
  ✓ Deleted (142/289)

Deleting: 御嶽 (沖縄)
  ✓ Deleted (143/289)

Deleting: 徳山大神宮
  ✓ Deleted (144/289)

Deleting: 息長氏
  ✓ Deleted (145/289)

Deleting: 意賀美神社 (岸和田市)
  ✓ Deleted (146/289)

Deleting: 愛宕神社 (亀岡市)
  ✓ Deleted (147/289)

Deleting: 戸祭山
  ✓ Deleted (148/289)

Deleting: 教育令
  ✓ Deleted (149/289)

Deleting: 文化財保護法
  ✓ Deleted (150/289)

Deleting: Jawiki resolution:日本歴史地名大系
  ✓ Deleted (151/289)

Deleting: 日部神社
  ✓ Deleted (152/289)

Deleting: 旧暦
  ✓ Deleted (153/289)

Deleting: Jawiki resolution:明月記
  ✓ Deleted (154/289)

Deleting: 春日大社
  ✓ Deleted (155/289)

Deleting: 有職故実
  ✓ Deleted (156/289)

Deleting: 末期古墳
  ✓ Deleted (157/289)

Deleting: 本朝皇胤紹運録
  ✓ Deleted (158/289)

Deleting: 杉山神社 (横浜市緑区西八朔町)
  ✓ Deleted (159/289)

Deleting: 村国氏
  ✓ Deleted (160/289)

Deleting: 森浩一
  ✓ Deleted (161/289)

Deleting: 榎本神社
  ✓ Deleted (162/289)

Deleting: 橋姫神社
  ✓ Deleted (163/289)

Deleting: 歌人
  ✓ Deleted (164/289)

Deleting: 正二位
  ✓ Deleted (165/289)

Deleting: 正五位
  ✓ Deleted (166/289)

Deleting: 正八位
  ✓ Deleted (167/289)

Deleting: 正四位
  ✓ Deleted (168/289)

Deleting: 武家
  ✓ Deleted (169/289)

Deleting: 武水別神社
  ✓ Deleted (170/289)

Deleting: 比沼麻奈為神社
  ✓ Deleted (171/289)

Deleting: 氏姓制度
  ✓ Deleted (172/289)

Deleting: 氷上姉子神社
  ✓ Deleted (173/289)

Deleting: 江島神社
  ✓ Deleted (174/289)

Deleting: 江神社
  ✓ Deleted (175/289)

Deleting: 河原神社 (伊勢市)
  ✓ Deleted (176/289)

Deleting: 泉井上神社
  ✓ Deleted (177/289)

Deleting: Jawiki resolution:津守王子
  ✓ Deleted (178/289)

Deleting: 津島神社
  ✓ Deleted (179/289)

Deleting: 海神社
  ✓ Deleted (180/289)

Deleting: 淡島神
  ✓ Deleted (181/289)

Deleting: 淡海國玉神社
  ✓ Deleted (182/289)

Deleting: 添御県坐神社 (奈良市三碓町)
  ✓ Deleted (183/289)

Deleting: 渭伊神社
  ✓ Deleted (184/289)

Deleting: Jawiki resolution:滝尻王子
  ✓ Deleted (185/289)

Deleting: 滝祭神
  ✓ Deleted (186/289)

Deleting: 漢國神社
  ✓ Deleted (187/289)

Deleting: 瀧原宮
  ✓ Deleted (188/289)

Deleting: 瀬織津姫
  ✓ Deleted (189/289)

Deleting: 熊野本宮大社
  ✓ Deleted (190/289)

Deleting: Jawiki resolution:熊野権現
  ✓ Deleted (191/289)

Deleting: 熊野速玉大社
  ✓ Deleted (192/289)

Deleting: 片山八幡社
  ✓ Deleted (193/289)

Deleting: 狭山神社
  ✓ Deleted (194/289)

Deleting: 狭田国生神社
  ✓ Deleted (195/289)

Deleting: 玉串川
  ✓ Deleted (196/289)

Deleting: 玉垣
  ✓ Deleted (197/289)

Deleting: 畝尾坐健土安神社
  ✓ Deleted (198/289)

Deleting: Jawiki resolution:発心門王子
  ✓ Deleted (199/289)

Deleting: 白山信仰
  ✓ Deleted (200/289)

Deleting: 白鬚神社
  ✓ Deleted (201/289)

Deleting: 百舌鳥・古市古墳群
  ✓ Deleted (202/289)

Deleting: 相嘗祭
  ✓ Deleted (203/289)

Deleting: 真言宗善通寺派
  ✓ Deleted (204/289)

Deleting: 真言宗御室派
  ✓ Deleted (205/289)

Deleting: 石園座多久虫玉神社
  ✓ Deleted (206/289)

Deleting: 石津太神社
  ✓ Deleted (207/289)

Deleting: 石部神社 (豊岡市)
  ✓ Deleted (208/289)

Deleting: 磐井 (古代豪族)
  ✓ Deleted (209/289)

Deleting: 磐船大神社
  ✓ Deleted (210/289)

Deleting: 磐船神社
  ✓ Deleted (211/289)

Deleting: 祝祭日
  ✓ Deleted (212/289)

Deleting: 神仏霊場巡拝の道
  ✓ Deleted (213/289)

Deleting: 神別
  ✓ Deleted (214/289)

Deleting: 神前神社 (伊勢市)
  ✓ Deleted (215/289)

Deleting: 神谷太刀宮神社
  ✓ Deleted (216/289)

Deleting: 祭神
  ✓ Deleted (217/289)

Deleting: 福島わらじまつり
  ✓ Deleted (218/289)

Deleting: 積川神社
  ✓ Deleted (219/289)

Deleting: 穴師坐兵主神社
  ✓ Deleted (220/289)

Deleting: 窯業
  ✓ Deleted (221/289)

Deleting: 竹野神社
  ✓ Deleted (222/289)

Deleting: 笹塚古墳 (壱岐市)
  ✓ Deleted (223/289)

Deleting: 等乃伎神社
  ✓ Deleted (224/289)

Deleting: 紀伊国造
  ✓ Deleted (225/289)

Deleting: 紀伊続風土記
  ✓ Deleted (226/289)

Deleting: 美具久留御魂神社
  ✓ Deleted (227/289)

Deleting: 美呂浪神
  ✓ Deleted (228/289)

Deleting: 羽黒権現
  ✓ Deleted (229/289)

Deleting: 羽黒神社
  ✓ Deleted (230/289)

Deleting: 臣籍降下
  ✓ Deleted (231/289)

Deleting: 若宮
  ✓ Deleted (232/289)

Deleting: 若宮神社
  ✓ Deleted (233/289)

Deleting: 葛木水分神社
  ✓ Deleted (234/289)

Deleting: 蕨手刀
  ✓ Deleted (235/289)

Deleting: 藤原四兄弟
  ✓ Deleted (236/289)

Deleting: Jawiki resolution:藤白神社
  ✓ Deleted (237/289)

Deleting: 虎柏神社
  ✓ Deleted (238/289)

Deleting: Jawiki resolution:西墓山古墳
  ✓ Deleted (239/289)

Deleting: 西角井正慶
  ✓ Deleted (240/289)

Deleting: 親王
  ✓ Deleted (241/289)

Deleting: 記録作成等の措置を講ずべき無形の民俗文化財
  ✓ Deleted (242/289)

Deleting: 誉田御廟山古墳
  ✓ Deleted (243/289)

Deleting: 諏訪地域
  ✓ Deleted (244/289)

Deleting: 諸蕃
  ✓ Deleted (245/289)

Deleting: 豊城入彦命
  ✓ Deleted (246/289)

Deleting: 貴禰谷神社
  ✓ Deleted (247/289)

Deleting: 賀茂神社
  ✓ Deleted (248/289)

Deleting: 贈位
  ✓ Deleted (249/289)

Deleting: Jawiki resolution:足立山
  ✓ Deleted (250/289)

Deleting: Jawiki resolution:辛国神社
  ✓ Deleted (251/289)

Deleting: 都久夫須麻神社
  ✓ Deleted (252/289)

Deleting: 都祁山口神社 (天理市)
  ✓ Deleted (253/289)

Deleting: 都祁山口神社 (奈良市)
  ✓ Deleted (254/289)

Deleting: 都祁水分神社
  ✓ Deleted (255/289)

Deleting: 酒見神社
  ✓ Deleted (256/289)

Deleting: 金刀比羅宮
  ✓ Deleted (257/289)

Deleting: 金鑚神社
  ✓ Deleted (258/289)

Deleting: 長持形石棺
  ✓ Deleted (259/289)

Deleting: 長白羽神
  ✓ Deleted (260/289)

Deleting: Jawiki resolution:長秋記
  ✓ Deleted (261/289)

Deleting: 門前町
  ✓ Deleted (262/289)

Deleting: 間部氏
  ✓ Deleted (263/289)

Deleting: 阿伎留神社
  ✓ Deleted (264/289)

Deleting: Jawiki resolution:阿倍王子神社
  ✓ Deleted (265/289)

Deleting: 阿志都彌神社
  ✓ Deleted (266/289)

Deleting: Jawiki resolution:阿智神社 (倉敷市)
  ✓ Deleted (267/289)

Deleting: 阿紀神社
  ✓ Deleted (268/289)

Deleting: 陵墓参考地
  ✓ Deleted (269/289)

Deleting: 雷神社 (豊岡市)
  ✓ Deleted (270/289)

Deleting: 雷電神社
  ✓ Deleted (271/289)

Deleting: 青侍
  ✓ Deleted (272/289)

Deleting: 須々岐水神社 (松本市)
  ✓ Deleted (273/289)

Deleting: 風流踊
  ✓ Deleted (274/289)

Deleting: 風間神社
  ✓ Deleted (275/289)

Deleting: 飛鳥
  ✓ Deleted (276/289)

Deleting: 飛鳥坐神社
  ✓ Deleted (277/289)

Deleting: 飯名神社
  ✓ Deleted (278/289)

Deleting: 香取神宮
  ✓ Deleted (279/289)

Deleting: 香取神社
  ✓ Deleted (280/289)

Deleting: 香椎宮
  ✓ Deleted (281/289)

Deleting: 駅館川
  ✓ Deleted (282/289)

Deleting: 高座結御子神社
  ✓ Deleted (283/289)

Deleting: 鴨下神社
  ✓ Deleted (284/289)

Deleting: 鴨神社
  ✓ Deleted (285/289)

Deleting: 鴨都波神社
  ✓ Deleted (286/289)

Deleting: 鹿苑神社
  ✓ Deleted (287/289)

Deleting: 麻織物
  ✓ Deleted (288/289)

Deleting: 龍田神社
  ✓ Deleted (289/289)

Done! Deleted 289 pages.
