[OK] List of Shikinaisha in Aki Province
[OK] List of Shikinaisha in Awa Province (Chiba)
[OK] Ushihiko Shrine
[OK] Ushihiko Shrine
[OK] Okanoue Shrine (Awa Province (Tokushima))
[OK] Takefutsu Shrine
[OK] Takefutsu Shrine
[OK] Kotoshironushi Shrine (Awa Province (Tokushima))
[OK] Kamono Shrine
[OK] Hachiman Shrine
[OK] Kamogami Shrine
[OK] Hachiman Shrine
[OK] Takeno Shrine (Awa Province (Tokushima))
[OK] Amatsukasahiko Shrine
[OK] Yasokono Shrine
[OK] Yasaka Shrine (Awa Province (Tokushima))
[OK] Takehiro Shrine
[OK] Tenno-miya Tate Shrine
[OK] Yamatoookuni- Shrine
[OK] Inbe Shrine
[OK] Imuheno Shrine
[OK] Amatsunumahikono Shrine
[OK] Sugio Shrine
[OK] Hachiman Shrine
[OK] Hihameno- Shrine
[OK] Iwatowakeyakurahimeno Shrine
[OK] Sarutahiko Shrine (Awa Province (Tokushima))
[OK] Ama-no-iwato-wake-toyotamahimeno Shrine
[OK] Tenjin-sha
[OK] Ōji Shrine (Awa Province (Tokushima))
[OK] Toyokuni Shrine (Awa Province (Tokushima))
[OK] Hiruko Shrine (Awa Province (Tokushima))
[OK] Wanasaifusono Shrine
[OK] List of Shikinaisha in Awa Province (Tokushima)
[OK] Izanagi Shrine
[OK] Kamo Shrine
[OK] Sannō Shrine (Awaji Province)
[OK] Kawakami Shrine (Awaji Province)
[OK] Minakuchino Shrine
[OK] List of Shikinaisha in Awaji Province
[OK] Tenjin-sha
[OK] Susanoo Shrine (Bingo Province)
[OK] Hachiman Shrine
[OK] Okamino Shrine
[OK] Warihimeno Shrine former site
[OK] List of Shikinaisha in Bingo Province
[OK] Yokota Shrine
[OK] Tenjin-sha
[OK] Ashitsugi Shrine (Bitchū Province)
[OK] List of Shikinaisha in Bitchū Province
[OK] Kamono Shrine
[OK] Fuse Shrine (Bizen Province)
[OK] Tenjin-sha
[OK] Tenjin-sha
[OK] Kamono Shrine
[OK] Kamono Shrine
[OK] List of Shikinaisha in Bizen Province
[OK] List of Shikinaisha in Bungo Province
[OK] Kawara Shrine (Buzen Province)
[OK] List of Shikinaisha in Buzen Province
[OK] Hachiman Shrine
[OK] List of Shikinaisha in Chikugo Province
[OK] Minagi Shrine
[OK] List of Shikinaisha in Chikuzen Province
[OK] Sugio Shrine
[OK] Shinmei-sha
[OK] List of Shikinaisha in Dewa Province
[OK] Nunakawa Shrine (Echigo Province)
[OK] Hakusan Shrine (Echigo Province)
[OK] Amatsu Shrine
[OK] Amatsu Shrine
[OK] Ono Shrine (Echigo Province)
[OK] Fujisaki Shrine
[OK] Tsurugi Shrine (Echigo Province)
[OK] Sata Shrine
[OK] Yasaka Shrine (Echigo Province)
[OK] Sugawara Shrine (Echigo Province)
[OK] Eno Shrine
[OK] Miyake Shrine (Echigo Province)
[OK] Miyake Shrine (Echigo Province)
[OK] Miyake Shrine (Echigo Province)
[OK] Tsuno Shrine (Echigo Province)
[OK] Unagushi Shrine
[OK] Kinpu Shrine
[OK] Unagushi Shrine
[OK] Tatano Shrine
[OK] Ishii Shrine (Echigo Province)
[OK] Ishii Shrine (Echigo Province)
[OK] Uonuma Shrine (Echigo Province)
[OK] Awomino Shrine
[OK] Kanbara Shrine (Echigo Province)
[OK] Yagi Shrine (Echigo Province)
[OK] Yagi Shrine (Echigo Province)
[OK] Nakayama Shrine (Echigo Province)
[OK] Nakayama Shrine (Echigo Province)
[OK] Shinmei-sha
[OK] Hakusan Shrine (Echigo Province)
[OK] Hakusan Shrine (Echigo Province)
[OK] Taki Shrine
[OK] List of Shikinaisha in Echigo Province
[OK] Tsurugi Shrine (Echizen Province)
[OK] Nifuno Shrine
[OK] Ohokurano Shrine
[OK] Atago Shrine (Echizen Province)
[OK] Kasuga Shrine
[OK] Kahiruno Shrine
[OK] Hakusan Shrine (Echizen Province)
[OK] Takaoka Shrine
[OK] Hakusan Shrine (Echizen Province)
[OK] Shinra Shrine (Echizen Province)
[OK] Hakusan Shrine (Echizen Province)
[OK] Hino Shrine
[OK] Omushi Shrine (Echizen Province)
[OK] Omushi Shrine (Echizen Province)
[OK] Okata Shrine
[OK] Hakusan Shrine (Echizen Province)
[OK] Tsurugi Shrine (Echizen Province)
[OK] Kasuga Shrine
[OK] Hachiman Shrine
[OK] Ikazuchi Shrine
[OK] Kamo Shrine
[OK] Ikazuchi Shrine
[OK] Kamo Shrine
[OK] Kuninaka Shrine
[OK] Okada Shrine (Echizen Province)
[OK] Suwa Atsugi Shrine
[OK] Suwa Shrine (Echizen Province)
[OK] Ukama Shrine
[OK] Ukama Shrine
[OK] Ukama Shrine
[OK] Ukama Shrine
[OK] Kasuga Shrine
[OK] Hachiman Shrine
[OK] Shihisakino Shrine
[OK] Uheno Shrine
[OK] Hachiman Shrine
[OK] Hachiman Shrine
[OK] Kasuga Shrine
[OK] Hachiman Shrine
[OK] Shinmei Shrine
[OK] Hachiman Shrine
[OK] Shinmei-sha
[OK] Tsunakoshino Shrine
[OK] Okami Shrine
[OK] Shinmei-sha
[OK] Hikawa Shrine
[OK] Shinmei Shrine
[OK] Iki Shrine
[OK] Kasuga Shrine
[OK] Hosorokino Shrine
[OK] Yokoyamano Shrine
[OK] Ihatano Shrine
[OK] Kasuga Shrine
[OK] List of Shikinaisha in Echizen Province
[OK] Takase Shrine
[OK] Nakawokano Shrine
[OK] Nakawokano Shrine
[OK] Nakawokano Shrine
[OK] Nakawokano Shrine
[OK] Hayashi Shrine (Etchū Province)
[OK] Hachimangū
[OK] Mononoheno Shrine
[OK] Takaoka Sekino Shrine
[OK] Isoheno Shrine
[OK] Kusaoka Shrine
[OK] Kamo Shrine
[OK] Kumano Shrine
[OK] Kumano Shrine
[OK] Kumano Shrine (Etchū Province)
[OK] Takaoka Sekino Shrine
[OK] Sugihara Shrine (Etchū Province)
[OK] Hiokino Shrine
[OK] Hiokino Shrine
[OK] Fuseno Shrine
[OK] Fuse Shrine (Etchū Province)
[OK] Oyama Shrine (Etchū Province)
[OK] List of Shikinaisha in Etchū Province
[OK] Kasuga Shrine
[OK] Mononoheno Shrine
[OK] Hafuritano Shrine
[OK] Iwaida Shrine
[OK] Ahachino Shrine
[OK] Hachiman Shrine
[OK] Miyaura Shrine (Harima Province)
[OK] Nishino Shrine (Harima Province)
[OK] Isoheno Shrine
[OK] Sakahino Shrine
[OK] Sumiyoshi Shrine (Harima Province)
[OK] Saho Shrine (Harima Province)
[OK] Saho Shrine (Harima Province)
[OK] Sumiyoshi Shrine (Harima Province)
[OK] Sumiyoshi Shrine (Harima Province)
[OK] Sumiyoshi Shrine (Harima Province)
[OK] Sugata Shrine
[OK] Sumiyoshi Shrine (Harima Province)
[OK] Kakitano Shrine
[OK] List of Shikinaisha in Harima Province
[OK] Kō Shrine (Hida Province)
[OK] Ena Shrine (Hida Province)
[OK] Ohotsuno Shrine
[OK] Takata Shrine (Hida Province)
[OK] Kifune Shrine (Hida Province)
[OK] List of Shikinaisha in Hida Province
[OK] List of Shikinaisha in Higo Province
[OK] Ami Shrine
[OK] Izumi Shrine (Hitachi Province)
[OK] Kashima Shrine
[OK] Tenmangū (Hitachi Province)
[OK] Oi Shrine (Hitachi Province)
[OK] Oi Shrine (Hitachi Province)
[OK] Fuchiuchino Shrine
[OK] Koyasu Shrine (Hitachi Province)
[OK] Iharino Shrine
[OK] List of Shikinaisha in Hitachi Province
[OK] List of Shikinaisha in Hizen Province
[OK] List of Shikinaisha in Hyūga Province
[OK] Munakatano Shrine
[OK] List of Shikinaisha in Hōki Province
[OK] Ahano Shrine
[OK] Kineno Shrine
[OK] Sakatono Shrine
[OK] List of Shikinaisha in Iga Province
[OK] Mitsuno Shrine
[OK] Kumano Shrine
[OK] Hyōzu Shrine
[OK] Hachiman Shrine
[OK] Hakozaki Hachiman Shrine
[OK] Nakatsu Shrine (Iki Island)
[OK] Nakatsu Shrine (Iki Island)
[OK] Kunitsu Shrine
[OK] Tsuno Shrine (Iki Island)
[OK] List of Shikinaisha in Iki Island
[OK] Ohomuwano Shrine
[OK] Mitanino Shrine (Inaba Province)
[OK] Takamukuno Shrine
[OK] Oi Shrine (Inaba Province)
[OK] Hayakahano Shrine
[OK] List of Shikinaisha in Inaba Province
[OK] Isanakino Shrine
[OK] Kaharano- Shrine
[OK] Kamusakino Shrine
[OK] Kamusakino Shrine
[OK] Kawara Shrine (Ise Province)
[OK] Mifune Shrine (Ise Province)
[OK] Raiden Shrine (Ise Province)
[OK] Raiden Shrine (Ise Province)
[OK] Ikazuchi Shrine
[OK] Sumaromeno Shrine former site
[OK] Take Shrine (Ise Province)
[OK] Naka Shrine
[OK] Hayashino Shrine
[OK] Nijugohashira Shrine Co-Enshrinement
[OK] Nijugohashira Shrine Co-Enshrinement
[OK] Akiba Shrine (Ise Province)
[OK] Tsuda Shrine
[OK] Nijugohashira Shrine Co-Enshrinement
[OK] Shimizu Shrine
[OK] Hataketano Shrine former site
[OK] Ihatano Shrine
[OK] Hichino Shrine
[OK] Unino Shrine
[OK] Tsuda Shrine
[OK] Kushida Shrine (Ise Province)
[OK] Yahashira Shrine
[OK] Tachinono Shrine
[OK] Hatano Shrine
[OK] Mononoheno Shrine
[OK] Hate Shrine
[OK] Ukehi Shrine
[OK] Kahaahino Shrine
[OK] Kawabe Shrine
[OK] Toshita Shrine
[OK] Oichi Shrine
[OK] Tawino Shrine
[OK] Onokosono Shrine
[OK] Kotoimi Shrine (Ise Province)
[OK] Kotoimi Shrine
[OK] Kotoimi Shrine
[OK] Hisatsuchino Shrine
[OK] Hatorino Shrine
[OK] Hataori Shrine
[OK] Kahamatano Shrine
[OK] Kawamata Shrine
[OK] Kawamata Shrine
[OK] Kawamata Shrine
[OK] Kawamata Shrine
[OK] Kawamata Shrine
[OK] Kawamata Shrine
[OK] Kameyama Shrine (Ise Province)
[OK] Kataoka Shrine
[OK] Oi Shrine (Ise Province)
[OK] Oi Shrine (Ise Province)
[OK] E Shrine (Ise Province)
[OK] Miyakeno Shrine
[OK] Miyake Shrine (Ise Province)
[OK] Miyake Shrine (Ise Province)
[OK] Miyake Shrine (Ise Province)
[OK] Miyake Shrine (Ise Province)
[OK] Eno Shrine
[OK] Miyake Shrine (Ise Province)
[OK] E Shrine (Ise Province)
[OK] Nakaseno Shrine
[OK] Nagase Shrine
[OK] Nagase Shrine
[OK] Nagase Shrine
[OK] Nagase Shrine
[OK] Kishino Shrine
[OK] Yagi Shrine (Ise Province)
[OK] Yagi Shrine (Ise Province)
[OK] Wokahano Shrine
[OK] Ogawa Shrine
[OK] Iino Shrine
[OK] Takawokano Shrine
[OK] Ajiga Shrine
[OK] Miyake Shrine (Ise Province)
[OK] Etano Shrine
[OK] Eda Shrine (Ise Province)
[OK] Kafu Shrine
[OK] Kamusakino Shrine
[OK] Kafu Shrine
[OK] Isoheno Shrine
[OK] Ō Shrine
[OK] Unakami Mimitoshi Shrine
[OK] Hozumi Shrine (Ise Province)
[OK] Mimutsune Shrine
[OK] Hozumi Shrine (Ise Province)
[OK] Kamono Shrine
[OK] Ishino Shrine
[OK] Tanahi Shrine
[OK] Tottori Shrine
[OK] Kamono Shrine
[OK] Otsu Shrine
[OK] Nukata Shrine
[OK] Uga Shrine (Ise Province)
[OK] Haseno Shrine
[OK] List of Shikinaisha in Ise Province
[OK] Mononobe Shrine
[OK] Kamutano Shrine
[OK] Niheihimegami Shrine
[OK] Nihehimeno Shrine
[OK] Sahimeyama Shrine
[OK] Sahime- Shrine
[OK] Yamabe Yashirohime Shrine
[OK] Hiyakurakuno Shrine
[OK] Kaguraokahachimanguu
[OK] Otoshi Shrine
[OK] Otoshi Shrine
[OK] Otoshi Shrine
[OK] Otoshi Shrine
[OK] Yamabe Shrine
[OK] Hachimangū
[OK] Kamo Shrine
[OK] Ohara Shrine
[OK] Sahimeyama Shrine
[OK] List of Shikinaisha in Iwami Province
[OK] Futsuno Shrine
[OK] Mishima Shrine
[OK] Taki Shrine
[OK] Anumi Shrine (Iyo Province)
[OK] List of Shikinaisha in Iyo Province
[OK] Hachiman Shrine
[OK] Wakamiya (Izu Province)
[OK] Monoiminano- Shrine
[OK] Ihare- Shrine
ERROR creating shrine page for Itsunahimeno Shrine: {'code': 'edit-already-exists', 'info': 'Could not create a new page. It already exists.', '*': 'See https://shinto.miraheze.org/w/api.php for API usage. Subscribe to the mediawiki-api-announce mailing list at &lt;https://lists.wikimedia.org/postorius/lists/mediawiki-api-announce.lists.wikimedia.org/&gt; for notice of API deprecations and breaking changes.'}
ERROR creating shrine page for Sutou Shrine: {'code': 'edit-already-exists', 'info': 'Could not create a new page. It already exists.', '*': 'See https://shinto.miraheze.org/w/api.php for API usage. Subscribe to the mediawiki-api-announce mailing list at &lt;https://lists.wikimedia.org/postorius/lists/mediawiki-api-announce.lists.wikimedia.org/&gt; for notice of API deprecations and breaking changes.'}
ERROR creating shrine page for Toga Shrine: {'code': 'edit-already-exists', 'info': 'Could not create a new page. It already exists.', '*': 'See https://shinto.miraheze.org/w/api.php for API usage. Subscribe to the mediawiki-api-announce mailing list at &lt;https://lists.wikimedia.org/postorius/lists/mediawiki-api-announce.lists.wikimedia.org/&gt; for notice of API deprecations and breaking changes.'}
ERROR creating shrine page for Hayashino- Shrine: {'code': 'edit-already-exists', 'info': 'Could not create a new page. It already exists.', '*': 'See https://shinto.miraheze.org/w/api.php for API usage. Subscribe to the mediawiki-api-announce mailing list at &lt;https://lists.wikimedia.org/postorius/lists/mediawiki-api-announce.lists.wikimedia.org/&gt; for notice of API deprecations and breaking changes.'}
ERROR creating shrine page for Soto Shrine: {'code': 'edit-already-exists', 'info': 'Could not create a new page. It already exists.', '*': 'See https://shinto.miraheze.org/w/api.php for API usage. Subscribe to the mediawiki-api-announce mailing list at &lt;https://lists.wikimedia.org/postorius/lists/mediawiki-api-announce.lists.wikimedia.org/&gt; for notice of API deprecations and breaking changes.'}
ERROR creating shrine page for Hayashino- Shrine former site: {'code': 'edit-already-exists', 'info': 'Could not create a new page. It already exists.', '*': 'See https://shinto.miraheze.org/w/api.php for API usage. Subscribe to the mediawiki-api-announce mailing list at &lt;https://lists.wikimedia.org/postorius/lists/mediawiki-api-announce.lists.wikimedia.org/&gt; for notice of API deprecations and breaking changes.'}
ERROR creating shrine page for Ubaihoumei Shrine: {'code': 'edit-already-exists', 'info': 'Could not create a new page. It already exists.', '*': 'See https://shinto.miraheze.org/w/api.php for API usage. Subscribe to the mediawiki-api-announce mailing list at &lt;https://lists.wikimedia.org/postorius/lists/mediawiki-api-announce.lists.wikimedia.org/&gt; for notice of API deprecations and breaking changes.'}
ERROR creating shrine page for Katasukano- Shrine: {'code': 'edit-already-exists', 'info': 'Could not create a new page. It already exists.', '*': 'See https://shinto.miraheze.org/w/api.php for API usage. Subscribe to the mediawiki-api-announce mailing list at &lt;https://lists.wikimedia.org/postorius/lists/mediawiki-api-announce.lists.wikimedia.org/&gt; for notice of API deprecations and breaking changes.'}
ERROR creating shrine page for Katasuge Shrine: {'code': 'edit-already-exists', 'info': 'Could not create a new page. It already exists.', '*': 'See https://shinto.miraheze.org/w/api.php for API usage. Subscribe to the mediawiki-api-announce mailing list at &lt;https://lists.wikimedia.org/postorius/lists/mediawiki-api-announce.lists.wikimedia.org/&gt; for notice of API deprecations and breaking changes.'}
ERROR creating shrine page for Wakamiya Shrine: {'code': 'edit-already-exists', 'info': 'Could not create a new page. It already exists.', '*': 'See https://shinto.miraheze.org/w/api.php for API usage. Subscribe to the mediawiki-api-announce mailing list at &lt;https://lists.wikimedia.org/postorius/lists/mediawiki-api-announce.lists.wikimedia.org/&gt; for notice of API deprecations and breaking changes.'}
ERROR creating shrine page for Katsugumi Shrine: {'code': 'edit-already-exists', 'info': 'Could not create a new page. It already exists.', '*': 'See https://shinto.miraheze.org/w/api.php for API usage. Subscribe to the mediawiki-api-announce mailing list at &lt;https://lists.wikimedia.org/postorius/lists/mediawiki-api-announce.lists.wikimedia.org/&gt; for notice of API deprecations and breaking changes.'}
[OK] Katasuge Shrine
[OK] Ninomiya Shrine
ERROR creating shrine page for Yasuno- Shrine: {'code': 'edit-already-exists', 'info': 'Could not create a new page. It already exists.', '*': 'See https://shinto.miraheze.org/w/api.php for API usage. Subscribe to the mediawiki-api-announce mailing list at &lt;https://lists.wikimedia.org/postorius/lists/mediawiki-api-announce.lists.wikimedia.org/&gt; for notice of API deprecations and breaking changes.'}
ERROR creating shrine page for Kamino- Shrine: {'code': 'edit-already-exists', 'info': 'Could not create a new page. It already exists.', '*': 'See https://shinto.miraheze.org/w/api.php for API usage. Subscribe to the mediawiki-api-announce mailing list at &lt;https://lists.wikimedia.org/postorius/lists/mediawiki-api-announce.lists.wikimedia.org/&gt; for notice of API deprecations and breaking changes.'}
ERROR creating shrine page for Ihanohimeno- Shrine: {'code': 'edit-already-exists', 'info': 'Could not create a new page. It already exists.', '*': 'See https://shinto.miraheze.org/w/api.php for API usage. Subscribe to the mediawiki-api-announce mailing list at &lt;https://lists.wikimedia.org/postorius/lists/mediawiki-api-announce.lists.wikimedia.org/&gt; for notice of API deprecations and breaking changes.'}
ERROR creating shrine page for Takihira Shrine, Takehira Shrine: {'code': 'edit-already-exists', 'info': 'Could not create a new page. It already exists.', '*': 'See https://shinto.miraheze.org/w/api.php for API usage. Subscribe to the mediawiki-api-announce mailing list at &lt;https://lists.wikimedia.org/postorius/lists/mediawiki-api-announce.lists.wikimedia.org/&gt; for notice of API deprecations and breaking changes.'}
ERROR creating shrine page for Ninomiya Shrine (Tsubota): {'code': 'edit-already-exists', 'info': 'Could not create a new page. It already exists.', '*': 'See https://shinto.miraheze.org/w/api.php for API usage. Subscribe to the mediawiki-api-announce mailing list at &lt;https://lists.wikimedia.org/postorius/lists/mediawiki-api-announce.lists.wikimedia.org/&gt; for notice of API deprecations and breaking changes.'}
ERROR creating shrine page for Takehira Shrine: {'code': 'edit-already-exists', 'info': 'Could not create a new page. It already exists.', '*': 'See https://shinto.miraheze.org/w/api.php for API usage. Subscribe to the mediawiki-api-announce mailing list at &lt;https://lists.wikimedia.org/postorius/lists/mediawiki-api-announce.lists.wikimedia.org/&gt; for notice of API deprecations and breaking changes.'}
ERROR creating shrine page for Nakichi- Shrine: {'code': 'edit-already-exists', 'info': 'Could not create a new page. It already exists.', '*': 'See https://shinto.miraheze.org/w/api.php for API usage. Subscribe to the mediawiki-api-announce mailing list at &lt;https://lists.wikimedia.org/postorius/lists/mediawiki-api-announce.lists.wikimedia.org/&gt; for notice of API deprecations and breaking changes.'}
[OK] Oshaku Shrine
ERROR creating shrine page for Terano- Shrine: {'code': 'edit-already-exists', 'info': 'Could not create a new page. It already exists.', '*': 'See https://shinto.miraheze.org/w/api.php for API usage. Subscribe to the mediawiki-api-announce mailing list at &lt;https://lists.wikimedia.org/postorius/lists/mediawiki-api-announce.lists.wikimedia.org/&gt; for notice of API deprecations and breaking changes.'}
ERROR creating shrine page for Yamanokami: {'code': 'edit-already-exists', 'info': 'Could not create a new page. It already exists.', '*': 'See https://shinto.miraheze.org/w/api.php for API usage. Subscribe to the mediawiki-api-announce mailing list at &lt;https://lists.wikimedia.org/postorius/lists/mediawiki-api-announce.lists.wikimedia.org/&gt; for notice of API deprecations and breaking changes.'}
ERROR creating shrine page for Hachiouji Shrine: {'code': 'edit-already-exists', 'info': 'Could not create a new page. It already exists.', '*': 'See https://shinto.miraheze.org/w/api.php for API usage. Subscribe to the mediawiki-api-announce mailing list at &lt;https://lists.wikimedia.org/postorius/lists/mediawiki-api-announce.lists.wikimedia.org/&gt; for notice of API deprecations and breaking changes.'}
ERROR creating shrine page for Teranomikoto Shrine: {'code': 'edit-already-exists', 'info': 'Could not create a new page. It already exists.', '*': 'See https://shinto.miraheze.org/w/api.php for API usage. Subscribe to the mediawiki-api-announce mailing list at &lt;https://lists.wikimedia.org/postorius/lists/mediawiki-api-announce.lists.wikimedia.org/&gt; for notice of API deprecations and breaking changes.'}
ERROR creating shrine page for Yama‑no‑Kami Shrine (Teragaya, Nijō, Minamiizu Town, Shizuoka Prefecture): {'code': 'edit-already-exists', 'info': 'Could not create a new page. It already exists.', '*': 'See https://shinto.miraheze.org/w/api.php for API usage. Subscribe to the mediawiki-api-announce mailing list at &lt;https://lists.wikimedia.org/postorius/lists/mediawiki-api-announce.lists.wikimedia.org/&gt; for notice of API deprecations and breaking changes.'}
ERROR creating shrine page for Hachiōji Shrine: {'code': 'editconflict', 'info': 'Edit conflict.', '*': 'See https://shinto.miraheze.org/w/api.php for API usage. Subscribe to the mediawiki-api-announce mailing list at &lt;https://lists.wikimedia.org/postorius/lists/mediawiki-api-announce.lists.wikimedia.org/&gt; for notice of API deprecations and breaking changes.'}
ERROR creating shrine page for Kamisawa Shrine: {'code': 'edit-already-exists', 'info': 'Could not create a new page. It already exists.', '*': 'See https://shinto.miraheze.org/w/api.php for API usage. Subscribe to the mediawiki-api-announce mailing list at &lt;https://lists.wikimedia.org/postorius/lists/mediawiki-api-announce.lists.wikimedia.org/&gt; for notice of API deprecations and breaking changes.'}
ERROR creating shrine page for Koshikino- Shrine: {'code': 'edit-already-exists', 'info': 'Could not create a new page. It already exists.', '*': 'See https://shinto.miraheze.org/w/api.php for API usage. Subscribe to the mediawiki-api-announce mailing list at &lt;https://lists.wikimedia.org/postorius/lists/mediawiki-api-announce.lists.wikimedia.org/&gt; for notice of API deprecations and breaking changes.'}
ERROR creating shrine page for Takeishitsukino- Shrine: {'code': 'edit-already-exists', 'info': 'Could not create a new page. It already exists.', '*': 'See https://shinto.miraheze.org/w/api.php for API usage. Subscribe to the mediawiki-api-announce mailing list at &lt;https://lists.wikimedia.org/postorius/lists/mediawiki-api-announce.lists.wikimedia.org/&gt; for notice of API deprecations and breaking changes.'}
ERROR creating shrine page for Takeasa Shrine: {'code': 'edit-already-exists', 'info': 'Could not create a new page. It already exists.', '*': 'See https://shinto.miraheze.org/w/api.php for API usage. Subscribe to the mediawiki-api-announce mailing list at &lt;https://lists.wikimedia.org/postorius/lists/mediawiki-api-announce.lists.wikimedia.org/&gt; for notice of API deprecations and breaking changes.'}
ERROR creating shrine page for Mitaka Shrine: {'code': 'edit-already-exists', 'info': 'Could not create a new page. It already exists.', '*': 'See https://shinto.miraheze.org/w/api.php for API usage. Subscribe to the mediawiki-api-announce mailing list at &lt;https://lists.wikimedia.org/postorius/lists/mediawiki-api-announce.lists.wikimedia.org/&gt; for notice of API deprecations and breaking changes.'}
ERROR creating shrine page for Mishima Shrine (Aono, Minamiizu): {'code': 'edit-already-exists', 'info': 'Could not create a new page. It already exists.', '*': 'See https://shinto.miraheze.org/w/api.php for API usage. Subscribe to the mediawiki-api-announce mailing list at &lt;https://lists.wikimedia.org/postorius/lists/mediawiki-api-announce.lists.wikimedia.org/&gt; for notice of API deprecations and breaking changes.'}
[OK] Takeishitsukino- Shrine
ERROR creating shrine page for Himemiya Shrine Co-Enshrinement: {'code': 'edit-already-exists', 'info': 'Could not create a new page. It already exists.', '*': 'See https://shinto.miraheze.org/w/api.php for API usage. Subscribe to the mediawiki-api-announce mailing list at &lt;https://lists.wikimedia.org/postorius/lists/mediawiki-api-announce.lists.wikimedia.org/&gt; for notice of API deprecations and breaking changes.'}
ERROR creating shrine page for Tomari Shrine: {'code': 'edit-already-exists', 'info': 'Could not create a new page. It already exists.', '*': 'See https://shinto.miraheze.org/w/api.php for API usage. Subscribe to the mediawiki-api-announce mailing list at &lt;https://lists.wikimedia.org/postorius/lists/mediawiki-api-announce.lists.wikimedia.org/&gt; for notice of API deprecations and breaking changes.'}
ERROR creating shrine page for Kumomi Sengen Shrine (Ontake Sengen-gū): {'code': 'edit-already-exists', 'info': 'Could not create a new page. It already exists.', '*': 'See https://shinto.miraheze.org/w/api.php for API usage. Subscribe to the mediawiki-api-announce mailing list at &lt;https://lists.wikimedia.org/postorius/lists/mediawiki-api-announce.lists.wikimedia.org/&gt; for notice of API deprecations and breaking changes.'}
ERROR creating shrine page for Sukihoko- Shrine: {'code': 'edit-already-exists', 'info': 'Could not create a new page. It already exists.', '*': 'See https://shinto.miraheze.org/w/api.php for API usage. Subscribe to the mediawiki-api-announce mailing list at &lt;https://lists.wikimedia.org/postorius/lists/mediawiki-api-announce.lists.wikimedia.org/&gt; for notice of API deprecations and breaking changes.'}
ERROR creating shrine page for Sugihokowake no Mikoto Shrine: {'code': 'edit-already-exists', 'info': 'Could not create a new page. It already exists.', '*': 'See https://shinto.miraheze.org/w/api.php for API usage. Subscribe to the mediawiki-api-announce mailing list at &lt;https://lists.wikimedia.org/postorius/lists/mediawiki-api-announce.lists.wikimedia.org/&gt; for notice of API deprecations and breaking changes.'}
ERROR creating shrine page for Kinomiya Shrine: {'code': 'edit-already-exists', 'info': 'Could not create a new page. It already exists.', '*': 'See https://shinto.miraheze.org/w/api.php for API usage. Subscribe to the mediawiki-api-announce mailing list at &lt;https://lists.wikimedia.org/postorius/lists/mediawiki-api-announce.lists.wikimedia.org/&gt; for notice of API deprecations and breaking changes.'}
[OK] Sukihoko- Shrine
ERROR creating shrine page for Mishima Shrine (Shimoda): {'code': 'edit-already-exists', 'info': 'Could not create a new page. It already exists.', '*': 'See https://shinto.miraheze.org/w/api.php for API usage. Subscribe to the mediawiki-api-announce mailing list at &lt;https://lists.wikimedia.org/postorius/lists/mediawiki-api-announce.lists.wikimedia.org/&gt; for notice of API deprecations and breaking changes.'}
ERROR creating shrine page for Ihakurawakeno- Shrine: {'code': 'edit-already-exists', 'info': 'Could not create a new page. It already exists.', '*': 'See https://shinto.miraheze.org/w/api.php for API usage. Subscribe to the mediawiki-api-announce mailing list at &lt;https://lists.wikimedia.org/postorius/lists/mediawiki-api-announce.lists.wikimedia.org/&gt; for notice of API deprecations and breaking changes.'}
ERROR creating shrine page for Hachiman Shrine (Koura, Minamiizu): {'code': 'edit-already-exists', 'info': 'Could not create a new page. It already exists.', '*': 'See https://shinto.miraheze.org/w/api.php for API usage. Subscribe to the mediawiki-api-announce mailing list at &lt;https://lists.wikimedia.org/postorius/lists/mediawiki-api-announce.lists.wikimedia.org/&gt; for notice of API deprecations and breaking changes.'}
ERROR creating shrine page for Hachiman‑gu Kinomiya Shrine: {'code': 'edit-already-exists', 'info': 'Could not create a new page. It already exists.', '*': 'See https://shinto.miraheze.org/w/api.php for API usage. Subscribe to the mediawiki-api-announce mailing list at &lt;https://lists.wikimedia.org/postorius/lists/mediawiki-api-announce.lists.wikimedia.org/&gt; for notice of API deprecations and breaking changes.'}
ERROR creating shrine page for Kumano Shrine (Iwadono, Minamiizu Town): {'code': 'edit-already-exists', 'info': 'Could not create a new page. It already exists.', '*': 'See https://shinto.miraheze.org/w/api.php for API usage. Subscribe to the mediawiki-api-announce mailing list at &lt;https://lists.wikimedia.org/postorius/lists/mediawiki-api-announce.lists.wikimedia.org/&gt; for notice of API deprecations and breaking changes.'}
ERROR creating shrine page for Hachiman Shrine (Koura): {'code': 'edit-already-exists', 'info': 'Could not create a new page. It already exists.', '*': 'See https://shinto.miraheze.org/w/api.php for API usage. Subscribe to the mediawiki-api-announce mailing list at &lt;https://lists.wikimedia.org/postorius/lists/mediawiki-api-announce.lists.wikimedia.org/&gt; for notice of API deprecations and breaking changes.'}
ERROR creating shrine page for Sengen Shrine (Shimoda): {'code': 'edit-already-exists', 'info': 'Could not create a new page. It already exists.', '*': 'See https://shinto.miraheze.org/w/api.php for API usage. Subscribe to the mediawiki-api-announce mailing list at &lt;https://lists.wikimedia.org/postorius/lists/mediawiki-api-announce.lists.wikimedia.org/&gt; for notice of API deprecations and breaking changes.'}
[OK] Mishima Shrine
ERROR creating shrine page for Himemiya Shrine: {'code': 'editconflict', 'info': 'Edit conflict.', '*': 'See https://shinto.miraheze.org/w/api.php for API usage. Subscribe to the mediawiki-api-announce mailing list at &lt;https://lists.wikimedia.org/postorius/lists/mediawiki-api-announce.lists.wikimedia.org/&gt; for notice of API deprecations and breaking changes.'}
ERROR creating shrine page for Awa-no-Mikoto Shrine: {'code': 'edit-already-exists', 'info': 'Could not create a new page. It already exists.', '*': 'See https://shinto.miraheze.org/w/api.php for API usage. Subscribe to the mediawiki-api-announce mailing list at &lt;https://lists.wikimedia.org/postorius/lists/mediawiki-api-announce.lists.wikimedia.org/&gt; for notice of API deprecations and breaking changes.'}
ERROR creating shrine page for Shiritakino Shrine: {'code': 'edit-already-exists', 'info': 'Could not create a new page. It already exists.', '*': 'See https://shinto.miraheze.org/w/api.php for API usage. Subscribe to the mediawiki-api-announce mailing list at &lt;https://lists.wikimedia.org/postorius/lists/mediawiki-api-announce.lists.wikimedia.org/&gt; for notice of API deprecations and breaking changes.'}
ERROR creating shrine page for Shiitori Shrine: {'code': 'edit-already-exists', 'info': 'Could not create a new page. It already exists.', '*': 'See https://shinto.miraheze.org/w/api.php for API usage. Subscribe to the mediawiki-api-announce mailing list at &lt;https://lists.wikimedia.org/postorius/lists/mediawiki-api-announce.lists.wikimedia.org/&gt; for notice of API deprecations and breaking changes.'}
ERROR creating shrine page for Shiritaogi Shrine: {'code': 'edit-already-exists', 'info': 'Could not create a new page. It already exists.', '*': 'See https://shinto.miraheze.org/w/api.php for API usage. Subscribe to the mediawiki-api-announce mailing list at &lt;https://lists.wikimedia.org/postorius/lists/mediawiki-api-announce.lists.wikimedia.org/&gt; for notice of API deprecations and breaking changes.'}
[OK] Shiitori Shrine
ERROR creating shrine page for Shiitori Shrine Main Hall: {'code': 'edit-already-exists', 'info': 'Could not create a new page. It already exists.', '*': 'See https://shinto.miraheze.org/w/api.php for API usage. Subscribe to the mediawiki-api-announce mailing list at &lt;https://lists.wikimedia.org/postorius/lists/mediawiki-api-announce.lists.wikimedia.org/&gt; for notice of API deprecations and breaking changes.'}
ERROR creating shrine page for Minamikono Shrine: {'code': 'edit-already-exists', 'info': 'Could not create a new page. It already exists.', '*': 'See https://shinto.miraheze.org/w/api.php for API usage. Subscribe to the mediawiki-api-announce mailing list at &lt;https://lists.wikimedia.org/postorius/lists/mediawiki-api-announce.lists.wikimedia.org/&gt; for notice of API deprecations and breaking changes.'}
ERROR creating shrine page for Minamikogami Shrine: {'code': 'edit-already-exists', 'info': 'Could not create a new page. It already exists.', '*': 'See https://shinto.miraheze.org/w/api.php for API usage. Subscribe to the mediawiki-api-announce mailing list at &lt;https://lists.wikimedia.org/postorius/lists/mediawiki-api-announce.lists.wikimedia.org/&gt; for notice of API deprecations and breaking changes.'}
ERROR creating shrine page for Nago Shrine: {'code': 'edit-already-exists', 'info': 'Could not create a new page. It already exists.', '*': 'See https://shinto.miraheze.org/w/api.php for API usage. Subscribe to the mediawiki-api-announce mailing list at &lt;https://lists.wikimedia.org/postorius/lists/mediawiki-api-announce.lists.wikimedia.org/&gt; for notice of API deprecations and breaking changes.'}
[OK] Oshaku Shrine
ERROR creating shrine page for Minamishikyuu: {'code': 'edit-already-exists', 'info': 'Could not create a new page. It already exists.', '*': 'See https://shinto.miraheze.org/w/api.php for API usage. Subscribe to the mediawiki-api-announce mailing list at &lt;https://lists.wikimedia.org/postorius/lists/mediawiki-api-announce.lists.wikimedia.org/&gt; for notice of API deprecations and breaking changes.'}
ERROR creating shrine page for Nanko Shrine (Mikojima): {'code': 'edit-already-exists', 'info': 'Could not create a new page. It already exists.', '*': 'See https://shinto.miraheze.org/w/api.php for API usage. Subscribe to the mediawiki-api-announce mailing list at &lt;https://lists.wikimedia.org/postorius/lists/mediawiki-api-announce.lists.wikimedia.org/&gt; for notice of API deprecations and breaking changes.'}
ERROR creating shrine page for Nanko Shrine: {'code': 'edit-already-exists', 'info': 'Could not create a new page. It already exists.', '*': 'See https://shinto.miraheze.org/w/api.php for API usage. Subscribe to the mediawiki-api-announce mailing list at &lt;https://lists.wikimedia.org/postorius/lists/mediawiki-api-announce.lists.wikimedia.org/&gt; for notice of API deprecations and breaking changes.'}
ERROR creating shrine page for Oshaku Shrine (sessha): {'code': 'edit-already-exists', 'info': 'Could not create a new page. It already exists.', '*': 'See https://shinto.miraheze.org/w/api.php for API usage. Subscribe to the mediawiki-api-announce mailing list at &lt;https://lists.wikimedia.org/postorius/lists/mediawiki-api-announce.lists.wikimedia.org/&gt; for notice of API deprecations and breaking changes.'}
ERROR creating shrine page for Nanako‑no‑miya Shrine (within Kisaki Shrine precincts): {'code': 'edit-already-exists', 'info': 'Could not create a new page. It already exists.', '*': 'See https://shinto.miraheze.org/w/api.php for API usage. Subscribe to the mediawiki-api-announce mailing list at &lt;https://lists.wikimedia.org/postorius/lists/mediawiki-api-announce.lists.wikimedia.org/&gt; for notice of API deprecations and breaking changes.'}
ERROR creating shrine page for Achiko Shrine: {'code': 'editconflict', 'info': 'Edit conflict.', '*': 'See https://shinto.miraheze.org/w/api.php for API usage. Subscribe to the mediawiki-api-announce mailing list at &lt;https://lists.wikimedia.org/postorius/lists/mediawiki-api-announce.lists.wikimedia.org/&gt; for notice of API deprecations and breaking changes.'}
ERROR creating shrine page for Omiya Shrine: {'code': 'edit-already-exists', 'info': 'Could not create a new page. It already exists.', '*': 'See https://shinto.miraheze.org/w/api.php for API usage. Subscribe to the mediawiki-api-announce mailing list at &lt;https://lists.wikimedia.org/postorius/lists/mediawiki-api-announce.lists.wikimedia.org/&gt; for notice of API deprecations and breaking changes.'}
ERROR creating shrine page for Ajiko Shrine: {'code': 'edit-already-exists', 'info': 'Could not create a new page. It already exists.', '*': 'See https://shinto.miraheze.org/w/api.php for API usage. Subscribe to the mediawiki-api-announce mailing list at &lt;https://lists.wikimedia.org/postorius/lists/mediawiki-api-announce.lists.wikimedia.org/&gt; for notice of API deprecations and breaking changes.'}
[OK] Achiko Shrine
[OK] Ihatewakeno- Shrine
[OK] Suwa Shrine (Izu Province)
[OK] Unai Shrine
[OK] Ihatewakeno- Shrine
[OK] Hotsusakeno- Shrine
[OK] Ouji Shrine
[OK] Mishima Shrine (Minamiizu )
[OK] Hotsusakeno- Shrine
[OK] Ohotsunoyukino- Shrine
[OK] Mishima Shrine (Minamiizu)
[OK] Hajikama Shrine
[OK] Fusawokino Shrine
[OK] Mishima Shrine
[OK] Mishima Shrine (Izu Province)
[OK] Fusawokino Shrine
[OK] Sasaharahime- Shrine
[OK] Takama Shrine
[OK] Tsukima Shrine
[OK] Wakamiya Shrine (Izu Province)
[OK] Tsukima Shrine
[OK] Hachiman Shrine (Kisami, Shimoda)
[OK] Wakamiya Shrine (Minato, Minamiizu Town)
[OK] Kamono Shrine
[OK] Kabatakamo Shrine
[OK] Mishima Shrine (Minamiizu-chō Nijō)
[OK] Kahata Kamo Shrine
[OK] Mishima Shrine (Nijo, Minamiizu Town)
[OK] Araki Shrine (Izunokuni)
[OK] Fumunashino Shrine
[OK] Sanai Shrine
[OK] Manguu Shrine
[OK] Shinmei Shrine
[OK] Sanai Shrine (former sessha of Mishima Taisha)
[OK] Mangu Shrine
[OK] Shinmei Shrine (Shinmei Hachiman Shrine)
[OK] Karuno Shrine
[OK] Kuwato Shrine
[OK] Kosaka Shrine
[OK] Shizu Shrine (Izu Province)
[OK] Takahashi Shrine
[OK] Nagahama Shrine
[OK] Kutsumino Shrine
[OK] Kuzumi Shrine
[OK] Yuzen Shrine
[OK] Kutsumino Shrine
[OK] Ihatokono Shrine
[OK] Mamezuka Shrine
[OK] Moriyama Hachiman Shrine
[OK] Ishitokutaka Shrine (Mamezuka Shrine)
[OK] Ikamashi Shrine
[OK] Hiroseno Shrine
[OK] Hirose Shrine (Izunokuni)
[OK] Hirose Shrine
[OK] Hiroseno Shrine
[OK] Ogawaizumisui Shrine
[OK] Ohoasano Shrine
[OK] Ooasa Shrine
[OK] Omiya Shrine
[OK] Akaou Shrine
[OK] Washizu Shrine
[OK] Oasa Shrine
[OK] Ōmiya Shrine (Shiraiwa Ōasa Shrine)
[OK] Tamatsukuri Shrine (Izu Province)
[OK] Yanakihara Shrine
[OK] Yanagihara Shrine
[OK] Yanakihara Shrine
[OK] Hihayo Tenjin Shrine
[OK] Tachi Shrine
[OK] Homusuhino- Shrine
[OK] Motomiya Shrine
[OK] Izusan Shrine (protector of the eight provinces)
[OK] Raiden-sha (sessha)
[OK] Taga Shrine (Atami)
[OK] Nagoya Shrine
[OK] Hikitachikarano- Shrine
[OK] Hikiterikio Shrine
[OK] Hikite Chikara no Mikoto Shrine
[OK] Hikitachikarano- Shrine
[OK] Hatsuhime Shrine
[OK] Ametsuseno- Shrine
[OK] Tenchi Shrine
[OK] Kita Shrine
[OK] Ametsuseno- Shrine
[OK] Tsurugitachi Iwato Kowake No Mikoto Shrine
[OK] Awabitamashiratama-hime-no-Mikoto Shrine
[OK] Minowa Shrine
[OK] Minowa Shrine
[OK] Nomoto Shrine
[OK] Ishifu Shrine
[OK] Inakami Shrine
[OK] Naka Shrine (Matsuzaki)
[OK] Ita Shrine
[OK] Inashimono Shrine
[OK] Nakaohotoshino Shrine
[OK] Shinmei Shrine
[OK] Inashimo Shrine
[OK] Naka Shrine
[OK] Inakami Shrine
[OK] Taniya Shrine
[OK] Tago Shrine
ERROR creating shrine page for Ugusu Shrine: {'code': 'edit-already-exists', 'info': 'Could not create a new page. It already exists.', '*': 'See https://shinto.miraheze.org/w/api.php for API usage. Subscribe to the mediawiki-api-announce mailing list at &lt;https://lists.wikimedia.org/postorius/lists/mediawiki-api-announce.lists.wikimedia.org/&gt; for notice of API deprecations and breaking changes.'}
ERROR creating shrine page for Heda Shrine: {'code': 'edit-already-exists', 'info': 'Could not create a new page. It already exists.', '*': 'See https://shinto.miraheze.org/w/api.php for API usage. Subscribe to the mediawiki-api-announce mailing list at &lt;https://lists.wikimedia.org/postorius/lists/mediawiki-api-announce.lists.wikimedia.org/&gt; for notice of API deprecations and breaking changes.'}
ERROR creating shrine page for Sawa Shrine: {'code': 'edit-already-exists', 'info': 'Could not create a new page. It already exists.', '*': 'See https://shinto.miraheze.org/w/api.php for API usage. Subscribe to the mediawiki-api-announce mailing list at &lt;https://lists.wikimedia.org/postorius/lists/mediawiki-api-announce.lists.wikimedia.org/&gt; for notice of API deprecations and breaking changes.'}
[OK] Shinmei Shrine
ERROR creating shrine page for Kunihashiramikoto Shrine: {'code': 'edit-already-exists', 'info': 'Could not create a new page. It already exists.', '*': 'See https://shinto.miraheze.org/w/api.php for API usage. Subscribe to the mediawiki-api-announce mailing list at &lt;https://lists.wikimedia.org/postorius/lists/mediawiki-api-announce.lists.wikimedia.org/&gt; for notice of API deprecations and breaking changes.'}
ERROR creating shrine page for Inamiyano- Shrine: {'code': 'edit-already-exists', 'info': 'Could not create a new page. It already exists.', '*': 'See https://shinto.miraheze.org/w/api.php for API usage. Subscribe to the mediawiki-api-announce mailing list at &lt;https://lists.wikimedia.org/postorius/lists/mediawiki-api-announce.lists.wikimedia.org/&gt; for notice of API deprecations and breaking changes.'}
ERROR creating shrine page for Sengen Shrine (Ihakurano- Shrine): {'code': 'edit-already-exists', 'info': 'Could not create a new page. It already exists.', '*': 'See https://shinto.miraheze.org/w/api.php for API usage. Subscribe to the mediawiki-api-announce mailing list at &lt;https://lists.wikimedia.org/postorius/lists/mediawiki-api-announce.lists.wikimedia.org/&gt; for notice of API deprecations and breaking changes.'}
ERROR creating shrine page for Kunitama Shrine: {'code': 'edit-already-exists', 'info': 'Could not create a new page. It already exists.', '*': 'See https://shinto.miraheze.org/w/api.php for API usage. Subscribe to the mediawiki-api-announce mailing list at &lt;https://lists.wikimedia.org/postorius/lists/mediawiki-api-announce.lists.wikimedia.org/&gt; for notice of API deprecations and breaking changes.'}
ERROR creating shrine page for Morokuchi Shrine: {'code': 'edit-already-exists', 'info': 'Could not create a new page. It already exists.', '*': 'See https://shinto.miraheze.org/w/api.php for API usage. Subscribe to the mediawiki-api-announce mailing list at &lt;https://lists.wikimedia.org/postorius/lists/mediawiki-api-announce.lists.wikimedia.org/&gt; for notice of API deprecations and breaking changes.'}
[OK] Kunitama Shrine
[OK] Morokuchi Shrine
[OK] Kunitama Shrine
ERROR creating shrine page for Uramori Shrine: {'code': 'edit-already-exists', 'info': 'Could not create a new page. It already exists.', '*': 'See https://shinto.miraheze.org/w/api.php for API usage. Subscribe to the mediawiki-api-announce mailing list at &lt;https://lists.wikimedia.org/postorius/lists/mediawiki-api-announce.lists.wikimedia.org/&gt; for notice of API deprecations and breaking changes.'}