[OK] List of Shikinaisha in Aki Province
[OK] Mimeno-amehirinohimeno- Shrine
[OK] Sunomiya Shrine
[OK] Shimotate Matsubara Shrine
[OK] Nakoshinoyamano Shrine
[OK] Nakoshiyama Shrine
[OK] Nakoshiyama Shrine (Awa Province)
[OK] Shimotate Matsubara Shrine
[OK] Takabe Shrine
[OK] List of Shikinaisha in Awa Province (Chiba)
[OK] Ōasahiko Shrine
[OK] Kaehimeno Shrine
[OK] Ashiinaba Shrine
[OK] Kaehime Shrine
[OK] Ushihiko Shrine (Awa Province (Tokushima))
[OK] Ushihiko Shrine (Awa Province (Tokushima))
[OK] Ushihiko Shrine
[OK] Okanoue Shrine (Awa Province (Tokushima))
[OK] Takefutsuno Shrine
[OK] Takefutsu Shrine (Awa Province (Tokushima))
[OK] Takefutsu Nishinomiya Shrine
[OK] Akanta Shrine
[OK] Igasa Shrine
[OK] Hachiman Shrine (Awa Province (Tokushima))
[OK] Takefutsu Shrine (Awa Province (Tokushima))
[OK] Takefutsu Shrine
[OK] Kotoshironushi Shrine (Awa Province (Tokushima))
[OK] Kamono Shrine (Awa Province (Tokushima))
[OK] Tawano Shrine
[OK] Tasun Shrine
[OK] Nishiteru Shrine
[OK] Takehiro Shrine (Awa Province (Tokushima))
[OK] Kamogami Shrine (Awa Province (Tokushima))
[OK] Hachiman Shrine (Awa Province (Tokushima))
[OK] Oota Shrine (Tasun Shrine)
[OK] Tasun Shrine
[OK] Hachiman Shrine (Awa Province (Tokushima))
[OK] Yokotano Shrine
[OK] Yokota Shrine (Awa Province (Tokushima))
[OK] Kamogami Shrine
[OK] Isanamino Shrine
[OK] Izanami Shrine, Mima
[OK] Junisho Shrine
[OK] Takakoshi Shrine
[OK] Izanami Shrine
[OK] Hachiman Shrine (Awa Province (Tokushima))
[OK] Takeno Shrine (Awa Province (Tokushima))
[OK] Takekami Shrine
[OK] Tenno-miya Tate Shrine (Awa Province (Tokushima))
[OK] Ameyoritateno Shrine
[OK] Tenkoyasaka Shrine
[OK] Amanohashidate Shrine
[OK] Amatsukasahikono Shrine
[OK] Amatsukasahiko Shrine (Awa Province (Tokushima))
[OK] Amatsukasahiko Shrine
[OK] Yasokono Shrine (Awa Province (Tokushima))
[OK] Hachisu Shrine
[OK] Shouhachihatamiya
[OK] Yasokono Shrine
[OK] Mitsuhanomeno Shrine
[OK] Ken Shrine
[OK] Yasaka Shrine (Awa Province (Tokushima))
[OK] Takehiro Shrine
[OK] Hachidairyuuou Shrine
[OK] Tenno-miya Tate Shrine
[OK] Haniyamano- Shrine
[OK] Umaokanitta Shrine
[OK] Haniyamahime Shrine
[OK] Yamatoookuni- Shrine (Awa Province (Tokushima))
[OK] Ika Shrine
[OK] Yamatoookuni- Shrine
[OK] Imuheno Shrine (Awa Province (Tokushima))
[OK] Inbe Shrine (Awa Province (Tokushima))
[OK] Gosho Shrine
[OK] Inbe Shrine
[OK] Imuheno Shrine
[OK] Amamurakumono Shrine
[OK] Tenmurakumo Shrine
[OK] Amamurakumo Shrine
[OK] Ikagashi Shrine
[OK] Amatsunumahikono Shrine (Awa Province (Tokushima))
[OK] Shikishima Shrine
[OK] Sugio Shrine (Awa Province (Tokushima))
[OK] Biyatsukan Shrine
[OK] Amatsunumahikono Shrine
[OK] Hihameno- Shrine (Awa Province (Tokushima))
[OK] Sugio Shrine (Awa Province (Tokushima))
[OK] Nakauchi Shrine
[OK] Hachiman Shrine (Awa Province (Tokushima))
[OK] Hihameno- Shrine
[OK] Iwatowakeyakurahimeno Shrine (Awa Province (Tokushima))
[OK] Hachikurahime Shrine
[OK] Ichinomiya Shrine (Tokushima)
[OK] Iwatowakeyakurahimeno Shrine
[OK] Ama-no-iwato-wake-toyotamahimeno Shrine (Awa Province (Tokushima))
[OK] Toyotamahime Shrine
[OK] Sarutahiko Shrine (Awa Province (Tokushima))
[OK] Ama-no-iwato-wake-toyotamahimeno Shrine
[OK] Mano- Shrine
[OK] Oomahiko Shrine
[OK] Sakurama Shrine
[OK] Tenjin-sha (Awa Province (Tokushima))
[OK] Watatsumitoyotamahimeno Shrine
[OK] Amatarashi Shrine
[OK] Oujiwatatsumi Shrine
[OK] Ōji Shrine (Awa Province (Tokushima))
[OK] Inoue Hachiman Shrine
[OK] Amasashinowake Shrine
[OK] Mimatsuhiko Shrine
[OK] Kotoshironushino Shrine
[OK] Yamakatano- Shrine
[OK] Yamakatahiko Shrine
[OK] Tateiwa Shrine
[OK] Umorihiko Shrine
[OK] Asadatehiko Shrine
[OK] Hayasame Shrine
[OK] Toyokuni Shrine (Awa Province (Tokushima))
[OK] Tatsushima Meoyanomikoto Shrine
[OK] Hanoura Shrine
[OK] Unawino Shrine
[OK] Wanasaifusono Shrine (Awa Province (Tokushima))
[OK] Kazunasaitomiso Shrine
[OK] Hiruko Shrine (Awa Province (Tokushima))
[OK] Wanasaifusono Shrine
[OK] Murohimeno Shrine
[OK] Murohime Shrine
[OK] Atsu Shrine
[OK] Take- Shrine
[OK] Sho Hachiman Shrine
[OK] Takehime Shrine
[OK] Yahoko Shrine
[OK] Kashihahimeno Shrine
[OK] Gashibahime Shrine
[OK] List of Shikinaisha in Awa Province (Tokushima)
[OK] Izanagi Shrine
[OK] Isekurumano Shrine
[OK] Ihayano Shrine
[OK] Tsukisano Shrine
[OK] Kamo Shrine (Awaji Province)
[OK] Yuranominatono Shrine
[OK] Shichikuno Shrine
[OK] Shizuki Shrine
[OK] Kumano Shrine (Awaji Province)
[OK] Kishikahano Shrine
[OK] Kishikawa Shrine
[OK] Sannō Shrine (Awaji Province)
[OK] Kahakamino Shrine
[OK] Kawakami Shrine
[OK] Kawakami Shrine (Awaji Province)
[OK] Kawakami Shrine (Tsuna district)
[OK] Yaharano Shrine
[OK] Yahara Shrine
[OK] Ehara Nishinomiya Shrine
[OK] Minakuchino Shrine
[OK] Kutono Shrine
[OK] List of Shikinaisha in Awaji Province
[OK] Takeinatakisayafutsuno Shrine
[OK] Takeinatashisayafutsu Shrine
[OK] Ninomiya Shrine
[OK] Amawake Toyohime Shrine
[OK] Susanowonono Shrine
[OK] Tenjin-sha (Bingo Province)
[OK] Susanoo Shrine (Bingo Province)
[OK] Nihitsuhimeno Shrine
[OK] Takamorono Shrine
[OK] Nunakuma Shrine
[OK] Hikosasukino Shrine
[OK] Tarihirino Shrine
[OK] Kibitsu Shrine Keidai-sha
[OK] Tarihirino shrine former site
[OK] Hachiman Shrine (Bingo Province)
[OK] Kannabi Shrine (Fuchu city, Hiroshima)
[OK] Kunitakayorihikono Shrine
[OK] Takaokami Shrine
[OK] Kuniji Shrine
[OK] Okamino Shrine
[OK] Sorahikono Shrine
[OK] Sorahiko Shrine
[OK] Sorahiko Shrine (Bingo Province)
[OK] Takao- Shrine
[OK] Karakawa Shrine
[OK] Warihimeno Shrine
[OK] Warihimeno Shrine former site (Bingo Province)
[OK] Warihimeno Shrine former site
[OK] Chihayahikono Shrine
[OK] Chinamiyoruhiko Shrine
[OK] Chinamiyoruhiko Shrine (Bingo Province)
[OK] Bingokunininomiya Chihayahiko Shrine
[OK] Chihayahiko Shrine
[OK] Chihayahimeno Shrine
[OK] List of Shikinaisha in Bingo Province
[OK] Momoiyamano Shrine
[OK] Momoiyamano Shrine Former Site
[OK] Sukafuno Shrine
[OK] Sugō Shrine
[OK] Sugo Amatsu Shrine
[OK] Furukohorino Shrine
[OK] Furukoori Shrine
[OK] Furukohorino Shrine Co-EnShrinement
[OK] Nomatano Shrine
[OK] Soja Shrine Keidai-sha
[OK] Nomatano Shrine Co-EnShrinement
[OK] Tsutsumi Shrine
[OK] Ihatatamino Shrine
[OK] Miwa Shrine
[OK] Masakino Shrine
[OK] Yokota Shrine
[OK] Anatono- Shrine
[OK] Anatosanshin Shrine
[OK] Anatosanshin Shrine (Bitchū Province)
[OK] Aritano Shrine
[OK] Kamishimano Shrine
[OK] Kamishima Shrine
[OK] Tenjin-sha (Bitchū Province)
[OK] Kamishima Shrine
[OK] Co-Enshrinement of Kamishimano Shrine
[OK] Ueno Shrine
[OK] Ukou Shrine
[OK] Oomotoukou Shrine
[OK] Unoe Shrine
[OK] Antsukino- Shrine
[OK] Ashitsugiyama Shrine
[OK] Ashitsugi Shrine (Bitchū Province)
[OK] Ashitsugi Shrine
[OK] Himesaka Kanachiana Shrine
[OK] Widono- Shrine
[OK] List of Shikinaisha in Bitchū Province
[OK] Miwa Shrine (Higashisue, Setouchi)
[OK] Kamono Shrine (Bizen Province)
[OK] Munakatano Shrine (Bizen Province)
[OK] Isonokamifutsumitama Shrine
[OK] Fuse Shrine (Bizen Province)
[OK] Kamineno Shrine
[OK] Ōga Shrine
[OK] Ihatowakeno Shrine
[OK] Ohari Shrine
[OK] Tenjin-sha (Bizen Province)
[OK] Tenjin-sha
[OK] Amatsu Shrine (Bizen Province)
[OK] Amano Hachiman Shrine
[OK] Ise Shrine
[OK] Amahakarino Shrine
[OK] Kunitsu Shrine (Bizen Province)
[OK] Sekimonbetsu Shrine
[OK] Ojiharina Mawakahime Shrine
[OK] Kamono Shrine (Bizen Province)
[OK] Kamono Shrine
[OK] Tatsuchiurano- Shrine
[OK] Takashima Shrine
[OK] Tadouraza Shrine
[OK] Takeshima Shrine
[OK] Hirohata Hachimangū
[OK] List of Shikinaisha in Bizen Province
[OK] Takewoshimokorihikono Shrine
[OK] Takeo Shimokorihiko Shrine
[OK] Takeo Shimokorihiko Shrine Shimogu
[OK] Sasamutano Shrine
[OK] Nishikanta Shrine
[OK] Unaguhime Shrine
[OK] Hayasuihime Shrine
[OK] List of Shikinaisha in Bungo Province
[OK] Himekami Shrine
[OK] Ohotarashihimeno- Shrine
[OK] Kawara Shrine (Buzen Province)
[OK] Oshihoneno Shrine
[OK] Toyohimeno- Shrine
[OK] List of Shikinaisha in Buzen Province
[OK] Iseamaterasumioyano Shrine
[OK] Ise Mioya Shrine
[OK] Ise Amaterasu Mioya Shrine
[OK] Toyohimeno Shrine
[OK] Toyohime Shrine
[OK] Toyohime Shrine (Chikugo Province)
[OK] Hachiman Shrine (Chikugo Province)
[OK] Miseno- Shrine
[OK] List of Shikinaisha in Chikugo Province
[OK] Orihata Shrine
[OK] Shitono Shrine
[OK] Chikushi Shrine
[OK] Materafuno Shrine
[OK] Minagino Shrine
[OK] Minagi Shrine (Chikuzen Province)
[OK] Minagi Shrine
[OK] Wohonamuchino Shrine
[OK] List of Shikinaisha in Chikuzen Province
[OK] Womonoimino Shrine
[OK] Tobisawa Shrine
[OK] Tsurugiryuujin Shrine
[OK] Sugio Shrine
[OK] Tsukiyama Shrine
[OK] Sanjin gousai-den, Ideha Shrine
[OK] Wokano Shrine
[OK] Onga Shrine
[OK] Onga Shrine (Dewa Province)
[OK] Onga Shrine (Tagawa district)
[OK] Onga Shrine (Ioka)
[OK] Onga Shrine (Ongahara)
[OK] Onga Shrine (Sotonojima)
[OK] Yuzusame Shrine
[OK] Dewa Shrine
[OK] Shioyuhiko Shrine
[OK] Horowasan Haushiwake Shrine
[OK] Sohikahano Shrine
[OK] Soegawa Shrine
[OK] Sokawa Shrine
[OK] Sohikahano Shrine former site
[OK] Shinmei-sha (Dewa Province)
[OK] List of Shikinaisha in Dewa Province
[OK] Nunakahano Shrine
[OK] Nunakawa Shrine
[OK] Nunakawa Shrine (Echigo Province)
[OK] Nō Hakusan Shrine
[OK] Nunagawa Shrine (Ama-no Shrine precinct)
[OK] Hakusan Shrine (Echigo Province)
[OK] Nunagawa Shrine
[OK] Ohomuwano Shrine (Echigo Province)
[OK] Amatsu Shrine (Echigo Province)
[OK] Daijin Shrine
[OK] Oono Shrine
[OK] Fujisaki Shrine (Echigo Province)
[OK] Sekiyama Shrine
[OK] Amatsu Shrine
[OK] Ō Shrine (Itoigawa)
[OK] Ono Shrine (Echigo Province)
[OK] Fujisaki Shrine
[OK] Ō Shrine
[OK] Sekiyama Shrine (Jōetsu)
[OK] Ahitano Shrine
[OK] Abito Shrine
[OK] Matsuo Shrine
[OK] Fuchū Hachiman Shrine
[OK] Kota Shrine (Niigata)
[OK] Sata Shrine (Echigo Province)
[OK] Tsurugi Shrine (Echigo Province)
[OK] Sata Shrine
[OK] Yasaka Shrine (Echigo Province)
[OK] Mononoheno Shrine (Echigo Province)
[OK] Mizushimaisobe Shrine
[OK] Mizushima Isobe Shrine (Nashidaira, Kiyosato District)
[OK] Mizushima Isobe Shrine (Itoigawa City)
[OK] Mizushima Isobe Shrine (Aoyagiboganoike, Kiyosato District)
[OK] Sugawara Shrine (Echigo Province)
[OK] Isokimi Shrine
[OK] Eno Shrine (Echigo Province)
[OK] Eno Shrine
[OK] Naoe Hachiman Shrine
[OK] Awomino Shrine (Echigo Province)
[OK] Matotano Shrine
[OK] Maruta Shrine (Nadachi District)
[OK] Maruta Shrine (Kakizaki District)
[OK] Hida Shrine
[OK] Miyakeno Shrine
[OK] Miyake Shrine (Echigo Province) (Echigo Province)
[OK] Miyake Shrine (Koshi district)
[OK] Miyake Shrine (Echigo Province)
[OK] Miyake Shrine (Myoken Town)
[OK] Miyake Shrine (Echigo Province)
[OK] Miyake Shrine (Muikaichi Town)
[OK] Kiriharano Shrine
[OK] Kiriharaishibe Shrine
[OK] Kiriharaishibe Shrine (Echigo Province)
[OK] Kirihara Isobe Shrine (Kamigiri)
[OK] Kirihara Ishibe Shrine (Teradomari)
[OK] Tsuno Shrine (Echigo Province)
[OK] Takahikone Shrine
[OK] Tono Shrine (Yoitamachi Town)
[OK] Tono Shrine (Serikawa Town)
[OK] Wonifu Shrine
[OK] Shoutanjou Shrine
[OK] Unagushi Shrine (Echigo Province)
[OK] Unagushi Shrine (Echigo Province)
[OK] Konyu Shrine
[OK] Unakushino Shrine
[OK] Kinpu Shrine
[OK] Unagushi Shrine
[OK] Mishimanoisobeno Shrine
[OK] Mishima Isōbe Shrine (Hojo, Kashiwazaki City)
[OK] Mishima Ishibe Shrine (Nishiyama Town, Kashiwazaki City)
[OK] Mononobe Shrine
[OK] Ukahano Shrine
[OK] Ukawa Shrine (Yamamiya, Takayanagi Town, Kashiwazaki City)
[OK] Kurohime Shrine (Sato‑miya, Takayanagi Town, Kashiwazaki City)
[OK] Ukawa Shrine (Miyaba Town, Kashiwazaki City)
[OK] Ukawa Shrine (Shindo, Kashiwazaki City)
[OK] Ukawa Shrine (Noda, Kashiwazaki City)
[OK] Tatano Shrine
[OK] Taki Shrine (Echigo Province)
[OK] Tata Shrine
[OK] Mishima Shrine
[OK] Ihawino Shrine
[OK] Ishii Shrine (Echigo Province)
[OK] Ishii Shrine (Echigo Province) (Echigo Province)
[OK] Ishii Shrine (Santō district)
[OK] Ishii Shrine (Nishiyama, Kashiwazaki)
[OK] Ishii Shrine (Mishima District)
[OK] Ishii Shrine (Nagaoka)
[OK] Ishii Shrine (Hōjō, Kashiwazaki)
[OK] Ishii Shrine (Nishihonmachi, Kashiwazaki)
[OK] Ohosakino Shrine
[OK] Sakamotono Shrine
[OK] Sakamoto Shrine
[OK] Hiyoshi Shrine
[OK] Hachimangū (Echigo Province)
[OK] Uonuma Shrine (Echigo Province)
[OK] Sakamoto Shrine (Miya, Minamiuonuma)
[OK] Ime Shrine & Hachimangu
[OK] Kahahino Shrine
[OK] Awomino Shrine
[OK] Aomi Shrine
[OK] Kanbara Shrine (Echigo Province)
[OK] Utsurahashino Shrine
[OK] Co-Enshrinement of Utsurahashino Shrine
[OK] Co-Enshrinement of Utsurahashino Shrine Ronsha 2
[OK] Hakusan Hall
[OK] Ikureno Shrine
[OK] Tsukitano Shrine
[OK] Tsukita Shrine (Tsukioka, Sanjo)
[OK] Tsukita Shrine (Aramachi, Sanjo)
[OK] Wofuseno Shrine
[OK] Obuse Shrine
[OK] Gosen Hachiman Shrine
[OK] Ikarashino Shrine
[OK] Ikarashi Shrine
[OK] Yagi Shrine (Echigo Province)
[OK] Igarashi Shrine
[OK] Yagi Shrine (Echigo Province)
[OK] Iyahikono Shrine
[OK] Nakaseno Shrine
[OK] Nakase Shrine
[OK] Nagase Shrine
[OK] Nagase Shrine (Miyayori, Kamo)
[OK] Nagase Shrine (Kamijo, Kamo)
[OK] Yatsu Hachiman Shrine
[OK] Nakayamano Shrine
[OK] Nakayama Shrine (Echigo Province)
[OK] Nakayama Shrine (Echigo Province) (Echigo Province)
[OK] Nakayama Shrine (Gosen)
[OK] Nakayama Shrine (Sanjo)
[OK] Tanino Shrine
[OK] Asaihinono Shrine
[OK] Tanino Shrine (Agano)
[OK] Tanino Shrine (Niigata)
[OK] Funaeno Shrine
[OK] Shinmei-sha (Echigo Province)
[OK] Funae Taijingū
[OK] Tsuchifutano Shrine
[OK] Ōgata Shrine
[OK] Ichikahano Shrine
[OK] Matsuhama Inari Shrine
[OK] Hassho Shrine
[OK] Ishiwino Shrine
[OK] Mikuri Shrine
[OK] Hakusan Shrine (Echigo Province)
[OK] Nioukogami Shrine
[OK] Hakusan Shrine (Echigo Province)
[OK] Nioji Shrine
[OK] Fujito Shrine
[OK] Kahaahino Shrine (Echigo Province)
[OK] Shinmei-gū
[OK] Kawai Shrine
[OK] Iwafune Shrine
[OK] Kamaharano Shrine
[OK] Kambara Shrine
[OK] Hakotake Hachiman Shrine
[OK] Nishinamino Shrine
[OK] Nishinaya Shrine
[OK] Nishinami Shrine
[OK] Nishinami Haguro Shrine
[OK] Arakahano Shrine
[OK] Arakawa Shrine (Koiwanai, Murakami)
[OK] Arakawa Shrine (Arakawa, Murakami)
[OK] Arakawa Shrine (Tainai)
[OK] Taki Shrine
[OK] Taki Shrine (Iwagasaki, Murakami)
[OK] Shira Falls
[OK] Taki Shrine (Takane, Murakami)
[OK] Co-Enshrinement of Takino Shrine
[OK] Kawachi Shrine
[OK] Urushiyama Shrine
[OK] Momokahano Shrine
[OK] Minatono Shrine
[OK] List of Shikinaisha in Echigo Province
[OK] Kehi Shrine
[OK] Kahiruno Shrine (Echizen Province)
[OK] Tsurukino Shrine
[OK] Tsurugi Shrine (Echizen Province)
[OK] Tsurugi Shrine (Nyu District)
[OK] Tsurugi Shrine (Tsuruga City)
[OK] Nifuno Shrine
[OK] Tayuhino Shrine
[OK] Kutsumino Shrine
[OK] Nosakano Shrine
[OK] Shihisakino Shrine (Echizen Province)
[OK] Tsurukano Shrine
[OK] Ohokurano Shrine
[OK] Washisakino Shrine
[OK] Ichifurino Shrine
[OK] Atago Shrine (Echizen Province)
[OK] Inohatano Shrine
[OK] Asomurano- Shrine
[OK] Shirakino Shrine
[OK] Yokokurano Shrine
[OK] Kasuga Shrine (Echizen Province)
[OK] Sanno Shrine (precinct shrine of Kehi Shrine)
[OK] Kasuga Shrine (Echizen Province)
[OK] Yokoyamano Shrine (Echizen Province)
[OK] Ibe Iwakura Shrine
[OK] Chihamura- Shrine
[OK] Kahiruno Shrine
[OK] Takawokano Shrine (Echizen Province)
[OK] Takaoka Shrine (Echizen Province)
[OK] Hakusan Shrine (Echizen Province)
[OK] Ōshio Hachimangu
[OK] Takaoka Shrine
[OK] Hakusan Shrine (Echizen Province)
[OK] Takaoka Shrine (subsidiary of Oshio Hachimangū)
[OK] Ohomuwanoshimosakino Shrine
[OK] Kahirutanokuchino Shrine
[OK] Misakino Shrine
[OK] Oritano Shrine
[OK] Oda Shrine
[OK] Oda Shrine (within Tsurugi Shrine grounds)
[OK] Nosaka Shrine (merged with Oda Shrine)
[OK] Ihatano Shrine (Echizen Province)
[OK] Ameyahoyorotsu- Shrine
[OK] Jogu Shrine
[OK] Ōshio Hachimangu
[OK] Tsunemiya Shrine
[OK] Ame-no-Yahorotsu-hime Shrine (subsidiary of Oshio Hachimangū)
[OK] Ametotsurukino Shrine
[OK] Amehimewakamikono Shrine
[OK] Isanahikono Shrine
[OK] Amekunitsuhikono Shrine
[OK] Jogu Shrine
[OK] Ōshio Hachimangu
[OK] Amenokunitsuhiko Shrine (small subsidiary within Tsunemiya Shrine precinct)
[OK] Amenokunitsuhiko Shrine (small subsidiary within Oshio Hachimangū precinct)
[OK] Amekunihimeno Shrine
[OK] Jogu Shrine
[OK] Ōshio Hachimangu
[OK] Amenokunitsuhime Shrine (small subsidiary within Tsunemiya Shrine precinct)
[OK] Amenokunitsuhime Shrine (small subsidiary within Oshio Hachimangū precinct)
[OK] Amesusuno Shrine
[OK] Tamasasarahikono Shrine
[OK] Shirokihikono Shrine
[OK] Shintsuyutakahiko Shrine
[OK] Shiragi Shrine
[OK] Shinroki-hiko Shrine
[OK] Shinra Shrine (Echizen Province)
[OK] Anikono Shrine
[OK] Anikogami Shrine
[OK] Hino Shrine (Echizen Province)
[OK] Hakusan Shrine (Echizen Province)
[OK] Aniko Shrine
[OK] Hino Shrine
[OK] Amayono Shrine
[OK] Omushi Shrine (Echizen Province)
[OK] Amayo Shrine
[OK] Okata Shrine (Echizen Province)
[OK] Omushi Shrine (Echizen Province)
[OK] Okata Shrine
[OK] Amayo Shrine (Yasaka Shrine Keidai-sha)
[OK] Amayono Shrine former site
[OK] Tofuno Shrine
[OK] Tofu Shrine
[OK] Jufu Shrine
[OK] Nakawokano Shrine (Echizen Province)
[OK] Nagaoka Shrine
[OK] Hakusan Shrine (Echizen Province)
[OK] Makeno Shrine
[OK] Asaki Shrine
[OK] Asaki Shrine (Echizen Province)
[OK] Make Shrine (Nanjō District)
[OK] Make Shrine (Niū District)
[OK] Sakatsurugi Shrine
[OK] Hirawiteno Shrine
[OK] Maide Shrine
[OK] Tsurugi Shrine (Echizen Province)
[OK] Ohoyamamitano Shrine
[OK] Co-Enshrinement of Ohoyamamitano Shrine
[OK] Kasuga Shrine (Echizen Province)
[OK] Hachiman Shrine (Echizen Province)
[OK] Oarai Isozaki Shrine
[OK] Co-Enshrinement of Ohoyamamitano Shrine Ronsha 5
[OK] Shinmei Shrine (Echizen Province)
[OK] Sasamushino Shrine
[OK] Womushino Shrine
[OK] Ikazuchi Shrine (Echizen Province)
[OK] Ikazuchi Shrine (Echizen Province)
[OK] Kamo Shrine (Echizen Province)
[OK] Ikazuchi Shrine (Echizen Province)
[OK] Kamo Shrine (Echizen Province)
[OK] Co-Enshrinement of Ikatsuchi Shrine
[OK] Hoyamano Shrine
[OK] Kuninakano Shrine
[OK] Kunijuu Shrine
[OK] Kunijuu Shrine (Echizen Province)
[OK] Kuninaka Shrine (Echizen Province)
[OK] Kuninaka Shrine
[OK] Isoheno Shrine (Echizen Province)
[OK] Wokamotono Shrine
[OK] Okada Shrine (Echizen Province)
[OK] Okafuto Shrine
[OK] Suhaasuki Shrine
[OK] Suwa Atsugi Shrine (Echizen Province)
[OK] Suwa Atsugi Shrine
[OK] Ajimano Shrine
[OK] Suwa Shrine (Echizen Province)
[OK] Nitsuno Shrine
[OK] Tonano Shrine
[OK] Woyamatano Shrine
[OK] Ukamu Shrine
[OK] Ukama Shrine (Echizen Province)
[OK] Ukama Shrine (Echizen Province)
[OK] Ukama Shrine (Echizen Province)
[OK] Ukama Shrine (Echizen Province)
[OK] Ukama Shrine
[OK] Katashihano Shrine
[OK] Katashiba Shrine
[OK] Kasuga Shrine (Echizen Province)
[OK] Shikiyamano Shrine
[OK] Shikiyama Shrine (Sabae)
[OK] Shikiyama Shrine (Echizen)
[OK] Sukimorino- Shrine
[OK] Tsuchinowano Shrine
[OK] Hachiman Shrine (Echizen Province)
[OK] Co-Enshrinement of Tsuchinowano Shrine
[OK] Tsuchi-no-Miya Shrine (sessha of Shinmei-sha)
[OK] Nahonono Shrine
[OK] Make Shrine
[OK] Tochiwino Shrine
[OK] Shihisakino Shrine
[OK] Yosunano Shrine
[OK] Yamakatano Shrine
[OK] Mikatono Shrine
[OK] Wakeno Shrine
[OK] Kamusohino Shrine
[OK] Uheno Shrine
[OK] Asuhano Shrine
[OK] Ihakurano Shrine
[OK] Hachiman Shrine (Echizen Province)
[OK] Iwakura Shrine (within Sasoza Shrine precinct)
[OK] Shinokura Shrine
[OK] Kamuhano Shrine
[OK] Kaba Hachiman Shrine
[OK] Hachiman Shrine (Echizen Province)
[OK] Daitsukiiwakura Shrine
[OK] Sakatohitokotono Shrine
[OK] Kasahayano Shrine
[OK] Kazahaya Shrine
[OK] Kasuga Shrine (Echizen Province)
[OK] Hachiman Shrine (Echizen Province)
[OK] Kuninariohonono Shrine
[OK] Co-Enshrinement of Kuninariohonono Shrine
[OK] Kunio Ōno Shrine
[OK] Takaoihakurano Shrine
[OK] Shinmei Shrine (Echizen Province)
[OK] Takao Iwakura Shrine
[OK] Arashimano Shrine
[OK] Fukurono Shrine
[OK] Sakanawino Shrine
[OK] Hachiman Shrine (Echizen Province)
[OK] Shinmei-sha (Echizen Province)
[OK] Misaki Shrine
[OK] Tsunakoshino Shrine
[OK] Taneno Shrine
[OK] Kumetano Shrine
[OK] Okami Shrine
[OK] Achihaseno Shrine
[OK] Kunigami Shrine
[OK] Wikuchi Shrine
[OK] Yanakiseno Shrine
[OK] Konosumino Shrine
[OK] Katakishino Shrine
[OK] Katagishi Shrine
[OK] Co-Enshrinement of Katakishino Shrine
[OK] Ohomisono Shrine
[OK] Hikonano Shrine
[OK] Hikona Shrine (Shinmei Shrine Keidai-sha)
[OK] Hikawa Shrine (Echizen Province)
[OK] Heitano Shrine
[OK] Kiheno Shrine
[OK] Kibe Shrine (Harue Town, Sakai City)
[OK] Kibe Shrine (Sakai Town, Sakai City)
[OK] Hirawoka Shrine
[OK] Co-Enshrinement of Hirawoka Shrine
[OK] Shinmei-sha
[OK] Hikawa Shrine
[OK] Hirawoka Shrine former site
[OK] Ketanino Shrine
[OK] Ketaniya Kokuryū Shrine
[OK] Kurotatsu Shrine
[OK] Kokuryu Shrine (Hakusan Shrine precincts)
[OK] Shihano Shrine
[OK] Etano Shrine (Echizen Province)
[OK] Ukusono Shrine
[OK] Ikino Shrine
[OK] Iki Shrine (Echizen Province)
[OK] Shinmei Shrine
[OK] Iki Shrine
[OK] Shinmei Shrine (subsidiary shrine within the precincts of Hakusan Shrine)
[OK] Hosorokino Shrine (Echizen Province)
[OK] Kasuga Shrine (Echizen Province)
[OK] Kasuga- Shrine
[OK] Hosorokino Shrine
[OK] Yokoyamano Shrine
[OK] Mikunino Shrine
[OK] Ihatano Shrine (Echizen Province)
[OK] Ishida Shrine
[OK] Kasuga Shrine (Echizen Province)
[OK] Misakano Shrine
[OK] Takamukuno Shrine (Echizen Province)
[OK] Kasamano Shrine
[OK] Ihetsuno Shrine
[OK] Ohominatono Shrine
[OK] Itosakino Shrine
[OK] Tenman Shrine (reference)
[OK] Kamejima Shrine (reference)
[OK] List of Shikinaisha in Echizen Province
[OK] Takase Shrine
[OK] Nakawokano Shrine (Etchū Province)
[OK] Nakawokano Shrine (Etchū Province)
[OK] Q136890168
[OK] Nakawokano Shrine (Etchū Province)
[OK] Nakawokano Shrine
[OK] Hayashino Shrine (Etchū Province)
[OK] Hayashi Shrine (Etchū Province)
[OK] Hayashi Shrine (Tonami, Hayashi)
[OK] Hayashi Shrine (Tonami, Ransei)
[OK] Kuharano Shrine
[OK] Yabunami Shrine (Tonami)
[OK] Yabunami Shrine (Nanto)
[OK] Yabunami Shrine (Takaoka)
[OK] Hachimangū (Etchū Province)
[OK] Iwatani‑mon Shrine
[OK] Hime Shrine (Nanto City)
[OK] Asawino Shrine
[OK] Asai Shrine (Takaoka)
[OK] Asai Shrine (Fukuoka, Takaoka)
[OK] Asai Shrine (Ishizutsumi, Takaoka)
[OK] Michino Shrine
[OK] Michi Shrine
[OK] Michi Shrine (Etchū Province)
[OK] Michino Shrine (Imizu)
[OK] Michino Shrine (Takaoka City)
[OK] Michino Shrine (Himi City)
[OK] Mononoheno Shrine (Etchū Province)
[OK] Kakumino Shrine
[OK] Kahisaya Shrine
[OK] Takaoka Sekino Shrine (Etchū Province)
[OK] Kakumiya Shrine
[OK] Takaoka Sekino Shrine (Etchū Province)
[OK] Kumeno Shrine
[OK] Fuseno Shrine (Etchū Province)
[OK] Hayakahano Shrine (Etchū Province)
[OK] Sokukawa Shrine
[OK] Sokukawa Shrine (Etchū Province)
[OK] Hayakawahachiman Shrine
[OK] Hayakawa Shrine (Himi City)
[OK] Hayakawa Shrine (Takaoka City)
[OK] Hayakawa Hachiman Shrine
[OK] Kushida Shrine, Imizu
[OK] Isoheno Shrine (Etchū Province)
[OK] Yashiro Shrine
[OK] Kusaoka Shrine (Etchū Province)
[OK] Kusaoka Shrine
[OK] Kamo Shrine (Etchū Province)
[OK] Takashina Shrine
[OK] Anekura- Shrine
[OK] Kureha-Anekurahime Shrine
[OK] Anekura Himemi Shrine (Funakura, Toyama City)
[OK] Anekura Himemi Shrine (Kureha Town, Toyama City)
[OK] Hayahoshino Shrine
[OK] Shiratori Shrine (Toyama)
[OK] Takuhi Reshi Shrine
[OK] Kumano Shrine (Etchū Province)
[OK] Kumano Shrine (Etchū Province)
[OK] Kumano Shrine (Etchū Province) (Etchū Province)
[OK] Kumano Shrine (Nei district)
[OK] Kumano Shrine (Miyabo, Toyama City)
[OK] Kumano Shrine (Tomosaka, Fuchu Town)
[OK] Kumano Shrine (Nakama, Fuchu Town)
[OK] Kumano Shrine (Kumanomichi, Fuchu Town)
[OK] Takaoka Sekino Shrine
[OK] Sugihara Shrine (Etchū Province)
[OK] Usaka Shrine
[OK] Kamutono Shrine
[OK] Kando Shrine
[OK] Kashima Shrine (Etchū Province)
[OK] Takeihakatsuno Shrine
[OK] Ichihara Shrine
[OK] Yagokorōoichihiko Shrine
[OK] Hiokino Shrine (Etchū Province)
[OK] Hioki Shrine (Etchū Province)
[OK] Hioki Shrine (Niikawa district)
[OK] Hiokino Shrine (Etchū Province)
[OK] Hiokino Shrine
[OK] Fuseno Shrine
[OK] Fuse Shrine (Etchū Province)