[OK] List of Shikinaisha in Aki Province
[OK] Sunomiya Shrine
[OK] Nakoshiyama Shrine
[OK] Takabe Shrine
[OK] List of Shikinaisha in Awa Province (Chiba)
[OK] Ōasahiko Shrine
[OK] Ashiinaba Shrine
[OK] Ushihiko Shrine
[OK] Ushihiko Shrine (Awa Province (Tokushima))
[OK] Ushihiko Shrine (Awa Province (Tokushima))
[OK] Okanoue Shrine (Awa Province (Tokushima))
[OK] Takefutsu Shrine
[OK] Takefutsu Shrine (Awa Province (Tokushima))
[OK] Takefutsu Shrine (Awa Province (Tokushima))
[OK] Kotoshironushi Shrine (Awa Province (Tokushima))
[OK] Kamono Shrine (Awa Province (Tokushima))
[OK] Nishiteru Shrine
[OK] Hachiman Shrine (Awa Province (Tokushima))
[OK] Hachiman Shrine (Awa Province (Tokushima))
[OK] Yokota Shrine
[OK] Kamogami Shrine (Awa Province (Tokushima))
[OK] Junisho Shrine
[OK] Takakoshi Shrine
[OK] Izanami Shrine
[OK] Hachiman Shrine (Awa Province (Tokushima))
[OK] Takeno Shrine (Awa Province (Tokushima))
[OK] Amatsukasahiko Shrine
[OK] Amatsukasahiko Shrine (Awa Province (Tokushima))
[OK] Hachisu Shrine
[OK] Yasokono Shrine (Awa Province (Tokushima))
[OK] Ken Shrine
[OK] Yasaka Shrine (Awa Province (Tokushima))
[OK] Takehiro Shrine (Awa Province (Tokushima))
[OK] Tenno-miya Tate Shrine (Awa Province (Tokushima))
[OK] Yamatoookuni- Shrine (Awa Province (Tokushima))
[OK] Gosho Shrine
[OK] Inbe- Shrine
[OK] Imuheno Shrine (Awa Province (Tokushima))
[OK] Amamurakumo Shrine
[OK] Ikagashi Shrine
[OK] Shikishima Shrine
[OK] Sugio Shrine
[OK] Amatsunumahikono Shrine (Awa Province (Tokushima))
[OK] Sugio Shrine (Awa Province (Tokushima))
[OK] Hachiman Shrine (Awa Province (Tokushima))
[OK] Hihameno- Shrine (Awa Province (Tokushima))
[OK] Iwatowakeyakurahimeno Shrine (Awa Province (Tokushima))
[OK] Toyotamahime Shrine
[OK] Sarutahiko Shrine (Awa Province (Tokushima))
[OK] Ama-no-iwato-wake-toyotamahimeno Shrine (Awa Province (Tokushima))
[OK] Sakurama Shrine
[OK] Tenjin-sha (Awa Province (Tokushima))
[OK] Ōji Shrine (Awa Province (Tokushima))
[OK] Inoue Hachiman Shrine
[OK] Umorihiko Shrine
[OK] Toyokuni Shrine (Awa Province (Tokushima))
[OK] Hiruko Shrine (Awa Province (Tokushima))
[OK] Wanasaifusono Shrine (Awa Province (Tokushima))
[OK] Murohime Shrine
[OK] Atsu Shrine
[OK] Yahoko Shrine
[OK] List of Shikinaisha in Awa Province (Tokushima)
[OK] Izanagi Jingū
[OK] Kamo Shrine (Awaji Province)
[OK] Sannō Shrine (Awaji Province)
[OK] Kawakami Shrine
[OK] Kawakami Shrine (Awaji Province) (Awaji Province)
[OK] Minakuchino Shrine (Awaji Province)
[OK] List of Shikinaisha in Awaji Province
[OK] Tenjin-sha (Bingo Province)
[OK] Susanoo Shrine (Bingo Province)
[OK] Hachiman Shrine (Bingo Province)
[OK] Okamino Shrine (Bingo Province)
[OK] Warihimeno Shrine former site (Bingo Province)
[OK] List of Shikinaisha in Bingo Province
[OK] Tsutsumi Shrine
[OK] Miwa Shrine
[OK] Yokota Shrine (Bitchū Province)
[OK] Kamishima Shrine
[OK] Tenjin-sha (Bitchū Province)
[OK] Ashitsugiyama Shrine
[OK] Ashitsugi Shrine (Bitchū Province) (Bitchū Province)
[OK] Ashitsugi Shrine
[OK] List of Shikinaisha in Bitchū Province
[OK] Kamono Shrine (Bizen Province)
[OK] Munakatano Shrine
[OK] Fuse Shrine (Bizen Province)
[OK] Tenjin-sha (Bizen Province)
[OK] Tenjin-sha (Bizen Province)
[OK] Amatsu Shrine
[OK] Kunitsu Shrine
[OK] Kamono Shrine (Bizen Province)
[OK] Kamono Shrine (Bizen Province)
[OK] Takashima Shrine
[OK] List of Shikinaisha in Bizen Province
[OK] Hayasuihime Shrine
[OK] List of Shikinaisha in Bungo Province
[OK] Kawara Shrine (Buzen Province)
[OK] List of Shikinaisha in Buzen Province
[OK] Hachiman Shrine (Chikugo Province)
[OK] List of Shikinaisha in Chikugo Province
[OK] Orihata Shrine
[OK] Chikushi Shrine
[OK] Minagi Shrine
[OK] Minagi Shrine (Chikuzen Province)
[OK] List of Shikinaisha in Chikuzen Province
[OK] Sugio Shrine (Dewa Province)
[OK] Wokano Shrine
[OK] Yuzusame Shrine
[OK] Dewa Shrine
[OK] Soegawa Shrine
[OK] Shinmei-sha (Dewa Province)
[OK] List of Shikinaisha in Dewa Province
[OK] Nunakawa Shrine
[OK] Nunakawa Shrine (Echigo Province) (Echigo Province)
[OK] Hakusan Shrine (Echigo Province)
[OK] Nunagawa Shrine
[OK] Amatsu Shrine (Echigo Province)
[OK] Amatsu Shrine (Echigo Province)
[OK] Ono Shrine (Echigo Province)
[OK] Fujisaki Shrine (Echigo Province)
[OK] Ō Shrine
[OK] Matsuo Shrine
[OK] Fuchū Hachiman Shrine
[OK] Sata Shrine
[OK] Tsurugi Shrine (Echigo Province)
[OK] Sata Shrine (Echigo Province)
[OK] Yasaka Shrine (Echigo Province)
[OK] Mononoheno Shrine
[OK] Sugawara Shrine (Echigo Province)
[OK] Isokimi Shrine
[OK] Eno Shrine
[OK] Eno Shrine (Echigo Province)
[OK] Miyake Shrine (Echigo Province) (Echigo Province)
[OK] Miyake Shrine (Echigo Province)
[OK] Miyake Shrine (Echigo Province)
[OK] Tsuno Shrine (Echigo Province)
[OK] Unagushi Shrine
[OK] Unagushi Shrine (Echigo Province)
[OK] Kinpu Shrine (Echigo Province)
[OK] Unagushi Shrine (Echigo Province)
[OK] Mononobe Shrine
[OK] Tatano Shrine (Echigo Province)
[OK] Taki Shrine
[OK] Tata Shrine
[OK] Ishii Shrine (Echigo Province)
[OK] Ishii Shrine (Echigo Province) (Echigo Province)
[OK] Ohosakino Shrine
[OK] Sakamoto Shrine
[OK] Hiyoshi Shrine
[OK] Uonuma Shrine (Echigo Province)
[OK] Awomino Shrine (Echigo Province)
[OK] Aomi Shrine
[OK] Kanbara Shrine (Echigo Province)
[OK] Ikarashi Shrine
[OK] Yagi Shrine (Echigo Province)
[OK] Igarashi Shrine
[OK] Yagi Shrine (Echigo Province)
[OK] Nakayama Shrine (Echigo Province)
[OK] Nakayama Shrine (Echigo Province) (Echigo Province)
[OK] Shinmei-sha (Echigo Province)
[OK] Mikuri Shrine
[OK] Hakusan Shrine (Echigo Province)
[OK] Hakusan Shrine (Echigo Province)
[OK] Iwafune Shrine
[OK] Nishinaya Shrine
[OK] Taki Shrine (Echigo Province)
[OK] Kawachi Shrine
[OK] Urushiyama Shrine
[OK] List of Shikinaisha in Echigo Province
[OK] Kahiruno Shrine
[OK] Tsurugi Shrine (Echizen Province)
[OK] Nifuno Shrine (Echizen Province)
[OK] Tayuhino Shrine
[OK] Ohokurano Shrine (Echizen Province)
[OK] Washisakino Shrine
[OK] Atago Shrine (Echizen Province)
[OK] Yokokurano Shrine
[OK] Kasuga Shrine (Echizen Province)
[OK] Kahiruno Shrine (Echizen Province)
[OK] Takaoka Shrine
[OK] Hakusan Shrine (Echizen Province)
[OK] Takaoka Shrine (Echizen Province)
[OK] Hakusan Shrine (Echizen Province)
[OK] Oritano Shrine
[OK] Oda Shrine
[OK] Ihatano Shrine
[OK] Ametotsurukino Shrine
[OK] Amehimewakamikono Shrine
[OK] Isanahikono Shrine
[OK] Shinra Shrine (Echizen Province)
[OK] Hino Shrine
[OK] Hakusan Shrine (Echizen Province)
[OK] Aniko Shrine
[OK] Hino Shrine (Echizen Province)
[OK] Amayono Shrine
[OK] Omushi Shrine (Echizen Province)
[OK] Okata Shrine
[OK] Omushi Shrine (Echizen Province)
[OK] Okata Shrine (Echizen Province)
[OK] Tofuno Shrine
[OK] Nagaoka Shrine
[OK] Hakusan Shrine (Echizen Province)
[OK] Makeno Shrine
[OK] Tsurugi Shrine (Echizen Province)
[OK] Kasuga Shrine (Echizen Province)
[OK] Hachiman Shrine (Echizen Province)
[OK] Shinmei Shrine
[OK] Ikazuchi Shrine (Echizen Province)
[OK] Kamo Shrine (Echizen Province)
[OK] Ikazuchi Shrine (Echizen Province)
[OK] Kamo Shrine (Echizen Province)
[OK] Kuninaka Shrine
[OK] Kuninaka Shrine (Echizen Province)
[OK] Okada Shrine (Echizen Province)
[OK] Suhaasuki Shrine
[OK] Suwa Atsugi Shrine (Echizen Province)
[OK] Suwa Shrine (Echizen Province)
[OK] Ukama Shrine (Echizen Province)
[OK] Ukama Shrine (Echizen Province)
[OK] Ukama Shrine (Echizen Province)
[OK] Ukama Shrine (Echizen Province)
[OK] Kasuga Shrine (Echizen Province)
[OK] Hachiman Shrine (Echizen Province)
[OK] Make Shrine
[OK] Shihisakino Shrine (Echizen Province)
[OK] Kamusohino Shrine
[OK] Uheno Shrine (Echizen Province)
[OK] Hachiman Shrine (Echizen Province)
[OK] Shinokura Shrine
[OK] Hachiman Shrine (Echizen Province)
[OK] Sakatohitokotono Shrine
[OK] Kasahayano Shrine
[OK] Kasuga Shrine (Echizen Province)
[OK] Hachiman Shrine (Echizen Province)
[OK] Kunio Ōno Shrine
[OK] Shinmei Shrine (Echizen Province)
[OK] Fukurono Shrine
[OK] Hachiman Shrine (Echizen Province)
[OK] Shinmei-sha (Echizen Province)
[OK] Misaki Shrine
[OK] Tsunakoshino Shrine (Echizen Province)
[OK] Okami Shrine (Echizen Province)
[OK] Katagishi Shrine
[OK] Hikawa Shrine
[OK] Shinmei-sha (Echizen Province)
[OK] Hikawa Shrine (Echizen Province)
[OK] Kokuryu Shrine (Hakusan Shrine precincts)
[OK] Shihano Shrine
[OK] Etano Shrine
[OK] Ukusono Shrine
[OK] Ikino Shrine
[OK] Iki Shrine
[OK] Shinmei Shrine (Echizen Province)
[OK] Iki Shrine (Echizen Province)
[OK] Shinmei Shrine (subsidiary shrine within the precincts of Hakusan Shrine)
[OK] Hosorokino Shrine
[OK] Kasuga Shrine (Echizen Province)
[OK] Kasuga- Shrine
[OK] Hosorokino Shrine (Echizen Province)
[OK] Yokoyamano Shrine (Echizen Province)
[OK] Mikunino Shrine
[OK] Ihatano Shrine (Echizen Province)
[OK] Ishida Shrine
[OK] Kasuga Shrine (Echizen Province)
[OK] Misakano Shrine
[OK] Takamukuno Shrine
[OK] Kasamano Shrine
[OK] Ihetsuno Shrine
[OK] Ohominatono Shrine
[OK] Itosakino Shrine
[OK] Tenman Shrine (reference)
[OK] Kamejima Shrine (reference)
[OK] List of Shikinaisha in Echizen Province
[OK] Takase Shrine (Etchū Province)
[OK] Nakawokano Shrine (Etchū Province)
[OK] Nakawokano Shrine (Etchū Province)
[OK] Q136890168
[OK] Nakawokano Shrine (Etchū Province)
[OK] Nakawokano Shrine (Etchū Province)
[OK] Hayashino Shrine
[OK] Hayashi Shrine (Etchū Province)
[OK] Hayashi Shrine (Tonami, Hayashi)
[OK] Hayashi Shrine (Tonami, Ransei)
[OK] Kuharano Shrine
[OK] Yabunami Shrine (Tonami)
[OK] Yabunami Shrine (Nanto)
[OK] Yabunami Shrine (Takaoka)
[OK] Hachimangū (Etchū Province)
[OK] Iwatani‑mon Shrine
[OK] Hime Shrine (Nanto City)
[OK] Asawino Shrine
[OK] Asai Shrine (Takaoka)
[OK] Asai Shrine (Fukuoka, Takaoka)
[OK] Asai Shrine (Ishizutsumi, Takaoka)
[OK] Michino Shrine
[OK] Michi Shrine
[OK] Michi Shrine (Etchū Province)
[OK] Michino Shrine (Imizu)
[OK] Michino Shrine (Takaoka City)
[OK] Michino Shrine (Himi City)
[OK] Mononoheno Shrine (Etchū Province)
[OK] Kakumino Shrine
[OK] Kahisaya Shrine
[OK] Takaoka Sekino Shrine
[OK] Kakumiya Shrine
[OK] Takaoka Sekino Shrine (Etchū Province)
[OK] Kumeno Shrine
[OK] Fuseno Shrine
[OK] Hayakahano Shrine
[OK] Sokukawa Shrine
[OK] Sokukawa Shrine (Etchū Province)
[OK] Hayakawahachiman Shrine
[OK] Hayakawa Shrine (Himi City)
[OK] Hayakawa Shrine (Takaoka City)
[OK] Hayakawa Hachiman Shrine
[OK] Kushida Shrine, Imizu
[OK] Isoheno Shrine (Etchū Province)
[OK] Yashiro Shrine
[OK] Kusaoka Shrine
[OK] Kusaoka Shrine (Etchū Province)
[OK] Kamo Shrine (Etchū Province)
[OK] Takashina Shrine
[OK] Anekura- Shrine
[OK] Kureha-Anekurahime Shrine
[OK] Anekura Himemi Shrine (Funakura, Toyama City)
[OK] Anekura Himemi Shrine (Kureha Town, Toyama City)
[OK] Hayahoshino Shrine
[OK] Shiratori Shrine (Toyama)
[OK] Takuhi Reshi Shrine
[OK] Kumano Shrine (Etchū Province)
[OK] Kumano Shrine (Etchū Province)
[OK] Kumano Shrine (Etchū Province) (Etchū Province)
[OK] Kumano Shrine (Nei district)
[OK] Kumano Shrine (Miyabo, Toyama City)
[OK] Kumano Shrine (Tomosaka, Fuchu Town)
[OK] Kumano Shrine (Nakama, Fuchu Town)
[OK] Kumano Shrine (Kumanomichi, Fuchu Town)
[OK] Takaoka Sekino Shrine (Etchū Province)
[OK] Sugihara Shrine (Etchū Province)
[OK] Usaka Shrine
[OK] Kamutono Shrine
[OK] Kando Shrine
[OK] Kashima Shrine
[OK] Takeihakatsuno Shrine
[OK] Ichihara Shrine
[OK] Yagokorōoichihiko Shrine
[OK] Hiokino Shrine
[OK] Hioki Shrine (Etchū Province)
[OK] Hioki Shrine (Niikawa district)
[OK] Hiokino Shrine (Etchū Province)
[OK] Hiokino Shrine (Etchū Province)
[OK] Fuseno Shrine (Etchū Province)
[OK] Fuse Shrine (Etchū Province)
[OK] Oyama Shrine (Etchū Province)
[OK] List of Shikinaisha in Etchū Province
[OK] Kasuga Shrine (Harima Province)
[OK] Mononoheno Shrine (Harima Province)
[OK] Kamimateinochi Shrine
[OK] Ikawadani Sōja
[OK] Mikatatano Shrine
[OK] Akaba Shrine
[OK] Iwatsuhimeno Shrine
[OK] Inazume Shrine
[OK] Isousatsu Shrine
[OK] Iwaya Shrine
[OK] Hioka Shrine
[OK] Shirakunino Shrine
[OK] Takamikura Shrine
[OK] Iibo Nimasu Amaterasu Shrine
[OK] Asō Shrine
[OK] Hafuritano Shrine (Harima Province)
[OK] Iwaida Shrine
[OK] Iwaida Shrine (Harima Province)
[OK] Ahachino Shrine (Harima Province)
[OK] Nakatomiitateno Shrine
[OK] Nakatomi Itate Shrine
[OK] Hachiman Shrine (Harima Province)
[OK] Usuki Hachiman Shrine
[OK] Yahirano Shrine
[OK] Iheshimano Shrine
[OK] Ieshima Shrine
[OK] Miyaura Shrine (Harima Province)
[OK] Iwatsuhime Shrine
[OK] Yahono Shrine
[OK] Kurawokino Shrine
[OK] Kurai Shrine
[OK] Nokuwa Shrine
[OK] Mikata Shrine
[OK] Niwata Shrine
[OK] Amakohino Shrine
[OK] Yohino Shrine
[OK] Ohoyamatonokotoshironushino Shrine
[OK] Nishino Shrine (Harima Province)
[OK] Sayotsuhimeno Shrine
[OK] Ten'ichi Shrine
[OK] Misaka Shrine
[OK] Nihitsukino Shrine
[OK] Takahano Shrine
[OK] Aratano Shrine
[OK] Hyōsu Shrine
[OK] Konawino Shrine
[OK] Katsurano- Shrine
[OK] Ootsu Shrine
[OK] Amemahitotsunono Shrine
[OK] Takatakeno Shrine
[OK] Kouhou Shrine
[OK] Isozaki Shrine
[OK] Isoheno Shrine (Harima Province)
[OK] Sakahino Shrine (Harima Province)
[OK] Sumiyoshi Shrine (Harima Province)
[OK] Saho Shrine (Harima Province)
[OK] Saho Shrine (Harima Province) (Harima Province)
[OK] Sumiyoshi Shrine (Harima Province)
[OK] Sumiyoshi Shrine (Harima Province)
[OK] Sumiyoshi Shrine (Harima Province) (Harima Province)
[OK] Sukatano Shrine
[OK] Sugata Shrine (Harima Province)
[OK] Sumiyoshi Shrine (Harima Province)
[OK] Konashino Shrine
[OK] Kakitano Shrine (Harima Province)
[OK] Wokiharano Shrine
[OK] Kogihara Shrine
[OK] Kogihara Shrine (Harima Province)
[OK] List of Shikinaisha in Harima Province
[OK] Enano Shrine
[OK] Kō Shrine (Hida Province)
[OK] Ena Shrine (Hida Province)
[OK] Kojin Shrine
[OK] Ohotsuno Shrine (Hida Province)
[OK] Tenman Shrine (Takayama)
[OK] Otsu Shrine
[OK] Tenman Shrine
[OK] Araki Shrine
[OK] Takatano Shrine
[OK] Takata Shrine (Hida Province)
[OK] Kifune Shrine (Hida Province)
[OK] Atayutano Shrine
[OK] Nakamiya Shrine
[OK] List of Shikinaisha in Hida Province
[OK] Aso-Hime Shrine
[OK] Kokuzō Shrine
[OK] List of Shikinaisha in Higo Province
[OK] Okunitama Shrine
[OK] Tatenui Shrine (Gochu, Miura Village, Ibaraki Prefecture)
[OK] Amino Shrine
[OK] Ami Shrine
[OK] Ami Shrine (Hitachi Province)
[OK] Sato Shrine (Hitachiota)
[OK] Amenohayatamahimeno- Shrine
[OK] Izumi Shrine (Hitachi Province)
[OK] Kashima Shrine (Hitachi Province)
[OK] Inamurano Shrine
[OK] Inamura Shrine
[OK] Isobe inamura Shrine
[OK] Tachinono Shrine
[OK] Tenmangū (Hitachi Province)
[OK] Tateno Shrine (Hitachi Province)
[OK] Tateno Shrine (Kuji district)
[OK] Oi Shrine (Hitachi Province)
[OK] Oi Shrine (Hitachi Province)
[OK] Aoyama Shrine
[OK] Yoshida Shrine
[OK] Awayamanoueno Shrine
[OK] Fuchiuchino Shrine
[OK] Fujiuchi Shrine
[OK] Tateno Shrine
[OK] Ariga Shrine
[OK] Fuchiuchino Shrine (Hitachi Province)
[OK] Ihafuneno Shrine
[OK] Inada Shrine
[OK] Sashinono Shrine
[OK] Sashinou Shrine
[OK] Sashinou Shrine (Hitachi Province)
[OK] Sashinono Shrine (Kasama City)
[OK] Sashinono Shrine (Kakioka, Ishioka City)
[OK] Sashinono Shrine (Ishioka City)
[OK] Kamonookaminomikokaminushitama Shrine
[OK] Iharino Shrine
[OK] Iizuna Shrine
[OK] Ebisuhari Shrine
[OK] Atago Shrine (Kasama City)
[OK] Sokubi Shrine
[OK] Taian Shrine
[OK] Koyasu Shrine (Hitachi Province)
[OK] Iharino Shrine (Hitachi Province)
[OK] Hanashiyama Shrine
[OK] Nushiishino Shrine
[OK] Sahahano Shrine
[OK] Sahahano Jigi Shrine (Nida Shrine)
[OK] Sahahano Jigi Shrine (Ōtsu Town)
[OK] List of Shikinaisha in Hitachi Province
[OK] Araho Shrine
[OK] List of Shikinaisha in Hizen Province
[OK] Kirishimano Shrine
[OK] Higashikirishima Shrine
[OK] Kirishimamine Shrine
[OK] Kirishima Higashi Shrine
[OK] List of Shikinaisha in Hyūga Province
[OK] Hahaki Shrine
[OK] Shitorino Shrine
[OK] Kusakano Shrine
[OK] Munakatano Shrine (Hōki Province)
[OK] List of Shikinaisha in Hōki Province
[OK] Yabuta Shrine
[OK] Utsukano Shrine
[OK] Hatakino Shrine
[OK] Suchiarakino Shrine
[OK] Sasa Shrine
[OK] Anaishi Shrine
[OK] Makiyamano Shrine
[OK] Womiyano Shrine
[OK] Tosakano Shrine
[OK] Ahano Shrine (Iga Province)
[OK] Ashino Shrine
[OK] Kineno Shrine (Iga Province)
[OK] Tamorino Shrine
[OK] Hichino Shrine
[OK] Omura Shrine
[OK] Hihikino Shrine
[OK] Hishikino Shrine
[OK] Ida Shrine
[OK] Witano Shrine
[OK] Inoda Shrine
[OK] Inoda Shrine (Iga Province)
[OK] Womi- Shrine
[OK] Takaseno Shrine
[OK] Sakatono Shrine (Iga Province)
[OK] Nawino Shrine
[OK] Unanenofushimino Shrine
[OK] List of Shikinaisha in Iga Province
[OK] Mitsuno Shrine (Iki Island)
[OK] Atamino Shrine
[OK] Ataya Shrine
[OK] Kumano Shrine (Iki Island)
[OK] Hyōzu Shrine
[OK] Hyōzu Shrine (Iki Island)
[OK] Hachiman Shrine (Iki Island)
[OK] Tsukuyomi Shrine
[OK] Tsukiyomi Shrine
[OK] Hakozaki Hachiman Shrine
[OK] Kunikatanushino Shrine
[OK] Takamioyano Shrine
[OK] Takami-Oya Shrine
[OK] Hakozaki Hachiman Shrine (Iki Island)
[OK] Tenakahimeno Shrine
[OK] Sashifutsuno Shrine
[OK] Dousashifutsu Shrine
[OK] Nakatsu Shrine (Iki Island)
[OK] Nakatsu Shrine (Iki Island)
[OK] Tsunoheno Shrine
[OK] Amenotanakawono Shrine
[OK] Ameno-tanakahimeno Shrine
[OK] Remains of Amenotenagahime Shrine
[OK] Misakitono Shrine
[OK] Kunitsukami Shrine
[OK] Kunitsu Shrine (Iki Island)
[OK] Tsunomiya Shrine
[OK] Amano Shrine
[OK] Watatsumi Shrine
[OK] Shirasahachiman Shrine
[OK] Tsuno Shrine (Iki Island)
[OK] Yono Shrine
[OK] Ohokutamano Shrine
[OK] Nijino Shrine
[OK] Minoheno Shrine
[OK] Kutsuokamino Shrine
[OK] Mononoheno- Shrine
[OK] Kunitsu Shrine (Iki Island)
[OK] Mononobe Futsu Shrine Site
[OK] List of Shikinaisha in Iki Island
[OK] Oshirono Shrine
[OK] Mitori Shrine
[OK] Arasuna Shrine
[OK] Miyu Shrine
[OK] Ohomuwano Shrine (Inaba Province)
[OK] Bishu Shrine
[OK] Takyonoue Shrine
[OK] Kousuna Shrine
[OK] Sami‑no‑Hyōzu Shrine
[OK] Samino- Shrine
[OK] Takanono Shrine
[OK] Koyano- Shrine
[OK] Futagami-yama Shrine (Tottori Prefecture)
[OK] Hinono Shrine
[OK] Kamurono Shrine
[OK] Takonouheno Shrine
[OK] Ikamu Shrine
[OK] Tsukiwori Shrine
[OK] Arasaka Shrine
[OK] Temino Shrine
[OK] Hatori Shrine
[OK] Mitanino Shrine (Inaba Province)
[OK] Ohoeno Shrine
[OK] Tsuhakichino- Shrine
[OK] Shihonono- Shrine
[OK] Tsuhanamino Shrine
[OK] Isononosakino Shrine
[OK] Takamukuno Shrine (Inaba Province)
[OK] Oi Shrine (Inaba Province)
[OK] Himenuno Shrine
[OK] Watarino Shrine
[OK] Kutamino Shrine
[OK] Furutachino Shrine
[OK] Mitekuranuno Shrine
[OK] Nakatomitakatakeno Shrine
[OK] Iwano Shrine
[OK] Amenohohinomikoto Shrine
[OK] Amahinatorino- Shrine
[OK] Atakatsutakemikumano Shrine
[OK] Ohowasamino- Shrine
[OK] Ohonomino- Shrine
[OK] Hayakahano Shrine (Inaba Province)
[OK] Hatawino Shrine
[OK] Kachimino Shrine
[OK] Itawi Shrine
[OK] Shikanuno Shrine
[OK] Iwai Onsen
[OK] List of Shikinaisha in Inaba Province
[OK] Isanakino Shrine (Ise Province)
[OK] Izanagi-no-Miya
[OK] Izanami-no-Miya
[OK] Tsukiyomino Shrine
[OK] Tsukiyomi Aramitama Shrine
[OK] Iso Shrine
[OK] Naraharano Shrine
[OK] Jouguuko Shrine
[OK] Ohokunitamahimeno Shrine
[OK] Katata Shrine
[OK] Kaharano- Shrine
[OK] Suhara Tai Shrine
[OK] Kaharano- Shrine (Ise Province)
[OK] Ohomano- Shrine
[OK] Kamusakino Shrine (Ise Province)
[OK] Matsushita Shrine
[OK] Kamusakino Shrine (Ise Province)
[OK] Wemurano Shrine
[OK] Ogiwara Shrine
[OK] Kiyonowihano Shrine
[OK] Ima Shrine
[OK] Kiyonowihano Shrine former site
[OK] Kawara Shrine (Ise Province)
[OK] Ohokahachino Shrine
[OK] Mifune Shrine (Ise Province)
[OK] Raiden Shrine (Ise Province)
[OK] Raiden Shrine (Ise Province)
[OK] Takabuku Taisha
[OK] Kamimura Shrine (former site)
[OK] Rikyū‑in Site
[OK] Ikazuchi Shrine (Ise Province)
[OK] Kansha Shrine
[OK] Sumaromeno Shrine
[OK] Nijugohashira Shrine Co-Enshrinement
[OK] Sumaromeno Shrine former site
[OK] Sumaromeno Shrine Co-Enshrinement
[OK] Sumaromeno Shrine former site (Ise Province)
[OK] Kushida Shrine (Matsusaka)
[OK] Kasuyano Shrine
[OK] Take Shrine (Ise Province)
[OK] Nakano Shrine
[OK] Naka Shrine
[OK] Naka Shrine (Ise Province)
[OK] Womino Shrine
[OK] Asori Shrine (Nakami, Meiwa Town)
[OK] Kamazoku‑Miden Shrine
[OK] Hatorinoitomano Shrine
[OK] Afukamuyamano Shrine
[OK] Co-Enshrinement of Afukamuyamano Shrine
[OK] Afukamuyamano Shrine former site
[OK] Kawazoe Shrine
[OK] Nanamino Shrine
[OK] Iwoumino Shrine
[OK] Uomi Shrine (Uomi, Matsusaka)
[OK] Uomi Shrine (Kawashima, Matsusaka)
[OK] Hayashino Shrine (Ise Province)
[OK] Tsuda Shrine
[OK] Nijugohashira Shrine Co-Enshrinement (Ise Province)
[OK] Hayashino Shrine former site
[OK] Afukano- Shrine
[OK] Moruyamano Shrine
[OK] Moruyamano Shrine Co-EnShrinement
[OK] Moruyamano Shrine former site
[OK] Hatada Shrine co-EnShrinement
[OK] Miyama Gozen Shrine
[OK] Unisakurano Shrine
[OK] Unino Shrine
[OK] Hatorinomatokata Shrine
[OK] Kanhatorihatadono Shrine
[OK] Nijugohashira Shrine Co-Enshrinement (Ise Province)
[OK] Hatorinomatokata Shrine former site
[OK] Amatamitsu- Shrine
[OK] Uda Myojin Site (Saiku)
[OK] Akiba Shrine (Ise Province)
[OK] Gongen Shrine (Ujizakura Shrine precincts)
[OK] Kitsune Mound (Ōta, Ueno Village)
[OK] Orikidono Shrine
[OK] Afukakotano- Shrine
[OK] Location Unknown
[OK] Afukako Shrine
[OK] Hachiōji Shrine (Morisho Village)
[OK] Nishitojoda Shrine
[OK] Oda Shrine (Isokami Shrine precincts)
[OK] Yahashira Shrine (Yotsuhikida, Kanki‑ji precincts)
[OK] Tsuda Shrine (Ise Province)
[OK] Yahashira Shrine (Yotsuhikida branch)
[OK] Co-Enshrinement of Afukakotano Shrine
[OK] Kishino Shrine
[OK] Urufutsuno Shrine
[OK] Urufutsu Shrine
[OK] Urufutsuno Shrine former site
[OK] Ukehi Shrine
[OK] Amanokagoyamano Shrine
[OK] Amano‑Kaguyama Shrine
[OK] Yahashira Shrine
[OK] Anashino Shrine
[OK] Anashi Shrine
[OK] Anashi Shrine Site
[OK] Nakaretano Shrine
[OK] Shimizu Shrine
[OK] Nijugohashira Shrine Co-Enshrinement (Ise Province)
[OK] Shimizu Shrine (Ise Province)
[OK] Hatada Shrine
[OK] Hataketano Shrine former site
[OK] Hataketano Shrine former site (Ise Province)
[OK] Nakaretanouheno Shrine
[OK] Ihatano Shrine (Ise Province)
[OK] Niigaki Shrine
[OK] Ihatano Shrine former site
[OK] Hatada Shrine Co-enshrinement (Ihatano)
[OK] Kamigaki Shrine
[OK] Hichino Shrine (Ise Province)
[OK] Amanokaguyama Shrine
[OK] Hiji Shrine (Iwanai Village, Taki District)
[OK] Co-Enshrinement of Hichino Shrine
[OK] Hotsu Village Enshrinement Theory
[OK] Hotsuda Village Enshrinement Theory
[OK] Ukehi Shrine (Otobe Village)
[OK] Co-Enshrinement of Hichino Shrine Ronsha 6
[OK] Yahashira Shrine (Abu)
[OK] Hichino shrine Co-Enshrinement
[OK] Unioka Village Enshrinement Theory
[OK] Unori Village Enshrinement Theory
[OK] Sakikurusuno Shrine co-EnShrinement
[OK] Takeohoyotono Shrine
[OK] Takesasafueno Shrine
[OK] Oikurano Shrine
[OK] Isawano Shrine
[OK] Mureno Shrine
[OK] Unino Shrine (Ise Province)
[OK] Kunarino Shrine
[OK] Ohokunitamano Shrine
[OK] Ohowakeno Shrine
[OK] Kuninomi Shrine
[OK] Kuninomi Shrine Site (Legendary Site A)
[OK] Kuninomi Shrine (Legendary Site B, Tokorocho, Matsusaka)
[OK] Aijikaue Shrine (Legendary Site C)
[OK] Hitsukurano Shrine
[OK] Nekura Shrine Site
[OK] Co-Enshrinement of Hitsukurano Shrine
[OK] Tsuda Shrine (Ise Province)
[OK] Isonokamino Shrine
[OK] Ironouheno Shrine
[OK] Kushitatsukimotono Shrine
[OK] Kamiyama Shrine
[OK] Kushida Shrine (Ise Province)
[OK] Ushinihano Shrine
[OK] Ushiniwa Shrine
[OK] Ushinihano Shrine former site
[OK] Nijugohashira Shrine
[OK] Isetaniwa Shrine
[OK] Ohokushino Shrine
[OK] Ohitano Shrine
[OK] Yahashira Shrine (Ise Province)
[OK] Ihita Shrine
[OK] Ihasakino Shrine
[OK] Kamukakino Shrine
[OK] Tachinono Shrine (Ise Province)
[OK] Ohomuwano Shrine Co-Enshrinement
[OK] Mononoheno Shrine Co-Enshrinement
[OK] Kasechino Shrine
[OK] Matsusaka Shrine
[OK] Niu Shrine
[OK] Nifunonakano Shrine
[OK] Horisakano Shrine Co-Enshrinement
[OK] Kunitsuno Shrine
[OK] Hatano Shrine (Ise Province)
[OK] Ryutengu Hata Shrine
[OK] Hata Shrine
[OK] Mononoheno Shrine (Ise Province)
[OK] Inahano Shrine
[OK] Inaba Shrine
[OK] Karasu Shrine
[OK] Sukano Shrine
[OK] Asakano Shrine
[OK] Azaka Shrine
[OK] Hateno Shrine
[OK] Hate Shrine
[OK] Hate Shrine (Ise Province)
[OK] Wokahano Shrine
[OK] Ogawa Shrine
[OK] Ukehi Shrine (Ise Province)
[OK] Iyamano Shrine
[OK] Kahaahino Shrine (Ise Province)
[OK] Kawabe Shrine
[OK] Kawabe Shrine (Ise Province)
[OK] Toshitano Shrine
[OK] Toshita Shrine
[OK] Toshita Shrine (Ise Province)
[OK] Okisomeno Shrine
[OK] Ohoichino Shrine
[OK] Ooichi Shrine
[OK] Ooichi Shrine (Ise Province)
[OK] Oichi Shrine
[OK] Oichi Shrine (Ise Province)
[OK] Shifumino Shrine
[OK] Shifumi Shrine
[OK] Shifuya Shrine Site
[OK] Wonino Shrine
[OK] Minoyano Shrine
[OK] Ayutano Shrine
[OK] Ayuta Shrine
[OK] Kandate Shrine
[OK] Wokahachino Shrine
[OK] Hisatsuchino Shrine
[OK] Hisamamechi Shrine
[OK] Hisamamechi Shrine (Ise Province)
[OK] Hisazuchi Sugawara Shrine
[OK] Hisazuchi Shrine
[OK] Karahino Shrine
[OK] Funayamano Shrine
[OK] Inafuno Shrine
[OK] Kawarano Shrine
[OK] Tawino Shrine (Ise Province)
[OK] Ohonokosono Shrine
[OK] Onokosono Shrine
[OK] Onokosono Shrine (Ise Province)
[OK] Kotoimino Shrine
[OK] Kotoimi Shrine
[OK] Kotoimi Shrine (Ise Province)
[OK] Kotoimi Shrine (Ise Province)
[OK] Kotoimi Shrine (Ise Province)
[OK] Sakawino Shrine
[OK] Sakai Shrine
[OK] Sakai Shrine (Ise Province)
[OK] Wosakino Shrine
[OK] Hisatsuchino Shrine (Ise Province)
[OK] Ihatsumino Shrine
[OK] Ishizumi Shrine
[OK] Ishidate Shrine
[OK] Minefurino Shrine
[OK] Hatorino Shrine (Ise Province)
[OK] Hataori Shrine
[OK] Hataori Shrine (Ise Province)
[OK] Yokomichino- Shrine
[OK] Kurumano Shrine
[OK] Nakushirino Shrine
[OK] Nobono Shrine Co-Enshrinement
[OK] Nakushirino Shrine Site
[OK] Kahamatano Shrine (Ise Province)
[OK] Kawamata Shrine (Ise Province)
[OK] Kawamata Shrine (Ise Province)
[OK] Kawamata Shrine (Ise Province)
[OK] Kawamata Shrine (Ise Province)
[OK] Kawamata Shrine (Ise Province)
[OK] Kawamata Shrine (Ise Province)
[OK] Makiwono Shrine
[OK] Shihakakino Shrine
[OK] Kameyama Shrine (Ise Province)
[OK] Myoujin Shrine
[OK] Shihakakino Shrine co-EnShrinement
[OK] Kataoka Shrine (Ise Province)
[OK] Akatanushino Shrine
[OK] Amenohitokuhatano Shrine
[OK] Shonai Shrine
[OK] Amanohitokuhatano Shrine Site
[OK] Tsubaki Grand Shrine
[OK] Wokishino- Shrine
[OK] Ohowino Shrine
[OK] Seki Shrine
[OK] Oi Shrine (Ise Province)
[OK] Ooi Shrine (old site)
[OK] Co-Enshrinement in Seki Shrine
[OK] Oi Shrine (Ise Province)
[OK] E Shrine (Ise Province)
[OK] Miyakeno Shrine (Ise Province)
[OK] Miyake Shrine (Ise Province)
[OK] Miyake Shrine (Ise Province)
[OK] Miyake Shrine (Ise Province)
[OK] Miyake Shrine (Ise Province)
[OK] Eno Shrine (Ise Province)
[OK] Kou Shrine
[OK] Miyake Shrine (Ise Province)
[OK] Eno Shrine (Co-Enshrinement)
[OK] E Shrine (Ise Province)
[OK] Fukeno Shrine
[OK] Ihano Shrine
[OK] Ihano Shrine (Co-Enshrinement)
[OK] Ishigami Shrine
[OK] Nakaseno Shrine (Ise Province)
[OK] Nagase Shrine (Ise Province)
[OK] Nagase Shrine (Ise Province)
[OK] Nagase Shrine (Ise Province)
[OK] Nagase Shrine (Ise Province)
[OK] Oshiyamano Shrine
[OK] Mimukono Shrine
[OK] Takaichino Shrine
[OK] Kandate Iino Takaichi Shrine
[OK] Iino Shrine
[OK] Mitsukakino Shrine
[OK] Kishino Shrine (Ise Province)
[OK] Onitano Shrine
[OK] Kahano Shrine
[OK] Yagino Shrine
[OK] Yagi Shrine (Ise Province)
[OK] Yagi Shrine (Ise Province)
[OK] Okabuto Shrine
[OK] Nakatono Shrine
[OK] Wokahano Shrine (Ise Province)
[OK] Ogawa Shrine (Ise Province)
[OK] Ogawa Shrine (Tsubaki-Nakato Keidai-sha)
[OK] Tsuhakino Shrine
[OK] Tsubaki Shrine
[OK] Tsubaki Shrine (Iino Shrine goshi)
[OK] Ihinono Shrine
[OK] Iino Shrine (Ise Province)
[OK] Kukushimino Shrine
[OK] Takawokano Shrine (Ise Province)
[OK] Ohokino Shrine
[OK] Oki Shrine
[OK] Co-Enshrinement of Ohokino Shrine Ronsha 2
[OK] Otsuka Shrine
[OK] Co-Enshrinement of Ohokino Shrine
[OK] Chota Great Camphor Tree
[OK] Oki shrine Yokkaichi
[OK] Ashikano Shrine
[OK] Ajiga Shrine
[OK] Ajiga Shrine (Ise Province)
[OK] Yafutano Shrine
[OK] Sukino Shrine
[OK] Fukatano Shrine
[OK] Hashino Shrine
[OK] Haji Shrine
[OK] Nishihaji Shrine
[OK] Ohokano- Shrine
[OK] Miyake Shrine (Ise Province)
[OK] Kandate Iino Takaichi Shrine  Co-Enshrinement
[OK] Ooshikamiyake Shrine
[OK] Etano Shrine (Ise Province)
[OK] Eda Shrine (Ise Province)
[OK] Uonomori Shrine
[OK] Hirohata Shrine
[OK] Kafuno Shrine
[OK] Kafu Shrine
[OK] Kafu Shrine (Ise Province)
[OK] Kamusakino Shrine (Ise Province)
[OK] Wokosono Shrine
[OK] Ashimitano Shrine
[OK] Ashimita Shrine
[OK] Kafu Shrine (Ise Province)
[OK] Tsuhakikishino Shrine
[OK] Tsubakikishi Shrine
[OK] Tsubaki Ō Shrine Betsugu Tsubakigishi Shrine
[OK] Ikarukano Shrine
[OK] Igatomega Shrine
[OK] Ikaruga Shrine
[OK] Noharano Shrine
[OK] Kirutano Shrine
[OK] Isoheno Shrine (Ise Province)
[OK] Usakikamino Shrine
[OK] Unakami Mimitoshi Shrine
[OK] Unakami Shrine
[OK] Ohowano Shrine
[OK] Co-Enshrinement of Ohowano Shrine (Ronsha 1)
[OK] Ō Shrine (Ise Province)
[OK] Tahikano Shrine
[OK] Toriiteno Shrine
[OK] Yasotsuminokurano Shrine
[OK] Shiteno Shrine
[OK] Mimitoshino Shrine
[OK] Unakami Mimitoshi Shrine (Ise Province)
[OK] Hozumi Shrine (Ise Province)
[OK] Mimutsune Shrine
[OK] Mimitsuneno Shrine
[OK] Mimitsune Shrine
[OK] Mimutsune Shrine (Ise Province)
[OK] Utsushitano Shrine
[OK] Kushitano Shrine
[OK] Ide Shrine
[OK] Uekurino Shrine
[OK] Fushino Shrine
[OK] Hotsumino Shrine
[OK] Hozumi Shrine (Ise Province)
[OK] Hotsumino Shrine former site
[OK] Co-Enshrinement of Hotsumino Shrine
[OK] Sakurano Shrine
[OK] Sakura Shrine old site
[OK] Co-Enshrinement of Sakurano Shrine
[OK] Wishirino Shrine
[OK] Nakakurano Shrine
[OK] Nahashirono Shrine
[OK] Haseno Shrine
[OK] Old Hase Shrine Monument
[OK] Co-Enshrinement of Haseno Shrine
[OK] Kamono Shrine (Ise Province)
[OK] Ishino Shrine (Ise Province)
[OK] Tanaheno Shrine
[OK] Tanahi Shrine
[OK] Tanahi Shrine (Ise Province)
[OK] Winaheno Shrine
[OK] Inabu Shrine
[OK] Inabe Shrine
[OK] Totorinoyamatano Shrine
[OK] Totorino Shrine
[OK] Tottori Shrine
[OK] Tottori Shrine (Ise Province)
[OK] Ohotanino Shrine
[OK] Kamono Shrine (Ise Province)
[OK] Hoshikahano Shrine
[OK] Kuhanano Shrine
[OK] Sanofuno Shrine
[OK] Wotsuno Shrine
[OK] Oyama Otsu Shrine
[OK] Otsu Shrine (Ise Province)
[OK] Oino Otsu Shrine
[OK] Woyamano Shrine
[OK] Noshirino Shrine
[OK] Wonono Shrine
[OK] Fukaeno Shrine
[OK] Nukatano Shrine
[OK] Nukata Shrine
[OK] Nukata Shrine (Ise Province)
[OK] Uga Shrine (Ise Province)
[OK] Nakatomino Shrine
[OK] Haseno Shrine (Ise Province)
[OK] Tatsusaka Shrine
[OK] List of Shikinaisha in Ise Province
[OK] Mononobe Shrine (Iwami Province)
[OK] Kamutano Shrine
[OK] Karita Shrine
[OK] Minamihachimanguu
[OK] Kamutano Shrine (Iwami Province)
[OK] Sasuka Shrine
[OK] Asakurahiko-no-Mikoto Shrine
[OK] Nihikusohimeno- Shrine
[OK] Nihehimeno Shrine
[OK] Niheihimegami Shrine
[OK] Niheihimegami Shrine (Iwami Province)
[OK] Nihehimeno Shrine (Iwami Province)
[OK] Sahime- Shrine
[OK] Sahimeyama Shrine
[OK] Sahimeyama Shrine (Iwami Province)
[OK] Sahime- Shrine (Iwami Province)
[OK] Nowino Shrine
[OK] Shizuma Shrine
[OK] Kamubeno Shrine
[OK] Kikamino Shrine
[OK] Yamanohenoyashirohime- Shrine
[OK] Yamabeyatsushirohimemiko Shrine
[OK] Yamabeyatsushirohimemiko Shrine (Iwami Province)
[OK] Yamabe Yashirohime Shrine
[OK] Yamabe Yashirohime Shrine (Iwami Province)
[OK] Hiyakurakuno Shrine
[OK] Hekireki Shrine
[OK] Kaguraokahachimanguu
[OK] Hiyakurakuno Shrine (Iwami Province)
[OK] Minokamino Shrine
[OK] Kokubunjihiyakurakuno Shrine
[OK] Kaguraokahachimanguu (Iwami Province)
[OK] Kokubunji Hekireki Shrine
[OK] Itakeru Shrine
[OK] Kokubunjihekireki Shrine
[OK] Tahatono Shrine
[OK] Tsutono Shrine
[OK] Taimasan Shrine
[OK] Amenotoyotarashikarahimenomikoto Shrine
[OK] Oomatsuriamaihakatohikono Shrine
[OK] Ohiihikono- Shrine
[OK] Kushiro-kokeka- Shrine
[OK] Ohotoshino Shrine
[OK] Tsunotsu Otoshi Shrine
[OK] Otoshi Shrine
[OK] Otoshi Shrine (Iwami Province)
[OK] Otoshi Shrine (Iwami Province)
[OK] Otoshi Shrine (Iwami Province)
[OK] Otoshi Shrine (Iwami Province)
[OK] Yamaheno Shrine
[OK] Yamabe Shrine
[OK] Yamabe Shrine (Iwami Province)
[OK] Hachimangū (Iwami Province)
[OK] Inari Shrine
[OK] Myouken Shrine
[OK] Yasuno Shrine
[OK] Amatsuno Shrine
[OK] Tatatakehorineno- Shrine
[OK] Ohoharano Shrine
[OK] Oohara Shrine
[OK] Kamo Shrine (Iwami Province)
[OK] Oohara Shrine (Iwami Province)
[OK] Ohara Shrine
[OK] Ohara Shrine (Iwami Province)
[OK] Oohara Shrine (Ochi district)
[OK] Sukanonoamenotakarawakakono- Shrine
[OK] Sahimeyama Shrine (Iwami Province)
[OK] Shimihaamaihakatsuno- Shrine
[OK] Kushirokahime Shrine
[OK] Wonono-azuwake- Shrine
[OK] List of Shikinaisha in Iwami Province
[OK] Murayama Shrine
[OK] Kuroshima Shrine
[OK] Sasakuno Shrine
[OK] Futsuno Shrine (Iyo Province)
[OK] Sufuno Shrine
[OK] Ohosukino Shrine
[OK] Himesakano Shrine
[OK] Himesaka Shrine
[OK] Mishima Shrine (Iyo Province)
[OK] Taki Shrine (Iyo Province)
[OK] Makimoto Shrine
[OK] Noma Shrine
[OK] Kunitsuhiko-no-Mikoto Shrine
[OK] Ajimino Shrine
[OK] Anumi Shrine (Iyo Province)
[OK] Izumowokano Shrine
[OK] Iyono Shrine
[OK] Iyotsubikoinochi Shrine
[OK] Isonono Shrine
[OK] Takaoshihime Shrine
[OK] Iyotsuhikono- Shrine
[OK] List of Shikinaisha in Iyo Province
[OK] Hafuhimeno- Shrine
[OK] Habuhime-no-Mikoto Shrine
[OK] Habuhime Shrine (Shimoda)
[OK] Ikamuhimeno- Shrine
[OK] Kisaki Shrine
[OK] Sengen Shrine
[OK] Asama Shrine (Izu Province Second Shrine)
[OK] Sakitamahimeno- Shrine
[OK] Oshaku Shrine
[OK] Ryou Shrine
[OK] Inane Shrine
[OK] Azusawakenomikoto Shrine
[OK] Takemikakano- Shrine
[OK] Hachiman Shrine (Izu Province)
[OK] Wakamiya (Izu Province)
[OK] Daisen Ōji Shrine
[OK] Monoiminano- Shrine
[OK] Monoiminano- Shrine (Izu Province)
[OK] Hayatamawakenomikoto Shrine
[OK] Ihare- Shrine
[OK] Irō Shrine
[OK] Hachimangū Kinomiya Shrine
[OK] Ihare- Shrine (Izu Province)
[OK] Itsunahimeno Shrine
[OK] Sutou Shrine
[OK] Toga Shrine (Izu Province)
[OK] Hayashino- Shrine
[OK] Soto Shrine
[OK] Hayashino- Shrine former site
[OK] Ubaihoumei Shrine
[OK] Katasukano- Shrine
[OK] Katasuge Shrine
[OK] Wakamiya Shrine (Izu Province)
[OK] Katsugumi Shrine
[OK] Katasuge Shrine (Izu Province)
[OK] Ninomiya Shrine (Izu Province)
[OK] Yasuno- Shrine
[OK] Kamino- Shrine
[OK] Ihanohimeno- Shrine
[OK] Takihira Shrine, Takehira Shrine
[OK] Ninomiya Shrine (Tsubota)
[OK] Takehira Shrine
[OK] Nakichi- Shrine
[OK] Oshaku Shrine (Izu Province)
[OK] Terano- Shrine
[OK] Yamanokami
[OK] Hachiouji Shrine
[OK] Teranomikoto Shrine
[OK] Yama‑no‑Kami Shrine (Teragaya, Nijō, Minamiizu Town, Shizuoka Prefecture)
[OK] Hachiōji Shrine
[OK] Kamisawa Shrine
[OK] Koshikino- Shrine
[OK] Takeishitsukino- Shrine
[OK] Takeasa Shrine
[OK] Mitaka Shrine
[OK] Mishima Shrine (Aono, Minamiizu)
[OK] Takeishitsukino- Shrine (Izu Province)
[OK] Himemiya Shrine Co-Enshrinement
[OK] Tomari Shrine
[OK] Kumomi Sengen Shrine (Ontake Sengen-gū)
[OK] Sukihoko- Shrine
[OK] Sugihokowake no Mikoto Shrine
[OK] Kinomiya Shrine (Izu Province)
[OK] Sukihoko- Shrine (Izu Province)
[OK] Mishima Shrine (Shimoda)
[OK] Ihakurawakeno- Shrine
[OK] Hachiman Shrine (Koura, Minamiizu)
[OK] Hachiman‑gu Kinomiya Shrine
[OK] Kumano Shrine (Iwadono, Minamiizu Town)
[OK] Hachiman Shrine (Koura)
[OK] Sengen Shrine (Shimoda)
[OK] Mishima Shrine (Izu Province)
[OK] Himemiya Shrine
[OK] Awa-no-Mikoto Shrine
[OK] Shiritakino Shrine
[OK] Shiitori Shrine
[OK] Shiritaogi Shrine
[OK] Shiitori Shrine (Izu Province)
[OK] Shiitori Shrine Main Hall
[OK] Minamikono Shrine
[OK] Minamikogami Shrine
[OK] Nago Shrine
[OK] Oshaku Shrine (Izu Province)
[OK] Minamishikyuu
[OK] Nanko Shrine (Mikojima)
[OK] Nanko Shrine
[OK] Oshaku Shrine (sessha)
[OK] Nanako‑no‑miya Shrine (within Kisaki Shrine precincts)
[OK] Achiko Shrine
[OK] Omiya Shrine
[OK] Ajiko Shrine
[OK] Achiko Shrine (Izu Province)
ERROR creating shrine page for Ihatewakeno- Shrine: {'code': 'edit-already-exists', 'info': 'Could not create a new page. It already exists.', '*': 'See https://shinto.miraheze.org/w/api.php for API usage. Subscribe to the mediawiki-api-announce mailing list at &lt;https://lists.wikimedia.org/postorius/lists/mediawiki-api-announce.lists.wikimedia.org/&gt; for notice of API deprecations and breaking changes.'}
ERROR creating shrine page for Suwa Shrine: {'code': 'edit-already-exists', 'info': 'Could not create a new page. It already exists.', '*': 'See https://shinto.miraheze.org/w/api.php for API usage. Subscribe to the mediawiki-api-announce mailing list at &lt;https://lists.wikimedia.org/postorius/lists/mediawiki-api-announce.lists.wikimedia.org/&gt; for notice of API deprecations and breaking changes.'}
ERROR creating shrine page for Unai Shrine: {'code': 'editconflict', 'info': 'Edit conflict.', '*': 'See https://shinto.miraheze.org/w/api.php for API usage. Subscribe to the mediawiki-api-announce mailing list at &lt;https://lists.wikimedia.org/postorius/lists/mediawiki-api-announce.lists.wikimedia.org/&gt; for notice of API deprecations and breaking changes.'}
[OK] Ihatewakeno- Shrine (Izu Province)
ERROR creating shrine page for Hotsusakeno- Shrine: {'code': 'edit-already-exists', 'info': 'Could not create a new page. It already exists.', '*': 'See https://shinto.miraheze.org/w/api.php for API usage. Subscribe to the mediawiki-api-announce mailing list at &lt;https://lists.wikimedia.org/postorius/lists/mediawiki-api-announce.lists.wikimedia.org/&gt; for notice of API deprecations and breaking changes.'}
ERROR creating shrine page for Ouji Shrine: {'code': 'edit-already-exists', 'info': 'Could not create a new page. It already exists.', '*': 'See https://shinto.miraheze.org/w/api.php for API usage. Subscribe to the mediawiki-api-announce mailing list at &lt;https://lists.wikimedia.org/postorius/lists/mediawiki-api-announce.lists.wikimedia.org/&gt; for notice of API deprecations and breaking changes.'}
ERROR creating shrine page for Mishima Shrine (Minamiizu ): {'code': 'edit-already-exists', 'info': 'Could not create a new page. It already exists.', '*': 'See https://shinto.miraheze.org/w/api.php for API usage. Subscribe to the mediawiki-api-announce mailing list at &lt;https://lists.wikimedia.org/postorius/lists/mediawiki-api-announce.lists.wikimedia.org/&gt; for notice of API deprecations and breaking changes.'}
[OK] Hotsusakeno- Shrine (Izu Province)
ERROR creating shrine page for Ohotsunoyukino- Shrine: {'code': 'edit-already-exists', 'info': 'Could not create a new page. It already exists.', '*': 'See https://shinto.miraheze.org/w/api.php for API usage. Subscribe to the mediawiki-api-announce mailing list at &lt;https://lists.wikimedia.org/postorius/lists/mediawiki-api-announce.lists.wikimedia.org/&gt; for notice of API deprecations and breaking changes.'}
ERROR creating shrine page for Mishima Shrine (Minamiizu): {'code': 'edit-already-exists', 'info': 'Could not create a new page. It already exists.', '*': 'See https://shinto.miraheze.org/w/api.php for API usage. Subscribe to the mediawiki-api-announce mailing list at &lt;https://lists.wikimedia.org/postorius/lists/mediawiki-api-announce.lists.wikimedia.org/&gt; for notice of API deprecations and breaking changes.'}
ERROR creating shrine page for Hajikama Shrine: {'code': 'edit-already-exists', 'info': 'Could not create a new page. It already exists.', '*': 'See https://shinto.miraheze.org/w/api.php for API usage. Subscribe to the mediawiki-api-announce mailing list at &lt;https://lists.wikimedia.org/postorius/lists/mediawiki-api-announce.lists.wikimedia.org/&gt; for notice of API deprecations and breaking changes.'}
ERROR creating shrine page for Fusawokino Shrine: {'code': 'edit-already-exists', 'info': 'Could not create a new page. It already exists.', '*': 'See https://shinto.miraheze.org/w/api.php for API usage. Subscribe to the mediawiki-api-announce mailing list at &lt;https://lists.wikimedia.org/postorius/lists/mediawiki-api-announce.lists.wikimedia.org/&gt; for notice of API deprecations and breaking changes.'}
[OK] Mishima Shrine (Izu Province)
[OK] Mishima Shrine (Izu Province) (Izu Province)
[OK] Fusawokino Shrine (Izu Province)
ERROR creating shrine page for Sasaharahime- Shrine: {'code': 'edit-already-exists', 'info': 'Could not create a new page. It already exists.', '*': 'See https://shinto.miraheze.org/w/api.php for API usage. Subscribe to the mediawiki-api-announce mailing list at &lt;https://lists.wikimedia.org/postorius/lists/mediawiki-api-announce.lists.wikimedia.org/&gt; for notice of API deprecations and breaking changes.'}
ERROR creating shrine page for Takama Shrine: {'code': 'edit-already-exists', 'info': 'Could not create a new page. It already exists.', '*': 'See https://shinto.miraheze.org/w/api.php for API usage. Subscribe to the mediawiki-api-announce mailing list at &lt;https://lists.wikimedia.org/postorius/lists/mediawiki-api-announce.lists.wikimedia.org/&gt; for notice of API deprecations and breaking changes.'}
ERROR creating shrine page for Tsukima Shrine: {'code': 'edit-already-exists', 'info': 'Could not create a new page. It already exists.', '*': 'See https://shinto.miraheze.org/w/api.php for API usage. Subscribe to the mediawiki-api-announce mailing list at &lt;https://lists.wikimedia.org/postorius/lists/mediawiki-api-announce.lists.wikimedia.org/&gt; for notice of API deprecations and breaking changes.'}
ERROR creating shrine page for Wakamiya Shrine: {'code': 'editconflict', 'info': 'Edit conflict.', '*': 'See https://shinto.miraheze.org/w/api.php for API usage. Subscribe to the mediawiki-api-announce mailing list at &lt;https://lists.wikimedia.org/postorius/lists/mediawiki-api-announce.lists.wikimedia.org/&gt; for notice of API deprecations and breaking changes.'}
[OK] Tsukima Shrine (Izu Province)
ERROR creating shrine page for Hachiman Shrine (Kisami, Shimoda): {'code': 'edit-already-exists', 'info': 'Could not create a new page. It already exists.', '*': 'See https://shinto.miraheze.org/w/api.php for API usage. Subscribe to the mediawiki-api-announce mailing list at &lt;https://lists.wikimedia.org/postorius/lists/mediawiki-api-announce.lists.wikimedia.org/&gt; for notice of API deprecations and breaking changes.'}
ERROR creating shrine page for Wakamiya Shrine (Minato, Minamiizu Town): {'code': 'edit-already-exists', 'info': 'Could not create a new page. It already exists.', '*': 'See https://shinto.miraheze.org/w/api.php for API usage. Subscribe to the mediawiki-api-announce mailing list at &lt;https://lists.wikimedia.org/postorius/lists/mediawiki-api-announce.lists.wikimedia.org/&gt; for notice of API deprecations and breaking changes.'}
[OK] Kamono Shrine (Izu Province)
[OK] Kabatakamo Shrine
ERROR creating shrine page for Mishima Shrine (Minamiizu-chō Nijō): {'code': 'edit-already-exists', 'info': 'Could not create a new page. It already exists.', '*': 'See https://shinto.miraheze.org/w/api.php for API usage. Subscribe to the mediawiki-api-announce mailing list at &lt;https://lists.wikimedia.org/postorius/lists/mediawiki-api-announce.lists.wikimedia.org/&gt; for notice of API deprecations and breaking changes.'}
ERROR creating shrine page for Kahata Kamo Shrine: {'code': 'edit-already-exists', 'info': 'Could not create a new page. It already exists.', '*': 'See https://shinto.miraheze.org/w/api.php for API usage. Subscribe to the mediawiki-api-announce mailing list at &lt;https://lists.wikimedia.org/postorius/lists/mediawiki-api-announce.lists.wikimedia.org/&gt; for notice of API deprecations and breaking changes.'}
ERROR creating shrine page for Mishima Shrine (Nijo, Minamiizu Town): {'code': 'edit-already-exists', 'info': 'Could not create a new page. It already exists.', '*': 'See https://shinto.miraheze.org/w/api.php for API usage. Subscribe to the mediawiki-api-announce mailing list at &lt;https://lists.wikimedia.org/postorius/lists/mediawiki-api-announce.lists.wikimedia.org/&gt; for notice of API deprecations and breaking changes.'}
ERROR creating shrine page for Araki Shrine (Izunokuni): {'code': 'edit-already-exists', 'info': 'Could not create a new page. It already exists.', '*': 'See https://shinto.miraheze.org/w/api.php for API usage. Subscribe to the mediawiki-api-announce mailing list at &lt;https://lists.wikimedia.org/postorius/lists/mediawiki-api-announce.lists.wikimedia.org/&gt; for notice of API deprecations and breaking changes.'}
ERROR creating shrine page for Fumunashino Shrine: {'code': 'edit-already-exists', 'info': 'Could not create a new page. It already exists.', '*': 'See https://shinto.miraheze.org/w/api.php for API usage. Subscribe to the mediawiki-api-announce mailing list at &lt;https://lists.wikimedia.org/postorius/lists/mediawiki-api-announce.lists.wikimedia.org/&gt; for notice of API deprecations and breaking changes.'}
ERROR creating shrine page for Sanai Shrine: {'code': 'edit-already-exists', 'info': 'Could not create a new page. It already exists.', '*': 'See https://shinto.miraheze.org/w/api.php for API usage. Subscribe to the mediawiki-api-announce mailing list at &lt;https://lists.wikimedia.org/postorius/lists/mediawiki-api-announce.lists.wikimedia.org/&gt; for notice of API deprecations and breaking changes.'}
ERROR creating shrine page for Manguu Shrine: {'code': 'edit-already-exists', 'info': 'Could not create a new page. It already exists.', '*': 'See https://shinto.miraheze.org/w/api.php for API usage. Subscribe to the mediawiki-api-announce mailing list at &lt;https://lists.wikimedia.org/postorius/lists/mediawiki-api-announce.lists.wikimedia.org/&gt; for notice of API deprecations and breaking changes.'}
[OK] Shinmei Shrine (Izu Province)
ERROR creating shrine page for Sanai Shrine (former sessha of Mishima Taisha): {'code': 'edit-already-exists', 'info': 'Could not create a new page. It already exists.', '*': 'See https://shinto.miraheze.org/w/api.php for API usage. Subscribe to the mediawiki-api-announce mailing list at &lt;https://lists.wikimedia.org/postorius/lists/mediawiki-api-announce.lists.wikimedia.org/&gt; for notice of API deprecations and breaking changes.'}
ERROR creating shrine page for Mangu Shrine: {'code': 'edit-already-exists', 'info': 'Could not create a new page. It already exists.', '*': 'See https://shinto.miraheze.org/w/api.php for API usage. Subscribe to the mediawiki-api-announce mailing list at &lt;https://lists.wikimedia.org/postorius/lists/mediawiki-api-announce.lists.wikimedia.org/&gt; for notice of API deprecations and breaking changes.'}
ERROR creating shrine page for Shinmei Shrine (Shinmei Hachiman Shrine): {'code': 'edit-already-exists', 'info': 'Could not create a new page. It already exists.', '*': 'See https://shinto.miraheze.org/w/api.php for API usage. Subscribe to the mediawiki-api-announce mailing list at &lt;https://lists.wikimedia.org/postorius/lists/mediawiki-api-announce.lists.wikimedia.org/&gt; for notice of API deprecations and breaking changes.'}
ERROR creating shrine page for Karuno Shrine: {'code': 'editconflict', 'info': 'Edit conflict.', '*': 'See https://shinto.miraheze.org/w/api.php for API usage. Subscribe to the mediawiki-api-announce mailing list at &lt;https://lists.wikimedia.org/postorius/lists/mediawiki-api-announce.lists.wikimedia.org/&gt; for notice of API deprecations and breaking changes.'}
ERROR creating shrine page for Kuwato Shrine: {'code': 'edit-already-exists', 'info': 'Could not create a new page. It already exists.', '*': 'See https://shinto.miraheze.org/w/api.php for API usage. Subscribe to the mediawiki-api-announce mailing list at &lt;https://lists.wikimedia.org/postorius/lists/mediawiki-api-announce.lists.wikimedia.org/&gt; for notice of API deprecations and breaking changes.'}
ERROR creating shrine page for Kosaka Shrine: {'code': 'edit-already-exists', 'info': 'Could not create a new page. It already exists.', '*': 'See https://shinto.miraheze.org/w/api.php for API usage. Subscribe to the mediawiki-api-announce mailing list at &lt;https://lists.wikimedia.org/postorius/lists/mediawiki-api-announce.lists.wikimedia.org/&gt; for notice of API deprecations and breaking changes.'}
ERROR creating shrine page for Shizu Shrine: {'code': 'edit-already-exists', 'info': 'Could not create a new page. It already exists.', '*': 'See https://shinto.miraheze.org/w/api.php for API usage. Subscribe to the mediawiki-api-announce mailing list at &lt;https://lists.wikimedia.org/postorius/lists/mediawiki-api-announce.lists.wikimedia.org/&gt; for notice of API deprecations and breaking changes.'}
ERROR creating shrine page for Takahashi Shrine: {'code': 'editconflict', 'info': 'Edit conflict.', '*': 'See https://shinto.miraheze.org/w/api.php for API usage. Subscribe to the mediawiki-api-announce mailing list at &lt;https://lists.wikimedia.org/postorius/lists/mediawiki-api-announce.lists.wikimedia.org/&gt; for notice of API deprecations and breaking changes.'}
ERROR creating shrine page for Nagahama Shrine: {'code': 'editconflict', 'info': 'Edit conflict.', '*': 'See https://shinto.miraheze.org/w/api.php for API usage. Subscribe to the mediawiki-api-announce mailing list at &lt;https://lists.wikimedia.org/postorius/lists/mediawiki-api-announce.lists.wikimedia.org/&gt; for notice of API deprecations and breaking changes.'}
[OK] Kutsumino Shrine (Izu Province)
ERROR creating shrine page for Kuzumi Shrine: {'code': 'edit-already-exists', 'info': 'Could not create a new page. It already exists.', '*': 'See https://shinto.miraheze.org/w/api.php for API usage. Subscribe to the mediawiki-api-announce mailing list at &lt;https://lists.wikimedia.org/postorius/lists/mediawiki-api-announce.lists.wikimedia.org/&gt; for notice of API deprecations and breaking changes.'}
ERROR creating shrine page for Yuzen Shrine: {'code': 'edit-already-exists', 'info': 'Could not create a new page. It already exists.', '*': 'See https://shinto.miraheze.org/w/api.php for API usage. Subscribe to the mediawiki-api-announce mailing list at &lt;https://lists.wikimedia.org/postorius/lists/mediawiki-api-announce.lists.wikimedia.org/&gt; for notice of API deprecations and breaking changes.'}
[OK] Kutsumino Shrine (Izu Province)
ERROR creating shrine page for Ihatokono Shrine: {'code': 'edit-already-exists', 'info': 'Could not create a new page. It already exists.', '*': 'See https://shinto.miraheze.org/w/api.php for API usage. Subscribe to the mediawiki-api-announce mailing list at &lt;https://lists.wikimedia.org/postorius/lists/mediawiki-api-announce.lists.wikimedia.org/&gt; for notice of API deprecations and breaking changes.'}
ERROR creating shrine page for Mamezuka Shrine: {'code': 'edit-already-exists', 'info': 'Could not create a new page. It already exists.', '*': 'See https://shinto.miraheze.org/w/api.php for API usage. Subscribe to the mediawiki-api-announce mailing list at &lt;https://lists.wikimedia.org/postorius/lists/mediawiki-api-announce.lists.wikimedia.org/&gt; for notice of API deprecations and breaking changes.'}
ERROR creating shrine page for Moriyama Hachiman Shrine: {'code': 'edit-already-exists', 'info': 'Could not create a new page. It already exists.', '*': 'See https://shinto.miraheze.org/w/api.php for API usage. Subscribe to the mediawiki-api-announce mailing list at &lt;https://lists.wikimedia.org/postorius/lists/mediawiki-api-announce.lists.wikimedia.org/&gt; for notice of API deprecations and breaking changes.'}
ERROR creating shrine page for Ishitokutaka Shrine (Mamezuka Shrine): {'code': 'edit-already-exists', 'info': 'Could not create a new page. It already exists.', '*': 'See https://shinto.miraheze.org/w/api.php for API usage. Subscribe to the mediawiki-api-announce mailing list at &lt;https://lists.wikimedia.org/postorius/lists/mediawiki-api-announce.lists.wikimedia.org/&gt; for notice of API deprecations and breaking changes.'}
ERROR creating shrine page for Ikamashi Shrine: {'code': 'edit-already-exists', 'info': 'Could not create a new page. It already exists.', '*': 'See https://shinto.miraheze.org/w/api.php for API usage. Subscribe to the mediawiki-api-announce mailing list at &lt;https://lists.wikimedia.org/postorius/lists/mediawiki-api-announce.lists.wikimedia.org/&gt; for notice of API deprecations and breaking changes.'}
ERROR creating shrine page for Hiroseno Shrine: {'code': 'edit-already-exists', 'info': 'Could not create a new page. It already exists.', '*': 'See https://shinto.miraheze.org/w/api.php for API usage. Subscribe to the mediawiki-api-announce mailing list at &lt;https://lists.wikimedia.org/postorius/lists/mediawiki-api-announce.lists.wikimedia.org/&gt; for notice of API deprecations and breaking changes.'}
ERROR creating shrine page for Hirose Shrine (Izunokuni): {'code': 'edit-already-exists', 'info': 'Could not create a new page. It already exists.', '*': 'See https://shinto.miraheze.org/w/api.php for API usage. Subscribe to the mediawiki-api-announce mailing list at &lt;https://lists.wikimedia.org/postorius/lists/mediawiki-api-announce.lists.wikimedia.org/&gt; for notice of API deprecations and breaking changes.'}
ERROR creating shrine page for Hirose Shrine: {'code': 'edit-already-exists', 'info': 'Could not create a new page. It already exists.', '*': 'See https://shinto.miraheze.org/w/api.php for API usage. Subscribe to the mediawiki-api-announce mailing list at &lt;https://lists.wikimedia.org/postorius/lists/mediawiki-api-announce.lists.wikimedia.org/&gt; for notice of API deprecations and breaking changes.'}
[OK] Hiroseno Shrine (Izu Province)
ERROR creating shrine page for Ogawaizumisui Shrine: {'code': 'edit-already-exists', 'info': 'Could not create a new page. It already exists.', '*': 'See https://shinto.miraheze.org/w/api.php for API usage. Subscribe to the mediawiki-api-announce mailing list at &lt;https://lists.wikimedia.org/postorius/lists/mediawiki-api-announce.lists.wikimedia.org/&gt; for notice of API deprecations and breaking changes.'}
ERROR creating shrine page for Ohoasano Shrine: {'code': 'edit-already-exists', 'info': 'Could not create a new page. It already exists.', '*': 'See https://shinto.miraheze.org/w/api.php for API usage. Subscribe to the mediawiki-api-announce mailing list at &lt;https://lists.wikimedia.org/postorius/lists/mediawiki-api-announce.lists.wikimedia.org/&gt; for notice of API deprecations and breaking changes.'}
ERROR creating shrine page for Ooasa Shrine: {'code': 'edit-already-exists', 'info': 'Could not create a new page. It already exists.', '*': 'See https://shinto.miraheze.org/w/api.php for API usage. Subscribe to the mediawiki-api-announce mailing list at &lt;https://lists.wikimedia.org/postorius/lists/mediawiki-api-announce.lists.wikimedia.org/&gt; for notice of API deprecations and breaking changes.'}
[OK] Omiya Shrine (Izu Province)
ERROR creating shrine page for Akaou Shrine: {'code': 'edit-already-exists', 'info': 'Could not create a new page. It already exists.', '*': 'See https://shinto.miraheze.org/w/api.php for API usage. Subscribe to the mediawiki-api-announce mailing list at &lt;https://lists.wikimedia.org/postorius/lists/mediawiki-api-announce.lists.wikimedia.org/&gt; for notice of API deprecations and breaking changes.'}
ERROR creating shrine page for Washizu Shrine: {'code': 'edit-already-exists', 'info': 'Could not create a new page. It already exists.', '*': 'See https://shinto.miraheze.org/w/api.php for API usage. Subscribe to the mediawiki-api-announce mailing list at &lt;https://lists.wikimedia.org/postorius/lists/mediawiki-api-announce.lists.wikimedia.org/&gt; for notice of API deprecations and breaking changes.'}
ERROR creating shrine page for Oasa Shrine: {'code': 'edit-already-exists', 'info': 'Could not create a new page. It already exists.', '*': 'See https://shinto.miraheze.org/w/api.php for API usage. Subscribe to the mediawiki-api-announce mailing list at &lt;https://lists.wikimedia.org/postorius/lists/mediawiki-api-announce.lists.wikimedia.org/&gt; for notice of API deprecations and breaking changes.'}
ERROR creating shrine page for Ōmiya Shrine (Shiraiwa Ōasa Shrine): {'code': 'edit-already-exists', 'info': 'Could not create a new page. It already exists.', '*': 'See https://shinto.miraheze.org/w/api.php for API usage. Subscribe to the mediawiki-api-announce mailing list at &lt;https://lists.wikimedia.org/postorius/lists/mediawiki-api-announce.lists.wikimedia.org/&gt; for notice of API deprecations and breaking changes.'}
ERROR creating shrine page for Tamatsukuri Shrine: {'code': 'edit-already-exists', 'info': 'Could not create a new page. It already exists.', '*': 'See https://shinto.miraheze.org/w/api.php for API usage. Subscribe to the mediawiki-api-announce mailing list at &lt;https://lists.wikimedia.org/postorius/lists/mediawiki-api-announce.lists.wikimedia.org/&gt; for notice of API deprecations and breaking changes.'}
ERROR creating shrine page for Yanakihara Shrine: {'code': 'edit-already-exists', 'info': 'Could not create a new page. It already exists.', '*': 'See https://shinto.miraheze.org/w/api.php for API usage. Subscribe to the mediawiki-api-announce mailing list at &lt;https://lists.wikimedia.org/postorius/lists/mediawiki-api-announce.lists.wikimedia.org/&gt; for notice of API deprecations and breaking changes.'}
ERROR creating shrine page for Yanagihara Shrine: {'code': 'editconflict', 'info': 'Edit conflict.', '*': 'See https://shinto.miraheze.org/w/api.php for API usage. Subscribe to the mediawiki-api-announce mailing list at &lt;https://lists.wikimedia.org/postorius/lists/mediawiki-api-announce.lists.wikimedia.org/&gt; for notice of API deprecations and breaking changes.'}
[OK] Yanakihara Shrine (Izu Province)
ERROR creating shrine page for Hihayo Tenjin Shrine: {'code': 'edit-already-exists', 'info': 'Could not create a new page. It already exists.', '*': 'See https://shinto.miraheze.org/w/api.php for API usage. Subscribe to the mediawiki-api-announce mailing list at &lt;https://lists.wikimedia.org/postorius/lists/mediawiki-api-announce.lists.wikimedia.org/&gt; for notice of API deprecations and breaking changes.'}
ERROR creating shrine page for Tachi Shrine: {'code': 'edit-already-exists', 'info': 'Could not create a new page. It already exists.', '*': 'See https://shinto.miraheze.org/w/api.php for API usage. Subscribe to the mediawiki-api-announce mailing list at &lt;https://lists.wikimedia.org/postorius/lists/mediawiki-api-announce.lists.wikimedia.org/&gt; for notice of API deprecations and breaking changes.'}
ERROR creating shrine page for Homusuhino- Shrine: {'code': 'edit-already-exists', 'info': 'Could not create a new page. It already exists.', '*': 'See https://shinto.miraheze.org/w/api.php for API usage. Subscribe to the mediawiki-api-announce mailing list at &lt;https://lists.wikimedia.org/postorius/lists/mediawiki-api-announce.lists.wikimedia.org/&gt; for notice of API deprecations and breaking changes.'}
ERROR creating shrine page for Motomiya Shrine: {'code': 'edit-already-exists', 'info': 'Could not create a new page. It already exists.', '*': 'See https://shinto.miraheze.org/w/api.php for API usage. Subscribe to the mediawiki-api-announce mailing list at &lt;https://lists.wikimedia.org/postorius/lists/mediawiki-api-announce.lists.wikimedia.org/&gt; for notice of API deprecations and breaking changes.'}
ERROR creating shrine page for Izusan Shrine (protector of the eight provinces): {'code': 'edit-already-exists', 'info': 'Could not create a new page. It already exists.', '*': 'See https://shinto.miraheze.org/w/api.php for API usage. Subscribe to the mediawiki-api-announce mailing list at &lt;https://lists.wikimedia.org/postorius/lists/mediawiki-api-announce.lists.wikimedia.org/&gt; for notice of API deprecations and breaking changes.'}
ERROR creating shrine page for Raiden-sha (sessha): {'code': 'edit-already-exists', 'info': 'Could not create a new page. It already exists.', '*': 'See https://shinto.miraheze.org/w/api.php for API usage. Subscribe to the mediawiki-api-announce mailing list at &lt;https://lists.wikimedia.org/postorius/lists/mediawiki-api-announce.lists.wikimedia.org/&gt; for notice of API deprecations and breaking changes.'}
ERROR creating shrine page for Taga Shrine (Atami): {'code': 'edit-already-exists', 'info': 'Could not create a new page. It already exists.', '*': 'See https://shinto.miraheze.org/w/api.php for API usage. Subscribe to the mediawiki-api-announce mailing list at &lt;https://lists.wikimedia.org/postorius/lists/mediawiki-api-announce.lists.wikimedia.org/&gt; for notice of API deprecations and breaking changes.'}
ERROR creating shrine page for Nagoya Shrine: {'code': 'edit-already-exists', 'info': 'Could not create a new page. It already exists.', '*': 'See https://shinto.miraheze.org/w/api.php for API usage. Subscribe to the mediawiki-api-announce mailing list at &lt;https://lists.wikimedia.org/postorius/lists/mediawiki-api-announce.lists.wikimedia.org/&gt; for notice of API deprecations and breaking changes.'}
ERROR creating shrine page for Hikitachikarano- Shrine: {'code': 'edit-already-exists', 'info': 'Could not create a new page. It already exists.', '*': 'See https://shinto.miraheze.org/w/api.php for API usage. Subscribe to the mediawiki-api-announce mailing list at &lt;https://lists.wikimedia.org/postorius/lists/mediawiki-api-announce.lists.wikimedia.org/&gt; for notice of API deprecations and breaking changes.'}
ERROR creating shrine page for Hikiterikio Shrine: {'code': 'edit-already-exists', 'info': 'Could not create a new page. It already exists.', '*': 'See https://shinto.miraheze.org/w/api.php for API usage. Subscribe to the mediawiki-api-announce mailing list at &lt;https://lists.wikimedia.org/postorius/lists/mediawiki-api-announce.lists.wikimedia.org/&gt; for notice of API deprecations and breaking changes.'}
ERROR creating shrine page for Hikite Chikara no Mikoto Shrine: {'code': 'edit-already-exists', 'info': 'Could not create a new page. It already exists.', '*': 'See https://shinto.miraheze.org/w/api.php for API usage. Subscribe to the mediawiki-api-announce mailing list at &lt;https://lists.wikimedia.org/postorius/lists/mediawiki-api-announce.lists.wikimedia.org/&gt; for notice of API deprecations and breaking changes.'}
[OK] Hikitachikarano- Shrine (Izu Province)
ERROR creating shrine page for Hatsuhime Shrine: {'code': 'edit-already-exists', 'info': 'Could not create a new page. It already exists.', '*': 'See https://shinto.miraheze.org/w/api.php for API usage. Subscribe to the mediawiki-api-announce mailing list at &lt;https://lists.wikimedia.org/postorius/lists/mediawiki-api-announce.lists.wikimedia.org/&gt; for notice of API deprecations and breaking changes.'}
ERROR creating shrine page for Ametsuseno- Shrine: {'code': 'edit-already-exists', 'info': 'Could not create a new page. It already exists.', '*': 'See https://shinto.miraheze.org/w/api.php for API usage. Subscribe to the mediawiki-api-announce mailing list at &lt;https://lists.wikimedia.org/postorius/lists/mediawiki-api-announce.lists.wikimedia.org/&gt; for notice of API deprecations and breaking changes.'}
ERROR creating shrine page for Tenchi Shrine: {'code': 'edit-already-exists', 'info': 'Could not create a new page. It already exists.', '*': 'See https://shinto.miraheze.org/w/api.php for API usage. Subscribe to the mediawiki-api-announce mailing list at &lt;https://lists.wikimedia.org/postorius/lists/mediawiki-api-announce.lists.wikimedia.org/&gt; for notice of API deprecations and breaking changes.'}
ERROR creating shrine page for Kita Shrine: {'code': 'edit-already-exists', 'info': 'Could not create a new page. It already exists.', '*': 'See https://shinto.miraheze.org/w/api.php for API usage. Subscribe to the mediawiki-api-announce mailing list at &lt;https://lists.wikimedia.org/postorius/lists/mediawiki-api-announce.lists.wikimedia.org/&gt; for notice of API deprecations and breaking changes.'}
[OK] Ametsuseno- Shrine (Izu Province)
ERROR creating shrine page for Tsurugitachi Iwato Kowake No Mikoto Shrine: {'code': 'edit-already-exists', 'info': 'Could not create a new page. It already exists.', '*': 'See https://shinto.miraheze.org/w/api.php for API usage. Subscribe to the mediawiki-api-announce mailing list at &lt;https://lists.wikimedia.org/postorius/lists/mediawiki-api-announce.lists.wikimedia.org/&gt; for notice of API deprecations and breaking changes.'}
ERROR creating shrine page for Awabitamashiratama-hime-no-Mikoto Shrine: {'code': 'edit-already-exists', 'info': 'Could not create a new page. It already exists.', '*': 'See https://shinto.miraheze.org/w/api.php for API usage. Subscribe to the mediawiki-api-announce mailing list at &lt;https://lists.wikimedia.org/postorius/lists/mediawiki-api-announce.lists.wikimedia.org/&gt; for notice of API deprecations and breaking changes.'}
ERROR creating shrine page for Minowa Shrine: {'code': 'edit-already-exists', 'info': 'Could not create a new page. It already exists.', '*': 'See https://shinto.miraheze.org/w/api.php for API usage. Subscribe to the mediawiki-api-announce mailing list at &lt;https://lists.wikimedia.org/postorius/lists/mediawiki-api-announce.lists.wikimedia.org/&gt; for notice of API deprecations and breaking changes.'}