[OK] List of Shikinaisha in Aki Province
[OK] Mimeno-amehirinohimeno- Shrine
[OK] Sunomiya Shrine
[OK] Shimotate Matsubara Shrine
[OK] Nakoshinoyamano Shrine
[OK] Nakoshiyama Shrine
[OK] Nakoshiyama Shrine (Awa Province)
[OK] Shimotate Matsubara Shrine
[OK] Takabe Shrine
[OK] List of Shikinaisha in Awa Province (Chiba)
[OK] Ōasahiko Shrine
[OK] Kaehimeno Shrine
[OK] Ashiinaba Shrine
[OK] Kaehime Shrine
[OK] Ushihiko Shrine (Awa Province (Tokushima))
[OK] Ushihiko Shrine (Awa Province (Tokushima) 2)
[OK] Ushihiko Shrine
[OK] Okanoue Shrine (Awa Province (Tokushima))
[OK] Takefutsuno Shrine
[OK] Takefutsu Shrine (Awa Province (Tokushima))
[OK] Takefutsu Nishinomiya Shrine
[OK] Akanta Shrine
[OK] Igasa Shrine
[OK] Hachiman Shrine (Awa Province (Tokushima))
[OK] Takefutsu Shrine (Awa Province (Tokushima) 2)
[OK] Takefutsu Shrine
[OK] Kotoshironushi Shrine (Awa Province (Tokushima))
[OK] Kamono Shrine (Awa Province (Tokushima))
[OK] Tawano Shrine
[OK] Tasun Shrine
[OK] Nishiteru Shrine
[OK] Takehiro Shrine (Awa Province (Tokushima))
[OK] Kamogami Shrine (Awa Province (Tokushima))
[OK] Hachiman Shrine (Awa Province (Tokushima) 2)
[OK] Oota Shrine (Tasun Shrine)
[OK] Tasun Shrine
[OK] Hachiman Shrine (Awa Province (Tokushima) 3)
[OK] Yokotano Shrine
[OK] Yokota Shrine (Awa Province (Tokushima))
[OK] Kamogami Shrine
[OK] Isanamino Shrine
[OK] Izanami Shrine, Mima
[OK] Junisho Shrine
[OK] Takakoshi Shrine
[OK] Izanami Shrine
[OK] Hachiman Shrine (Awa Province (Tokushima) 2)
[OK] Takeno Shrine (Awa Province (Tokushima))
[OK] Takekami Shrine
[OK] Tenno-miya Tate Shrine (Awa Province (Tokushima))
[OK] Ameyoritateno Shrine
[OK] Tenkoyasaka Shrine
[OK] Amanohashidate Shrine
[OK] Amatsukasahikono Shrine
[OK] Amatsukasahiko Shrine (Awa Province (Tokushima))
[OK] Amatsukasahiko Shrine
[OK] Yasokono Shrine (Awa Province (Tokushima))
[OK] Hachisu Shrine
[OK] Shouhachihatamiya
[OK] Yasokono Shrine
[OK] Mitsuhanomeno Shrine
[OK] Ken Shrine
[OK] Yasaka Shrine (Awa Province (Tokushima))
[OK] Takehiro Shrine
[OK] Hachidairyuuou Shrine
[OK] Tenno-miya Tate Shrine
[OK] Haniyamano- Shrine
[OK] Umaokanitta Shrine
[OK] Haniyamahime Shrine
[OK] Yamatoookuni- Shrine (Awa Province (Tokushima))
[OK] Ika Shrine
[OK] Yamatoookuni- Shrine
[OK] Imuheno Shrine (Awa Province (Tokushima))
[OK] Inbe Shrine (Awa Province (Tokushima))
[OK] Gosho Shrine
[OK] Inbe Shrine
[OK] Imuheno Shrine
[OK] Amamurakumono Shrine
[OK] Tenmurakumo Shrine
[OK] Amamurakumo Shrine
[OK] Ikagashi Shrine
[OK] Amatsunumahikono Shrine (Awa Province (Tokushima))
[OK] Shikishima Shrine
[OK] Sugio Shrine (Awa Province (Tokushima))
[OK] Biyatsukan Shrine
[OK] Amatsunumahikono Shrine
[OK] Hihameno- Shrine (Awa Province (Tokushima))
[OK] Sugio Shrine (Awa Province (Tokushima) 2)
[OK] Nakauchi Shrine
[OK] Hachiman Shrine (Awa Province (Tokushima) 4)
[OK] Hihameno- Shrine
[OK] Iwatowakeyakurahimeno Shrine (Awa Province (Tokushima))
[OK] Hachikurahime Shrine
[OK] Ichinomiya Shrine (Tokushima)
[OK] Iwatowakeyakurahimeno Shrine
[OK] Ama-no-iwato-wake-toyotamahimeno Shrine (Awa Province (Tokushima))
[OK] Toyotamahime Shrine
[OK] Sarutahiko Shrine (Awa Province (Tokushima))
[OK] Ama-no-iwato-wake-toyotamahimeno Shrine
[OK] Mano- Shrine
[OK] Oomahiko Shrine
[OK] Sakurama Shrine
[OK] Tenjin-sha (Awa Province (Tokushima))
[OK] Watatsumitoyotamahimeno Shrine
[OK] Amatarashi Shrine
[OK] Oujiwatatsumi Shrine
[OK] Ōji Shrine (Awa Province (Tokushima))
[OK] Inoue Hachiman Shrine
[OK] Amasashinowake Shrine
[OK] Mimatsuhiko Shrine
[OK] Kotoshironushino Shrine
[OK] Yamakatano- Shrine
[OK] Yamakatahiko Shrine
[OK] Tateiwa Shrine
[OK] Umorihiko Shrine
[OK] Asadatehiko Shrine
[OK] Hayasame Shrine
[OK] Toyokuni Shrine (Awa Province (Tokushima))
[OK] Tatsushima Meoyanomikoto Shrine
[OK] Hanoura Shrine
[OK] Unawino Shrine
[OK] Wanasaifusono Shrine (Awa Province (Tokushima))
[OK] Kazunasaitomiso Shrine
[OK] Hiruko Shrine (Awa Province (Tokushima))
[OK] Wanasaifusono Shrine
[OK] Murohimeno Shrine
[OK] Murohime Shrine
[OK] Atsu Shrine
[OK] Take- Shrine
[OK] Sho Hachiman Shrine
[OK] Takehime Shrine
[OK] Yahoko Shrine
[OK] Kashihahimeno Shrine
[OK] Gashibahime Shrine
[OK] List of Shikinaisha in Awa Province (Tokushima)
[OK] Izanagi Shrine
[OK] Isekurumano Shrine
[OK] Ihayano Shrine
[OK] Tsukisano Shrine
[OK] Kamo Shrine (Awaji Province)
[OK] Yuranominatono Shrine
[OK] Shichikuno Shrine
[OK] Shizuki Shrine
[OK] Kumano Shrine (Awaji Province)
[OK] Kishikahano Shrine
[OK] Kishikawa Shrine
[OK] Sannō Shrine (Awaji Province)
[OK] Kahakamino Shrine
[OK] Kawakami Shrine
[OK] Kawakami Shrine (Awaji Province)
[OK] Kawakami Shrine (Tsuna district)
[OK] Yaharano Shrine
[OK] Yahara Shrine
[OK] Ehara Nishinomiya Shrine
[OK] Minakuchino Shrine
[OK] Kutono Shrine
[OK] List of Shikinaisha in Awaji Province
[OK] Takeinatakisayafutsuno Shrine
[OK] Takeinatashisayafutsu Shrine
[OK] Ninomiya Shrine (Bingo Province)
[OK] Amawake Toyohime Shrine
[OK] Susanowonono Shrine
[OK] Tenjin-sha (Bingo Province)
[OK] Susanoo Shrine (Bingo Province)
[OK] Nihitsuhimeno Shrine
[OK] Takamorono Shrine
[OK] Nunakuma Shrine
[OK] Hikosasukino Shrine
[OK] Tarihirino Shrine
[OK] Kibitsu Shrine Keidai-sha
[OK] Tarihirino shrine former site
[OK] Hachiman Shrine (Bingo Province)
[OK] Kannabi Shrine (Fuchu city, Hiroshima)
[OK] Kunitakayorihikono Shrine
[OK] Takaokami Shrine
[OK] Kuniji Shrine
[OK] Okamino Shrine (Bingo Province)
[OK] Sorahikono Shrine
[OK] Sorahiko Shrine
[OK] Sorahiko Shrine (Bingo Province)
[OK] Takao- Shrine
[OK] Karakawa Shrine
[OK] Warihimeno Shrine
[OK] Warihimeno Shrine former site (Bingo Province)
[OK] Warihimeno Shrine former site
[OK] Chihayahikono Shrine
[OK] Chinamiyoruhiko Shrine
[OK] Chinamiyoruhiko Shrine (Bingo Province)
[OK] Bingokunininomiya Chihayahiko Shrine
[OK] Chihayahiko Shrine
[OK] Chihayahimeno Shrine
[OK] List of Shikinaisha in Bingo Province
[OK] Momoiyamano Shrine
[OK] Momoiyamano Shrine Former Site
[OK] Sukafuno Shrine
[OK] Sugō Shrine
[OK] Sugo Amatsu Shrine
[OK] Furukohorino Shrine
[OK] Furukoori Shrine
[OK] Furukohorino Shrine Co-EnShrinement
[OK] Nomatano Shrine
[OK] Soja Shrine Keidai-sha
[OK] Nomatano Shrine Co-EnShrinement
[OK] Tsutsumi Shrine
[OK] Ihatatamino Shrine
[OK] Miwa Shrine
[OK] Masakino Shrine
[OK] Yokota Shrine
[OK] Anatono- Shrine
[OK] Anatosanshin Shrine
[OK] Anatosanshin Shrine (Bitchū Province)
[OK] Aritano Shrine
[OK] Kamishimano Shrine
[OK] Kamishima Shrine
[OK] Tenjin-sha (Bitchū Province)
[OK] Kamishima Shrine
[OK] Co-Enshrinement of Kamishimano Shrine
[OK] Ueno Shrine
[OK] Ukou Shrine
[OK] Oomotoukou Shrine
[OK] Unoe Shrine
[OK] Antsukino- Shrine
[OK] Ashitsugiyama Shrine
[OK] Ashitsugi Shrine (Bitchū Province)
[OK] Ashitsugi Shrine
[OK] Himesaka Kanachiana Shrine
[OK] Widono- Shrine
[OK] List of Shikinaisha in Bitchū Province
[OK] Miwa Shrine (Higashisue, Setouchi)
[OK] Kamono Shrine (Bizen Province)
[OK] Munakatano Shrine (Bizen Province)
[OK] Isonokamifutsumitama Shrine
[OK] Fuse Shrine (Bizen Province)
[OK] Kamineno Shrine
[OK] Ōga Shrine
[OK] Ihatowakeno Shrine
[OK] Ohari Shrine
[OK] Tenjin-sha (Bizen Province)
[OK] Tenjin-sha
[OK] Amatsu Shrine (Bizen Province)
[OK] Amano Hachiman Shrine
[OK] Ise Shrine
[OK] Amahakarino Shrine
[OK] Kunitsu Shrine (Bizen Province)
[OK] Sekimonbetsu Shrine
[OK] Ojiharina Mawakahime Shrine
[OK] Kamono Shrine (Bizen Province 2)
[OK] Kamono Shrine (Bizen Province 3)
[OK] Tatsuchiurano- Shrine
[OK] Takashima Shrine
[OK] Tadouraza Shrine
[OK] Takeshima Shrine
[OK] Hirohata Hachimangū
[OK] List of Shikinaisha in Bizen Province
[OK] Takewoshimokorihikono Shrine
[OK] Takeo Shimokorihiko Shrine
[OK] Takeo Shimokorihiko Shrine Shimogu
[OK] Sasamutano Shrine
[OK] Nishikanta Shrine
[OK] Unaguhime Shrine
[OK] Hayasuihime Shrine
[OK] List of Shikinaisha in Bungo Province
[OK] Himekami Shrine
[OK] Ohotarashihimeno- Shrine
[OK] Kawara Shrine (Buzen Province)
[OK] Oshihoneno Shrine
[OK] Toyohimeno- Shrine
[OK] List of Shikinaisha in Buzen Province