[OK] List of Shikinaisha in Aki Province
[OK] List of Shikinaisha in Awa Province (Chiba)
[OK] List of Shikinaisha in Awa Province (Tokushima)
[OK] List of Shikinaisha in Awaji Province
[OK] List of Shikinaisha in Bingo Province
[OK] [page with unicode title]
[OK] List of Shikinaisha in Bizen Province
[OK] List of Shikinaisha in Bungo Province
[OK] List of Shikinaisha in Buzen Province
[OK] List of Shikinaisha in Chikugo Province
[OK] List of Shikinaisha in Chikuzen Province
[OK] List of Shikinaisha in Dewa Province
[OK] List of Shikinaisha in Echigo Province
[OK] List of Shikinaisha in Echizen Province
[OK] [page with unicode title]
[OK] List of Shikinaisha in Harima Province
[OK] List of Shikinaisha in Hida Province
[OK] List of Shikinaisha in Higo Province
[OK] List of Shikinaisha in Hitachi Province
[OK] List of Shikinaisha in Hizen Province
[OK] [page with unicode title]
[OK] [page with unicode title]
[OK] List of Shikinaisha in Iga Province
[OK] List of Shikinaisha in Iki Island
[OK] List of Shikinaisha in Inaba Province
[OK] List of Shikinaisha in Ise Province
[OK] List of Shikinaisha in Iwami Province
[OK] List of Shikinaisha in Iyo Province
[OK] List of Shikinaisha in Izu Province
[OK] List of Shikinaisha in Izumi Province
[OK] List of Shikinaisha in Izumo Province
[OK] List of Shikinaisha in Kaga Province
[OK] List of Shikinaisha in Kai Province
[OK] List of Shikinaisha in Kawachi Province
[OK] List of Shikinaisha in Kazusa Province
[OK] List of Shikinaisha in Kii Province
[OK] [page with unicode title]
[OK] List of Shikinaisha in Mikawa Province
[OK] List of Shikinaisha in Mimasaka Province
[OK] List of Shikinaisha in Mino Province
[OK] List of Shikinaisha in Musashi Province
[OK] List of Shikinaisha in Mutsu Province
[OK] List of Shikinaisha in Nagato Province
ERROR List of Shikinaisha in Noto Province: ('Connection aborted.', RemoteDisconnected('Remote end closed connection without response'))
[OK] List of Shikinaisha in Oki Province
[OK] List of Shikinaisha in Owari Province
[OK] List of Shikinaisha in Sado Province
[OK] List of Shikinaisha in Sagami Province
[OK] List of Shikinaisha in Sanuki Province
[OK] List of Shikinaisha in Satsuma Province
[OK] List of Shikinaisha in Settsu Province
[OK] List of Shikinaisha in Shima Province
[OK] List of Shikinaisha in Shimotsuke Province
[OK] [page with unicode title]
[OK] List of Shikinaisha in Shinano Province
[OK] List of Shikinaisha in Suo Province
[OK] List of Shikinaisha in Suruga Province
[OK] List of Shikinaisha in Tajima Province
[OK] List of Shikinaisha in Tanba Province
[OK] List of Shikinaisha in Tango Province
[OK] List of Shikinaisha in the Imperial Palace
[OK] List of Shikinaisha in Tosa Province
[OK] List of Shikinaisha in Tsushima
[OK] [page with unicode title]
[OK] List of Shikinaisha in Wakasa Province
[OK] List of Shikinaisha in Yamashiro Province
[OK] List of Shikinaisha in Yamato Province
[OK] [page with unicode title]
[OK] [page with unicode title]
tps://shinto.miraheze.org/w/api.php for API usage. Subscribe to the mediawiki-api-announce mailing list at &lt;https://lists.wikimedia.org/postorius/lists/mediawiki-api-announce.lists.wikimedia.org/&gt; for notice of API deprecations and breaking changes.'}
[OK] [page with unicode title]
[OK] [page with unicode title]
