[INFO] Logging in...
[INFO] Getting category members...
[INFO] Found 2211 pages to update
[INFO] Starting reset...
[OK] Abito Shrine
[OK] Achihaseno Shrine
[OK] Achihayao Shrine
[OK] Achiko Shrine
[OK] Achiko Shrine (Izu Province)
[OK] Afukako Shrine
[OK] Afukakotano- Shrine
[OK] Afukamuyamano Shrine
[OK] Afukamuyamano Shrine former site
[OK] Afukano- Shrine
[OK] Aguchi Shrine
[OK] Ahachino Shrine
[OK] Ahachino Shrine (Harima Province)
[OK] Ahachino Shrine (Izumi Province)
[OK] Ahano Shrine
[OK] Ahano Shrine (Iga Province)
[OK] Ahano Shrine (Izumi Province)
[OK] Ahita Shrine
[OK] Ahitano Shrine
[OK] Ai Shrine
[OK] Aijikaue Shrine (Legendary Site C)
[OK] Ajiga Shrine
[OK] Ajiga Shrine (Ise Province)
[OK] Ajiko Shrine
[OK] Ajimano Shrine
[OK] Ajimino Shrine
[OK] Akaba Shrine
[OK] Akabo Shrine
[OK] Akanta Shrine
[OK] Akaou Shrine
[OK] Akaruhimenomikoto Shrine
[OK] Akatanushino Shrine
[OK] Akiba Shrine (Ise Province)
[OK] Akuto Shrine
[OK] Ama-no-iwato-wake-toyotamahimeno Shrine
[OK] Ama-no-iwato-wake-toyotamahimeno Shrine (Awa Province (Tokushima))
[OK] Amahakarino Shrine
[OK] Amahinatorino- Shrine
[OK] Amakashi-ni-imasu Shrine
[OK] Amakohino Shrine
[OK] Amamikoso Shrine
[OK] Amamurakumo Shrine
[OK] Amamurakumo Shrine (Awa Province (Tokushima))
[OK] Amamurakumono Shrine
[OK] Amano Hachiman Shrine
[OK] Amano Shrine
[OK] Amanohashidate Shrine
[OK] Amanohitokuhatano Shrine Site
[OK] Amanohohinomikotono Shrine
[OK] Amanoiwatate Shrine
[OK] Amanokagoyamano Shrine
[OK] Amanokaguyama Shrine
[OK] Amanokakoyamano- Shrine
[OK] Amano‑Kaguyama Shrine
[OK] Amasashinowake Shrine
[OK] Amatamitsu- Shrine
[OK] Amatarashi Shrine
[OK] Amaterasu Ōmikami Takakura Shrine & Iwato Shrine
[OK] Amatsu Shrine
[OK] Amatsu Shrine (Bizen Province)
[OK] Amatsu Shrine (Echigo Province)
[OK] Amatsuihatowakeno Shrine
[OK] Amatsuihatowakewakahimeno Shrine
[OK] Amatsukasahiko Shrine
[OK] Amatsukasahiko Shrine (Awa Province (Tokushima))
[OK] Amatsukasahikono Shrine
[OK] Amatsuno Shrine
[OK] Amatsunumahikono Shrine
[OK] Amatsunumahikono Shrine (Awa Province (Tokushima))
[OK] Amawake Toyohime Shrine
[OK] Amayo Shrine
[OK] Amayo Shrine (Yasaka Shrine Keidai-sha)
[OK] Amayono Shrine
[OK] Amayono Shrine (Echizen Province)
[OK] Amayono Shrine former site
[OK] Amayukawata Shrine
[OK] Ame-no-Mikumari-toyoura Shrine
[OK] Ame-no-Yahorotsu-hime Shrine (subsidiary of Oshio Hachimangū)
[OK] Amefutotama-no-Mikoto Shrine
[OK] Amehimewakamikono Shrine
[OK] Amehimewakamikono Shrine (Echizen Province)
[OK] Amekunihimeno Shrine
[OK] Amekunitsuhikono Shrine
[OK] Amemahitotsunono Shrine
[OK] Ameno-tanakahimeno Shrine
[OK] Amenohayatamahimeno- Shrine
[OK] Amenohitokuhatano Shrine
[OK] Amenohohinomikoto Shrine
[OK] Amenoihasuhino Shrine
[OK] Amenokunitsuhiko Shrine (small subsidiary within Oshio Hachimangū precinct)
[OK] Amenokunitsuhiko Shrine (small subsidiary within Tsunemiya Shrine precinct)
[OK] Amenokunitsuhime Shrine (small subsidiary within Oshio Hachimangū precinct)
[OK] Amenokunitsuhime Shrine (small subsidiary within Tsunemiya Shrine precinct)
[OK] Amenotakechi Shrine
[OK] Amenotanakawono Shrine
[OK] Amenotoyotarashikarahimenomikoto Shrine
[OK] Amesusuno Shrine
[OK] Ametotsurukino Shrine
[OK] Ametotsurukino Shrine (Echizen Province)
[OK] Ametsuseno- Shrine
[OK] Ametsuseno- Shrine (Izu Province)
[OK] Ameyahoyorotsu- Shrine
[OK] Ameyoritateno Shrine
[OK] Ami Shrine
[OK] Ami Shrine (Hitachi Province)
[OK] Amino Shrine
[OK] Anafukino Shrine
[OK] Anaishi Shrine
[OK] Anashi Shrine
[OK] Anashi Shrine Site
[OK] Anashino Shrine
[OK] Anashinoohohiyauzuno Shrine
[OK] Anatono- Shrine
[OK] Anatosanshin Shrine
[OK] Anatosanshin Shrine (Bitchū Province)
[OK] Anekura Himemi Shrine (Funakura, Toyama City)
[OK] Anekura Himemi Shrine (Kureha Town, Toyama City)
[OK] Anekura- Shrine
[OK] Aniko Shrine
[OK] Aniko Shrine (Echizen Province)
[OK] Anikogami Shrine
[OK] Anikono Shrine
[OK] Antsukino- Shrine
[OK] Anumi Shrine (Iyo Province)
[OK] Aomi Shrine
[OK] Aomi Shrine (Echigo Province)
[OK] Aoyama Shrine
[OK] Araho Shrine
[OK] Arakahano Shrine
[OK] Arakawa Shrine (Arakawa, Murakami)
[OK] Arakawa Shrine (Koiwanai, Murakami)
[OK] Arakawa Shrine (Tainai)
[OK] Araki Shrine
[OK] Araki Shrine (Izunokuni)
[OK] Araki Shrine (Uchi district)
[OK] Aramino Shrine
[OK] Arasaka Shrine
[OK] Arashimano Shrine
[OK] Arasuna Shrine
[OK] Aratano Shrine
[OK] Ariga Shrine
[OK] Arihono Shrine
[OK] Arima Shrine
[OK] Aritano Shrine
[OK] Asadatehiko Shrine
[OK] Asai Shrine (Fukuoka, Takaoka)
[OK] Asai Shrine (Ishizutsumi, Takaoka)
[OK] Asai Shrine (Takaoka)
[OK] Asaihinono Shrine
[OK] Asakano Shrine
[OK] Asaki Shrine
[OK] Asaki Shrine (Echizen Province)
[OK] Asakurahiko-no-Mikoto Shrine
[OK] Asama Shrine (Izu Province Second Shrine)
[OK] Asawino Shrine
[OK] Ashiinaba Shrine
[OK] Ashiinaba Shrine (Awa Province (Tokushima))
[OK] Ashikano Shrine
[OK] Ashimita Shrine
[OK] Ashimitano Shrine
[OK] Ashino Shrine
[OK] Ashitsugi Shrine
[OK] Ashitsugi Shrine (Bitchū Province)
[OK] Ashitsugi Shrine (Bitchū Province) (Bitchū Province)
[OK] Ashitsugiyama Shrine
[OK] Ashitsugiyama Shrine (Bitchū Province)
[OK] Aso-Hime Shrine
[OK] Asomurano- Shrine
[OK] Asori Shrine (Nakami, Meiwa Town)
[OK] Asuhano Shrine
[OK] Asuka Kawakami-ni-Imasu Usutakihime-no-Mikoto Shrine
[OK] Asukabe Shrine
[OK] Asukanoyamakuchino Shrine
[OK] Asukatano Shrine
[OK] Asō Shrine
[OK] Atago Shrine (Echizen Province)
[OK] Atago Shrine (Kasama City)
[OK] Atahimeno Shrine
[OK] Atakatsutakemikumano Shrine
[OK] Atamino Shrine
[OK] Ataya Shrine
[OK] Atayutano Shrine
[OK] Atsu Shrine
[OK] Atsu Shrine (Awa Province (Tokushima))
[OK] Awa-no-Mikoto Shrine
[OK] Awabitamashiratama-hime-no-Mikoto Shrine
[OK] Awayamanoueno Shrine
[OK] Awomino Shrine
[OK] Awomino Shrine (Echigo Province)
[OK] Ayuta Shrine
[OK] Ayutano Shrine
[OK] Azaka Shrine
[OK] Azusawakenomikoto Shrine
[OK] Bingokunininomiya Chihayahiko Shrine
[OK] Bishu Shrine
[OK] Biyatsukan Shrine
[OK] Chigi Shrine
[OK] Chihamura- Shrine
[OK] Chihayahiko Shrine
[OK] Chihayahikono Shrine
[OK] Chihayahimeno Shrine
[OK] Chikushi Shrine
[OK] Chikushi Shrine (Chikuzen Province)
[OK] Chinamiyoruhiko Shrine
[OK] Chinamiyoruhiko Shrine (Bingo Province)
[OK] Chishirono Shrine
[OK] Chota Great Camphor Tree
[OK] Co-Enshrinement in Seki Shrine
[OK] Co-Enshrinement of Afukakotano Shrine
[OK] Co-Enshrinement of Afukamuyamano Shrine
[OK] Co-Enshrinement of Haseno Shrine
[OK] Co-Enshrinement of Hichino Shrine
[OK] Co-Enshrinement of Hichino Shrine Ronsha 6
[OK] Co-Enshrinement of Hirawoka Shrine
[OK] Co-Enshrinement of Hitsukurano Shrine
[OK] Co-Enshrinement of Hotsumino Shrine
[OK] Co-Enshrinement of Ikatsuchi Shrine
[OK] Co-Enshrinement of Kamishimano Shrine
[OK] Co-Enshrinement of Katakishino Shrine
[OK] Co-Enshrinement of Kuninariohonono Shrine
[OK] Co-Enshrinement of Ohokino Shrine
[OK] Co-Enshrinement of Ohokino Shrine Ronsha 2
[OK] Co-Enshrinement of Ohowano Shrine (Ronsha 1)
[OK] Co-Enshrinement of Ohoyamamitano Shrine
[OK] Co-Enshrinement of Ohoyamamitano Shrine Ronsha 5
[OK] Co-Enshrinement of Sakurano Shrine
[OK] Co-Enshrinement of Takino Shrine
[OK] Co-Enshrinement of Tsuchinowano Shrine
[OK] Co-Enshrinement of Utsurahashino Shrine
[OK] Co-Enshrinement of Utsurahashino Shrine Ronsha 2
[OK] Daijin Shrine
[OK] Daikai Shrine
[OK] Daisen Ōji Shrine
[OK] Daitsukiiwakura Shrine
[OK] Dewa Shrine
[OK] Dewa Shrine (Dewa Province)
[OK] Dousashifutsu Shrine
[OK] E Shrine (Ise Province)
[OK] Ebisuhari Shrine
[OK] Eda Shrine (Ise Province)
[OK] Ehara Nishinomiya Shrine
[OK] Ekurino Shrine
[OK] Ena Shrine (Hida Province)
[OK] Enano Shrine
[OK] Eno Shrine
[OK] Eno Shrine (Co-Enshrinement)
[OK] Eno Shrine (Echigo Province 2)
[OK] Eno Shrine (Echigo Province)
[OK] Eno Shrine (Ise Province)
[OK] Etano Shrine
[OK] Etano Shrine (Echizen Province)
[OK] Etano Shrine (Ise Province)
[OK] Fuchiuchino Shrine
[OK] Fuchiuchino Shrine (Hitachi Province)
[OK] Fuchū Hachiman Shrine
[OK] Fuchū Hachiman Shrine (Echigo Province)
[OK] Fujisaki Shrine
[OK] Fujisaki Shrine (Echigo Province)
[OK] Fujito Shrine
[OK] Fujiuchi Shrine
[OK] Fukaeno Shrine
[OK] Fukakahano Shrine
[OK] Fukamisono Shrine
[OK] Fukatano Shrine
[OK] Fukeno Shrine
[OK] Fukurono Shrine
[OK] Fukurono Shrine (Echizen Province)
[OK] Fumunashino Shrine
[OK] Funadamano Shrine
[OK] Funae Taijingū
[OK] Funaeno Shrine
[OK] Funayama Shrine
[OK] Funayamano Shrine
[OK] Furufu Shrine
[OK] Furukohorino Shrine
[OK] Furukohorino Shrine Co-EnShrinement
[OK] Furukoori Shrine
[OK] Furutachino Shrine
[OK] Fusawokino Shrine
[OK] Fusawokino Shrine (Izu Province)
[OK] Fuse Shrine (Bizen Province)
[OK] Fuse Shrine (Etchū Province)
[OK] Fuseno Shrine
[OK] Fuseno Shrine (Etchū Province)
[OK] Fushino Shrine
[OK] Futagami-yama Shrine (Tottori Prefecture)
[OK] Futamino Shrine
[OK] Futonotono Shrine
[OK] Futsuno Shrine
[OK] Futsuno Shrine (Iyo Province)
[OK] Gashibahime Shrine
[OK] Gongen Shrine (Ujizakura Shrine precincts)
[OK] Gosen Hachiman Shrine
[OK] Gosho Shrine
[OK] Gosho Shrine (Awa Province (Tokushima))
[OK] Habuhime Shrine (Shimoda)
[OK] Habuhime-no-Mikoto Shrine
[OK] Hachidairyuuou Shrine
[OK] Hachikurahime Shrine
[OK] Hachiman Shrine
[OK] Hachiman Shrine (Awa Province (Tokushima) 2)
[OK] Hachiman Shrine (Awa Province (Tokushima) 3)
[OK] Hachiman Shrine (Awa Province (Tokushima) 4)
[OK] Hachiman Shrine (Awa Province (Tokushima))
[OK] Hachiman Shrine (Bingo Province)
[OK] Hachiman Shrine (Chikugo Province)
[OK] Hachiman Shrine (Echizen Province 2)
[OK] Hachiman Shrine (Echizen Province 3)
[OK] Hachiman Shrine (Echizen Province 4)
[OK] Hachiman Shrine (Echizen Province 5)
[OK] Hachiman Shrine (Echizen Province)
[OK] Hachiman Shrine (Harima Province)
[OK] Hachiman Shrine (Iki Island)
[OK] Hachiman Shrine (Izu Province)
[OK] Hachiman Shrine (Kisami, Shimoda)
[OK] Hachiman Shrine (Koura)
[OK] Hachiman Shrine (Koura, Minamiizu)
[OK] Hachiman Shrine (Otoi)
[OK] Hachimangū
[OK] Hachimangū (Echigo Province)
[OK] Hachimangū (Etchū Province)
[OK] Hachimangū (Iwami Province)
[OK] Hachimangū Kinomiya Shrine
[OK] Hachiman‑gu Kinomiya Shrine
[OK] Hachiouji Shrine
[OK] Hachisu Shrine
[OK] Hachisu Shrine (Awa Province (Tokushima))
[OK] Hachita Shrine
[OK] Hachiōji Shrine
[OK] Hachiōji Shrine (Morisho Village)
[OK] Hafuhimeno- Shrine
[OK] Hafuritano Shrine
[OK] Hafuritano Shrine (Harima Province)
[OK] Hahaki Shrine
[OK] Hahime Shrine
[OK] Hahō Shrine
[OK] Haji Shrine
[OK] Hajikama Shrine
[OK] Hakatano Shrine
[OK] Hakotake Hachiman Shrine
[OK] Hakozaki Hachiman Shrine
[OK] Hakozaki Hachiman Shrine (Iki Island)
[OK] Hakusan Hall
[OK] Hakusan Shrine (Echigo Province 2)
[OK] Hakusan Shrine (Echigo Province 3)
[OK] Hakusan Shrine (Echigo Province)
[OK] Hakusan Shrine (Echizen Province 2)
[OK] Hakusan Shrine (Echizen Province 3)
[OK] Hakusan Shrine (Echizen Province 4)
[OK] Hakusan Shrine (Echizen Province)
[OK] Hakutahikono Shrine
[OK] Hakutahimeno Shrine
[OK] Hamukosono Shrine
[OK] Hanashiyama Shrine
[OK] Haniyamahime Shrine
[OK] Haniyamano- Shrine
[OK] Hanoura Shrine
[OK] Harutano Shrine
[OK] Haseno Shrine
[OK] Haseno Shrine (Ise Province)
[OK] Hasenoyamakuchi Shrine
[OK] Hashino Shrine
[OK] Hashiriochino Shrine
[OK] Hassho Shrine
[OK] Hata Shrine
[OK] Hatada Shrine
[OK] Hatada Shrine co-EnShrinement
[OK] Hatada Shrine Co-enshrinement (Ihatano)
[OK] Hataketano Shrine former site
[OK] Hataketano Shrine former site (Ise Province)
[OK] Hatakino Shrine
[OK] Hatamikawino Shrine
[OK] Hatano Shrine
[OK] Hatano Shrine (Ise Province)
[OK] Hatano Shrine (Izumi Province)
[OK] Hataori Shrine
[OK] Hataori Shrine (Ise Province)
[OK] Hatawino Shrine
[OK] Hate Shrine
[OK] Hate Shrine (Ise Province)
[OK] Hateno Shrine
[OK] Hatori Shrine
[OK] Hatorino Shrine
[OK] Hatorino Shrine (Ise Province)
[OK] Hatorinoitomano Shrine
[OK] Hatorinomatokata Shrine
[OK] Hatorinomatokata Shrine former site
[OK] Hatsuhime Shrine
[OK] Hayahoshino Shrine
[OK] Hayakahano Shrine
[OK] Hayakahano Shrine (Etchū Province)
[OK] Hayakahano Shrine (Inaba Province)
[OK] Hayakawa Hachiman Shrine
[OK] Hayakawa Shrine (Himi City)
[OK] Hayakawa Shrine (Takaoka City)
[OK] Hayakawahachiman Shrine
[OK] Hayasame Shrine
[OK] Hayashi Shrine (Etchū Province)
[OK] Hayashi Shrine (Tonami, Hayashi)
[OK] Hayashi Shrine (Tonami, Ransei)
[OK] Hayashino Shrine
[OK] Hayashino Shrine (Etchū Province)
[OK] Hayashino Shrine (Ise Province)
[OK] Hayashino Shrine former site
[OK] Hayashino- Shrine
[OK] Hayashino- Shrine former site
[OK] Hayasuihime Shrine
[OK] Hayasuihime Shrine (Bungo Province)
[OK] Hayatamawakenomikoto Shrine
[OK] Heda Shrine
[OK] Hegurinoiwatoko Shrine
[OK] Heitano Shrine
[OK] Hekireki Shrine
[OK] Hichino Shrine
[OK] Hichino Shrine (Ise Province)
[OK] Hichino shrine Co-Enshrinement
[OK] Hida Shrine
[OK] Higashikirishima Shrine
[OK] Higashiohotanihimenomikoto Shrine
[OK] Hihameno- Shrine
[OK] Hihameno- Shrine (Awa Province (Tokushima))
[OK] Hihashiri Shrine
[OK] Hihayo Tenjin Shrine
[OK] Hihikino Shrine
[OK] Hiji Shrine (Iwanai Village, Taki District)
[OK] Hijiri Shrine (Izumi Province)
[OK] Hikawa Shrine
[OK] Hikawa Shrine (Echizen Province)
[OK] Hikida Shrine
[OK] Hikitachikarano- Shrine
[OK] Hikitachikarano- Shrine (Izu Province)
[OK] Hikitano Shrine
[OK] Hikite Chikara no Mikoto Shrine
[OK] Hikiterikio Shrine
[OK] Hikona Shrine (Shinmei Shrine Keidai-sha)
[OK] Hikonano Shrine
[OK] Hikosasukino Shrine
[OK] Hime Shrine (Nanto City)
[OK] Hime- Shrine
[OK] Himekami Shrine
[OK] Himekamino Shrine
[OK] Himekosono Shrine
[OK] Himekuhano Shrine
[OK] Himemiya Shrine
[OK] Himemiya Shrine Co-Enshrinement
[OK] Himenuno Shrine
[OK] Himesaka Kanachiana Shrine
[OK] Himesaka Shrine
[OK] Himesakano Shrine
[OK] Himukahino Shrine
[OK] Hine Shrine
[OK] Hino Shrine
[OK] Hino Shrine (Echizen Province)
[OK] Hinono Shrine
[OK] Hioka Shrine
[OK] Hioki Shrine (Etchū Province)
[OK] Hioki Shrine (Niikawa district)
[OK] Hiokino Shrine
[OK] Hiokino Shrine (Etchū Province)
[OK] Hiraoka Shrine
[OK] Hirawiteno Shrine
[OK] Hirawoka Shrine
[OK] Hirawoka Shrine former site
[OK] Hirohata Hachimangū
[OK] Hirohata Shrine
[OK] Hirose Shrine
[OK] Hirose Shrine (Izunokuni)
[OK] Hiroseno Shrine
[OK] Hiroseno Shrine (Izu Province)
[OK] Hiruko Shrine (Awa Province (Tokushima))
[OK] Hisamamechi Shrine
[OK] Hisamamechi Shrine (Ise Province)
[OK] Hisatsuchino Shrine
[OK] Hisatsuchino Shrine (Ise Province)
[OK] Hisazuchi Shrine
[OK] Hisazuchi Sugawara Shrine
[OK] Hishikino Shrine
[OK] Hitowoseno Shrine
[OK] Hitsukurano Shrine
[OK] Hiyakurakuno Shrine
[OK] Hiyakurakuno Shrine (Iwami Province)
[OK] Hiyoshi Shrine
[OK] Hiyoshi Shrine (Echigo Province)
[OK] Hobata Shrine
[OK] Hokura Shrine
[OK] Hokurano Shrine
[OK] Homusuhino- Shrine
[OK] Hongu Shrine Yohaisho of Kasuga-taisha
[OK] Honoikatsuchino Shrine
[OK] Horisakano Shrine Co-Enshrinement
[OK] Horowasan Haushiwake Shrine
[OK] Hoshikahano Shrine
[OK] Hosokawa Shrine
[OK] Hosorokino Shrine
[OK] Hosorokino Shrine (Echizen Province)
[OK] Hosoyano Shrine
[OK] Hotsu Village Enshrinement Theory
[OK] Hotsuda Village Enshrinement Theory
[OK] Hotsumino Shrine
[OK] Hotsumino Shrine former site
[OK] Hotsusakeno- Shrine
[OK] Hotsusakeno- Shrine (Izu Province)
[OK] Housono Shrine
[OK] Hoyamano Shrine
[OK] Hozumi Shrine (Ise Province)
[OK] Hyōsu Shrine
[OK] Hyōzu Shrine
[OK] Hyōzu Shrine (Iki Island)
[OK] Ibaraki Shrine
[OK] Ibe Iwakura Shrine
[OK] Ichifurino Shrine
[OK] Ichihara Shrine
[OK] Ichiimotono Shrine
[OK] Ichikahano Shrine
[OK] Ichinomiya Shrine (Tokushima)
[OK] Ichisuka Shrine
[OK] Ida Shrine
[OK] Ide Shrine
[OK] Ieshima Shrine
[OK] Ifukiikatsuchi- Shrine
[OK] Igami Shrine
[OK] Igarashi Shrine
[OK] Igarashi Shrine (Echigo Province)
[OK] Igasa Shrine
[OK] Igatomega Shrine
[OK] Ihafuneno Shrine
[OK] Ihakamiichino Shrine
[OK] Ihakurano Shrine
[OK] Ihakurawakeno- Shrine
[OK] Ihano Shrine
[OK] Ihano Shrine (Co-Enshrinement)
[OK] Ihanohimeno- Shrine
[OK] Ihare- Shrine
[OK] Ihare- Shrine (Izu Province)