[OK] List of Shikinaisha in Aki Province
[OK] Mimeno-amehirinohimeno- Shrine
[OK] Sunomiya Shrine (Awa Province (Chiba))
[OK] Shimotate Matsubara Shrine
[OK] Nakoshinoyamano Shrine
[OK] Nakoshiyama Shrine (Awa Province (Chiba))
[OK] Nakoshiyama Shrine (Awa Province)
[OK] Takabe Shrine (Awa Province (Chiba))
[OK] List of Shikinaisha in Awa Province (Chiba)
[OK] Ōasahiko Shrine (Awa Province (Tokushima))
[OK] Kaehimeno Shrine
[OK] Ashiinaba Shrine (Awa Province (Tokushima))
[OK] Kaehime Shrine
[OK] Ushihiko Shrine (Awa Province (Tokushima))
[OK] Ushihiko Shrine (Awa Province (Tokushima))
[OK] Ushihiko Shrine (Awa Province (Tokushima))
[OK] Okanoue Shrine (Awa Province (Tokushima))
[OK] Takefutsuno Shrine
[OK] Takefutsu Shrine (Awa Province (Tokushima))
[OK] Takefutsu Nishinomiya Shrine
[OK] Akanta Shrine
[OK] Igasa Shrine
[OK] Hachiman Shrine
[OK] Takefutsu Shrine (Awa Province (Tokushima))
[OK] Takefutsu Shrine (Awa Province (Tokushima))
[OK] Kotoshironushi Shrine (Awa Province (Tokushima))
[OK] Kamono Shrine (Awa Province (Tokushima))
[OK] Tawano Shrine
[OK] Tasun Shrine
[OK] Nishiteru Shrine (Awa Province (Tokushima))
[OK] Takehiro Shrine
[OK] Kamogami Shrine
[OK] Hachiman Shrine (Awa Province (Tokushima))
[OK] Oota Shrine (Tasun Shrine)
[OK] Hachiman Shrine (Awa Province (Tokushima))
[OK] Yokotano Shrine
[OK] Yokota Shrine (Awa Province (Tokushima))
[OK] Kamogami Shrine (Awa Province (Tokushima))
[OK] Isanamino Shrine
[OK] Izanami Shrine, Mima
[OK] Junisho Shrine (Awa Province (Tokushima))
[OK] Takakoshi Shrine (Awa Province (Tokushima))
[OK] Izanami Shrine (Awa Province (Tokushima))
[OK] Hachiman Shrine (Awa Province (Tokushima))
[OK] Takeno Shrine (Awa Province (Tokushima))
[OK] Takekami Shrine
[OK] Tenno-miya Tate Shrine
[OK] Ameyoritateno Shrine
[OK] Tenkoyasaka Shrine
[OK] Amanohashidate Shrine
[OK] Amatsukasahikono Shrine
[OK] Amatsukasahiko Shrine (Awa Province (Tokushima))
[OK] Amatsukasahiko Shrine (Awa Province (Tokushima))
[OK] Yasokono Shrine
[OK] Hachisu Shrine (Awa Province (Tokushima))
[OK] Shouhachihatamiya
[OK] Yasokono Shrine (Awa Province (Tokushima))
[OK] Mitsuhanomeno Shrine
[OK] Ken Shrine (Awa Province (Tokushima))
[OK] Yasaka Shrine (Awa Province (Tokushima))
[OK] Takehiro Shrine (Awa Province (Tokushima))
[OK] Hachidairyuuou Shrine
[OK] Tenno-miya Tate Shrine (Awa Province (Tokushima))
[OK] Haniyamano- Shrine
[OK] Umaokanitta Shrine
[OK] Haniyamahime Shrine
[OK] Yamatoookuni- Shrine
[OK] Ika Shrine
[OK] Yamatoookuni- Shrine (Awa Province (Tokushima))
[OK] Imuheno Shrine
[OK] Inbe Shrine
[OK] Gosho Shrine (Awa Province (Tokushima))
[OK] Inbe- Shrine
[OK] Imuheno Shrine (Awa Province (Tokushima))
[OK] Amamurakumono Shrine
[OK] Tenmurakumo Shrine
[OK] Amamurakumo Shrine (Awa Province (Tokushima))
[OK] Ikagashi Shrine (Awa Province (Tokushima))
[OK] Amatsunumahikono Shrine
[OK] Shikishima Shrine (Awa Province (Tokushima))
[OK] Sugio Shrine (Awa Province (Tokushima))
[OK] Biyatsukan Shrine
[OK] Amatsunumahikono Shrine (Awa Province (Tokushima))
[OK] Hihameno- Shrine
[OK] Sugio Shrine (Awa Province (Tokushima))
[OK] Nakauchi Shrine
[OK] Hachiman Shrine (Awa Province (Tokushima))
[OK] Hihameno- Shrine (Awa Province (Tokushima))
[OK] Iwatowakeyakurahimeno Shrine
[OK] Hachikurahime Shrine
[OK] Ichinomiya Shrine (Tokushima)
[OK] Iwatowakeyakurahimeno Shrine (Awa Province (Tokushima))
[OK] Ama-no-iwato-wake-toyotamahimeno Shrine
[OK] Toyotamahime Shrine (Awa Province (Tokushima))
[OK] Sarutahiko Shrine (Awa Province (Tokushima))
[OK] Ama-no-iwato-wake-toyotamahimeno Shrine (Awa Province (Tokushima))
[OK] Mano- Shrine
[OK] Oomahiko Shrine
[OK] Sakurama Shrine (Awa Province (Tokushima))
[OK] Tenjin-sha (Awa Province (Tokushima))
[OK] Watatsumitoyotamahimeno Shrine
[OK] Amatarashi Shrine
[OK] Oujiwatatsumi Shrine
[OK] Ōji Shrine (Awa Province (Tokushima))
[OK] Inoue Hachiman Shrine (Awa Province (Tokushima))
[OK] Amasashinowake Shrine
[OK] Mimatsuhiko Shrine
[OK] Kotoshironushino Shrine
[OK] Yamakatano- Shrine
[OK] Yamakatahiko Shrine
[OK] Tateiwa Shrine
[OK] Umorihiko Shrine (Awa Province (Tokushima))
[OK] Asadatehiko Shrine
[OK] Hayasame Shrine
[OK] Toyokuni Shrine (Awa Province (Tokushima))
[OK] Tatsushima Meoyanomikoto Shrine
[OK] Hanoura Shrine
[OK] Unawino Shrine
[OK] Wanasaifusono Shrine
[OK] Kazunasaitomiso Shrine
[OK] Hiruko Shrine (Awa Province (Tokushima))
[OK] Wanasaifusono Shrine (Awa Province (Tokushima))
[OK] Murohimeno Shrine
[OK] Murohime Shrine (Awa Province (Tokushima))
[OK] Atsu Shrine (Awa Province (Tokushima))
[OK] Take- Shrine
[OK] Sho Hachiman Shrine
[OK] Takehime Shrine
[OK] Yahoko Shrine (Awa Province (Tokushima))
[OK] Kashihahimeno Shrine
[OK] Gashibahime Shrine
[OK] List of Shikinaisha in Awa Province (Tokushima)
[OK] Izanagi Jingū
[OK] Isekurumano Shrine
[OK] Ihayano Shrine
[OK] Tsukisano Shrine
[OK] Kamo Shrine (Awaji Province)
[OK] Yuranominatono Shrine
[OK] Shichikuno Shrine
[OK] Shizuki Shrine
[OK] Kumano Shrine
[OK] Kishikahano Shrine
[OK] Kishikawa Shrine
[OK] Sannō Shrine (Awaji Province)
[OK] Kahakamino Shrine
[OK] Kawakami Shrine (Awaji Province)
[OK] Kawakami Shrine (Awaji Province) (Awaji Province)
[OK] Kawakami Shrine (Tsuna district)
[OK] Yaharano Shrine
[OK] Yahara Shrine
[OK] Ehara Nishinomiya Shrine
[OK] Minakuchino Shrine (Awaji Province)
[OK] Kutono Shrine
[OK] List of Shikinaisha in Awaji Province
[OK] Takeinatakisayafutsuno Shrine
[OK] Takeinatashisayafutsu Shrine
[OK] Ninomiya Shrine
[OK] Amawake Toyohime Shrine
[OK] Susanowonono Shrine
[OK] Tenjin-sha (Bingo Province)
[OK] Susanoo Shrine (Bingo Province)
[OK] Nihitsuhimeno Shrine
[OK] Takamorono Shrine
[OK] Nunakuma Shrine
[OK] Hikosasukino Shrine
[OK] Tarihirino Shrine
[OK] Kibitsu Shrine Keidai-sha
[OK] Tarihirino shrine former site
[OK] Hachiman Shrine (Bingo Province)
[OK] Kannabi Shrine (Fuchu city, Hiroshima)
[OK] Kunitakayorihikono Shrine
[OK] Takaokami Shrine
[OK] Kuniji Shrine
[OK] Okamino Shrine (Bingo Province)
[OK] Sorahikono Shrine
[OK] Sorahiko Shrine
[OK] Sorahiko Shrine (Bingo Province)
[OK] Takao- Shrine
[OK] Karakawa Shrine
[OK] Warihimeno Shrine
[OK] Warihimeno Shrine former site
[OK] Warihimeno Shrine former site (Bingo Province)
[OK] Chihayahikono Shrine
[OK] Chinamiyoruhiko Shrine
[OK] Chinamiyoruhiko Shrine (Bingo Province)
[OK] Bingokunininomiya Chihayahiko Shrine
[OK] Chihayahiko Shrine
[OK] Chihayahimeno Shrine
[OK] List of Shikinaisha in Bingo Province
[OK] Momoiyamano Shrine
[OK] Momoiyamano Shrine Former Site
[OK] Sukafuno Shrine
[OK] Sugō Shrine
[OK] Sugo Amatsu Shrine
[OK] Furukohorino Shrine
[OK] Furukoori Shrine
[OK] Furukohorino Shrine Co-EnShrinement
[OK] Nomatano Shrine
[OK] Soja Shrine Keidai-sha
[OK] Nomatano Shrine Co-EnShrinement
[OK] Tsutsumi Shrine (Bitchū Province)
[OK] Ihatatamino Shrine
[OK] Miwa Shrine (Bitchū Province)
[OK] Masakino Shrine
[OK] Yokota Shrine (Bitchū Province)
[OK] Anatono- Shrine
[OK] Anatosanshin Shrine
[OK] Anatosanshin Shrine (Bitchū Province)
[OK] Aritano Shrine
[OK] Kamishimano Shrine
[OK] Kamishima Shrine (Bitchū Province)
[OK] Tenjin-sha (Bitchū Province)
[OK] Kamishima Shrine (Bitchū Province)
[OK] Co-Enshrinement of Kamishimano Shrine
[OK] Ueno Shrine
[OK] Ukou Shrine
[OK] Oomotoukou Shrine
[OK] Unoe Shrine
[OK] Antsukino- Shrine
[OK] Ashitsugiyama Shrine (Bitchū Province)
[OK] Ashitsugi Shrine (Bitchū Province)
[OK] Ashitsugi Shrine (Bitchū Province)
[OK] Himesaka Kanachiana Shrine
[OK] Widono- Shrine
[OK] List of Shikinaisha in Bitchū Province
[OK] Miwa Shrine (Higashisue, Setouchi)
[OK] Kamono Shrine (Bizen Province)
[OK] Munakatano Shrine (Bizen Province)
[OK] Isonokamifutsumitama Shrine
[OK] Fuse Shrine (Bizen Province)
[OK] Kamineno Shrine
[OK] Ōga Shrine
[OK] Ihatowakeno Shrine
[OK] Ohari Shrine
[OK] Tenjin-sha (Bizen Province)
[OK] Tenjin-sha (Bizen Province)
[OK] Amatsu Shrine (Bizen Province)
[OK] Amano Hachiman Shrine
[OK] Ise Shrine
[OK] Amahakarino Shrine
[OK] Kunitsu Shrine (Bizen Province)
[OK] Sekimonbetsu Shrine
[OK] Ojiharina Mawakahime Shrine
[OK] Kamono Shrine (Bizen Province)
[OK] Kamono Shrine (Bizen Province)
[OK] Tatsuchiurano- Shrine
[OK] Takashima Shrine (Bizen Province)
[OK] Tadouraza Shrine
[OK] Takeshima Shrine
[OK] Hirohata Hachimangū
[OK] List of Shikinaisha in Bizen Province
[OK] Takewoshimokorihikono Shrine
[OK] Takeo Shimokorihiko Shrine
[OK] Takeo Shimokorihiko Shrine Shimogu
[OK] Sasamutano Shrine
[OK] Nishikanta Shrine
[OK] Unaguhime Shrine
[OK] Hayasuihime Shrine (Bungo Province)
[OK] List of Shikinaisha in Bungo Province
[OK] Himekami Shrine
[OK] Ohotarashihimeno- Shrine
[OK] Kawara Shrine (Buzen Province)
[OK] Oshihoneno Shrine
[OK] Toyohimeno- Shrine
[OK] List of Shikinaisha in Buzen Province
[OK] Iseamaterasumioyano Shrine
[OK] Ise Mioya Shrine
[OK] Ise Amaterasu Mioya Shrine
[OK] Toyohimeno Shrine
[OK] Toyohime Shrine
[OK] Toyohime Shrine (Chikugo Province)
[OK] Hachiman Shrine (Chikugo Province)
[OK] Miseno- Shrine
[OK] List of Shikinaisha in Chikugo Province
[OK] Orihata Shrine (Chikuzen Province)
[OK] Shitono Shrine
[OK] Chikushi Shrine (Chikuzen Province)
[OK] Materafuno Shrine
[OK] Minagino Shrine
[OK] Minagi Shrine (Chikuzen Province)
[OK] Minagi Shrine (Chikuzen Province)
[OK] Wohonamuchino Shrine
[OK] List of Shikinaisha in Chikuzen Province
[OK] Womonoimino Shrine
[OK] Tobisawa Shrine
[OK] Tsurugiryuujin Shrine
[OK] Sugio Shrine (Dewa Province)
[OK] Tsukiyama Shrine
[OK] Sanjin gousai-den, Ideha Shrine
[OK] Wokano Shrine (Dewa Province)
[OK] Onga Shrine
[OK] Onga Shrine (Dewa Province)
[OK] Onga Shrine (Tagawa district)
[OK] Onga Shrine (Ioka)
[OK] Onga Shrine (Ongahara)
[OK] Onga Shrine (Sotonojima)
[OK] Yuzusame Shrine (Dewa Province)
[OK] Dewa Shrine (Dewa Province)
[OK] Shioyuhiko Shrine
[OK] Horowasan Haushiwake Shrine
[OK] Sohikahano Shrine
[OK] Soegawa Shrine (Dewa Province)
[OK] Sokawa Shrine
[OK] Sohikahano Shrine former site
[OK] Shinmei-sha (Dewa Province)
[OK] List of Shikinaisha in Dewa Province
[OK] Nunakahano Shrine
[OK] Nunakawa Shrine (Echigo Province)
[OK] Nunakawa Shrine (Echigo Province) (Echigo Province)
[OK] Nō Hakusan Shrine
[OK] Nunagawa Shrine (Ama-no Shrine precinct)
[OK] Hakusan Shrine (Echigo Province)
[OK] Nunagawa Shrine (Echigo Province)
[OK] Ohomuwano Shrine
[OK] Amatsu Shrine (Echigo Province)
[OK] Daijin Shrine
[OK] Oono Shrine
[OK] Fujisaki Shrine
[OK] Sekiyama Shrine
[OK] Amatsu Shrine (Echigo Province)
[OK] Ō Shrine (Itoigawa)
[OK] Ono Shrine (Echigo Province)
[OK] Fujisaki Shrine (Echigo Province)
[OK] Ō Shrine (Echigo Province)
[OK] Sekiyama Shrine (Jōetsu)
[OK] Ahitano Shrine
[OK] Abito Shrine
[OK] Matsuo Shrine (Echigo Province)
[OK] Fuchū Hachiman Shrine (Echigo Province)
[OK] Kota Shrine (Niigata)
[OK] Sata Shrine (Echigo Province)
[OK] Tsurugi Shrine (Echigo Province)
[OK] Sata Shrine (Echigo Province)
[OK] Yasaka Shrine (Echigo Province)
[OK] Mononoheno Shrine (Echigo Province)
[OK] Mizushimaisobe Shrine
[OK] Mizushima Isobe Shrine (Nashidaira, Kiyosato District)
[OK] Mizushima Isobe Shrine (Itoigawa City)
[OK] Mizushima Isobe Shrine (Aoyagiboganoike, Kiyosato District)
[OK] Sugawara Shrine (Echigo Province)
[OK] Isokimi Shrine (Echigo Province)
[OK] Eno Shrine (Echigo Province)
[OK] Eno Shrine (Echigo Province)
[OK] Naoe Hachiman Shrine
[OK] Awomino Shrine
[OK] Matotano Shrine
[OK] Maruta Shrine (Nadachi District)
[OK] Maruta Shrine (Kakizaki District)
[OK] Hida Shrine
[OK] Miyakeno Shrine
[OK] Miyake Shrine (Echigo Province)
[OK] Miyake Shrine (Koshi district)
[OK] Miyake Shrine (Echigo Province)
[OK] Miyake Shrine (Myoken Town)
[OK] Miyake Shrine (Echigo Province)
[OK] Miyake Shrine (Muikaichi Town)
[OK] Kiriharano Shrine
[OK] Kiriharaishibe Shrine
[OK] Kiriharaishibe Shrine (Echigo Province)
[OK] Kirihara Isobe Shrine (Kamigiri)
[OK] Kirihara Ishibe Shrine (Teradomari)
[OK] Tsuno Shrine (Echigo Province)
[OK] Takahikone Shrine
[OK] Tono Shrine (Yoitamachi Town)
[OK] Tono Shrine (Serikawa Town)
[OK] Wonifu Shrine
[OK] Shoutanjou Shrine
[OK] Unagushi Shrine (Echigo Province)
[OK] Unagushi Shrine (Echigo Province)
[OK] Konyu Shrine
[OK] Unakushino Shrine
[OK] Kinpu Shrine (Echigo Province)
[OK] Unagushi Shrine (Echigo Province)
[OK] Mishimanoisobeno Shrine
[OK] Mishima Isōbe Shrine (Hojo, Kashiwazaki City)
[OK] Mishima Ishibe Shrine (Nishiyama Town, Kashiwazaki City)
[OK] Mononobe Shrine (Echigo Province)
[OK] Ukahano Shrine
[OK] Ukawa Shrine (Yamamiya, Takayanagi Town, Kashiwazaki City)
[OK] Kurohime Shrine (Sato‑miya, Takayanagi Town, Kashiwazaki City)
[OK] Ukawa Shrine (Miyaba Town, Kashiwazaki City)
[OK] Ukawa Shrine (Shindo, Kashiwazaki City)
[OK] Ukawa Shrine (Noda, Kashiwazaki City)
[OK] Tatano Shrine (Echigo Province)
[OK] Taki Shrine (Echigo Province)
[OK] Tata Shrine (Echigo Province)
[OK] Mishima Shrine
[OK] Ihawino Shrine
[OK] Ishii Shrine (Echigo Province)
[OK] Ishii Shrine (Echigo Province) (Echigo Province)
[OK] Ishii Shrine (Santō district)
[OK] Ishii Shrine (Nishiyama, Kashiwazaki)
[OK] Ishii Shrine (Mishima District)
[OK] Ishii Shrine (Nagaoka)
[OK] Ishii Shrine (Hōjō, Kashiwazaki)
[OK] Ishii Shrine (Nishihonmachi, Kashiwazaki)
[OK] Ohosakino Shrine (Echigo Province)
[OK] Sakamotono Shrine
[OK] Sakamoto Shrine (Echigo Province)
[OK] Hiyoshi Shrine (Echigo Province)
[OK] Hachimangū
[OK] Uonuma Shrine (Echigo Province)
[OK] Sakamoto Shrine (Miya, Minamiuonuma)
[OK] Ime Shrine & Hachimangu
[OK] Kahahino Shrine
[OK] Awomino Shrine (Echigo Province)
[OK] Aomi Shrine (Echigo Province)
[OK] Kanbara Shrine (Echigo Province)
[OK] Utsurahashino Shrine
[OK] Co-Enshrinement of Utsurahashino Shrine
[OK] Co-Enshrinement of Utsurahashino Shrine Ronsha 2
[OK] Hakusan Hall
[OK] Ikureno Shrine
[OK] Tsukitano Shrine
[OK] Tsukita Shrine (Tsukioka, Sanjo)
[OK] Tsukita Shrine (Aramachi, Sanjo)
[OK] Wofuseno Shrine
[OK] Obuse Shrine
[OK] Gosen Hachiman Shrine
[OK] Ikarashino Shrine
[OK] Ikarashi Shrine (Echigo Province)
[OK] Yagi Shrine (Echigo Province)
[OK] Igarashi Shrine (Echigo Province)
[OK] Yagi Shrine (Echigo Province)
[OK] Iyahikono Shrine
[OK] Nakaseno Shrine
[OK] Nakase Shrine
[OK] Nagase Shrine
[OK] Nagase Shrine (Miyayori, Kamo)
[OK] Nagase Shrine (Kamijo, Kamo)
[OK] Yatsu Hachiman Shrine
[OK] Nakayamano Shrine
[OK] Nakayama Shrine (Echigo Province)
[OK] Nakayama Shrine (Echigo Province) (Echigo Province)
[OK] Nakayama Shrine (Gosen)
[OK] Nakayama Shrine (Sanjo)
[OK] Tanino Shrine
[OK] Asaihinono Shrine
[OK] Tanino Shrine (Agano)
[OK] Tanino Shrine (Niigata)
[OK] Funaeno Shrine
[OK] Shinmei-sha (Echigo Province)
[OK] Funae Taijingū
[OK] Tsuchifutano Shrine
[OK] Ōgata Shrine
[OK] Ichikahano Shrine
[OK] Matsuhama Inari Shrine
[OK] Hassho Shrine
[OK] Ishiwino Shrine
[OK] Mikuri Shrine (Echigo Province)
[OK] Hakusan Shrine (Echigo Province)
[OK] Nioukogami Shrine
[OK] Hakusan Shrine (Echigo Province)
[OK] Nioji Shrine
[OK] Fujito Shrine
[OK] Kahaahino Shrine
[OK] Shinmei-gū
[OK] Kawai Shrine
[OK] Iwafune Shrine (Echigo Province)
[OK] Kamaharano Shrine
[OK] Kambara Shrine
[OK] Hakotake Hachiman Shrine
[OK] Nishinamino Shrine
[OK] Nishinaya Shrine (Echigo Province)
[OK] Nishinami Shrine
[OK] Nishinami Haguro Shrine
[OK] Arakahano Shrine
[OK] Arakawa Shrine (Koiwanai, Murakami)
[OK] Arakawa Shrine (Arakawa, Murakami)
[OK] Arakawa Shrine (Tainai)
[OK] Taki Shrine (Echigo Province)
[OK] Taki Shrine (Iwagasaki, Murakami)
[OK] Shira Falls
[OK] Taki Shrine (Takane, Murakami)
[OK] Co-Enshrinement of Takino Shrine
[OK] Kawachi Shrine (Echigo Province)
[OK] Urushiyama Shrine (Echigo Province)
[OK] Momokahano Shrine
[OK] Minatono Shrine
[OK] List of Shikinaisha in Echigo Province
[OK] Kehi Shrine
[OK] Kahiruno Shrine (Echizen Province)
[OK] Tsurukino Shrine
[OK] Tsurugi Shrine (Echizen Province)
[OK] Tsurugi Shrine (Nyu District)
[OK] Tsurugi Shrine (Tsuruga City)
[OK] Nifuno Shrine (Echizen Province)
[OK] Tayuhino Shrine (Echizen Province)
[OK] Kutsumino Shrine
[OK] Nosakano Shrine
[OK] Shihisakino Shrine