Logged in as Immanuelle

Extracting Wikidata QIDs for Sexagenary cycle members

============================================================

Fetching all pages in [[Category:Sexagenary cycle members]]...
Found 60 members

1. Kōshin ... ✓ Q3082157
2. Yang Earth Dog ... ✓ Q904922
3. Yang Earth Dragon ... ✓ Q118701
4. Yang Earth Horse ... ✓ Q905011
5. Yang Earth Monkey ... ✓ Q904781
6. Yang Earth Rat ... ✓ Q1062052
7. Yang Earth Tiger ... ✓ Q1061986
8. Yang Fire Dog ... ✓ Q1062512
9. Yang Fire Dragon ... ✓ Q904721
10. Yang Fire Horse ... ✓ Q1062045
11. Yang Fire Monkey ... ✓ Q1061831
12. Yang Fire Rat ... ✓ Q1062017
13. Yang Fire Tiger ... ✓ Q767248
14. Yang Metal Dog ... ✓ Q904484
15. Yang Metal Dragon ... ✓ Q1062146
16. Yang Metal Horse ... ✓ Q1062141
17. Yang Metal Rat ... ✓ Q904964
18. Yang Metal Tiger ... ✓ Q1063199
19. Yang Water Dog ... ✓ Q904937
20. Yang Water Dragon ... ✓ Q1062581
21. Yang Water Horse ... ✓ Q1062004
22. Yang Water Monkey ... ✓ Q1062030
23. Yang Water Rat ... ✓ Q904972
24. Yang Water Tiger ... ✓ Q1062922
25. Yang Wood Dog ... ✓ Q1062917
26. Yang Wood Dragon ... ✓ Q904754
27. Yang Wood Horse ... ✓ Q904930
28. Yang Wood Monkey ... ✓ Q1062011
29. Yang Wood Rat ... ✓ Q1190890
30. Yang Wood Tiger ... ✓ Q904409
31. Yin Earth Goat ... ✓ Q904801
32. Yin Earth Ox ... ✓ Q1061992
33. Yin Earth Pig ... ✓ Q904335
34. Yin Earth Rabbit ... ✓ Q1062557
35. Yin Earth Rooster ... ✓ Q905305
36. Yin Earth Snake ... ✓ Q1062039
37. Yin Fire Goat ... ✓ Q905292
38. Yin Fire Ox ... ✓ Q1062543
39. Yin Fire Pig ... ✓ Q1062894
40. Yin Fire Rabbit ... ✓ Q1061999
41. Yin Fire Rooster ... ✓ Q201551
42. Yin Fire Snake ... ✓ Q905311
43. Yin Metal Goat ... ✓ Q1062873
44. Yin Metal Ox ... ✓ Q904956
45. Yin Metal Pig ... ✓ Q905052
46. Yin Metal Rabbit ... ✓ Q1062275
47. Yin Metal Rooster ... ✓ Q904743
48. Yin Metal Snake ... ✓ Q1062057
49. Yin Water Goat ... ✓ Q1062599
50. Yin Water Ox ... ✓ Q267521
51. Yin Water Pig ... ✓ Q904914
52. Yin Water Rabbit ... ✓ Q904471
53. Yin Water Rooster ... ✓ Q655662
54. Yin Water Snake ... ✓ Q905297
55. Yin Wood Goat ... ✓ Q1062025
56. Yin Wood Ox ... ✓ Q599762
57. Yin Wood Pig ... ✓ Q1062067
58. Yin Wood Rabbit ... ✓ Q904791
59. Yin Wood Rooster ... ✓ Q185265
60. Yin Wood Snake ... ✓ Q905031

============================================================

Writing results to sexagenary_cycle_members_wikidata.csv...

✓ CSV file created: sexagenary_cycle_members_wikidata.csv

Summary:
  Total members: 60
  Found QIDs: 60
  Missing QIDs: 0
