Traceback (most recent call last):
  File "C:\Users\Immanuelle\Documents\Github\q\wikibot\find_wikidata_duplicates.py", line 27, in <module>
    site = mwclient.Site(WIKI_URL, path=WIKI_PATH)
  File "C:\Users\ambie\AppData\Local\Programs\Python\Python313\Lib\site-packages\mwclient\client.py", line 186, in __init__
    self.site_init()
    ~~~~~~~~~~~~~~^^
  File "C:\Users\ambie\AppData\Local\Programs\Python\Python313\Lib\site-packages\mwclient\client.py", line 209, in site_init
    meta = self.get('query', meta='siteinfo|userinfo',
                    siprop='general|namespaces', uiprop='groups|rights',
                    retry_on_error=False)
  File "C:\Users\ambie\AppData\Local\Programs\Python\Python313\Lib\site-packages\mwclient\client.py", line 300, in get
    return self.api(action, 'GET', *args, **kwargs)
           ~~~~~~~~^^^^^^^^^^^^^^^^^^^^^^^^^^^^^^^^
  File "C:\Users\ambie\AppData\Local\Programs\Python\Python313\Lib\site-packages\mwclient\client.py", line 358, in api
    info = self.raw_api(action, http_method, **kwargs)
  File "C:\Users\ambie\AppData\Local\Programs\Python\Python313\Lib\site-packages\mwclient\client.py", line 569, in raw_api
    res = self.raw_call('api', data, retry_on_error=retry_on_error,
                        http_method=http_method)
  File "C:\Users\ambie\AppData\Local\Programs\Python\Python313\Lib\site-packages\mwclient\client.py", line 506, in raw_call
    stream.raise_for_status()
    ~~~~~~~~~~~~~~~~~~~~~~~^^
  File "C:\Users\ambie\AppData\Local\Programs\Python\Python313\Lib\site-packages\requests\models.py", line 1024, in raise_for_status
    raise HTTPError(http_error_msg, response=self)
requests.exceptions.HTTPError: 429 Client Error: Too Many Requests for url: https://shinto.miraheze.org/w/api.php?meta=siteinfo%7Cuserinfo%7Cuserinfo&siprop=general%7Cnamespaces&uiprop=groups%7Crights%7Cblockinfo%7Chasmsg&continue=&action=query&format=json
