================================================================================
AUTOMATED JAPANESE WIKIPEDIA IMPORT WITH FULL HISTORY
================================================================================

Test page: Ōarahiko Shrine

Connecting to shinto.miraheze.org...
Logged in successfully

Step 1: Checking if page already has {{translated page|...
  No {{translated page| found, proceeding...

Step 2: Getting Japanese Wikipedia article name...
  Found QID: Q11438675
  Found Japanese article: 大荒比古神社

Step 3: Fetching Japanese Wikipedia content...
  Fetched 1551 characters
  Current revision ID: 107289665

Step 4: Exporting Japanese Wikipedia history...
  Exported 6067 bytes

Step 5: Importing XML to create Japanese page...
  Importing XML via API...
  Response status: 200
  Response text: {"import":[{"ns":0,"title":"\u5927\u8352\u6bd4\u53e4\u795e\u793e","revisions":1}]}
  Import result: {'import': [{'ns': 0, 'title': '大荒比古神社', 'revisions': 1}]}
  Import completed!

Step 6: Creating merged content...
  Created merged content (2368 characters)

Step 7: Deleting English page...
  ✓ Deleted [[Ōarahiko Shrine]]

Step 8: Moving Japanese page to English page name...
  ✓ Moved [[大荒比古神社]] → [[Ōarahiko Shrine]]

Step 9: Undeleting all revisions of English page...
  ✓ Undeleted revisions

Step 10: Overwriting with merged content...
  ✓ Saved merged content to [[Ōarahiko Shrine]]

================================================================================
SUCCESS!
================================================================================
The page [[Ōarahiko Shrine]] now contains:
  - All Japanese Wikipedia revision history
  - All English page revision history
  - Merged content with both Japanese and English sections

