Generating QuickStatements for Lunisolar months and days
============================================================

Found 362 lunisolar days
Generating QuickStatements...

[+] April 1 (Lunisolar) (Q839301)
[+] April 10 (Lunisolar) (Q839167)
[+] April 11 (Lunisolar) (Q838941)
[+] April 12 (Lunisolar) (Q839183)
[+] April 13 (Lunisolar) (Q839173)
[+] April 14 (Lunisolar) (Q839045)
[+] April 15 (Lunisolar) (Q839077)
[+] April 16 (Lunisolar) (Q839296)
[+] April 17 (Lunisolar) (Q839398)
[+] April 18 (Lunisolar) (Q839394)
[+] April 19 (Lunisolar) (Q839333)
[+] April 2 (Lunisolar) (Q839120)
[+] April 20 (Lunisolar) (Q839311)
[+] April 21 (Lunisolar) (Q839373)
[+] April 22 (Lunisolar) (Q839306)
[+] April 23 (Lunisolar) (Q839362)
[+] April 24 (Lunisolar) (Q839640)
[+] April 25 (Lunisolar) (Q839510)
[+] April 26 (Lunisolar) (Q839623)
[+] April 27 (Lunisolar) (Q839450)
[+] April 28 (Lunisolar) (Q839506)
[+] April 29 (Lunisolar) (Q839489)
[+] April 3 (Lunisolar) (Q838906)
[+] April 30 (Lunisolar) (Q839471)
[+] April 4 (Lunisolar) (Q838910)
[+] April 5 (Lunisolar) (Q838972)
[+] April 6 (Lunisolar) (Q838869)
[+] April 7 (Lunisolar) (Q839052)
[+] April 8 (Lunisolar) (Q839007)
[+] April 9 (Lunisolar) (Q838863)
[+] August 1 (Lunisolar) (Q840103)
[+] August 10 (Lunisolar) (Q840142)
[+] August 11 (Lunisolar) (Q840149)
[+] August 12 (Lunisolar) (Q840295)
[+] August 13 (Lunisolar) (Q840292)
[+] August 14 (Lunisolar) (Q840163)
[+] August 15 (Lunisolar) (Q835516)
[+] August 16 (Lunisolar) (Q840140)
[+] August 17 (Lunisolar) (Q840155)
[+] August 18 (Lunisolar) (Q840278)
[+] August 19 (Lunisolar) (Q840369)
[+] August 2 (Lunisolar) (Q840066)
[+] August 20 (Lunisolar) (Q840168)
[+] August 21 (Lunisolar) (Q840225)
[+] August 22 (Lunisolar) (Q840093)
[+] August 23 (Lunisolar) (Q840342)
[+] August 24 (Lunisolar) (Q840034)
[+] August 25 (Lunisolar) (Q840095)
[+] August 26 (Lunisolar) (Q840395)
[+] August 27 (Lunisolar) (Q840411)
[+] August 28 (Lunisolar) (Q840180)
[+] August 29 (Lunisolar) (Q840048)
[+] August 3 (Lunisolar) (Q840073)
[+] August 30 (Lunisolar) (Q840315)
[+] August 4 (Lunisolar) (Q840014)
[+] August 5 (Lunisolar) (Q840100)
[+] August 6 (Lunisolar) (Q840382)
[+] August 7 (Lunisolar) (Q840221)
[+] August 8 (Lunisolar) (Q840029)
[+] August 9 (Lunisolar) (Q840134)
[+] December 1 (Lunisolar) (Q841044)
[+] December 10 (Lunisolar) (Q840475)
[+] December 11 (Lunisolar) (Q841109)
[+] December 12 (Lunisolar) (Q840870)
[+] December 13 (Lunisolar) (Q840518)
[+] December 14 (Lunisolar) (Q840558)
[+] December 15 (Lunisolar) (Q840846)
[+] December 16 (Lunisolar) (Q840555)
[+] December 17 (Lunisolar) (Q840561)
[+] December 18 (Lunisolar) (Q841094)
[+] December 19 (Lunisolar) (Q841038)
[+] December 2 (Lunisolar) (Q840458)
[+] December 20 (Lunisolar) (Q841057)
[+] December 21 (Lunisolar) (Q840864)
[+] December 22 (Lunisolar) (Q840480)
[+] December 23 (Lunisolar) (Q840484)
[+] December 24 (Lunisolar) (Q840461)
[+] December 25 (Lunisolar) (Q840564)
[+] December 26 (Lunisolar) (Q841097)
[+] December 27 (Lunisolar) (Q840878)
[+] December 28 (Lunisolar) (Q840497)
[+] December 29 (Lunisolar) (Q841041)
[+] December 3 (Lunisolar) (Q841033)
[+] December 30 (Lunisolar) (Q841067)
[+] December 4 (Lunisolar) (Q840515)
[+] December 5 (Lunisolar) (Q840524)
[+] December 6 (Lunisolar) (Q840467)
[+] December 7 (Lunisolar) (Q841049)
[+] December 8 (Lunisolar) (Q840464)
[+] December 9 (Lunisolar) (Q840489)
[+] February 1 (Lunisolar) (Q839036)
[+] February 10 (Lunisolar) (Q839320)
[+] February 11 (Lunisolar) (Q839324)
[+] February 12 (Lunisolar) (Q839357)
[+] February 13 (Lunisolar) (Q839152)
[+] February 14 (Lunisolar) (Q839244)
[+] February 15 (Lunisolar) (Q839233)
[+] February 16 (Lunisolar) (Q838949)
[+] February 17 (Lunisolar) (Q839221)
[+] February 18 (Lunisolar) (Q839086)
[+] February 19 (Lunisolar) (Q838945)
[+] February 2 (Lunisolar) (Q839197)
[+] February 20 (Lunisolar) (Q839292)
[+] February 21 (Lunisolar) (Q838987)
[+] February 22 (Lunisolar) (Q838887)
[+] February 23 (Lunisolar) (Q839069)
[+] February 24 (Lunisolar) (Q839101)
[+] February 25 (Lunisolar) (Q839178)
[+] February 26 (Lunisolar) (Q839011)
[+] February 27 (Lunisolar) (Q839141)
[+] February 28 (Lunisolar) (Q839059)
[+] February 29 (Lunisolar) (Q839288)
[+] February 3 (Lunisolar) (Q839187)
[+] February 30 (Lunisolar) (Q1116718)
[+] February 4 (Lunisolar) (Q839137)
[+] February 5 (Lunisolar) (Q838979)
[+] February 6 (Lunisolar) (Q838991)
[+] February 7 (Lunisolar) (Q839279)
[+] February 8 (Lunisolar) (Q839343)
[+] February 9 (Lunisolar) (Q839157)
[+] January 1 (Lunisolar) (Q906010)
[+] January 10 (Lunisolar) (Q839368)
[+] January 11 (Lunisolar) (Q839202)
[+] January 12 (Lunisolar) (Q839378)
[+] January 13 (Lunisolar) (Q839041)
[+] January 14 (Lunisolar) (Q839082)
[+] January 15 (Lunisolar) (Q838395)
[+] January 16 (Lunisolar) (Q839090)
[+] January 17 (Lunisolar) (Q838983)
[+] January 18 (Lunisolar) (Q839131)
[+] January 19 (Lunisolar) (Q838901)
[+] January 2 (Lunisolar) (Q906001)
[+] January 20 (Lunisolar) (Q838892)
[+] January 21 (Lunisolar) (Q839389)
[+] January 22 (Lunisolar) (Q839169)
[+] January 23 (Lunisolar) (Q839105)
[+] January 24 (Lunisolar) (Q839315)
[+] January 25 (Lunisolar) (Q839249)
[+] January 26 (Lunisolar) (Q838882)
[+] January 27 (Lunisolar) (Q839032)
[+] January 28 (Lunisolar) (Q839329)
[+] January 29 (Lunisolar) (Q839115)
[+] January 3 (Lunisolar) (Q839671)
[+] January 30 (Lunisolar) (Q838953)
[+] January 4 (Lunisolar) (Q835479)
[+] January 5 (Lunisolar) (Q835425)
[+] January 6 (Lunisolar) (Q839238)
[+] January 7 (Lunisolar) (Q839064)
[+] January 8 (Lunisolar) (Q839348)
[+] January 9 (Lunisolar) (Q838914)
[+] July 1 (Lunisolar) (Q839711)
[+] July 10 (Lunisolar) (Q839719)
[+] July 11 (Lunisolar) (Q839888)
[+] July 12 (Lunisolar) (Q839749)
[+] July 13 (Lunisolar) (Q839878)
[+] July 14 (Lunisolar) (Q839776)
[+] July 15 (Lunisolar) (Q839745)
[+] July 16 (Lunisolar) (Q839688)
[+] July 17 (Lunisolar) (Q839761)
[+] July 18 (Lunisolar) (Q839924)
[+] July 19 (Lunisolar) (Q839686)
[+] July 2 (Lunisolar) (Q839784)
[+] July 20 (Lunisolar) (Q839882)
[+] July 21 (Lunisolar) (Q839764)
[+] July 22 (Lunisolar) (Q839702)
[+] July 23 (Lunisolar) (Q839716)
[+] July 24 (Lunisolar) (Q839874)
[+] July 25 (Lunisolar) (Q839678)
[+] July 26 (Lunisolar) (Q839694)
[+] July 27 (Lunisolar) (Q839708)
[+] July 28 (Lunisolar) (Q839895)
[+] July 29 (Lunisolar) (Q840052)
[+] July 3 (Lunisolar) (Q839696)
[+] July 30 (Lunisolar) (Q840429)
[+] July 4 (Lunisolar) (Q839729)
[+] July 5 (Lunisolar) (Q839918)
[+] July 6 (Lunisolar) (Q839758)
[+] July 7 (Lunisolar) (Q839741)
[+] July 8 (Lunisolar) (Q839706)
[+] July 9 (Lunisolar) (Q839722)
[+] June 1 (Lunisolar) (Q839637)
[+] June 10 (Lunisolar) (Q839654)
[+] June 11 (Lunisolar) (Q839755)
[+] June 12 (Lunisolar) (Q839681)
[+] June 13 (Lunisolar) (Q839652)
[+] June 14 (Lunisolar) (Q839691)
[+] June 15 (Lunisolar) (Q839649)
[+] June 16 (Lunisolar) (Q839791)
[+] June 17 (Lunisolar) (Q839658)
[+] June 18 (Lunisolar) (Q839704)
[+] June 19 (Lunisolar) (Q839911)
[+] June 2 (Lunisolar) (Q839684)
[+] June 20 (Lunisolar) (Q839899)
[+] June 21 (Lunisolar) (Q839781)
[+] June 22 (Lunisolar) (Q839903)
[+] June 23 (Lunisolar) (Q839700)
[+] June 24 (Lunisolar) (Q839870)
[+] June 25 (Lunisolar) (Q839885)
[+] June 26 (Lunisolar) (Q839738)
[+] June 27 (Lunisolar) (Q839788)
[+] June 28 (Lunisolar) (Q839674)
[+] June 29 (Lunisolar) (Q839774)
[+] June 3 (Lunisolar) (Q839921)
[+] June 30 (Lunisolar) (Q839713)
[+] June 4 (Lunisolar) (Q839676)
[+] June 5 (Lunisolar) (Q839907)
[+] June 6 (Lunisolar) (Q839915)
[+] June 7 (Lunisolar) (Q839725)
[+] June 8 (Lunisolar) (Q839733)
[+] June 9 (Lunisolar) (Q839891)
[+] List of days of the Japanese Lunisolar Calendar (Q11265179)
[+] March 1 (Lunisolar) (Q838856)
[+] March 10 (Lunisolar) (Q839021)
[+] March 11 (Lunisolar) (Q839273)
[+] March 12 (Lunisolar) (Q839055)
[+] March 13 (Lunisolar) (Q839192)
[+] March 14 (Lunisolar) (Q838860)
[+] March 15 (Lunisolar) (Q838846)
[+] March 16 (Lunisolar) (Q839338)
[+] March 17 (Lunisolar) (Q839284)
[+] March 18 (Lunisolar) (Q839110)
[+] March 19 (Lunisolar) (Q838995)
[+] March 2 (Lunisolar) (Q838918)
[+] March 20 (Lunisolar) (Q839228)
[+] March 21 (Lunisolar) (Q838922)
[+] March 22 (Lunisolar) (Q839162)
[+] March 23 (Lunisolar) (Q838897)
[+] March 24 (Lunisolar) (Q838878)
[+] March 25 (Lunisolar) (Q839016)
[+] March 26 (Lunisolar) (Q838851)
[+] March 27 (Lunisolar) (Q838939)
[+] March 28 (Lunisolar) (Q839073)
[+] March 29 (Lunisolar) (Q838930)
[+] March 3 (Lunisolar) (Q839268)
[+] March 30 (Lunisolar) (Q839125)
[+] March 4 (Lunisolar) (Q838975)
[+] March 5 (Lunisolar) (Q839383)
[+] March 6 (Lunisolar) (Q838999)
[+] March 7 (Lunisolar) (Q839096)
[+] March 8 (Lunisolar) (Q838873)
[+] March 9 (Lunisolar) (Q839181)
[+] May 1 (Lunisolar) (Q839592)
[+] May 10 (Lunisolar) (Q839498)
[+] May 11 (Lunisolar) (Q839608)
[+] May 12 (Lunisolar) (Q839514)
[+] May 13 (Lunisolar) (Q839587)
[+] May 14 (Lunisolar) (Q839544)
[+] May 15 (Lunisolar) (Q839538)
[+] May 16 (Lunisolar) (Q839633)
[+] May 17 (Lunisolar) (Q839613)
[+] May 18 (Lunisolar) (Q839646)
[+] May 19 (Lunisolar) (Q839577)
[+] May 2 (Lunisolar) (Q839604)
[+] May 20 (Lunisolar) (Q839598)
[+] May 21 (Lunisolar) (Q839620)
[+] May 22 (Lunisolar) (Q839534)
[+] May 23 (Lunisolar) (Q839558)
[+] May 24 (Lunisolar) (Q839627)
[+] May 25 (Lunisolar) (Q839582)
[+] May 26 (Lunisolar) (Q839541)
[+] May 27 (Lunisolar) (Q839551)
[+] May 28 (Lunisolar) (Q839548)
[+] May 29 (Lunisolar) (Q839553)
[+] May 3 (Lunisolar) (Q839457)
[+] May 30 (Lunisolar) (Q839572)
[+] May 4 (Lunisolar) (Q839643)
[+] May 5 (Lunisolar) (Q839531)
[+] May 6 (Lunisolar) (Q839503)
[+] May 7 (Lunisolar) (Q839493)
[+] May 8 (Lunisolar) (Q839617)
[+] May 9 (Lunisolar) (Q839631)
[+] November 1 (Lunisolar) (Q840273)
[+] November 10 (Lunisolar) (Q840209)
[+] November 11 (Lunisolar) (Q840338)
[+] November 12 (Lunisolar) (Q840309)
[+] November 13 (Lunisolar) (Q840090)
[+] November 14 (Lunisolar) (Q840020)
[+] November 15 (Lunisolar) (Q840417)
[+] November 16 (Lunisolar) (Q840329)
[+] November 17 (Lunisolar) (Q840334)
[+] November 18 (Lunisolar) (Q840471)
[+] November 19 (Lunisolar) (Q840504)
[+] November 2 (Lunisolar) (Q840081)
[+] November 20 (Lunisolar) (Q840455)
[+] November 21 (Lunisolar) (Q841085)
[+] November 22 (Lunisolar) (Q840493)
[+] November 23 (Lunisolar) (Q840512)
[+] November 24 (Lunisolar) (Q841053)
[+] November 25 (Lunisolar) (Q841028)
[+] November 26 (Lunisolar) (Q840854)
[+] November 27 (Lunisolar) (Q841078)
[+] November 28 (Lunisolar) (Q841105)
[+] November 29 (Lunisolar) (Q840521)
[+] November 3 (Lunisolar) (Q840011)
[+] November 30 (Lunisolar) (Q841089)
[+] November 4 (Lunisolar) (Q840046)
[+] November 5 (Lunisolar) (Q840230)
[+] November 6 (Lunisolar) (Q840283)
[+] November 7 (Lunisolar) (Q840377)
[+] November 8 (Lunisolar) (Q840260)
[+] November 9 (Lunisolar) (Q840318)
[+] October 1 (Lunisolar) (Q840217)
[+] October 10 (Lunisolar) (Q840269)
[+] October 11 (Lunisolar) (Q836346)
[+] October 12 (Lunisolar) (Q840037)
[+] October 13 (Lunisolar) (Q840097)
[+] October 14 (Lunisolar) (Q840361)
[+] October 15 (Lunisolar) (Q840184)
[+] October 16 (Lunisolar) (Q840421)
[+] October 17 (Lunisolar) (Q840266)
[+] October 18 (Lunisolar) (Q840391)
[+] October 19 (Lunisolar) (Q840063)
[+] October 2 (Lunisolar) (Q840108)
[+] October 20 (Lunisolar) (Q840198)
[+] October 21 (Lunisolar) (Q840106)
[+] October 22 (Lunisolar) (Q840043)
[+] October 23 (Lunisolar) (Q840386)
[+] October 24 (Lunisolar) (Q840302)
[+] October 25 (Lunisolar) (Q840056)
[+] October 26 (Lunisolar) (Q840425)
[+] October 27 (Lunisolar) (Q840116)
[+] October 28 (Lunisolar) (Q840432)
[+] October 29 (Lunisolar) (Q840175)
[+] October 3 (Lunisolar) (Q840372)
[+] October 30 (Lunisolar) (Q840193)
[+] October 4 (Lunisolar) (Q840358)
[+] October 5 (Lunisolar) (Q840255)
[+] October 6 (Lunisolar) (Q840129)
[+] October 7 (Lunisolar) (Q840398)
[+] October 8 (Lunisolar) (Q840126)
[+] October 9 (Lunisolar) (Q840025)
[+] September 1 (Lunisolar) (Q840137)
[+] September 10 (Lunisolar) (Q840113)
[+] September 11 (Lunisolar) (Q840151)
[+] September 12 (Lunisolar) (Q840306)
[+] September 13 (Lunisolar) (Q840131)
[+] September 14 (Lunisolar) (Q840172)
[+] September 15 (Lunisolar) (Q840070)
[+] September 16 (Lunisolar) (Q840252)
[+] September 17 (Lunisolar) (Q840158)
[+] September 18 (Lunisolar) (Q840287)
[+] September 19 (Lunisolar) (Q840324)
[+] September 2 (Lunisolar) (Q840347)
[+] September 20 (Lunisolar) (Q840203)
[+] September 21 (Lunisolar) (Q840212)
[+] September 22 (Lunisolar) (Q840122)
[+] September 23 (Lunisolar) (Q840365)
[+] September 24 (Lunisolar) (Q840207)
[+] September 25 (Lunisolar) (Q840119)
[+] September 26 (Lunisolar) (Q840298)
[+] September 27 (Lunisolar) (Q840076)
[+] September 28 (Lunisolar) (Q840059)
[+] September 29 (Lunisolar) (Q840263)
[+] September 3 (Lunisolar) (Q840404)
[+] September 30 (Lunisolar) (Q840189)
[+] September 4 (Lunisolar) (Q840145)
[+] September 5 (Lunisolar) (Q840086)
[+] September 6 (Lunisolar) (Q840351)
[+] September 7 (Lunisolar) (Q840249)
[+] September 8 (Lunisolar) (Q840354)
[+] September 9 (Lunisolar) (Q840325)
! Template:Japanese Lunisolar Calendar - No QID found

Found 24 lunisolar months
Generating P11250 statements for months...

[+] April (Lunisolar) (Q839352)
[+] August (Lunisolar) (Q841072)
[+] Category:Lunisolar April (Q9624048)
[+] Category:Lunisolar August (Q9533063)
[+] Category:Lunisolar December (Q9558697)
! Category:Lunisolar February - No QID found
! Category:Lunisolar January - No QID found
! Category:Lunisolar July - No QID found
! Category:Lunisolar June - No QID found
! Category:Lunisolar March - No QID found
! Category:Lunisolar May - No QID found
! Category:Lunisolar November - No QID found
! Category:Lunisolar October - No QID found
! Category:Lunisolar September - No QID found
[+] February (Lunisolar) (Q838935)
[+] July (Lunisolar) (Q839027)
[+] June (Lunisolar) (Q839146)
[+] Kannazuki (Q6364021)
[+] Layue (Q905470)
[+] March (Lunisolar) (Q838927)
[+] May (Lunisolar) (Q839049)
[+] November (Lunisolar) (Q905859)
[+] September (Lunisolar) (Q840528)
[+] Zhengyue (Q1072983)

============================================================
QuickStatements saved to: lunisolar_quickstatements.txt
Total statements: 737
Days with P11250 and Den: 368
