Logged in

Read 36 duplicate QID sets

Pattern matches (TITLE + TITLE (QID)): 33
Non-pattern duplicates: 3

1. Processing [[Kami-Kamikawa Sumiyoshi Shrine]] + [[Kami-Kamikawa Sumiyoshi Shrine (Q11381860)]]...
   ✓ Added content to [[Kami-Kamikawa Sumiyoshi Shrine]]
   ✓ Redirected [[Kami-Kamikawa Sumiyoshi Shrine (Q11381860)]] to [[Kami-Kamikawa Sumiyoshi Shrine]]

2. Processing [[Tsutsumine Shrine]] + [[Tsutsumine Shrine (Q11427995)]]...
   ✓ Added content to [[Tsutsumine Shrine]]
   ✓ Redirected [[Tsutsumine Shrine (Q11427995)]] to [[Tsutsumine Shrine]]

3. Processing [[Takeokami Shrine]] + [[Takeokami Shrine (Q11438318)]]...
   ✓ Added content to [[Takeokami Shrine]]
   ✓ Redirected [[Takeokami Shrine (Q11438318)]] to [[Takeokami Shrine]]

4. Processing [[Hayashi Shrine (Akashi)]] + [[Hayashi Shrine (Akashi) (Q11533249)]]...
   ✓ Added content to [[Hayashi Shrine (Akashi)]]
   ✓ Redirected [[Hayashi Shrine (Akashi) (Q11533249)]] to [[Hayashi Shrine (Akashi)]]

5. Processing [[Tamanooya Shrine]] + [[Tamanooya Shrine (Q11572730)]]...
   ✓ Added content to [[Tamanooya Shrine]]
   ✓ Redirected [[Tamanooya Shrine (Q11572730)]] to [[Tamanooya Shrine]]

6. Processing [[Oyama Shrine (Tateyama)]] + [[Oyama Shrine (Tateyama) (Q11659204)]]...
   ✓ Added content to [[Oyama Shrine (Tateyama)]]
   ✓ Redirected [[Oyama Shrine (Tateyama) (Q11659204)]] to [[Oyama Shrine (Tateyama)]]

7. Processing [[Ogami Shrine (Tonami City)]] + [[Ogami Shrine (Tonami City) (Q11659237)]]...
   ✓ Added content to [[Ogami Shrine (Tonami City)]]
   ✓ Redirected [[Ogami Shrine (Tonami City) (Q11659237)]] to [[Ogami Shrine (Tonami City)]]

8. Processing [[Takamefu Shrine]] + [[Takamefu Shrine (Q11669105)]]...
   ✓ Added content to [[Takamefu Shrine]]
   ✓ Redirected [[Takamefu Shrine (Q11669105)]] to [[Takamefu Shrine]]

9. Processing [[Takashino Shrine]] + [[Takashino Shrine (Q11672588)]]...
   ✓ Added content to [[Takashino Shrine]]
   ✓ Redirected [[Takashino Shrine (Q11672588)]] to [[Takashino Shrine]]

10. Processing [[Taka- Shrine]] + [[Taka- Shrine (Q135038838)]]...
   ✓ Added content to [[Taka- Shrine]]
   ✓ Redirected [[Taka- Shrine (Q135038838)]] to [[Taka- Shrine]]

11. Processing [[Sakino Shrine]] + [[Sakino Shrine (Q135038846)]]...
   ✓ Added content to [[Sakino Shrine]]
   ✓ Redirected [[Sakino Shrine (Q135038846)]] to [[Sakino Shrine]]

12. Processing [[Taimayamaguchi Shrine]] + [[Taimayamaguchi Shrine (Q135038958)]]...
   ✓ Added content to [[Taimayamaguchi Shrine]]
   ✓ Redirected [[Taimayamaguchi Shrine (Q135038958)]] to [[Taimayamaguchi Shrine]]

13. Processing [[Takamakishino Shrine]] + [[Takamakishino Shrine (Q135038967)]]...
   ✓ Added content to [[Takamakishino Shrine]]
   ✓ Redirected [[Takamakishino Shrine (Q135038967)]] to [[Takamakishino Shrine]]

14. Processing [[Takamanoyamasatawono Shrine]] + [[Takamanoyamasatawono Shrine (Q135038969)]]...
   ✓ Added content to [[Takamanoyamasatawono Shrine]]
   ✓ Redirected [[Takamanoyamasatawono Shrine (Q135038969)]] to [[Takamanoyamasatawono Shrine]]

15. Processing [[Takahokono Shrine]] + [[Takahokono Shrine (Q135038973)]]...
   ✓ Added content to [[Takahokono Shrine]]
   ✓ Redirected [[Takahokono Shrine (Q135038973)]] to [[Takahokono Shrine]]

16. Processing [[Takatsunono Shrine]] + [[Takatsunono Shrine (Q135038981)]]...
   ✓ Added content to [[Takatsunono Shrine]]
   ✓ Redirected [[Takatsunono Shrine (Q135038981)]] to [[Takatsunono Shrine]]

17. Processing [[Tsurukinushino Shrine]] + [[Tsurukinushino Shrine (Q135038987)]]...
   ✓ Added content to [[Tsurukinushino Shrine]]
   ✓ Redirected [[Tsurukinushino Shrine (Q135038987)]] to [[Tsurukinushino Shrine]]

18. Processing [[Takayaaheno Shrine]] + [[Takayaaheno Shrine (Q135039001)]]...
   ✓ Added content to [[Takayaaheno Shrine]]
   ✓ Redirected [[Takayaaheno Shrine (Q135039001)]] to [[Takayaaheno Shrine]]

19. Processing [[Takinomotono Shrine]] + [[Takinomotono Shrine (Q135039022)]]...
   ✓ Added content to [[Takinomotono Shrine]]
   ✓ Redirected [[Takinomotono Shrine (Q135039022)]] to [[Takinomotono Shrine]]

20. Processing [[Taketano Shrine]] + [[Taketano Shrine (Q135039030)]]...
   ✓ Added content to [[Taketano Shrine]]
   ✓ Redirected [[Taketano Shrine (Q135039030)]] to [[Taketano Shrine]]

21. Processing [[Takayano Shrine]] + [[Takayano Shrine (Q135039109)]]...
   ✓ Added content to [[Takayano Shrine]]
   ✓ Redirected [[Takayano Shrine (Q135039109)]] to [[Takayano Shrine]]

22. Processing [[Takamiyano Shrine]] + [[Takamiyano Shrine (Q135039125)]]...
   ✓ Added content to [[Takamiyano Shrine]]
   ✓ Redirected [[Takamiyano Shrine (Q135039125)]] to [[Takamiyano Shrine]]

23. Processing [[Takamiyaohomorino Shrine]] + [[Takamiyaohomorino Shrine (Q135039126)]]...
   ✓ Added content to [[Takamiyaohomorino Shrine]]
   ✓ Redirected [[Takamiyaohomorino Shrine (Q135039126)]] to [[Takamiyaohomorino Shrine]]

24. Processing [[Tachibino Shrine]] + [[Tachibino Shrine (Q135039152)]]...
   ✓ Added content to [[Tachibino Shrine]]
   ✓ Redirected [[Tachibino Shrine (Q135039152)]] to [[Tachibino Shrine]]

25. Processing [[Sumuchisoneno Shrine]] + [[Sumuchisoneno Shrine (Q135039200)]]...
   ✓ Added content to [[Sumuchisoneno Shrine]]
   ✓ Redirected [[Sumuchisoneno Shrine (Q135039200)]] to [[Sumuchisoneno Shrine]]

26. Processing [[Tamatsurano Shrine]] + [[Tamatsurano Shrine (Q135098832)]]...
   ✓ Added content to [[Tamatsurano Shrine]]
   ✓ Redirected [[Tamatsurano Shrine (Q135098832)]] to [[Tamatsurano Shrine]]

27. Processing [[Tameno Shrine]] + [[Tameno Shrine (Q135098897)]]...
   ✓ Added content to [[Tameno Shrine]]
   ✓ Redirected [[Tameno Shrine (Q135098897)]] to [[Tameno Shrine]]

28. Processing [[Hayashi Shrine (Tonami)]] + [[Hayashi Shrine (Tonami) (Q22120029)]]...
   ✓ Added content to [[Hayashi Shrine (Tonami)]]
   ✓ Redirected [[Hayashi Shrine (Tonami) (Q22120029)]] to [[Hayashi Shrine (Tonami)]]

29. Processing [[Takechino Miagata Shrine]] + [[Takechino Miagata Shrine (Q43594646)]]...
   ✓ Added content to [[Takechino Miagata Shrine]]
   ✓ Redirected [[Takechino Miagata Shrine (Q43594646)]] to [[Takechino Miagata Shrine]]

30. Processing [[Tada Shrine (Tabuto Shrine)]] + [[Tada Shrine (Tabuto Shrine) (Q48757073)]]...
   ✓ Added content to [[Tada Shrine (Tabuto Shrine)]]
   ✓ Redirected [[Tada Shrine (Tabuto Shrine) (Q48757073)]] to [[Tada Shrine (Tabuto Shrine)]]

31. Processing [[Tanakurahiko Shrine]] + [[Tanakurahiko Shrine (Q54153264)]]...
   ✓ Added content to [[Tanakurahiko Shrine]]
   ✓ Redirected [[Tanakurahiko Shrine (Q54153264)]] to [[Tanakurahiko Shrine]]

32. Processing [[Sawawachigi Shrine]] + [[Sawawachigi Shrine (Q56352076)]]...
   ✓ Added content to [[Sawawachigi Shrine]]
   ✓ Redirected [[Sawawachigi Shrine (Q56352076)]] to [[Sawawachigi Shrine]]

33. Processing [[Takamahiko Shrine]] + [[Takamahiko Shrine (Q650253)]]...
   ✓ Added content to [[Takamahiko Shrine]]
   ✓ Redirected [[Takamahiko Shrine (Q650253)]] to [[Takamahiko Shrine]]


=== Summary ===
Successfully merged: 33/33
Failed: 0/33
Non-pattern duplicates (skipped): 3
