================================================================================
MOVE Q BRACKETS PAGES TO ENGLISH LABELS
================================================================================

Connecting to wiki...
Logged in successfully

Reading q_brackets_analysis.csv...
Found 43 pages to move

[1/43] Moving: [[Achi Shrine (Q11657447)]] → [[Achi Shrine (Achi)]]
  ✓ Moved successfully (redirect created at old title)

[2/43] Moving: [[Hakusan Shrine (Q11579589)]] → [[Hakusan Shrine (Miki)]]
  ✓ Moved successfully (redirect created at old title)

[3/43] Moving: [[Hayabusa Shrine (Q135021848)]] → [[Hayabusa Shrine (Kyoto)]]
  ✓ Moved successfully (redirect created at old title)

[4/43] Moving: [[Hioki Shrine (Q11510250)]] → [[Hioki Shrine (Takashima)]]
  ✓ Moved successfully (redirect created at old title)

[5/43] Moving: [[Hiruko Shrine (Q106852693)]] → [[Hiruko Shrine (Naka)]]
  ✓ Moved successfully (redirect created at old title)

[6/43] Moving: [[Ikeda Shrine (Q134926975)]] → [[Ikeda Shrine (Shizuoka)]]
  ✓ Moved successfully (redirect created at old title)

[7/43] Moving: [[Izumi Shrine (Q11395685)]] → [[Izumi Shrine (Kaga)]]
  ✓ Moved successfully (redirect created at old title)

[8/43] Moving: [[Kamo Shrine (Q106301088)]] → [[Kamo Shrine (Saitama)]]
  ✓ Moved successfully (redirect created at old title)

[9/43] Moving: [[Kanda Shrine (Q11590647)]] → [[Kanda Shrine (Higashishirakawa)]]
  ✓ Moved successfully (redirect created at old title)

[10/43] Moving: [[Kashima Shrine (Q135069030)]] → [[Kashima Shrine (Kashiba)]]
  ✓ Moved successfully (redirect created at old title)

[11/43] Moving: [[Kataoka Shrine (Q28682738)]] → [[Kataoka Shrine (Yoshida)]]
  ✓ Moved successfully (redirect created at old title)

[12/43] Moving: [[Kawara Shrine (Q17209206)]] → [[Kawara Shrine (Ise)]]
  ✓ Moved successfully (redirect created at old title)

[13/43] Moving: [[Kawata Shrine (Q11479033)]] → [[Kawata Shrine (Konan)]]
  ✓ Moved successfully (redirect created at old title)

[14/43] Moving: [[Kotoshironushi Shrine (Q48758503)]] → [[Kotoshironushi Shrine (Awa)]]
  ✓ Moved successfully (redirect created at old title)

[15/43] Moving: [[Kumano Shrine (Q11568963)]] → [[Kumano Shrine (Takashima)]]
  ✓ Moved successfully (redirect created at old title)

[16/43] Moving: [[Matsubara Shrine (Q11529439)]] → [[Matsubara Shrine (Kasugai)]]
  ✓ Moved successfully (redirect created at old title)

[17/43] Moving: [[Matsuo Shrine (Q11529679)]] → [[Matsuo Shrine (Kameoka)]]
  ✓ Moved successfully (redirect created at old title)

[18/43] Moving: [[Mefu Shrine (Q11429659)]] → [[Mefu Shrine (Matsue)]]
  ✓ Moved successfully (redirect created at old title)

[19/43] Moving: [[Mifune Shrine (Q17214615)]] → [[Mifune Shrine (Taki)]]
  ✓ Moved successfully (redirect created at old title)

[20/43] Moving: [[Mii Shrine (Q11488771)]] → [[Mii Shrine (Kakamigahara)]]
  ✓ Moved successfully (redirect created at old title)

[21/43] Moving: [[Miwa Shrine (Q11357406)]] → [[Miwa Shrine (Tsubata)]]
  ✓ Moved successfully (redirect created at old title)

[22/43] Moving: [[Miyake Shrine (Q11355073)]] → [[Miyake Shrine (Kameoka)]]
  ✓ Moved successfully (redirect created at old title)

[23/43] Moving: [[Mononobe Shrine (Q11570699)]] → [[Mononobe Shrine (Daejeon)]]
  ✓ Moved successfully (redirect created at old title)

[24/43] Moving: [[Mononobe Shrine (Q18235752)]] → [[Mononobe Shrine (Nagoya)]]
  ✓ Moved successfully (redirect created at old title)

[25/43] Moving: [[Murayama Shrine (Q11523148)]] → [[Murayama Shrine (Kameoka)]]
  ✓ Moved successfully (redirect created at old title)

[26/43] Moving: [[Nagahatabe Shrine (Q72727981)]] → [[Nagahatabe Shrine (Kamisato)]]
  ✓ Moved successfully (redirect created at old title)

[27/43] Moving: [[Nakayama Shrine (Q11364249)]] → [[Nakayama Shrine (Minokamo)]]
  ✓ Moved successfully (redirect created at old title)

[28/43] Moving: [[Ninomiya Shrine (Q134930277)]] → [[Ninomiya Shrine (Miyake)]]
  ✓ Moved successfully (redirect created at old title)

[29/43] Moving: [[Nomi Shrine (Q11646128)]] → [[Nomi Shrine (Ichinomiya)]]
  ✓ Moved successfully (redirect created at old title)

[30/43] Moving: [[Okada Shrine (Q106852596)]] → [[Okada Shrine (Matsumoto)]]
  ✓ Moved successfully (redirect created at old title)

[31/43] Moving: [[Okuni Shrine (Q17221549)]] → [[Okuni Shrine (Isesaki)]]
  ✓ Moved successfully (redirect created at old title)

[32/43] Moving: [[Omiya Shrine (Q113679907)]] → [[Omiya Shrine (Izu)]]
  ✓ Moved successfully (redirect created at old title)

[33/43] Moving: [[Ono Shrine (Q11464225)]] → [[Ono Shrine (Otsu)]]
  ✓ Moved successfully (redirect created at old title)

[34/43] Moving: [[Ono Shrine (Q17225921)]] → [[Ono Shrine (Atsugi)]]
  ✓ Moved successfully (redirect created at old title)

[35/43] Moving: [[Oono Shrine (Q11439718)]] → [[Oono Shrine (Ichinomiya)]]
  ✓ Moved successfully (redirect created at old title)

[36/43] Moving: [[Shibukawa Shrine (Q100544140)]] → [[Shibukawa Shrine (Owariasahi)]]
  ✓ Moved successfully (redirect created at old title)

[37/43] Moving: [[Susa Shrine (Q11664501)]] → [[Susa Shrine (Arida)]]
  ✓ Moved successfully (redirect created at old title)

[38/43] Moving: [[Suwa Shrine (Q11631934)]] → [[Suwa Shrine (Minokamo)]]
  ✓ Moved successfully (redirect created at old title)

[39/43] Moving: [[Taga Shrine (Q11431090)]] → [[Taga Shrine (Tagajō)]]
  ✓ Moved successfully (redirect created at old title)

[40/43] Moving: [[Toyokuni Shrine (Q48758383)]] → [[Toyokuni Shrine (Komatsushima)]]
  ✓ Moved successfully (redirect created at old title)

[41/43] Moving: [[Tsukiyomi Shrine (Q54153263)]] → [[Tsukiyomi Shrine (Kyotanabe)]]
  ✓ Moved successfully (redirect created at old title)

[42/43] Moving: [[Yokota Shrine (Q11543413)]] → [[Yokota Shrine (Soja)]]
  ✓ Moved successfully (redirect created at old title)

[43/43] Moving: [[Yuge Shrine (Q11487078)]] → [[Yuge Shrine (Takashima)]]
  ✗ Target page already exists, skipping
================================================================================
SUMMARY
================================================================================
Total pages to move: 43
Successfully moved: 42
Skipped: 1
Failed: 0

