Loaded 96 P31 classifications to check
  - Court ranks: 86
  - Shrine classifications: 10

Fetching pages from Category:Pages linked to Wikidata...
Found resume point: Gongen Shrine (Ujizakura Shrine precincts)
Found 8931 pages to check (starting from Gongen Shrine (Ujizakura Shrine precincts))

Extracting QIDs from pages...
  Processed 0/8931 pages...
  Processed 100/8931 pages...
  Processed 200/8931 pages...
  Processed 300/8931 pages...
  Processed 400/8931 pages...
  Processed 500/8931 pages...
  Processed 600/8931 pages...
  Processed 700/8931 pages...
  Processed 800/8931 pages...
  Processed 900/8931 pages...
  Processed 1000/8931 pages...
  Processed 1100/8931 pages...
  Processed 1200/8931 pages...
  Processed 1300/8931 pages...
  Processed 1400/8931 pages...
  Processed 1500/8931 pages...
  Processed 1600/8931 pages...
  Processed 1700/8931 pages...
  Processed 1800/8931 pages...
  Processed 1900/8931 pages...
  Processed 2000/8931 pages...
  Processed 2100/8931 pages...
  Processed 2200/8931 pages...
  Processed 2300/8931 pages...
  Processed 2400/8931 pages...
  Processed 2500/8931 pages...
  Processed 2600/8931 pages...
  Processed 2700/8931 pages...
  Processed 2800/8931 pages...
  Processed 2900/8931 pages...
  Processed 3000/8931 pages...
  Processed 3100/8931 pages...
  Processed 3200/8931 pages...
  Processed 3300/8931 pages...
  Processed 3400/8931 pages...
  Processed 3500/8931 pages...
  Processed 3600/8931 pages...
  Processed 3700/8931 pages...
  Processed 3800/8931 pages...
  Processed 3900/8931 pages...
  Processed 4000/8931 pages...
  Processed 4100/8931 pages...
  Processed 4200/8931 pages...
  Processed 4300/8931 pages...
  Processed 4400/8931 pages...
  Processed 4500/8931 pages...
  Processed 4600/8931 pages...
  Processed 4700/8931 pages...
  Processed 4800/8931 pages...
  Processed 4900/8931 pages...
  Processed 5000/8931 pages...
  Processed 5100/8931 pages...
  Processed 5200/8931 pages...
  Processed 5300/8931 pages...
  Processed 5400/8931 pages...
  Processed 5500/8931 pages...
  Processed 5600/8931 pages...
  Processed 5700/8931 pages...
  Processed 5800/8931 pages...
  Processed 5900/8931 pages...
  Processed 6000/8931 pages...
  Processed 6100/8931 pages...
  Processed 6200/8931 pages...
  Processed 6300/8931 pages...
  Processed 6400/8931 pages...
  Processed 6500/8931 pages...
  Processed 6600/8931 pages...
  Processed 6700/8931 pages...
  Processed 6800/8931 pages...
  Processed 6900/8931 pages...
  Processed 7000/8931 pages...
  Processed 7100/8931 pages...
  Processed 7200/8931 pages...
  Processed 7300/8931 pages...
  Processed 7400/8931 pages...
  Processed 7500/8931 pages...
  Processed 7600/8931 pages...
  Processed 7700/8931 pages...
  Processed 7800/8931 pages...
  Processed 7900/8931 pages...
  Processed 8000/8931 pages...
  Processed 8100/8931 pages...
  Processed 8200/8931 pages...
  Processed 8300/8931 pages...
  Processed 8400/8931 pages...
  Processed 8500/8931 pages...
  Processed 8600/8931 pages...
  Processed 8700/8931 pages...
  Processed 8800/8931 pages...
  Processed 8900/8931 pages...

Found 8930 pages with QIDs

Querying Wikidata for P31 values in batches of 50...
  Batch 1/179 (50 items)...
  Batch 2/179 (50 items)...
  Batch 3/179 (50 items)...
  Batch 4/179 (50 items)...
  Batch 5/179 (50 items)...
  Batch 6/179 (50 items)...
  Batch 7/179 (50 items)...
  Batch 8/179 (50 items)...
  Batch 9/179 (50 items)...
  Batch 10/179 (50 items)...
  Batch 11/179 (50 items)...
  Batch 12/179 (50 items)...
  Batch 13/179 (50 items)...
  Batch 14/179 (50 items)...
  Batch 15/179 (50 items)...
  Batch 16/179 (50 items)...
  Batch 17/179 (50 items)...
  Batch 18/179 (50 items)...
  Batch 19/179 (50 items)...
  Batch 20/179 (50 items)...
  Batch 21/179 (50 items)...
  Batch 22/179 (50 items)...
  Batch 23/179 (50 items)...
  Batch 24/179 (50 items)...
  Batch 25/179 (50 items)...
  Batch 26/179 (50 items)...
  Batch 27/179 (50 items)...
  Batch 28/179 (50 items)...
  Batch 29/179 (50 items)...
  Batch 30/179 (50 items)...
  Batch 31/179 (50 items)...
  Batch 32/179 (50 items)...
  Batch 33/179 (50 items)...
  Batch 34/179 (50 items)...
  Batch 35/179 (50 items)...
  Batch 36/179 (50 items)...
  Batch 37/179 (50 items)...
  Batch 38/179 (50 items)...
  Batch 39/179 (50 items)...
  Batch 40/179 (50 items)...
  Batch 41/179 (50 items)...
  Batch 42/179 (50 items)...
  Batch 43/179 (50 items)...
  Batch 44/179 (50 items)...
  Batch 45/179 (50 items)...
  Batch 46/179 (50 items)...
  Batch 47/179 (50 items)...
  Batch 48/179 (50 items)...
  Batch 49/179 (50 items)...
  Batch 50/179 (50 items)...
  Batch 51/179 (50 items)...
  Batch 52/179 (50 items)...
  Batch 53/179 (50 items)...
  Batch 54/179 (50 items)...
  Batch 55/179 (50 items)...
  Batch 56/179 (50 items)...
  Batch 57/179 (50 items)...
  Batch 58/179 (50 items)...
  Batch 59/179 (50 items)...
  Batch 60/179 (50 items)...
  Batch 61/179 (50 items)...
  Batch 62/179 (50 items)...
  Batch 63/179 (50 items)...
  Batch 64/179 (50 items)...
  Batch 65/179 (50 items)...
  Batch 66/179 (50 items)...
  Batch 67/179 (50 items)...
  Batch 68/179 (50 items)...
  Batch 69/179 (50 items)...
  Batch 70/179 (50 items)...
  Batch 71/179 (50 items)...
  Batch 72/179 (50 items)...
  Batch 73/179 (50 items)...
  Batch 74/179 (50 items)...
  Batch 75/179 (50 items)...
  Batch 76/179 (50 items)...
  Batch 77/179 (50 items)...
  Batch 78/179 (50 items)...
  Batch 79/179 (50 items)...
  Batch 80/179 (50 items)...
  Batch 81/179 (50 items)...
  Batch 82/179 (50 items)...
  Batch 83/179 (50 items)...
  Batch 84/179 (50 items)...
  Batch 85/179 (50 items)...
  Batch 86/179 (50 items)...
  Batch 87/179 (50 items)...
  Batch 88/179 (50 items)...
  Batch 89/179 (50 items)...
  Batch 90/179 (50 items)...
  Batch 91/179 (50 items)...
  Batch 92/179 (50 items)...
  Batch 93/179 (50 items)...
  Batch 94/179 (50 items)...
  Batch 95/179 (50 items)...
  Batch 96/179 (50 items)...
  Batch 97/179 (50 items)...
  Batch 98/179 (50 items)...
  Batch 99/179 (50 items)...
  Batch 100/179 (50 items)...
  Batch 101/179 (50 items)...
  Batch 102/179 (50 items)...
  Batch 103/179 (50 items)...
  Batch 104/179 (50 items)...
  Batch 105/179 (50 items)...
  Batch 106/179 (50 items)...
  Batch 107/179 (50 items)...
  Batch 108/179 (50 items)...
  Batch 109/179 (50 items)...
  Batch 110/179 (50 items)...
  Batch 111/179 (50 items)...
  Batch 112/179 (50 items)...
  Batch 113/179 (50 items)...
  Batch 114/179 (50 items)...
  Batch 115/179 (50 items)...
  Batch 116/179 (50 items)...
  Batch 117/179 (50 items)...
  Batch 118/179 (50 items)...
  Batch 119/179 (50 items)...
  Batch 120/179 (50 items)...
  Batch 121/179 (50 items)...
  Batch 122/179 (50 items)...
  Batch 123/179 (50 items)...
  Batch 124/179 (50 items)...
  Batch 125/179 (50 items)...
  Batch 126/179 (50 items)...
  Batch 127/179 (50 items)...
  Batch 128/179 (50 items)...
  Batch 129/179 (50 items)...
  Batch 130/179 (50 items)...
  Batch 131/179 (50 items)...
  Batch 132/179 (50 items)...
  Batch 133/179 (50 items)...
  Batch 134/179 (50 items)...
  Batch 135/179 (50 items)...
  Batch 136/179 (50 items)...
  Batch 137/179 (50 items)...
  Batch 138/179 (50 items)...
  Batch 139/179 (50 items)...
  Batch 140/179 (50 items)...
  Batch 141/179 (50 items)...
  Batch 142/179 (50 items)...
  Batch 143/179 (50 items)...
  Batch 144/179 (50 items)...
  Batch 145/179 (50 items)...
  Batch 146/179 (50 items)...
  Batch 147/179 (50 items)...
  Batch 148/179 (50 items)...
  Batch 149/179 (50 items)...
  Batch 150/179 (50 items)...
  Batch 151/179 (50 items)...
  Batch 152/179 (50 items)...
  Batch 153/179 (50 items)...
  Batch 154/179 (50 items)...
  Batch 155/179 (50 items)...
  Batch 156/179 (50 items)...
  Batch 157/179 (50 items)...
  Batch 158/179 (50 items)...
  Batch 159/179 (50 items)...
  Batch 160/179 (50 items)...
  Batch 161/179 (50 items)...
  Batch 162/179 (50 items)...
  Batch 163/179 (50 items)...
  Batch 164/179 (50 items)...
  Batch 165/179 (50 items)...
  Batch 166/179 (50 items)...
  Batch 167/179 (50 items)...
  Batch 168/179 (50 items)...
  Batch 169/179 (50 items)...
  Batch 170/179 (50 items)...
  Batch 171/179 (50 items)...
  Batch 172/179 (50 items)...
  Batch 173/179 (50 items)...
  Batch 174/179 (50 items)...
  Batch 175/179 (50 items)...
  Batch 176/179 (50 items)...
  Batch 177/179 (50 items)...
  Batch 178/179 (50 items)...
  Batch 179/179 (30 items)...

Found 4386 items with P31 classifications

Gunge Shrine (Yoshihara, Kanazawa) (Q135194817):
  Adding [[Category:Kokuhei-sha]]
  Adding [[Category:Junior Fifth Rank]]
  Adding [[Category:Senior Sixth Rank]]
  Adding [[Category:Shikinai Shosha]]
    ✓ Saved! (Edit #1)

Gunge Shrine (Suzumi, Kanazawa) (Q135194820):
  Adding [[Category:Junior Fifth Rank]]
  Adding [[Category:Senior Sixth Rank]]
  Adding [[Category:Shikinai Shosha]]
  Adding [[Category:Kokuhei-sha]]
    ✓ Saved! (Edit #2)

Gosen Hachiman Shrine (Q135195117):
  Adding [[Category:Shikinai Shosha]]
  Adding [[Category:Kokuhei-sha]]
    ✓ Saved! (Edit #3)

Gosho Shrine (Q119929720):
  Adding [[Category:Myōjin Taisha]]
  Adding [[Category:Junior Fifth Rank]]
  Adding [[Category:Junior Fourth Rank]]
  Adding [[Category:Senior Fifth Rank]]
  Adding [[Category:Shikinai Shosha]]
  Adding [[Category:Shrine receiving Tsukinami-sai and Niiname-sai offerings]]
  Adding [[Category:Kanpei-sha]]
    ✓ Saved! (Edit #4)

Gosha Shrine (Q135069653) (Q135069653):
  Adding [[Category:Shikinai Shosha]]
  Adding [[Category:Kokuhei-sha]]
    ✓ Saved! (Edit #5)

Gosha Shrine (Q135070056):
  Adding [[Category:Shikinai Shosha]]
  Adding [[Category:Kokuhei-sha]]
    ✓ Saved! (Edit #6)

Gongen Shrine (Ujizakura Shrine precincts) (Q135186232):
  Adding [[Category:Shikinai Shosha]]
  Adding [[Category:Kokuhei-sha]]
    ✓ Saved! (Edit #7)

Gosha Shrine (Q135193751) (Q135193751):
  Adding [[Category:Shikinai Shosha]]
  Adding [[Category:Kokuhei-sha]]
    ✓ Saved! (Edit #8)

Hachiman Shrine (Q134927474) (Q134927474):
  Adding [[Category:Junior Fifth Rank]]
  Adding [[Category:Senior Fifth Rank]]
  Adding [[Category:Senior Sixth Rank]]
  Adding [[Category:Shikinai Shosha]]
  Adding [[Category:Kokuhei-sha]]
    ✓ Saved! (Edit #9)

Hachiman Shrine (Otoi) (Q134927674):
  Adding [[Category:Shikinai Shosha]]
    ✓ Saved! (Edit #10)

Habuhime-no-Mikoto Shrine (Q134930157):
  Adding [[Category:Junior Fifth Rank]]
  Adding [[Category:Shikinai Shosha]]
  Adding [[Category:Kokuhei-sha]]
    ✓ Saved! (Edit #11)

Hachiman Shrine (Koura, Minamiizu) (Q134930206):
  Adding [[Category:Shikinai Shosha]]
  Adding [[Category:Kokuhei-sha]]
    ✓ Saved! (Edit #12)

Habuhime Shrine (Shimoda) (Q134930633):
  Adding [[Category:Junior Fifth Rank]]
  Adding [[Category:Shikinai Shosha]]
  Adding [[Category:Kokuhei-sha]]
    ✓ Saved! (Edit #13)

Hachiman Hommi Shrine (Q135069496):
  Adding [[Category:Shikinai Shosha]]
  Adding [[Category:Kokuhei-sha]]
    ✓ Saved! (Edit #14)

Hachiman Shrine (Q135070175) (Q135070175):
  Adding [[Category:Myōjin Taisha]]
  Adding [[Category:Kokuhei-sha]]
    ✓ Saved! (Edit #15)

Hachiman Shrine (Q135070216) (Q135070216):
  Adding [[Category:Shikinai Shosha]]
  Adding [[Category:Kokuhei-sha]]
    ✓ Saved! (Edit #16)

Hachiman Shrine (Q135070263):
  Adding [[Category:Shikinai Shosha]]
  Adding [[Category:Kokuhei-sha]]
    ✓ Saved! (Edit #17)

Hachiman Shrine (Q135070273) (Q135070273):
  Adding [[Category:Shikinai Shosha]]
  Adding [[Category:Kokuhei-sha]]
    ✓ Saved! (Edit #18)

Hachidai Ryūō Shrine (Q135070286):
  Adding [[Category:Shikinai Shosha]]
  Adding [[Category:Kokuhei-sha]]
    ✓ Saved! (Edit #19)

Hachiman Shrine (Q135070301) (Q135070301):
  Adding [[Category:Shikinai Shosha]]
  Adding [[Category:Kokuhei-sha]]
    ✓ Saved! (Edit #20)

Hachikurahime Shrine (Q135070302):
  Adding [[Category:Junior Fifth Rank]]
  Adding [[Category:Junior Fourth Rank]]
  Adding [[Category:Senior Fifth Rank]]
  Adding [[Category:Senior Fourth Rank]]
  Adding [[Category:Senior Eighth Rank]]
  Adding [[Category:Shikinai Taisha]]
  Adding [[Category:Shrine receiving Tsukinami-sai and Niiname-sai offerings]]
  Adding [[Category:Kanpei-sha]]
    ✓ Saved! (Edit #21)

Hachiman Shrine (Q135070351) (Q135070351):
  Adding [[Category:Myōjin Taisha]]
  Adding [[Category:Junior Fifth Rank]]
  Adding [[Category:Junior Fourth Rank]]
  Adding [[Category:Senior Fourth Rank]]
  Adding [[Category:Kokuhei-sha]]
    ✓ Saved! (Edit #22)

Hachiman Shrine (Q135070358) (Q135070358):
  Adding [[Category:Myōjin Taisha]]
  Adding [[Category:Junior Fifth Rank]]
  Adding [[Category:Kokuhei-sha]]
    ✓ Saved! (Edit #23)

Hachiman Shrine (Q135187123) (Q135187123):
  Adding [[Category:Shikinai Shosha]]
  Adding [[Category:Kokuhei-sha]]
    ✓ Saved! (Edit #24)

Hachiman Shrine (Suihokuchō) (Q135187195):
  Adding [[Category:Shikinai Shosha]]
  Adding [[Category:Kokuhei-sha]]
    ✓ Saved! (Edit #25)

Hachiman Shrine (Q135190015) (Q135190015):
  Adding [[Category:Shikinai Shosha]]
  Adding [[Category:Kokuhei-sha]]
    ✓ Saved! (Edit #26)

Hachiman Shrine (Mikajiri) (Q135193362):
  Adding [[Category:Shikinai Shosha]]
  Adding [[Category:Kokuhei-sha]]
    ✓ Saved! (Edit #27)

Hachiman Shrine (Q135193644) (Q135193644):
  Adding [[Category:Shikinai Shosha]]
  Adding [[Category:Kokuhei-sha]]
    ✓ Saved! (Edit #28)

Hachiman Shrine (Makino Town Sekitei) (Q135193761):
  Adding [[Category:Shikinai Shosha]]
  Adding [[Category:Kokuhei-sha]]
    ✓ Saved! (Edit #29)

Hachiman Shrine (Uso Yokoyama) (Q135193762):
  Adding [[Category:Shikinai Shosha]]
  Adding [[Category:Kokuhei-sha]]
    ✓ Saved! (Edit #30)

Hachiman Shrine (Q135194564) (Q135194564):
  Adding [[Category:Shikinai Shosha]]
  Adding [[Category:Kokuhei-sha]]
    ✓ Saved! (Edit #31)

Hachiman Shrine (Q135194682) (Q135194682):
  Adding [[Category:Shikinai Shosha]]
  Adding [[Category:Kokuhei-sha]]
    ✓ Saved! (Edit #32)

Hachiman Shrine (Q135194692) (Q135194692):
  Adding [[Category:Shikinai Shosha]]
  Adding [[Category:Kokuhei-sha]]
    ✓ Saved! (Edit #33)

Hachiman Shrine (Q135194695) (Q135194695):
  Adding [[Category:Shikinai Shosha]]
  Adding [[Category:Kokuhei-sha]]
    ✓ Saved! (Edit #34)

Hachiman Shrine (Q135194698) (Q135194698):
  Adding [[Category:Shikinai Shosha]]
  Adding [[Category:Kokuhei-sha]]
    ✓ Saved! (Edit #35)

Hachiman Shrine (Q135194720) (Q135194720):
  Adding [[Category:Shikinai Shosha]]
  Adding [[Category:Kokuhei-sha]]
    ✓ Saved! (Edit #36)

Hachiman Shrine (Q135198094) (Q135198094):
  Adding [[Category:Junior Fifth Rank]]
  Adding [[Category:Senior Sixth Rank]]
  Adding [[Category:Shikinai Shosha]]
  Adding [[Category:Kokuhei-sha]]
    ✓ Saved! (Edit #37)

Hachimangū Kinomiya Shrine (Q11390944):
  Adding [[Category:Shikinai Shosha]]
  Adding [[Category:Kokuhei-sha]]
    ✓ Saved! (Edit #38)

Hahaki Shrine (Q11555561):
  Adding [[Category:Junior Fifth Rank]]
  Adding [[Category:Senior Fifth Rank]]
  Adding [[Category:Shikinai Shosha]]
  Adding [[Category:Kokuhei-sha]]
    ✓ Saved! (Edit #39)

Hachita Shrine (Q22119986):
  Adding [[Category:Shikinai Shosha]]
  Adding [[Category:Shrines receiving Hoe offering]]
  Adding [[Category:Kanpei-sha]]
    ✓ Saved! (Edit #40)

Hahime Shrine (Q38278473):
  Adding [[Category:Junior Third Rank]]
  Adding [[Category:Junior Fifth Rank]]
  Adding [[Category:Junior Fourth Rank]]
  Adding [[Category:Senior Fourth Rank]]
  Adding [[Category:Shikinai Shosha]]
  Adding [[Category:Kanpei-sha]]
    ✓ Saved! (Edit #41)

Hahō Shrine (Q43594654):
  Adding [[Category:Junior Third Rank]]
  Adding [[Category:Junior Fifth Rank]]
  Adding [[Category:Junior Fourth Rank]]
  Adding [[Category:Senior Fourth Rank]]
  Adding [[Category:Shikinai Shosha]]
  Adding [[Category:Shrines receiving Hoe offering]]
  Adding [[Category:Kanpei-sha]]
    ✓ Saved! (Edit #42)

Hafuritano Shrine (Q135039044):
  Adding [[Category:Shikinai Shosha]]
  Adding [[Category:Kanpei-sha]]
    ✓ Saved! (Edit #43)

Hahiho Shrine (Q135039571):
  Adding [[Category:Shikinai Shosha]]
  Adding [[Category:Kokuhei-sha]]
    ✓ Saved! (Edit #44)

Hachisakino Shrine (Q135039592):
  Adding [[Category:Junior Fifth Rank]]
  Adding [[Category:Senior Sixth Rank]]
  Adding [[Category:Shikinai Shosha]]
  Adding [[Category:Kokuhei-sha]]
    ✓ Saved! (Edit #45)

Hafuhimeno- Shrine (Q135039636):
  Adding [[Category:Junior Fifth Rank]]
  Adding [[Category:Shikinai Shosha]]
  Adding [[Category:Kokuhei-sha]]
    ✓ Saved! (Edit #46)

Haheshinano Shrine (Q135039918):
  Adding [[Category:Shikinai Shosha]]
  Adding [[Category:Kokuhei-sha]]
    ✓ Saved! (Edit #47)

Hafurino Shrine (Q135039943):
  Adding [[Category:Shikinai Shosha]]
  Adding [[Category:Kokuhei-sha]]
    ✓ Saved! (Edit #48)

Hachino Shrine (Q135041056):
  Adding [[Category:Shikinai Shosha]]
  Adding [[Category:Kokuhei-sha]]
    ✓ Saved! (Edit #49)

Hafuritano Shrine (Q135041152) (Q135041152):
  Adding [[Category:Shikinai Shosha]]
  Adding [[Category:Kokuhei-sha]]
    ✓ Saved! (Edit #50)

Hachiman‑sha (Q135069361):
  Adding [[Category:Shikinai Shosha]]
  Adding [[Category:Kokuhei-sha]]
    ✓ Saved! (Edit #51)

Hachiōji Shrine (Q135069438) (Q135069438):
  Adding [[Category:Shikinai Shosha]]
  Adding [[Category:Kokuhei-sha]]
    ✓ Saved! (Edit #52)

Haguromita Shrine (Q135069521):
  Adding [[Category:Shikinai Shosha]]
  Adding [[Category:Kokuhei-sha]]
    ✓ Saved! (Edit #53)

Hachiman‑sha (Q135070047) (Q135070047):
  Adding [[Category:Shikinai Shosha]]
  Adding [[Category:Kokuhei-sha]]
    ✓ Saved! (Edit #54)

Hachiōji Shrine (Morisho Village) (Q135186249):
  Adding [[Category:Shikinai Shosha]]
  Adding [[Category:Kokuhei-sha]]
    ✓ Saved! (Edit #55)

Haguro Shrine (Q135194375) (Q135194375):
  Adding [[Category:Junior Fourth Rank]]
  Adding [[Category:Senior Fifth Rank]]
  Adding [[Category:Shikinai Shosha]]
  Adding [[Category:Kokuhei-sha]]
    ✓ Saved! (Edit #56)

Hachimangū (Q135194947) (Q135194947):
  Adding [[Category:Shikinai Shosha]]
  Adding [[Category:Kokuhei-sha]]
    ✓ Saved! (Edit #57)

Hachimangū (Q135195096):
  Adding [[Category:Shikinai Shosha]]
  Adding [[Category:Kokuhei-sha]]
    ✓ Saved! (Edit #58)

Hachimangū (Q135197730) (Q135197730):
  Adding [[Category:Shikinai Shosha]]
  Adding [[Category:Kokuhei-sha]]
    ✓ Saved! (Edit #59)

Hakozaki Shrine (Q714742):
  Adding [[Category:Myōjin Taisha]]
  Adding [[Category:Kokuhei-sha]]
    ✓ Saved! (Edit #60)

Hajikami Shrine (Q11275441) (Q11275441):
  Adding [[Category:Myōjin Taisha]]
  Adding [[Category:Junior Fifth Rank]]
  Adding [[Category:Kokuhei-sha]]
    ✓ Saved! (Edit #61)

Hakunu Shrine (Q11555428):
  Adding [[Category:Shikinai Shosha]]
  Adding [[Category:Kokuhei-sha]]
    ✓ Saved! (Edit #62)

Hajikami Shrine (Q11555598):
  Adding [[Category:Shikinai Shosha]]
  Adding [[Category:Kokuhei-sha]]
    ✓ Saved! (Edit #63)

Hakusan Shrine (Q11579589) (Q11579589):
  Adding [[Category:Shikinai Shosha]]
  Adding [[Category:Kokuhei-sha]]
    ✓ Saved! (Edit #64)

Hakusan Shrine (Q11579595):
  Adding [[Category:Shikinai Shosha]]
    ✓ Saved! (Edit #65)

Hakusan Shrine (Kasugai) (Q11579597):
  Adding [[Category:Shikinai Shosha]]
  Adding [[Category:Kokuhei-sha]]
    ✓ Saved! (Edit #66)

Hakui Shrine (Q11610064):
  Adding [[Category:Shikinai Shosha]]
  Adding [[Category:Kokuhei-sha]]
    ✓ Saved! (Edit #67)

Hakkengū (Q55533377):
  Adding [[Category:Myōjin Taisha]]
  Adding [[Category:Shikinai Shosha]]
  Adding [[Category:Kokuhei-sha]]
    ✓ Saved! (Edit #68)

Hakusan Shrine (Nuttari-higashi, Niigata) (Q63148121):
  Adding [[Category:Shikinai Shosha]]
  Adding [[Category:Kokuhei-sha]]
    ✓ Saved! (Edit #69)

Hakozaki Hachiman Shrine (Q111442063):
  Adding [[Category:Myōjin Taisha]]
  Adding [[Category:Junior Fifth Rank]]
  Adding [[Category:Shikinai Shosha]]
  Adding [[Category:Kokuhei-sha]]
    ✓ Saved! (Edit #70)

Hajikama Shrine (Q134930376):
  Adding [[Category:Shikinai Shosha]]
  Adding [[Category:Kokuhei-sha]]
    ✓ Saved! (Edit #71)

Hakatano Shrine (Q135039172):
  Adding [[Category:Shikinai Shosha]]
  Adding [[Category:Kanpei-sha]]
    ✓ Saved! (Edit #72)

Hakiharano- Shrine (Q135039612):
  Adding [[Category:Junior Fourth Rank]]
  Adding [[Category:Senior Fifth Rank]]
  Adding [[Category:Shikinai Shosha]]
  Adding [[Category:Kokuhei-sha]]
    ✓ Saved! (Edit #73)

Haishiwano Shrine (Q135040049):
  Adding [[Category:Shikinai Shosha]]
  Adding [[Category:Kokuhei-sha]]
    ✓ Saved! (Edit #74)

Hakono Shrine (Q135040063):
  Adding [[Category:Shikinai Shosha]]
  Adding [[Category:Kokuhei-sha]]
    ✓ Saved! (Edit #75)

Hajio Shrine (Otagi district) (Q135068695):
  Adding [[Category:Kanpei-sha]]
    ✓ Saved! (Edit #76)

Hakanishi Shrine (Q135069027):
  Adding [[Category:Junior Fifth Rank]]
  Adding [[Category:Shikinai Taisha]]
  Adding [[Category:Shrine receiving Tsukinami-sai and Niiname-sai offerings]]
  Adding [[Category:Kanpei-sha]]
    ✓ Saved! (Edit #77)

Hakusan Shrine (Q135069345) (Q135069345):
  Adding [[Category:Shikinai Shosha]]
  Adding [[Category:Kokuhei-sha]]
    ✓ Saved! (Edit #78)

Hakusan Shrine (Q135069360) (Q135069360):
  Adding [[Category:Shikinai Shosha]]
  Adding [[Category:Kokuhei-sha]]
    ✓ Saved! (Edit #79)

Hakusan Shrine (Q135069381) (Q135069381):
  Adding [[Category:Shikinai Shosha]]
  Adding [[Category:Kokuhei-sha]]
    ✓ Saved! (Edit #80)

Hakusan Shrine (Q135069899) (Q135069899):
  Adding [[Category:Shikinai Shosha]]
  Adding [[Category:Kokuhei-sha]]
    ✓ Saved! (Edit #81)

Haji Shrine (Q135186741):
  Adding [[Category:Shikinai Shosha]]
  Adding [[Category:Kokuhei-sha]]
    ✓ Saved! (Edit #82)

Hakusan Shrine (Q135187226) (Q135187226):
  Adding [[Category:Shikinai Shosha]]
  Adding [[Category:Kokuhei-sha]]
    ✓ Saved! (Edit #83)

Hakusan Shrine (Q135190114) (Q135190114):
  Adding [[Category:Shikinai Shosha]]
  Adding [[Category:Kokuhei-sha]]
    ✓ Saved! (Edit #84)

Hakusan Shrine (Q135193785) (Q135193785):
  Adding [[Category:Shikinai Shosha]]
  Adding [[Category:Kokuhei-sha]]
    ✓ Saved! (Edit #85)

Hakusan Shrine (Q135194529) (Q135194529):
  Adding [[Category:Shikinai Shosha]]
  Adding [[Category:Kokuhei-sha]]
    ✓ Saved! (Edit #86)

Hakusan Shrine (Q135194548) (Q135194548):
  Adding [[Category:Shikinai Shosha]]
  Adding [[Category:Kokuhei-sha]]
    ✓ Saved! (Edit #87)

Hakusan Shrine (Q135194933) (Q135194933):
  Adding [[Category:Shikinai Shosha]]
  Adding [[Category:Kokuhei-sha]]
    ✓ Saved! (Edit #88)

Hakusan-dō Shrine (Q135195113):
  Adding [[Category:Shikinai Shosha]]
  Adding [[Category:Kokuhei-sha]]
    ✓ Saved! (Edit #89)

Hakotake Hachiman Shrine (Q135195149):
  Adding [[Category:Shikinai Shosha]]
  Adding [[Category:Kokuhei-sha]]
    ✓ Saved! (Edit #90)

Hakozaki Hachiman Shrine (Q135198619) (Q135198619):
  Adding [[Category:Shikinai Shosha]]
  Adding [[Category:Kokuhei-sha]]
    ✓ Saved! (Edit #91)

Hanifu Shrine (Q11555577):
  Adding [[Category:Shikinai Shosha]]
  Adding [[Category:Kokuhei-sha]]
    ✓ Saved! (Edit #92)

Hananagakami Shrine (Q11615716):
  Adding [[Category:Shikinai Shosha]]
  Adding [[Category:Kokuhei-sha]]
    ✓ Saved! (Edit #93)

Hananagashimo Shrine (Q11615718):
  Adding [[Category:Shikinai Shosha]]
  Adding [[Category:Kokuhei-sha]]
    ✓ Saved! (Edit #94)

Hanabue Shrine (Q11679017):
  Adding [[Category:Myōjin Taisha]]
  Adding [[Category:Kokuhei-sha]]
    ✓ Saved! (Edit #95)

Hanoura Shrine (Q48758315):
  Adding [[Category:Shikinai Shosha]]
  Adding [[Category:Kokuhei-sha]]
    ✓ Saved! (Edit #96)

Hanashiyama Shrine (Q66085126):
  Adding [[Category:Junior Fifth Rank]]
  Adding [[Category:Senior Fifth Rank]]
  Adding [[Category:Shikinai Shosha]]
  Adding [[Category:Kokuhei-sha]]
    ✓ Saved! (Edit #97)

Haniyamahime Shrine (Q107410059):
  Adding [[Category:Shikinai Shosha]]
  Adding [[Category:Kokuhei-sha]]
    ✓ Saved! (Edit #98)

Hamana Sōsha-shinmeigū (Q119929616):
  Adding [[Category:Shikinai Shosha]]
  Adding [[Category:Kokuhei-sha]]
    ✓ Saved! (Edit #99)

Hamamatsu Hachimangu (Q119929629):
  Adding [[Category:Shikinai Shosha]]
  Adding [[Category:Kokuhei-sha]]
    ✓ Saved! (Edit #100)

Hakutahikono Shrine (Q135039112):
  Adding [[Category:Junior Fifth Rank]]
  Adding [[Category:Shikinai Shosha]]
  Adding [[Category:Shrines receiving Hoe offering]]
  Adding [[Category:Kanpei-sha]]
    ✓ Saved! (Edit #101)

Hakutahimeno Shrine (Q135039113):
  Adding [[Category:Junior Fifth Rank]]
  Adding [[Category:Shikinai Shosha]]
  Adding [[Category:Shrines receiving Hoe offering]]
  Adding [[Category:Kanpei-sha]]
    ✓ Saved! (Edit #102)

Hamukosono Shrine (Q135039142):
  Adding [[Category:Shikinai Shosha]]
  Adding [[Category:Kanpei-sha]]
    ✓ Saved! (Edit #103)

Harikumano Shrine (Q135039466):
  Adding [[Category:Shikinai Shosha]]
  Adding [[Category:Kokuhei-sha]]
    ✓ Saved! (Edit #104)

Hamino Shrine (Q135039845) (Q135039845):
  Adding [[Category:Shikinai Shosha]]
  Adding [[Category:Kokuhei-sha]]
    ✓ Saved! (Edit #105)

Hananakano Shrine (Q135039899):
  Adding [[Category:Shikinai Shosha]]
  Adding [[Category:Kokuhei-sha]]
    ✓ Saved! (Edit #106)

Hamino Shrine (Q135040576):
  Adding [[Category:Shikinai Shosha]]
  Adding [[Category:Kokuhei-sha]]
    ✓ Saved! (Edit #107)

Haniyamano- Shrine (Q135041316):
  Adding [[Category:Shikinai Shosha]]
  Adding [[Category:Kokuhei-sha]]
    ✓ Saved! (Edit #108)

Harahano Shrine (Q135041543):
  Adding [[Category:Shikinai Shosha]]
  Adding [[Category:Kokuhei-sha]]
    ✓ Saved! (Edit #109)

Hanaoka Shrine (Q135070054):
  Adding [[Category:Shikinai Shosha]]
  Adding [[Category:Kokuhei-sha]]
    ✓ Saved! (Edit #110)

Hamadono Shrine (Q135199653):
  Adding [[Category:Shikinai Shosha]]
  Adding [[Category:Kokuhei-sha]]
    ✓ Saved! (Edit #111)

Hananakano Shrine (Q135270215) (Q135270215):
  Adding [[Category:Shikinai Shosha]]
  Adding [[Category:Kokuhei-sha]]
    ✓ Saved! (Edit #112)

Haruna Shrine (Q3128007):
  Adding [[Category:Shikinai Shosha]]
  Adding [[Category:Kokuhei-sha]]
    ✓ Saved! (Edit #113)

Hasshinden (Q11391709):
  Adding [[Category:Shikinai Taisha]]
  Adding [[Category:Shrine receiving Tsukinami-sai and Niiname-sai offerings]]
    ✓ Saved! (Edit #114)

Hatahisa Shrine (Q11481867):
  Adding [[Category:Shikinai Shosha]]
  Adding [[Category:Kokuhei-sha]]
    ✓ Saved! (Edit #115)

Hashiriochi Shrine (Q11636084):
  Adding [[Category:Shikinai Shosha]]
  Adding [[Category:Kokuhei-sha]]
    ✓ Saved! (Edit #116)

Harina Shrine (Q11648156):
  Adding [[Category:Shikinai Shosha]]
  Adding [[Category:Kokuhei-sha]]
    ✓ Saved! (Edit #117)

Haritsuna Shrine (Q11648178):
  Adding [[Category:Shikinai Shosha]]
  Adding [[Category:Kokuhei-sha]]
    ✓ Saved! (Edit #118)

Hasedera (Nagano) (Q11653682):
  Adding [[Category:Shikinai Shosha]]
  Adding [[Category:Kokuhei-sha]]
    ✓ Saved! (Edit #119)

Hashiritano Shrine (Q135038740) (Q135038740):
  Adding [[Category:Shikinai Shosha]]
  Adding [[Category:Kanpei-sha]]
    ✓ Saved! (Edit #120)

Hase-Yamaguchi-Niimasu Shrine (Q135038992):
  Adding [[Category:Junior Fifth Rank]]
  Adding [[Category:Senior Fifth Rank]]
  Adding [[Category:Shikinai Taisha]]
  Adding [[Category:Shrine receiving Tsukinami-sai and Niiname-sai offerings]]
  Adding [[Category:Kanpei-sha]]
    ✓ Saved! (Edit #121)

Harutano Shrine (Q135039010):
  Adding [[Category:Shikinai Shosha]]
  Adding [[Category:Shrines receiving Hoe and Quiver]]
  Adding [[Category:Kanpei-sha]]
    ✓ Saved! (Edit #122)

Hashiriochino Shrine (Q135039214):
  Adding [[Category:Shikinai Shosha]]
  Adding [[Category:Shrines receiving Hoe and Quiver]]
  Adding [[Category:Kanpei-sha]]
    ✓ Saved! (Edit #123)

Hatada Shrine (Q135039294):
  Adding [[Category:Shikinai Shosha]]
  Adding [[Category:Kokuhei-sha]]
    ✓ Saved! (Edit #124)

Hashino Shrine (Q135039392):
  Adding [[Category:Shikinai Shosha]]
  Adding [[Category:Kokuhei-sha]]
    ✓ Saved! (Edit #125)

Haseno Shrine (Q135039431):
  Adding [[Category:Shikinai Shosha]]
  Adding [[Category:Kokuhei-sha]]
    ✓ Saved! (Edit #126)

Haseno Shrine (Q135039453) (Q135039453):
  Adding [[Category:Shikinai Shosha]]
  Adding [[Category:Kokuhei-sha]]
    ✓ Saved! (Edit #127)

Hasokino Shrine (Q135039465):
  Adding [[Category:Shikinai Shosha]]
  Adding [[Category:Kokuhei-sha]]
    ✓ Saved! (Edit #128)

Harinano Shrine (Q135039554):
  Adding [[Category:Shikinai Shosha]]
  Adding [[Category:Kokuhei-sha]]
    ✓ Saved! (Edit #129)

Hashiritano Shrine (Q135040496):
  Adding [[Category:Shikinai Shosha]]
  Adding [[Category:Kokuhei-sha]]
    ✓ Saved! (Edit #130)

Harukino Shrine (Q135040717):
  Adding [[Category:Shikinai Shosha]]
  Adding [[Category:Kokuhei-sha]]
    ✓ Saved! (Edit #131)

Harunamiya Shrine (Q135069555):
  Adding [[Category:Shikinai Shosha]]
  Adding [[Category:Kokuhei-sha]]
    ✓ Saved! (Edit #132)

Harunamiya Shrine (Q135069558) (Q135069558):
  Adding [[Category:Shikinai Shosha]]
  Adding [[Category:Kokuhei-sha]]
    ✓ Saved! (Edit #133)

Harunamiya Shrine (Q135069565) (Q135069565):
  Adding [[Category:Shikinai Shosha]]
  Adding [[Category:Kokuhei-sha]]
    ✓ Saved! (Edit #134)

Hatada Shrine co-EnShrinement (Q135186214):
  Adding [[Category:Shikinai Shosha]]
  Adding [[Category:Kokuhei-sha]]
    ✓ Saved! (Edit #135)

Hatada Shrine Co-enshrinement (Ihatano) (Q135186317):
  Adding [[Category:Shikinai Shosha]]
  Adding [[Category:Kokuhei-sha]]
    ✓ Saved! (Edit #136)

Hata Shrine (Q135186442):
  Adding [[Category:Shikinai Shosha]]
  Adding [[Category:Kokuhei-sha]]
    ✓ Saved! (Edit #137)

Hassho Shrine (Q135187186) (Q135187186):
  Adding [[Category:Shikinai Shosha]]
  Adding [[Category:Kokuhei-sha]]
    ✓ Saved! (Edit #138)

Haruta Shrine (Lower Shrine) (Q135194205):
  Adding [[Category:Shikinai Shosha]]
  Adding [[Category:Kokuhei-sha]]
    ✓ Saved! (Edit #139)

Haruta Shrine (Upper Shrine) (Q135194208):
  Adding [[Category:Shikinai Shosha]]
  Adding [[Category:Kokuhei-sha]]
    ✓ Saved! (Edit #140)

Hassho Shrine (Q135195138):
  Adding [[Category:Shikinai Shosha]]
  Adding [[Category:Kokuhei-sha]]
    ✓ Saved! (Edit #141)

Harinano Shrine (Q135270315) (Q135270315):
  Adding [[Category:Shikinai Shosha]]
  Adding [[Category:Kokuhei-sha]]
    ✓ Saved! (Edit #142)

Hayashi Shrine (Tonami) (Q22120029):
  Adding [[Category:Shikinai Shosha]]
  Adding [[Category:Kokuhei-sha]]
    ✓ Saved! (Edit #143)

Hayasame Shrine (Q48758380):
  Adding [[Category:Shikinai Shosha]]
  Adding [[Category:Kokuhei-sha]]
    ✓ Saved! (Edit #144)

Hatsuhime Shrine (Q134926458):
  Adding [[Category:Shikinai Shosha]]
  Adding [[Category:Kokuhei-sha]]
    ✓ Saved! (Edit #145)

Hayabusa Shrine (Q135021848) (Q135021848):
  Adding [[Category:Shikinai Shosha]]
  Adding [[Category:Shrine receiving Tsukinami-sai and Niiname-sai offerings]]
  Adding [[Category:Kanpei-sha]]
    ✓ Saved! (Edit #146)

Hatano Shrine (Q135039019):
  Adding [[Category:Shikinai Shosha]]
  Adding [[Category:Shrines receiving Hoe and Quiver]]
  Adding [[Category:Kanpei-sha]]
    ✓ Saved! (Edit #147)

Hatamikawino Shrine (Q135039025):
  Adding [[Category:Junior Fifth Rank]]
  Adding [[Category:Shikinai Taisha]]
  Adding [[Category:Shrine receiving Tsukinami-sai and Niiname-sai offerings]]
  Adding [[Category:Kanpei-sha]]
    ✓ Saved! (Edit #148)

Hatano Shrine (Q135039185) (Q135039185):
  Adding [[Category:Shikinai Shosha]]
  Adding [[Category:Kanpei-sha]]
    ✓ Saved! (Edit #149)

Hatano Shrine (Q135039193) (Q135039193):
  Adding [[Category:Shikinai Shosha]]
  Adding [[Category:Kanpei-sha]]
    ✓ Saved! (Edit #150)

Hatakino Shrine (Q135039231):
  Adding [[Category:Shikinai Shosha]]
  Adding [[Category:Kokuhei-sha]]
    ✓ Saved! (Edit #151)

Hatano Shrine (Q135039322) (Q135039322):
  Adding [[Category:Shikinai Shosha]]
  Adding [[Category:Kokuhei-sha]]
    ✓ Saved! (Edit #152)

Hateno Shrine (Q135039327):
  Adding [[Category:Shikinai Shosha]]
  Adding [[Category:Kokuhei-sha]]
    ✓ Saved! (Edit #153)

Hatorino Shrine (Q135039355) (Q135039355):
  Adding [[Category:Shikinai Shosha]]
  Adding [[Category:Kokuhei-sha]]
    ✓ Saved! (Edit #154)

Hatsuno Shrine (Q135039562):
  Adding [[Category:Shikinai Shosha]]
  Adding [[Category:Kokuhei-sha]]
    ✓ Saved! (Edit #155)

Hatorino Shrine (Q135039603) (Q135039603):
  Adding [[Category:Shikinai Shosha]]
  Adding [[Category:Kokuhei-sha]]
    ✓ Saved! (Edit #156)

Hatoritano Shrine (Q135039624):
  Adding [[Category:Shikinai Shosha]]
  Adding [[Category:Kokuhei-sha]]
    ✓ Saved! (Edit #157)

Hatano Shrine (Q135039925) (Q135039925):
  Adding [[Category:Shikinai Shosha]]
  Adding [[Category:Kokuhei-sha]]
    ✓ Saved! (Edit #158)

Hatorino Shrine (Q135040266) (Q135040266):
  Adding [[Category:Shikinai Shosha]]
  Adding [[Category:Kokuhei-sha]]
    ✓ Saved! (Edit #159)

Hatasakano Shrine (Q135040274):
  Adding [[Category:Shikinai Shosha]]
  Adding [[Category:Kokuhei-sha]]
    ✓ Saved! (Edit #160)

Hayakahano Shrine (Q135040370):
  Adding [[Category:Shikinai Shosha]]
  Adding [[Category:Kokuhei-sha]]
    ✓ Saved! (Edit #161)

Hayahoshino Shrine (Q135040381):
  Adding [[Category:Shikinai Shosha]]
  Adding [[Category:Kokuhei-sha]]
    ✓ Saved! (Edit #162)

Hatori Shrine (Q135040731):
  Adding [[Category:Junior Fifth Rank]]
  Adding [[Category:Shikinai Shosha]]
  Adding [[Category:Kokuhei-sha]]
    ✓ Saved! (Edit #163)

Hayakahano Shrine (Q135040751) (Q135040751):
  Adding [[Category:Shikinai Shosha]]
  Adding [[Category:Kokuhei-sha]]
    ✓ Saved! (Edit #164)

Hatawino Shrine (Q135040752):
  Adding [[Category:Shikinai Shosha]]
  Adding [[Category:Kokuhei-sha]]
    ✓ Saved! (Edit #165)

Hatorida Shrine (Q135069411):
  Adding [[Category:Shikinai Shosha]]
  Adding [[Category:Kokuhei-sha]]
    ✓ Saved! (Edit #166)

Hayakawahachiman Shrine (Q135069975):
  Adding [[Category:Shikinai Shosha]]
  Adding [[Category:Kokuhei-sha]]
    ✓ Saved! (Edit #167)

Hatorino Shrine (Q135098838):
  Adding [[Category:Shikinai Shosha]]
  Adding [[Category:Shrines receiving Hoe and Quiver]]
  Adding [[Category:Kanpei-sha]]
    ✓ Saved! (Edit #168)

Hatorinoitomano Shrine (Q135098916):
  Adding [[Category:Shikinai Shosha]]
  Adding [[Category:Kokuhei-sha]]
    ✓ Saved! (Edit #169)

Hatorinomatokata Shrine (Q135098921):
  Adding [[Category:Shikinai Shosha]]
  Adding [[Category:Kokuhei-sha]]
    ✓ Saved! (Edit #170)

Hatorinomatokata Shrine former site (Q135186227):
  Adding [[Category:Shikinai Shosha]]
  Adding [[Category:Kokuhei-sha]]
    ✓ Saved! (Edit #171)

Hataketano Shrine former site (Q135186308):
  Adding [[Category:Shikinai Shosha]]
  Adding [[Category:Kokuhei-sha]]
    ✓ Saved! (Edit #172)

Hataketano Shrine former site (Q135186309) (Q135186309):
  Adding [[Category:Shikinai Shosha]]
  Adding [[Category:Kokuhei-sha]]
    ✓ Saved! (Edit #173)

Hate Shrine (Q135186493):
  Adding [[Category:Shikinai Shosha]]
  Adding [[Category:Kokuhei-sha]]
    ✓ Saved! (Edit #174)

Hate Shrine (Q135186506) (Q135186506):
  Adding [[Category:Shikinai Shosha]]
  Adding [[Category:Kokuhei-sha]]
    ✓ Saved! (Edit #175)

Hataori Shrine (Q135186638):
  Adding [[Category:Shikinai Shosha]]
  Adding [[Category:Kokuhei-sha]]
    ✓ Saved! (Edit #176)

Hataori Shrine (Q135186639) (Q135186639):
  Adding [[Category:Shikinai Shosha]]
  Adding [[Category:Kokuhei-sha]]
    ✓ Saved! (Edit #177)

Hayakawa Shrine (Himi City) (Q135194969):
  Adding [[Category:Shikinai Shosha]]
  Adding [[Category:Kokuhei-sha]]
    ✓ Saved! (Edit #178)

Hayakawa Shrine (Takaoka City) (Q135194970):
  Adding [[Category:Shikinai Shosha]]
  Adding [[Category:Kokuhei-sha]]
    ✓ Saved! (Edit #179)

Heguri-nimasu Kishi Shrine (Q11483495):
  Adding [[Category:Myōjin Taisha]]
  Adding [[Category:Shrine receiving Tsukinami-sai and Niiname-sai offerings]]
  Adding [[Category:Kanpei-sha]]
    ✓ Saved! (Edit #180)

Hayasuihime Shrine (Q11511196):
  Adding [[Category:Junior Fifth Rank]]
  Adding [[Category:Senior Fifth Rank]]
  Adding [[Category:Shikinai Shosha]]
  Adding [[Category:Kokuhei-sha]]
    ✓ Saved! (Edit #181)

Hayashi Shrine (Akashi) (Q11533249):
  Adding [[Category:Shikinai Shosha]]
  Adding [[Category:Kokuhei-sha]]
    ✓ Saved! (Edit #182)

Hayatani Shrine (Q11639721):
  Adding [[Category:Myōjin Taisha]]
  Adding [[Category:Junior Fifth Rank]]
  Adding [[Category:Junior Fourth Rank]]
  Adding [[Category:Shrine receiving Tsukinami-sai and Niiname-sai offerings]]
  Adding [[Category:Kanpei-sha]]
    ✓ Saved! (Edit #183)

Hazu Shrine (Q60988165):
  Adding [[Category:Junior Fifth Rank]]
  Adding [[Category:Shikinai Shosha]]
  Adding [[Category:Kokuhei-sha]]
    ✓ Saved! (Edit #184)

Hazukashi Shrine (Q65278999):
  Adding [[Category:Junior Fifth Rank]]
  Adding [[Category:Junior Fourth Rank]]
  Adding [[Category:Senior Fifth Rank]]
  Adding [[Category:Shikinai Taisha]]
  Adding [[Category:Shrine receiving Tsukinami-sai and Niiname-sai offerings]]
  Adding [[Category:Kanpei-sha]]
    ✓ Saved! (Edit #185)

Heda Shrine (Q92443788):
  Adding [[Category:Shikinai Shosha]]
  Adding [[Category:Kokuhei-sha]]
    ✓ Saved! (Edit #186)

Heguri Shrine (Q97220447):
  Adding [[Category:Shikinai Taisha]]
  Adding [[Category:Shrine receiving Tsukinami-sai and Niiname-sai offerings]]
  Adding [[Category:Kanpei-sha]]
    ✓ Saved! (Edit #187)

Hegurinoiwatoko Shrine (Q119929663):
  Adding [[Category:Junior Fifth Rank]]
  Adding [[Category:Shikinai Taisha]]
  Adding [[Category:Shrine receiving Tsukinami-sai and Niiname-sai offerings]]
  Adding [[Category:Kanpei-sha]]
    ✓ Saved! (Edit #188)

Hayashi Shrine (Tonami, Hayashi) (Q135194942):
  Adding [[Category:Shikinai Shosha]]
  Adding [[Category:Kokuhei-sha]]
    ✓ Saved! (Edit #189)

Hekireki Shrine (Q135198763) (Q135198763):
  Adding [[Category:Junior Fifth Rank]]
  Adding [[Category:Senior Fifth Rank]]
  Adding [[Category:Shikinai Shosha]]
  Adding [[Category:Kokuhei-sha]]
    ✓ Saved! (Edit #190)

Heguri Shrine (Kuwana) (Q133871968):
  Adding [[Category:Shikinai Shosha]]
  Adding [[Category:Kokuhei-sha]]
    ✓ Saved! (Edit #191)

Hayatamawakenomikoto Shrine (Q134893135):
  Adding [[Category:Junior Fifth Rank]]
  Adding [[Category:Shikinai Shosha]]
  Adding [[Category:Kokuhei-sha]]
    ✓ Saved! (Edit #192)

Hayashino Shrine (Q135039280) (Q135039280):
  Adding [[Category:Shikinai Shosha]]
  Adding [[Category:Kokuhei-sha]]
    ✓ Saved! (Edit #193)

Hayashino- Shrine (Q135039642):
  Adding [[Category:Shikinai Shosha]]
  Adding [[Category:Kokuhei-sha]]
    ✓ Saved! (Edit #194)

Heitano Shrine (Q135040239):
  Adding [[Category:Shikinai Shosha]]
  Adding [[Category:Kokuhei-sha]]
    ✓ Saved! (Edit #195)

Hetsuhimeno Shrine (Q135040336):
  Adding [[Category:Shikinai Shosha]]
  Adding [[Category:Kokuhei-sha]]
    ✓ Saved! (Edit #196)

Hayashino Shrine (Q135040352):
  Adding [[Category:Shikinai Shosha]]
  Adding [[Category:Kokuhei-sha]]
    ✓ Saved! (Edit #197)

Henakino Shrine (Q135040505):
  Adding [[Category:Shikinai Shosha]]
  Adding [[Category:Kokuhei-sha]]
    ✓ Saved! (Edit #198)

Hayatamano Shrine (Q135040766):
  Adding [[Category:Shikinai Shosha]]
  Adding [[Category:Kokuhei-sha]]
    ✓ Saved! (Edit #199)

Hayatsumushiwakeno Shrine (Q135040900):
  Adding [[Category:Shikinai Shosha]]
  Adding [[Category:Kokuhei-sha]]
    ✓ Saved! (Edit #200)

Hayatsumushino Shrine (Q135040922):
  Adding [[Category:Shikinai Shosha]]
  Adding [[Category:Kokuhei-sha]]
    ✓ Saved! (Edit #201)

Hayashi Shrine (Q135069969) (Q135069969):
  Adding [[Category:Shikinai Shosha]]
  Adding [[Category:Kokuhei-sha]]
    ✓ Saved! (Edit #202)

Hayashino Shrine former site (Q135186207):
  Adding [[Category:Shikinai Shosha]]
  Adding [[Category:Kokuhei-sha]]
    ✓ Saved! (Edit #203)

Hayashino- Shrine former site (Q135192774):
  Adding [[Category:Shikinai Shosha]]
  Adding [[Category:Kokuhei-sha]]
    ✓ Saved! (Edit #204)

Hida Shrine (Q11500718):
  Adding [[Category:Shikinai Shosha]]
  Adding [[Category:Kokuhei-sha]]
    ✓ Saved! (Edit #205)

Hieta Shrine (Q11596288):
  Adding [[Category:Shikinai Shosha]]
  Adding [[Category:Kokuhei-sha]]
    ✓ Saved! (Edit #206)

Higanotome Shrine (Q85881759):
  Adding [[Category:Shikinai Shosha]]
  Adding [[Category:Kokuhei-sha]]
    ✓ Saved! (Edit #207)

Higashiohotani-Hime-no-Mikoto Shrine (Q135039013):
  Adding [[Category:Shikinai Shosha]]
  Adding [[Category:Kanpei-sha]]
    ✓ Saved! (Edit #208)

Hichino Shrine (Q135039250):
  Adding [[Category:Shikinai Shosha]]
  Adding [[Category:Kokuhei-sha]]
    ✓ Saved! (Edit #209)

Hichino Shrine (Q135039296) (Q135039296):
  Adding [[Category:Shikinai Shosha]]
  Adding [[Category:Kokuhei-sha]]
    ✓ Saved! (Edit #210)

Hietano Shrine (Q135039725):
  Adding [[Category:Shikinai Shosha]]
  Adding [[Category:Kokuhei-sha]]
    ✓ Saved! (Edit #211)

Hie Shrine (Q135039877) (Q135039877):
  Adding [[Category:Shikinai Shosha]]
  Adding [[Category:Kokuhei-sha]]
    ✓ Saved! (Edit #212)

Hietanono Shrine (Q135040501):
  Adding [[Category:Shikinai Shosha]]
  Adding [[Category:Kokuhei-sha]]
    ✓ Saved! (Edit #213)

Hiharano Shrine (Q135040558):
  Adding [[Category:Shikinai Shosha]]
  Adding [[Category:Kokuhei-sha]]
    ✓ Saved! (Edit #214)

Hichino Shrine (Q135040646) (Q135040646):
  Adding [[Category:Shikinai Shosha]]
  Adding [[Category:Kokuhei-sha]]
    ✓ Saved! (Edit #215)

Hifuchino Shrine (Q135041073):
  Adding [[Category:Shikinai Shosha]]
  Adding [[Category:Kokuhei-sha]]
    ✓ Saved! (Edit #216)

Hihameno- Shrine (Q135041341):
  Adding [[Category:Shikinai Shosha]]
  Adding [[Category:Kokuhei-sha]]
    ✓ Saved! (Edit #217)

Higashiotanihimemikoto Shrine (Q135069120):
  Adding [[Category:Shikinai Shosha]]
  Adding [[Category:Kanpei-sha]]
    ✓ Saved! (Edit #218)

Higashiotani Himemikoto Shrine (Q135069122):
  Adding [[Category:Shikinai Shosha]]
  Adding [[Category:Kanpei-sha]]
    ✓ Saved! (Edit #219)

Hie and Ōmizubetsu Shrines (Q135069684):
  Adding [[Category:Shikinai Shosha]]
  Adding [[Category:Kokuhei-sha]]
    ✓ Saved! (Edit #220)

Hibayamakume Shrine okumiya (Q135070111):
  Adding [[Category:Shikinai Shosha]]
  Adding [[Category:Kokuhei-sha]]
    ✓ Saved! (Edit #221)

Higashikirishima Shrine (Q135070353):
  Adding [[Category:Junior Fifth Rank]]
  Adding [[Category:Junior Fourth Rank]]
  Adding [[Category:Shikinai Shosha]]
  Adding [[Category:Kokuhei-sha]]
    ✓ Saved! (Edit #222)

Hibara Shrine (Q135103456):
  Adding [[Category:Junior Fifth Rank]]
  Adding [[Category:Shikinai Taisha]]
  Adding [[Category:Shrine receiving Tsukinami-sai and Niiname-sai and Ainame-sai offerings]]
  Adding [[Category:Kanpei-sha]]
    ✓ Saved! (Edit #223)

Hichino shrine Co-Enshrinement (Q135186326):
  Adding [[Category:Shikinai Shosha]]
  Adding [[Category:Kokuhei-sha]]
    ✓ Saved! (Edit #224)

Higashi Hachiōji Shrine (Q135190265):
  Adding [[Category:Shikinai Shosha]]
  Adding [[Category:Kokuhei-sha]]
    ✓ Saved! (Edit #225)

Higashi Misono Hachiman Shrine (Q135190282):
  Adding [[Category:Shikinai Shosha]]
  Adding [[Category:Kokuhei-sha]]
    ✓ Saved! (Edit #226)

Hie Shrine (Q135193786) (Q135193786):
  Adding [[Category:Shikinai Shosha]]
  Adding [[Category:Kokuhei-sha]]
    ✓ Saved! (Edit #227)

Higashikamo Shrine (Q135198154):
  Adding [[Category:Junior Fifth Rank]]
  Adding [[Category:Senior Fifth Rank]]
  Adding [[Category:Shikinai Shosha]]
  Adding [[Category:Kokuhei-sha]]
    ✓ Saved! (Edit #228)

Hihameno- Shrine (Q135270442) (Q135270442):
  Adding [[Category:Shikinai Shosha]]
  Adding [[Category:Kokuhei-sha]]
    ✓ Saved! (Edit #229)

Hikawa Shrine (Saitama) (Q703633):
  Adding [[Category:Myōjin Taisha]]
  Adding [[Category:Junior Fifth Rank]]
  Adding [[Category:Junior Fourth Rank]]
  Adding [[Category:Senior Fifth Rank]]
  Adding [[Category:Senior Fourth Rank]]
  Adding [[Category:Shrine receiving Tsukinami-sai and Niiname-sai offerings]]
  Adding [[Category:Kanpei-sha]]
    ✓ Saved! (Edit #230)

Hikite Chikara no Mikoto Shrine (Q11487151):
  Adding [[Category:Shikinai Shosha]]
  Adding [[Category:Kokuhei-sha]]
    ✓ Saved! (Edit #231)

Hikawami Shrine (Q11488772):
  Adding [[Category:Shikinai Shosha]]
  Adding [[Category:Kokuhei-sha]]
    ✓ Saved! (Edit #232)

Hii Shrine (Q11500716):
  Adding [[Category:Junior Fifth Rank]]
  Adding [[Category:Senior Sixth Rank]]
  Adding [[Category:Shikinai Shosha]]
  Adding [[Category:Kokuhei-sha]]
    ✓ Saved! (Edit #233)

Hikami Anego Shrine (Q11549548):
  Adding [[Category:Myōjin Taisha]]
  Adding [[Category:Kokuhei-sha]]
    ✓ Saved! (Edit #234)

Hikawa Nyotai Shrine (Q11549599):
  Adding [[Category:Shikinai Shosha]]
  Adding [[Category:Kokuhei-sha]]
    ✓ Saved! (Edit #235)

Hijiri Shrine (Izumi, Osaka) (Q11611103):
  Adding [[Category:Junior Fifth Rank]]
  Adding [[Category:Junior Fourth Rank]]
  Adding [[Category:Shikinai Shosha]]
  Adding [[Category:Shrines receiving Hoe offering]]
  Adding [[Category:Kanpei-sha]]
    ✓ Saved! (Edit #236)

Hikino Shrine (Q17224057):
  Adding [[Category:Shikinai Shosha]]
  Adding [[Category:Kokuhei-sha]]
    ✓ Saved! (Edit #237)

Hikida Shrine (Q22119431):
  Adding [[Category:Junior Fifth Rank]]
  Adding [[Category:Shikinai Taisha]]
  Adding [[Category:Shrine receiving Tsukinami-sai and Niiname-sai offerings]]
  Adding [[Category:Kanpei-sha]]
    ✓ Saved! (Edit #238)

Hihayo Tenjin Shrine (Q131925942):
  Adding [[Category:Shikinai Shosha]]
  Adding [[Category:Kokuhei-sha]]
    ✓ Saved! (Edit #239)

Hikitano Shrine (Q135038996):
  Adding [[Category:Shikinai Shosha]]
  Adding [[Category:Shrines receiving Hoe and Quiver]]
  Adding [[Category:Kanpei-sha]]
    ✓ Saved! (Edit #240)

Hihashiri Shrine (Q135039191):
  Adding [[Category:Shikinai Shosha]]
  Adding [[Category:Kanpei-sha]]
    ✓ Saved! (Edit #241)

Hihikino Shrine (Q135039251):
  Adding [[Category:Shikinai Shosha]]
  Adding [[Category:Kokuhei-sha]]
    ✓ Saved! (Edit #242)

Hikowakamikono Shrine (Q135039558):
  Adding [[Category:Myōjin Taisha]]
  Adding [[Category:Kokuhei-sha]]
    ✓ Saved! (Edit #243)

Hikitachikarano- Shrine (Q135039675):
  Adding [[Category:Shikinai Shosha]]
  Adding [[Category:Kokuhei-sha]]
    ✓ Saved! (Edit #244)

Hihitano Shrine (Q135039721):
  Adding [[Category:Shikinai Shosha]]
  Adding [[Category:Kokuhei-sha]]
    ✓ Saved! (Edit #245)

Hikitarino Shrine (Q135039828):
  Adding [[Category:Shikinai Shosha]]
  Adding [[Category:Kokuhei-sha]]
    ✓ Saved! (Edit #246)

Hikonano Shrine (Q135040237):
  Adding [[Category:Shikinai Shosha]]
  Adding [[Category:Kokuhei-sha]]
    ✓ Saved! (Edit #247)

Hikitaheno Shrine (Q135040483):
  Adding [[Category:Shikinai Shosha]]
  Adding [[Category:Kokuhei-sha]]
    ✓ Saved! (Edit #248)

Hikosawakeno Shrine (Q135040979):
  Adding [[Category:Shikinai Shosha]]
  Adding [[Category:Kokuhei-sha]]
    ✓ Saved! (Edit #249)

Hikosasukino Shrine (Q135041245):
  Adding [[Category:Shikinai Shosha]]
  Adding [[Category:Kokuhei-sha]]
    ✓ Saved! (Edit #250)

Hikiterikio Shrine (Q135069466):
  Adding [[Category:Shikinai Shosha]]
  Adding [[Category:Kokuhei-sha]]
    ✓ Saved! (Edit #251)

Hikawa Shrine (Q135069537) (Q135069537):
  Adding [[Category:Shikinai Shosha]]
  Adding [[Category:Kokuhei-sha]]
    ✓ Saved! (Edit #252)

Hikitari Shrine (Q135069658):
  Adding [[Category:Shikinai Shosha]]
  Adding [[Category:Kokuhei-sha]]
    ✓ Saved! (Edit #253)

Hikimiya Shrine (Q135070325):
  Adding [[Category:Shikinai Shosha]]
  Adding [[Category:Kokuhei-sha]]
    ✓ Saved! (Edit #254)

Hiji Shrine (Iwanai Village, Taki District) (Q135186319):
  Adding [[Category:Shikinai Shosha]]
  Adding [[Category:Kokuhei-sha]]
    ✓ Saved! (Edit #255)

Hikone Shrine (Q135193628):
  Adding [[Category:Shikinai Shosha]]
  Adding [[Category:Kokuhei-sha]]
    ✓ Saved! (Edit #256)

Hikona Shrine (Shinmei Shrine Keidai-sha) (Q135194737):
  Adding [[Category:Shikinai Shosha]]
  Adding [[Category:Kokuhei-sha]]
    ✓ Saved! (Edit #257)

Hikawa Shrine (Q135194738) (Q135194738):
  Adding [[Category:Shikinai Shosha]]
  Adding [[Category:Kokuhei-sha]]
    ✓ Saved! (Edit #258)

Hikawa Shrine (Q135194744) (Q135194744):
  Adding [[Category:Shikinai Shosha]]
  Adding [[Category:Kokuhei-sha]]
    ✓ Saved! (Edit #259)

Hihitano Shrine (Q135270290) (Q135270290):
  Adding [[Category:Shikinai Shosha]]
  Adding [[Category:Kokuhei-sha]]
    ✓ Saved! (Edit #260)

Hikowakamikono Shrine (Q135270317) (Q135270317):
  Adding [[Category:Myōjin Taisha]]
  Adding [[Category:Kokuhei-sha]]
    ✓ Saved! (Edit #261)

Hikitachikarano- Shrine (Q135270421) (Q135270421):
  Adding [[Category:Shikinai Shosha]]
  Adding [[Category:Kokuhei-sha]]
    ✓ Saved! (Edit #262)

Himukai-daijingū (Q11505112):
  Adding [[Category:Shikinai Shosha]]
  Adding [[Category:Kanpei-sha]]
  Adding [[Category:Kokuhei-sha]]
    ✓ Saved! (Edit #263)

Himekoso Shrine (Q11547445):
  Adding [[Category:Myōjin Taisha]]
  Adding [[Category:Shrine receiving Tsukinami-sai and Niiname-sai and Ainame-sai offerings]]
    ✓ Saved! (Edit #264)

Hinamori Shrine (Q11547446):
  Adding [[Category:Shikinai Shosha]]
  Adding [[Category:Kokuhei-sha]]
    ✓ Saved! (Edit #265)

Himuro Shrine (Q11549570):
  Adding [[Category:Junior Fifth Rank]]
  Adding [[Category:Senior Sixth Rank]]
  Adding [[Category:Shikinai Shosha]]
  Adding [[Category:Kanpei-sha]]
    ✓ Saved! (Edit #266)

Hime Shrine (Nanto City) (Q43594869):
  Adding [[Category:Shikinai Shosha]]
  Adding [[Category:Kokuhei-sha]]
    ✓ Saved! (Edit #267)

Himesaka Kanachiana Shrine (Q107297935):
  Adding [[Category:Shikinai Shosha]]
  Adding [[Category:Kokuhei-sha]]
    ✓ Saved! (Edit #268)

Hinama-ji Hime-no-Mikoto Shrine (Q133940165):
  Adding [[Category:Junior Fifth Rank]]
  Adding [[Category:Junior Fourth Rank]]
  Adding [[Category:Senior Fifth Rank]]
  Adding [[Category:Senior Sixth Rank]]
  Adding [[Category:Shikinai Shosha]]
  Adding [[Category:Kokuhei-sha]]
    ✓ Saved! (Edit #269)

Himemiya Shrine (Q134926963):
  Adding [[Category:Shikinai Shosha]]
  Adding [[Category:Kokuhei-sha]]
    ✓ Saved! (Edit #270)

Himekuhano Shrine (Q135039003):
  Adding [[Category:Shikinai Shosha]]
  Adding [[Category:Shrines receiving Hoe and Quiver]]
  Adding [[Category:Kanpei-sha]]
    ✓ Saved! (Edit #271)

Himekamino Shrine (Q135039196):
  Adding [[Category:Junior Fifth Rank]]
  Adding [[Category:Shikinai Shosha]]
  Adding [[Category:Shrines receiving Hoe offering]]
  Adding [[Category:Kanpei-sha]]
    ✓ Saved! (Edit #272)

Himekosono Shrine (Q135039202):
  Adding [[Category:Myōjin Taisha]]
  Adding [[Category:Junior Fifth Rank]]
  Adding [[Category:Junior Fourth Rank]]
  Adding [[Category:Shrine receiving Tsukinami-sai and Niiname-sai and Ainame-sai offerings]]
  Adding [[Category:Kanpei-sha]]
    ✓ Saved! (Edit #273)

Himefuno Shrine (Q135039475):
  Adding [[Category:Shikinai Shosha]]
  Adding [[Category:Kokuhei-sha]]
    ✓ Saved! (Edit #274)

Hinakano Shrine (Q135039574):
  Adding [[Category:Junior Fifth Rank]]
  Adding [[Category:Shikinai Shosha]]
  Adding [[Category:Kokuhei-sha]]
    ✓ Saved! (Edit #275)

Himetano Shrine (Q135039836):
  Adding [[Category:Shikinai Shosha]]
  Adding [[Category:Kokuhei-sha]]
    ✓ Saved! (Edit #276)

Hinamorino Shrine (Q135039903):
  Adding [[Category:Shikinai Shosha]]
  Adding [[Category:Kokuhei-sha]]
    ✓ Saved! (Edit #277)

Himatsurino Shrine (Q135040017):
  Adding [[Category:Shikinai Shosha]]
  Adding [[Category:Kokuhei-sha]]
    ✓ Saved! (Edit #278)

Himefuno Shrine (Q135040594) (Q135040594):
  Adding [[Category:Shikinai Shosha]]
  Adding [[Category:Kokuhei-sha]]
    ✓ Saved! (Edit #279)

Himefuno Shrine (Q135040601) (Q135040601):
  Adding [[Category:Shikinai Shosha]]
  Adding [[Category:Kokuhei-sha]]
    ✓ Saved! (Edit #280)

Himefuno Shrine (Q135040651) (Q135040651):
  Adding [[Category:Shikinai Shosha]]
  Adding [[Category:Kokuhei-sha]]
    ✓ Saved! (Edit #281)

Himenuno Shrine (Q135040739):
  Adding [[Category:Shikinai Shosha]]
  Adding [[Category:Kokuhei-sha]]
    ✓ Saved! (Edit #282)

Himetsukino Shrine (Q135040773):
  Adding [[Category:Junior Fifth Rank]]
  Adding [[Category:Senior Fifth Rank]]
  Adding [[Category:Junior Sixth Rank]]
  Adding [[Category:Shikinai Shosha]]
  Adding [[Category:Kokuhei-sha]]
    ✓ Saved! (Edit #283)

Himechino Shrine (Q135041002):
  Adding [[Category:Shikinai Shosha]]
  Adding [[Category:Kokuhei-sha]]
    ✓ Saved! (Edit #284)

Hinano Shrine (Q135041084):
  Adding [[Category:Shikinai Shosha]]
  Adding [[Category:Kokuhei-sha]]
    ✓ Saved! (Edit #285)

Himesakano Shrine (Q135041422):
  Adding [[Category:Myōjin Taisha]]
  Adding [[Category:Kokuhei-sha]]
    ✓ Saved! (Edit #286)

Himekami Shrine (Q135041477):
  Adding [[Category:Myōjin Taisha]]
  Adding [[Category:Kokuhei-sha]]
    ✓ Saved! (Edit #287)

Himesaka Shrine (Q135070336):
  Adding [[Category:Myōjin Taisha]]
  Adding [[Category:Kokuhei-sha]]
    ✓ Saved! (Edit #288)

Himukahino Shrine (Q135098825):
  Adding [[Category:Junior Fifth Rank]]
  Adding [[Category:Shikinai Taisha]]
  Adding [[Category:Shrine receiving Tsukinami-sai and Niiname-sai offerings]]
  Adding [[Category:Kanpei-sha]]
    ✓ Saved! (Edit #289)

Hime- Shrine (Q135098858):
  Adding [[Category:Shikinai Shosha]]
  Adding [[Category:Kanpei-sha]]
    ✓ Saved! (Edit #290)

Hinaga Shrine (Q135190198):
  Adding [[Category:Junior Fifth Rank]]
  Adding [[Category:Shikinai Shosha]]
  Adding [[Category:Kokuhei-sha]]
    ✓ Saved! (Edit #291)

Hinaga Shrine (Q135190199) (Q135190199):
  Adding [[Category:Junior Fifth Rank]]
  Adding [[Category:Shikinai Shosha]]
  Adding [[Category:Kokuhei-sha]]
    ✓ Saved! (Edit #292)

Himekosono Shrine (Q135270123) (Q135270123):
  Adding [[Category:Myōjin Taisha]]
  Adding [[Category:Junior Fifth Rank]]
  Adding [[Category:Junior Fourth Rank]]
  Adding [[Category:Shrine receiving Tsukinami-sai and Niiname-sai and Ainame-sai offerings]]
  Adding [[Category:Kanpei-sha]]
    ✓ Saved! (Edit #293)

Hiraoka Shrine (Q32422):
  Adding [[Category:Myōjin Taisha]]
  Adding [[Category:Junior First Rank]]
  Adding [[Category:Junior Third Rank]]
  Adding [[Category:Junior Fourth Rank]]
  Adding [[Category:Senior First Rank]]
  Adding [[Category:Senior Third Rank]]
  Adding [[Category:Senior Fourth Rank]]
  Adding [[Category:Junior Second Rank]]
  Adding [[Category:Shrine receiving Tsukinami-sai and Niiname-sai and Ainame-sai offerings]]
  Adding [[Category:Kanpei-sha]]
    ✓ Saved! (Edit #294)

Hirano Shrine (Q738971):
  Adding [[Category:Myōjin Taisha]]
  Adding [[Category:Junior First Rank]]
  Adding [[Category:Junior Third Rank]]
  Adding [[Category:Junior Fifth Rank]]
  Adding [[Category:Junior Fourth Rank]]
  Adding [[Category:Senior First Rank]]
  Adding [[Category:Senior Third Rank]]
  Adding [[Category:Senior Second Rank]]
  Adding [[Category:Senior Fifth Rank]]
  Adding [[Category:Senior Fourth Rank]]
  Adding [[Category:Junior Second Rank]]
  Adding [[Category:Shrine receiving Tsukinami-sai and Niiname-sai offerings]]
  Adding [[Category:Kanpei-sha]]
    ✓ Saved! (Edit #295)

Hinokuma Shrine (Q888184):
  Adding [[Category:Myōjin Taisha]]
  Adding [[Category:Shrine receiving Tsukinami-sai and Niiname-sai and Ainame-sai offerings]]
  Adding [[Category:Kanpei-sha]]
    ✓ Saved! (Edit #296)

Hinomisaki Shrine (Q1619446):
  Adding [[Category:Shikinai Shosha]]
  Adding [[Category:Kokuhei-sha]]
    ✓ Saved! (Edit #297)

Hioka Shrine (Q11505275):
  Adding [[Category:Shikinai Shosha]]
  Adding [[Category:Kokuhei-sha]]
    ✓ Saved! (Edit #298)

Hine Shrine (Q11509543):
  Adding [[Category:Shikinai Shosha]]
  Adding [[Category:Shrines receiving Hoe and Quiver]]
  Adding [[Category:Kanpei-sha]]
    ✓ Saved! (Edit #299)

Hioki Shrine (Nagoya) (Q11510248):
  Adding [[Category:Shikinai Shosha]]
  Adding [[Category:Kokuhei-sha]]
    ✓ Saved! (Edit #300)

Hioki Shrine (Q11510250) (Q11510250):
  Adding [[Category:Shikinai Shosha]]
  Adding [[Category:Kokuhei-sha]]
    ✓ Saved! (Edit #301)

Hinumanai Shrine (Q11547467):
  Adding [[Category:Shikinai Shosha]]
  Adding [[Category:Kokuhei-sha]]
    ✓ Saved! (Edit #302)

Hinatano Shrine (Q111269921):
  Adding [[Category:Shikinai Shosha]]
  Adding [[Category:Kokuhei-sha]]
    ✓ Saved! (Edit #303)

Hinateno Shrine (Q135039819):
  Adding [[Category:Shikinai Shosha]]
  Adding [[Category:Kokuhei-sha]]
    ✓ Saved! (Edit #304)

Hiokino Shrine (Q135039920) (Q135039920):
  Adding [[Category:Shikinai Shosha]]
  Adding [[Category:Kokuhei-sha]]
    ✓ Saved! (Edit #305)

Hiokino Shrine (Q135040077) (Q135040077):
  Adding [[Category:Shikinai Shosha]]
  Adding [[Category:Kokuhei-sha]]
    ✓ Saved! (Edit #306)

Hiokino Shrine (Q135040268) (Q135040268):
  Adding [[Category:Shikinai Shosha]]
  Adding [[Category:Kokuhei-sha]]
    ✓ Saved! (Edit #307)

Hiokino Shrine (Q135040394):
  Adding [[Category:Junior Fifth Rank]]
  Adding [[Category:Junior Fourth Rank]]
  Adding [[Category:Senior Fifth Rank]]
  Adding [[Category:Shikinai Shosha]]
  Adding [[Category:Kokuhei-sha]]
    ✓ Saved! (Edit #308)

Hiokino Shrine (Q135040655) (Q135040655):
  Adding [[Category:Shikinai Shosha]]
  Adding [[Category:Kokuhei-sha]]
    ✓ Saved! (Edit #309)

Hinono Shrine (Q135040724):
  Adding [[Category:Shikinai Shosha]]
  Adding [[Category:Kokuhei-sha]]
    ✓ Saved! (Edit #310)

Hioki Shrine (Q135069771):
  Adding [[Category:Shikinai Shosha]]
  Adding [[Category:Kokuhei-sha]]
    ✓ Saved! (Edit #311)

Hioki Shrine (Sarashina district) (Q135069775):
  Adding [[Category:Shikinai Shosha]]
  Adding [[Category:Kokuhei-sha]]
    ✓ Saved! (Edit #312)

Hino Shrine (Q135069906):
  Adding [[Category:Shikinai Shosha]]
  Adding [[Category:Kokuhei-sha]]
    ✓ Saved! (Edit #313)

Hioki Shrine (Etchū Province) (Q135069979):
  Adding [[Category:Junior Fifth Rank]]
  Adding [[Category:Junior Fourth Rank]]
  Adding [[Category:Senior Fifth Rank]]
  Adding [[Category:Shikinai Shosha]]
  Adding [[Category:Kokuhei-sha]]
    ✓ Saved! (Edit #314)

Hioki Shrine (Niikawa district) (Q135069980):
  Adding [[Category:Junior Fifth Rank]]
  Adding [[Category:Junior Fourth Rank]]
  Adding [[Category:Senior Fifth Rank]]
  Adding [[Category:Shikinai Shosha]]
  Adding [[Category:Kokuhei-sha]]
    ✓ Saved! (Edit #315)

Hinode Shrine (Q135070061):
  Adding [[Category:Shikinai Shosha]]
  Adding [[Category:Kokuhei-sha]]
    ✓ Saved! (Edit #316)

Hinode Shrine (Tajima Province) (Q135070062):
  Adding [[Category:Shikinai Shosha]]
  Adding [[Category:Kokuhei-sha]]
    ✓ Saved! (Edit #317)

Hiranai Shrine (Q135070074):
  Adding [[Category:Shikinai Shosha]]
  Adding [[Category:Kokuhei-sha]]
    ✓ Saved! (Edit #318)

Hirano Shrine (Q135193654) (Q135193654):
  Adding [[Category:Shikinai Shosha]]
  Adding [[Category:Kokuhei-sha]]
    ✓ Saved! (Edit #319)

Hioki Shrine (Higashichikuma District) (Q135194168):
  Adding [[Category:Shikinai Shosha]]
  Adding [[Category:Kokuhei-sha]]
    ✓ Saved! (Edit #320)

Hioki Shrine (Nagano City) (Q135194175):
  Adding [[Category:Shikinai Shosha]]
  Adding [[Category:Kokuhei-sha]]
    ✓ Saved! (Edit #321)

Hiokino Shrine (Q135195018) (Q135195018):
  Adding [[Category:Junior Fifth Rank]]
  Adding [[Category:Junior Fourth Rank]]
  Adding [[Category:Senior Fifth Rank]]
  Adding [[Category:Shikinai Shosha]]
  Adding [[Category:Kokuhei-sha]]
    ✓ Saved! (Edit #322)

Hiokino Shrine (Q135195019) (Q135195019):
  Adding [[Category:Junior Fifth Rank]]
  Adding [[Category:Junior Fourth Rank]]
  Adding [[Category:Senior Fifth Rank]]
  Adding [[Category:Shikinai Shosha]]
  Adding [[Category:Kokuhei-sha]]
    ✓ Saved! (Edit #323)

Hioikehime Shrine (Q135195235):
  Adding [[Category:Shikinai Shosha]]
  Adding [[Category:Kokuhei-sha]]
    ✓ Saved! (Edit #324)

Hirano Shrine (Q135195333) (Q135195333):
  Adding [[Category:Junior Fifth Rank]]
  Adding [[Category:Senior Sixth Rank]]
  Adding [[Category:Shikinai Shosha]]
  Adding [[Category:Kokuhei-sha]]
    ✓ Saved! (Edit #325)

Hinode Shrine (Hatayama, Tantō Town) (Q135195362):
  Adding [[Category:Shikinai Shosha]]
  Adding [[Category:Kokuhei-sha]]
    ✓ Saved! (Edit #326)

Hinode Shrine (Minamio, Tantō Town) (Q135195363):
  Adding [[Category:Shikinai Shosha]]
  Adding [[Category:Kokuhei-sha]]
    ✓ Saved! (Edit #327)

Hinomisaki Shrine (branch shrine outside the precincts of Hongū Shrine) (Q135195732):
  Adding [[Category:Shikinai Shosha]]
  Adding [[Category:Kokuhei-sha]]
    ✓ Saved! (Edit #328)

Hirose Taisha (Q705281):
  Adding [[Category:Myōjin Taisha]]
  Adding [[Category:Junior Third Rank]]
  Adding [[Category:Junior Fifth Rank]]
  Adding [[Category:Junior Fourth Rank]]
  Adding [[Category:Senior Third Rank]]
  Adding [[Category:Shrine receiving Tsukinami-sai and Niiname-sai offerings]]
  Adding [[Category:Kanpei-sha]]
    ✓ Saved! (Edit #329)

Hirota Shrine (Osaka City) (Q1466105):
  Adding [[Category:Myōjin Taisha]]
  Adding [[Category:Junior First Rank]]
  Adding [[Category:Junior Third Rank]]
  Adding [[Category:Junior Fifth Rank]]
  Adding [[Category:Senior Third Rank]]
  Adding [[Category:Shikinai Shosha]]
  Adding [[Category:Shikinai Taisha]]
  Adding [[Category:Shrine receiving Tsukinami-sai and Niiname-sai offerings]]
  Adding [[Category:Shrine receiving Tsukinami-sai and Niiname-sai and Ainame-sai offerings]]
  Adding [[Category:Kanpei-sha]]
    ✓ Saved! (Edit #330)

Hirasaki Shrine (Q3136198):
  Adding [[Category:Junior Fifth Rank]]
  Adding [[Category:Junior Fourth Rank]]
  Adding [[Category:Senior Fourth Rank]]
  Adding [[Category:Shikinai Shosha]]
  Adding [[Category:Kokuhei-sha]]
    ✓ Saved! (Edit #331)

Hirose Shrine (Sayama) (Q11485625):
  Adding [[Category:Shikinai Shosha]]
  Adding [[Category:Kokuhei-sha]]
    ✓ Saved! (Edit #332)

Hiruko Shrine (Q106852693) (Q106852693):
  Adding [[Category:Shikinai Shosha]]
  Adding [[Category:Kokuhei-sha]]
    ✓ Saved! (Edit #333)

Hirose Shrine (Izunokuni) (Q111776816):
  Adding [[Category:Shikinai Shosha]]
    ✓ Saved! (Edit #334)

Hirose Shrine (Q134925373):
  Adding [[Category:Shikinai Shosha]]
    ✓ Saved! (Edit #335)

Hisatsuchino Shrine (Q135039341):
  Adding [[Category:Shikinai Shosha]]
  Adding [[Category:Kokuhei-sha]]
    ✓ Saved! (Edit #336)

Hisatsuchino Shrine (Q135039352) (Q135039352):
  Adding [[Category:Shikinai Shosha]]
  Adding [[Category:Kokuhei-sha]]
    ✓ Saved! (Edit #337)

Hirosahano Shrine (Q135039570):
  Adding [[Category:Shikinai Shosha]]
  Adding [[Category:Kokuhei-sha]]
    ✓ Saved! (Edit #338)

Hiroseno Shrine (Q135039671):
  Adding [[Category:Shikinai Shosha]]
  Adding [[Category:Kokuhei-sha]]
    ✓ Saved! (Edit #339)

Hiritano Shrine (Q135039800):
  Adding [[Category:Shikinai Shosha]]
  Adding [[Category:Kokuhei-sha]]
    ✓ Saved! (Edit #340)

Hirawiteno Shrine (Q135040151):
  Adding [[Category:Shikinai Shosha]]
  Adding [[Category:Kokuhei-sha]]
    ✓ Saved! (Edit #341)

Hirawoka Shrine (Q135040242):
  Adding [[Category:Shikinai Shosha]]
  Adding [[Category:Kokuhei-sha]]
    ✓ Saved! (Edit #342)

Hisamamechi Shrine (Q135069216):
  Adding [[Category:Shikinai Shosha]]
  Adding [[Category:Kokuhei-sha]]
    ✓ Saved! (Edit #343)

Hisamamechi Shrine (Ise Province) (Q135069219):
  Adding [[Category:Shikinai Shosha]]
  Adding [[Category:Kokuhei-sha]]
    ✓ Saved! (Edit #344)

Hisai Shrine (Q135069529):
  Adding [[Category:Shikinai Shosha]]
  Adding [[Category:Kokuhei-sha]]
    ✓ Saved! (Edit #345)

Hisashiinatakihime Shrine (Q135069955):
  Adding [[Category:Shikinai Shosha]]
  Adding [[Category:Kokuhei-sha]]
    ✓ Saved! (Edit #346)

Hisarida Shrine (Q135070025):
  Adding [[Category:Shikinai Shosha]]
  Adding [[Category:Kokuhei-sha]]
    ✓ Saved! (Edit #347)

Hisakino- Shrine (Q135098962):
  Adding [[Category:Myōjin Taisha]]
  Adding [[Category:Kokuhei-sha]]
    ✓ Saved! (Edit #348)

Hisazuchi Sugawara Shrine (Q135186613):
  Adding [[Category:Shikinai Shosha]]
  Adding [[Category:Kokuhei-sha]]
    ✓ Saved! (Edit #349)

Hisazuchi Shrine (Q135186614):
  Adding [[Category:Shikinai Shosha]]
  Adding [[Category:Kokuhei-sha]]
    ✓ Saved! (Edit #350)

Hirohata Shrine (Q135186748):
  Adding [[Category:Shikinai Shosha]]
  Adding [[Category:Kokuhei-sha]]
    ✓ Saved! (Edit #351)

Hirawoka Shrine former site (Q135194746):
  Adding [[Category:Shikinai Shosha]]
  Adding [[Category:Kokuhei-sha]]
    ✓ Saved! (Edit #352)

Hirota Shrine (Q135194909):
  Adding [[Category:Shikinai Shosha]]
  Adding [[Category:Kokuhei-sha]]
    ✓ Saved! (Edit #353)

Hiruko Shrine (Q135195317) (Q135195317):
  Adding [[Category:Junior Fifth Rank]]
  Adding [[Category:Senior Sixth Rank]]
  Adding [[Category:Shikinai Shosha]]
  Adding [[Category:Kokuhei-sha]]
    ✓ Saved! (Edit #354)

Hirohata Hachimangū (Q135197922):
  Adding [[Category:Shikinai Shosha]]
  Adding [[Category:Kokuhei-sha]]
    ✓ Saved! (Edit #355)

Hiroseno Shrine (Q135270419) (Q135270419):
  Adding [[Category:Shikinai Shosha]]
  Adding [[Category:Kokuhei-sha]]
    ✓ Saved! (Edit #356)

Hiyoshi Taisha (Q656451):
  Adding [[Category:Myōjin Taisha]]
  Adding [[Category:Junior Fifth Rank]]
  Adding [[Category:Junior Fourth Rank]]
  Adding [[Category:Senior First Rank]]
  Adding [[Category:Senior Second Rank]]
  Adding [[Category:Junior Second Rank]]
  Adding [[Category:Kokuhei-sha]]
    ✓ Saved! (Edit #357)

Hitsusa Shrine (Q11547502):
  Adding [[Category:Shikinai Shosha]]
  Adding [[Category:Kokuhei-sha]]
    ✓ Saved! (Edit #358)

HItsujisaki Shrine (Q11660144):
  Adding [[Category:Myōjin Taisha]]
  Adding [[Category:Junior Fourth Rank]]
  Adding [[Category:Senior Fifth Rank]]
  Adding [[Category:Kokuhei-sha]]
    ✓ Saved! (Edit #359)

Hitsujisaki Shrine (Q11660145):
  Adding [[Category:Myōjin Taisha]]
  Adding [[Category:Junior Fourth Rank]]
  Adding [[Category:Senior Fifth Rank]]
  Adding [[Category:Kokuhei-sha]]
    ✓ Saved! (Edit #360)

Hitsuji Shrine (Nagoya) (Q22120105):
  Adding [[Category:Shikinai Shosha]]
  Adding [[Category:Kokuhei-sha]]
    ✓ Saved! (Edit #361)

Hobata Shrine (Q43594611):
  Adding [[Category:Myōjin Taisha]]
  Adding [[Category:Junior Fifth Rank]]
  Adding [[Category:Shrine receiving Tsukinami-sai and Niiname-sai offerings]]
  Adding [[Category:Kanpei-sha]]
    ✓ Saved! (Edit #362)

Hitowoseno Shrine (Q135038970):
  Adding [[Category:Shikinai Shosha]]
  Adding [[Category:Kanpei-sha]]
    ✓ Saved! (Edit #363)

Hishikino Shrine (Q135039252):
  Adding [[Category:Shikinai Shosha]]
  Adding [[Category:Kokuhei-sha]]
    ✓ Saved! (Edit #364)

Hitsukurano Shrine (Q135039307):
  Adding [[Category:Shikinai Shosha]]
  Adding [[Category:Kokuhei-sha]]
    ✓ Saved! (Edit #365)

Hitano Shrine (Q135039516) (Q135039516):
  Adding [[Category:Shikinai Shosha]]
  Adding [[Category:Kokuhei-sha]]
    ✓ Saved! (Edit #366)

Hitsushino Shrine (Q135039529):
  Adding [[Category:Shikinai Shosha]]
  Adding [[Category:Kokuhei-sha]]
    ✓ Saved! (Edit #367)

Hisono Shrine (Q135039575):
  Adding [[Category:Shikinai Shosha]]
  Adding [[Category:Kokuhei-sha]]
    ✓ Saved! (Edit #368)

Hitsushisakino Shrine (Q135040001):
  Adding [[Category:Myōjin Taisha]]
  Adding [[Category:Junior Fourth Rank]]
  Adding [[Category:Senior Fifth Rank]]
  Adding [[Category:Kokuhei-sha]]
    ✓ Saved! (Edit #369)

Hitakamino Shrine (Q135040011):
  Adding [[Category:Junior Fourth Rank]]
  Adding [[Category:Senior Fifth Rank]]
  Adding [[Category:Shikinai Shosha]]
  Adding [[Category:Kokuhei-sha]]
    ✓ Saved! (Edit #370)

Hiyoshi Shrine (Q135040087) (Q135040087):
  Adding [[Category:Shikinai Shosha]]
  Adding [[Category:Kokuhei-sha]]
    ✓ Saved! (Edit #371)

Hiyausuno Shrine (Q135040607):
  Adding [[Category:Shikinai Shosha]]
  Adding [[Category:Kokuhei-sha]]
    ✓ Saved! (Edit #372)

Hiteno Shrine (Q135040638):
  Adding [[Category:Shikinai Shosha]]
  Adding [[Category:Kokuhei-sha]]
    ✓ Saved! (Edit #373)

Hitano Shrine (Q135040933):
  Adding [[Category:Shikinai Shosha]]
  Adding [[Category:Kokuhei-sha]]
    ✓ Saved! (Edit #374)

Hishirono Shrine (Q135041045):
  Adding [[Category:Shikinai Shosha]]
  Adding [[Category:Kokuhei-sha]]
    ✓ Saved! (Edit #375)

Hiyakurakuno Shrine (Q135041120):
  Adding [[Category:Junior Fifth Rank]]
  Adding [[Category:Senior Sixth Rank]]
  Adding [[Category:Shikinai Shosha]]
  Adding [[Category:Kokuhei-sha]]
    ✓ Saved! (Edit #376)

Hiyoshi Shrine (Q135069253) (Q135069253):
  Adding [[Category:Shikinai Shosha]]
  Adding [[Category:Kokuhei-sha]]
    ✓ Saved! (Edit #377)

Hokensuwajuugotokoro Shrine (Q135069497):
  Adding [[Category:Shikinai Shosha]]
  Adding [[Category:Kokuhei-sha]]
    ✓ Saved! (Edit #378)

Hiyoshi Shrine (Nagahama) (Q135069666):
  Adding [[Category:Shikinai Shosha]]
  Adding [[Category:Kokuhei-sha]]
    ✓ Saved! (Edit #379)

Hiyoshi Shrine (Q135193733) (Q135193733):
  Adding [[Category:Shikinai Shosha]]
  Adding [[Category:Kokuhei-sha]]
    ✓ Saved! (Edit #380)

Hiyoshi Shrine (Q135193779) (Q135193779):
  Adding [[Category:Shikinai Shosha]]
  Adding [[Category:Kokuhei-sha]]
    ✓ Saved! (Edit #381)

Hiyoshi Shrine (Q135194819) (Q135194819):
  Adding [[Category:Junior Fifth Rank]]
  Adding [[Category:Senior Sixth Rank]]
  Adding [[Category:Shikinai Shosha]]
  Adding [[Category:Kokuhei-sha]]
    ✓ Saved! (Edit #382)

Hiyoshi Shrine (Q135194886) (Q135194886):
  Adding [[Category:Shikinai Shosha]]
  Adding [[Category:Kokuhei-sha]]
    ✓ Saved! (Edit #383)

Hiyoshi Shrine (Q135195095):
  Adding [[Category:Shikinai Shosha]]
  Adding [[Category:Kokuhei-sha]]
    ✓ Saved! (Edit #384)

Hitsushino Shrine (Q135270149) (Q135270149):
  Adding [[Category:Shikinai Shosha]]
  Adding [[Category:Kokuhei-sha]]
    ✓ Saved! (Edit #385)

Hiyakurakuno Shrine (Q135270437) (Q135270437):
  Adding [[Category:Junior Fifth Rank]]
  Adding [[Category:Senior Sixth Rank]]
  Adding [[Category:Shikinai Shosha]]
  Adding [[Category:Kokuhei-sha]]
    ✓ Saved! (Edit #386)

Horowasan Haushiwake Shrine (Q11385699):
  Adding [[Category:Shikinai Shosha]]
  Adding [[Category:Kokuhei-sha]]
    ✓ Saved! (Edit #387)

Hokki Shrine (Q11555072):
  Adding [[Category:Shikinai Shosha]]
  Adding [[Category:Kokuhei-sha]]
    ✓ Saved! (Edit #388)

Honoo-Honome Shrine (Q11566947):
  Adding [[Category:Junior Fifth Rank]]
  Adding [[Category:Senior Fifth Rank]]
  Adding [[Category:Shikinai Shosha]]
  Adding [[Category:Kokuhei-sha]]
    ✓ Saved! (Edit #389)

Homi Shrine (Q11597095):
  Adding [[Category:Shikinai Shosha]]
  Adding [[Category:Kokuhei-sha]]
    ✓ Saved! (Edit #390)

Homi Shrine (Asahimachi, Nirasaki) (Q11597096):
  Adding [[Category:Shikinai Shosha]]
  Adding [[Category:Kokuhei-sha]]
    ✓ Saved! (Edit #391)

Hokura Shrine (Q17218056):
  Adding [[Category:Shikinai Shosha]]
  Adding [[Category:Shrines receiving Hoe and Quiver]]
  Adding [[Category:Kanpei-sha]]
    ✓ Saved! (Edit #392)

Hokotsuki Shrine (Q59282636):
  Adding [[Category:Shikinai Shosha]]
  Adding [[Category:Kokuhei-sha]]
    ✓ Saved! (Edit #393)

Honoikatsuchino Shrine (Q135021838) (Q135021838):
  Adding [[Category:Shikinai Shosha]]
  Adding [[Category:Kanpei-sha]]
    ✓ Saved! (Edit #394)

Honoikatsuchino Shrine (Q135038947):
  Adding [[Category:Junior Fifth Rank]]
  Adding [[Category:Senior Sixth Rank]]
  Adding [[Category:Shikinai Shosha]]
  Adding [[Category:Kanpei-sha]]
    ✓ Saved! (Edit #395)

Honoikatsuchino Shrine (Q135038966) (Q135038966):
  Adding [[Category:Junior Third Rank]]
  Adding [[Category:Senior Third Rank]]
  Adding [[Category:Senior Fourth Rank]]
  Adding [[Category:Shikinai Shosha]]
  Adding [[Category:Kanpei-sha]]
    ✓ Saved! (Edit #396)

Hokurano Shrine (Q135039177):
  Adding [[Category:Shikinai Shosha]]
  Adding [[Category:Kanpei-sha]]
    ✓ Saved! (Edit #397)

Horisakano Shrine Co-Enshrinement (Q135039320):
  Adding [[Category:Shikinai Shosha]]
  Adding [[Category:Kokuhei-sha]]
    ✓ Saved! (Edit #398)

Homusuhino- Shrine (Q135039674):
  Adding [[Category:Shikinai Shosha]]
  Adding [[Category:Kokuhei-sha]]
    ✓ Saved! (Edit #399)

Homino Shrine (Q135039702):
  Adding [[Category:Shikinai Shosha]]
  Adding [[Category:Kokuhei-sha]]
    ✓ Saved! (Edit #400)

Hokotsukino Shrine (Q135039710):
  Adding [[Category:Shikinai Shosha]]
  Adding [[Category:Kokuhei-sha]]
    ✓ Saved! (Edit #401)

Honamano Shrine (Q135040624):
  Adding [[Category:Shikinai Shosha]]
  Adding [[Category:Kokuhei-sha]]
    ✓ Saved! (Edit #402)

Honokano Shrine (Q135041081):
  Adding [[Category:Shikinai Shosha]]
  Adding [[Category:Kokuhei-sha]]
    ✓ Saved! (Edit #403)

Hongu Shrine Yohaisho of Kasuga-taisha (Q135098821):
  Adding [[Category:Shikinai Shosha]]
  Adding [[Category:Shrines receiving Hoe and Quiver]]
  Adding [[Category:Kanpei-sha]]
    ✓ Saved! (Edit #404)

Horiyaku Rokusho Shrine (Yoritomiya, sessha) (Q135190254):
  Adding [[Category:Shikinai Shosha]]
  Adding [[Category:Kokuhei-sha]]
    ✓ Saved! (Edit #405)

Homino Shrine (Q135270285) (Q135270285):
  Adding [[Category:Shikinai Shosha]]
  Adding [[Category:Kokuhei-sha]]
    ✓ Saved! (Edit #406)

Hokotsukino Shrine (Q135270289) (Q135270289):
  Adding [[Category:Shikinai Shosha]]
  Adding [[Category:Kokuhei-sha]]
    ✓ Saved! (Edit #407)
