[INFO] Logging in...
[INFO] Getting category members...
[INFO] Found 2211 pages to update
[INFO] Starting reset...
[OK] Abito Shrine
[OK] Achihaseno Shrine
[OK] Achihayao Shrine
[OK] Achiko Shrine
[OK] Achiko Shrine (Izu Province)
[OK] Afukako Shrine
[OK] Afukakotano- Shrine
[OK] Afukamuyamano Shrine
[OK] Afukamuyamano Shrine former site
[OK] Afukano- Shrine
[OK] Aguchi Shrine
[OK] Ahachino Shrine
[OK] Ahachino Shrine (Harima Province)
[OK] Ahachino Shrine (Izumi Province)
[OK] Ahano Shrine
[OK] Ahano Shrine (Iga Province)
[OK] Ahano Shrine (Izumi Province)
[OK] Ahita Shrine
[OK] Ahitano Shrine
[OK] Ai Shrine
[OK] Aijikaue Shrine (Legendary Site C)
[OK] Ajiga Shrine
[OK] Ajiga Shrine (Ise Province)
[OK] Ajiko Shrine
[OK] Ajimano Shrine
[OK] Ajimino Shrine
[OK] Akaba Shrine
[OK] Akabo Shrine
[OK] Akanta Shrine
[OK] Akaou Shrine
[OK] Akaruhimenomikoto Shrine
[OK] Akatanushino Shrine
[OK] Akiba Shrine (Ise Province)
[OK] Akuto Shrine
[OK] Ama-no-iwato-wake-toyotamahimeno Shrine
[OK] Ama-no-iwato-wake-toyotamahimeno Shrine (Awa Province (Tokushima))
[OK] Amahakarino Shrine
[OK] Amahinatorino- Shrine
[OK] Amakashi-ni-imasu Shrine
[OK] Amakohino Shrine
[OK] Amamikoso Shrine
[OK] Amamurakumo Shrine
[OK] Amamurakumo Shrine (Awa Province (Tokushima))
[OK] Amamurakumono Shrine
[OK] Amano Hachiman Shrine
[OK] Amano Shrine
[OK] Amanohashidate Shrine
[OK] Amanohitokuhatano Shrine Site
[OK] Amanohohinomikotono Shrine
[OK] Amanoiwatate Shrine
[OK] Amanokagoyamano Shrine
[OK] Amanokaguyama Shrine
[OK] Amanokakoyamano- Shrine
[OK] Amano‑Kaguyama Shrine
[OK] Amasashinowake Shrine
[OK] Amatamitsu- Shrine
[OK] Amatarashi Shrine
[OK] Amaterasu Ōmikami Takakura Shrine & Iwato Shrine
[OK] Amatsu Shrine
[OK] Amatsu Shrine (Bizen Province)
[OK] Amatsu Shrine (Echigo Province)
[OK] Amatsuihatowakeno Shrine
[OK] Amatsuihatowakewakahimeno Shrine
[OK] Amatsukasahiko Shrine
[OK] Amatsukasahiko Shrine (Awa Province (Tokushima))
[OK] Amatsukasahikono Shrine
[OK] Amatsuno Shrine
[OK] Amatsunumahikono Shrine
[OK] Amatsunumahikono Shrine (Awa Province (Tokushima))
[OK] Amawake Toyohime Shrine
[OK] Amayo Shrine
[OK] Amayo Shrine (Yasaka Shrine Keidai-sha)
[OK] Amayono Shrine
[OK] Amayono Shrine (Echizen Province)
[OK] Amayono Shrine former site
[OK] Amayukawata Shrine
[OK] Ame-no-Mikumari-toyoura Shrine
[OK] Ame-no-Yahorotsu-hime Shrine (subsidiary of Oshio Hachimangū)
[OK] Amefutotama-no-Mikoto Shrine
[OK] Amehimewakamikono Shrine
[OK] Amehimewakamikono Shrine (Echizen Province)
[OK] Amekunihimeno Shrine
[OK] Amekunitsuhikono Shrine
[OK] Amemahitotsunono Shrine
[OK] Ameno-tanakahimeno Shrine
[OK] Amenohayatamahimeno- Shrine
[OK] Amenohitokuhatano Shrine
[OK] Amenohohinomikoto Shrine
[OK] Amenoihasuhino Shrine
[OK] Amenokunitsuhiko Shrine (small subsidiary within Oshio Hachimangū precinct)
[OK] Amenokunitsuhiko Shrine (small subsidiary within Tsunemiya Shrine precinct)
[OK] Amenokunitsuhime Shrine (small subsidiary within Oshio Hachimangū precinct)
[OK] Amenokunitsuhime Shrine (small subsidiary within Tsunemiya Shrine precinct)
[OK] Amenotakechi Shrine
[OK] Amenotanakawono Shrine
[OK] Amenotoyotarashikarahimenomikoto Shrine
[OK] Amesusuno Shrine
[OK] Ametotsurukino Shrine
[OK] Ametotsurukino Shrine (Echizen Province)
[OK] Ametsuseno- Shrine
[OK] Ametsuseno- Shrine (Izu Province)
[OK] Ameyahoyorotsu- Shrine
[OK] Ameyoritateno Shrine
[OK] Ami Shrine
[OK] Ami Shrine (Hitachi Province)
[OK] Amino Shrine
[OK] Anafukino Shrine
[OK] Anaishi Shrine
[OK] Anashi Shrine
[OK] Anashi Shrine Site
[OK] Anashino Shrine
[OK] Anashinoohohiyauzuno Shrine
[OK] Anatono- Shrine
[OK] Anatosanshin Shrine
[OK] Anatosanshin Shrine (Bitchū Province)
[OK] Anekura Himemi Shrine (Funakura, Toyama City)
[OK] Anekura Himemi Shrine (Kureha Town, Toyama City)
[OK] Anekura- Shrine
[OK] Aniko Shrine
[OK] Aniko Shrine (Echizen Province)
[OK] Anikogami Shrine
[OK] Anikono Shrine
[OK] Antsukino- Shrine
[OK] Anumi Shrine (Iyo Province)
[OK] Aomi Shrine
[OK] Aomi Shrine (Echigo Province)
[OK] Aoyama Shrine
[OK] Araho Shrine
[OK] Arakahano Shrine
[OK] Arakawa Shrine (Arakawa, Murakami)
[OK] Arakawa Shrine (Koiwanai, Murakami)
[OK] Arakawa Shrine (Tainai)
[OK] Araki Shrine
[OK] Araki Shrine (Izunokuni)
[OK] Araki Shrine (Uchi district)
[OK] Aramino Shrine
[OK] Arasaka Shrine
[OK] Arashimano Shrine
[OK] Arasuna Shrine
[OK] Aratano Shrine
[OK] Ariga Shrine
[OK] Arihono Shrine
[OK] Arima Shrine
[OK] Aritano Shrine
[OK] Asadatehiko Shrine
[OK] Asai Shrine (Fukuoka, Takaoka)
[OK] Asai Shrine (Ishizutsumi, Takaoka)
[OK] Asai Shrine (Takaoka)
[OK] Asaihinono Shrine
[OK] Asakano Shrine
[OK] Asaki Shrine
[OK] Asaki Shrine (Echizen Province)
[OK] Asakurahiko-no-Mikoto Shrine
[OK] Asama Shrine (Izu Province Second Shrine)
[OK] Asawino Shrine
[OK] Ashiinaba Shrine
[OK] Ashiinaba Shrine (Awa Province (Tokushima))
[OK] Ashikano Shrine
[OK] Ashimita Shrine
[OK] Ashimitano Shrine
[OK] Ashino Shrine
[OK] Ashitsugi Shrine
[OK] Ashitsugi Shrine (Bitchū Province)
[OK] Ashitsugi Shrine (Bitchū Province) (Bitchū Province)
[OK] Ashitsugiyama Shrine
[OK] Ashitsugiyama Shrine (Bitchū Province)
[OK] Aso-Hime Shrine
[OK] Asomurano- Shrine
[OK] Asori Shrine (Nakami, Meiwa Town)
[OK] Asuhano Shrine
[OK] Asuka Kawakami-ni-Imasu Usutakihime-no-Mikoto Shrine
[OK] Asukabe Shrine
[OK] Asukanoyamakuchino Shrine
[OK] Asukatano Shrine
[OK] Asō Shrine
[OK] Atago Shrine (Echizen Province)
[OK] Atago Shrine (Kasama City)
[OK] Atahimeno Shrine
[OK] Atakatsutakemikumano Shrine
[OK] Atamino Shrine
[OK] Ataya Shrine
[OK] Atayutano Shrine
[OK] Atsu Shrine
[OK] Atsu Shrine (Awa Province (Tokushima))
[OK] Awa-no-Mikoto Shrine
[OK] Awabitamashiratama-hime-no-Mikoto Shrine
[OK] Awayamanoueno Shrine
[OK] Awomino Shrine
[OK] Awomino Shrine (Echigo Province)
[OK] Ayuta Shrine
[OK] Ayutano Shrine
[OK] Azaka Shrine
[OK] Azusawakenomikoto Shrine
[OK] Bingokunininomiya Chihayahiko Shrine
[OK] Bishu Shrine
[OK] Biyatsukan Shrine
[OK] Chigi Shrine
[OK] Chihamura- Shrine
[OK] Chihayahiko Shrine
[OK] Chihayahikono Shrine
[OK] Chihayahimeno Shrine
[OK] Chikushi Shrine
[OK] Chikushi Shrine (Chikuzen Province)
[OK] Chinamiyoruhiko Shrine
[OK] Chinamiyoruhiko Shrine (Bingo Province)
[OK] Chishirono Shrine
[OK] Chota Great Camphor Tree
[OK] Co-Enshrinement in Seki Shrine
[OK] Co-Enshrinement of Afukakotano Shrine
[OK] Co-Enshrinement of Afukamuyamano Shrine
[OK] Co-Enshrinement of Haseno Shrine
[OK] Co-Enshrinement of Hichino Shrine
[OK] Co-Enshrinement of Hichino Shrine Ronsha 6
[OK] Co-Enshrinement of Hirawoka Shrine
[OK] Co-Enshrinement of Hitsukurano Shrine
[OK] Co-Enshrinement of Hotsumino Shrine
[OK] Co-Enshrinement of Ikatsuchi Shrine
[OK] Co-Enshrinement of Kamishimano Shrine
[OK] Co-Enshrinement of Katakishino Shrine
[OK] Co-Enshrinement of Kuninariohonono Shrine
[OK] Co-Enshrinement of Ohokino Shrine
[OK] Co-Enshrinement of Ohokino Shrine Ronsha 2
[OK] Co-Enshrinement of Ohowano Shrine (Ronsha 1)
[OK] Co-Enshrinement of Ohoyamamitano Shrine
[OK] Co-Enshrinement of Ohoyamamitano Shrine Ronsha 5
[OK] Co-Enshrinement of Sakurano Shrine
[OK] Co-Enshrinement of Takino Shrine
[OK] Co-Enshrinement of Tsuchinowano Shrine
[OK] Co-Enshrinement of Utsurahashino Shrine
[OK] Co-Enshrinement of Utsurahashino Shrine Ronsha 2
[OK] Daijin Shrine
[OK] Daikai Shrine
[OK] Daisen Ōji Shrine
[OK] Daitsukiiwakura Shrine
[OK] Dewa Shrine
[OK] Dewa Shrine (Dewa Province)
[OK] Dousashifutsu Shrine
[OK] E Shrine (Ise Province)
[OK] Ebisuhari Shrine
[OK] Eda Shrine (Ise Province)
[OK] Ehara Nishinomiya Shrine
[OK] Ekurino Shrine
[OK] Ena Shrine (Hida Province)
[OK] Enano Shrine
[OK] Eno Shrine
[OK] Eno Shrine (Co-Enshrinement)
[OK] Eno Shrine (Echigo Province 2)
[OK] Eno Shrine (Echigo Province)
[OK] Eno Shrine (Ise Province)
[OK] Etano Shrine
[OK] Etano Shrine (Echizen Province)
[OK] Etano Shrine (Ise Province)
[OK] Fuchiuchino Shrine
[OK] Fuchiuchino Shrine (Hitachi Province)
[OK] Fuchū Hachiman Shrine
[OK] Fuchū Hachiman Shrine (Echigo Province)
[OK] Fujisaki Shrine
[OK] Fujisaki Shrine (Echigo Province)
[OK] Fujito Shrine
[OK] Fujiuchi Shrine
[OK] Fukaeno Shrine
[OK] Fukakahano Shrine
[OK] Fukamisono Shrine
[OK] Fukatano Shrine
[OK] Fukeno Shrine
[OK] Fukurono Shrine
[OK] Fukurono Shrine (Echizen Province)
[OK] Fumunashino Shrine
[OK] Funadamano Shrine
[OK] Funae Taijingū
[OK] Funaeno Shrine
[OK] Funayama Shrine
[OK] Funayamano Shrine
[OK] Furufu Shrine
[OK] Furukohorino Shrine
[OK] Furukohorino Shrine Co-EnShrinement
[OK] Furukoori Shrine
[OK] Furutachino Shrine
[OK] Fusawokino Shrine
[OK] Fusawokino Shrine (Izu Province)
[OK] Fuse Shrine (Bizen Province)
[OK] Fuse Shrine (Etchū Province)
[OK] Fuseno Shrine
[OK] Fuseno Shrine (Etchū Province)
[OK] Fushino Shrine
[OK] Futagami-yama Shrine (Tottori Prefecture)
[OK] Futamino Shrine
[OK] Futonotono Shrine
[OK] Futsuno Shrine
[OK] Futsuno Shrine (Iyo Province)
[OK] Gashibahime Shrine
[OK] Gongen Shrine (Ujizakura Shrine precincts)
[OK] Gosen Hachiman Shrine
[OK] Gosho Shrine
[OK] Gosho Shrine (Awa Province (Tokushima))
[OK] Habuhime Shrine (Shimoda)
[OK] Habuhime-no-Mikoto Shrine
[OK] Hachidairyuuou Shrine
[OK] Hachikurahime Shrine
[OK] Hachiman Shrine
[OK] Hachiman Shrine (Awa Province (Tokushima) 2)
[OK] Hachiman Shrine (Awa Province (Tokushima) 3)
[OK] Hachiman Shrine (Awa Province (Tokushima) 4)
[OK] Hachiman Shrine (Awa Province (Tokushima))
[OK] Hachiman Shrine (Bingo Province)
[OK] Hachiman Shrine (Chikugo Province)
[OK] Hachiman Shrine (Echizen Province 2)
[OK] Hachiman Shrine (Echizen Province 3)
[OK] Hachiman Shrine (Echizen Province 4)
[OK] Hachiman Shrine (Echizen Province 5)
[OK] Hachiman Shrine (Echizen Province)
[OK] Hachiman Shrine (Harima Province)
[OK] Hachiman Shrine (Iki Island)
[OK] Hachiman Shrine (Izu Province)
[OK] Hachiman Shrine (Kisami, Shimoda)
[OK] Hachiman Shrine (Koura)
[OK] Hachiman Shrine (Koura, Minamiizu)
[OK] Hachiman Shrine (Otoi)
[OK] Hachimangū
[OK] Hachimangū (Echigo Province)
[OK] Hachimangū (Etchū Province)
[OK] Hachimangū (Iwami Province)
[OK] Hachimangū Kinomiya Shrine
[OK] Hachiman‑gu Kinomiya Shrine
[OK] Hachiouji Shrine
[OK] Hachisu Shrine
[OK] Hachisu Shrine (Awa Province (Tokushima))
[OK] Hachita Shrine
[OK] Hachiōji Shrine
[OK] Hachiōji Shrine (Morisho Village)
[OK] Hafuhimeno- Shrine
[OK] Hafuritano Shrine
[OK] Hafuritano Shrine (Harima Province)
[OK] Hahaki Shrine
[OK] Hahime Shrine
[OK] Hahō Shrine
[OK] Haji Shrine
[OK] Hajikama Shrine
[OK] Hakatano Shrine
[OK] Hakotake Hachiman Shrine
[OK] Hakozaki Hachiman Shrine
[OK] Hakozaki Hachiman Shrine (Iki Island)
[OK] Hakusan Hall
[OK] Hakusan Shrine (Echigo Province 2)
[OK] Hakusan Shrine (Echigo Province 3)
[OK] Hakusan Shrine (Echigo Province)
[OK] Hakusan Shrine (Echizen Province 2)
[OK] Hakusan Shrine (Echizen Province 3)
[OK] Hakusan Shrine (Echizen Province 4)
[OK] Hakusan Shrine (Echizen Province)
[OK] Hakutahikono Shrine
[OK] Hakutahimeno Shrine
[OK] Hamukosono Shrine
[OK] Hanashiyama Shrine
[OK] Haniyamahime Shrine
[OK] Haniyamano- Shrine
[OK] Hanoura Shrine
[OK] Harutano Shrine
[OK] Haseno Shrine
[OK] Haseno Shrine (Ise Province)
[OK] Hasenoyamakuchi Shrine
[OK] Hashino Shrine
[OK] Hashiriochino Shrine
[OK] Hassho Shrine
[OK] Hata Shrine
[OK] Hatada Shrine
[OK] Hatada Shrine co-EnShrinement
[OK] Hatada Shrine Co-enshrinement (Ihatano)
[OK] Hataketano Shrine former site
[OK] Hataketano Shrine former site (Ise Province)
[OK] Hatakino Shrine
[OK] Hatamikawino Shrine
[OK] Hatano Shrine
[OK] Hatano Shrine (Ise Province)
[OK] Hatano Shrine (Izumi Province)
[OK] Hataori Shrine
[OK] Hataori Shrine (Ise Province)
[OK] Hatawino Shrine
[OK] Hate Shrine
[OK] Hate Shrine (Ise Province)
[OK] Hateno Shrine
[OK] Hatori Shrine
[OK] Hatorino Shrine
[OK] Hatorino Shrine (Ise Province)
[OK] Hatorinoitomano Shrine
[OK] Hatorinomatokata Shrine
[OK] Hatorinomatokata Shrine former site
[OK] Hatsuhime Shrine
[OK] Hayahoshino Shrine
[OK] Hayakahano Shrine
[OK] Hayakahano Shrine (Etchū Province)
[OK] Hayakahano Shrine (Inaba Province)
[OK] Hayakawa Hachiman Shrine
[OK] Hayakawa Shrine (Himi City)
[OK] Hayakawa Shrine (Takaoka City)
[OK] Hayakawahachiman Shrine
[OK] Hayasame Shrine
[OK] Hayashi Shrine (Etchū Province)
[OK] Hayashi Shrine (Tonami, Hayashi)
[OK] Hayashi Shrine (Tonami, Ransei)
[OK] Hayashino Shrine
[OK] Hayashino Shrine (Etchū Province)
[OK] Hayashino Shrine (Ise Province)
[OK] Hayashino Shrine former site
[OK] Hayashino- Shrine
[OK] Hayashino- Shrine former site
[OK] Hayasuihime Shrine
[OK] Hayasuihime Shrine (Bungo Province)
[OK] Hayatamawakenomikoto Shrine
[OK] Heda Shrine
[OK] Hegurinoiwatoko Shrine
[OK] Heitano Shrine
[OK] Hekireki Shrine
[OK] Hichino Shrine
[OK] Hichino Shrine (Ise Province)
[OK] Hichino shrine Co-Enshrinement
[OK] Hida Shrine
[OK] Higashikirishima Shrine
[OK] Higashiohotanihimenomikoto Shrine
[OK] Hihameno- Shrine
[OK] Hihameno- Shrine (Awa Province (Tokushima))
[OK] Hihashiri Shrine
[OK] Hihayo Tenjin Shrine
[OK] Hihikino Shrine
[OK] Hiji Shrine (Iwanai Village, Taki District)
[OK] Hijiri Shrine (Izumi Province)
[OK] Hikawa Shrine
[OK] Hikawa Shrine (Echizen Province)
[OK] Hikida Shrine
[OK] Hikitachikarano- Shrine
[OK] Hikitachikarano- Shrine (Izu Province)
[OK] Hikitano Shrine
[OK] Hikite Chikara no Mikoto Shrine
[OK] Hikiterikio Shrine
[OK] Hikona Shrine (Shinmei Shrine Keidai-sha)
[OK] Hikonano Shrine
[OK] Hikosasukino Shrine
[OK] Hime Shrine (Nanto City)
[OK] Hime- Shrine
[OK] Himekami Shrine
[OK] Himekamino Shrine
[OK] Himekosono Shrine
[OK] Himekuhano Shrine
[OK] Himemiya Shrine
[OK] Himemiya Shrine Co-Enshrinement
[OK] Himenuno Shrine
[OK] Himesaka Kanachiana Shrine
[OK] Himesaka Shrine
[OK] Himesakano Shrine
[OK] Himukahino Shrine
[OK] Hine Shrine
[OK] Hino Shrine
[OK] Hino Shrine (Echizen Province)
[OK] Hinono Shrine
[OK] Hioka Shrine
[OK] Hioki Shrine (Etchū Province)
[OK] Hioki Shrine (Niikawa district)
[OK] Hiokino Shrine
[OK] Hiokino Shrine (Etchū Province)
[OK] Hiraoka Shrine
[OK] Hirawiteno Shrine
[OK] Hirawoka Shrine
[OK] Hirawoka Shrine former site
[OK] Hirohata Hachimangū
[OK] Hirohata Shrine
[OK] Hirose Shrine
[OK] Hirose Shrine (Izunokuni)
[OK] Hiroseno Shrine
[OK] Hiroseno Shrine (Izu Province)
[OK] Hiruko Shrine (Awa Province (Tokushima))
[OK] Hisamamechi Shrine
[OK] Hisamamechi Shrine (Ise Province)
[OK] Hisatsuchino Shrine
[OK] Hisatsuchino Shrine (Ise Province)
[OK] Hisazuchi Shrine
[OK] Hisazuchi Sugawara Shrine
[OK] Hishikino Shrine
[OK] Hitowoseno Shrine
[OK] Hitsukurano Shrine
[OK] Hiyakurakuno Shrine
[OK] Hiyakurakuno Shrine (Iwami Province)
[OK] Hiyoshi Shrine
[OK] Hiyoshi Shrine (Echigo Province)
[OK] Hobata Shrine
[OK] Hokura Shrine
[OK] Hokurano Shrine
[OK] Homusuhino- Shrine
[OK] Hongu Shrine Yohaisho of Kasuga-taisha
[OK] Honoikatsuchino Shrine
[OK] Horisakano Shrine Co-Enshrinement
[OK] Horowasan Haushiwake Shrine
[OK] Hoshikahano Shrine
[OK] Hosokawa Shrine
[OK] Hosorokino Shrine
[OK] Hosorokino Shrine (Echizen Province)
[OK] Hosoyano Shrine
[OK] Hotsu Village Enshrinement Theory
[OK] Hotsuda Village Enshrinement Theory
[OK] Hotsumino Shrine
[OK] Hotsumino Shrine former site
[OK] Hotsusakeno- Shrine
[OK] Hotsusakeno- Shrine (Izu Province)
[OK] Housono Shrine
[OK] Hoyamano Shrine
[OK] Hozumi Shrine (Ise Province)
[OK] Hyōsu Shrine
[OK] Hyōzu Shrine
[OK] Hyōzu Shrine (Iki Island)
[OK] Ibaraki Shrine
[OK] Ibe Iwakura Shrine
[OK] Ichifurino Shrine
[OK] Ichihara Shrine
[OK] Ichiimotono Shrine
[OK] Ichikahano Shrine
[OK] Ichinomiya Shrine (Tokushima)
[OK] Ichisuka Shrine
[OK] Ida Shrine
[OK] Ide Shrine
[OK] Ieshima Shrine
[OK] Ifukiikatsuchi- Shrine
[OK] Igami Shrine
[OK] Igarashi Shrine
[OK] Igarashi Shrine (Echigo Province)
[OK] Igasa Shrine
[OK] Igatomega Shrine
[OK] Ihafuneno Shrine
[OK] Ihakamiichino Shrine
[OK] Ihakurano Shrine
[OK] Ihakurawakeno- Shrine
[OK] Ihano Shrine
[OK] Ihano Shrine (Co-Enshrinement)
[OK] Ihanohimeno- Shrine
[OK] Ihare- Shrine
[OK] Ihare- Shrine (Izu Province)
[OK] Ihareyamakuchino Shrine
[OK] Iharino Shrine
[OK] Iharino Shrine (Hitachi Province)
[OK] Ihasakino Shrine
[OK] Ihatano Shrine
[OK] Ihatano Shrine (Echizen Province)
[OK] Ihatano Shrine (Ise Province)
[OK] Ihatano Shrine former site
[OK] Ihatatamino Shrine
[OK] Ihatewakeno- Shrine
[OK] Ihatewakeno- Shrine (Izu Province)
[OK] Ihatokono Shrine
[OK] Ihatowakeno Shrine
[OK] Ihatsumino Shrine
[OK] Ihatsutano- Shrine
[OK] Ihatsutano- Shrine (Izumi Province)
[OK] Ihawino Shrine
[OK] Ihayano Shrine
[OK] Ihefuseno Shrine
[OK] Iheshimano Shrine
[OK] Ihetsuno Shrine
[OK] Ihinono Shrine
[OK] Ihita Shrine
[OK] Ihotachino Shrine
[OK] Iibo Nimasu Amaterasu Shrine
[OK] Iino Shrine
[OK] Iino Shrine (Ise Province)
[OK] Iizuna Shrine
[OK] Ika Shrine
[OK] Ikagashi Shrine
[OK] Ikagashi Shrine (Awa Province (Tokushima))
[OK] Ikamashi Shrine
[OK] Ikamu Shrine
[OK] Ikamuhimeno- Shrine
[OK] Ikarashi Shrine
[OK] Ikarashi Shrine (Echigo Province)
[OK] Ikarashino Shrine
[OK] Ikaruga Shrine
[OK] Ikarukano Shrine
[OK] Ikawadani Sōja
[OK] Ikazuchi Shrine
[OK] Ikazuchi Shrine (Echizen Province 2)
[OK] Ikazuchi Shrine (Echizen Province 3)
[OK] Ikazuchi Shrine (Echizen Province)
[OK] Ikazuchi Shrine (Ise Province)
[OK] Ikenimasu-asagirikihatahime Shrine
[OK] Iketano Shrine
[OK] Iki Shrine
[OK] Iki Shrine (Echizen Province)
[OK] Ikino Shrine
[OK] Ikoma Shrine
[OK] Ikomayamaguchi Shrine
[OK] Ikukunino Shrine
[OK] Ikune Shrine
[OK] Ikureno Shrine
[OK] Ikuta Shrine
[OK] Ima Shrine
[OK] Ime Shrine & Hachimangu
[OK] Imuheno Shrine
[OK] Imuheno Shrine (Awa Province (Tokushima))
[OK] Inaba Shrine
[OK] Inabe Shrine
[OK] Inabu Shrine
[OK] Inada Shrine
[OK] Inafuno Shrine
[OK] Inahano Shrine
[OK] Inakami Shrine
[OK] Inakami Shrine (Izu Province)
[OK] Inamiyano- Shrine
[OK] Inamura Shrine
[OK] Inamurano Shrine
[OK] Inane Shrine
[OK] Inari Shrine
[OK] Inashimo Shrine
[OK] Inashimono Shrine
[OK] Inashironimasu Shrine
[OK] Inashirono Shrine
[OK] Inatsuhiko Shrine
[OK] Inazume Shrine
[OK] Inbe Shrine
[OK] Inbe Shrine (Awa Province (Tokushima))
[OK] Inbe- Shrine
[OK] Inoda Shrine
[OK] Inoda Shrine (Iga Province)
[OK] Inohatano Shrine
[OK] Inoue Hachiman Shrine
[OK] Inoue Hachiman Shrine (Awa Province (Tokushima))
[OK] Io Shrine
[OK] Ironouheno Shrine
[OK] Irō Shrine
[OK] Isagawa Awa Shrine
[OK] Isagu Shrine
[OK] Isanahikono Shrine
[OK] Isanahikono Shrine (Echizen Province)
[OK] Isanakino Shrine
[OK] Isanakino Shrine (Ise Province)
[OK] Isanamino Shrine
[OK] Isawano Shrine
[OK] Ise Amaterasu Mioya Shrine
[OK] Ise Mioya Shrine
[OK] Ise Shrine
[OK] Iseamaterasumioyano Shrine
[OK] Isekurumano Shrine
[OK] Isetaniwa Shrine
[OK] Isetano Shrine
[OK] Ishida Shrine
[OK] Ishidate Shrine
[OK] Ishifu Shrine
[OK] Ishigami Shrine
[OK] Ishii Shrine (Echigo Province)
[OK] Ishii Shrine (Echigo Province) (Echigo Province)
[OK] Ishii Shrine (Hōjō, Kashiwazaki)
[OK] Ishii Shrine (Mishima District)
[OK] Ishii Shrine (Nagaoka)
[OK] Ishii Shrine (Nishihonmachi, Kashiwazaki)
[OK] Ishii Shrine (Nishiyama, Kashiwazaki)
[OK] Ishii Shrine (Santō district)
[OK] Ishino Shrine
[OK] Ishino Shrine (Ise Province)
[OK] Ishitokutaka Shrine (Mamezuka Shrine)
[OK] Ishiwino Shrine
[OK] Ishizu Shrine
[OK] Ishizumi Shrine
[OK] Iso Shrine
[OK] Isobe inamura Shrine
[OK] Isoheno Shrine
[OK] Isoheno Shrine (Echizen Province)
[OK] Isoheno Shrine (Etchū Province)
[OK] Isoheno Shrine (Harima Province)
[OK] Isoheno Shrine (Ise Province)
[OK] Isokimi Shrine
[OK] Isokimi Shrine (Echigo Province)
[OK] Isonokami Jingū
[OK] Isonokamifutsumitama Shrine
[OK] Isonokamino Shrine
[OK] Isonono Shrine
[OK] Isononosakino Shrine
[OK] Isousatsu Shrine
[OK] Isozaki Shrine
[OK] Ita Shrine
[OK] Itakeru Shrine
[OK] Itatano Shrine
[OK] Itawi Shrine
[OK] Itosakino Shrine
[OK] Itowino Shrine
[OK] Itsumino Shrine
[OK] Itsumotakewono Shrine
[OK] Itsunahimeno Shrine
[OK] Iwafune Shrine
[OK] Iwafune Shrine (Echigo Province)
[OK] Iwai Onsen
[OK] Iwaida Shrine
[OK] Iwaida Shrine (Harima Province)
[OK] Iwakura Shrine (within Sasoza Shrine precinct)
[OK] Iwano Shrine
[OK] Iwashitsuno Shrine
[OK] Iwatani‑mon Shrine
[OK] Iwatowakeyakurahimeno Shrine
[OK] Iwatowakeyakurahimeno Shrine (Awa Province (Tokushima))
[OK] Iwatsuhime Shrine
[OK] Iwatsuhimeno Shrine
[OK] Iwaya Shrine
[OK] Iwoumino Shrine
[OK] Iyahikono Shrine
[OK] Iyamano Shrine
[OK] Iyono Shrine
[OK] Iyotsubikoinochi Shrine
[OK] Iyotsuhikono- Shrine
[OK] Izanagi Jingū
[OK] Izanagi Shrine
[OK] Izanagi Shrine (Kanmaki)
[OK] Izanagi-no-Miya
[OK] Izanami Shrine
[OK] Izanami Shrine (Awa Province (Tokushima))
[OK] Izanami Shrine, Mima
[OK] Izanami-no-Miya
[OK] Izumi Shrine (Hitachi Province)
[OK] Izumianashi Shrine
[OK] Izumo-no-winoheno Shrine
[OK] Izumotakanono Shrine
[OK] Izumowokano Shrine
[OK] Izusan Shrine (protector of the eight provinces)
[OK] Jogu Shrine
[OK] Jouguuko Shrine
[OK] Jufu Shrine
[OK] Junisho Shrine
[OK] Junisho Shrine (Awa Province (Tokushima))
[OK] Kaba Hachiman Shrine
[OK] Kabatakamo Shrine
[OK] Kachimino Shrine
[OK] Kaden Shrine
[OK] Kaehime Shrine
[OK] Kaehimeno Shrine
[OK] Kafu Shrine
[OK] Kafu Shrine (Ise Province)
[OK] Kafuno Shrine
[OK] Kagamitsukuri Nimasu Amateru Mitama Shrine
[OK] Kagamitsukurimake Shrine
[OK] Kaguraokahachimanguu
[OK] Kaguraokahachimanguu (Iwami Province)
[OK] Kahaahino Shrine
[OK] Kahaahino Shrine (Echigo Province)
[OK] Kahaahino Shrine (Ise Province)
[OK] Kahahino Shrine
[OK] Kahakamikashihono Shrine
[OK] Kahakamino Shrine
[OK] Kahamatano Shrine
[OK] Kahamatano Shrine (Ise Province)
[OK] Kahano Shrine
[OK] Kaharano- Shrine
[OK] Kaharano- Shrine (Ise Province)
[OK] Kahata Kamo Shrine
[OK] Kahawinotsuki Shrine
[OK] Kahiruno Shrine
[OK] Kahiruno Shrine (Echizen Province)
[OK] Kahirutanokuchino Shrine
[OK] Kahisaya Shrine
[OK] Kakamitsukuriitano Shrine
[OK] Kakitano Shrine
[OK] Kakitano Shrine (Harima Province)
[OK] Kakitano Shrine (Izumi Province)
[OK] Kakumino Shrine
[OK] Kakumiya Shrine
[OK] Kamaharano Shrine
[OK] Kamazoku‑Miden Shrine
[OK] Kambara Shrine
[OK] Kamejima Shrine (reference)
[OK] Kameyama Shrine (Ise Province)
[OK] Kamigaki Shrine
[OK] Kamimateinochi Shrine
[OK] Kamimura Shrine (former site)
[OK] Kamineno Shrine
[OK] Kamino- Shrine
[OK] Kamisawa Shrine
[OK] Kamishima Shrine
[OK] Kamishima Shrine (Bitchū Province)
[OK] Kamishimano Shrine
[OK] Kamisumuji Shrine
[OK] Kamiyama Shrine
[OK] Kamo Shrine
[OK] Kamo Shrine (Awaji Province)
[OK] Kamo Shrine (Echizen Province 2)
[OK] Kamo Shrine (Echizen Province)
[OK] Kamo Shrine (Etchū Province)
[OK] Kamo Shrine (Iwami Province)
[OK] Kamo Yamaguchi Shrine
[OK] Kamogami Shrine
[OK] Kamogami Shrine (Awa Province (Tokushima))
[OK] Kamonaraita Shrine
[OK] Kamono Shrine
[OK] Kamono Shrine (Awa Province (Tokushima))
[OK] Kamono Shrine (Bizen Province 2)
[OK] Kamono Shrine (Bizen Province 3)
[OK] Kamono Shrine (Bizen Province)
[OK] Kamono Shrine (Ise Province)
[OK] Kamono Shrine (Izu Province)
[OK] Kamonohanino Shrine
[OK] Kamonokahāhini Shrine
[OK] Kamonookaminomikokaminushitama Shrine
[OK] Kamotakatano Shrine
[OK] Kamowokamotono Shrine
[OK] Kamoyamaguchino Shrine
[OK] Kamubeno Shrine
[OK] Kamuhano Shrine
[OK] Kamuharano- Shrine
[OK] Kamuhatano Shrine
[OK] Kamukakino Shrine
[OK] Kamurono Shrine
[OK] Kamusakino Shrine
[OK] Kamusakino Shrine (Ise Province)
[OK] Kamusohino Shrine
[OK] Kamusohino Shrine (Echizen Province)
[OK] Kamutano Shrine
[OK] Kamutano Shrine (Iwami Province)
[OK] Kamutono Shrine
[OK] Kanamurano Shrine
[OK] Kanayamahikono Shrine
[OK] Kanayamahimeno Shrine
[OK] Kanbara Shrine (Echigo Province)
[OK] Kandate Iino Takaichi Shrine
[OK] Kandate Iino Takaichi Shrine Co-Enshrinement
[OK] Kandate Shrine
[OK] Kando Shrine
[OK] Kanhatorihatadono Shrine
[OK] Kanko Shrine
[OK] Kankosahino Shrine
[OK] Kannabi Shrine (Fuchu city, Hiroshima)
[OK] Kannahino Shrine
[OK] Kansha Shrine
[OK] Kanwokano Shrine
[OK] Karahino Shrine
[OK] Karakawa Shrine
[OK] Karasu Shrine
[OK] Karita Shrine
[OK] Karukomuranimasu Shrine
[OK] Karuno Shrine
[OK] Kasahayano Shrine
[OK] Kasahayano Shrine (Echizen Province)
[OK] Kasamano Shrine
[OK] Kasechino Shrine
[OK] Kashihahimeno Shrine
[OK] Kashima Shrine
[OK] Kashima Shrine (Etchū Province)
[OK] Kashima Shrine (Hitachi Province)
[OK] Kashinashino Shrine
[OK] Kasuga Shrine
[OK] Kasuga Shrine (Echizen Province 2)
[OK] Kasuga Shrine (Echizen Province 3)
[OK] Kasuga Shrine (Echizen Province 4)
[OK] Kasuga Shrine (Echizen Province 5)
[OK] Kasuga Shrine (Echizen Province)
[OK] Kasuga Shrine (Harima Province)
[OK] Kasuga- Shrine
[OK] Kasukaheno-Mikono Shrine
[OK] Kasuyano Shrine
[OK] Katagishi Shrine
[OK] Katagishi Shrine (Echizen Province)
[OK] Katakishino Shrine
[OK] Kataoka Shrine
[OK] Kataoka Shrine (Ise Province)
[OK] Katashiba Shrine
[OK] Katashihano Shrine
[OK] Katasuge Shrine
[OK] Katasuge Shrine (Izu Province)
[OK] Katasukano- Shrine
[OK] Katata Shrine
[OK] Katayamanomikono Shrine
[OK] Katono- Shrine
[OK] Katsugumi Shrine
[OK] Katsuragi Futakami Shrine
[OK] Katsuragi Hitokotonushi Shrine
[OK] Katsuragi-shitori-niimasuameno-hatsuchino-mikoto Shrine
[OK] Katsuragimiagatano Shrine
[OK] Katsuraki ni Imasu Honoikaduchi Shrine
[OK] Katsurano Shrine
[OK] Katsurano- Shrine
[OK] Kawabe Shrine
[OK] Kawabe Shrine (Ise Province)
[OK] Kawachi Kunitama Shrine
[OK] Kawachi Shrine
[OK] Kawachi Shrine (Echigo Province)
[OK] Kawai Shrine
[OK] Kawakami Shrine
[OK] Kawakami Shrine (Awaji Province)
[OK] Kawakami Shrine (Awaji Province) (Awaji Province)
[OK] Kawakami Shrine (Tsuna district)
[OK] Kawamata Shrine
[OK] Kawamata Shrine (Ise Province)
[OK] Kawara Shrine (Buzen Province)
[OK] Kawara Shrine (Ise Province)
[OK] Kawarano Shrine
[OK] Kawazoe Shrine
[OK] Kayanarumino Shrine
[OK] Kazahaya Shrine
[OK] Kazunasaitomiso Shrine
[OK] Kehi Shrine
[OK] Ken Shrine
[OK] Ken Shrine (Awa Province (Tokushima))
[OK] Ketanino Shrine
[OK] Ketaniya Kokuryū Shrine
[OK] Ketsuwakino Shrine
[OK] Kibe Shrine (Harue Town, Sakai City)
[OK] Kibe Shrine (Sakai Town, Sakai City)
[OK] Kibitsu Shrine Keidai-sha
[OK] Kifune Shrine (Hida Province)
[OK] Kiheno Shrine
[OK] Kikamino Shrine
[OK] Kineno Shrine
[OK] Kineno Shrine (Iga Province)
[OK] Kinomiya Shrine (Izu Province)
[OK] Kinpu Shrine
[OK] Kinpu Shrine (Echigo Province)
[OK] Kirihara Ishibe Shrine (Teradomari)
[OK] Kirihara Isobe Shrine (Kamigiri)
[OK] Kiriharaishibe Shrine
[OK] Kiriharaishibe Shrine (Echigo Province)
[OK] Kiriharano Shrine
[OK] Kirishima Higashi Shrine
[OK] Kirishimamine Shrine
[OK] Kirishimano Shrine
[OK] Kirutano Shrine
[OK] Kisaki Shrine
[OK] Kishikahano Shrine
[OK] Kishikawa Shrine
[OK] Kishino Shrine
[OK] Kishino Shrine (Ise Province)
[OK] Kita Shrine
[OK] Kitashita Shrine
[OK] Kitsune Mound (Ōta, Ueno Village)
[OK] Kiyonowihano Shrine
[OK] Kiyonowihano Shrine former site
[OK] Kogihara Shrine
[OK] Kogihara Shrine (Harima Province)
[OK] Koheno Shrine
[OK] Kojin Shrine
[OK] Kokubunji Hekireki Shrine
[OK] Kokubunjihekireki Shrine
[OK] Kokubunjihiyakurakuno Shrine
[OK] Kokuryu Shrine (Hakusan Shrine precincts)
[OK] Kokuzō Shrine
[OK] Komagataooshige Shrine
[OK] Komano Shrine
[OK] Konashino Shrine
[OK] Konawino Shrine
[OK] Konosumino Shrine
[OK] Konyu Shrine
[OK] Kosaka Shrine
[OK] Kosenoyama-ihakura- Shrine
[OK] Kosenoyamakuchino Shrine
[OK] Kosetsuhiko-no-Mikoto Shrine
[OK] Koshikino- Shrine
[OK] Kota Shrine (Niigata)
[OK] Kotoimi Shrine
[OK] Kotoimi Shrine (Ise Province)
[OK] Kotoimino Shrine
[OK] Kotoshironushi Shrine (Awa Province (Tokushima))
[OK] Kotoshironushino Shrine
[OK] Kou Shrine
[OK] Kouhou Shrine
[OK] Kousuna Shrine
[OK] Koyano- Shrine
[OK] Koyasu Shrine (Hitachi Province)
[OK] Kudo Shrine
[OK] Kuhanano Shrine
[OK] Kuharano Shrine
[OK] Kuhauchino Shrine
[OK] Kuhiwokano Shrine
[OK] Kukushimino Shrine
[OK] Kumano Shrine
[OK] Kumano Shrine (Awaji Province)
[OK] Kumano Shrine (Etchū Province)
[OK] Kumano Shrine (Etchū Province) (Etchū Province)
[OK] Kumano Shrine (Iki Island)
[OK] Kumano Shrine (Iwadono, Minamiizu Town)
[OK] Kumano Shrine (Kumanomichi, Fuchu Town)
[OK] Kumano Shrine (Miyabo, Toyama City)
[OK] Kumano Shrine (Nakama, Fuchu Town)
[OK] Kumano Shrine (Nei district)
[OK] Kumano Shrine (Tomosaka, Fuchu Town)
[OK] Kumeno Shrine
[OK] Kumetano Shrine
[OK] Kumomi Sengen Shrine (Ontake Sengen-gū)
[OK] Kunaka Shrine
[OK] Kunarino Shrine
[OK] Kunigami Shrine
[OK] Kunihashiramikoto Shrine
[OK] Kuniji Shrine
[OK] Kunijuu Shrine
[OK] Kunijuu Shrine (Echizen Province)
[OK] Kunikatanushino Shrine
[OK] Kuninaka Shrine
[OK] Kuninaka Shrine (Echizen Province)
[OK] Kuninakano Shrine
[OK] Kuninariohonono Shrine
[OK] Kunino Shrine
[OK] Kuninomi Shrine
[OK] Kuninomi Shrine (Legendary Site B, Tokorocho, Matsusaka)
[OK] Kuninomi Shrine Site (Legendary Site A)
[OK] Kunio Ōno Shrine
[OK] Kunio Ōno Shrine (Echizen Province)
[OK] Kunitakayorihikono Shrine
[OK] Kunitama Shrine
[OK] Kunitama Shrine (Izu Province)
[OK] Kunitsu Shrine
[OK] Kunitsu Shrine (Bizen Province)
[OK] Kunitsu Shrine (Iki Island)
[OK] Kunitsuhiko-no-Mikoto Shrine
[OK] Kunitsukami Shrine
[OK] Kunitsuno Shrine
[OK] Kurai Shrine
[OK] Kurawokino Shrine
[OK] Kureha-Anekurahime Shrine
[OK] Kuretsuhikono Shrine
[OK] Kuriharano Shrine
[OK] Kurohime Shrine (Sato‑miya, Takayanagi Town, Kashiwazaki City)
[OK] Kuroshima Shrine
[OK] Kurotano Shrine
[OK] Kurotatsu Shrine
[OK] Kurumano Shrine
[OK] Kusakano Shrine
[OK] Kusaoka Shrine
[OK] Kusaoka Shrine (Etchū Province)
[OK] Kusatsuohotoshino Shrine
[OK] Kushida Shrine (Ise Province)
[OK] Kushida Shrine (Matsusaka)
[OK] Kushida Shrine, Imizu
[OK] Kushiro-kokeka- Shrine
[OK] Kushirokahime Shrine
[OK] Kushitamanomikoto Shrine
[OK] Kushitano Shrine
[OK] Kushitatsukimotono Shrine
[OK] Kusumi Shrine
[OK] Kusumotono Shrine
[OK] Kususumino Shrine
[OK] Kutamano Shrine
[OK] Kutamino Shrine
[OK] Kutono Shrine
[OK] Kutsumino Shrine
[OK] Kutsumino Shrine (Echizen Province)
[OK] Kutsumino Shrine (Izu Province)
[OK] Kutsuokamino Shrine
[OK] Kuwato Shrine
[OK] Kuzumi Shrine
[OK] Kō Shrine (Hida Province)
[OK] Location Unknown
[OK] Mahatakino Shrine
[OK] Maide Shrine
[OK] Make Shrine
[OK] Make Shrine (Echizen Province)
[OK] Make Shrine (Nanjō District)
[OK] Make Shrine (Niū District)
[OK] Makeno Shrine
[OK] Makeno Shrine (Echizen Province)
[OK] Makimoto Shrine
[OK] Makimotono Shrine
[OK] Makimuku- Shrine
[OK] Makiwono Shrine
[OK] Makiyamano Shrine
[OK] Mamezuka Shrine
[OK] Mangu Shrine
[OK] Manguu Shrine
[OK] Mano- Shrine
[OK] Marokasa Shrine
[OK] Maruta Shrine (Kakizaki District)
[OK] Maruta Shrine (Nadachi District)
[OK] Masakino Shrine
[OK] Materafuno Shrine
[OK] Matono Shrine
[OK] Matotano Shrine
[OK] Matsuhama Inari Shrine
[OK] Matsuo Shrine
[OK] Matsuo Shrine (Echigo Province)
[OK] Matsusaka Shrine
[OK] Matsushita Shrine
[OK] Mefu Shrine
[OK] Meharano- Shrine
[OK] Meta Shrine
[OK] Michi Shrine
[OK] Michi Shrine (Etchū Province)
[OK] Michiheno Shrine
[OK] Michino Shrine
[OK] Michino Shrine (Himi City)
[OK] Michino Shrine (Imizu)
[OK] Michino Shrine (Takaoka City)
[OK] Mifune Shrine (Ise Province)
[OK] Miino Shrine
[OK] Mikata Shrine
[OK] Mikatatano Shrine
[OK] Mikatono Shrine
[OK] Miko- Shrine
[OK] Mikunino Shrine
[OK] Mikuri Shrine
[OK] Mikuri Shrine (Echigo Province)
[OK] Mikushi Shrine
[OK] Mimatsuhiko Shrine
[OK] Mimeno-amehirinohimeno- Shrine
[OK] Miminashi Yamaguchi Shrine
[OK] Mimitoshino Shrine
[OK] Mimitsune Shrine
[OK] Mimitsuneno Shrine
[OK] Mimorono Shrine
[OK] Mimukono Shrine
[OK] Mimutsune Shrine
[OK] Mimutsune Shrine (Ise Province)
[OK] Minagi Shrine
[OK] Minagi Shrine (Chikuzen Province)
[OK] Minagino Shrine
[OK] Minakuchino Shrine
[OK] Minakuchino Shrine (Awaji Province)
[OK] Minamihachimanguu
[OK] Minamikogami Shrine
[OK] Minamikono Shrine
[OK] Minamishikyuu
[OK] Minatono Shrine
[OK] Minefurino Shrine
[OK] Mino Agatanushi Shrine
[OK] Minoheno Shrine
[OK] Minokamino Shrine
[OK] Minowa Shrine
[OK] Minowa Shrine (Izu Province)
[OK] Minoyano Shrine
[OK] Minume Shrine
[OK] Mioyano Shrine
[OK] Misaka Shrine
[OK] Misakano Shrine
[OK] Misaki Shrine
[OK] Misaki Shrine (Echizen Province)
[OK] Misakiharanoiwatachinomikoto Shrine
[OK] Misakino Shrine
[OK] Misakitono Shrine
[OK] Miseno- Shrine
[OK] Mishima Ishibe Shrine (Nishiyama Town, Kashiwazaki City)
[OK] Mishima Isōbe Shrine (Hojo, Kashiwazaki City)
[OK] Mishima Shrine
[OK] Mishima Shrine (Aono, Minamiizu)
[OK] Mishima Shrine (Echigo Province)
[OK] Mishima Shrine (Iyo Province)
[OK] Mishima Shrine (Izu Province)
[OK] Mishima Shrine (Izu Province) (Izu Province)
[OK] Mishima Shrine (Minamiizu )
[OK] Mishima Shrine (Minamiizu)
[OK] Mishima Shrine (Minamiizu-chō Nijō)
[OK] Mishima Shrine (Nijo, Minamiizu Town)
[OK] Mishima Shrine (Shimoda)
[OK] Mishimakamono Shrine
[OK] Mishimanoisobeno Shrine
[OK] Mitaka Shrine
[OK] Mitami Shrine
[OK] Mitanino Shrine (Inaba Province)
[OK] Mitekurano Shrine
[OK] Mitekuranuno Shrine
[OK] Mitono Shrine
[OK] Mitori Shrine
[OK] Mitoshino Shrine
[OK] Mitsuhanomeno Shrine
[OK] Mitsukakino Shrine
[OK] Mitsukuweno Shrine
[OK] Mitsuno Shrine
[OK] Mitsuno Shrine (Iki Island)
[OK] Miwa Shrine
[OK] Miwa Shrine (Bitchū Province)
[OK] Miwa Shrine (Higashisue, Setouchi)
[OK] Miwanomikomimusuhime- Shrine
[OK] Miyake Shrine (Echigo Province 2)
[OK] Miyake Shrine (Echigo Province)
[OK] Miyake Shrine (Echigo Province) (Echigo Province)
[OK] Miyake Shrine (Ise Province)
[OK] Miyake Shrine (Koshi district)
[OK] Miyake Shrine (Matsubara)
[OK] Miyake Shrine (Muikaichi Town)
[OK] Miyake Shrine (Myoken Town)
[OK] Miyakeno Shrine
[OK] Miyakeno Shrine (Echigo Province)
[OK] Miyakeno Shrine (Ise Province)
[OK] Miyama Gozen Shrine
[OK] Miyasakinonarukamino Shrine
[OK] Miyaura Shrine (Harima Province)
[OK] Miyu Shrine
[OK] Mizokui Shrine
[OK] Mizushi Shrine
[OK] Mizushima Isobe Shrine (Aoyagiboganoike, Kiyosato District)
[OK] Mizushima Isobe Shrine (Itoigawa City)
[OK] Mizushima Isobe Shrine (Nashidaira, Kiyosato District)
[OK] Mizushimaisobe Shrine
[OK] Momoiyamano Shrine
[OK] Momoiyamano Shrine Former Site
[OK] Momokahano Shrine
[OK] Monoiminano- Shrine
[OK] Monoiminano- Shrine (Izu Province)
[OK] Mononobe Futsu Shrine Site
[OK] Mononobe Shrine
[OK] Mononobe Shrine (Echigo Province)
[OK] Mononobe Shrine (Iwami Province)
[OK] Mononoheno Shrine
[OK] Mononoheno Shrine (Echigo Province)
[OK] Mononoheno Shrine (Etchū Province)
[OK] Mononoheno Shrine (Harima Province)
[OK] Mononoheno Shrine (Ise Province)
[OK] Mononoheno Shrine Co-Enshrinement
[OK] Mononoheno- Shrine
[OK] Morimotono Shrine
[OK] Moriyama Hachiman Shrine
[OK] Morokuchi Shrine
[OK] Morokuchi Shrine (Izu Province)
[OK] Moruyamano Shrine
[OK] Moruyamano Shrine Co-EnShrinement
[OK] Moruyamano Shrine former site
[OK] Motomiya Shrine
[OK] Mukumotono Shrine
[OK] Munakatano Shrine
[OK] Munakatano Shrine (Bizen Province)
[OK] Munakatano Shrine (Hōki Province)
[OK] Muraya-ni-masu-Mifutsuhime Shrine
[OK] Murayama Shrine
[OK] Murayano Shrine
[OK] Mure Shrine
[OK] Mureno Shrine
[OK] Murofunoriuketsuno Shrine
[OK] Murohime Shrine
[OK] Murohime Shrine (Awa Province (Tokushima))
[OK] Murohimeno Shrine
[OK] Murokino Shrine
[OK] Musanimasu Shrine
[OK] Myoujin Shrine
[OK] Myouken Shrine
[OK] Nabekurano Shrine
[OK] Nagahama Shrine
[OK] Nagaoka Shrine
[OK] Nagaoka Shrine (Echizen Province)
[OK] Nagara Shrine
[OK] Nagase Shrine
[OK] Nagase Shrine (Echigo Province)
[OK] Nagase Shrine (Ise Province)
[OK] Nagase Shrine (Kamijo, Kamo)
[OK] Nagase Shrine (Miyayori, Kamo)
[OK] Nagata Shrine
[OK] Nago Shrine
[OK] Nagoya Shrine
[OK] Nahashirono Shrine
[OK] Nahonono Shrine
[OK] Naka Shrine
[OK] Naka Shrine (Ise Province)
[OK] Naka Shrine (Izu Province)
[OK] Naka Shrine (Matsuzaki)
[OK] Nakakurano Shrine
[OK] Nakamiya Shrine
[OK] Nakamurano Shrine
[OK] Nakano Shrine
[OK] Nakanono Shrine
[OK] Nakaohotoshino Shrine
[OK] Nakarano Shrine
[OK] Nakaretano Shrine
[OK] Nakaretanouheno Shrine
[OK] Nakase Shrine
[OK] Nakaseno Shrine
[OK] Nakaseno Shrine (Echigo Province)
[OK] Nakaseno Shrine (Ise Province)
[OK] Nakatomi Itate Shrine
[OK] Nakatomiitateno Shrine
[OK] Nakatomino Shrine
[OK] Nakatomisumuchino Shrine
[OK] Nakatomitakatakeno Shrine
[OK] Nakatono Shrine
[OK] Nakatsu Shrine (Iki Island)
[OK] Nakauchi Shrine
[OK] Nakawokano Shrine
[OK] Nakawokano Shrine (Echizen Province)
[OK] Nakawokano Shrine (Etchū Province)
[OK] Nakayama Shrine (Echigo Province)
[OK] Nakayama Shrine (Echigo Province) (Echigo Province)
[OK] Nakayama Shrine (Gosen)
[OK] Nakayama Shrine (Sanjo)
[OK] Nakayamano Shrine
[OK] Nakichi- Shrine
[OK] Nakoshinoyamano Shrine
[OK] Nakoshiyama Shrine
[OK] Nakoshiyama Shrine (Awa Province (Chiba))
[OK] Nakoshiyama Shrine (Awa Province)
[OK] Nakushirino Shrine
[OK] Nakushirino Shrine Site
[OK] Nanako‑no‑miya Shrine (within Kisaki Shrine precincts)
[OK] Nanamino Shrine
[OK] Nanko Shrine
[OK] Nanko Shrine (Mikojima)
[OK] Naoe Hachiman Shrine
[OK] Naraharano Shrine
[OK] Naruikatsuchino Shrine
[OK] Natsukino Shrine
[OK] Nawino Shrine
[OK] Nekura Shrine Site
[OK] Nifuno Shrine
[OK] Nifuno Shrine (Echizen Province)
[OK] Nifunonakano Shrine
[OK] Nihehimeno Shrine
[OK] Nihehimeno Shrine (Iwami Province)
[OK] Niheihimegami Shrine
[OK] Niheihimegami Shrine (Iwami Province)
[OK] Nihikusohimeno- Shrine
[OK] Nihitsuhimeno Shrine
[OK] Nihitsukino Shrine
[OK] Nihiyano- Shrine
[OK] Niigaki Shrine
[OK] Nijino Shrine
[OK] Nijugohashira Shrine
[OK] Nijugohashira Shrine Co-Enshrinement
[OK] Nijugohashira Shrine Co-Enshrinement (Ise Province)
[OK] Ninomiya Shrine
[OK] Ninomiya Shrine (Bingo Province)
[OK] Ninomiya Shrine (Izu Province)
[OK] Ninomiya Shrine (Tsubota)
[OK] Nioji Shrine
[OK] Nioukogami Shrine
[OK] Nishihaji Shrine
[OK] Nishikanta Shrine
[OK] Nishinami Haguro Shrine
[OK] Nishinami Shrine
[OK] Nishinamino Shrine
[OK] Nishinaya Shrine
[OK] Nishinaya Shrine (Echigo Province)
[OK] Nishino Shrine (Harima Province)
[OK] Nishiteru Shrine
[OK] Nishiteru Shrine (Awa Province (Tokushima))
[OK] Nishitojoda Shrine
[OK] Nitsuno Shrine
[OK] Niu Shrine
[OK] Niukawakami Shrine
[OK] Niwata Shrine
[OK] Nobono Shrine Co-Enshrinement
[OK] Noharano Shrine
[OK] Nokuwa Shrine
[OK] Noma Shrine
[OK] Nomano Shrine
[OK] Nomatano Shrine
[OK] Nomatano Shrine Co-EnShrinement
[OK] Nomi Shrine
[OK] Nomoto Shrine
[OK] Nosaka Shrine (merged with Oda Shrine)
[OK] Nosakano Shrine
[OK] Noshirino Shrine
[OK] Nowino Shrine
[OK] Nukata Shrine
[OK] Nukata Shrine (Ise Province)
[OK] Nukatano Shrine
[OK] Nunagawa Shrine
[OK] Nunagawa Shrine (Ama-no Shrine precinct)
[OK] Nunagawa Shrine (Echigo Province)
[OK] Nunakahano Shrine
[OK] Nunakawa Shrine
[OK] Nunakawa Shrine (Echigo Province)
[OK] Nunakawa Shrine (Echigo Province) (Echigo Province)
[OK] Nunakuma Shrine
[OK] Nunotahimeno- Shrine
[OK] Nushiishino Shrine
[OK] Nutehikono Shrine
[OK] Nutehimeno Shrine
[OK] Nyuukawa Shrine (Uchi district)
[OK] Nō Hakusan Shrine
[OK] Oarai Isozaki Shrine
[OK] Oasa Shrine
[OK] Obuse Shrine
[OK] Ochikaha-no-Mikami-no Shrine
[OK] Oda Shrine
[OK] Oda Shrine (Echizen Province)
[OK] Oda Shrine (Ibaraki)
[OK] Oda Shrine (Isokami Shrine precincts)
[OK] Oda Shrine (within Tsurugi Shrine grounds)
[OK] Ogami Shrine, Kishiwada
[OK] Ogawa Shrine
[OK] Ogawa Shrine (Ise Province)
[OK] Ogawa Shrine (Tsubaki-Nakato Keidai-sha)
[OK] Ogawaizumisui Shrine
[OK] Ogiwara Shrine
[OK] Ohamano Shrine
[OK] Ohara Shrine
[OK] Ohara Shrine (Iwami Province)
[OK] Ohari Shrine
[OK] Ohiihikono- Shrine
[OK] Ohitano Shrine
[OK] Ohoasano Shrine
[OK] Ohoeno Shrine
[OK] Ohoharano Shrine
[OK] Ohoichino Shrine
[OK] Ohokahachino Shrine
[OK] Ohokano- Shrine
[OK] Ohokino Shrine
[OK] Ohokomano Shrine
[OK] Ohokuninushino Shrine
[OK] Ohokunitamahimeno Shrine
[OK] Ohokunitamano Shrine
[OK] Ohokura- Shrine
[OK] Ohokurano Shrine
[OK] Ohokurano Shrine (Echizen Province)
[OK] Ohokushino Shrine
[OK] Ohokutamano Shrine
[OK] Ohomano- Shrine
[OK] Ohominatono Shrine
[OK] Ohomisono Shrine
[OK] Ohomuwano Shrine
[OK] Ohomuwano Shrine (Echigo Province)
[OK] Ohomuwano Shrine (Inaba Province)
[OK] Ohomuwano Shrine Co-Enshrinement
[OK] Ohomuwanoshimosakino Shrine
[OK] Ohonokosono Shrine
[OK] Ohonomino- Shrine
[OK] Ohosakanoyamakuchi Shrine
[OK] Ohosakino Shrine
[OK] Ohosakino Shrine (Echigo Province)
[OK] Ohoshihano Shrine
[OK] Ohosukino Shrine
[OK] Ohotanino Shrine
[OK] Ohotarashihimeno- Shrine
[OK] Ohotorimihahino Shrine
[OK] Ohotorino Shrine
[OK] Ohotoriwiseno Shrine
[OK] Ohotoshino Shrine
[OK] Ohotoshino Shrine (Izumi Province)
[OK] Ohotsuno Shrine
[OK] Ohotsuno Shrine (Hida Province)
[OK] Ohotsunoyukino- Shrine
[OK] Ohowakeno Shrine
[OK] Ohowano Shrine
[OK] Ohowasamino- Shrine
[OK] Ohowino Shrine
[OK] Ohoyamamitano Shrine
[OK] Ohoyamatonokotoshironushino Shrine
[OK] Oi Shrine (Hitachi Province)
[OK] Oi Shrine (Inaba Province)
[OK] Oi Shrine (Ise Province)
[OK] Oichi Shrine
[OK] Oichi Shrine (Ise Province)
[OK] Oikurano Shrine
[OK] Oino Otsu Shrine
[OK] Ojiharina Mawakahime Shrine
[OK] Okabuto Shrine
[OK] Okada Kamo Shrine
[OK] Okada Shrine (Echizen Province)
[OK] Okada-no-ohatame Shrine
[OK] Okafuto Shrine
[OK] Okami Shrine
[OK] Okami Shrine (Echizen Province)
[OK] Okamino Shrine
[OK] Okamino Shrine (Bingo Province)
[OK] Okamino Shrine (Izumi Province)
[OK] Okanoue Shrine (Awa Province (Tokushima))
[OK] Okata Shrine
[OK] Okata Shrine (Echizen Province)
[OK] Oki Shrine
[OK] Oki shrine Yokkaichi
[OK] Okiheno Shrine
[OK] Okisomeno Shrine
[OK] Okunitama Shrine
[OK] Old Hase Shrine Monument
[OK] Omiashi Shrine
[OK] Omiya Shrine
[OK] Omiya Shrine (Izu Province)
[OK] Omura Shrine
[OK] Omushi Shrine (Echizen Province 2)
[OK] Omushi Shrine (Echizen Province)
[OK] Onga Shrine
[OK] Onga Shrine (Dewa Province)
[OK] Onga Shrine (Ioka)
[OK] Onga Shrine (Ongahara)
[OK] Onga Shrine (Sotonojima)
[OK] Onga Shrine (Tagawa district)
[OK] Onitano Shrine
[OK] Ono Shrine (Echigo Province)
[OK] Onokosono Shrine
[OK] Onokosono Shrine (Ise Province)
[OK] Onouto Shrine
[OK] Ooanamochino Shrine
[OK] Ooasa Shrine
[OK] Oohara Shrine
[OK] Oohara Shrine (Iwami Province)
[OK] Oohara Shrine (Ochi district)
[OK] Ooi Shrine (old site)
[OK] Ooichi Shrine
[OK] Ooichi Shrine (Ise Province)
[OK] Oomahiko Shrine
[OK] Oomatsuriamaihakatohikono Shrine
[OK] Oomotoukou Shrine
[OK] Oonimasumishiritsuhiko Shrine
[OK] Oono Shrine
[OK] Ooshikamiyake Shrine
[OK] Oota Shrine (Tasun Shrine)
[OK] Ootsu Shrine
[OK] Orihata Shrine
[OK] Orihata Shrine (Chikuzen Province)
[OK] Orikidono Shrine
[OK] Oritano Shrine
[OK] Oritano Shrine (Echizen Province)
[OK] Osake Shrine
[OK] Oshaku Shrine
[OK] Oshaku Shrine (Izu Province)
[OK] Oshaku Shrine (sessha)
[OK] Oshihoneno Shrine
[OK] Oshirono Shrine
[OK] Oshisaka Nimai Sukune Shrine
[OK] Oshisaka Yamaguchi Numasu Shrine
[OK] Oshiyamano Shrine
[OK] Otoshi Shrine
[OK] Otoshi Shrine (Iwami Province)
[OK] Otsu Shrine
[OK] Otsu Shrine (Ise Province)
[OK] Otsuka Shrine
[OK] Ouji Shrine
[OK] Oujiwatatsumi Shrine
[OK] Oyama Otsu Shrine
[OK] Oyama Shrine (Etchū Province)
[OK] Q136890168
[OK] Raiden Shrine (Ise Province)
[OK] Raiden-sha (sessha)
[OK] Remains of Amenotenagahime Shrine
[OK] Rikyū‑in Site
[OK] Ryou Shrine
[OK] Ryutengu Hata Shrine
[OK] Sabi Shrine
[OK] Sagano Shrine
[OK] Saguri Shrine
[OK] Sahahano Jigi Shrine (Nida Shrine)
[OK] Sahahano Jigi Shrine (Ōtsu Town)
[OK] Sahahano Shrine
[OK] Sahime- Shrine
[OK] Sahime- Shrine (Iwami Province)
[OK] Sahimeyama Shrine
[OK] Sahimeyama Shrine (Iwami Province)
[OK] Saho Shrine (Harima Province)
[OK] Saho Shrine (Harima Province) (Harima Province)
[OK] Sai Shrine
[OK] Sakahino Shrine
[OK] Sakahino Shrine (Harima Province)
[OK] Sakai Shrine
[OK] Sakai Shrine (Ise Province)
[OK] Sakamoto Shrine
[OK] Sakamoto Shrine (Echigo Province)
[OK] Sakamoto Shrine (Miya, Minamiuonuma)
[OK] Sakamotono Shrine
[OK] Sakanawino Shrine
[OK] Sakanouheno Shrine
[OK] Sakarakano Shrine
[OK] Sakatohitokotono Shrine
[OK] Sakatohitokotono Shrine (Echizen Province)
[OK] Sakatono Shrine
[OK] Sakatono Shrine (Iga Province)
[OK] Sakatsurugi Shrine
[OK] Sakawino Shrine
[OK] Sakayano Shrine
[OK] Sakikurusuno Shrine co-EnShrinement
[OK] Sakino Shrine
[OK] Sakinosuno Shrine
[OK] Sakitamahimeno- Shrine
[OK] Sakura Shrine old site
[OK] Sakurama Shrine
[OK] Sakurama Shrine (Awa Province (Tokushima))
[OK] Sakuramino Shrine
[OK] Sakurano Shrine
[OK] Samatado Shrine
[OK] Samino- Shrine
[OK] Sami‑no‑Hyōzu Shrine
[OK] Sanai Shrine
[OK] Sanai Shrine (former sessha of Mishima Taisha)
[OK] Sanjin gousai-den, Ideha Shrine
[OK] Sanno Shrine (precinct shrine of Kehi Shrine)
[OK] Sannō Shrine (Awaji Province)
[OK] Sanofuno Shrine
[OK] Sanuki Shrine
[OK] Sarutahiko Shrine (Awa Province (Tokushima))
[OK] Sasa Shrine
[OK] Sasaharahime- Shrine
[OK] Sasakuno Shrine
[OK] Sasamushino Shrine
[OK] Sasamutano Shrine
[OK] Sashifutsuno Shrine
[OK] Sashinono Shrine
[OK] Sashinono Shrine (Ishioka City)
[OK] Sashinono Shrine (Kakioka, Ishioka City)
[OK] Sashinono Shrine (Kasama City)
[OK] Sashinou Shrine
[OK] Sashinou Shrine (Hitachi Province)
[OK] Sasuka Shrine
[OK] Sata Shrine
[OK] Sata Shrine (Echigo Province)
[OK] Sato Shrine (Hitachiota)
[OK] Sawa Shrine
[OK] Sawaragi Shrine
[OK] Sawokano Shrine
[OK] Sayamatsutsumino Shrine
[OK] Sayotsuhimeno Shrine
[OK] Seki Shrine
[OK] Sekimonbetsu Shrine
[OK] Sekiyama Shrine
[OK] Sekiyama Shrine (Jōetsu)
[OK] Sengen Shrine
[OK] Sengen Shrine (Ihakurano- Shrine)
[OK] Sengen Shrine (Shimoda)
[OK] Shibukawa Shrine
[OK] Shichikuno Shrine
[OK] Shifumi Shrine
[OK] Shifumino Shrine
[OK] Shifuya Shrine Site
[OK] Shihakakino Shrine
[OK] Shihakakino Shrine co-EnShrinement
[OK] Shihano Shrine
[OK] Shihisakino Shrine
[OK] Shihisakino Shrine (Echizen Province)
[OK] Shihonono- Shrine
[OK] Shiitori Shrine
[OK] Shiitori Shrine (Izu Province)
[OK] Shiitori Shrine Main Hall
[OK] Shikanuno Shrine
[OK] Shikiakatanushino Shrine
[OK] Shikinagayoshi Shrine
[OK] Shikino Shrine
[OK] Shikishima Shrine
[OK] Shikishima Shrine (Awa Province (Tokushima))
[OK] Shikiyama Shrine (Echizen)
[OK] Shikiyama Shrine (Sabae)
[OK] Shikiyamano Shrine
[OK] Shimada Shrine
[OK] Shimihaamaihakatsuno- Shrine
[OK] Shimizu Shrine
[OK] Shimizu Shrine (Ise Province)
[OK] Shimobeno Shrine
[OK] Shimotate Matsubara Shrine
[OK] Shinaga Shrine
[OK] Shinmei Shrine
[OK] Shinmei Shrine (Echizen Province 2)
[OK] Shinmei Shrine (Echizen Province)
[OK] Shinmei Shrine (Izu Province)
[OK] Shinmei Shrine (Shinmei Hachiman Shrine)
[OK] Shinmei Shrine (subsidiary shrine within the precincts of Hakusan Shrine)
[OK] Shinmei-gū
[OK] Shinmei-sha
[OK] Shinmei-sha (Dewa Province)
[OK] Shinmei-sha (Echigo Province)
[OK] Shinmei-sha (Echizen Province)
[OK] Shinobugaoka Shrine
[OK] Shinokura Shrine
[OK] Shinokura Shrine (Echizen Province)
[OK] Shinra Shrine (Echizen Province)
[OK] Shinroki-hiko Shrine
[OK] Shintsuyutakahiko Shrine
[OK] Shioyuhiko Shrine
[OK] Shira Falls
[OK] Shiragi Shrine
[OK] Shirakino Shrine
[OK] Shirakunino Shrine
[OK] Shirasahachiman Shrine
[OK] Shiratori Shrine (Toyama)
[OK] Shiratsutsumino Shrine
[OK] Shiritakino Shrine
[OK] Shiritaogi Shrine
[OK] Shirokihikono Shrine
[OK] Shitawi Shrine
[OK] Shiteno Shrine
[OK] Shitono Shrine
[OK] Shitorino Shrine
[OK] Shitsumino Shrine
[OK] Shizu Shrine (Izu Province)
[OK] Shizuki Shrine
[OK] Shizuma Shrine
[OK] Sho Hachiman Shrine
[OK] Shonai Shrine
[OK] Shouhachihatamiya
[OK] Shoutanjou Shrine
[OK] Soegawa Shrine
[OK] Soegawa Shrine (Dewa Province)
[OK] Soganimasu Sogatsuhiko Shrine
[OK] Sohikahano Shrine
[OK] Sohikahano Shrine former site
[OK] Soja Shrine Keidai-sha
[OK] Sokawa Shrine
[OK] Sokubi Shrine
[OK] Sokukawa Shrine
[OK] Sokukawa Shrine (Etchū Province)
[OK] Soneno Shrine
[OK] Sorahiko Shrine
[OK] Sorahiko Shrine (Bingo Province)
[OK] Sorahikono Shrine
[OK] Soto Shrine
[OK] Suchiarakino Shrine
[OK] Suchino Shrine
[OK] Suearata Shrine
[OK] Sufuno Shrine
[OK] Sugata Shrine
[OK] Sugata Shrine (Harima Province)
[OK] Sugatahime Shrine
[OK] Sugawara Shrine (Echigo Province)
[OK] Sugawara Tenmangū
[OK] Sugihara Shrine (Etchū Province)
[OK] Sugihokowake no Mikoto Shrine
[OK] Sugio Shrine
[OK] Sugio Shrine (Awa Province (Tokushima) 2)
[OK] Sugio Shrine (Awa Province (Tokushima))
[OK] Sugio Shrine (Dewa Province)
[OK] Sugo Amatsu Shrine
[OK] Sugo Shrine
[OK] Sugō Shrine
[OK] Suhaasuki Shrine
[OK] Suhaasuki Shrine (Echizen Province)
[OK] Suhama Shrine (Daito, Osaka)
[OK] Suhano Shrine
[OK] Suhara Tai Shrine
[OK] Sukafuno Shrine
[OK] Sukano Shrine
[OK] Sukanonoamenotakarawakakono- Shrine
[OK] Sukatano Shrine
[OK] Sukihoko- Shrine
[OK] Sukihoko- Shrine (Izu Province)
[OK] Sukimorino- Shrine
[OK] Sukino Shrine
[OK] Sukukuno Shrine
[OK] Sukunakawata Shrine
[OK] Sumaromeno Shrine
[OK] Sumaromeno Shrine Co-Enshrinement
[OK] Sumaromeno Shrine former site
[OK] Sumaromeno Shrine former site (Ise Province)
[OK] Sumiyoshi Shrine (Harima Province)
[OK] Sumiyoshi Shrine (Harima Province) (Harima Province)
[OK] Sumuchisoneno Shrine
[OK] Sunomiya Shrine
[OK] Sunomiya Shrine (Awa Province (Chiba))
[OK] Susanoo Shrine (Bingo Province)
[OK] Susanowonono Shrine
[OK] Sutou Shrine
[OK] Suwa Atsugi Shrine
[OK] Suwa Atsugi Shrine (Echizen Province)
[OK] Suwa Shrine (Echizen Province)
[OK] Suwa Shrine (Izu Province)
[OK] Tachi Shrine
[OK] Tachibino Shrine
[OK] Tachinono Shrine
[OK] Tachinono Shrine (Ise Province)
[OK] Tada Shrine (Tabuto Shrine)
[OK] Tadouraza Shrine
[OK] Taga Shrine (Atami)
[OK] Tago Shrine
[OK] Tahatono Shrine
[OK] Tahikano Shrine
[OK] Taian Shrine
[OK] Taimasan Shrine
[OK] Taimayamaguchi Shrine
[OK] Taimayamakuchino Shrine
[OK] Tajihayahime Shrine
[OK] Taka- Shrine
[OK] Takabe Shrine
[OK] Takabe Shrine (Awa Province (Chiba))
[OK] Takabuku Taisha
[OK] Takahano Shrine
[OK] Takahashi Shrine
[OK] Takahikone Shrine
[OK] Takahokono Shrine
[OK] Takaichino Shrine
[OK] Takakamo Shrine
[OK] Takakoshi Shrine
[OK] Takakoshi Shrine (Awa Province (Tokushima))
[OK] Takama Shrine
[OK] Takamahiko Shrine
[OK] Takamakishino Shrine
[OK] Takamanoyamasatawono Shrine
[OK] Takamefu Shrine
[OK] Takami-Oya Shrine
[OK] Takamikura Shrine
[OK] Takamioyano Shrine
[OK] Takamiyano Shrine
[OK] Takamiyaohomorino Shrine
[OK] Takamorono Shrine
[OK] Takamukuno Shrine
[OK] Takamukuno Shrine (Echizen Province)
[OK] Takamukuno Shrine (Inaba Province)
[OK] Takanono Shrine
[OK] Takao Iwakura Shrine
[OK] Takao- Shrine
[OK] Takaoihakurano Shrine
[OK] Takaoka Sekino Shrine
[OK] Takaoka Sekino Shrine (Etchū Province)
[OK] Takaoka Shrine
[OK] Takaoka Shrine (Echizen Province)
[OK] Takaoka Shrine (subsidiary of Oshio Hachimangū)
[OK] Takaokami Shrine
[OK] Takaoshihime Shrine
[OK] Takase Shrine
[OK] Takase Shrine (Etchū Province)
[OK] Takaseno Shrine
[OK] Takashima Shrine
[OK] Takashima Shrine (Bizen Province)
[OK] Takashina Shrine
[OK] Takashino Shrine
[OK] Takata Shrine (Hida Province)
[OK] Takatakeno Shrine
[OK] Takatano Shrine
[OK] Takatsunono Shrine
[OK] Takawokano Shrine
[OK] Takawokano Shrine (Echizen Province)
[OK] Takawokano Shrine (Ise Province)
[OK] Takayaaheno Shrine
[OK] Takayano Shrine
[OK] Take Shrine (Ise Province)
[OK] Take- Shrine
[OK] Takeasa Shrine
[OK] Takechino Miagata Shrine
[OK] Takefutsu Nishinomiya Shrine
[OK] Takefutsu Shrine
[OK] Takefutsu Shrine (Awa Province (Tokushima) 2)
[OK] Takefutsu Shrine (Awa Province (Tokushima))
[OK] Takefutsuno Shrine
[OK] Takehime Shrine
[OK] Takehira Shrine
[OK] Takehiro Shrine
[OK] Takehiro Shrine (Awa Province (Tokushima))
[OK] Takeihakatsuno Shrine
[OK] Takeinatakisayafutsuno Shrine
[OK] Takeinatashisayafutsu Shrine
[OK] Takeishitsukino- Shrine
[OK] Takeishitsukino- Shrine (Izu Province)
[OK] Takekami Shrine
[OK] Takemikakano- Shrine
[OK] Takeno Shrine (Awa Province (Tokushima))
[OK] Takeo Shimokorihiko Shrine
[OK] Takeo Shimokorihiko Shrine Shimogu
[OK] Takeohoyotono Shrine
[OK] Takeokami Shrine
[OK] Takesasafueno Shrine
[OK] Takeshima Shrine
[OK] Taketano Shrine
[OK] Takewoshimokorihikono Shrine
[OK] Taki Shrine
[OK] Taki Shrine (Echigo Province 2)
[OK] Taki Shrine (Echigo Province)
[OK] Taki Shrine (Iwagasaki, Murakami)
[OK] Taki Shrine (Iyo Province)
[OK] Taki Shrine (Takane, Murakami)
[OK] Takihira Shrine, Takehira Shrine
[OK] Takinomotono Shrine
[OK] Takonouheno Shrine
[OK] Takuhi Reshi Shrine
[OK] Takyonoue Shrine
[OK] Tamanooya Shrine
[OK] Tamasasarahikono Shrine
[OK] Tamatsukuri Shrine (Izu Province)
[OK] Tamatsurano Shrine
[OK] Tameno Shrine
[OK] Tamorino Shrine
[OK] Tanaheno Shrine
[OK] Tanahi Shrine
[OK] Tanahi Shrine (Ise Province)
[OK] Tanakurahiko Shrine
[OK] Taneno Shrine
[OK] Tanino Shrine
[OK] Tanino Shrine (Agano)
[OK] Tanino Shrine (Niigata)
[OK] Taniya Shrine
[OK] Tarihirino Shrine
[OK] Tarihirino shrine former site
[OK] Tarumi Shrine
[OK] Tasun Shrine
[OK] Tata Shrine
[OK] Tata Shrine (Echigo Province)
[OK] Tatano Shrine
[OK] Tatano Shrine (Echigo Province)
[OK] Tatatakehorineno- Shrine
[OK] Tateiwa Shrine
[OK] Tateno Shrine
[OK] Tateno Shrine (Hitachi Province)
[OK] Tateno Shrine (Kuji district)
[OK] Tatenui Shrine (Gochu, Miura Village, Ibaraki Prefecture)
[OK] Tatsuchiurano- Shrine
[OK] Tatsumi Shrine Osaka
[OK] Tatsusaka Shrine
[OK] Tatsushima Meoyanomikoto Shrine
[OK] Tatsutahiko & Tatsutahimeno Shrine
[OK] Tawano Shrine
[OK] Tawino Shrine
[OK] Tawino Shrine (Ise Province)
[OK] Tayuhino Shrine
[OK] Tayuhino Shrine (Echizen Province)
[OK] Temino Shrine
[OK] Ten'ichi Shrine
[OK] Tenakahimeno Shrine
[OK] Tenchi Shrine
[OK] Tenjin-sha
[OK] Tenjin-sha (Awa Province (Tokushima))
[OK] Tenjin-sha (Bingo Province)
[OK] Tenjin-sha (Bitchū Province)
[OK] Tenjin-sha (Bizen Province)
[OK] Tenkoyasaka Shrine
[OK] Tenman Shrine
[OK] Tenman Shrine (reference)
[OK] Tenman Shrine (Takayama)
[OK] Tenmangū (Hitachi Province)
[OK] Tenmurakumo Shrine
[OK] Tenno-miya Tate Shrine
[OK] Tenno-miya Tate Shrine (Awa Province (Tokushima))
[OK] Terano- Shrine
[OK] Teranomikoto Shrine
[OK] Tobisawa Shrine
[OK] Tochiwino Shrine
[OK] Tofu Shrine
[OK] Tofuno Shrine
[OK] Tofuno Shrine (Echizen Province)
[OK] Toga Shrine (Izu Province)
[OK] Toi Shrine
[OK] Tokarino Shrine
[OK] Tomari Shrine
[OK] Tomi Shrine
[OK] Tomouchino Shrine
[OK] Tonano Shrine
[OK] Tono Shrine (Serikawa Town)
[OK] Tono Shrine (Yoitamachi Town)
[OK] Toriiteno Shrine
[OK] Torisakano Shrine
[OK] Tosakano Shrine
[OK] Toshita Shrine
[OK] Toshita Shrine (Ise Province)
[OK] Toshitano Shrine
[OK] Totorino Shrine
[OK] Totorinoyamatano Shrine
[OK] Tottori Shrine
[OK] Tottori Shrine (Ise Province)
[OK] Toyohime Shrine
[OK] Toyohime Shrine (Chikugo Province)
[OK] Toyohimeno Shrine
[OK] Toyohimeno- Shrine
[OK] Toyokuni Shrine (Awa Province (Tokushima))
[OK] Toyotamahime Shrine
[OK] Toyotamahime Shrine (Awa Province (Tokushima))
[OK] Tsubaki Grand Shrine
[OK] Tsubaki Shrine
[OK] Tsubaki Shrine (Iino Shrine goshi)
[OK] Tsubaki Ō Shrine Betsugu Tsubakigishi Shrine
[OK] Tsubakikishi Shrine
[OK] Tsuchi-no-Miya Shrine (sessha of Shinmei-sha)
[OK] Tsuchifutano Shrine
[OK] Tsuchinowano Shrine
[OK] Tsuda Shrine
[OK] Tsuda Shrine (Ise Province)
[OK] Tsufukumino Shrine
[OK] Tsufunomiakata- Shrine
[OK] Tsuhakichino- Shrine
[OK] Tsuhakikishino Shrine
[OK] Tsuhakino Shrine
[OK] Tsuhanamino Shrine
[OK] Tsuharano Shrine
[OK] Tsukanakino Shrine
[OK] Tsukenoyamakuchino Shrine
[OK] Tsukima Shrine
[OK] Tsukima Shrine (Izu Province)
[OK] Tsukisano Shrine
[OK] Tsukita Shrine (Aramachi, Sanjo)
[OK] Tsukita Shrine (Tsukioka, Sanjo)
[OK] Tsukitano Shrine
[OK] Tsukiwori Shrine
[OK] Tsukiyama Shrine
[OK] Tsukiyomi Aramitama Shrine
[OK] Tsukiyomi Shrine
[OK] Tsukiyomino Shrine
[OK] Tsukuyomi Shrine
[OK] Tsunakoshino Shrine
[OK] Tsunakoshino Shrine (Echizen Province)
[OK] Tsunemiya Shrine
[OK] Tsuno Shrine (Echigo Province)
[OK] Tsuno Shrine (Iki Island)
[OK] Tsunoheno Shrine
[OK] Tsunomiya Shrine
[OK] Tsunotsu Otoshi Shrine
[OK] Tsurugi Shrine (Echigo Province)
[OK] Tsurugi Shrine (Echizen Province 2)
[OK] Tsurugi Shrine (Echizen Province)
[OK] Tsurugi Shrine (Nyu District)
[OK] Tsurugi Shrine (Tsuruga City)
[OK] Tsurugiryuujin Shrine
[OK] Tsurugitachi Iwato Kowake No Mikoto Shrine
[OK] Tsurukano Shrine
[OK] Tsurukino Shrine
[OK] Tsurukinushino Shrine
[OK] Tsurumino Shrine
[OK] Tsuruyumishimano Shrine
[OK] Tsushimabeno Shrine
[OK] Tsutono Shrine
[OK] Tsutsumi Shrine
[OK] Tsutsumi Shrine (Bitchū Province)
[OK] Tsutsumine Shrine
[OK] Tōchi no Miagata Nimasu Shrine
[OK] Ubaihoumei Shrine
[OK] Uchi Shrine
[OK] Uchi Shrine (Yamato)
[OK] Uchikuwochikatano Shrine
[OK] Uchino Shrine
[OK] Uda Myojin Site (Saiku)
[OK] Uekurino Shrine
[OK] Ueno Shrine
[OK] Uga Shrine (Ise Province)
[OK] Ugusu Shrine
[OK] Uhano Shrine
[OK] Uheno Shrine
[OK] Uheno Shrine (Echizen Province)
[OK] Ukahano Shrine
[OK] Ukama Shrine
[OK] Ukama Shrine (Echizen Province 2)
[OK] Ukama Shrine (Echizen Province 3)
[OK] Ukama Shrine (Echizen Province 4)
[OK] Ukama Shrine (Echizen Province)
[OK] Ukamu Shrine
[OK] Ukawa Shrine (Miyaba Town, Kashiwazaki City)
[OK] Ukawa Shrine (Noda, Kashiwazaki City)
[OK] Ukawa Shrine (Shindo, Kashiwazaki City)
[OK] Ukawa Shrine (Yamamiya, Takayanagi Town, Kashiwazaki City)
[OK] Ukehi Shrine
[OK] Ukehi Shrine (Ise Province)
[OK] Ukehi Shrine (Otobe Village)
[OK] Ukou Shrine
[OK] Ukusono Shrine
[OK] Umaokanitta Shrine
[OK] Umasakahimeno Shrine
[OK] Umorihiko Shrine
[OK] Umorihiko Shrine (Awa Province (Tokushima))
[OK] Unaguhime Shrine
[OK] Unagushi Shrine
[OK] Unagushi Shrine (Echigo Province 2)
[OK] Unagushi Shrine (Echigo Province)
[OK] Unai Shrine
[OK] Unakami Mimitoshi Shrine
[OK] Unakami Mimitoshi Shrine (Ise Province)
[OK] Unakami Shrine
[OK] Unakushino Shrine
[OK] Unanenofushimino Shrine
[OK] Unatarinimasutakamihino Shrine
[OK] Unawino Shrine
[OK] Unebiyamaguchi Shrine
[OK] Unehino- Shrine
[OK] Uneotsutamoto Shrine
[OK] Unino Shrine
[OK] Unino Shrine (Ise Province)
[OK] Unioka Village Enshrinement Theory
[OK] Unisakurano Shrine
[OK] Unkanjiniimasunaramoto Shrine
[OK] Unoe Shrine
[OK] Unori Village Enshrinement Theory
[OK] Uomi Shrine (Kawashima, Matsusaka)
[OK] Uomi Shrine (Uomi, Matsusaka)
[OK] Uonomori Shrine
[OK] Uonuma Shrine (Echigo Province)
[OK] Uramori Shrine
[OK] Urufutsu Shrine
[OK] Urufutsuno Shrine
[OK] Urufutsuno Shrine former site
[OK] Urushiyama Shrine
[OK] Urushiyama Shrine (Echigo Province)
[OK] Usaka Shrine
[OK] Usakikamino Shrine
[OK] Ushihiko Shrine
[OK] Ushihiko Shrine (Awa Province (Tokushima) 2)
[OK] Ushihiko Shrine (Awa Province (Tokushima))
[OK] Ushinihano Shrine
[OK] Ushinihano Shrine former site
[OK] Ushiniwa Shrine
[OK] Usuki Hachiman Shrine
[OK] Utamikomarino Shrine
[OK] Utayorino- Shrine
[OK] Utsukano Shrine
[OK] Utsurahashino Shrine
[OK] Utsushitano Shrine
[OK] Wakae Kagami Shrine
[OK] Wakamiya (Izu Province)
[OK] Wakamiya Shrine (Izu Province)
[OK] Wakamiya Shrine (Minato, Minamiizu Town)
[OK] Wakasakurano Shrine
[OK] Wakayamatohimeno- Shrine
[OK] Wakeno Shrine
[OK] Wakinoni- Shrine
[OK] Wanasaifusono Shrine
[OK] Wanasaifusono Shrine (Awa Province (Tokushima))
[OK] Waninimasu Akasakahiko Shrine
[OK] Wanishimono Shrine
[OK] Warihimeno Shrine
[OK] Warihimeno Shrine former site
[OK] Warihimeno Shrine former site (Bingo Province)
[OK] Washisakino Shrine
[OK] Washisakino Shrine (Echizen Province)
[OK] Washizu Shrine
[OK] Watarino Shrine
[OK] Watatsumi Shrine
[OK] Watatsumitoyotamahimeno Shrine
[OK] Wemurano Shrine
[OK] Widono- Shrine
[OK] Wikuchi Shrine
[OK] Winaheno Shrine
[OK] Wishirino Shrine
[OK] Witano Shrine
[OK] Wochisomano Shrine
[OK] Wofuseno Shrine
[OK] Wohonamuchino Shrine
[OK] Wokahachino Shrine
[OK] Wokahano Shrine
[OK] Wokahano Shrine (Ise Province)
[OK] Wokamino Shrine
[OK] Wokamotono Shrine
[OK] Wokano Shrine
[OK] Wokano Shrine (Dewa Province)
[OK] Wokatano Shrine
[OK] Wokatanokuno Shrine
[OK] Wokiharano Shrine
[OK] Wokishino- Shrine
[OK] Wokosono Shrine
[OK] Womi- Shrine
[OK] Womino Shrine
[OK] Womiyano Shrine
[OK] Womonoimino Shrine
[OK] Womori- Shrine
[OK] Womushino Shrine
[OK] Wonifu Shrine
[OK] Wonino Shrine
[OK] Wono Shrine
[OK] Wonono Shrine
[OK] Wonono-azuwake- Shrine
[OK] Wosakino Shrine
[OK] Wosata- Shrine
[OK] Woshihakeno Shrine
[OK] Wotsuno Shrine
[OK] Woyamano Shrine
[OK] Woyamatano Shrine
[OK] Yabunami Shrine (Nanto)
[OK] Yabunami Shrine (Takaoka)
[OK] Yabunami Shrine (Tonami)
[OK] Yabuta Shrine
[OK] Yafukino Shrine
[OK] Yafutano Shrine
[OK] Yagi Shrine (Echigo Province 2)
[OK] Yagi Shrine (Echigo Province)
[OK] Yagi Shrine (Ise Province)
[OK] Yagino Shrine
[OK] Yagokorōoichihiko Shrine
[OK] Yahagi Shrine, Yao
[OK] Yahara Shrine
[OK] Yaharano Shrine
[OK] Yahashira Shrine
[OK] Yahashira Shrine (Abu)
[OK] Yahashira Shrine (Ise Province)
[OK] Yahashira Shrine (Yotsuhikida branch)
[OK] Yahashira Shrine (Yotsuhikida, Kanki‑ji precincts)
[OK] Yahirano Shrine
[OK] Yahoko Shrine
[OK] Yahoko Shrine (Awa Province (Tokushima))
[OK] Yahono Shrine
[OK] Yakifu- Shrine
[OK] Yamabe Shrine
[OK] Yamabe Shrine (Iwami Province)
[OK] Yamabe Yashirohime Shrine
[OK] Yamabe Yashirohime Shrine (Iwami Province)
[OK] Yamabeyatsushirohimemiko Shrine
[OK] Yamabeyatsushirohimemiko Shrine (Iwami Province)
[OK] Yamadai Shrine
[OK] Yamaheno Shrine
[OK] Yamahenomiakatano- Shrine
[OK] Yamakatahiko Shrine
[OK] Yamakatano Shrine
[OK] Yamakatano- Shrine
[OK] Yamanohenoyashirohime- Shrine
[OK] Yamanokami
[OK] Yamanowino Shrine
[OK] Yamato Onchi Shrine
[OK] Yamatoookuni- Shrine
[OK] Yamatoookuni- Shrine (Awa Province (Tokushima))
[OK] Yama‑no‑Kami Shrine (Teragaya, Nijō, Minamiizu Town, Shizuoka Prefecture)
[OK] Yanagihara Shrine
[OK] Yanakihara Shrine
[OK] Yanakihara Shrine (Izu Province)
[OK] Yanakiseno Shrine
[OK] Yao Shrine
[OK] Yasaka Shrine (Awa Province (Tokushima))
[OK] Yasaka Shrine (Echigo Province)
[OK] Yashiro Shrine
[OK] Yashirogi Shrine
[OK] Yasokono Shrine
[OK] Yasokono Shrine (Awa Province (Tokushima))
[OK] Yasotsuminokurano Shrine
[OK] Yasuno Shrine
[OK] Yasuno- Shrine
[OK] Yata ni Imasu Kushitamahiko Shrine
[OK] Yatagarasu Shrine
[OK] Yatsu Hachiman Shrine
[OK] Yatsuki- Shrine
[OK] Yohino Shrine
[OK] Yokokurano Shrine
[OK] Yokokurano Shrine (Echizen Province)
[OK] Yokomichino- Shrine
[OK] Yokota Shrine
[OK] Yokota Shrine (Awa Province (Tokushima))
[OK] Yokota Shrine (Bitchū Province)
[OK] Yokotano Shrine
[OK] Yokoyamano Shrine
[OK] Yokoyamano Shrine (Echizen Province)
[OK] Yono Shrine
[OK] Yoshida Shrine
[OK] Yoshino Mikumari Shrine
[OK] Yoshinonoyamakuchino Shrine
[OK] Yosunano Shrine
[OK] Yukeno Shrine
[OK] Yuranominatono Shrine
[OK] Yusen Shrine
[OK] Yuzen Shrine
[OK] Yuzusame Shrine
[OK] Yuzusame Shrine (Dewa Province)
[OK] Ō Shrine
[OK] Ō Shrine (Echigo Province)
[OK] Ō Shrine (Ise Province)
[OK] Ō Shrine (Itoigawa)
[OK] Ōasahiko Shrine
[OK] Ōasahiko Shrine (Awa Province (Tokushima))
[OK] Ōbe Shrine
[OK] Ōga Shrine
[OK] Ōgata Shrine
[OK] Ōji Shrine (Awa Province (Tokushima))
[OK] Ōmiwa Shrine
[OK] Ōmiya Shrine (Shiraiwa Ōasa Shrine)
[OK] Ōnamochi Shrine
[OK] Ōshio Hachimangu
[OK] Ōyosami Shrine

[DONE] Reset 2211/2211 pages
