[INFO] Logging in...
[INFO] Getting category members...
[INFO] Found 2216 pages total
[INFO] Processing 710 pages starting from R onwards
[INFO] Starting reset from letter R...
[OK] Raiden Shrine (Ise Province)
[OK] Raiden-sha (sessha)
[OK] Remains of Amenotenagahime Shrine
[OK] Rikyū‑in Site
[OK] Ryou Shrine
[OK] Ryutengu Hata Shrine
[OK] Sabi Shrine
[OK] Sagano Shrine
[OK] Saguri Shrine
[OK] Sahahano Jigi Shrine (Nida Shrine)
[OK] Sahahano Jigi Shrine (Ōtsu Town)
[OK] Sahahano Shrine
[OK] Sahime- Shrine
[OK] Sahime- Shrine (Iwami Province)
[OK] Sahimeyama Shrine
[OK] Sahimeyama Shrine (Iwami Province)
[OK] Saho Shrine (Harima Province)
[OK] Saho Shrine (Harima Province) (Harima Province)
[OK] Sai Shrine
[OK] Sakahino Shrine
[OK] Sakahino Shrine (Harima Province)
[OK] Sakai Shrine
[OK] Sakai Shrine (Ise Province)
[OK] Sakamoto Shrine
[OK] Sakamoto Shrine (Echigo Province)
[OK] Sakamoto Shrine (Miya, Minamiuonuma)
[OK] Sakamotono Shrine
[OK] Sakanawino Shrine
[OK] Sakanouheno Shrine
[OK] Sakarakano Shrine
[OK] Sakatohitokotono Shrine
[OK] Sakatohitokotono Shrine (Echizen Province)
[OK] Sakatono Shrine
[OK] Sakatono Shrine (Iga Province)
[OK] Sakatsurugi Shrine
[OK] Sakawino Shrine
[OK] Sakayano Shrine
[OK] Sakikurusuno Shrine co-EnShrinement
[OK] Sakino Shrine
[OK] Sakinosuno Shrine
[OK] Sakitamahimeno- Shrine
[OK] Sakura Shrine old site
[OK] Sakurama Shrine
[OK] Sakurama Shrine (Awa Province (Tokushima))
[OK] Sakuramino Shrine
[OK] Sakurano Shrine
[OK] Samatado Shrine
[OK] Samino- Shrine
[OK] Sami‑no‑Hyōzu Shrine
[OK] Sanai Shrine
[OK] Sanai Shrine (former sessha of Mishima Taisha)
[OK] Sanjin gousai-den, Ideha Shrine
[OK] Sanno Shrine (precinct shrine of Kehi Shrine)
[OK] Sannō Shrine (Awaji Province)
[OK] Sanofuno Shrine
[OK] Sanuki Shrine
[OK] Sarutahiko Shrine (Awa Province (Tokushima))
[OK] Sasa Shrine
[OK] Sasaharahime- Shrine
[OK] Sasakuno Shrine
[OK] Sasamushino Shrine
[OK] Sasamutano Shrine
[OK] Sashifutsuno Shrine
[OK] Sashinono Shrine
[OK] Sashinono Shrine (Ishioka City)
[OK] Sashinono Shrine (Kakioka, Ishioka City)
[OK] Sashinono Shrine (Kasama City)
[OK] Sashinou Shrine
[OK] Sashinou Shrine (Hitachi Province)
[OK] Sasuka Shrine
[OK] Sata Shrine
[OK] Sata Shrine (Echigo Province)
[OK] Sato Shrine (Hitachiota)
[OK] Sawa Shrine
[OK] Sawaragi Shrine
[OK] Sawokano Shrine
[OK] Sayamatsutsumino Shrine
[OK] Sayotsuhimeno Shrine
[OK] Seki Shrine
[OK] Sekimonbetsu Shrine
[OK] Sekiyama Shrine
[OK] Sekiyama Shrine (Jōetsu)
[OK] Sengen Shrine
[OK] Sengen Shrine (Ihakurano- Shrine)
[OK] Sengen Shrine (Shimoda)
[OK] Shibukawa Shrine
[OK] Shichikuno Shrine
[OK] Shifumi Shrine
[OK] Shifumino Shrine
[OK] Shifuya Shrine Site
[OK] Shihakakino Shrine
[OK] Shihakakino Shrine co-EnShrinement
[OK] Shihano Shrine
[OK] Shihisakino Shrine
[OK] Shihisakino Shrine (Echizen Province)
[OK] Shihonono- Shrine
[OK] Shiitori Shrine
[OK] Shiitori Shrine (Izu Province)
[OK] Shiitori Shrine Main Hall
[OK] Shikanuno Shrine
[OK] Shikiakatanushino Shrine
[OK] Shikinagayoshi Shrine
[OK] Shikino Shrine
[OK] Shikishima Shrine
[OK] Shikishima Shrine (Awa Province (Tokushima))
[OK] Shikiyama Shrine (Echizen)
[OK] Shikiyama Shrine (Sabae)
[OK] Shikiyamano Shrine
[OK] Shimada Shrine
[OK] Shimihaamaihakatsuno- Shrine
[OK] Shimizu Shrine
[OK] Shimizu Shrine (Ise Province)
[OK] Shimobeno Shrine
[OK] Shimotate Matsubara Shrine
[OK] Shinaga Shrine
[OK] Shinmei Shrine
[OK] Shinmei Shrine (Echizen Province 2)
[OK] Shinmei Shrine (Echizen Province)
[OK] Shinmei Shrine (Izu Province)
[OK] Shinmei Shrine (Shinmei Hachiman Shrine)
[OK] Shinmei Shrine (subsidiary shrine within the precincts of Hakusan Shrine)
[OK] Shinmei-gū
[OK] Shinmei-sha
[OK] Shinmei-sha (Dewa Province)
[OK] Shinmei-sha (Echigo Province)
[OK] Shinmei-sha (Echizen Province)
[OK] Shinobugaoka Shrine
[OK] Shinokura Shrine
[OK] Shinokura Shrine (Echizen Province)
[OK] Shinra Shrine (Echizen Province)
[OK] Shinroki-hiko Shrine
[OK] Shintsuyutakahiko Shrine
[OK] Shioyuhiko Shrine
[OK] Shira Falls
[OK] Shiragi Shrine
[OK] Shirakino Shrine
[OK] Shirakunino Shrine
[OK] Shirasahachiman Shrine
[OK] Shiratori Shrine (Toyama)
[OK] Shiratsutsumino Shrine
[OK] Shiritakino Shrine
[OK] Shiritaogi Shrine
[OK] Shirokihikono Shrine
[OK] Shitawi Shrine
[OK] Shiteno Shrine
[OK] Shitono Shrine
[OK] Shitorino Shrine
[OK] Shitsumino Shrine
[OK] Shizu Shrine (Izu Province)
[OK] Shizuki Shrine
[OK] Shizuma Shrine
[OK] Sho Hachiman Shrine
[OK] Shonai Shrine
[OK] Shouhachihatamiya
[OK] Shoutanjou Shrine
[OK] Soegawa Shrine
[OK] Soegawa Shrine (Dewa Province)
[OK] Soganimasu Sogatsuhiko Shrine
[OK] Sohikahano Shrine
[OK] Sohikahano Shrine former site
[OK] Soja Shrine Keidai-sha
[OK] Sokawa Shrine
[OK] Sokubi Shrine
[OK] Sokukawa Shrine
[OK] Sokukawa Shrine (Etchū Province)
[OK] Soneno Shrine
[OK] Sorahiko Shrine
[OK] Sorahiko Shrine (Bingo Province)
[OK] Sorahikono Shrine
[OK] Soto Shrine
[OK] Suchiarakino Shrine
[OK] Suchino Shrine
[OK] Suearata Shrine
[OK] Sufuno Shrine
[OK] Sugata Shrine
[OK] Sugata Shrine (Harima Province)
[OK] Sugatahime Shrine
[OK] Sugawara Shrine (Echigo Province)
[OK] Sugawara Tenmangū
[OK] Sugihara Shrine (Etchū Province)
[OK] Sugihokowake no Mikoto Shrine
[OK] Sugio Shrine
[OK] Sugio Shrine (Awa Province (Tokushima) 2)
[OK] Sugio Shrine (Awa Province (Tokushima))
[OK] Sugio Shrine (Dewa Province)
[OK] Sugo Amatsu Shrine
[OK] Sugo Shrine
[OK] Sugō Shrine
[OK] Suhaasuki Shrine
[OK] Suhaasuki Shrine (Echizen Province)
[OK] Suhama Shrine (Daito, Osaka)
[OK] Suhano Shrine
[OK] Suhara Tai Shrine
[OK] Sukafuno Shrine
[OK] Sukano Shrine
[OK] Sukanonoamenotakarawakakono- Shrine
[OK] Sukatano Shrine
[OK] Sukihoko- Shrine
[OK] Sukihoko- Shrine (Izu Province)
[OK] Sukimorino- Shrine
[OK] Sukino Shrine
[OK] Sukukuno Shrine
[OK] Sukunakawata Shrine
[OK] Sumaromeno Shrine
[OK] Sumaromeno Shrine Co-Enshrinement
[OK] Sumaromeno Shrine former site
[OK] Sumaromeno Shrine former site (Ise Province)
[OK] Sumiyoshi Shrine (Harima Province)
[OK] Sumiyoshi Shrine (Harima Province) (Harima Province)
[OK] Sumuchisoneno Shrine
[OK] Sunomiya Shrine
[OK] Sunomiya Shrine (Awa Province (Chiba))
[OK] Sunosaki Shrine
[OK] Susanoo Shrine (Bingo Province)
[OK] Susanowonono Shrine
[OK] Sutou Shrine
[OK] Suwa Atsugi Shrine
[OK] Suwa Atsugi Shrine (Echizen Province)
[OK] Suwa Shrine (Echizen Province)
[OK] Suwa Shrine (Izu Province)
[OK] Tachi Shrine
[OK] Tachibino Shrine
[OK] Tachinono Shrine
[OK] Tachinono Shrine (Ise Province)
[OK] Tada Shrine (Tabuto Shrine)
[OK] Tadouraza Shrine
[OK] Taga Shrine (Atami)
[OK] Tago Shrine
[OK] Tahatono Shrine
[OK] Tahikano Shrine
[OK] Taian Shrine
[OK] Taimasan Shrine
[OK] Taimayamaguchi Shrine
[OK] Taimayamakuchino Shrine
[OK] Tajihayahime Shrine
[OK] Taka- Shrine
[OK] Takabe Shrine
[OK] Takabe Shrine (Awa Province (Chiba))
[OK] Takabuku Taisha
[OK] Takahano Shrine
[OK] Takahashi Shrine
[OK] Takahikone Shrine
[OK] Takahokono Shrine
[OK] Takaichino Shrine
[OK] Takakamo Shrine
[OK] Takakoshi Shrine
[OK] Takakoshi Shrine (Awa Province (Tokushima))
[OK] Takama Shrine
[OK] Takamahiko Shrine
[OK] Takamakishino Shrine
[OK] Takamanoyamasatawono Shrine
[OK] Takamefu Shrine
[OK] Takami-Oya Shrine
[OK] Takamikura Shrine
[OK] Takamioyano Shrine
[OK] Takamiyano Shrine
[OK] Takamiyaohomorino Shrine
[OK] Takamorono Shrine
[OK] Takamukuno Shrine
[OK] Takamukuno Shrine (Echizen Province)
[OK] Takamukuno Shrine (Inaba Province)
[OK] Takanono Shrine
[OK] Takao Iwakura Shrine
[OK] Takao- Shrine
[OK] Takaoihakurano Shrine
[OK] Takaoka Sekino Shrine
[OK] Takaoka Sekino Shrine (Etchū Province)
[OK] Takaoka Shrine
[OK] Takaoka Shrine (Echizen Province)
[OK] Takaoka Shrine (subsidiary of Oshio Hachimangū)
[OK] Takaokami Shrine
[OK] Takaoshihime Shrine
[OK] Takase Shrine
[OK] Takase Shrine (Etchū Province)
[OK] Takaseno Shrine
[OK] Takashima Shrine
[OK] Takashima Shrine (Bizen Province)
[OK] Takashina Shrine
[OK] Takashino Shrine
[OK] Takata Shrine (Hida Province)
[OK] Takatakeno Shrine
[OK] Takatano Shrine
[OK] Takatsunono Shrine
[OK] Takawokano Shrine
[OK] Takawokano Shrine (Echizen Province)
[OK] Takawokano Shrine (Ise Province)
[OK] Takayaaheno Shrine
[OK] Takayano Shrine
[OK] Take Shrine (Aki Province)
[OK] Take Shrine (Ise Province)
[OK] Take- Shrine
[OK] Takeasa Shrine
[OK] Takechino Miagata Shrine
[OK] Takefutsu Nishinomiya Shrine
[OK] Takefutsu Shrine
[OK] Takefutsu Shrine (Awa Province (Tokushima) 2)
[OK] Takefutsu Shrine (Awa Province (Tokushima))
[OK] Takefutsuno Shrine
[OK] Takehime Shrine
[OK] Takehira Shrine
[OK] Takehiro Shrine
[OK] Takehiro Shrine (Awa Province (Tokushima))
[OK] Takeihakatsuno Shrine
[OK] Takeinatakisayafutsuno Shrine
[OK] Takeinatashisayafutsu Shrine
[OK] Takeishitsukino- Shrine
[OK] Takeishitsukino- Shrine (Izu Province)
[OK] Takekami Shrine
[OK] Takemikakano- Shrine
[OK] Takeno Shrine (Awa Province (Tokushima))
[OK] Takeo Shimokorihiko Shrine
[OK] Takeo Shimokorihiko Shrine Shimogu
[OK] Takeohoyotono Shrine
[OK] Takeokami Shrine
[OK] Takesasafueno Shrine
[OK] Takeshima Shrine
[OK] Taketano Shrine
[OK] Takewoshimokorihikono Shrine
[OK] Taki Shrine
[OK] Taki Shrine (Echigo Province 2)
[OK] Taki Shrine (Echigo Province)
[OK] Taki Shrine (Iwagasaki, Murakami)
[OK] Taki Shrine (Iyo Province)
[OK] Taki Shrine (Takane, Murakami)
[OK] Takihira Shrine, Takehira Shrine
[OK] Takinomotono Shrine
[OK] Takonouheno Shrine
[OK] Takuhi Reshi Shrine
[OK] Takyonoue Shrine
[OK] Tamanooya Shrine
[OK] Tamasasarahikono Shrine
[OK] Tamatsukuri Shrine (Izu Province)
[OK] Tamatsurano Shrine
[OK] Tameno Shrine
[OK] Tamorino Shrine
[OK] Tanaheno Shrine
[OK] Tanahi Shrine
[OK] Tanahi Shrine (Ise Province)
[OK] Tanakurahiko Shrine
[OK] Taneno Shrine
[OK] Tanino Shrine
[OK] Tanino Shrine (Agano)
[OK] Tanino Shrine (Niigata)
[OK] Taniya Shrine
[OK] Tarihirino Shrine
[OK] Tarihirino shrine former site
[OK] Tarumi Shrine
[OK] Tasun Shrine
[OK] Tata Shrine
[OK] Tata Shrine (Echigo Province)
[OK] Tatano Shrine
[OK] Tatano Shrine (Echigo Province)
[OK] Tatatakehorineno- Shrine
[OK] Tateiwa Shrine
[OK] Tateno Shrine
[OK] Tateno Shrine (Hitachi Province)
[OK] Tateno Shrine (Kuji district)
[OK] Tatenui Shrine (Gochu, Miura Village, Ibaraki Prefecture)
[OK] Tatsuchiurano- Shrine
[OK] Tatsumi Shrine Osaka
[OK] Tatsusaka Shrine
[OK] Tatsushima Meoyanomikoto Shrine
[OK] Tatsutahiko & Tatsutahimeno Shrine
[OK] Tawano Shrine
[OK] Tawino Shrine
[OK] Tawino Shrine (Ise Province)
[OK] Tayuhino Shrine
[OK] Tayuhino Shrine (Echizen Province)
[OK] Temino Shrine
[OK] Ten'ichi Shrine
[OK] Tenakahimeno Shrine
[OK] Tenchi Shrine
[OK] Tenjin-sha
[OK] Tenjin-sha (Awa Province (Tokushima))
[OK] Tenjin-sha (Bingo Province)
[OK] Tenjin-sha (Bitchū Province)
[OK] Tenjin-sha (Bizen Province)
[OK] Tenkoyasaka Shrine
[OK] Tenman Shrine
[OK] Tenman Shrine (reference)
[OK] Tenman Shrine (Takayama)
[OK] Tenmangū (Hitachi Province)
[OK] Tenmurakumo Shrine
[OK] Tenno-miya Tate Shrine
[OK] Tenno-miya Tate Shrine (Awa Province (Tokushima))
[OK] Terano- Shrine
[OK] Teranomikoto Shrine
[OK] Tobisawa Shrine
[OK] Tochiwino Shrine
[OK] Tofu Shrine
[OK] Tofuno Shrine
[OK] Tofuno Shrine (Echizen Province)
[OK] Toga Shrine (Izu Province)
[OK] Toi Shrine
[OK] Tokarino Shrine
[OK] Tomari Shrine
[OK] Tomi Shrine
[OK] Tomouchino Shrine
[OK] Tonano Shrine
[OK] Tono Shrine (Serikawa Town)
[OK] Tono Shrine (Yoitamachi Town)
[OK] Toriiteno Shrine
[OK] Torisakano Shrine
[OK] Tosakano Shrine
[OK] Toshita Shrine
[OK] Toshita Shrine (Ise Province)
[OK] Toshitano Shrine
[OK] Totorino Shrine
[OK] Totorinoyamatano Shrine
[OK] Tottori Shrine
[OK] Tottori Shrine (Ise Province)
[OK] Toyohime Shrine
[OK] Toyohime Shrine (Chikugo Province)
[OK] Toyohimeno Shrine
[OK] Toyohimeno- Shrine
[OK] Toyokuni Shrine (Awa Province (Tokushima))
[OK] Toyotamahime Shrine
[OK] Toyotamahime Shrine (Awa Province (Tokushima))
[OK] Tsubaki Grand Shrine
[OK] Tsubaki Shrine
[OK] Tsubaki Shrine (Iino Shrine goshi)
[OK] Tsubaki Ō Shrine Betsugu Tsubakigishi Shrine
[OK] Tsubakikishi Shrine
[OK] Tsuchi-no-Miya Shrine (sessha of Shinmei-sha)
[OK] Tsuchifutano Shrine
[OK] Tsuchinowano Shrine
[OK] Tsuda Shrine
[OK] Tsuda Shrine (Ise Province)
[OK] Tsufukumino Shrine
[OK] Tsufunomiakata- Shrine
[OK] Tsuhakichino- Shrine
[OK] Tsuhakikishino Shrine
[OK] Tsuhakino Shrine
[OK] Tsuhanamino Shrine
[OK] Tsuharano Shrine
[OK] Tsukanakino Shrine
[OK] Tsukenoyamakuchino Shrine
[OK] Tsukima Shrine
[OK] Tsukima Shrine (Izu Province)
[OK] Tsukisano Shrine
[OK] Tsukita Shrine (Aramachi, Sanjo)
[OK] Tsukita Shrine (Tsukioka, Sanjo)
[OK] Tsukitano Shrine
[OK] Tsukiwori Shrine
[OK] Tsukiyama Shrine
[OK] Tsukiyomi Aramitama Shrine
[OK] Tsukiyomi Shrine
[OK] Tsukiyomino Shrine
[OK] Tsukuyomi Shrine
[OK] Tsunakoshino Shrine
[OK] Tsunakoshino Shrine (Echizen Province)
[OK] Tsunemiya Shrine
[OK] Tsuno Shrine (Echigo Province)
[OK] Tsuno Shrine (Iki Island)
[OK] Tsunoheno Shrine
[ERROR] Tsunomiya Shrine: {'code': 'editconflict', 'info': 'Edit conflict.', '*': 'See https://shinto.miraheze.org/w/api.php for API usage. Subscribe to the mediawiki-api-announce mailing list at &lt;https://lists.wikimedia.org/postorius/lists/mediawiki-api-announce.lists.wikimedia.org/&gt; for notice of API deprecations and breaking changes.'}
[OK] Tsunotsu Otoshi Shrine
[OK] Tsurugi Shrine (Echigo Province)
[OK] Tsurugi Shrine (Echizen Province 2)
[OK] Tsurugi Shrine (Echizen Province)
[OK] Tsurugi Shrine (Nyu District)
[OK] Tsurugi Shrine (Tsuruga City)
[OK] Tsurugiryuujin Shrine
[OK] Tsurugitachi Iwato Kowake No Mikoto Shrine
[OK] Tsurukano Shrine
[OK] Tsurukino Shrine
[OK] Tsurukinushino Shrine
[OK] Tsurumino Shrine
[OK] Tsuruyumishimano Shrine
[OK] Tsushimabeno Shrine
[OK] Tsutono Shrine
[OK] Tsutsumi Shrine
[OK] Tsutsumi Shrine (Bitchū Province)
[OK] Tsutsumine Shrine
[OK] Tōchi no Miagata Nimasu Shrine
[OK] Ubaihoumei Shrine
[OK] Uchi Shrine
[OK] Uchi Shrine (Yamato)
[OK] Uchikuwochikatano Shrine
[OK] Uchino Shrine
[OK] Uda Myojin Site (Saiku)
[OK] Uekurino Shrine
[OK] Ueno Shrine
[OK] Uga Shrine (Ise Province)
[OK] Ugusu Shrine
[OK] Uhano Shrine
[OK] Uheno Shrine
[OK] Uheno Shrine (Echizen Province)
[OK] Ukahano Shrine
[OK] Ukama Shrine
[OK] Ukama Shrine (Echizen Province 2)
[OK] Ukama Shrine (Echizen Province 3)
[OK] Ukama Shrine (Echizen Province 4)
[OK] Ukama Shrine (Echizen Province)
[OK] Ukamu Shrine
[OK] Ukawa Shrine (Miyaba Town, Kashiwazaki City)
[OK] Ukawa Shrine (Noda, Kashiwazaki City)
[OK] Ukawa Shrine (Shindo, Kashiwazaki City)
[OK] Ukawa Shrine (Yamamiya, Takayanagi Town, Kashiwazaki City)
[OK] Ukehi Shrine
[OK] Ukehi Shrine (Ise Province)
[OK] Ukehi Shrine (Otobe Village)
[OK] Ukou Shrine
[OK] Ukusono Shrine
[OK] Umaokanitta Shrine
[OK] Umasakahimeno Shrine
[OK] Umorihiko Shrine
[OK] Umorihiko Shrine (Awa Province (Tokushima))
[OK] Unaguhime Shrine
[OK] Unagushi Shrine
[OK] Unagushi Shrine (Echigo Province 2)
[OK] Unagushi Shrine (Echigo Province)
[OK] Unai Shrine
[OK] Unakami Mimitoshi Shrine
[OK] Unakami Mimitoshi Shrine (Ise Province)
[OK] Unakami Shrine
[OK] Unakushino Shrine
[OK] Unanenofushimino Shrine
[OK] Unatarinimasutakamihino Shrine
[OK] Unawino Shrine
[OK] Unebiyamaguchi Shrine
[OK] Unehino- Shrine
[OK] Uneotsutamoto Shrine
[OK] Unino Shrine
[OK] Unino Shrine (Ise Province)
[OK] Unioka Village Enshrinement Theory
[OK] Unisakurano Shrine
[OK] Unkanjiniimasunaramoto Shrine
[OK] Unoe Shrine
[OK] Unori Village Enshrinement Theory
[OK] Uomi Shrine (Kawashima, Matsusaka)
[OK] Uomi Shrine (Uomi, Matsusaka)
[OK] Uonomori Shrine
[OK] Uonuma Shrine (Echigo Province)
[OK] Uramori Shrine
[OK] Urufutsu Shrine
[OK] Urufutsuno Shrine
[OK] Urufutsuno Shrine former site
[OK] Urushiyama Shrine
[OK] Urushiyama Shrine (Echigo Province)
[OK] Usaka Shrine
[OK] Usakikamino Shrine
[OK] Ushihiko Shrine
[OK] Ushihiko Shrine (Awa Province (Tokushima) 2)
[OK] Ushihiko Shrine (Awa Province (Tokushima))
[OK] Ushinihano Shrine
[OK] Ushinihano Shrine former site
[OK] Ushiniwa Shrine
[OK] Usuki Hachiman Shrine
[OK] Utamikomarino Shrine
[OK] Utayorino- Shrine
[OK] Utsukano Shrine
[OK] Utsurahashino Shrine
[OK] Utsushitano Shrine
[OK] Wakae Kagami Shrine
[OK] Wakamiya (Izu Province)
[OK] Wakamiya Shrine (Izu Province)
[OK] Wakamiya Shrine (Minato, Minamiizu Town)
[OK] Wakasakurano Shrine
[OK] Wakayamatohimeno- Shrine
[OK] Wakeno Shrine
[OK] Wakinoni- Shrine
[OK] Wanasaifusono Shrine
[OK] Wanasaifusono Shrine (Awa Province (Tokushima))
[OK] Waninimasu Akasakahiko Shrine
[OK] Wanishimono Shrine
[OK] Warihimeno Shrine
[OK] Warihimeno Shrine former site
[OK] Warihimeno Shrine former site (Bingo Province)
[OK] Washisakino Shrine
[OK] Washisakino Shrine (Echizen Province)
[OK] Washizu Shrine
[OK] Watarino Shrine
[OK] Watatsumi Shrine
[OK] Watatsumitoyotamahimeno Shrine
[OK] Wemurano Shrine
[OK] Widono- Shrine
[OK] Wikuchi Shrine
[OK] Winaheno Shrine
[OK] Wishirino Shrine
[OK] Witano Shrine
[OK] Wochisomano Shrine
[OK] Wofuseno Shrine
[OK] Wohonamuchino Shrine
[OK] Wokahachino Shrine
[OK] Wokahano Shrine
[OK] Wokahano Shrine (Ise Province)
[OK] Wokamino Shrine
[OK] Wokamotono Shrine
[OK] Wokano Shrine
[OK] Wokano Shrine (Dewa Province)
[OK] Wokatano Shrine
[OK] Wokatanokuno Shrine
[OK] Wokiharano Shrine
[OK] Wokishino- Shrine
[OK] Wokosono Shrine
[OK] Womi- Shrine
[OK] Womino Shrine
[OK] Womiyano Shrine
[OK] Womonoimino Shrine
[OK] Womori- Shrine
[OK] Womushino Shrine
[OK] Wonifu Shrine
[OK] Wonino Shrine
[OK] Wono Shrine
[OK] Wonono Shrine
[OK] Wonono-azuwake- Shrine
[OK] Wosakino Shrine
[OK] Wosata- Shrine
[OK] Woshihakeno Shrine
[OK] Wotsuno Shrine
[OK] Woyamano Shrine
[OK] Woyamatano Shrine
[OK] Yabunami Shrine (Nanto)
[OK] Yabunami Shrine (Takaoka)
[OK] Yabunami Shrine (Tonami)
[OK] Yabuta Shrine
[OK] Yafukino Shrine
[OK] Yafutano Shrine
[OK] Yagi Shrine (Echigo Province 2)
[OK] Yagi Shrine (Echigo Province)
[OK] Yagi Shrine (Ise Province)
[OK] Yagino Shrine
[OK] Yagokorōoichihiko Shrine
[OK] Yahagi Shrine, Yao
[OK] Yahara Shrine
[OK] Yaharano Shrine
[OK] Yahashira Shrine
[OK] Yahashira Shrine (Abu)
[OK] Yahashira Shrine (Ise Province)
[OK] Yahashira Shrine (Yotsuhikida branch)
[OK] Yahashira Shrine (Yotsuhikida, Kanki‑ji precincts)
[OK] Yahirano Shrine
[OK] Yahoko Shrine
[OK] Yahoko Shrine (Awa Province (Tokushima))
[OK] Yahono Shrine
[OK] Yakifu- Shrine
[OK] Yamabe Shrine
[OK] Yamabe Shrine (Iwami Province)
[OK] Yamabe Yashirohime Shrine
[OK] Yamabe Yashirohime Shrine (Iwami Province)
[OK] Yamabeyatsushirohimemiko Shrine
[OK] Yamabeyatsushirohimemiko Shrine (Iwami Province)
[OK] Yamadai Shrine
[OK] Yamaheno Shrine
[OK] Yamahenomiakatano- Shrine
[OK] Yamakatahiko Shrine
[OK] Yamakatano Shrine
[OK] Yamakatano- Shrine
[OK] Yamanohenoyashirohime- Shrine
[OK] Yamanokami
[OK] Yamanowino Shrine
[OK] Yamato Onchi Shrine
[OK] Yamatoookuni- Shrine
[OK] Yamatoookuni- Shrine (Awa Province (Tokushima))
[OK] Yama‑no‑Kami Shrine (Teragaya, Nijō, Minamiizu Town, Shizuoka Prefecture)
[OK] Yanagihara Shrine
[OK] Yanakihara Shrine
[OK] Yanakihara Shrine (Izu Province)
[OK] Yanakiseno Shrine
[OK] Yao Shrine
[OK] Yasaka Shrine (Awa Province (Tokushima))
[OK] Yasaka Shrine (Echigo Province)
[OK] Yashiro Shrine
[OK] Yashirogi Shrine
[OK] Yasokono Shrine
[OK] Yasokono Shrine (Awa Province (Tokushima))
[OK] Yasotsuminokurano Shrine
[OK] Yasuno Shrine
[OK] Yasuno- Shrine
[OK] Yata ni Imasu Kushitamahiko Shrine
[OK] Yatagarasu Shrine
[OK] Yatsu Hachiman Shrine
[OK] Yatsuki- Shrine
[OK] Yohino Shrine
[OK] Yokokurano Shrine
[OK] Yokokurano Shrine (Echizen Province)
[OK] Yokomichino- Shrine
[OK] Yokota Shrine
[OK] Yokota Shrine (Awa Province (Tokushima))
[OK] Yokota Shrine (Bitchū Province)
[OK] Yokotano Shrine
[OK] Yokoyamano Shrine
[OK] Yokoyamano Shrine (Echizen Province)
[OK] Yono Shrine
[OK] Yoshida Shrine
[OK] Yoshino Mikumari Shrine
[OK] Yoshinonoyamakuchino Shrine
[OK] Yosunano Shrine
[OK] Yukeno Shrine
[OK] Yuranominatono Shrine
[OK] Yusen Shrine
[OK] Yuzen Shrine
[OK] Yuzusame Shrine
[OK] Yuzusame Shrine (Dewa Province)
[OK] Ō Shrine
[OK] Ō Shrine (Echigo Province)
[OK] Ō Shrine (Ise Province)
[OK] Ō Shrine (Itoigawa)
[OK] Ōasahiko Shrine
[OK] Ōasahiko Shrine (Awa Province (Tokushima))
[OK] Ōbe Shrine
[OK] Ōga Shrine
[OK] Ōgata Shrine
[OK] Ōji Shrine (Awa Province (Tokushima))
[OK] Ōmiwa Shrine
[OK] Ōmiya Shrine (Shiraiwa Ōasa Shrine)
[OK] Ōnamochi Shrine
[OK] Ōshio Hachimangu
[OK] Ōyosami Shrine

[DONE] Reset 709/710 pages (starting from R)
