[INFO] Logging in...
[INFO] Getting category members...
[INFO] Found 2216 pages total
[INFO] Processing 235 pages starting from U onwards
[INFO] Starting reset from letter U...
[OK] Ubaihoumei Shrine
[OK] Uchi Shrine
[OK] Uchi Shrine (Yamato)
[OK] Uchikuwochikatano Shrine
[OK] Uchino Shrine
[OK] Uda Myojin Site (Saiku)
[OK] Uekurino Shrine
[OK] Ueno Shrine
[OK] Uga Shrine (Ise Province)
[OK] Ugusu Shrine
[OK] Uhano Shrine
[OK] Uheno Shrine
[OK] Uheno Shrine (Echizen Province)
[OK] Ukahano Shrine
[OK] Ukama Shrine
[OK] Ukama Shrine (Echizen Province 2)
[OK] Ukama Shrine (Echizen Province 3)
[OK] Ukama Shrine (Echizen Province 4)
[OK] Ukama Shrine (Echizen Province)
[OK] Ukamu Shrine
[OK] Ukawa Shrine (Miyaba Town, Kashiwazaki City)
[OK] Ukawa Shrine (Noda, Kashiwazaki City)
[OK] Ukawa Shrine (Shindo, Kashiwazaki City)
[OK] Ukawa Shrine (Yamamiya, Takayanagi Town, Kashiwazaki City)
[OK] Ukehi Shrine
[OK] Ukehi Shrine (Ise Province)
[OK] Ukehi Shrine (Otobe Village)
[OK] Ukou Shrine
[OK] Ukusono Shrine
[OK] Umaokanitta Shrine
[OK] Umasakahimeno Shrine
[OK] Umorihiko Shrine
[OK] Umorihiko Shrine (Awa Province (Tokushima))
[OK] Unaguhime Shrine
[OK] Unagushi Shrine
[OK] Unagushi Shrine (Echigo Province 2)
[OK] Unagushi Shrine (Echigo Province)
[OK] Unai Shrine
[OK] Unakami Mimitoshi Shrine
[OK] Unakami Mimitoshi Shrine (Ise Province)
[OK] Unakami Shrine
[OK] Unakushino Shrine
[OK] Unanenofushimino Shrine
[OK] Unatarinimasutakamihino Shrine
[OK] Unawino Shrine
[OK] Unebiyamaguchi Shrine
[OK] Unehino- Shrine
[OK] Uneotsutamoto Shrine
[OK] Unino Shrine
[OK] Unino Shrine (Ise Province)
[OK] Unioka Village Enshrinement Theory
[OK] Unisakurano Shrine
[OK] Unkanjiniimasunaramoto Shrine
[OK] Unoe Shrine
[OK] Unori Village Enshrinement Theory
[OK] Uomi Shrine (Kawashima, Matsusaka)
[OK] Uomi Shrine (Uomi, Matsusaka)
[OK] Uonomori Shrine
[OK] Uonuma Shrine (Echigo Province)
[OK] Uramori Shrine
[OK] Urufutsu Shrine
[OK] Urufutsuno Shrine
[OK] Urufutsuno Shrine former site
[OK] Urushiyama Shrine
[OK] Urushiyama Shrine (Echigo Province)
[OK] Usaka Shrine
[OK] Usakikamino Shrine
[OK] Ushihiko Shrine
[OK] Ushihiko Shrine (Awa Province (Tokushima) 2)
[OK] Ushihiko Shrine (Awa Province (Tokushima))
[OK] Ushinihano Shrine
[OK] Ushinihano Shrine former site
[OK] Ushiniwa Shrine
[OK] Usuki Hachiman Shrine
[OK] Utamikomarino Shrine
[OK] Utayorino- Shrine
[OK] Utsukano Shrine
[OK] Utsurahashino Shrine
[OK] Utsushitano Shrine
[OK] Wakae Kagami Shrine
[OK] Wakamiya (Izu Province)
[OK] Wakamiya Shrine (Izu Province)
[OK] Wakamiya Shrine (Minato, Minamiizu Town)
[OK] Wakasakurano Shrine
[OK] Wakayamatohimeno- Shrine
[OK] Wakeno Shrine
[OK] Wakinoni- Shrine
[OK] Wanasaifusono Shrine
[OK] Wanasaifusono Shrine (Awa Province (Tokushima))
[OK] Waninimasu Akasakahiko Shrine
[OK] Wanishimono Shrine
[OK] Warihimeno Shrine
[OK] Warihimeno Shrine former site
[OK] Warihimeno Shrine former site (Bingo Province)
[OK] Washisakino Shrine
[OK] Washisakino Shrine (Echizen Province)
[OK] Washizu Shrine
[OK] Watarino Shrine
[OK] Watatsumi Shrine
[OK] Watatsumitoyotamahimeno Shrine
[OK] Wemurano Shrine
[OK] Widono- Shrine
[OK] Wikuchi Shrine
[OK] Winaheno Shrine
[OK] Wishirino Shrine
[OK] Witano Shrine
[OK] Wochisomano Shrine
[OK] Wofuseno Shrine
[OK] Wohonamuchino Shrine
[OK] Wokahachino Shrine
[OK] Wokahano Shrine
[OK] Wokahano Shrine (Ise Province)
[OK] Wokamino Shrine
[OK] Wokamotono Shrine
[OK] Wokano Shrine
[OK] Wokano Shrine (Dewa Province)
[OK] Wokatano Shrine
[OK] Wokatanokuno Shrine
[OK] Wokiharano Shrine
[OK] Wokishino- Shrine
[OK] Wokosono Shrine
[OK] Womi- Shrine
[OK] Womino Shrine
[OK] Womiyano Shrine
[OK] Womonoimino Shrine
[OK] Womori- Shrine
[OK] Womushino Shrine
[OK] Wonifu Shrine
[OK] Wonino Shrine
[OK] Wono Shrine
[OK] Wonono Shrine
[OK] Wonono-azuwake- Shrine
[OK] Wosakino Shrine
[OK] Wosata- Shrine
[OK] Woshihakeno Shrine
[OK] Wotsuno Shrine
[OK] Woyamano Shrine
[OK] Woyamatano Shrine
[OK] Yabunami Shrine (Nanto)
[OK] Yabunami Shrine (Takaoka)
[OK] Yabunami Shrine (Tonami)
[OK] Yabuta Shrine
[OK] Yafukino Shrine
[OK] Yafutano Shrine
[OK] Yagi Shrine (Echigo Province 2)
[OK] Yagi Shrine (Echigo Province)
[OK] Yagi Shrine (Ise Province)
[OK] Yagino Shrine
[OK] Yagokorōoichihiko Shrine
[OK] Yahagi Shrine, Yao
[OK] Yahara Shrine
[OK] Yaharano Shrine
[OK] Yahashira Shrine
[OK] Yahashira Shrine (Abu)
[OK] Yahashira Shrine (Ise Province)
[OK] Yahashira Shrine (Yotsuhikida branch)
[OK] Yahashira Shrine (Yotsuhikida, Kanki‑ji precincts)
[OK] Yahirano Shrine
[OK] Yahoko Shrine
[OK] Yahoko Shrine (Awa Province (Tokushima))
[OK] Yahono Shrine
[OK] Yakifu- Shrine
[OK] Yamabe Shrine
[OK] Yamabe Shrine (Iwami Province)
[OK] Yamabe Yashirohime Shrine
[OK] Yamabe Yashirohime Shrine (Iwami Province)
[OK] Yamabeyatsushirohimemiko Shrine
[OK] Yamabeyatsushirohimemiko Shrine (Iwami Province)
[OK] Yamadai Shrine
[OK] Yamaheno Shrine
[OK] Yamahenomiakatano- Shrine
[OK] Yamakatahiko Shrine
[OK] Yamakatano Shrine
[OK] Yamakatano- Shrine
[OK] Yamanohenoyashirohime- Shrine
[OK] Yamanokami
[OK] Yamanowino Shrine
[OK] Yamato Onchi Shrine
[OK] Yamatoookuni- Shrine
[OK] Yamatoookuni- Shrine (Awa Province (Tokushima))
[OK] Yama‑no‑Kami Shrine (Teragaya, Nijō, Minamiizu Town, Shizuoka Prefecture)
[OK] Yanagihara Shrine
[OK] Yanakihara Shrine
[OK] Yanakihara Shrine (Izu Province)
[OK] Yanakiseno Shrine
[OK] Yao Shrine
[OK] Yasaka Shrine (Awa Province (Tokushima))
[OK] Yasaka Shrine (Echigo Province)
[OK] Yashiro Shrine
[OK] Yashirogi Shrine
[OK] Yasokono Shrine
[OK] Yasokono Shrine (Awa Province (Tokushima))
[OK] Yasotsuminokurano Shrine
[OK] Yasuno Shrine
[OK] Yasuno- Shrine
[OK] Yata ni Imasu Kushitamahiko Shrine
[OK] Yatagarasu Shrine
[OK] Yatsu Hachiman Shrine
[OK] Yatsuki- Shrine
[OK] Yohino Shrine
[OK] Yokokurano Shrine
[OK] Yokokurano Shrine (Echizen Province)
[OK] Yokomichino- Shrine
[OK] Yokota Shrine
[OK] Yokota Shrine (Awa Province (Tokushima))
[OK] Yokota Shrine (Bitchū Province)
[OK] Yokotano Shrine
[OK] Yokoyamano Shrine
[OK] Yokoyamano Shrine (Echizen Province)
[OK] Yono Shrine
[OK] Yoshida Shrine
[OK] Yoshino Mikumari Shrine
[OK] Yoshinonoyamakuchino Shrine
[OK] Yosunano Shrine
[OK] Yukeno Shrine
[OK] Yuranominatono Shrine
[OK] Yusen Shrine
[OK] Yuzen Shrine
[OK] Yuzusame Shrine
[OK] Yuzusame Shrine (Dewa Province)
[OK] Ō Shrine
[OK] Ō Shrine (Echigo Province)
[OK] Ō Shrine (Ise Province)
[OK] Ō Shrine (Itoigawa)
[OK] Ōasahiko Shrine
[OK] Ōasahiko Shrine (Awa Province (Tokushima))
[OK] Ōbe Shrine
[OK] Ōga Shrine
[OK] Ōgata Shrine
[OK] Ōji Shrine (Awa Province (Tokushima))
[OK] Ōmiwa Shrine
[OK] Ōmiya Shrine (Shiraiwa Ōasa Shrine)
[OK] Ōnamochi Shrine
[OK] Ōshio Hachimangu
[OK] Ōyosami Shrine

[DONE] Reset 235/235 pages (starting from U)
