Logged in


============================================================
Processing [[Category:Accidentally overwritten pages]]...
============================================================

Found 46 pages

1. [[Amatsu Shrine]]C:\Users\ambie\AppData\Local\Programs\Python\Python313\Lib\site-packages\mwclient\util.py:38: DeprecationWarning: limit and api_chunk_size both specified, this is not supported! limit is deprecated, will use value of api_chunk_size
  warnings.warn(
 ... ✓ Recovered
2. [[Asai Shrine (Takaoka)]]C:\Users\ambie\AppData\Local\Programs\Python\Python313\Lib\site-packages\mwclient\util.py:38: DeprecationWarning: limit and api_chunk_size both specified, this is not supported! limit is deprecated, will use value of api_chunk_size
  warnings.warn(
 ... ✓ Recovered
3. [[Dewa Shrine]]C:\Users\ambie\AppData\Local\Programs\Python\Python313\Lib\site-packages\mwclient\util.py:38: DeprecationWarning: limit and api_chunk_size both specified, this is not supported! limit is deprecated, will use value of api_chunk_size
  warnings.warn(
 ... ✓ Recovered
4. [[Gassan Shrine]]C:\Users\ambie\AppData\Local\Programs\Python\Python313\Lib\site-packages\mwclient\util.py:38: DeprecationWarning: limit and api_chunk_size both specified, this is not supported! limit is deprecated, will use value of api_chunk_size
  warnings.warn(
 ... ✓ Recovered
5. [[Hakozaki Shrine]]C:\Users\ambie\AppData\Local\Programs\Python\Python313\Lib\site-packages\mwclient\util.py:38: DeprecationWarning: limit and api_chunk_size both specified, this is not supported! limit is deprecated, will use value of api_chunk_size
  warnings.warn(
 ... ✓ Recovered
6. [[Hayatani Shrine]]C:\Users\ambie\AppData\Local\Programs\Python\Python313\Lib\site-packages\mwclient\util.py:38: DeprecationWarning: limit and api_chunk_size both specified, this is not supported! limit is deprecated, will use value of api_chunk_size
  warnings.warn(
 ... ✓ Recovered
7. [[Hikawa Shrine]]C:\Users\ambie\AppData\Local\Programs\Python\Python313\Lib\site-packages\mwclient\util.py:38: DeprecationWarning: limit and api_chunk_size both specified, this is not supported! limit is deprecated, will use value of api_chunk_size
  warnings.warn(
 ... ✓ Recovered
8. [[Hinokuma Hime Shrine]]C:\Users\ambie\AppData\Local\Programs\Python\Python313\Lib\site-packages\mwclient\util.py:38: DeprecationWarning: limit and api_chunk_size both specified, this is not supported! limit is deprecated, will use value of api_chunk_size
  warnings.warn(
 ... ✓ Recovered
9. [[Kamado Shrine]]C:\Users\ambie\AppData\Local\Programs\Python\Python313\Lib\site-packages\mwclient\util.py:38: DeprecationWarning: limit and api_chunk_size both specified, this is not supported! limit is deprecated, will use value of api_chunk_size
  warnings.warn(
 ... ✓ Recovered
10. [[Kasuga Shrine (Tokushima)]]C:\Users\ambie\AppData\Local\Programs\Python\Python313\Lib\site-packages\mwclient\util.py:38: DeprecationWarning: limit and api_chunk_size both specified, this is not supported! limit is deprecated, will use value of api_chunk_size
  warnings.warn(
 ... ✓ Recovered
11. [[Katayama Hiko Shrine]]C:\Users\ambie\AppData\Local\Programs\Python\Python313\Lib\site-packages\mwclient\util.py:38: DeprecationWarning: limit and api_chunk_size both specified, this is not supported! limit is deprecated, will use value of api_chunk_size
  warnings.warn(
 ... ✓ Recovered
12. [[Katsura Shrine]]C:\Users\ambie\AppData\Local\Programs\Python\Python313\Lib\site-packages\mwclient\util.py:38: DeprecationWarning: limit and api_chunk_size both specified, this is not supported! limit is deprecated, will use value of api_chunk_size
  warnings.warn(
 ... ✓ Recovered
13. [[Keta Jinja]]C:\Users\ambie\AppData\Local\Programs\Python\Python313\Lib\site-packages\mwclient\util.py:38: DeprecationWarning: limit and api_chunk_size both specified, this is not supported! limit is deprecated, will use value of api_chunk_size
  warnings.warn(
 ... ✓ Recovered
14. [[Kibitsu Shrine (Bitchū)]]C:\Users\ambie\AppData\Local\Programs\Python\Python313\Lib\site-packages\mwclient\util.py:38: DeprecationWarning: limit and api_chunk_size both specified, this is not supported! limit is deprecated, will use value of api_chunk_size
  warnings.warn(
 ... ✓ Recovered
15. [[Kirishima Jingu]]C:\Users\ambie\AppData\Local\Programs\Python\Python313\Lib\site-packages\mwclient\util.py:38: DeprecationWarning: limit and api_chunk_size both specified, this is not supported! limit is deprecated, will use value of api_chunk_size
  warnings.warn(
 ... ✓ Recovered
16. [[Kōra taisha]]C:\Users\ambie\AppData\Local\Programs\Python\Python313\Lib\site-packages\mwclient\util.py:38: DeprecationWarning: limit and api_chunk_size both specified, this is not supported! limit is deprecated, will use value of api_chunk_size
  warnings.warn(
 ... ✓ Recovered
17. [[Mononobe Shrine]]C:\Users\ambie\AppData\Local\Programs\Python\Python313\Lib\site-packages\mwclient\util.py:38: DeprecationWarning: limit and api_chunk_size both specified, this is not supported! limit is deprecated, will use value of api_chunk_size
  warnings.warn(
 ... ✓ Recovered
18. [[Munakata Shrine (Kita-ku, Okayama)]]C:\Users\ambie\AppData\Local\Programs\Python\Python313\Lib\site-packages\mwclient\util.py:38: DeprecationWarning: limit and api_chunk_size both specified, this is not supported! limit is deprecated, will use value of api_chunk_size
  warnings.warn(
 ... ✓ Recovered
19. [[Munakata Taisha]]C:\Users\ambie\AppData\Local\Programs\Python\Python313\Lib\site-packages\mwclient\util.py:38: DeprecationWarning: limit and api_chunk_size both specified, this is not supported! limit is deprecated, will use value of api_chunk_size
  warnings.warn(
 ... ✓ Recovered
20. [[Nagahatabe Shrine (Hitachiota)]]C:\Users\ambie\AppData\Local\Programs\Python\Python313\Lib\site-packages\mwclient\util.py:38: DeprecationWarning: limit and api_chunk_size both specified, this is not supported! limit is deprecated, will use value of api_chunk_size
  warnings.warn(
 ... ✓ Recovered
21. [[Okami Shrine (Q135040229)]]C:\Users\ambie\AppData\Local\Programs\Python\Python313\Lib\site-packages\mwclient\util.py:38: DeprecationWarning: limit and api_chunk_size both specified, this is not supported! limit is deprecated, will use value of api_chunk_size
  warnings.warn(
 ... • No overwrite edit found
22. [[Omiwa Shrine (Tokushima)]]C:\Users\ambie\AppData\Local\Programs\Python\Python313\Lib\site-packages\mwclient\util.py:38: DeprecationWarning: limit and api_chunk_size both specified, this is not supported! limit is deprecated, will use value of api_chunk_size
  warnings.warn(
 ... ✓ Recovered
23. [[Omonoimi Shrine (Tobishima, Sakata)]]C:\Users\ambie\AppData\Local\Programs\Python\Python313\Lib\site-packages\mwclient\util.py:38: DeprecationWarning: limit and api_chunk_size both specified, this is not supported! limit is deprecated, will use value of api_chunk_size
  warnings.warn(
 ... ✓ Recovered
24. [[Omonoimi Shrine (Yamadate, Sakata)]]C:\Users\ambie\AppData\Local\Programs\Python\Python313\Lib\site-packages\mwclient\util.py:38: DeprecationWarning: limit and api_chunk_size both specified, this is not supported! limit is deprecated, will use value of api_chunk_size
  warnings.warn(
 ... ✓ Recovered
25. [[Sakamoto Shrine]]C:\Users\ambie\AppData\Local\Programs\Python\Python313\Lib\site-packages\mwclient\util.py:38: DeprecationWarning: limit and api_chunk_size both specified, this is not supported! limit is deprecated, will use value of api_chunk_size
  warnings.warn(
 ... ✓ Recovered
26. [[Sakatsura Isosaki Shrine]]C:\Users\ambie\AppData\Local\Programs\Python\Python313\Lib\site-packages\mwclient\util.py:38: DeprecationWarning: limit and api_chunk_size both specified, this is not supported! limit is deprecated, will use value of api_chunk_size
  warnings.warn(
 ... ✓ Recovered
27. [[Sasamuta Shrine]]C:\Users\ambie\AppData\Local\Programs\Python\Python313\Lib\site-packages\mwclient\util.py:38: DeprecationWarning: limit and api_chunk_size both specified, this is not supported! limit is deprecated, will use value of api_chunk_size
  warnings.warn(
 ... ✓ Recovered
28. [[Sashino Shrine (Kasama)]]C:\Users\ambie\AppData\Local\Programs\Python\Python313\Lib\site-packages\mwclient\util.py:38: DeprecationWarning: limit and api_chunk_size both specified, this is not supported! limit is deprecated, will use value of api_chunk_size
  warnings.warn(
 ... ✓ Recovered
29. [[Senami Haguro Shrine]]C:\Users\ambie\AppData\Local\Programs\Python\Python313\Lib\site-packages\mwclient\util.py:38: DeprecationWarning: limit and api_chunk_size both specified, this is not supported! limit is deprecated, will use value of api_chunk_size
  warnings.warn(
 ... ✓ Recovered
30. [[Shijiki Shrine]]C:\Users\ambie\AppData\Local\Programs\Python\Python313\Lib\site-packages\mwclient\util.py:38: DeprecationWarning: limit and api_chunk_size both specified, this is not supported! limit is deprecated, will use value of api_chunk_size
  warnings.warn(
 ... ✓ Recovered
31. [[Shikaumi Shrine]]C:\Users\ambie\AppData\Local\Programs\Python\Python313\Lib\site-packages\mwclient\util.py:38: DeprecationWarning: limit and api_chunk_size both specified, this is not supported! limit is deprecated, will use value of api_chunk_size
  warnings.warn(
 ... ✓ Recovered
32. [[Sumiyoshi Shrine (Fukuoka)]]C:\Users\ambie\AppData\Local\Programs\Python\Python313\Lib\site-packages\mwclient\util.py:38: DeprecationWarning: limit and api_chunk_size both specified, this is not supported! limit is deprecated, will use value of api_chunk_size
  warnings.warn(
 ... ✓ Recovered
33. [[Sumiyoshi Shrine (Iki City)]]C:\Users\ambie\AppData\Local\Programs\Python\Python313\Lib\site-packages\mwclient\util.py:38: DeprecationWarning: limit and api_chunk_size both specified, this is not supported! limit is deprecated, will use value of api_chunk_size
  warnings.warn(
 ... ✓ Recovered
34. [[Susaki Shrine]]C:\Users\ambie\AppData\Local\Programs\Python\Python313\Lib\site-packages\mwclient\util.py:38: DeprecationWarning: limit and api_chunk_size both specified, this is not supported! limit is deprecated, will use value of api_chunk_size
  warnings.warn(
 ... ✓ Recovered
35. [[Susanoo Shrine (Fukuyama)]]C:\Users\ambie\AppData\Local\Programs\Python\Python313\Lib\site-packages\mwclient\util.py:38: DeprecationWarning: limit and api_chunk_size both specified, this is not supported! limit is deprecated, will use value of api_chunk_size
  warnings.warn(
 ... ✓ Recovered
36. [[Tagimitonotoya Shrine]]C:\Users\ambie\AppData\Local\Programs\Python\Python313\Lib\site-packages\mwclient\util.py:38: DeprecationWarning: limit and api_chunk_size both specified, this is not supported! limit is deprecated, will use value of api_chunk_size
  warnings.warn(
 ... ✓ Recovered
37. [[Takase Shrine (Q3791906)]]C:\Users\ambie\AppData\Local\Programs\Python\Python313\Lib\site-packages\mwclient\util.py:38: DeprecationWarning: limit and api_chunk_size both specified, this is not supported! limit is deprecated, will use value of api_chunk_size
  warnings.warn(
 ... • No overwrite edit found
38. [[Take Shrine]]C:\Users\ambie\AppData\Local\Programs\Python\Python313\Lib\site-packages\mwclient\util.py:38: DeprecationWarning: limit and api_chunk_size both specified, this is not supported! limit is deprecated, will use value of api_chunk_size
  warnings.warn(
 ... ✓ Recovered
39. [[Takumiya Shrine]]C:\Users\ambie\AppData\Local\Programs\Python\Python313\Lib\site-packages\mwclient\util.py:38: DeprecationWarning: limit and api_chunk_size both specified, this is not supported! limit is deprecated, will use value of api_chunk_size
  warnings.warn(
 ... ✓ Recovered
40. [[Tsubaki Grand Shrine]]C:\Users\ambie\AppData\Local\Programs\Python\Python313\Lib\site-packages\mwclient\util.py:38: DeprecationWarning: limit and api_chunk_size both specified, this is not supported! limit is deprecated, will use value of api_chunk_size
  warnings.warn(
 ... ✓ Recovered
41. [[Tsubaki Shrine]]C:\Users\ambie\AppData\Local\Programs\Python\Python313\Lib\site-packages\mwclient\util.py:38: DeprecationWarning: limit and api_chunk_size both specified, this is not supported! limit is deprecated, will use value of api_chunk_size
  warnings.warn(
 ... ✓ Recovered
42. [[Tsuda Shrine]]C:\Users\ambie\AppData\Local\Programs\Python\Python313\Lib\site-packages\mwclient\util.py:38: DeprecationWarning: limit and api_chunk_size both specified, this is not supported! limit is deprecated, will use value of api_chunk_size
  warnings.warn(
 ... ✓ Recovered
43. [[Yashiro Shrine]]C:\Users\ambie\AppData\Local\Programs\Python\Python313\Lib\site-packages\mwclient\util.py:38: DeprecationWarning: limit and api_chunk_size both specified, this is not supported! limit is deprecated, will use value of api_chunk_size
  warnings.warn(
 ... ✓ Recovered
44. [[Yoki Tenman Shrine]]C:\Users\ambie\AppData\Local\Programs\Python\Python313\Lib\site-packages\mwclient\util.py:38: DeprecationWarning: limit and api_chunk_size both specified, this is not supported! limit is deprecated, will use value of api_chunk_size
  warnings.warn(
 ... • No overwrite edit found
45. [[Yoshida Shrine]]C:\Users\ambie\AppData\Local\Programs\Python\Python313\Lib\site-packages\mwclient\util.py:38: DeprecationWarning: limit and api_chunk_size both specified, this is not supported! limit is deprecated, will use value of api_chunk_size
  warnings.warn(
 ... ✓ Recovered
46. [[Ōasahiko Shrine]]C:\Users\ambie\AppData\Local\Programs\Python\Python313\Lib\site-packages\mwclient\util.py:38: DeprecationWarning: limit and api_chunk_size both specified, this is not supported! limit is deprecated, will use value of api_chunk_size
  warnings.warn(
 ... ✓ Recovered

------------------------------------------------------------
Category Summary:
  Total pages: 46
  Recovered: 43
  No overwrite found: 3
  No previous revision: 0
  Errors: 0

============================================================
Processing [[Category:Pages that were shrank]]...
============================================================

Found 94 pages

1. [[Amatsu Shrine]]C:\Users\ambie\AppData\Local\Programs\Python\Python313\Lib\site-packages\mwclient\util.py:38: DeprecationWarning: limit and api_chunk_size both specified, this is not supported! limit is deprecated, will use value of api_chunk_size
  warnings.warn(
 ... ✓ Recovered
2. [[Dewa Shrine]]C:\Users\ambie\AppData\Local\Programs\Python\Python313\Lib\site-packages\mwclient\util.py:38: DeprecationWarning: limit and api_chunk_size both specified, this is not supported! limit is deprecated, will use value of api_chunk_size
  warnings.warn(
 ... ✓ Recovered
3. [[Eda Shrine]]C:\Users\ambie\AppData\Local\Programs\Python\Python313\Lib\site-packages\mwclient\util.py:38: DeprecationWarning: limit and api_chunk_size both specified, this is not supported! limit is deprecated, will use value of api_chunk_size
  warnings.warn(
 ... ✓ Recovered
4. [[Ena Shrine]]C:\Users\ambie\AppData\Local\Programs\Python\Python313\Lib\site-packages\mwclient\util.py:38: DeprecationWarning: limit and api_chunk_size both specified, this is not supported! limit is deprecated, will use value of api_chunk_size
  warnings.warn(
 ... ✓ Recovered
5. [[Gassan Shrine]]C:\Users\ambie\AppData\Local\Programs\Python\Python313\Lib\site-packages\mwclient\util.py:38: DeprecationWarning: limit and api_chunk_size both specified, this is not supported! limit is deprecated, will use value of api_chunk_size
  warnings.warn(
 ... ✓ Recovered
6. [[Hakozaki Shrine]]C:\Users\ambie\AppData\Local\Programs\Python\Python313\Lib\site-packages\mwclient\util.py:38: DeprecationWarning: limit and api_chunk_size both specified, this is not supported! limit is deprecated, will use value of api_chunk_size
  warnings.warn(
 ... ✓ Recovered
7. [[Hayashi Shrine (Tonami)]]C:\Users\ambie\AppData\Local\Programs\Python\Python313\Lib\site-packages\mwclient\util.py:38: DeprecationWarning: limit and api_chunk_size both specified, this is not supported! limit is deprecated, will use value of api_chunk_size
  warnings.warn(
 ... ✓ Recovered
8. [[Hayashi Shrine (Akashi)]]C:\Users\ambie\AppData\Local\Programs\Python\Python313\Lib\site-packages\mwclient\util.py:38: DeprecationWarning: limit and api_chunk_size both specified, this is not supported! limit is deprecated, will use value of api_chunk_size
  warnings.warn(
 ... ✓ Recovered
9. [[Hayatani Shrine]]C:\Users\ambie\AppData\Local\Programs\Python\Python313\Lib\site-packages\mwclient\util.py:38: DeprecationWarning: limit and api_chunk_size both specified, this is not supported! limit is deprecated, will use value of api_chunk_size
  warnings.warn(
 ... ✓ Recovered
10. [[Hikawa Shrine]]C:\Users\ambie\AppData\Local\Programs\Python\Python313\Lib\site-packages\mwclient\util.py:38: DeprecationWarning: limit and api_chunk_size both specified, this is not supported! limit is deprecated, will use value of api_chunk_size
  warnings.warn(
 ... ✓ Recovered
11. [[Hikino Shrine]]C:\Users\ambie\AppData\Local\Programs\Python\Python313\Lib\site-packages\mwclient\util.py:38: DeprecationWarning: limit and api_chunk_size both specified, this is not supported! limit is deprecated, will use value of api_chunk_size
  warnings.warn(
 ... ✓ Recovered
12. [[Hinokuma Hime Shrine]]C:\Users\ambie\AppData\Local\Programs\Python\Python313\Lib\site-packages\mwclient\util.py:38: DeprecationWarning: limit and api_chunk_size both specified, this is not supported! limit is deprecated, will use value of api_chunk_size
  warnings.warn(
 ... ✓ Recovered
13. [[Imizu Shrine]]C:\Users\ambie\AppData\Local\Programs\Python\Python313\Lib\site-packages\mwclient\util.py:38: DeprecationWarning: limit and api_chunk_size both specified, this is not supported! limit is deprecated, will use value of api_chunk_size
  warnings.warn(
 ... ✓ Recovered
14. [[Ishii Shrine (Izumozaki)]]C:\Users\ambie\AppData\Local\Programs\Python\Python313\Lib\site-packages\mwclient\util.py:38: DeprecationWarning: limit and api_chunk_size both specified, this is not supported! limit is deprecated, will use value of api_chunk_size
  warnings.warn(
 ... ✓ Recovered
15. [[Isobe Shrine (Komatsu City)]]C:\Users\ambie\AppData\Local\Programs\Python\Python313\Lib\site-packages\mwclient\util.py:38: DeprecationWarning: limit and api_chunk_size both specified, this is not supported! limit is deprecated, will use value of api_chunk_size
  warnings.warn(
 ... ✓ Recovered
16. [[Itatehyōzu Shrine]]C:\Users\ambie\AppData\Local\Programs\Python\Python313\Lib\site-packages\mwclient\util.py:38: DeprecationWarning: limit and api_chunk_size both specified, this is not supported! limit is deprecated, will use value of api_chunk_size
  warnings.warn(
 ... ✓ Recovered
17. [[Itsukushima Shrine]]C:\Users\ambie\AppData\Local\Programs\Python\Python313\Lib\site-packages\mwclient\util.py:38: DeprecationWarning: limit and api_chunk_size both specified, this is not supported! limit is deprecated, will use value of api_chunk_size
  warnings.warn(
 ... ✓ Recovered
18. [[Iwa Shrine (Matsumoto)]]C:\Users\ambie\AppData\Local\Programs\Python\Python313\Lib\site-packages\mwclient\util.py:38: DeprecationWarning: limit and api_chunk_size both specified, this is not supported! limit is deprecated, will use value of api_chunk_size
  warnings.warn(
 ... ✓ Recovered
19. [[Kamado Shrine]]C:\Users\ambie\AppData\Local\Programs\Python\Python313\Lib\site-packages\mwclient\util.py:38: DeprecationWarning: limit and api_chunk_size both specified, this is not supported! limit is deprecated, will use value of api_chunk_size
  warnings.warn(
 ... ✓ Recovered
20. [[Kami-Kamikawa Sumiyoshi Shrine]]C:\Users\ambie\AppData\Local\Programs\Python\Python313\Lib\site-packages\mwclient\util.py:38: DeprecationWarning: limit and api_chunk_size both specified, this is not supported! limit is deprecated, will use value of api_chunk_size
  warnings.warn(
 ... ✓ Recovered
21. [[Kashima Jingu]]C:\Users\ambie\AppData\Local\Programs\Python\Python313\Lib\site-packages\mwclient\util.py:38: DeprecationWarning: limit and api_chunk_size both specified, this is not supported! limit is deprecated, will use value of api_chunk_size
  warnings.warn(
 ... ✓ Recovered
22. [[Kasuga Shrine (Tokushima)]]C:\Users\ambie\AppData\Local\Programs\Python\Python313\Lib\site-packages\mwclient\util.py:38: DeprecationWarning: limit and api_chunk_size both specified, this is not supported! limit is deprecated, will use value of api_chunk_size
  warnings.warn(
 ... ✓ Recovered
23. [[Katayama Hiko Shrine]]C:\Users\ambie\AppData\Local\Programs\Python\Python313\Lib\site-packages\mwclient\util.py:38: DeprecationWarning: limit and api_chunk_size both specified, this is not supported! limit is deprecated, will use value of api_chunk_size
  warnings.warn(
 ... ✓ Recovered
24. [[Keta Jinja]]C:\Users\ambie\AppData\Local\Programs\Python\Python313\Lib\site-packages\mwclient\util.py:38: DeprecationWarning: limit and api_chunk_size both specified, this is not supported! limit is deprecated, will use value of api_chunk_size
  warnings.warn(
 ... ✓ Recovered
25. [[Kibitsu Shrine (Bitchū)]]C:\Users\ambie\AppData\Local\Programs\Python\Python313\Lib\site-packages\mwclient\util.py:38: DeprecationWarning: limit and api_chunk_size both specified, this is not supported! limit is deprecated, will use value of api_chunk_size
  warnings.warn(
 ... ✓ Recovered
26. [[Kifune Shrine (Hida City)]]C:\Users\ambie\AppData\Local\Programs\Python\Python313\Lib\site-packages\mwclient\util.py:38: DeprecationWarning: limit and api_chunk_size both specified, this is not supported! limit is deprecated, will use value of api_chunk_size
  warnings.warn(
 ... ✓ Recovered
27. [[Kirishima Jingu]]C:\Users\ambie\AppData\Local\Programs\Python\Python313\Lib\site-packages\mwclient\util.py:38: DeprecationWarning: limit and api_chunk_size both specified, this is not supported! limit is deprecated, will use value of api_chunk_size
  warnings.warn(
 ... ✓ Recovered
28. [[Kurihara Shrine (Takayama)]]C:\Users\ambie\AppData\Local\Programs\Python\Python313\Lib\site-packages\mwclient\util.py:38: DeprecationWarning: limit and api_chunk_size both specified, this is not supported! limit is deprecated, will use value of api_chunk_size
  warnings.warn(
 ... ✓ Recovered
29. [[Kōra taisha]]C:\Users\ambie\AppData\Local\Programs\Python\Python313\Lib\site-packages\mwclient\util.py:38: DeprecationWarning: limit and api_chunk_size both specified, this is not supported! limit is deprecated, will use value of api_chunk_size
  warnings.warn(
 ... ✓ Recovered
30. [[Minashi Shrine]]C:\Users\ambie\AppData\Local\Programs\Python\Python313\Lib\site-packages\mwclient\util.py:38: DeprecationWarning: limit and api_chunk_size both specified, this is not supported! limit is deprecated, will use value of api_chunk_size
  warnings.warn(
 ... ✓ Recovered
31. [[Mizuwakasu Shrine]]C:\Users\ambie\AppData\Local\Programs\Python\Python313\Lib\site-packages\mwclient\util.py:38: DeprecationWarning: limit and api_chunk_size both specified, this is not supported! limit is deprecated, will use value of api_chunk_size
  warnings.warn(
 ... ✓ Recovered
32. [[Mononobe Shrine]]C:\Users\ambie\AppData\Local\Programs\Python\Python313\Lib\site-packages\mwclient\util.py:38: DeprecationWarning: limit and api_chunk_size both specified, this is not supported! limit is deprecated, will use value of api_chunk_size
  warnings.warn(
 ... ✓ Recovered
33. [[Munakata Shrine (Kita-ku, Okayama)]]C:\Users\ambie\AppData\Local\Programs\Python\Python313\Lib\site-packages\mwclient\util.py:38: DeprecationWarning: limit and api_chunk_size both specified, this is not supported! limit is deprecated, will use value of api_chunk_size
  warnings.warn(
 ... ✓ Recovered
34. [[Munakata Taisha]]C:\Users\ambie\AppData\Local\Programs\Python\Python313\Lib\site-packages\mwclient\util.py:38: DeprecationWarning: limit and api_chunk_size both specified, this is not supported! limit is deprecated, will use value of api_chunk_size
  warnings.warn(
 ... ✓ Recovered
35. [[Nagahatabe Shrine (Hitachiota)]]C:\Users\ambie\AppData\Local\Programs\Python\Python313\Lib\site-packages\mwclient\util.py:38: DeprecationWarning: limit and api_chunk_size both specified, this is not supported! limit is deprecated, will use value of api_chunk_size
  warnings.warn(
 ... ✓ Recovered
36. [[Oarai Isosaki Shrine]]C:\Users\ambie\AppData\Local\Programs\Python\Python313\Lib\site-packages\mwclient\util.py:38: DeprecationWarning: limit and api_chunk_size both specified, this is not supported! limit is deprecated, will use value of api_chunk_size
  warnings.warn(
 ... ✓ Recovered
37. [[Ogami Shrine (Tonami City)]]C:\Users\ambie\AppData\Local\Programs\Python\Python313\Lib\site-packages\mwclient\util.py:38: DeprecationWarning: limit and api_chunk_size both specified, this is not supported! limit is deprecated, will use value of api_chunk_size
  warnings.warn(
 ... ✓ Recovered
38. [[Omiwa Shrine (Tokushima)]]C:\Users\ambie\AppData\Local\Programs\Python\Python313\Lib\site-packages\mwclient\util.py:38: DeprecationWarning: limit and api_chunk_size both specified, this is not supported! limit is deprecated, will use value of api_chunk_size
  warnings.warn(
 ... ✓ Recovered
39. [[Omonoimi Shrine (Tobishima, Sakata)]]C:\Users\ambie\AppData\Local\Programs\Python\Python313\Lib\site-packages\mwclient\util.py:38: DeprecationWarning: limit and api_chunk_size both specified, this is not supported! limit is deprecated, will use value of api_chunk_size
  warnings.warn(
 ... ✓ Recovered
40. [[Omonoimi Shrine (Yamadate, Sakata)]]C:\Users\ambie\AppData\Local\Programs\Python\Python313\Lib\site-packages\mwclient\util.py:38: DeprecationWarning: limit and api_chunk_size both specified, this is not supported! limit is deprecated, will use value of api_chunk_size
  warnings.warn(
 ... ✓ Recovered
41. [[Oyama Shrine (Tateyama)]]C:\Users\ambie\AppData\Local\Programs\Python\Python313\Lib\site-packages\mwclient\util.py:38: DeprecationWarning: limit and api_chunk_size both specified, this is not supported! limit is deprecated, will use value of api_chunk_size
  warnings.warn(
 ... ✓ Recovered
42. [[Sakatsura Isosaki Shrine]]C:\Users\ambie\AppData\Local\Programs\Python\Python313\Lib\site-packages\mwclient\util.py:38: DeprecationWarning: limit and api_chunk_size both specified, this is not supported! limit is deprecated, will use value of api_chunk_size
  warnings.warn(
 ... ✓ Recovered
43. [[Sasamuta Shrine]]C:\Users\ambie\AppData\Local\Programs\Python\Python313\Lib\site-packages\mwclient\util.py:38: DeprecationWarning: limit and api_chunk_size both specified, this is not supported! limit is deprecated, will use value of api_chunk_size
  warnings.warn(
 ... ✓ Recovered
44. [[Sashino Shrine (Kasama)]]C:\Users\ambie\AppData\Local\Programs\Python\Python313\Lib\site-packages\mwclient\util.py:38: DeprecationWarning: limit and api_chunk_size both specified, this is not supported! limit is deprecated, will use value of api_chunk_size
  warnings.warn(
 ... ✓ Recovered
45. [[Sawawachigi Shrine]]C:\Users\ambie\AppData\Local\Programs\Python\Python313\Lib\site-packages\mwclient\util.py:38: DeprecationWarning: limit and api_chunk_size both specified, this is not supported! limit is deprecated, will use value of api_chunk_size
  warnings.warn(
 ... ✓ Recovered
46. [[Senami Haguro Shrine]]C:\Users\ambie\AppData\Local\Programs\Python\Python313\Lib\site-packages\mwclient\util.py:38: DeprecationWarning: limit and api_chunk_size both specified, this is not supported! limit is deprecated, will use value of api_chunk_size
  warnings.warn(
 ... ✓ Recovered
47. [[Shijiki Shrine]]C:\Users\ambie\AppData\Local\Programs\Python\Python313\Lib\site-packages\mwclient\util.py:38: DeprecationWarning: limit and api_chunk_size both specified, this is not supported! limit is deprecated, will use value of api_chunk_size
  warnings.warn(
 ... ✓ Recovered
48. [[Shikaumi Shrine]]C:\Users\ambie\AppData\Local\Programs\Python\Python313\Lib\site-packages\mwclient\util.py:38: DeprecationWarning: limit and api_chunk_size both specified, this is not supported! limit is deprecated, will use value of api_chunk_size
  warnings.warn(
 ... ✓ Recovered
49. [[Shinmei-sha]]C:\Users\ambie\AppData\Local\Programs\Python\Python313\Lib\site-packages\mwclient\util.py:38: DeprecationWarning: limit and api_chunk_size both specified, this is not supported! limit is deprecated, will use value of api_chunk_size
  warnings.warn(
 ... ✓ Recovered
50. [[Shirayama Hime Shrine]]C:\Users\ambie\AppData\Local\Programs\Python\Python313\Lib\site-packages\mwclient\util.py:38: DeprecationWarning: limit and api_chunk_size both specified, this is not supported! limit is deprecated, will use value of api_chunk_size
  warnings.warn(
 ... ✓ Recovered
51. [[Shitori Shrine (Tottori)]]C:\Users\ambie\AppData\Local\Programs\Python\Python313\Lib\site-packages\mwclient\util.py:38: DeprecationWarning: limit and api_chunk_size both specified, this is not supported! limit is deprecated, will use value of api_chunk_size
  warnings.warn(
 ... ✓ Recovered
52. [[Shizu Shrine]]C:\Users\ambie\AppData\Local\Programs\Python\Python313\Lib\site-packages\mwclient\util.py:38: DeprecationWarning: limit and api_chunk_size both specified, this is not supported! limit is deprecated, will use value of api_chunk_size
  warnings.warn(
 ... ✓ Recovered
53. [[Sumiyoshi Shrine (Fukuoka)]]C:\Users\ambie\AppData\Local\Programs\Python\Python313\Lib\site-packages\mwclient\util.py:38: DeprecationWarning: limit and api_chunk_size both specified, this is not supported! limit is deprecated, will use value of api_chunk_size
  warnings.warn(
 ... ✓ Recovered
54. [[Sumiyoshi Shrine (Iki City)]]C:\Users\ambie\AppData\Local\Programs\Python\Python313\Lib\site-packages\mwclient\util.py:38: DeprecationWarning: limit and api_chunk_size both specified, this is not supported! limit is deprecated, will use value of api_chunk_size
  warnings.warn(
 ... ✓ Recovered
55. [[Susaki Shrine]]C:\Users\ambie\AppData\Local\Programs\Python\Python313\Lib\site-packages\mwclient\util.py:38: DeprecationWarning: limit and api_chunk_size both specified, this is not supported! limit is deprecated, will use value of api_chunk_size
  warnings.warn(
 ... ✓ Recovered
56. [[Susanoo Shrine (Fukuyama)]]C:\Users\ambie\AppData\Local\Programs\Python\Python313\Lib\site-packages\mwclient\util.py:38: DeprecationWarning: limit and api_chunk_size both specified, this is not supported! limit is deprecated, will use value of api_chunk_size
  warnings.warn(
 ... ✓ Recovered
57. [[Takase Shrine]]C:\Users\ambie\AppData\Local\Programs\Python\Python313\Lib\site-packages\mwclient\util.py:38: DeprecationWarning: limit and api_chunk_size both specified, this is not supported! limit is deprecated, will use value of api_chunk_size
  warnings.warn(
 ... ✓ Recovered
58. [[Takata Shrine (Hida Province)]]C:\Users\ambie\AppData\Local\Programs\Python\Python313\Lib\site-packages\mwclient\util.py:38: DeprecationWarning: limit and api_chunk_size both specified, this is not supported! limit is deprecated, will use value of api_chunk_size
  warnings.warn(
 ... ✓ Recovered
59. [[Takata Shrine (Hida)]]C:\Users\ambie\AppData\Local\Programs\Python\Python313\Lib\site-packages\mwclient\util.py:38: DeprecationWarning: limit and api_chunk_size both specified, this is not supported! limit is deprecated, will use value of api_chunk_size
  warnings.warn(
 ... ✓ Recovered
60. [[Tagimitonotoya Shrine]]C:\Users\ambie\AppData\Local\Programs\Python\Python313\Lib\site-packages\mwclient\util.py:38: DeprecationWarning: limit and api_chunk_size both specified, this is not supported! limit is deprecated, will use value of api_chunk_size
  warnings.warn(
 ... ✓ Recovered
61. [[Dake Rokusho Shrine]]C:\Users\ambie\AppData\Local\Programs\Python\Python313\Lib\site-packages\mwclient\util.py:38: DeprecationWarning: limit and api_chunk_size both specified, this is not supported! limit is deprecated, will use value of api_chunk_size
  warnings.warn(
 ... ✓ Recovered
62. [[Take Shrine]]C:\Users\ambie\AppData\Local\Programs\Python\Python313\Lib\site-packages\mwclient\util.py:38: DeprecationWarning: limit and api_chunk_size both specified, this is not supported! limit is deprecated, will use value of api_chunk_size
  warnings.warn(
 ... ✓ Recovered
63. [[Takumiya Shrine]]C:\Users\ambie\AppData\Local\Programs\Python\Python313\Lib\site-packages\mwclient\util.py:38: DeprecationWarning: limit and api_chunk_size both specified, this is not supported! limit is deprecated, will use value of api_chunk_size
  warnings.warn(
 ... ✓ Recovered
64. [[Tashima Shrine (Saga)]]C:\Users\ambie\AppData\Local\Programs\Python\Python313\Lib\site-packages\mwclient\util.py:38: DeprecationWarning: limit and api_chunk_size both specified, this is not supported! limit is deprecated, will use value of api_chunk_size
  warnings.warn(
 ... ✓ Recovered
65. [[Tatano Shrine]]C:\Users\ambie\AppData\Local\Programs\Python\Python313\Lib\site-packages\mwclient\util.py:38: DeprecationWarning: limit and api_chunk_size both specified, this is not supported! limit is deprecated, will use value of api_chunk_size
  warnings.warn(
 ... ✓ Recovered
66. [[Tate Shrine (Tsurugi)]]C:\Users\ambie\AppData\Local\Programs\Python\Python313\Lib\site-packages\mwclient\util.py:38: DeprecationWarning: limit and api_chunk_size both specified, this is not supported! limit is deprecated, will use value of api_chunk_size
  warnings.warn(
 ... ✓ Recovered
67. [[Tenjin-sha]]C:\Users\ambie\AppData\Local\Programs\Python\Python313\Lib\site-packages\mwclient\util.py:38: DeprecationWarning: limit and api_chunk_size both specified, this is not supported! limit is deprecated, will use value of api_chunk_size
  warnings.warn(
 ... ✓ Recovered
68. [[Tsukimoto Shrine]]C:\Users\ambie\AppData\Local\Programs\Python\Python313\Lib\site-packages\mwclient\util.py:38: DeprecationWarning: limit and api_chunk_size both specified, this is not supported! limit is deprecated, will use value of api_chunk_size
  warnings.warn(
 ... ✓ Recovered
69. [[Tsukubasan Shrine]]C:\Users\ambie\AppData\Local\Programs\Python\Python313\Lib\site-packages\mwclient\util.py:38: DeprecationWarning: limit and api_chunk_size both specified, this is not supported! limit is deprecated, will use value of api_chunk_size
  warnings.warn(
 ... ✓ Recovered
70. [[Tsuma Shrine]]C:\Users\ambie\AppData\Local\Programs\Python\Python313\Lib\site-packages\mwclient\util.py:38: DeprecationWarning: limit and api_chunk_size both specified, this is not supported! limit is deprecated, will use value of api_chunk_size
  warnings.warn(
 ... ✓ Recovered
71. [[Tsuno Shrine]]C:\Users\ambie\AppData\Local\Programs\Python\Python313\Lib\site-packages\mwclient\util.py:38: DeprecationWarning: limit and api_chunk_size both specified, this is not supported! limit is deprecated, will use value of api_chunk_size
  warnings.warn(
 ... ✓ Recovered
72. [[Tsunomine Shrine]]C:\Users\ambie\AppData\Local\Programs\Python\Python313\Lib\site-packages\mwclient\util.py:38: DeprecationWarning: limit and api_chunk_size both specified, this is not supported! limit is deprecated, will use value of api_chunk_size
  warnings.warn(
 ... ✓ Recovered
73. [[Tsurugi Shrine]]C:\Users\ambie\AppData\Local\Programs\Python\Python313\Lib\site-packages\mwclient\util.py:38: DeprecationWarning: limit and api_chunk_size both specified, this is not supported! limit is deprecated, will use value of api_chunk_size
  warnings.warn(
 ... ✓ Recovered
74. [[Tsurugi Shrine (Kirishima)]]C:\Users\ambie\AppData\Local\Programs\Python\Python313\Lib\site-packages\mwclient\util.py:38: DeprecationWarning: limit and api_chunk_size both specified, this is not supported! limit is deprecated, will use value of api_chunk_size
  warnings.warn(
 ... ✓ Recovered
75. [[Uonuma Shrine]]C:\Users\ambie\AppData\Local\Programs\Python\Python313\Lib\site-packages\mwclient\util.py:38: DeprecationWarning: limit and api_chunk_size both specified, this is not supported! limit is deprecated, will use value of api_chunk_size
  warnings.warn(
 ... ✓ Recovered
76. [[Usa Jingū]]C:\Users\ambie\AppData\Local\Programs\Python\Python313\Lib\site-packages\mwclient\util.py:38: DeprecationWarning: limit and api_chunk_size both specified, this is not supported! limit is deprecated, will use value of api_chunk_size
  warnings.warn(
 ... ✓ Recovered
77. [[Watatsumi Shrine (Kobe)]]C:\Users\ambie\AppData\Local\Programs\Python\Python313\Lib\site-packages\mwclient\util.py:38: DeprecationWarning: limit and api_chunk_size both specified, this is not supported! limit is deprecated, will use value of api_chunk_size
  warnings.warn(
 ... ✓ Recovered
78. [[Yamato Okunitama Shrine, Mima]]C:\Users\ambie\AppData\Local\Programs\Python\Python313\Lib\site-packages\mwclient\util.py:38: DeprecationWarning: limit and api_chunk_size both specified, this is not supported! limit is deprecated, will use value of api_chunk_size
  warnings.warn(
 ... ✓ Recovered
79. [[Yamato Okunitama Shrine, Minamiawaji]]C:\Users\ambie\AppData\Local\Programs\Python\Python313\Lib\site-packages\mwclient\util.py:38: DeprecationWarning: limit and api_chunk_size both specified, this is not supported! limit is deprecated, will use value of api_chunk_size
  warnings.warn(
 ... ✓ Recovered
80. [[Yasaka Shrine (Awa Province (Tokushima))]]C:\Users\ambie\AppData\Local\Programs\Python\Python313\Lib\site-packages\mwclient\util.py:38: DeprecationWarning: limit and api_chunk_size both specified, this is not supported! limit is deprecated, will use value of api_chunk_size
  warnings.warn(
 ... ✓ Recovered
81. [[Yashiro Shrine]]C:\Users\ambie\AppData\Local\Programs\Python\Python313\Lib\site-packages\mwclient\util.py:38: DeprecationWarning: limit and api_chunk_size both specified, this is not supported! limit is deprecated, will use value of api_chunk_size
  warnings.warn(
 ... ✓ Recovered
82. [[Yodohime Shrine]]C:\Users\ambie\AppData\Local\Programs\Python\Python313\Lib\site-packages\mwclient\util.py:38: DeprecationWarning: limit and api_chunk_size both specified, this is not supported! limit is deprecated, will use value of api_chunk_size
  warnings.warn(
 ... ✓ Recovered
83. [[Yoshida Shrine]]C:\Users\ambie\AppData\Local\Programs\Python\Python313\Lib\site-packages\mwclient\util.py:38: DeprecationWarning: limit and api_chunk_size both specified, this is not supported! limit is deprecated, will use value of api_chunk_size
  warnings.warn(
 ... ✓ Recovered
84. [[Yoshino Mikumari Shrine]]C:\Users\ambie\AppData\Local\Programs\Python\Python313\Lib\site-packages\mwclient\util.py:38: DeprecationWarning: limit and api_chunk_size both specified, this is not supported! limit is deprecated, will use value of api_chunk_size
  warnings.warn(
 ... • No overwrite edit found
85. [[Ōasahiko Shrine]]C:\Users\ambie\AppData\Local\Programs\Python\Python313\Lib\site-packages\mwclient\util.py:38: DeprecationWarning: limit and api_chunk_size both specified, this is not supported! limit is deprecated, will use value of api_chunk_size
  warnings.warn(
 ... ✓ Recovered
86. [[Ōgamiyama Shrine]]C:\Users\ambie\AppData\Local\Programs\Python\Python313\Lib\site-packages\mwclient\util.py:38: DeprecationWarning: limit and api_chunk_size both specified, this is not supported! limit is deprecated, will use value of api_chunk_size
  warnings.warn(
 ... ✓ Recovered
87. [[Ōi Shrine (Kasama)]]C:\Users\ambie\AppData\Local\Programs\Python\Python313\Lib\site-packages\mwclient\util.py:38: DeprecationWarning: limit and api_chunk_size both specified, this is not supported! limit is deprecated, will use value of api_chunk_size
  warnings.warn(
 ... ✓ Recovered
88. [[Ōi Shrine (Mito)]]C:\Users\ambie\AppData\Local\Programs\Python\Python313\Lib\site-packages\mwclient\util.py:38: DeprecationWarning: limit and api_chunk_size both specified, this is not supported! limit is deprecated, will use value of api_chunk_size
  warnings.warn(
 ... ✓ Recovered
89. [[Ōji Shrine (Awa Province (Tokushima))]]C:\Users\ambie\AppData\Local\Programs\Python\Python313\Lib\site-packages\mwclient\util.py:38: DeprecationWarning: limit and api_chunk_size both specified, this is not supported! limit is deprecated, will use value of api_chunk_size
  warnings.warn(
 ... ✓ Recovered
90. [[Ōmushi Shrine (Echizen)]]C:\Users\ambie\AppData\Local\Programs\Python\Python313\Lib\site-packages\mwclient\util.py:38: DeprecationWarning: limit and api_chunk_size both specified, this is not supported! limit is deprecated, will use value of api_chunk_size
  warnings.warn(
 ... ✓ Recovered
91. [[Ōtsu Shrine (Hida)]]C:\Users\ambie\AppData\Local\Programs\Python\Python313\Lib\site-packages\mwclient\util.py:38: DeprecationWarning: limit and api_chunk_size both specified, this is not supported! limit is deprecated, will use value of api_chunk_size
  warnings.warn(
 ... ✓ Recovered
92. [[Asai Shrine (Takaoka)]]C:\Users\ambie\AppData\Local\Programs\Python\Python313\Lib\site-packages\mwclient\util.py:38: DeprecationWarning: limit and api_chunk_size both specified, this is not supported! limit is deprecated, will use value of api_chunk_size
  warnings.warn(
 ... ✓ Recovered
93. [[Katsura Shrine]]C:\Users\ambie\AppData\Local\Programs\Python\Python313\Lib\site-packages\mwclient\util.py:38: DeprecationWarning: limit and api_chunk_size both specified, this is not supported! limit is deprecated, will use value of api_chunk_size
  warnings.warn(
 ... ✓ Recovered
94. [[Sakamoto Shrine]]C:\Users\ambie\AppData\Local\Programs\Python\Python313\Lib\site-packages\mwclient\util.py:38: DeprecationWarning: limit and api_chunk_size both specified, this is not supported! limit is deprecated, will use value of api_chunk_size
  warnings.warn(
 ... ✓ Recovered

------------------------------------------------------------
Category Summary:
  Total pages: 94
  Recovered: 93
  No overwrite found: 1
  No previous revision: 0
  Errors: 0

============================================================
Processing [[Category:Pages_likely_having_an_accidental_overwite_in_their_history_that_shrank_them]]...
============================================================

Found 101 pages

1. [[Amatsu Shrine]]C:\Users\ambie\AppData\Local\Programs\Python\Python313\Lib\site-packages\mwclient\util.py:38: DeprecationWarning: limit and api_chunk_size both specified, this is not supported! limit is deprecated, will use value of api_chunk_size
  warnings.warn(
 ... ✓ Recovered
2. [[Dewa Shrine]]C:\Users\ambie\AppData\Local\Programs\Python\Python313\Lib\site-packages\mwclient\util.py:38: DeprecationWarning: limit and api_chunk_size both specified, this is not supported! limit is deprecated, will use value of api_chunk_size
  warnings.warn(
 ... ✓ Recovered
3. [[Eda Shrine]]C:\Users\ambie\AppData\Local\Programs\Python\Python313\Lib\site-packages\mwclient\util.py:38: DeprecationWarning: limit and api_chunk_size both specified, this is not supported! limit is deprecated, will use value of api_chunk_size
  warnings.warn(
 ... ✓ Recovered
4. [[Ena Shrine]]C:\Users\ambie\AppData\Local\Programs\Python\Python313\Lib\site-packages\mwclient\util.py:38: DeprecationWarning: limit and api_chunk_size both specified, this is not supported! limit is deprecated, will use value of api_chunk_size
  warnings.warn(
 ... ✓ Recovered
5. [[Gassan Shrine]]C:\Users\ambie\AppData\Local\Programs\Python\Python313\Lib\site-packages\mwclient\util.py:38: DeprecationWarning: limit and api_chunk_size both specified, this is not supported! limit is deprecated, will use value of api_chunk_size
  warnings.warn(
 ... ✓ Recovered
6. [[Hakozaki Shrine]]C:\Users\ambie\AppData\Local\Programs\Python\Python313\Lib\site-packages\mwclient\util.py:38: DeprecationWarning: limit and api_chunk_size both specified, this is not supported! limit is deprecated, will use value of api_chunk_size
  warnings.warn(
 ... ✓ Recovered
7. [[Hayashi Shrine (Tonami)]]C:\Users\ambie\AppData\Local\Programs\Python\Python313\Lib\site-packages\mwclient\util.py:38: DeprecationWarning: limit and api_chunk_size both specified, this is not supported! limit is deprecated, will use value of api_chunk_size
  warnings.warn(
 ... ✓ Recovered
8. [[Hayashi Shrine (Akashi)]]C:\Users\ambie\AppData\Local\Programs\Python\Python313\Lib\site-packages\mwclient\util.py:38: DeprecationWarning: limit and api_chunk_size both specified, this is not supported! limit is deprecated, will use value of api_chunk_size
  warnings.warn(
 ... ✓ Recovered
9. [[Hayatani Shrine]]C:\Users\ambie\AppData\Local\Programs\Python\Python313\Lib\site-packages\mwclient\util.py:38: DeprecationWarning: limit and api_chunk_size both specified, this is not supported! limit is deprecated, will use value of api_chunk_size
  warnings.warn(
 ... ✓ Recovered
10. [[Hikawa Shrine]]C:\Users\ambie\AppData\Local\Programs\Python\Python313\Lib\site-packages\mwclient\util.py:38: DeprecationWarning: limit and api_chunk_size both specified, this is not supported! limit is deprecated, will use value of api_chunk_size
  warnings.warn(
 ... ✓ Recovered
11. [[Hikino Shrine]]C:\Users\ambie\AppData\Local\Programs\Python\Python313\Lib\site-packages\mwclient\util.py:38: DeprecationWarning: limit and api_chunk_size both specified, this is not supported! limit is deprecated, will use value of api_chunk_size
  warnings.warn(
 ... ✓ Recovered
12. [[Hinokuma Hime Shrine]]C:\Users\ambie\AppData\Local\Programs\Python\Python313\Lib\site-packages\mwclient\util.py:38: DeprecationWarning: limit and api_chunk_size both specified, this is not supported! limit is deprecated, will use value of api_chunk_size
  warnings.warn(
 ... ! Error: (<Page object 'Hinokuma Hime Shrine' for <Site object 'shint
13. [[Imizu Shrine]]C:\Users\ambie\AppData\Local\Programs\Python\Python313\Lib\site-packages\mwclient\util.py:38: DeprecationWarning: limit and api_chunk_size both specified, this is not supported! limit is deprecated, will use value of api_chunk_size
  warnings.warn(
 ... ✓ Recovered
14. [[Ishii Shrine (Izumozaki)]]C:\Users\ambie\AppData\Local\Programs\Python\Python313\Lib\site-packages\mwclient\util.py:38: DeprecationWarning: limit and api_chunk_size both specified, this is not supported! limit is deprecated, will use value of api_chunk_size
  warnings.warn(
 ... ✓ Recovered
15. [[Isobe Shrine (Komatsu City)]]C:\Users\ambie\AppData\Local\Programs\Python\Python313\Lib\site-packages\mwclient\util.py:38: DeprecationWarning: limit and api_chunk_size both specified, this is not supported! limit is deprecated, will use value of api_chunk_size
  warnings.warn(
 ... ✓ Recovered
16. [[Itatehyōzu Shrine]]C:\Users\ambie\AppData\Local\Programs\Python\Python313\Lib\site-packages\mwclient\util.py:38: DeprecationWarning: limit and api_chunk_size both specified, this is not supported! limit is deprecated, will use value of api_chunk_size
  warnings.warn(
 ... ✓ Recovered
17. [[Itsukushima Shrine]]C:\Users\ambie\AppData\Local\Programs\Python\Python313\Lib\site-packages\mwclient\util.py:38: DeprecationWarning: limit and api_chunk_size both specified, this is not supported! limit is deprecated, will use value of api_chunk_size
  warnings.warn(
 ... ✓ Recovered
18. [[Iwa Shrine (Matsumoto)]]C:\Users\ambie\AppData\Local\Programs\Python\Python313\Lib\site-packages\mwclient\util.py:38: DeprecationWarning: limit and api_chunk_size both specified, this is not supported! limit is deprecated, will use value of api_chunk_size
  warnings.warn(
 ... ✓ Recovered
19. [[Kamado Shrine]]C:\Users\ambie\AppData\Local\Programs\Python\Python313\Lib\site-packages\mwclient\util.py:38: DeprecationWarning: limit and api_chunk_size both specified, this is not supported! limit is deprecated, will use value of api_chunk_size
  warnings.warn(
 ... ✓ Recovered
20. [[Kami-Kamikawa Sumiyoshi Shrine]]C:\Users\ambie\AppData\Local\Programs\Python\Python313\Lib\site-packages\mwclient\util.py:38: DeprecationWarning: limit and api_chunk_size both specified, this is not supported! limit is deprecated, will use value of api_chunk_size
  warnings.warn(
 ... ✓ Recovered
21. [[Kamiiya Daawa Shrine]]C:\Users\ambie\AppData\Local\Programs\Python\Python313\Lib\site-packages\mwclient\util.py:38: DeprecationWarning: limit and api_chunk_size both specified, this is not supported! limit is deprecated, will use value of api_chunk_size
  warnings.warn(
 ... • No overwrite edit found
22. [[Kashima Jingu]]C:\Users\ambie\AppData\Local\Programs\Python\Python313\Lib\site-packages\mwclient\util.py:38: DeprecationWarning: limit and api_chunk_size both specified, this is not supported! limit is deprecated, will use value of api_chunk_size
  warnings.warn(
 ... ✓ Recovered
23. [[Kasuga Shrine (Tokushima)]]C:\Users\ambie\AppData\Local\Programs\Python\Python313\Lib\site-packages\mwclient\util.py:38: DeprecationWarning: limit and api_chunk_size both specified, this is not supported! limit is deprecated, will use value of api_chunk_size
  warnings.warn(
 ... ✓ Recovered
24. [[Katayama Hiko Shrine]]C:\Users\ambie\AppData\Local\Programs\Python\Python313\Lib\site-packages\mwclient\util.py:38: DeprecationWarning: limit and api_chunk_size both specified, this is not supported! limit is deprecated, will use value of api_chunk_size
  warnings.warn(
 ... ✓ Recovered
25. [[Keta Jinja]]C:\Users\ambie\AppData\Local\Programs\Python\Python313\Lib\site-packages\mwclient\util.py:38: DeprecationWarning: limit and api_chunk_size both specified, this is not supported! limit is deprecated, will use value of api_chunk_size
  warnings.warn(
 ... ✓ Recovered
26. [[Kibitsu Shrine (Bitchū)]]C:\Users\ambie\AppData\Local\Programs\Python\Python313\Lib\site-packages\mwclient\util.py:38: DeprecationWarning: limit and api_chunk_size both specified, this is not supported! limit is deprecated, will use value of api_chunk_size
  warnings.warn(
 ... ✓ Recovered
27. [[Kifune Shrine (Hida City)]]C:\Users\ambie\AppData\Local\Programs\Python\Python313\Lib\site-packages\mwclient\util.py:38: DeprecationWarning: limit and api_chunk_size both specified, this is not supported! limit is deprecated, will use value of api_chunk_size
  warnings.warn(
 ... ✓ Recovered
28. [[Kirishima Jingu]]C:\Users\ambie\AppData\Local\Programs\Python\Python313\Lib\site-packages\mwclient\util.py:38: DeprecationWarning: limit and api_chunk_size both specified, this is not supported! limit is deprecated, will use value of api_chunk_size
  warnings.warn(
 ... ✓ Recovered
29. [[Kurihara Shrine (Takayama)]]C:\Users\ambie\AppData\Local\Programs\Python\Python313\Lib\site-packages\mwclient\util.py:38: DeprecationWarning: limit and api_chunk_size both specified, this is not supported! limit is deprecated, will use value of api_chunk_size
  warnings.warn(
 ... ✓ Recovered
30. [[Kōra taisha]]C:\Users\ambie\AppData\Local\Programs\Python\Python313\Lib\site-packages\mwclient\util.py:38: DeprecationWarning: limit and api_chunk_size both specified, this is not supported! limit is deprecated, will use value of api_chunk_size
  warnings.warn(
 ... ✓ Recovered
31. [[Minashi Shrine]]C:\Users\ambie\AppData\Local\Programs\Python\Python313\Lib\site-packages\mwclient\util.py:38: DeprecationWarning: limit and api_chunk_size both specified, this is not supported! limit is deprecated, will use value of api_chunk_size
  warnings.warn(
 ... ✓ Recovered
32. [[Mizuwakasu Shrine]]C:\Users\ambie\AppData\Local\Programs\Python\Python313\Lib\site-packages\mwclient\util.py:38: DeprecationWarning: limit and api_chunk_size both specified, this is not supported! limit is deprecated, will use value of api_chunk_size
  warnings.warn(
 ... ✓ Recovered
33. [[Mononobe Shrine]]C:\Users\ambie\AppData\Local\Programs\Python\Python313\Lib\site-packages\mwclient\util.py:38: DeprecationWarning: limit and api_chunk_size both specified, this is not supported! limit is deprecated, will use value of api_chunk_size
  warnings.warn(
 ... ✓ Recovered
34. [[Munakata Shrine (Kita-ku, Okayama)]]C:\Users\ambie\AppData\Local\Programs\Python\Python313\Lib\site-packages\mwclient\util.py:38: DeprecationWarning: limit and api_chunk_size both specified, this is not supported! limit is deprecated, will use value of api_chunk_size
  warnings.warn(
 ... ✓ Recovered
35. [[Munakata Taisha]]C:\Users\ambie\AppData\Local\Programs\Python\Python313\Lib\site-packages\mwclient\util.py:38: DeprecationWarning: limit and api_chunk_size both specified, this is not supported! limit is deprecated, will use value of api_chunk_size
  warnings.warn(
 ... ✓ Recovered
36. [[Nagahatabe Shrine (Hitachiota)]]C:\Users\ambie\AppData\Local\Programs\Python\Python313\Lib\site-packages\mwclient\util.py:38: DeprecationWarning: limit and api_chunk_size both specified, this is not supported! limit is deprecated, will use value of api_chunk_size
  warnings.warn(
 ... ✓ Recovered
37. [[Oarai Isosaki Shrine]]C:\Users\ambie\AppData\Local\Programs\Python\Python313\Lib\site-packages\mwclient\util.py:38: DeprecationWarning: limit and api_chunk_size both specified, this is not supported! limit is deprecated, will use value of api_chunk_size
  warnings.warn(
 ... ✓ Recovered
38. [[Ogami Shrine (Tonami City)]]C:\Users\ambie\AppData\Local\Programs\Python\Python313\Lib\site-packages\mwclient\util.py:38: DeprecationWarning: limit and api_chunk_size both specified, this is not supported! limit is deprecated, will use value of api_chunk_size
  warnings.warn(
 ... ✓ Recovered
39. [[Ōi Shrine (Kasama)]]C:\Users\ambie\AppData\Local\Programs\Python\Python313\Lib\site-packages\mwclient\util.py:38: DeprecationWarning: limit and api_chunk_size both specified, this is not supported! limit is deprecated, will use value of api_chunk_size
  warnings.warn(
 ... ✓ Recovered
40. [[Okami Shrine (Q135040229)]]C:\Users\ambie\AppData\Local\Programs\Python\Python313\Lib\site-packages\mwclient\util.py:38: DeprecationWarning: limit and api_chunk_size both specified, this is not supported! limit is deprecated, will use value of api_chunk_size
  warnings.warn(
 ... • No overwrite edit found
41. [[Omiwa Shrine (Tokushima)]]C:\Users\ambie\AppData\Local\Programs\Python\Python313\Lib\site-packages\mwclient\util.py:38: DeprecationWarning: limit and api_chunk_size both specified, this is not supported! limit is deprecated, will use value of api_chunk_size
  warnings.warn(
 ... ✓ Recovered
42. [[Omonoimi Shrine (Tobishima, Sakata)]]C:\Users\ambie\AppData\Local\Programs\Python\Python313\Lib\site-packages\mwclient\util.py:38: DeprecationWarning: limit and api_chunk_size both specified, this is not supported! limit is deprecated, will use value of api_chunk_size
  warnings.warn(
 ... ✓ Recovered
43. [[Omonoimi Shrine (Yamadate, Sakata)]]C:\Users\ambie\AppData\Local\Programs\Python\Python313\Lib\site-packages\mwclient\util.py:38: DeprecationWarning: limit and api_chunk_size both specified, this is not supported! limit is deprecated, will use value of api_chunk_size
  warnings.warn(
 ... ✓ Recovered
44. [[Oyama Shrine (Tateyama)]]C:\Users\ambie\AppData\Local\Programs\Python\Python313\Lib\site-packages\mwclient\util.py:38: DeprecationWarning: limit and api_chunk_size both specified, this is not supported! limit is deprecated, will use value of api_chunk_size
  warnings.warn(
 ... ✓ Recovered
45. [[Sakatsura Isosaki Shrine]]C:\Users\ambie\AppData\Local\Programs\Python\Python313\Lib\site-packages\mwclient\util.py:38: DeprecationWarning: limit and api_chunk_size both specified, this is not supported! limit is deprecated, will use value of api_chunk_size
  warnings.warn(
 ... ✓ Recovered
46. [[Sasamuta Shrine]]C:\Users\ambie\AppData\Local\Programs\Python\Python313\Lib\site-packages\mwclient\util.py:38: DeprecationWarning: limit and api_chunk_size both specified, this is not supported! limit is deprecated, will use value of api_chunk_size
  warnings.warn(
 ... ✓ Recovered
47. [[Sashino Shrine (Kasama)]]C:\Users\ambie\AppData\Local\Programs\Python\Python313\Lib\site-packages\mwclient\util.py:38: DeprecationWarning: limit and api_chunk_size both specified, this is not supported! limit is deprecated, will use value of api_chunk_size
  warnings.warn(
 ... ✓ Recovered
48. [[Sawawachigi Shrine]]C:\Users\ambie\AppData\Local\Programs\Python\Python313\Lib\site-packages\mwclient\util.py:38: DeprecationWarning: limit and api_chunk_size both specified, this is not supported! limit is deprecated, will use value of api_chunk_size
  warnings.warn(
 ... ✓ Recovered
49. [[Senami Haguro Shrine]]C:\Users\ambie\AppData\Local\Programs\Python\Python313\Lib\site-packages\mwclient\util.py:38: DeprecationWarning: limit and api_chunk_size both specified, this is not supported! limit is deprecated, will use value of api_chunk_size
  warnings.warn(
 ... ✓ Recovered
50. [[Shijiki Shrine]]C:\Users\ambie\AppData\Local\Programs\Python\Python313\Lib\site-packages\mwclient\util.py:38: DeprecationWarning: limit and api_chunk_size both specified, this is not supported! limit is deprecated, will use value of api_chunk_size
  warnings.warn(
 ... ✓ Recovered
51. [[Shikaumi Shrine]]C:\Users\ambie\AppData\Local\Programs\Python\Python313\Lib\site-packages\mwclient\util.py:38: DeprecationWarning: limit and api_chunk_size both specified, this is not supported! limit is deprecated, will use value of api_chunk_size
  warnings.warn(
 ... ✓ Recovered
52. [[Shinmei-sha]]C:\Users\ambie\AppData\Local\Programs\Python\Python313\Lib\site-packages\mwclient\util.py:38: DeprecationWarning: limit and api_chunk_size both specified, this is not supported! limit is deprecated, will use value of api_chunk_size
  warnings.warn(
 ... ✓ Recovered
53. [[Shirayama Hime Shrine]]C:\Users\ambie\AppData\Local\Programs\Python\Python313\Lib\site-packages\mwclient\util.py:38: DeprecationWarning: limit and api_chunk_size both specified, this is not supported! limit is deprecated, will use value of api_chunk_size
  warnings.warn(
 ... ✓ Recovered
54. [[Shitori Shrine (Tottori)]]C:\Users\ambie\AppData\Local\Programs\Python\Python313\Lib\site-packages\mwclient\util.py:38: DeprecationWarning: limit and api_chunk_size both specified, this is not supported! limit is deprecated, will use value of api_chunk_size
  warnings.warn(
 ... ✓ Recovered
55. [[Shizu Shrine]]C:\Users\ambie\AppData\Local\Programs\Python\Python313\Lib\site-packages\mwclient\util.py:38: DeprecationWarning: limit and api_chunk_size both specified, this is not supported! limit is deprecated, will use value of api_chunk_size
  warnings.warn(
 ... ✓ Recovered
56. [[Sumiyoshi Shrine (Fukuoka)]]C:\Users\ambie\AppData\Local\Programs\Python\Python313\Lib\site-packages\mwclient\util.py:38: DeprecationWarning: limit and api_chunk_size both specified, this is not supported! limit is deprecated, will use value of api_chunk_size
  warnings.warn(
 ... ✓ Recovered
57. [[Sumiyoshi Shrine (Iki City)]]C:\Users\ambie\AppData\Local\Programs\Python\Python313\Lib\site-packages\mwclient\util.py:38: DeprecationWarning: limit and api_chunk_size both specified, this is not supported! limit is deprecated, will use value of api_chunk_size
  warnings.warn(
 ... ✓ Recovered
58. [[Susaki Shrine]]C:\Users\ambie\AppData\Local\Programs\Python\Python313\Lib\site-packages\mwclient\util.py:38: DeprecationWarning: limit and api_chunk_size both specified, this is not supported! limit is deprecated, will use value of api_chunk_size
  warnings.warn(
 ... ✓ Recovered
59. [[Susanoo Shrine (Fukuyama)]]C:\Users\ambie\AppData\Local\Programs\Python\Python313\Lib\site-packages\mwclient\util.py:38: DeprecationWarning: limit and api_chunk_size both specified, this is not supported! limit is deprecated, will use value of api_chunk_size
  warnings.warn(
 ... ✓ Recovered
60. [[Takase Shrine]]C:\Users\ambie\AppData\Local\Programs\Python\Python313\Lib\site-packages\mwclient\util.py:38: DeprecationWarning: limit and api_chunk_size both specified, this is not supported! limit is deprecated, will use value of api_chunk_size
  warnings.warn(
 ... ✓ Recovered
61. [[Takase Shrine (Q3791906)]]C:\Users\ambie\AppData\Local\Programs\Python\Python313\Lib\site-packages\mwclient\util.py:38: DeprecationWarning: limit and api_chunk_size both specified, this is not supported! limit is deprecated, will use value of api_chunk_size
  warnings.warn(
 ... • No overwrite edit found
62. [[Takata Shrine (Hida Province)]]C:\Users\ambie\AppData\Local\Programs\Python\Python313\Lib\site-packages\mwclient\util.py:38: DeprecationWarning: limit and api_chunk_size both specified, this is not supported! limit is deprecated, will use value of api_chunk_size
  warnings.warn(
 ... ✓ Recovered
63. [[Takata Shrine (Hida)]]C:\Users\ambie\AppData\Local\Programs\Python\Python313\Lib\site-packages\mwclient\util.py:38: DeprecationWarning: limit and api_chunk_size both specified, this is not supported! limit is deprecated, will use value of api_chunk_size
  warnings.warn(
 ... ✓ Recovered
64. [[Tagimitonotoya Shrine]]C:\Users\ambie\AppData\Local\Programs\Python\Python313\Lib\site-packages\mwclient\util.py:38: DeprecationWarning: limit and api_chunk_size both specified, this is not supported! limit is deprecated, will use value of api_chunk_size
  warnings.warn(
 ... ✓ Recovered
65. [[Dake Rokusho Shrine]]C:\Users\ambie\AppData\Local\Programs\Python\Python313\Lib\site-packages\mwclient\util.py:38: DeprecationWarning: limit and api_chunk_size both specified, this is not supported! limit is deprecated, will use value of api_chunk_size
  warnings.warn(
 ... ✓ Recovered
66. [[Take Shrine]]C:\Users\ambie\AppData\Local\Programs\Python\Python313\Lib\site-packages\mwclient\util.py:38: DeprecationWarning: limit and api_chunk_size both specified, this is not supported! limit is deprecated, will use value of api_chunk_size
  warnings.warn(
 ... ✓ Recovered
67. [[Takumiya Shrine]]C:\Users\ambie\AppData\Local\Programs\Python\Python313\Lib\site-packages\mwclient\util.py:38: DeprecationWarning: limit and api_chunk_size both specified, this is not supported! limit is deprecated, will use value of api_chunk_size
  warnings.warn(
 ... ✓ Recovered
68. [[Tashima Shrine (Saga)]]C:\Users\ambie\AppData\Local\Programs\Python\Python313\Lib\site-packages\mwclient\util.py:38: DeprecationWarning: limit and api_chunk_size both specified, this is not supported! limit is deprecated, will use value of api_chunk_size
  warnings.warn(
 ... ✓ Recovered
69. [[Tatano Shrine]]C:\Users\ambie\AppData\Local\Programs\Python\Python313\Lib\site-packages\mwclient\util.py:38: DeprecationWarning: limit and api_chunk_size both specified, this is not supported! limit is deprecated, will use value of api_chunk_size
  warnings.warn(
 ... ✓ Recovered
70. [[Tate Shrine (Tsurugi)]]C:\Users\ambie\AppData\Local\Programs\Python\Python313\Lib\site-packages\mwclient\util.py:38: DeprecationWarning: limit and api_chunk_size both specified, this is not supported! limit is deprecated, will use value of api_chunk_size
  warnings.warn(
 ... ✓ Recovered
71. [[Tenjin-sha]]C:\Users\ambie\AppData\Local\Programs\Python\Python313\Lib\site-packages\mwclient\util.py:38: DeprecationWarning: limit and api_chunk_size both specified, this is not supported! limit is deprecated, will use value of api_chunk_size
  warnings.warn(
 ... ✓ Recovered
72. [[Tsubaki Grand Shrine]]C:\Users\ambie\AppData\Local\Programs\Python\Python313\Lib\site-packages\mwclient\util.py:38: DeprecationWarning: limit and api_chunk_size both specified, this is not supported! limit is deprecated, will use value of api_chunk_size
  warnings.warn(
 ... ✓ Recovered
73. [[Tsubaki Shrine]]C:\Users\ambie\AppData\Local\Programs\Python\Python313\Lib\site-packages\mwclient\util.py:38: DeprecationWarning: limit and api_chunk_size both specified, this is not supported! limit is deprecated, will use value of api_chunk_size
  warnings.warn(
 ... ✓ Recovered
74. [[Tsuda Shrine]]C:\Users\ambie\AppData\Local\Programs\Python\Python313\Lib\site-packages\mwclient\util.py:38: DeprecationWarning: limit and api_chunk_size both specified, this is not supported! limit is deprecated, will use value of api_chunk_size
  warnings.warn(
 ... ✓ Recovered
75. [[Tsukimoto Shrine]]C:\Users\ambie\AppData\Local\Programs\Python\Python313\Lib\site-packages\mwclient\util.py:38: DeprecationWarning: limit and api_chunk_size both specified, this is not supported! limit is deprecated, will use value of api_chunk_size
  warnings.warn(
 ... ✓ Recovered
76. [[Tsukubasan Shrine]]C:\Users\ambie\AppData\Local\Programs\Python\Python313\Lib\site-packages\mwclient\util.py:38: DeprecationWarning: limit and api_chunk_size both specified, this is not supported! limit is deprecated, will use value of api_chunk_size
  warnings.warn(
 ... ✓ Recovered
77. [[Tsuma Shrine]]C:\Users\ambie\AppData\Local\Programs\Python\Python313\Lib\site-packages\mwclient\util.py:38: DeprecationWarning: limit and api_chunk_size both specified, this is not supported! limit is deprecated, will use value of api_chunk_size
  warnings.warn(
 ... ✓ Recovered
78. [[Tsuno Shrine]]C:\Users\ambie\AppData\Local\Programs\Python\Python313\Lib\site-packages\mwclient\util.py:38: DeprecationWarning: limit and api_chunk_size both specified, this is not supported! limit is deprecated, will use value of api_chunk_size
  warnings.warn(
 ... ✓ Recovered
79. [[Tsunomine Shrine]]C:\Users\ambie\AppData\Local\Programs\Python\Python313\Lib\site-packages\mwclient\util.py:38: DeprecationWarning: limit and api_chunk_size both specified, this is not supported! limit is deprecated, will use value of api_chunk_size
  warnings.warn(
 ... ✓ Recovered
80. [[Tsurugi Shrine]]C:\Users\ambie\AppData\Local\Programs\Python\Python313\Lib\site-packages\mwclient\util.py:38: DeprecationWarning: limit and api_chunk_size both specified, this is not supported! limit is deprecated, will use value of api_chunk_size
  warnings.warn(
 ... ✓ Recovered
81. [[Tsurugi Shrine (Kirishima)]]C:\Users\ambie\AppData\Local\Programs\Python\Python313\Lib\site-packages\mwclient\util.py:38: DeprecationWarning: limit and api_chunk_size both specified, this is not supported! limit is deprecated, will use value of api_chunk_size
  warnings.warn(
 ... ✓ Recovered
82. [[Uonuma Shrine]]C:\Users\ambie\AppData\Local\Programs\Python\Python313\Lib\site-packages\mwclient\util.py:38: DeprecationWarning: limit and api_chunk_size both specified, this is not supported! limit is deprecated, will use value of api_chunk_size
  warnings.warn(
 ... ✓ Recovered
83. [[Usa Jingū]]C:\Users\ambie\AppData\Local\Programs\Python\Python313\Lib\site-packages\mwclient\util.py:38: DeprecationWarning: limit and api_chunk_size both specified, this is not supported! limit is deprecated, will use value of api_chunk_size
  warnings.warn(
 ... ✓ Recovered
84. [[Watatsumi Shrine (Kobe)]]C:\Users\ambie\AppData\Local\Programs\Python\Python313\Lib\site-packages\mwclient\util.py:38: DeprecationWarning: limit and api_chunk_size both specified, this is not supported! limit is deprecated, will use value of api_chunk_size
  warnings.warn(
 ... ✓ Recovered
85. [[Yamato Okunitama Shrine, Mima]]C:\Users\ambie\AppData\Local\Programs\Python\Python313\Lib\site-packages\mwclient\util.py:38: DeprecationWarning: limit and api_chunk_size both specified, this is not supported! limit is deprecated, will use value of api_chunk_size
  warnings.warn(
 ... ✓ Recovered
86. [[Yamato Okunitama Shrine, Minamiawaji]]C:\Users\ambie\AppData\Local\Programs\Python\Python313\Lib\site-packages\mwclient\util.py:38: DeprecationWarning: limit and api_chunk_size both specified, this is not supported! limit is deprecated, will use value of api_chunk_size
  warnings.warn(
 ... ✓ Recovered
87. [[Yasaka Shrine (Awa Province (Tokushima))]]C:\Users\ambie\AppData\Local\Programs\Python\Python313\Lib\site-packages\mwclient\util.py:38: DeprecationWarning: limit and api_chunk_size both specified, this is not supported! limit is deprecated, will use value of api_chunk_size
  warnings.warn(
 ... ✓ Recovered
88. [[Yashiro Shrine]]C:\Users\ambie\AppData\Local\Programs\Python\Python313\Lib\site-packages\mwclient\util.py:38: DeprecationWarning: limit and api_chunk_size both specified, this is not supported! limit is deprecated, will use value of api_chunk_size
  warnings.warn(
 ... ✓ Recovered
89. [[Yodohime Shrine]]C:\Users\ambie\AppData\Local\Programs\Python\Python313\Lib\site-packages\mwclient\util.py:38: DeprecationWarning: limit and api_chunk_size both specified, this is not supported! limit is deprecated, will use value of api_chunk_size
  warnings.warn(
 ... ✓ Recovered
90. [[Yoki Tenman Shrine]]C:\Users\ambie\AppData\Local\Programs\Python\Python313\Lib\site-packages\mwclient\util.py:38: DeprecationWarning: limit and api_chunk_size both specified, this is not supported! limit is deprecated, will use value of api_chunk_size
  warnings.warn(
 ... • No overwrite edit found
91. [[Yoshida Shrine]]C:\Users\ambie\AppData\Local\Programs\Python\Python313\Lib\site-packages\mwclient\util.py:38: DeprecationWarning: limit and api_chunk_size both specified, this is not supported! limit is deprecated, will use value of api_chunk_size
  warnings.warn(
 ... ✓ Recovered
92. [[Yoshino Mikumari Shrine]]C:\Users\ambie\AppData\Local\Programs\Python\Python313\Lib\site-packages\mwclient\util.py:38: DeprecationWarning: limit and api_chunk_size both specified, this is not supported! limit is deprecated, will use value of api_chunk_size
  warnings.warn(
 ... • No overwrite edit found
93. [[Ōasahiko Shrine]]C:\Users\ambie\AppData\Local\Programs\Python\Python313\Lib\site-packages\mwclient\util.py:38: DeprecationWarning: limit and api_chunk_size both specified, this is not supported! limit is deprecated, will use value of api_chunk_size
  warnings.warn(
 ... ✓ Recovered
94. [[Ōgamiyama Shrine]]C:\Users\ambie\AppData\Local\Programs\Python\Python313\Lib\site-packages\mwclient\util.py:38: DeprecationWarning: limit and api_chunk_size both specified, this is not supported! limit is deprecated, will use value of api_chunk_size
  warnings.warn(
 ... ✓ Recovered
95. [[Ōi Shrine (Mito)]]C:\Users\ambie\AppData\Local\Programs\Python\Python313\Lib\site-packages\mwclient\util.py:38: DeprecationWarning: limit and api_chunk_size both specified, this is not supported! limit is deprecated, will use value of api_chunk_size
  warnings.warn(
 ... ✓ Recovered
96. [[Ōji Shrine (Awa Province (Tokushima))]]C:\Users\ambie\AppData\Local\Programs\Python\Python313\Lib\site-packages\mwclient\util.py:38: DeprecationWarning: limit and api_chunk_size both specified, this is not supported! limit is deprecated, will use value of api_chunk_size
  warnings.warn(
 ... ✓ Recovered
97. [[Ōmushi Shrine (Echizen)]]C:\Users\ambie\AppData\Local\Programs\Python\Python313\Lib\site-packages\mwclient\util.py:38: DeprecationWarning: limit and api_chunk_size both specified, this is not supported! limit is deprecated, will use value of api_chunk_size
  warnings.warn(
 ... ✓ Recovered
98. [[Ōtsu Shrine (Hida)]]C:\Users\ambie\AppData\Local\Programs\Python\Python313\Lib\site-packages\mwclient\util.py:38: DeprecationWarning: limit and api_chunk_size both specified, this is not supported! limit is deprecated, will use value of api_chunk_size
  warnings.warn(
 ... ✓ Recovered
99. [[Asai Shrine (Takaoka)]]C:\Users\ambie\AppData\Local\Programs\Python\Python313\Lib\site-packages\mwclient\util.py:38: DeprecationWarning: limit and api_chunk_size both specified, this is not supported! limit is deprecated, will use value of api_chunk_size
  warnings.warn(
 ... ✓ Recovered
100. [[Katsura Shrine]]C:\Users\ambie\AppData\Local\Programs\Python\Python313\Lib\site-packages\mwclient\util.py:38: DeprecationWarning: limit and api_chunk_size both specified, this is not supported! limit is deprecated, will use value of api_chunk_size
  warnings.warn(
 ... ✓ Recovered
101. [[Sakamoto Shrine]]C:\Users\ambie\AppData\Local\Programs\Python\Python313\Lib\site-packages\mwclient\util.py:38: DeprecationWarning: limit and api_chunk_size both specified, this is not supported! limit is deprecated, will use value of api_chunk_size
  warnings.warn(
 ... ✓ Recovered

------------------------------------------------------------
Category Summary:
  Total pages: 101
  Recovered: 95
  No overwrite found: 5
  No previous revision: 0
  Errors: 0

============================================================
OVERALL SUMMARY:
============================================================
  Total pages processed: 241
  Total recovered: 231
  Total no overwrite found: 9
  Total no previous revision: 0
  Total errors: 0
