Logged in

Fetching pages in [[Category:Accidentally overwritten pages]]...
Found 46 pages

Processing pages...

1. [[Amatsu Shrine]]C:\Users\ambie\AppData\Local\Programs\Python\Python313\Lib\site-packages\mwclient\util.py:38: DeprecationWarning: limit and api_chunk_size both specified, this is not supported! limit is deprecated, will use value of api_chunk_size
  warnings.warn(
C:\Users\ambie\AppData\Local\Programs\Python\Python313\Lib\site-packages\mwclient\util.py:38: DeprecationWarning: limit and api_chunk_size both specified, this is not supported! limit is deprecated, will use value of api_chunk_size
  warnings.warn(
 ... ! Error recovering: ('multisource', 'The "revids" parameter cannot be used with "titles".', 'See https://shinto.miraheze.org/w/api.php for API usage. Subscribe to the mediawiki-api-announce mailing list at &lt;https://lists.wikimedia.org/postorius/lists/mediawiki-api-announce.lists.wikimedia.org/&gt; for notice of API deprecations and breaking changes.')
2. [[Asai Shrine (Takaoka)]]C:\Users\ambie\AppData\Local\Programs\Python\Python313\Lib\site-packages\mwclient\util.py:38: DeprecationWarning: limit and api_chunk_size both specified, this is not supported! limit is deprecated, will use value of api_chunk_size
  warnings.warn(
C:\Users\ambie\AppData\Local\Programs\Python\Python313\Lib\site-packages\mwclient\util.py:38: DeprecationWarning: limit and api_chunk_size both specified, this is not supported! limit is deprecated, will use value of api_chunk_size
  warnings.warn(
 ... ! Error recovering: ('multisource', 'The "revids" parameter cannot be used with "titles".', 'See https://shinto.miraheze.org/w/api.php for API usage. Subscribe to the mediawiki-api-announce mailing list at &lt;https://lists.wikimedia.org/postorius/lists/mediawiki-api-announce.lists.wikimedia.org/&gt; for notice of API deprecations and breaking changes.')
3. [[Dewa Shrine]]C:\Users\ambie\AppData\Local\Programs\Python\Python313\Lib\site-packages\mwclient\util.py:38: DeprecationWarning: limit and api_chunk_size both specified, this is not supported! limit is deprecated, will use value of api_chunk_size
  warnings.warn(
C:\Users\ambie\AppData\Local\Programs\Python\Python313\Lib\site-packages\mwclient\util.py:38: DeprecationWarning: limit and api_chunk_size both specified, this is not supported! limit is deprecated, will use value of api_chunk_size
  warnings.warn(
 ... ! Error recovering: ('multisource', 'The "revids" parameter cannot be used with "titles".', 'See https://shinto.miraheze.org/w/api.php for API usage. Subscribe to the mediawiki-api-announce mailing list at &lt;https://lists.wikimedia.org/postorius/lists/mediawiki-api-announce.lists.wikimedia.org/&gt; for notice of API deprecations and breaking changes.')
4. [[Gassan Shrine]]C:\Users\ambie\AppData\Local\Programs\Python\Python313\Lib\site-packages\mwclient\util.py:38: DeprecationWarning: limit and api_chunk_size both specified, this is not supported! limit is deprecated, will use value of api_chunk_size
  warnings.warn(
C:\Users\ambie\AppData\Local\Programs\Python\Python313\Lib\site-packages\mwclient\util.py:38: DeprecationWarning: limit and api_chunk_size both specified, this is not supported! limit is deprecated, will use value of api_chunk_size
  warnings.warn(
 ... ! Error recovering: ('multisource', 'The "revids" parameter cannot be used with "titles".', 'See https://shinto.miraheze.org/w/api.php for API usage. Subscribe to the mediawiki-api-announce mailing list at &lt;https://lists.wikimedia.org/postorius/lists/mediawiki-api-announce.lists.wikimedia.org/&gt; for notice of API deprecations and breaking changes.')
5. [[Hakozaki Shrine]]C:\Users\ambie\AppData\Local\Programs\Python\Python313\Lib\site-packages\mwclient\util.py:38: DeprecationWarning: limit and api_chunk_size both specified, this is not supported! limit is deprecated, will use value of api_chunk_size
  warnings.warn(
C:\Users\ambie\AppData\Local\Programs\Python\Python313\Lib\site-packages\mwclient\util.py:38: DeprecationWarning: limit and api_chunk_size both specified, this is not supported! limit is deprecated, will use value of api_chunk_size
  warnings.warn(
 ... ! Error recovering: ('multisource', 'The "revids" parameter cannot be used with "titles".', 'See https://shinto.miraheze.org/w/api.php for API usage. Subscribe to the mediawiki-api-announce mailing list at &lt;https://lists.wikimedia.org/postorius/lists/mediawiki-api-announce.lists.wikimedia.org/&gt; for notice of API deprecations and breaking changes.')
6. [[Hayatani Shrine]]C:\Users\ambie\AppData\Local\Programs\Python\Python313\Lib\site-packages\mwclient\util.py:38: DeprecationWarning: limit and api_chunk_size both specified, this is not supported! limit is deprecated, will use value of api_chunk_size
  warnings.warn(
C:\Users\ambie\AppData\Local\Programs\Python\Python313\Lib\site-packages\mwclient\util.py:38: DeprecationWarning: limit and api_chunk_size both specified, this is not supported! limit is deprecated, will use value of api_chunk_size
  warnings.warn(
 ... ! Error recovering: ('multisource', 'The "revids" parameter cannot be used with "titles".', 'See https://shinto.miraheze.org/w/api.php for API usage. Subscribe to the mediawiki-api-announce mailing list at &lt;https://lists.wikimedia.org/postorius/lists/mediawiki-api-announce.lists.wikimedia.org/&gt; for notice of API deprecations and breaking changes.')
7. [[Hikawa Shrine]]C:\Users\ambie\AppData\Local\Programs\Python\Python313\Lib\site-packages\mwclient\util.py:38: DeprecationWarning: limit and api_chunk_size both specified, this is not supported! limit is deprecated, will use value of api_chunk_size
  warnings.warn(
C:\Users\ambie\AppData\Local\Programs\Python\Python313\Lib\site-packages\mwclient\util.py:38: DeprecationWarning: limit and api_chunk_size both specified, this is not supported! limit is deprecated, will use value of api_chunk_size
  warnings.warn(
 ... ! Error recovering: ('multisource', 'The "revids" parameter cannot be used with "titles".', 'See https://shinto.miraheze.org/w/api.php for API usage. Subscribe to the mediawiki-api-announce mailing list at &lt;https://lists.wikimedia.org/postorius/lists/mediawiki-api-announce.lists.wikimedia.org/&gt; for notice of API deprecations and breaking changes.')
8. [[Hinokuma Hime Shrine]]C:\Users\ambie\AppData\Local\Programs\Python\Python313\Lib\site-packages\mwclient\util.py:38: DeprecationWarning: limit and api_chunk_size both specified, this is not supported! limit is deprecated, will use value of api_chunk_size
  warnings.warn(
Logged in

Fetching pages in [[Category:Accidentally overwritten pages]]...
Found 46 pages

Processing pages...

1. [[Amatsu Shrine]]C:\Users\ambie\AppData\Local\Programs\Python\Python313\Lib\site-packages\mwclient\util.py:38: DeprecationWarning: limit and api_chunk_size both specified, this is not supported! limit is deprecated, will use value of api_chunk_size
  warnings.warn(
 ... • Could not fetch previous revision content
2. [[Asai Shrine (Takaoka)]]C:\Users\ambie\AppData\Local\Programs\Python\Python313\Lib\site-packages\mwclient\util.py:38: DeprecationWarning: limit and api_chunk_size both specified, this is not supported! limit is deprecated, will use value of api_chunk_size
  warnings.warn(
 ... • Could not fetch previous revision content
3. [[Dewa Shrine]]C:\Users\ambie\AppData\Local\Programs\Python\Python313\Lib\site-packages\mwclient\util.py:38: DeprecationWarning: limit and api_chunk_size both specified, this is not supported! limit is deprecated, will use value of api_chunk_size
  warnings.warn(
 ... • Could not fetch previous revision content
4. [[Gassan Shrine]]C:\Users\ambie\AppData\Local\Programs\Python\Python313\Lib\site-packages\mwclient\util.py:38: DeprecationWarning: limit and api_chunk_size both specified, this is not supported! limit is deprecated, will use value of api_chunk_size
  warnings.warn(
 ... • Could not fetch previous revision content
5. [[Hakozaki Shrine]]C:\Users\ambie\AppData\Local\Programs\Python\Python313\Lib\site-packages\mwclient\util.py:38: DeprecationWarning: limit and api_chunk_size both specified, this is not supported! limit is deprecated, will use value of api_chunk_size
  warnings.warn(
 ... • Could not fetch previous revision content
6. [[Hayatani Shrine]]C:\Users\ambie\AppData\Local\Programs\Python\Python313\Lib\site-packages\mwclient\util.py:38: DeprecationWarning: limit and api_chunk_size both specified, this is not supported! limit is deprecated, will use value of api_chunk_size
  warnings.warn(
 ... • Could not fetch previous revision content
7. [[Hikawa Shrine]]C:\Users\ambie\AppData\Local\Programs\Python\Python313\Lib\site-packages\mwclient\util.py:38: DeprecationWarning: limit and api_chunk_size both specified, this is not supported! limit is deprecated, will use value of api_chunk_size
  warnings.warn(
 ... • Could not fetch previous revision content
8. [[Hinokuma Hime Shrine]]C:\Users\ambie\AppData\Local\Programs\Python\Python313\Lib\site-packages\mwclient\util.py:38: DeprecationWarning: limit and api_chunk_size both specified, this is not supported! limit is deprecated, will use value of api_chunk_size
  warnings.warn(
 ... • Could not fetch previous revision content
9. [[Kamado Shrine]]C:\Users\ambie\AppData\Local\Programs\Python\Python313\Lib\site-packages\mwclient\util.py:38: DeprecationWarning: limit and api_chunk_size both specified, this is not supported! limit is deprecated, will use value of api_chunk_size
  warnings.warn(
 ... • Could not fetch previous revision content
10. [[Kasuga Shrine (Tokushima)]]C:\Users\ambie\AppData\Local\Programs\Python\Python313\Lib\site-packages\mwclient\util.py:38: DeprecationWarning: limit and api_chunk_size both specified, this is not supported! limit is deprecated, will use value of api_chunk_size
  warnings.warn(
 ... • Could not fetch previous revision content
11. [[Katayama Hiko Shrine]]C:\Users\ambie\AppData\Local\Programs\Python\Python313\Lib\site-packages\mwclient\util.py:38: DeprecationWarning: limit and api_chunk_size both specified, this is not supported! limit is deprecated, will use value of api_chunk_size
  warnings.warn(
 ... • Could not fetch previous revision content
12. [[Katsura Shrine]]C:\Users\ambie\AppData\Local\Programs\Python\Python313\Lib\site-packages\mwclient\util.py:38: DeprecationWarning: limit and api_chunk_size both specified, this is not supported! limit is deprecated, will use value of api_chunk_size
  warnings.warn(
 ... • Could not fetch previous revision content
13. [[Keta Jinja]]C:\Users\ambie\AppData\Local\Programs\Python\Python313\Lib\site-packages\mwclient\util.py:38: DeprecationWarning: limit and api_chunk_size both specified, this is not supported! limit is deprecated, will use value of api_chunk_size
  warnings.warn(
 ... • Could not fetch previous revision content
14. [[Kibitsu Shrine (Bitchū)]]C:\Users\ambie\AppData\Local\Programs\Python\Python313\Lib\site-packages\mwclient\util.py:38: DeprecationWarning: limit and api_chunk_size both specified, this is not supported! limit is deprecated, will use value of api_chunk_size
  warnings.warn(
 ... • Could not fetch previous revision content
15. [[Kirishima Jingu]]C:\Users\ambie\AppData\Local\Programs\Python\Python313\Lib\site-packages\mwclient\util.py:38: DeprecationWarning: limit and api_chunk_size both specified, this is not supported! limit is deprecated, will use value of api_chunk_size
  warnings.warn(
