Logged in

Fetching pages in [[Category:Pages that were shrank]]...
Found 54 pages

Processing pages...

1. [[Eda Shrine]]C:\Users\ambie\AppData\Local\Programs\Python\Python313\Lib\site-packages\mwclient\util.py:38: DeprecationWarning: limit and api_chunk_size both specified, this is not supported! limit is deprecated, will use value of api_chunk_size
  warnings.warn(
 ... • Could not fetch previous revision content
2. [[Ena Shrine]]C:\Users\ambie\AppData\Local\Programs\Python\Python313\Lib\site-packages\mwclient\util.py:38: DeprecationWarning: limit and api_chunk_size both specified, this is not supported! limit is deprecated, will use value of api_chunk_size
  warnings.warn(
 ... • Could not fetch previous revision content
3. [[Hayashi Shrine (Tonami)]]C:\Users\ambie\AppData\Local\Programs\Python\Python313\Lib\site-packages\mwclient\util.py:38: DeprecationWarning: limit and api_chunk_size both specified, this is not supported! limit is deprecated, will use value of api_chunk_size
  warnings.warn(
 ... • Could not fetch previous revision content
4. [[Hayashi Shrine (Akashi)]]C:\Users\ambie\AppData\Local\Programs\Python\Python313\Lib\site-packages\mwclient\util.py:38: DeprecationWarning: limit and api_chunk_size both specified, this is not supported! limit is deprecated, will use value of api_chunk_size
  warnings.warn(
 ... • Could not fetch previous revision content
5. [[Hikino Shrine]]C:\Users\ambie\AppData\Local\Programs\Python\Python313\Lib\site-packages\mwclient\util.py:38: DeprecationWarning: limit and api_chunk_size both specified, this is not supported! limit is deprecated, will use value of api_chunk_size
  warnings.warn(
 ... • Could not fetch previous revision content
6. [[Imizu Shrine]]C:\Users\ambie\AppData\Local\Programs\Python\Python313\Lib\site-packages\mwclient\util.py:38: DeprecationWarning: limit and api_chunk_size both specified, this is not supported! limit is deprecated, will use value of api_chunk_size
  warnings.warn(
 ... • Could not fetch previous revision content
7. [[Ishii Shrine (Izumozaki)]]C:\Users\ambie\AppData\Local\Programs\Python\Python313\Lib\site-packages\mwclient\util.py:38: DeprecationWarning: limit and api_chunk_size both specified, this is not supported! limit is deprecated, will use value of api_chunk_size
  warnings.warn(
 ... • Could not fetch previous revision content
8. [[Isobe Shrine (Komatsu City)]]C:\Users\ambie\AppData\Local\Programs\Python\Python313\Lib\site-packages\mwclient\util.py:38: DeprecationWarning: limit and api_chunk_size both specified, this is not supported! limit is deprecated, will use value of api_chunk_size
  warnings.warn(
 ... • Could not fetch previous revision content
9. [[Itatehyōzu Shrine]]C:\Users\ambie\AppData\Local\Programs\Python\Python313\Lib\site-packages\mwclient\util.py:38: DeprecationWarning: limit and api_chunk_size both specified, this is not supported! limit is deprecated, will use value of api_chunk_size
  warnings.warn(
 ... • Could not fetch previous revision content
10. [[Itsukushima Shrine]]C:\Users\ambie\AppData\Local\Programs\Python\Python313\Lib\site-packages\mwclient\util.py:38: DeprecationWarning: limit and api_chunk_size both specified, this is not supported! limit is deprecated, will use value of api_chunk_size
  warnings.warn(
 ... • Could not fetch previous revision content
11. [[Iwa Shrine (Matsumoto)]]C:\Users\ambie\AppData\Local\Programs\Python\Python313\Lib\site-packages\mwclient\util.py:38: DeprecationWarning: limit and api_chunk_size both specified, this is not supported! limit is deprecated, will use value of api_chunk_size
  warnings.warn(
 ... • Could not fetch previous revision content
12. [[Kami-Kamikawa Sumiyoshi Shrine]]C:\Users\ambie\AppData\Local\Programs\Python\Python313\Lib\site-packages\mwclient\util.py:38: DeprecationWarning: limit and api_chunk_size both specified, this is not supported! limit is deprecated, will use value of api_chunk_size
  warnings.warn(
 ... • Could not fetch previous revision content
13. [[Kashima Jingu]]C:\Users\ambie\AppData\Local\Programs\Python\Python313\Lib\site-packages\mwclient\util.py:38: DeprecationWarning: limit and api_chunk_size both specified, this is not supported! limit is deprecated, will use value of api_chunk_size
  warnings.warn(
 ... • Could not fetch previous revision content
14. [[Kifune Shrine (Hida City)]]C:\Users\ambie\AppData\Local\Programs\Python\Python313\Lib\site-packages\mwclient\util.py:38: DeprecationWarning: limit and api_chunk_size both specified, this is not supported! limit is deprecated, will use value of api_chunk_size
  warnings.warn(
 ... • Could not fetch previous revision content
15. [[Kurihara Shrine (Takayama)]]C:\Users\ambie\AppData\Local\Programs\Python\Python313\Lib\site-packages\mwclient\util.py:38: DeprecationWarning: limit and api_chunk_size both specified, this is not supported! limit is deprecated, will use value of api_chunk_size
  warnings.warn(
 ... • Could not fetch previous revision content
16. [[Minashi Shrine]]C:\Users\ambie\AppData\Local\Programs\Python\Python313\Lib\site-packages\mwclient\util.py:38: DeprecationWarning: limit and api_chunk_size both specified, this is not supported! limit is deprecated, will use value of api_chunk_size
  warnings.warn(
 ... • Could not fetch previous revision content
17. [[Mizuwakasu Shrine]]C:\Users\ambie\AppData\Local\Programs\Python\Python313\Lib\site-packages\mwclient\util.py:38: DeprecationWarning: limit and api_chunk_size both specified, this is not supported! limit is deprecated, will use value of api_chunk_size
  warnings.warn(
 ... • Could not fetch previous revision content
18. [[Oarai Isosaki Shrine]]C:\Users\ambie\AppData\Local\Programs\Python\Python313\Lib\site-packages\mwclient\util.py:38: DeprecationWarning: limit and api_chunk_size both specified, this is not supported! limit is deprecated, will use value of api_chunk_size
  warnings.warn(
 ... • Could not fetch previous revision content
19. [[Ogami Shrine (Tonami City)]]C:\Users\ambie\AppData\Local\Programs\Python\Python313\Lib\site-packages\mwclient\util.py:38: DeprecationWarning: limit and api_chunk_size both specified, this is not supported! limit is deprecated, will use value of api_chunk_size
  warnings.warn(
 ... • Could not fetch previous revision content
20. [[Oyama Shrine (Tateyama)]]C:\Users\ambie\AppData\Local\Programs\Python\Python313\Lib\site-packages\mwclient\util.py:38: DeprecationWarning: limit and api_chunk_size both specified, this is not supported! limit is deprecated, will use value of api_chunk_size
  warnings.warn(
 ... • Could not fetch previous revision content
21. [[Sawawachigi Shrine]]C:\Users\ambie\AppData\Local\Programs\Python\Python313\Lib\site-packages\mwclient\util.py:38: DeprecationWarning: limit and api_chunk_size both specified, this is not supported! limit is deprecated, will use value of api_chunk_size
  warnings.warn(
 ... • Could not fetch previous revision content
22. [[Shinmei-sha]]C:\Users\ambie\AppData\Local\Programs\Python\Python313\Lib\site-packages\mwclient\util.py:38: DeprecationWarning: limit and api_chunk_size both specified, this is not supported! limit is deprecated, will use value of api_chunk_size
  warnings.warn(
 ... • Could not fetch previous revision content
23. [[Shirayama Hime Shrine]]C:\Users\ambie\AppData\Local\Programs\Python\Python313\Lib\site-packages\mwclient\util.py:38: DeprecationWarning: limit and api_chunk_size both specified, this is not supported! limit is deprecated, will use value of api_chunk_size
  warnings.warn(
 ... • Could not fetch previous revision content
24. [[Shitori Shrine (Tottori)]]C:\Users\ambie\AppData\Local\Programs\Python\Python313\Lib\site-packages\mwclient\util.py:38: DeprecationWarning: limit and api_chunk_size both specified, this is not supported! limit is deprecated, will use value of api_chunk_size
  warnings.warn(
 ... • Could not fetch previous revision content
25. [[Shizu Shrine]]C:\Users\ambie\AppData\Local\Programs\Python\Python313\Lib\site-packages\mwclient\util.py:38: DeprecationWarning: limit and api_chunk_size both specified, this is not supported! limit is deprecated, will use value of api_chunk_size
  warnings.warn(
 ... • Could not fetch previous revision content
26. [[Takase Shrine]]C:\Users\ambie\AppData\Local\Programs\Python\Python313\Lib\site-packages\mwclient\util.py:38: DeprecationWarning: limit and api_chunk_size both specified, this is not supported! limit is deprecated, will use value of api_chunk_size
  warnings.warn(
 ... • Could not fetch previous revision content
27. [[Takata Shrine (Hida Province)]]C:\Users\ambie\AppData\Local\Programs\Python\Python313\Lib\site-packages\mwclient\util.py:38: DeprecationWarning: limit and api_chunk_size both specified, this is not supported! limit is deprecated, will use value of api_chunk_size
  warnings.warn(
 ... • Could not fetch previous revision content
28. [[Takata Shrine (Hida)]]C:\Users\ambie\AppData\Local\Programs\Python\Python313\Lib\site-packages\mwclient\util.py:38: DeprecationWarning: limit and api_chunk_size both specified, this is not supported! limit is deprecated, will use value of api_chunk_size
  warnings.warn(
 ... • Could not fetch previous revision content
29. [[Dake Rokusho Shrine]]C:\Users\ambie\AppData\Local\Programs\Python\Python313\Lib\site-packages\mwclient\util.py:38: DeprecationWarning: limit and api_chunk_size both specified, this is not supported! limit is deprecated, will use value of api_chunk_size
  warnings.warn(
 ... • Could not fetch previous revision content
30. [[Tashima Shrine (Saga)]]C:\Users\ambie\AppData\Local\Programs\Python\Python313\Lib\site-packages\mwclient\util.py:38: DeprecationWarning: limit and api_chunk_size both specified, this is not supported! limit is deprecated, will use value of api_chunk_size
  warnings.warn(
 ... • Could not fetch previous revision content
31. [[Tatano Shrine]]C:\Users\ambie\AppData\Local\Programs\Python\Python313\Lib\site-packages\mwclient\util.py:38: DeprecationWarning: limit and api_chunk_size both specified, this is not supported! limit is deprecated, will use value of api_chunk_size
  warnings.warn(
 ... • Could not fetch previous revision content
32. [[Tate Shrine (Tsurugi)]]C:\Users\ambie\AppData\Local\Programs\Python\Python313\Lib\site-packages\mwclient\util.py:38: DeprecationWarning: limit and api_chunk_size both specified, this is not supported! limit is deprecated, will use value of api_chunk_size
  warnings.warn(
 ... • Could not fetch previous revision content
33. [[Tenjin-sha]]C:\Users\ambie\AppData\Local\Programs\Python\Python313\Lib\site-packages\mwclient\util.py:38: DeprecationWarning: limit and api_chunk_size both specified, this is not supported! limit is deprecated, will use value of api_chunk_size
  warnings.warn(
 ... • Could not fetch previous revision content
34. [[Tsukimoto Shrine]]C:\Users\ambie\AppData\Local\Programs\Python\Python313\Lib\site-packages\mwclient\util.py:38: DeprecationWarning: limit and api_chunk_size both specified, this is not supported! limit is deprecated, will use value of api_chunk_size
  warnings.warn(
 ... • Could not fetch previous revision content
35. [[Tsukubasan Shrine]]C:\Users\ambie\AppData\Local\Programs\Python\Python313\Lib\site-packages\mwclient\util.py:38: DeprecationWarning: limit and api_chunk_size both specified, this is not supported! limit is deprecated, will use value of api_chunk_size
  warnings.warn(
 ... • Could not fetch previous revision content
36. [[Tsuma Shrine]]C:\Users\ambie\AppData\Local\Programs\Python\Python313\Lib\site-packages\mwclient\util.py:38: DeprecationWarning: limit and api_chunk_size both specified, this is not supported! limit is deprecated, will use value of api_chunk_size
  warnings.warn(
 ... • Could not fetch previous revision content
37. [[Tsuno Shrine]]C:\Users\ambie\AppData\Local\Programs\Python\Python313\Lib\site-packages\mwclient\util.py:38: DeprecationWarning: limit and api_chunk_size both specified, this is not supported! limit is deprecated, will use value of api_chunk_size
  warnings.warn(
 ... • Could not fetch previous revision content
38. [[Tsunomine Shrine]]C:\Users\ambie\AppData\Local\Programs\Python\Python313\Lib\site-packages\mwclient\util.py:38: DeprecationWarning: limit and api_chunk_size both specified, this is not supported! limit is deprecated, will use value of api_chunk_size
  warnings.warn(
 ... • Could not fetch previous revision content
39. [[Tsurugi Shrine]]C:\Users\ambie\AppData\Local\Programs\Python\Python313\Lib\site-packages\mwclient\util.py:38: DeprecationWarning: limit and api_chunk_size both specified, this is not supported! limit is deprecated, will use value of api_chunk_size
  warnings.warn(
 ... • Could not fetch previous revision content
40. [[Tsurugi Shrine (Kirishima)]]C:\Users\ambie\AppData\Local\Programs\Python\Python313\Lib\site-packages\mwclient\util.py:38: DeprecationWarning: limit and api_chunk_size both specified, this is not supported! limit is deprecated, will use value of api_chunk_size
  warnings.warn(
 ... • Could not fetch previous revision content
41. [[Uonuma Shrine]]C:\Users\ambie\AppData\Local\Programs\Python\Python313\Lib\site-packages\mwclient\util.py:38: DeprecationWarning: limit and api_chunk_size both specified, this is not supported! limit is deprecated, will use value of api_chunk_size
  warnings.warn(
 ... • Could not fetch previous revision content
42. [[Usa Jingū]]C:\Users\ambie\AppData\Local\Programs\Python\Python313\Lib\site-packages\mwclient\util.py:38: DeprecationWarning: limit and api_chunk_size both specified, this is not supported! limit is deprecated, will use value of api_chunk_size
  warnings.warn(
 ... • Could not fetch previous revision content
43. [[Watatsumi Shrine (Kobe)]]C:\Users\ambie\AppData\Local\Programs\Python\Python313\Lib\site-packages\mwclient\util.py:38: DeprecationWarning: limit and api_chunk_size both specified, this is not supported! limit is deprecated, will use value of api_chunk_size
  warnings.warn(
 ... • Could not fetch previous revision content
44. [[Yamato Okunitama Shrine, Mima]]C:\Users\ambie\AppData\Local\Programs\Python\Python313\Lib\site-packages\mwclient\util.py:38: DeprecationWarning: limit and api_chunk_size both specified, this is not supported! limit is deprecated, will use value of api_chunk_size
  warnings.warn(
 ... • Could not fetch previous revision content
45. [[Yamato Okunitama Shrine, Minamiawaji]]C:\Users\ambie\AppData\Local\Programs\Python\Python313\Lib\site-packages\mwclient\util.py:38: DeprecationWarning: limit and api_chunk_size both specified, this is not supported! limit is deprecated, will use value of api_chunk_size
  warnings.warn(
 ... • Could not fetch previous revision content
46. [[Yasaka Shrine (Awa Province (Tokushima))]]C:\Users\ambie\AppData\Local\Programs\Python\Python313\Lib\site-packages\mwclient\util.py:38: DeprecationWarning: limit and api_chunk_size both specified, this is not supported! limit is deprecated, will use value of api_chunk_size
  warnings.warn(
 ... • Could not fetch previous revision content
47. [[Yodohime Shrine]]C:\Users\ambie\AppData\Local\Programs\Python\Python313\Lib\site-packages\mwclient\util.py:38: DeprecationWarning: limit and api_chunk_size both specified, this is not supported! limit is deprecated, will use value of api_chunk_size
  warnings.warn(
 ... • Could not fetch previous revision content
48. [[Yoshino Mikumari Shrine]]C:\Users\ambie\AppData\Local\Programs\Python\Python313\Lib\site-packages\mwclient\util.py:38: DeprecationWarning: limit and api_chunk_size both specified, this is not supported! limit is deprecated, will use value of api_chunk_size
  warnings.warn(
 ... • No overwrite edit found
49. [[Ōgamiyama Shrine]]C:\Users\ambie\AppData\Local\Programs\Python\Python313\Lib\site-packages\mwclient\util.py:38: DeprecationWarning: limit and api_chunk_size both specified, this is not supported! limit is deprecated, will use value of api_chunk_size
  warnings.warn(
 ... • Could not fetch previous revision content
50. [[Ōi Shrine (Kasama)]]C:\Users\ambie\AppData\Local\Programs\Python\Python313\Lib\site-packages\mwclient\util.py:38: DeprecationWarning: limit and api_chunk_size both specified, this is not supported! limit is deprecated, will use value of api_chunk_size
  warnings.warn(
 ... • Could not fetch previous revision content
51. [[Ōi Shrine (Mito)]]C:\Users\ambie\AppData\Local\Programs\Python\Python313\Lib\site-packages\mwclient\util.py:38: DeprecationWarning: limit and api_chunk_size both specified, this is not supported! limit is deprecated, will use value of api_chunk_size
  warnings.warn(
 ... • Could not fetch previous revision content
52. [[Ōji Shrine (Awa Province (Tokushima))]]C:\Users\ambie\AppData\Local\Programs\Python\Python313\Lib\site-packages\mwclient\util.py:38: DeprecationWarning: limit and api_chunk_size both specified, this is not supported! limit is deprecated, will use value of api_chunk_size
  warnings.warn(
 ... • Could not fetch previous revision content
53. [[Ōmushi Shrine (Echizen)]]C:\Users\ambie\AppData\Local\Programs\Python\Python313\Lib\site-packages\mwclient\util.py:38: DeprecationWarning: limit and api_chunk_size both specified, this is not supported! limit is deprecated, will use value of api_chunk_size
  warnings.warn(
 ... • Could not fetch previous revision content
54. [[Ōtsu Shrine (Hida)]]C:\Users\ambie\AppData\Local\Programs\Python\Python313\Lib\site-packages\mwclient\util.py:38: DeprecationWarning: limit and api_chunk_size both specified, this is not supported! limit is deprecated, will use value of api_chunk_size
  warnings.warn(
 ... • Could not fetch previous revision content

============================================================

Summary:
  Total pages: 54
  Recovered: 0
  No overwrite found: 1
  Found overwrite but no previous revision: 0
  Errors: 0
