Logged in

Fetching pages in [[Category:Accidentally overwritten pages]]...
Found 46 pages

Processing pages...

1. [[Amatsu Shrine]]C:\Users\ambie\AppData\Local\Programs\Python\Python313\Lib\site-packages\mwclient\util.py:38: DeprecationWarning: limit and api_chunk_size both specified, this is not supported! limit is deprecated, will use value of api_chunk_size
  warnings.warn(
 ... • Could not fetch previous revision content
2. [[Asai Shrine (Takaoka)]]C:\Users\ambie\AppData\Local\Programs\Python\Python313\Lib\site-packages\mwclient\util.py:38: DeprecationWarning: limit and api_chunk_size both specified, this is not supported! limit is deprecated, will use value of api_chunk_size
  warnings.warn(
 ... • Could not fetch previous revision content
3. [[Dewa Shrine]]C:\Users\ambie\AppData\Local\Programs\Python\Python313\Lib\site-packages\mwclient\util.py:38: DeprecationWarning: limit and api_chunk_size both specified, this is not supported! limit is deprecated, will use value of api_chunk_size
  warnings.warn(
 ... • Could not fetch previous revision content
4. [[Gassan Shrine]]C:\Users\ambie\AppData\Local\Programs\Python\Python313\Lib\site-packages\mwclient\util.py:38: DeprecationWarning: limit and api_chunk_size both specified, this is not supported! limit is deprecated, will use value of api_chunk_size
  warnings.warn(
 ... • Could not fetch previous revision content
5. [[Hakozaki Shrine]]C:\Users\ambie\AppData\Local\Programs\Python\Python313\Lib\site-packages\mwclient\util.py:38: DeprecationWarning: limit and api_chunk_size both specified, this is not supported! limit is deprecated, will use value of api_chunk_size
  warnings.warn(
 ... • Could not fetch previous revision content
6. [[Hayatani Shrine]]C:\Users\ambie\AppData\Local\Programs\Python\Python313\Lib\site-packages\mwclient\util.py:38: DeprecationWarning: limit and api_chunk_size both specified, this is not supported! limit is deprecated, will use value of api_chunk_size
  warnings.warn(
 ... • Could not fetch previous revision content
7. [[Hikawa Shrine]]C:\Users\ambie\AppData\Local\Programs\Python\Python313\Lib\site-packages\mwclient\util.py:38: DeprecationWarning: limit and api_chunk_size both specified, this is not supported! limit is deprecated, will use value of api_chunk_size
  warnings.warn(
 ... • Could not fetch previous revision content
8. [[Hinokuma Hime Shrine]]C:\Users\ambie\AppData\Local\Programs\Python\Python313\Lib\site-packages\mwclient\util.py:38: DeprecationWarning: limit and api_chunk_size both specified, this is not supported! limit is deprecated, will use value of api_chunk_size
  warnings.warn(
 ... • Could not fetch previous revision content
9. [[Kamado Shrine]]C:\Users\ambie\AppData\Local\Programs\Python\Python313\Lib\site-packages\mwclient\util.py:38: DeprecationWarning: limit and api_chunk_size both specified, this is not supported! limit is deprecated, will use value of api_chunk_size
  warnings.warn(
 ... • Could not fetch previous revision content
10. [[Kasuga Shrine (Tokushima)]]C:\Users\ambie\AppData\Local\Programs\Python\Python313\Lib\site-packages\mwclient\util.py:38: DeprecationWarning: limit and api_chunk_size both specified, this is not supported! limit is deprecated, will use value of api_chunk_size
  warnings.warn(
 ... • Could not fetch previous revision content
11. [[Katayama Hiko Shrine]]C:\Users\ambie\AppData\Local\Programs\Python\Python313\Lib\site-packages\mwclient\util.py:38: DeprecationWarning: limit and api_chunk_size both specified, this is not supported! limit is deprecated, will use value of api_chunk_size
  warnings.warn(
 ... • Could not fetch previous revision content
12. [[Katsura Shrine]]C:\Users\ambie\AppData\Local\Programs\Python\Python313\Lib\site-packages\mwclient\util.py:38: DeprecationWarning: limit and api_chunk_size both specified, this is not supported! limit is deprecated, will use value of api_chunk_size
  warnings.warn(
 ... • Could not fetch previous revision content
13. [[Keta Jinja]]C:\Users\ambie\AppData\Local\Programs\Python\Python313\Lib\site-packages\mwclient\util.py:38: DeprecationWarning: limit and api_chunk_size both specified, this is not supported! limit is deprecated, will use value of api_chunk_size
  warnings.warn(
 ... • Could not fetch previous revision content
14. [[Kibitsu Shrine (Bitchū)]]C:\Users\ambie\AppData\Local\Programs\Python\Python313\Lib\site-packages\mwclient\util.py:38: DeprecationWarning: limit and api_chunk_size both specified, this is not supported! limit is deprecated, will use value of api_chunk_size
  warnings.warn(
 ... • Could not fetch previous revision content
15. [[Kirishima Jingu]]C:\Users\ambie\AppData\Local\Programs\Python\Python313\Lib\site-packages\mwclient\util.py:38: DeprecationWarning: limit and api_chunk_size both specified, this is not supported! limit is deprecated, will use value of api_chunk_size
  warnings.warn(
 ... • Could not fetch previous revision content
16. [[Kōra taisha]]C:\Users\ambie\AppData\Local\Programs\Python\Python313\Lib\site-packages\mwclient\util.py:38: DeprecationWarning: limit and api_chunk_size both specified, this is not supported! limit is deprecated, will use value of api_chunk_size
  warnings.warn(
 ... • Could not fetch previous revision content
17. [[Mononobe Shrine]]C:\Users\ambie\AppData\Local\Programs\Python\Python313\Lib\site-packages\mwclient\util.py:38: DeprecationWarning: limit and api_chunk_size both specified, this is not supported! limit is deprecated, will use value of api_chunk_size
  warnings.warn(
 ... • Could not fetch previous revision content
18. [[Munakata Shrine (Kita-ku, Okayama)]]C:\Users\ambie\AppData\Local\Programs\Python\Python313\Lib\site-packages\mwclient\util.py:38: DeprecationWarning: limit and api_chunk_size both specified, this is not supported! limit is deprecated, will use value of api_chunk_size
  warnings.warn(
 ... • Could not fetch previous revision content
19. [[Munakata Taisha]]C:\Users\ambie\AppData\Local\Programs\Python\Python313\Lib\site-packages\mwclient\util.py:38: DeprecationWarning: limit and api_chunk_size both specified, this is not supported! limit is deprecated, will use value of api_chunk_size
  warnings.warn(
 ... • Could not fetch previous revision content
20. [[Nagahatabe Shrine (Hitachiota)]]C:\Users\ambie\AppData\Local\Programs\Python\Python313\Lib\site-packages\mwclient\util.py:38: DeprecationWarning: limit and api_chunk_size both specified, this is not supported! limit is deprecated, will use value of api_chunk_size
  warnings.warn(
 ... • Could not fetch previous revision content
21. [[Okami Shrine (Q135040229)]]C:\Users\ambie\AppData\Local\Programs\Python\Python313\Lib\site-packages\mwclient\util.py:38: DeprecationWarning: limit and api_chunk_size both specified, this is not supported! limit is deprecated, will use value of api_chunk_size
  warnings.warn(
 ... • No overwrite edit found
22. [[Omiwa Shrine (Tokushima)]]C:\Users\ambie\AppData\Local\Programs\Python\Python313\Lib\site-packages\mwclient\util.py:38: DeprecationWarning: limit and api_chunk_size both specified, this is not supported! limit is deprecated, will use value of api_chunk_size
  warnings.warn(
 ... • Could not fetch previous revision content
23. [[Omonoimi Shrine (Tobishima, Sakata)]]C:\Users\ambie\AppData\Local\Programs\Python\Python313\Lib\site-packages\mwclient\util.py:38: DeprecationWarning: limit and api_chunk_size both specified, this is not supported! limit is deprecated, will use value of api_chunk_size
  warnings.warn(
 ... • Could not fetch previous revision content
24. [[Omonoimi Shrine (Yamadate, Sakata)]]C:\Users\ambie\AppData\Local\Programs\Python\Python313\Lib\site-packages\mwclient\util.py:38: DeprecationWarning: limit and api_chunk_size both specified, this is not supported! limit is deprecated, will use value of api_chunk_size
  warnings.warn(
 ... • Could not fetch previous revision content
25. [[Sakamoto Shrine]]C:\Users\ambie\AppData\Local\Programs\Python\Python313\Lib\site-packages\mwclient\util.py:38: DeprecationWarning: limit and api_chunk_size both specified, this is not supported! limit is deprecated, will use value of api_chunk_size
  warnings.warn(
 ... • Could not fetch previous revision content
26. [[Sakatsura Isosaki Shrine]]C:\Users\ambie\AppData\Local\Programs\Python\Python313\Lib\site-packages\mwclient\util.py:38: DeprecationWarning: limit and api_chunk_size both specified, this is not supported! limit is deprecated, will use value of api_chunk_size
  warnings.warn(
 ... • Could not fetch previous revision content
27. [[Sasamuta Shrine]]C:\Users\ambie\AppData\Local\Programs\Python\Python313\Lib\site-packages\mwclient\util.py:38: DeprecationWarning: limit and api_chunk_size both specified, this is not supported! limit is deprecated, will use value of api_chunk_size
  warnings.warn(
 ... • Could not fetch previous revision content
28. [[Sashino Shrine (Kasama)]]C:\Users\ambie\AppData\Local\Programs\Python\Python313\Lib\site-packages\mwclient\util.py:38: DeprecationWarning: limit and api_chunk_size both specified, this is not supported! limit is deprecated, will use value of api_chunk_size
  warnings.warn(
 ... • Could not fetch previous revision content
29. [[Senami Haguro Shrine]]C:\Users\ambie\AppData\Local\Programs\Python\Python313\Lib\site-packages\mwclient\util.py:38: DeprecationWarning: limit and api_chunk_size both specified, this is not supported! limit is deprecated, will use value of api_chunk_size
  warnings.warn(
 ... • Could not fetch previous revision content
30. [[Shijiki Shrine]]C:\Users\ambie\AppData\Local\Programs\Python\Python313\Lib\site-packages\mwclient\util.py:38: DeprecationWarning: limit and api_chunk_size both specified, this is not supported! limit is deprecated, will use value of api_chunk_size
  warnings.warn(
 ... • Could not fetch previous revision content
31. [[Shikaumi Shrine]]C:\Users\ambie\AppData\Local\Programs\Python\Python313\Lib\site-packages\mwclient\util.py:38: DeprecationWarning: limit and api_chunk_size both specified, this is not supported! limit is deprecated, will use value of api_chunk_size
  warnings.warn(
 ... • Could not fetch previous revision content
32. [[Sumiyoshi Shrine (Fukuoka)]]C:\Users\ambie\AppData\Local\Programs\Python\Python313\Lib\site-packages\mwclient\util.py:38: DeprecationWarning: limit and api_chunk_size both specified, this is not supported! limit is deprecated, will use value of api_chunk_size
  warnings.warn(
 ... • Could not fetch previous revision content
33. [[Sumiyoshi Shrine (Iki City)]]C:\Users\ambie\AppData\Local\Programs\Python\Python313\Lib\site-packages\mwclient\util.py:38: DeprecationWarning: limit and api_chunk_size both specified, this is not supported! limit is deprecated, will use value of api_chunk_size
  warnings.warn(
 ... • Could not fetch previous revision content
34. [[Susaki Shrine]]C:\Users\ambie\AppData\Local\Programs\Python\Python313\Lib\site-packages\mwclient\util.py:38: DeprecationWarning: limit and api_chunk_size both specified, this is not supported! limit is deprecated, will use value of api_chunk_size
  warnings.warn(
 ... • Could not fetch previous revision content
35. [[Susanoo Shrine (Fukuyama)]]C:\Users\ambie\AppData\Local\Programs\Python\Python313\Lib\site-packages\mwclient\util.py:38: DeprecationWarning: limit and api_chunk_size both specified, this is not supported! limit is deprecated, will use value of api_chunk_size
  warnings.warn(
 ... • Could not fetch previous revision content
36. [[Tagimitonotoya Shrine]]C:\Users\ambie\AppData\Local\Programs\Python\Python313\Lib\site-packages\mwclient\util.py:38: DeprecationWarning: limit and api_chunk_size both specified, this is not supported! limit is deprecated, will use value of api_chunk_size
  warnings.warn(
 ... • Could not fetch previous revision content
37. [[Takase Shrine (Q3791906)]]C:\Users\ambie\AppData\Local\Programs\Python\Python313\Lib\site-packages\mwclient\util.py:38: DeprecationWarning: limit and api_chunk_size both specified, this is not supported! limit is deprecated, will use value of api_chunk_size
  warnings.warn(
 ... • No overwrite edit found
38. [[Take Shrine]]C:\Users\ambie\AppData\Local\Programs\Python\Python313\Lib\site-packages\mwclient\util.py:38: DeprecationWarning: limit and api_chunk_size both specified, this is not supported! limit is deprecated, will use value of api_chunk_size
  warnings.warn(
 ... • Could not fetch previous revision content
39. [[Takumiya Shrine]]C:\Users\ambie\AppData\Local\Programs\Python\Python313\Lib\site-packages\mwclient\util.py:38: DeprecationWarning: limit and api_chunk_size both specified, this is not supported! limit is deprecated, will use value of api_chunk_size
  warnings.warn(
 ... • Could not fetch previous revision content
40. [[Tsubaki Grand Shrine]]C:\Users\ambie\AppData\Local\Programs\Python\Python313\Lib\site-packages\mwclient\util.py:38: DeprecationWarning: limit and api_chunk_size both specified, this is not supported! limit is deprecated, will use value of api_chunk_size
  warnings.warn(
 ... • Could not fetch previous revision content
41. [[Tsubaki Shrine]]C:\Users\ambie\AppData\Local\Programs\Python\Python313\Lib\site-packages\mwclient\util.py:38: DeprecationWarning: limit and api_chunk_size both specified, this is not supported! limit is deprecated, will use value of api_chunk_size
  warnings.warn(
 ... • Could not fetch previous revision content
42. [[Tsuda Shrine]]C:\Users\ambie\AppData\Local\Programs\Python\Python313\Lib\site-packages\mwclient\util.py:38: DeprecationWarning: limit and api_chunk_size both specified, this is not supported! limit is deprecated, will use value of api_chunk_size
  warnings.warn(
 ... • Could not fetch previous revision content
43. [[Yashiro Shrine]]C:\Users\ambie\AppData\Local\Programs\Python\Python313\Lib\site-packages\mwclient\util.py:38: DeprecationWarning: limit and api_chunk_size both specified, this is not supported! limit is deprecated, will use value of api_chunk_size
  warnings.warn(
 ... • Could not fetch previous revision content
44. [[Yoki Tenman Shrine]]C:\Users\ambie\AppData\Local\Programs\Python\Python313\Lib\site-packages\mwclient\util.py:38: DeprecationWarning: limit and api_chunk_size both specified, this is not supported! limit is deprecated, will use value of api_chunk_size
  warnings.warn(
 ... • No overwrite edit found
45. [[Yoshida Shrine]]C:\Users\ambie\AppData\Local\Programs\Python\Python313\Lib\site-packages\mwclient\util.py:38: DeprecationWarning: limit and api_chunk_size both specified, this is not supported! limit is deprecated, will use value of api_chunk_size
  warnings.warn(
 ... • Could not fetch previous revision content
46. [[Ōasahiko Shrine]]C:\Users\ambie\AppData\Local\Programs\Python\Python313\Lib\site-packages\mwclient\util.py:38: DeprecationWarning: limit and api_chunk_size both specified, this is not supported! limit is deprecated, will use value of api_chunk_size
  warnings.warn(
 ... • Could not fetch previous revision content

============================================================

Summary:
  Total pages: 46
  Recovered: 0
  No overwrite found: 3
  Errors: 0
