================================================================================
REMOVE DEFAULTSORT TEMPLATES FROM AUTOMERGED JAPANESE TEXT
================================================================================

Connecting to wiki...
Logged in successfully

Fetching pages from [[Category:Automerged Japanese text]]...
Found 921 pages to process

[1/921] Processing: 20-Year Plan for One Million Families
  ✓ Removed DEFAULTSORT templates
[2/921] Processing: Afuchi Shrine
  ✓ Removed DEFAULTSORT templates
[3/921] Processing: Aguasa Shrine
  ✓ Removed DEFAULTSORT templates
[4/921] Processing: Ai Shrine
  ✓ Removed DEFAULTSORT templates
[5/921] Processing: Akitomi Shrine
  ✓ Removed DEFAULTSORT templates
[6/921] Processing: Akunami Shrine
  ✓ Removed DEFAULTSORT templates
[7/921] Processing: Amasashinowake Shrine
  ✓ Removed DEFAULTSORT templates
[8/921] Processing: Amatakekanakusano Shrine
  ✓ Removed DEFAULTSORT templates
[9/921] Processing: Asō Shrine
  ✓ Removed DEFAULTSORT templates
[10/921] Processing: Awa Shrine (Oyama)
  ✓ Removed DEFAULTSORT templates
[11/921] Processing: Azura Shrine
  ✓ Removed DEFAULTSORT templates
[12/921] Processing: Bohol Sea
  ✓ Removed DEFAULTSORT templates
[13/921] Processing: Daikai Shrine
  ✓ Removed DEFAULTSORT templates
[14/921] Processing: Danbara Kofun
  ✓ Removed DEFAULTSORT templates
[15/921] Processing: Enoki Shrine
  ✓ Removed DEFAULTSORT templates
[16/921] Processing: Fujioka
  ✓ Removed DEFAULTSORT templates
[17/921] Processing: Fukuyama Hachimangū
  ✓ Removed DEFAULTSORT templates
[18/921] Processing: Furufu Shrine
  ✓ Removed DEFAULTSORT templates
[19/921] Processing: Futako Shrine
  ✓ Removed DEFAULTSORT templates
[20/921] Processing: Futamata Shrine
  ✓ Removed DEFAULTSORT templates
[21/921] Processing: Giboshi
  ✓ Removed DEFAULTSORT templates
[22/921] Processing: Habuhime Shrine (Shimoda)
  ✓ Removed DEFAULTSORT templates
[23/921] Processing: Hakozaki Hachiman Shrine
  ✓ Removed DEFAULTSORT templates
[24/921] Processing: Hanashiyama Shrine
  ✓ Removed DEFAULTSORT templates
[25/921] Processing: Hatsuhime Shrine
  ✓ Removed DEFAULTSORT templates
[26/921] Processing: Hayabusa Shrine (Q135021848)
  ✓ Removed DEFAULTSORT templates
[27/921] Processing: Hayatamawakenomikoto Shrine
  ✓ Removed DEFAULTSORT templates
[28/921] Processing: Hazu Shrine
  ✓ Removed DEFAULTSORT templates
[29/921] Processing: Hinama-ji Hime-no-Mikoto Shrine
  ✓ Removed DEFAULTSORT templates
[30/921] Processing: Hinatano Shrine
  ✓ Removed DEFAULTSORT templates
[31/921] Processing: Hirose Shrine
  ✓ Removed DEFAULTSORT templates
[32/921] Processing: Hitsuji Shrine (Nagoya)
  ✓ Removed DEFAULTSORT templates
[33/921] Processing: Hokotsuki Shrine
  ✓ Removed DEFAULTSORT templates
[34/921] Processing: Ibe Iwakura Shrine
  ✓ Removed DEFAULTSORT templates
[35/921] Processing: Iibo Nimasu Amaterasu Shrine
  ✓ Removed DEFAULTSORT templates
[36/921] Processing: Ikenimasu-asagirikihatahime Shrine
  ✓ Removed DEFAULTSORT templates
[37/921] Processing: Inada Shrine
  ✓ Removed DEFAULTSORT templates
[38/921] Processing: Inu Shrine
  ✓ Removed DEFAULTSORT templates
[39/921] Processing: Io Shrine
  ✓ Removed DEFAULTSORT templates
[40/921] Processing: Isagu Shrine
  ✓ Removed DEFAULTSORT templates
[41/921] Processing: Iwakami Yamazumi Shrine
  ✓ Removed DEFAULTSORT templates
[42/921] Processing: Iwato Wake Shrine
  ✓ Removed DEFAULTSORT templates
[43/921] Processing: Iwaya Shrine
  ✓ Removed DEFAULTSORT templates
[44/921] Processing: Izumoiwai Shrine, Moroyama
  ✓ Removed DEFAULTSORT templates
[45/921] Processing: Kagura-den
  ✓ Removed DEFAULTSORT templates
[46/921] Processing: Kamado Shrine
  ✓ Removed DEFAULTSORT templates
[47/921] Processing: Kamo Shrine (Takatsuki)
  ✓ Removed DEFAULTSORT templates
[48/921] Processing: Kamo Shrine (Wanouchi)
  ✓ Removed DEFAULTSORT templates
[49/921] Processing: Kamo Yamaguchi Shrine
  ✓ Removed DEFAULTSORT templates
[50/921] Processing: Kamo-no-Ōkami-no-mikokami-nushi-tama Shrine
  ✓ Removed DEFAULTSORT templates
[51/921] Processing: Kamohara Shrine
  No DEFAULTSORT templates found
[52/921] Processing: Kamonahino Shrine
  ✓ Removed DEFAULTSORT templates
[53/921] Processing: Karita Shrine
  ✓ Removed DEFAULTSORT templates
[54/921] Processing: Kashima Amatarashiwake Shrine
  ✓ Removed DEFAULTSORT templates
[55/921] Processing: Kasuga Shrine (Shimizu, Ibaraki, Osaka)
  ✓ Removed DEFAULTSORT templates
[56/921] Processing: Kataoka Shrine (Q28682738)
  ✓ Removed DEFAULTSORT templates
[57/921] Processing: Katsuragi Hitokotonushi Shrine
  ✓ Removed DEFAULTSORT templates
[58/921] Processing: Kattamine Shrine (Q65249271)
  ✓ Removed DEFAULTSORT templates
[59/921] Processing: Katte Shrine
  ✓ Removed DEFAULTSORT templates
[60/921] Processing: Kawara Shrine (Q17209206)
  ✓ Removed DEFAULTSORT templates
[61/921] Processing: Kawasukune Shrine (Higashiagatsuma)
  ✓ Removed DEFAULTSORT templates
[62/921] Processing: Kawasukune Shrine (Shibukawa)
  ✓ Removed DEFAULTSORT templates
[63/921] Processing: Keta-hongū
  ✓ Removed DEFAULTSORT templates
[64/921] Processing: Kisa Shrine
  ✓ Removed DEFAULTSORT templates
[65/921] Processing: Kokuwakura Shrine Haiden
  ✓ Removed DEFAULTSORT templates
[66/921] Processing: Komagataooshige Shrine
  ✓ Removed DEFAULTSORT templates
[67/921] Processing: Kunigami Shrine
  ✓ Removed DEFAULTSORT templates
[68/921] Processing: Kureha-Anekurahime Shrine
  ✓ Removed DEFAULTSORT templates
[69/921] Processing: Kushihiki Hachimangū
  ✓ Removed DEFAULTSORT templates
[70/921] Processing: Manguu Shrine
  ✓ Removed DEFAULTSORT templates
[71/921] Processing: Matsuo Shrine (Q11529679)
  ✓ Removed DEFAULTSORT templates
[72/921] Processing: Mifune Shrine (Q17214615)
  ✓ Removed DEFAULTSORT templates
[73/921] Processing: Mika Shrine (Misato town, Saitama)
  ✓ Removed DEFAULTSORT templates
[74/921] Processing: Mishima Shrine (Shimoda)
  ✓ Removed DEFAULTSORT templates
[75/921] Processing: Mitaka Shrine
  ✓ Removed DEFAULTSORT templates
[76/921] Processing: Mizokui Shrine
  ✓ Removed DEFAULTSORT templates
[77/921] Processing: Moritano Shrine (Q11450096)
  ✓ Removed DEFAULTSORT templates
[78/921] Processing: Murahi Shrine
  ✓ Removed DEFAULTSORT templates
[79/921] Processing: Muraya-ni-masu-Mifutsuhime Shrine
  ✓ Removed DEFAULTSORT templates
[80/921] Processing: Mure Shrine
  ✓ Removed DEFAULTSORT templates
[81/921] Processing: Nagakura Shrine Haiden
  ✓ Removed DEFAULTSORT templates
[82/921] Processing: Nagoya Shrine
  ✓ Removed DEFAULTSORT templates
[83/921] Processing: Nakatomi Itate Shrine
  ✓ Removed DEFAULTSORT templates
[84/921] Processing: Nyuukawa Shrine (Uchi district)
  ✓ Removed DEFAULTSORT templates
[85/921] Processing: Nō Hakusan Shrine
  ✓ Removed DEFAULTSORT templates
[86/921] Processing: Nōgō Hakusan Shrine
  ✓ Removed DEFAULTSORT templates
[87/921] Processing: Obari Shrine
  ✓ Removed DEFAULTSORT templates
[88/921] Processing: Obusuma Shrine
  ✓ Removed DEFAULTSORT templates
[89/921] Processing: Oda Shrine (Ibaraki)
  ✓ Removed DEFAULTSORT templates
[90/921] Processing: Oiso Shrine
  ✓ Removed DEFAULTSORT templates
[91/921] Processing: Oshisaka Nimai Sukune Shrine
  ✓ Removed DEFAULTSORT templates
[92/921] Processing: Oshisaka Yamaguchi Numasu Shrine
  ✓ Removed DEFAULTSORT templates
[93/921] Processing: Otowatatsumi Shrine
  ✓ Removed DEFAULTSORT templates
[94/921] Processing: Oyama Shrine (Tateyama)
  ✓ Removed DEFAULTSORT templates
[95/921] Processing: Ryou Shrine
  ✓ Removed DEFAULTSORT templates
[96/921] Processing: Sakahogi Shrine
  ✓ Removed DEFAULTSORT templates
[97/921] Processing: Samakumine Shrine
  ✓ Removed DEFAULTSORT templates
[98/921] Processing: Sanai Shrine
  ✓ Removed DEFAULTSORT templates
[99/921] Processing: Sawaragi Shrine
  ✓ Removed DEFAULTSORT templates
[100/921] Processing: Sengen Shrine (Shimoda)
  ✓ Removed DEFAULTSORT templates
[101/921] Processing: Shikigami
  ✓ Removed DEFAULTSORT templates
[102/921] Processing: Shikigesha
  No DEFAULTSORT templates found
[103/921] Processing: Shirahige Shrine (Q124668655)
  ✓ Removed DEFAULTSORT templates
[104/921] Processing: Shirayama Hime Shrine
  ✓ Removed DEFAULTSORT templates
[105/921] Processing: Shiritaogi Shrine
  ✓ Removed DEFAULTSORT templates
[106/921] Processing: Shizuhi Shrine
  ✓ Removed DEFAULTSORT templates
[107/921] Processing: Sugō Shrine
  ✓ Removed DEFAULTSORT templates
[108/921] Processing: Suhama Shrine (Daito, Osaka)
  ✓ Removed DEFAULTSORT templates
[109/921] Processing: Sukuku Shrine
  ✓ Removed DEFAULTSORT templates
[110/921] Processing: Sumetaruho Yoshida-ōkamigū
  ✓ Removed DEFAULTSORT templates
[111/921] Processing: Sutou Shrine
  ✓ Removed DEFAULTSORT templates
[112/921] Processing: Suwa Shrine (Q135070129)
  ✓ Removed DEFAULTSORT templates
[113/921] Processing: Tachi (disambiguation)
  ✓ Removed DEFAULTSORT templates
[114/921] Processing: Takagi Shrine
  ✓ Removed DEFAULTSORT templates
[115/921] Processing: Takaoshihime Shrine
  ✓ Removed DEFAULTSORT templates
[116/921] Processing: Takehime Shrine (Q65734340)
  ✓ Removed DEFAULTSORT templates
[117/921] Processing: Takeuchi Shrine
  ✓ Removed DEFAULTSORT templates
[118/921] Processing: Takuzudama Shrine
  ✓ Removed DEFAULTSORT templates
[119/921] Processing: Tatsumi Shrine Osaka
  ✓ Removed DEFAULTSORT templates
[120/921] Processing: Tawa Shrine (Q11430645)
  ✓ Removed DEFAULTSORT templates
[121/921] Processing: Tenchi Shrine
  ✓ Removed DEFAULTSORT templates
[122/921] Processing: Tennougu Ootoshi Shrine
  ✓ Removed DEFAULTSORT templates
[123/921] Processing: Toshi Shrine
  ✓ Removed DEFAULTSORT templates
[124/921] Processing: Toyokuni Shrine
  ✓ Removed DEFAULTSORT templates
[125/921] Processing: Uhashi Shrine
  ✓ Removed DEFAULTSORT templates
[126/921] Processing: Umamioka Watamuki Shrine
  ✓ Removed DEFAULTSORT templates
[127/921] Processing: Unai Shrine
  ✓ Removed DEFAULTSORT templates
[128/921] Processing: Utari Shrine
  ✓ Removed DEFAULTSORT templates
[129/921] Processing: Waguri Shrine
  ✓ Removed DEFAULTSORT templates
[130/921] Processing: Wakenosuno- Shrine
  ✓ Removed DEFAULTSORT templates
[131/921] Processing: Watatsumi Shrine (Kobe)
  ✓ Removed DEFAULTSORT templates
[132/921] Processing: Watatsuminomiko Shrine
  ✓ Removed DEFAULTSORT templates
[133/921] Processing: Yagi Shrine (Q11666826)
  ✓ Removed DEFAULTSORT templates
[134/921] Processing: Yaku Shrine
  ✓ Removed DEFAULTSORT templates
[135/921] Processing: Yamaguni Shrine
  ✓ Removed DEFAULTSORT templates
[136/921] Processing: Yanagihara Shrine
  ✓ Removed DEFAULTSORT templates
[137/921] Processing: Yashirogi Shrine
  ✓ Removed DEFAULTSORT templates
[138/921] Processing: Yatsurugi Shrine (Q124496744)
  ✓ Removed DEFAULTSORT templates
[139/921] Processing: Yuki Shrine
  ✓ Removed DEFAULTSORT templates
[140/921] Processing: Ōgata Shrine
  ✓ Removed DEFAULTSORT templates
[141/921] Processing: Ōmatonotsunoten Shrine
  ✓ Removed DEFAULTSORT templates
[142/921] Processing: Ōyama Hakusan Shrine
  ✓ Removed DEFAULTSORT templates
[143/921] Processing: Aoi Shrine
  ✓ Removed DEFAULTSORT templates
[144/921] Processing: Aomi Shrine
  ✓ Removed DEFAULTSORT templates
[145/921] Processing: Agata Shrine (Gifu)
  ✓ Removed DEFAULTSORT templates
[146/921] Processing: Akanabe Shrine
  ✓ Removed DEFAULTSORT templates
[147/921] Processing: Akaba Shrine
  ✓ Removed DEFAULTSORT templates
[148/921] Processing: Akabo Shrine
  ✓ Removed DEFAULTSORT templates
[149/921] Processing: Akaruhimenomikoto Shrine
  ✓ Removed DEFAULTSORT templates
[150/921] Processing: Akanta Shrine
  ✓ Removed DEFAULTSORT templates
[151/921] Processing: Aguchi Shrine
  ✓ Removed DEFAULTSORT templates
[152/921] Processing: Akuto Shrine
  ✓ Removed DEFAULTSORT templates
[153/921] Processing: Asai Shrine (Takaoka)
  ✓ Removed DEFAULTSORT templates
[154/921] Processing: Azai Shrine (Ichinomiya)
  ✓ Removed DEFAULTSORT templates
[155/921] Processing: Asakura Shrine (Uji, Kyoto)
  ✓ Removed DEFAULTSORT templates
[156/921] Processing: Asakura Shrine (Wakayama)
  ✓ Removed DEFAULTSORT templates
[157/921] Processing: Asadatehiko Shrine
  ✓ Removed DEFAULTSORT templates
[158/921] Processing: Ichinomiya Asama Shrine (Fuefuki)
  ✓ Removed DEFAULTSORT templates
[159/921] Processing: Asamine Shrine
  ✓ Removed DEFAULTSORT templates
[160/921] Processing: Asamiya Shrine
  ✓ Removed DEFAULTSORT templates
[161/921] Processing: Asayama Shrine
  ✓ Removed DEFAULTSORT templates
[162/921] Processing: Ashiinaba Shrine
  ✓ Removed DEFAULTSORT templates
[163/921] Processing: Ajiko Shrine
  ✓ Removed DEFAULTSORT templates
[164/921] Processing: Ashitaka Shrine
  ✓ Removed DEFAULTSORT templates
[165/921] Processing: Achihayao Shrine
  ✓ Removed DEFAULTSORT templates
[166/921] Processing: Asukada Shrine
  ✓ Removed DEFAULTSORT templates
[167/921] Processing: Asukabe Shrine
  ✓ Removed DEFAULTSORT templates
[168/921] Processing: Azusami Tenjinsha
  ✓ Removed DEFAULTSORT templates
[169/921] Processing: Azusawakenomikoto Shrine
  ✓ Removed DEFAULTSORT templates
[170/921] Processing: Azumayanuma Shrine
  ✓ Removed DEFAULTSORT templates
[171/921] Processing: Atago Shrine (Sendai)
  ✓ Removed DEFAULTSORT templates
[172/921] Processing: Adatara Shrine
  ✓ Removed DEFAULTSORT templates
[173/921] Processing: Adachi Shrine
  ✓ Removed DEFAULTSORT templates
[174/921] Processing: Ajika Shrine
  ✓ Removed DEFAULTSORT templates
[175/921] Processing: Achi Shrine (Q11657447)
  ✓ Removed DEFAULTSORT templates
[176/921] Processing: Atsuhitakahiko Shrine
  ✓ Removed DEFAULTSORT templates
[177/921] Processing: Azumi-no-isora
  ✓ Removed DEFAULTSORT templates
[178/921] Processing: Atsuwa Shrine
  ✓ Removed DEFAULTSORT templates
[179/921] Processing: Ato Shrine
  ✓ Removed DEFAULTSORT templates
[180/921] Processing: Anaishi Shrine
  ✓ Removed DEFAULTSORT templates
[181/921] Processing: Anagiri Daijinja
  ✓ Removed DEFAULTSORT templates
[182/921] Processing: Anazawa Tenjinsha
  ✓ Removed DEFAULTSORT templates
[183/921] Processing: Ahita Shrine
  ✓ Removed DEFAULTSORT templates
[184/921] Processing: Afuku Kahaku Shrine
  ✓ Removed DEFAULTSORT templates
[185/921] Processing: Abushina Shrine
  ✓ Removed DEFAULTSORT templates
[186/921] Processing: Aburahi Shrine
  ✓ Removed DEFAULTSORT templates
[187/921] Processing: Abo Shrine
  ✓ Removed DEFAULTSORT templates
[188/921] Processing: Amakashi-ni-imasu Shrine
  ✓ Removed DEFAULTSORT templates
[189/921] Processing: Amasashihikonomikoto Shrine
  ✓ Removed DEFAULTSORT templates
[190/921] Processing: Amatarashi Shrine
  ✓ Removed DEFAULTSORT templates
[191/921] Processing: Amatsukasahiko Shrine
  ✓ Removed DEFAULTSORT templates
[192/921] Processing: Amatsukasahiko Shrine (Q107410067)
  ✓ Removed DEFAULTSORT templates
[193/921] Processing: Amatsu Shrine (Itoigawa)
  ✓ Removed DEFAULTSORT templates
[194/921] Processing: Amaterasu Ōmikami Takakura Shrine & Iwato Shrine
  ✓ Removed DEFAULTSORT templates
[195/921] Processing: Amanoiwatate Shrine
  ✓ Removed DEFAULTSORT templates
[196/921] Processing: Amanokaguyama Shrine (Q98082987)
  ✓ Removed DEFAULTSORT templates
[197/921] Processing: Amanohashidate Shrine
  ✓ Removed DEFAULTSORT templates
[198/921] Processing: Amamikoso Shrine
  ✓ Removed DEFAULTSORT templates
[199/921] Processing: Amayukawata Shrine
  ✓ Removed DEFAULTSORT templates
[200/921] Processing: Amawake Toyohime Shrine
  ✓ Removed DEFAULTSORT templates
[201/921] Processing: Ami Shrine
  ✓ Removed DEFAULTSORT templates
[202/921] Processing: Ami Shrine (Nakagō)
  ✓ Removed DEFAULTSORT templates
[203/921] Processing: Iwafune Shrine, Konan
  ✓ Removed DEFAULTSORT templates
[204/921] Processing: Ame-no-ohabari
  ✓ Removed DEFAULTSORT templates
[205/921] Processing: Amenotakechi Shrine
  ✓ Removed DEFAULTSORT templates
[206/921] Processing: Amenotoyotarashikarahimenomikoto Shrine
  ✓ Removed DEFAULTSORT templates
[207/921] Processing: Ame no Hohi
  ✓ Removed DEFAULTSORT templates
[208/921] Processing: Ame-no-Hohi-no-Mikoto Shrine
  ✓ Removed DEFAULTSORT templates
[209/921] Processing: Ame no Wakahiko
  ✓ Removed DEFAULTSORT templates
[210/921] Processing: Amefutotama-no-Mikoto Shrine
  ✓ Removed DEFAULTSORT templates
[211/921] Processing: Arai Shrine (Nantan)
  ✓ Removed DEFAULTSORT templates
[212/921] Processing: Araki Shrine
  ✓ Removed DEFAULTSORT templates
[213/921] Processing: Araki Shrine (Izunokuni)
  ✓ Removed DEFAULTSORT templates
[214/921] Processing: Arata Shrine
  ✓ Removed DEFAULTSORT templates
[215/921] Processing: Araho Shrine
  ✓ Removed DEFAULTSORT templates
[216/921] Processing: Arima Shrine
  ✓ Removed DEFAULTSORT templates
[217/921] Processing: Arei Shrine
  ✓ Removed DEFAULTSORT templates
[218/921] Processing: Awai Shrine
  ✓ Removed DEFAULTSORT templates
[219/921] Processing: Awa-no-Mikoto Shrine
  ✓ Removed DEFAULTSORT templates
[220/921] Processing: Awabitamashiratama-hime-no-Mikoto Shrine
  ✓ Removed DEFAULTSORT templates
[221/921] Processing: Awayamanoueno Shrine
  ✓ Removed DEFAULTSORT templates
[222/921] Processing: Awawa Shrine
  ✓ Removed DEFAULTSORT templates
[223/921] Processing: Ii Shrine (Q11666643)
  ✓ Removed DEFAULTSORT templates
[224/921] Processing: Iizuna Shrine (Mount Iizuna)
  ✓ Removed DEFAULTSORT templates
[225/921] Processing: Iino Hachimangū
  ✓ Removed DEFAULTSORT templates
[226/921] Processing: Ionoi Shrine
  ✓ Removed DEFAULTSORT templates
[227/921] Processing: Ikagashi Shrine
  ✓ Removed DEFAULTSORT templates
[228/921] Processing: Ikagu Shrine
  ✓ Removed DEFAULTSORT templates
[229/921] Processing: Igasa Shrine
  ✓ Removed DEFAULTSORT templates
[230/921] Processing: Ikaho Shrine
  ✓ Removed DEFAULTSORT templates
[231/921] Processing: Ikamashi Shrine
  ✓ Removed DEFAULTSORT templates
[232/921] Processing: Ikama Shrine
  ✓ Removed DEFAULTSORT templates
[233/921] Processing: Igami Shrine
  ✓ Removed DEFAULTSORT templates
[234/921] Processing: Ikarashi Shrine
  ✓ Removed DEFAULTSORT templates
[235/921] Processing: Ikawadani Sōja
  ✓ Removed DEFAULTSORT templates
[236/921] Processing: Ikishiro Shrine
  ✓ Removed DEFAULTSORT templates
[237/921] Processing: Ikune Shrine
  ✓ Removed DEFAULTSORT templates
[238/921] Processing: Ikuhime Shrine
  ✓ Removed DEFAULTSORT templates
[239/921] Processing: Ikeda Shrine
  ✓ Removed DEFAULTSORT templates
[240/921] Processing: Ikeda Shrine (Q134926975)
  ✓ Removed DEFAULTSORT templates
[241/921] Processing: Ikota Shrine
  ✓ Removed DEFAULTSORT templates
[242/921] Processing: Iko-no-hayamitama Hime-no Shrine
  ✓ Removed DEFAULTSORT templates
[243/921] Processing: Ikohayawake-no-Mikoto Shrine
  ✓ Removed DEFAULTSORT templates
[244/921] Processing: Ikoma Shrine
  ✓ Removed DEFAULTSORT templates
[245/921] Processing: Ikomayamaguchi Shrine
  ✓ Removed DEFAULTSORT templates
[246/921] Processing: Isagawa Awa Shrine
  ✓ Removed DEFAULTSORT templates
[247/921] Processing: Isagoda Shrine
  ✓ Removed DEFAULTSORT templates
[248/921] Processing: Izanagi Shrine
  ✓ Removed DEFAULTSORT templates
[249/921] Processing: Izanagi Shrine (Kanmaki)
  ✓ Removed DEFAULTSORT templates
[250/921] Processing: Izanagi Shrine (Saidera, Suita)
  ✓ Removed DEFAULTSORT templates
[251/921] Processing: Izanami Shrine
  ✓ Removed DEFAULTSORT templates
[252/921] Processing: Izanami Shrine, Mima
  ✓ Removed DEFAULTSORT templates
[253/921] Processing: Ishiura Shrine
  ✓ Removed DEFAULTSORT templates
[254/921] Processing: Ishi Shrine
  ✓ Removed DEFAULTSORT templates
[255/921] Processing: Ishizukuri Shrine
  ✓ Removed DEFAULTSORT templates
[256/921] Processing: Ishizu Shrine
  ✓ Removed DEFAULTSORT templates
[257/921] Processing: Ishifu Shrine
  ✓ Removed DEFAULTSORT templates
[258/921] Processing: Ishimaki Shrine
  ✓ Removed DEFAULTSORT templates
[259/921] Processing: Izusahime Shrine
  ✓ Removed DEFAULTSORT templates
[260/921] Processing: Izumianashi Shrine
  ✓ Removed DEFAULTSORT templates
[261/921] Processing: Izumi Shrine (Hitachi)
  ✓ Removed DEFAULTSORT templates
[262/921] Processing: Izumi Shrine (Q11395685)
  ✓ Removed DEFAULTSORT templates
[263/921] Processing: Isemikoto Shrine
  ✓ Removed DEFAULTSORT templates
[264/921] Processing: Isonokamifutsumitama Shrine
  ✓ Removed DEFAULTSORT templates
[265/921] Processing: Isobe inamura Shrine
  ✓ Removed DEFAULTSORT templates
[266/921] Processing: Ita Shrine
  ✓ Removed DEFAULTSORT templates
[267/921] Processing: Idate Shrine
  ✓ Removed DEFAULTSORT templates
[268/921] Processing: Itate Shrine
  ✓ Removed DEFAULTSORT templates
[269/921] Processing: Itahato Shrine
  ✓ Removed DEFAULTSORT templates
[270/921] Processing: Ichisuka Shrine
  ✓ Removed DEFAULTSORT templates
[271/921] Processing: Ichinomiya Shrine (Tokushima)
  ✓ Removed DEFAULTSORT templates
[272/921] Processing: Ichinomiya Sengen Shrine
  ✓ Removed DEFAULTSORT templates
[273/921] Processing: Ichihara Shrine
  ✓ Removed DEFAULTSORT templates
[274/921] Processing: Izuhara Hachimangū Shrine
  ✓ Removed DEFAULTSORT templates
[275/921] Processing: Dewa Shrine
  ✓ Removed DEFAULTSORT templates
[276/921] Processing: Inakami Shrine
  ✓ Removed DEFAULTSORT templates
[277/921] Processing: Inagi Shrine
  ✓ Removed DEFAULTSORT templates
[278/921] Processing: Inasaki Shrine
  ✓ Removed DEFAULTSORT templates
[279/921] Processing: Inashironimasu Shrine
  ✓ Removed DEFAULTSORT templates
[280/921] Processing: Inatsuhiko Shrine
  ✓ Removed DEFAULTSORT templates
[281/921] Processing: Inazume Shrine
  ✓ Removed DEFAULTSORT templates
[282/921] Processing: Inane Shrine
  ✓ Removed DEFAULTSORT templates
[283/921] Processing: Inabe Shrine
  ✓ Removed DEFAULTSORT templates
[284/921] Processing: Inamura Shrine
  ✓ Removed DEFAULTSORT templates
[285/921] Processing: Inohanako Shrine
  ✓ Removed DEFAULTSORT templates
[286/921] Processing: Ibaraki Shrine
  ✓ Removed DEFAULTSORT templates
[287/921] Processing: Ibuki Shrine
  ✓ Removed DEFAULTSORT templates
[288/921] Processing: Ifuribe Shrine
  ✓ Removed DEFAULTSORT templates
[289/921] Processing: Imaki-Aosaka-Inami-Ikegami Shrine
  ✓ Removed DEFAULTSORT templates
[290/921] Processing: Imaki-Aosaka-Inami-Ikegami Shrine (Kamikawa, Saitama)
  ✓ Removed DEFAULTSORT templates
[291/921] Processing: Ime Shrine & Hachimangu
  ✓ Removed DEFAULTSORT templates
[292/921] Processing: Iya Shrine
  ✓ Removed DEFAULTSORT templates
[293/921] Processing: 2003 Shooting of Japanese Diplomats in Iraq
  ✓ Removed DEFAULTSORT templates
[294/921] Processing: Irō Shrine
  ✓ Removed DEFAULTSORT templates
[295/921] Processing: Iwai Onsen
  ✓ Removed DEFAULTSORT templates
[296/921] Processing: Iwai Shrine
  ✓ Removed DEFAULTSORT templates
[297/921] Processing: Iwai Shrine (Q85882705)
  ✓ Removed DEFAULTSORT templates
[298/921] Processing: Iwaki Shrine
  ✓ Removed DEFAULTSORT templates
[299/921] Processing: Iwashizu Shrine (Takarazuka)
  ✓ Removed DEFAULTSORT templates
[300/921] Processing: Iwatsutsukowake Shrine
  ✓ Removed DEFAULTSORT templates
[301/921] Processing: Iwatsuhime Shrine
  ✓ Removed DEFAULTSORT templates
[302/921] Processing: Iwato Shrine
  ✓ Removed DEFAULTSORT templates
[303/921] Processing: Iwahashi Shrine
  ✓ Removed DEFAULTSORT templates
[304/921] Processing: Iwafune Shrine
  ✓ Removed DEFAULTSORT templates
[305/921] Processing: Inbe Shrine
  ✓ Removed DEFAULTSORT templates
[306/921] Processing: Inbe Shrine (Matsue City)
  ✓ Removed DEFAULTSORT templates
[307/921] Processing: Inbe Shrine (Tokushima)
  ✓ Removed DEFAULTSORT templates
[308/921] Processing: Ukanomitama
  ✓ Removed DEFAULTSORT templates
[309/921] Processing: Ugusu Shrine
  ✓ Removed DEFAULTSORT templates
[310/921] Processing: Uge Shrine
  ✓ Removed DEFAULTSORT templates
[311/921] Processing: Uketa Shrine
  ✓ Removed DEFAULTSORT templates
[312/921] Processing: Usaka Shrine
  ✓ Removed DEFAULTSORT templates
[313/921] Processing: Ushihiko Shrine (Tokushima)
  ✓ Removed DEFAULTSORT templates
[314/921] Processing: Usuki Hachiman Shrine
  ✓ Removed DEFAULTSORT templates
[315/921] Processing: Uchi Shrine
  ✓ Removed DEFAULTSORT templates
[316/921] Processing: Uchi Shrine (Yamato)
  ✓ Removed DEFAULTSORT templates
[317/921] Processing: Unaguhime Shrine
  ✓ Removed DEFAULTSORT templates
[318/921] Processing: Uneotsutamoto Shrine
  ✓ Removed DEFAULTSORT templates
[319/921] Processing: Unebiyamaguchi Shrine
  ✓ Removed DEFAULTSORT templates
[320/921] Processing: Ubaihoumei Shrine
  ✓ Removed DEFAULTSORT templates
[321/921] Processing: Umajiisobe Shrine
  ✓ Removed DEFAULTSORT templates
[322/921] Processing: Umorihiko Shrine
  ✓ Removed DEFAULTSORT templates
[323/921] Processing: Unanenofushimino Shrine
  ✓ Removed DEFAULTSORT templates
[324/921] Processing: Uwase Shrine
  ✓ Removed DEFAULTSORT templates
[325/921] Processing: Uwato Shrine
  ✓ Removed DEFAULTSORT templates
[326/921] Processing: Uwato Shrine (Godo, Gifu)
  ✓ Removed DEFAULTSORT templates
[327/921] Processing: Unkanjiniimasunaramoto Shrine
  ✓ Removed DEFAULTSORT templates
[328/921] Processing: Eda Shrine
  ✓ Removed DEFAULTSORT templates
[329/921] Processing: Ena Shrine (Nakatsugawa, Gifu)
  ✓ Removed DEFAULTSORT templates
[330/921] Processing: Ebumi Shrine
  ✓ Removed DEFAULTSORT templates
[331/921] Processing: Erehiko Shrine
  ✓ Removed DEFAULTSORT templates
[332/921] Processing: Oio Shrine
  ✓ Removed DEFAULTSORT templates
[333/921] Processing: Oi Shrine (Q11493043)
  ✓ Removed DEFAULTSORT templates
[334/921] Processing: Ouji Shrine
  ✓ Removed DEFAULTSORT templates
[335/921] Processing: Ōasahiko Shrine
  ✓ Removed DEFAULTSORT templates
[336/921] Processing: Taimasan Shrine
  ✓ Removed DEFAULTSORT templates
[337/921] Processing: Ōarahiko Shrine
  ✓ Removed DEFAULTSORT templates
[338/921] Processing: Ōarahiko Shrine, Tomoyui Shrine
  ✓ Removed DEFAULTSORT templates
[339/921] Processing: Ooi Shrine
  ✓ Removed DEFAULTSORT templates
[340/921] Processing: Oimatakubo Hachiman Shrine
  ✓ Removed DEFAULTSORT templates
[341/921] Processing: Ōga Shrine
  ✓ Removed DEFAULTSORT templates
[342/921] Processing: Ōkawakami Birafu Shrine
  ✓ Removed DEFAULTSORT templates
[343/921] Processing: Ōkawa Shrine
  ✓ Removed DEFAULTSORT templates
[344/921] Processing: Okuni Shrine (Q17221549)
  ✓ Removed DEFAULTSORT templates
[345/921] Processing: Okunitama Shrine
  ✓ Removed DEFAULTSORT templates
[346/921] Processing: Ōkunitama Shrine (Iwaki)
  ✓ Removed DEFAULTSORT templates
[347/921] Processing: Takeokami Shrine
  ✓ Removed DEFAULTSORT templates
[348/921] Processing: Ōke Shrine
  ✓ Removed DEFAULTSORT templates
[349/921] Processing: Oosakayamaguchi Shrine
  ✓ Removed DEFAULTSORT templates
[350/921] Processing: Oosakayamaguchi Shrine (Katsuge district)
  ✓ Removed DEFAULTSORT templates
[351/921] Processing: Ōsaki Shrine
  ✓ Removed DEFAULTSORT templates
[352/921] Processing: Osake Shrine
  ✓ Removed DEFAULTSORT templates
[353/921] Processing: Ōshio Hachimangu
  ✓ Removed DEFAULTSORT templates
[354/921] Processing: Ōshima Shrine, Okitsushima Shrine
  ✓ Removed DEFAULTSORT templates
[355/921] Processing: Oo Shrine
  ✓ Removed DEFAULTSORT templates
[356/921] Processing: Ōtakayama Shrine
  ✓ Removed DEFAULTSORT templates
[357/921] Processing: Ōta Shrine
  ✓ Removed DEFAULTSORT templates
[358/921] Processing: Ōtokoro Shrine
  ✓ Removed DEFAULTSORT templates
[359/921] Processing: Ōtomo no Kanamura
  ✓ Removed DEFAULTSORT templates
[360/921] Processing: Ōmunaji Shrine
  ✓ Removed DEFAULTSORT templates
[361/921] Processing: Ōnamochi Shrine
  ✓ Removed DEFAULTSORT templates
[362/921] Processing: Oonimasumishiritsuhiko Shrine
  ✓ Removed DEFAULTSORT templates
[363/921] Processing: Oono Shrine (Q11439718)
  ✓ Removed DEFAULTSORT templates
[364/921] Processing: Ooba Shrine
  ✓ Removed DEFAULTSORT templates
[365/921] Processing: Ōhirasan Shrine
  ✓ Removed DEFAULTSORT templates
[366/921] Processing: Ōbe Shrine
  ✓ Removed DEFAULTSORT templates
[367/921] Processing: Ōma Shrine
  ✓ Removed DEFAULTSORT templates
[368/921] Processing: Oomahiko Shrine
  ✓ Removed DEFAULTSORT templates
[369/921] Processing: Oominakami Shrine
  ✓ Removed DEFAULTSORT templates
[370/921] Processing: Omiya Shrine (Q113679907)
  ✓ Removed DEFAULTSORT templates
[371/921] Processing: Omiya Shrine
  ✓ Removed DEFAULTSORT templates
[372/921] Processing: Ōmiwa Shrine, Ichinomiya
  ✓ Removed DEFAULTSORT templates
[373/921] Processing: Omura Shrine
  ✓ Removed DEFAULTSORT templates
[374/921] Processing: Oyatsuhime Shrine
  ✓ Removed DEFAULTSORT templates
[375/921] Processing: Ooyama Shrine
  ✓ Removed DEFAULTSORT templates
[376/921] Processing: Oyama Shrine (Tomika)
  ✓ Removed DEFAULTSORT templates
[377/921] Processing: Oyamada Shrine
  ✓ Removed DEFAULTSORT templates
[378/921] Processing: Ōyosami Shrine
  ✓ Removed DEFAULTSORT templates
[379/921] Processing: Okataka Shrine
  ✓ Removed DEFAULTSORT templates
[380/921] Processing: Okada Kamo Shrine
  ✓ Removed DEFAULTSORT templates
[381/921] Processing: Okadakuni Shrine
  ✓ Removed DEFAULTSORT templates
[382/921] Processing: Okada Shrine (Q106852596)
  ✓ Removed DEFAULTSORT templates
[383/921] Processing: Okanoue Shrine (Q48758325)
  ✓ Removed DEFAULTSORT templates
[384/921] Processing: Ogawaizumisui Shrine
  ✓ Removed DEFAULTSORT templates
[385/921] Processing: Ogawatsuki Shrine
  ✓ Removed DEFAULTSORT templates
[386/921] Processing: Okitsushima Shinto Shrine
  ✓ Removed DEFAULTSORT templates
[387/921] Processing: Ogushi Shrine
  ✓ Removed DEFAULTSORT templates
[388/921] Processing: Ogura Shrine
  ✓ Removed DEFAULTSORT templates
[389/921] Processing: Ogura Shrine (Uji)
  ✓ Removed DEFAULTSORT templates
[390/921] Processing: Osada Nimasu Amateru Mitama Shrine
  ✓ Removed DEFAULTSORT templates
[391/921] Processing: Ojiharina Mawakahime Shrine
  ✓ Removed DEFAULTSORT templates
[392/921] Processing: Oshaku Shrine
  ✓ Removed DEFAULTSORT templates
[393/921] Processing: Ozu Shrine
  ✓ Removed DEFAULTSORT templates
[394/921] Processing: Ozeki Shrine
  ✓ Removed DEFAULTSORT templates
[395/921] Processing: Odai Agata Shrine
  ✓ Removed DEFAULTSORT templates
[396/921] Processing: Otsuki Shrine
  ✓ Removed DEFAULTSORT templates
[397/921] Processing: Otsuki-taisha
  ✓ Removed DEFAULTSORT templates
[398/921] Processing: Onouto Shrine
  ✓ Removed DEFAULTSORT templates
[399/921] Processing: Ono Shrine (Q11464225)
  ✓ Removed DEFAULTSORT templates
[400/921] Processing: Ono Shrine (Q17225921)
  ✓ Removed DEFAULTSORT templates
[401/921] Processing: Wonono Shrine
  ✓ Removed DEFAULTSORT templates
[402/921] Processing: Ono Shrine (Nankoku)
  ✓ Removed DEFAULTSORT templates
[403/921] Processing: Ono Shrine (Q11464226)
  ✓ Removed DEFAULTSORT templates
[404/921] Processing: Ohari Shrine
  ✓ Removed DEFAULTSORT templates
[405/921] Processing: Obori Shrine
  ✓ Removed DEFAULTSORT templates
[406/921] Processing: Omiashi Shrine
  ✓ Removed DEFAULTSORT templates
[407/921] Processing: Orihata Shrine
  ✓ Removed DEFAULTSORT templates
[408/921] Processing: Kai Shrine
  ✓ Removed DEFAULTSORT templates
[409/921] Processing: Kaehime Shrine
  ✓ Removed DEFAULTSORT templates
[410/921] Processing: Kaka Shrine
  ✓ Removed DEFAULTSORT templates
[411/921] Processing: Kagamitsukuri Ita Shrine
  ✓ Removed DEFAULTSORT templates
[412/921] Processing: Kagamitsukuri Nimasu Amateru Mitama Shrine
  ✓ Removed DEFAULTSORT templates
[413/921] Processing: Kagamitsukurimake Shrine
  ✓ Removed DEFAULTSORT templates
[414/921] Processing: Kasami Shrine
  ✓ Removed DEFAULTSORT templates
[415/921] Processing: Kashikuri Shrine
  ✓ Removed DEFAULTSORT templates
[416/921] Processing: Kashima Amatarashi Wake Shrine
  ✓ Removed DEFAULTSORT templates
[417/921] Processing: Kashima Onata Shrine
  ✓ Removed DEFAULTSORT templates
[418/921] Processing: Kashima Shrine (Q135069030)
  ✓ Removed DEFAULTSORT templates
[419/921] Processing: Kashima Miko Shrine (Fukushima)
  ✓ Removed DEFAULTSORT templates
[420/921] Processing: Kasumekentou Shrine
  ✓ Removed DEFAULTSORT templates
[421/921] Processing: Kataoka Shrine
  ✓ Removed DEFAULTSORT templates
[422/921] Processing: Katasuge Shrine
  ✓ Removed DEFAULTSORT templates
[423/921] Processing: Gassan Shrine
  ✓ Removed DEFAULTSORT templates
[424/921] Processing: Kattamine Shrine
  ✓ Removed DEFAULTSORT templates
[425/921] Processing: Katsuraki ni Imasu Honoikaduchi Shrine
  ✓ Removed DEFAULTSORT templates
[426/921] Processing: Katsurakio Shrine
  ✓ Removed DEFAULTSORT templates
[427/921] Processing: Katsuragi Futakami Shrine
  ✓ Removed DEFAULTSORT templates
[428/921] Processing: Katsura Shrine
  ✓ Removed DEFAULTSORT templates
[429/921] Processing: Kabatakamo Shrine
  ✓ Removed DEFAULTSORT templates
[430/921] Processing: Kamiichinomiya Ōawa Shrine
  ✓ Removed DEFAULTSORT templates
[431/921] Processing: Kamikoso Shrine
  ✓ Removed DEFAULTSORT templates
[432/921] Processing: Kamisumuji Shrine
  ✓ Removed DEFAULTSORT templates
[433/921] Processing: Kamitakatsuki Shrine
  ✓ Removed DEFAULTSORT templates
[434/921] Processing: Kamuhatori Shrine
  ✓ Removed DEFAULTSORT templates
[435/921] Processing: Kameyama Hachimangū
  ✓ Removed DEFAULTSORT templates
[436/921] Processing: Kamo Shrine (Ichinomiya)
  ✓ Removed DEFAULTSORT templates
[437/921] Processing: Kamo Shrine (Q106301088)
  ✓ Removed DEFAULTSORT templates
[438/921] Processing: Kamo Shrine (Kawanishi)
  ✓ Removed DEFAULTSORT templates
[439/921] Processing: Kamo Shrine (Kuroshio)
  ✓ Removed DEFAULTSORT templates
[440/921] Processing: Kamo Shrine (Kiryu)
  ✓ Removed DEFAULTSORT templates
[441/921] Processing: Kamo Shrine (Sakaide)
  ✓ Removed DEFAULTSORT templates
[442/921] Processing: Kamonaraita Shrine
  ✓ Removed DEFAULTSORT templates
[443/921] Processing: Karai Shrine
  ✓ Removed DEFAULTSORT templates
[444/921] Processing: Karukomuranimasu Shrine
  ✓ Removed DEFAULTSORT templates
[445/921] Processing: Karuno Shrine
  ✓ Removed DEFAULTSORT templates
[446/921] Processing: Kawaai Shrine
  ✓ Removed DEFAULTSORT templates
[447/921] Processing: Kawaketamikabe Shrine
  ✓ Removed DEFAULTSORT templates
[448/921] Processing: Kawashima Shrine
  ✓ Removed DEFAULTSORT templates
[449/921] Processing: Kawase Shrine
  ✓ Removed DEFAULTSORT templates
[450/921] Processing: Kawata Shrine (Koka)
  ✓ Removed DEFAULTSORT templates
[451/921] Processing: Kawata Shrine (Q11479033)
  ✓ Removed DEFAULTSORT templates
[452/921] Processing: Kawachi Kunitama Shrine
  ✓ Removed DEFAULTSORT templates
[453/921] Processing: Kawamata Shrine
  ✓ Removed DEFAULTSORT templates
[454/921] Processing: Kawara Shrine (Q11667602)
  ✓ Removed DEFAULTSORT templates
[455/921] Processing: Kanko Shrine
  ✓ Removed DEFAULTSORT templates
[456/921] Processing: Teranomikoto Shrine
  ✓ Removed DEFAULTSORT templates
[457/921] Processing: Kanda Shrine (Q11590647)
  ✓ Removed DEFAULTSORT templates
[458/921] Processing: Kandani Shrine
  ✓ Removed DEFAULTSORT templates
[459/921] Processing: Kannabi Shrine (Fuchu city, Hiroshima)
  ✓ Removed DEFAULTSORT templates
[460/921] Processing: Kanno Shrine
  ✓ Removed DEFAULTSORT templates
[461/921] Processing: Kanbara Shrine (Niigata)
  ✓ Removed DEFAULTSORT templates
[462/921] Processing: Kisaki Shrine
  ✓ Removed DEFAULTSORT templates
[463/921] Processing: Kitashita Shrine
  ✓ Removed DEFAULTSORT templates
[464/921] Processing: Kita Shrine
  ✓ Removed DEFAULTSORT templates
[465/921] Processing: Kitano Tenjinsha
  ✓ Removed DEFAULTSORT templates
[466/921] Processing: Kinumaki Shrine
  ✓ Removed DEFAULTSORT templates
[467/921] Processing: Kinomiya Shrine (Q119929624)
  ✓ Removed DEFAULTSORT templates
[468/921] Processing: Kiburi Shrine
  ✓ Removed DEFAULTSORT templates
[469/921] Processing: Kiyama Shrine
  ✓ Removed DEFAULTSORT templates
[470/921] Processing: Kinpu Shrine
  ✓ Removed DEFAULTSORT templates
[471/921] Processing: Kuga Shrine
  ✓ Removed DEFAULTSORT templates
[472/921] Processing: Kukuhi Shrine
  ✓ Removed DEFAULTSORT templates
[473/921] Processing: Kukumiohiko Shrine
  ✓ Removed DEFAULTSORT templates
[474/921] Processing: Kikurihime
  ✓ Removed DEFAULTSORT templates
[475/921] Processing: Kusanagi Shrine
  ✓ Removed DEFAULTSORT templates
[476/921] Processing: Kusanagi Shrine (Q11368944)
  ✓ Removed DEFAULTSORT templates
[477/921] Processing: Kusano Shrine
  ✓ Removed DEFAULTSORT templates
[478/921] Processing: Kushi iwamado Shrine
  ✓ Removed DEFAULTSORT templates
[479/921] Processing: Kushida Shrine (Matsusaka)
  ✓ Removed DEFAULTSORT templates
[480/921] Processing: Kushida Shrine, Imizu
  ✓ Removed DEFAULTSORT templates
[481/921] Processing: Kushitamanomikoto Shrine
  ✓ Removed DEFAULTSORT templates
[482/921] Processing: Kushirokahime Shrine
  ✓ Removed DEFAULTSORT templates
[483/921] Processing: Kuzumi Shrine
  ✓ Removed DEFAULTSORT templates
[484/921] Processing: Kusumoto Shrine
  ✓ Removed DEFAULTSORT templates
[485/921] Processing: Kuchi Shrine
  ✓ Removed DEFAULTSORT templates
[486/921] Processing: Kudo Shrine
  ✓ Removed DEFAULTSORT templates
[487/921] Processing: Kunitama Shrine
  ✓ Removed DEFAULTSORT templates
[488/921] Processing: Kunitsuhiko-no-Mikoto Shrine
  ✓ Removed DEFAULTSORT templates
[489/921] Processing: Kunihashiramikoto Shrine
  ✓ Removed DEFAULTSORT templates
[490/921] Processing: Kumaku Shrine
  ✓ Removed DEFAULTSORT templates
[491/921] Processing: Juniso Kumano Shrine
  ✓ Removed DEFAULTSORT templates
[492/921] Processing: Kumano Shrine (Q11568963)
  ✓ Removed DEFAULTSORT templates
[493/921] Processing: Kuri (kitchen)
  ✓ Removed DEFAULTSORT templates
[494/921] Processing: Kuroshima Shrine
  ✓ Removed DEFAULTSORT templates
[495/921] Processing: Kuronuma Shrine
  ✓ Removed DEFAULTSORT templates
[496/921] Processing: Kuwada Shrine
  ✓ Removed DEFAULTSORT templates
[497/921] Processing: Kuwabara Shrine
  ✓ Removed DEFAULTSORT templates
[498/921] Processing: Kuwayama Shrine
  ✓ Removed DEFAULTSORT templates
[499/921] Processing: Keiman Shrine
  ✓ Removed DEFAULTSORT templates
[500/921] Processing: Kegare
  ✓ Removed DEFAULTSORT templates
[501/921] Processing: Keta Jinja
  ✓ Removed DEFAULTSORT templates
[502/921] Processing: Genkai Sea
  ✓ Removed DEFAULTSORT templates
[503/921] Processing: Kō Shrine (Takayama)
  ✓ Removed DEFAULTSORT templates
[504/921] Processing: Koutari Shrine
  ✓ Removed DEFAULTSORT templates
[505/921] Processing: Mitsuchino Shrine
  ✓ Removed DEFAULTSORT templates
[506/921] Processing: Korizu Shrine
  ✓ Removed DEFAULTSORT templates
[507/921] Processing: Kogaikuni Shrine
  ✓ Removed DEFAULTSORT templates
[508/921] Processing: Gokiso Hachimangū
  ✓ Removed DEFAULTSORT templates
[509/921] Processing: Kokushi genzaisha
  ✓ Removed DEFAULTSORT templates
[510/921] Processing: Kokuzō Shrine
  ✓ Removed DEFAULTSORT templates
[511/921] Processing: Goshiki Soba
  ✓ Removed DEFAULTSORT templates
[512/921] Processing: Kojino Shrine
  ✓ Removed DEFAULTSORT templates
[513/921] Processing: Gosho Shrine
  ✓ Removed DEFAULTSORT templates
[514/921] Processing: Kotoshironushi Shrine (Q48758503)
  ✓ Removed DEFAULTSORT templates
[515/921] Processing: Kohaku Shrine
  ✓ Removed DEFAULTSORT templates
[516/921] Processing: Kohata Shrine
  ✓ Removed DEFAULTSORT templates
[517/921] Processing: Kobimine Shrine
  ✓ Removed DEFAULTSORT templates
[518/921] Processing: Komori Katte Shrine
  ✓ Removed DEFAULTSORT templates
[519/921] Processing: Goryō
  ✓ Removed DEFAULTSORT templates
[520/921] Processing: Sakaki Shrine
  ✓ Removed DEFAULTSORT templates
[521/921] Processing: Saka Shrine
  ✓ Removed DEFAULTSORT templates
[522/921] Processing: Sakatare Shrine
  ✓ Removed DEFAULTSORT templates
[523/921] Processing: Sakatsura Isosaki Shrine
  ✓ Removed DEFAULTSORT templates
[524/921] Processing: Sakamine Shrine
  ✓ Removed DEFAULTSORT templates
[525/921] Processing: Saki Shrine
  ✓ Removed DEFAULTSORT templates
[526/921] Processing: Saki Shrine (Q56346769)
  ✓ Removed DEFAULTSORT templates
[527/921] Processing: Sakitama Shrine
  ✓ Removed DEFAULTSORT templates
[528/921] Processing: Sakito Shrine
  ✓ Removed DEFAULTSORT templates
[529/921] Processing: Sakitori Shrine
  ✓ Removed DEFAULTSORT templates
[530/921] Processing: Sakuta Shrine (Q11382602)
  ✓ Removed DEFAULTSORT templates
[531/921] Processing: Sakurai Shrine
  ✓ Removed DEFAULTSORT templates
[532/921] Processing: Sakurama Shrine
  ✓ Removed DEFAULTSORT templates
[533/921] Processing: Saguri Shrine
  ✓ Removed DEFAULTSORT templates
[534/921] Processing: Sasaki Shrine
  ✓ Removed DEFAULTSORT templates
[535/921] Processing: Sasa Shrine
  ✓ Removed DEFAULTSORT templates
[536/921] Processing: Sasamuta Shrine
  ✓ Removed DEFAULTSORT templates
[537/921] Processing: Sato Shrine (Hitachiota)
  ✓ Removed DEFAULTSORT templates
[538/921] Processing: Sanuki Shrine
  ✓ Removed DEFAULTSORT templates
[539/921] Processing: Sano Shrine (Nomi)
  ✓ Removed DEFAULTSORT templates
[540/921] Processing: Sabi Shrine
  ✓ Removed DEFAULTSORT templates
[541/921] Processing: Sahimeyama Shrine (Q11383230)
  ✓ Removed DEFAULTSORT templates
[542/921] Processing: Samatado Shrine
  ✓ Removed DEFAULTSORT templates
[543/921] Processing: Samugawa Shrine
  ✓ Removed DEFAULTSORT templates
[544/921] Processing: Samuta Shrine
  ✓ Removed DEFAULTSORT templates
[545/921] Processing: Sawa Shrine
  ✓ Removed DEFAULTSORT templates
[546/921] Processing: Shiitori Shrine
  ✓ Removed DEFAULTSORT templates
[547/921] Processing: Ishizukuri Shrine (Q11676453)
  ✓ Removed DEFAULTSORT templates
[548/921] Processing: Shioyuhiko Shrine
  ✓ Removed DEFAULTSORT templates
[549/921] Processing: Shigariwake Shrine
  ✓ Removed DEFAULTSORT templates
[550/921] Processing: Shikinagayoshi Shrine
  ✓ Removed DEFAULTSORT templates
[551/921] Processing: Shizuma Shrine
  ✓ Removed DEFAULTSORT templates
[552/921] Processing: Jichinsai
  ✓ Removed DEFAULTSORT templates
[553/921] Processing: Shinaga Shrine
  ✓ Removed DEFAULTSORT templates
[554/921] Processing: Shinokura Shrine
  ✓ Removed DEFAULTSORT templates
[555/921] Processing: Shinobugaoka Shrine
  ✓ Removed DEFAULTSORT templates
[556/921] Processing: Shibukawa Shrine (Q100544140)
  ✓ Removed DEFAULTSORT templates
[557/921] Processing: Shibukawa Shrine
  ✓ Removed DEFAULTSORT templates
[558/921] Processing: Shimaana Shrine
  ✓ Removed DEFAULTSORT templates
[559/921] Processing: Shima Shrine
  ✓ Removed DEFAULTSORT templates
[560/921] Processing: Shimada Shrine
  ✓ Removed DEFAULTSORT templates
[561/921] Processing: Shimoshiotsu Shrine
  ✓ Removed DEFAULTSORT templates
[562/921] Processing: Shimotate Matsubara Shrine
  ✓ Removed DEFAULTSORT templates
[563/921] Processing: Juuni Shrine
  ✓ Removed DEFAULTSORT templates
[564/921] Processing: Jogu Shrine
  ✓ Removed DEFAULTSORT templates
[565/921] Processing: Shiratori Shrine (Toyama)
  ✓ Removed DEFAULTSORT templates
[566/921] Processing: Shirahige Shrine (Q11580504)
  ✓ Removed DEFAULTSORT templates
[567/921] Processing: Hakusan Shrine (Q11579589)
  ✓ Removed DEFAULTSORT templates
[568/921] Processing: Shinkokushi
  ✓ Removed DEFAULTSORT templates
[569/921] Processing: Heart (Chinese constellation)
  ✓ Removed DEFAULTSORT templates
[570/921] Processing: Kurume Suitengū
  ✓ Removed DEFAULTSORT templates
[571/921] Processing: Suearata Shrine
  ✓ Removed DEFAULTSORT templates
[572/921] Processing: Sugata Shrine
  ✓ Removed DEFAULTSORT templates
[573/921] Processing: Sugatahime Shrine
  ✓ Removed DEFAULTSORT templates
[574/921] Processing: Sugawara Tenmangū
  ✓ Removed DEFAULTSORT templates
[575/921] Processing: Sugihara Shrine (Q11521781)
  ✓ Removed DEFAULTSORT templates
[576/921] Processing: Sugihokowake no Mikoto Shrine
  ✓ Removed DEFAULTSORT templates
[577/921] Processing: Sukiyamano Shrine
  ✓ Removed DEFAULTSORT templates
[578/921] Processing: Sugiyama Shrine (Q17994294)
  ✓ Removed DEFAULTSORT templates
[579/921] Processing: Sugiyama Shrine (Shinyoshida-cho)
  ✓ Removed DEFAULTSORT templates
[580/921] Processing: Sukunakawata Shrine
  ✓ Removed DEFAULTSORT templates
[581/921] Processing: Sugo Shrine
  ✓ Removed DEFAULTSORT templates
[582/921] Processing: Susa Shrine
  ✓ Removed DEFAULTSORT templates
[583/921] Processing: Suzu Shrine
  ✓ Removed DEFAULTSORT templates
[584/921] Processing: Sunomata Shrine
  ✓ Removed DEFAULTSORT templates
[585/921] Processing: Sunomiya Shrine
  ✓ Removed DEFAULTSORT templates
[586/921] Processing: Sube Shrine
  ✓ Removed DEFAULTSORT templates
[587/921] Processing: Sumisaka Shrine
  ✓ Removed DEFAULTSORT templates
[588/921] Processing: Sumiyoshi Shrine (Iki City)
  ✓ Removed DEFAULTSORT templates
[589/921] Processing: Sakamoto Shrine Suwa Shrine
  ✓ Removed DEFAULTSORT templates
[590/921] Processing: Suwa Shrine (Q11631934)
  ✓ Removed DEFAULTSORT templates
[591/921] Processing: Suwa Shrine (Yamato)
  ✓ Removed DEFAULTSORT templates
[592/921] Processing: Missionary Office
  ✓ Removed DEFAULTSORT templates
[593/921] Processing: Sengen Shrine (Izu Province Ni-no-Miya)
  ✓ Removed DEFAULTSORT templates
[594/921] Processing: Senji Ryakketsu
  ✓ Removed DEFAULTSORT templates
[595/921] Processing: Soegawa Shrine
  ✓ Removed DEFAULTSORT templates
[596/921] Processing: Soganimasu Sogatsuhiko Shrine
  ✓ Removed DEFAULTSORT templates
[597/921] Processing: Sogahime Shrine
  ✓ Removed DEFAULTSORT templates
[598/921] Processing: Daisan Ōji Shrine
  ✓ Removed DEFAULTSORT templates
[599/921] Processing: Tai Shrine
  ✓ Removed DEFAULTSORT templates
[600/921] Processing: Tairyō Shrine
  ✓ Removed DEFAULTSORT templates
[601/921] Processing: Takashino Shrine
  ✓ Removed DEFAULTSORT templates
[602/921] Processing: Takaoka Sekino Shrine
  ✓ Removed DEFAULTSORT templates
[603/921] Processing: Takakamo Shrine
  ✓ Removed DEFAULTSORT templates
[604/921] Processing: Takakura Shrine
  ✓ Removed DEFAULTSORT templates
[605/921] Processing: Taga Shrine
  ✓ Removed DEFAULTSORT templates
[606/921] Processing: Taga Shrine (Q11431090)
  ✓ Removed DEFAULTSORT templates
[607/921] Processing: Taga Shrine (Tagajo)
  ✓ Removed DEFAULTSORT templates
[608/921] Processing: Taka Shrine
  ✓ Removed DEFAULTSORT templates
[609/921] Processing: Taga Shrine (Atami)
  ✓ Removed DEFAULTSORT templates
[610/921] Processing: Takase Shrine (Q3791906)
  ✓ Removed DEFAULTSORT templates
[611/921] Processing: Takadahasagi Shrine
  ✓ Removed DEFAULTSORT templates
[612/921] Processing: Takachiniimasu Shrine
  ✓ Removed DEFAULTSORT templates
[613/921] Processing: Takatsumi Shrine
  ✓ Removed DEFAULTSORT templates
[614/921] Processing: Takano River
  ✓ Removed DEFAULTSORT templates
[615/921] Processing: Takahashi Shrine (Nara)
  ✓ Removed DEFAULTSORT templates
[616/921] Processing: Takahashi Shrine (Q11670742)
  ✓ Removed DEFAULTSORT templates
[617/921] Processing: Takahashi Shrine (Q24899217)
  ✓ Removed DEFAULTSORT templates
[618/921] Processing: Takahashi Shrine
  ✓ Removed DEFAULTSORT templates
[619/921] Processing: Takabe Shrine
  ✓ Removed DEFAULTSORT templates
[620/921] Processing: Takabeya Shrine
  ✓ Removed DEFAULTSORT templates
[621/921] Processing: Takamahiko Shrine
  ✓ Removed DEFAULTSORT templates
[622/921] Processing: Takamu Shrine (Q18233534)
  ✓ Removed DEFAULTSORT templates
[623/921] Processing: Takamefu Shrine
  ✓ Removed DEFAULTSORT templates
[624/921] Processing: Takaya Shrine
  ✓ Removed DEFAULTSORT templates
[625/921] Processing: Tagi Shrine
  ✓ Removed DEFAULTSORT templates
[626/921] Processing: Taki Shrine (Q11430618)
  ✓ Removed DEFAULTSORT templates
[627/921] Processing: Takinami Shrine (Komatsu City)
  ✓ Removed DEFAULTSORT templates
[628/921] Processing: Takihira Shrine, Takehira Shrine
  ✓ Removed DEFAULTSORT templates
[629/921] Processing: Taku Shrine
  ✓ Removed DEFAULTSORT templates
[630/921] Processing: Takuhi Reshi Shrine
  ✓ Removed DEFAULTSORT templates
[631/921] Processing: Takeo Shimokorihiko Shrine
  ✓ Removed DEFAULTSORT templates
[632/921] Processing: Takechino Miagata Shrine
  ✓ Removed DEFAULTSORT templates
[633/921] Processing: Takefutsu Shrine
  ✓ Removed DEFAULTSORT templates
[634/921] Processing: Takefutsu Nishinomiya Shrine
  ✓ Removed DEFAULTSORT templates
[635/921] Processing: Takebuyama Shrine
  ✓ Removed DEFAULTSORT templates
[636/921] Processing: Tago Shrine
  ✓ Removed DEFAULTSORT templates
[637/921] Processing: Taji Shrine
  ✓ Removed DEFAULTSORT templates
[638/921] Processing: Tajihayahime Shrine
  ✓ Removed DEFAULTSORT templates
[639/921] Processing: Tada Shrine (Tabuto Shrine)
  ✓ Removed DEFAULTSORT templates
[640/921] Processing: Tachi Shrine
  ✓ Removed DEFAULTSORT templates
[641/921] Processing: Tachibana Shrine
  ✓ Removed DEFAULTSORT templates
[642/921] Processing: Tatsushima Meoyanomikoto Shrine
  ✓ Removed DEFAULTSORT templates
[643/921] Processing: Date Shrine
  ✓ Removed DEFAULTSORT templates
[644/921] Processing: Tatenui Shrine (Gochu, Miura Village, Ibaraki Prefecture)
  ✓ Removed DEFAULTSORT templates
[645/921] Processing: Tanakurahiko Shrine
  ✓ Removed DEFAULTSORT templates
[646/921] Processing: Tanabata Shrine (Nagoya)
  ✓ Removed DEFAULTSORT templates
[647/921] Processing: Taniya Shrine
  ✓ Removed DEFAULTSORT templates
[648/921] Processing: Tabekoten Shrine
  ✓ Removed DEFAULTSORT templates
[649/921] Processing: Tabe Shrine
  ✓ Removed DEFAULTSORT templates
[650/921] Processing: Tamakushi-hime
  ✓ Removed DEFAULTSORT templates
[651/921] Processing: Tamatsukuri Shrine (Q134930396)
  ✓ Removed DEFAULTSORT templates
[652/921] Processing: Tamanooya Shrine (Q11572731)
  ✓ Removed DEFAULTSORT templates
[653/921] Processing: Tamanooya Shrine
  ✓ Removed DEFAULTSORT templates
[654/921] Processing: Tarumi Shrine
  ✓ Removed DEFAULTSORT templates
[655/921] Processing: Chikushi Shrine
  ✓ Removed DEFAULTSORT templates
[656/921] Processing: Karakawa Shrine
  ✓ Removed DEFAULTSORT templates
[657/921] Processing: Chokusaisha
  ✓ Removed DEFAULTSORT templates
[658/921] Processing: Tsukima Shrine
  ✓ Removed DEFAULTSORT templates
[659/921] Processing: Tsukiyomi Shrine
  ✓ Removed DEFAULTSORT templates
[660/921] Processing: Tsukiyomi Shrine (Q54153263)
  ✓ Removed DEFAULTSORT templates
[661/921] Processing: Hikida Shrine
  ✓ Removed DEFAULTSORT templates
[662/921] Processing: Tsutsumi Shrine
  ✓ Removed DEFAULTSORT templates
[663/921] Processing: Tsutsumine Shrine
  ✓ Removed DEFAULTSORT templates
[664/921] Processing: Tsutsumori Shrine
  ✓ Removed DEFAULTSORT templates
[665/921] Processing: Tsunou Shrine
  ✓ Removed DEFAULTSORT templates
[666/921] Processing: Tsuno Shrine
  ✓ Removed DEFAULTSORT templates
[667/921] Processing: Tsubaki Grand Shrine
  ✓ Removed DEFAULTSORT templates
[668/921] Processing: Tsubaki Shrine
  ✓ Removed DEFAULTSORT templates
[669/921] Processing: Tsumatsuhime Shrine
  ✓ Removed DEFAULTSORT templates
[670/921] Processing: Tsurugitachi Iwato Kowake No Mikoto Shrine
  ✓ Removed DEFAULTSORT templates
[671/921] Processing: Tejikarao Shrine
  ✓ Removed DEFAULTSORT templates
[672/921] Processing: Tenshō Kōtai Jingūkyō
  ✓ Removed DEFAULTSORT templates
[673/921] Processing: Gomyo Tenjin Shrine
  ✓ Removed DEFAULTSORT templates
[674/921] Processing: Tenjin-sha (Q70725130)
  ✓ Removed DEFAULTSORT templates
[675/921] Processing: Tenjin Shrine
  ✓ Removed DEFAULTSORT templates
[676/921] Processing: Tensokokyo
  ✓ Removed DEFAULTSORT templates
[677/921] Processing: Kitano Tenmansha (Kita‑no‑chō, Hachiōji)
  ✓ Removed DEFAULTSORT templates
[678/921] Processing: Tenman Shrine (Takayama)
  ✓ Removed DEFAULTSORT templates
[679/921] Processing: Toi Shrine
  ✓ Removed DEFAULTSORT templates
[680/921] Processing: Yusen Shrine
  ✓ Removed DEFAULTSORT templates
[681/921] Processing: Tōchi no Miagata Nimasu Shrine
  ✓ Removed DEFAULTSORT templates
[682/921] Processing: Toga Shrine (Q17229311)
  ✓ Removed DEFAULTSORT templates
[683/921] Processing: Tokari Shrine (Q11396948)
  ✓ Removed DEFAULTSORT templates
[684/921] Processing: Toshigami
  ✓ Removed DEFAULTSORT templates
[685/921] Processing: Tono Shrine
  ✓ Removed DEFAULTSORT templates
[686/921] Processing: Toba Shrine
  ✓ Removed DEFAULTSORT templates
[687/921] Processing: Tomari Shrine
  ✓ Removed DEFAULTSORT templates
[688/921] Processing: Tomi Shrine
  ✓ Removed DEFAULTSORT templates
[689/921] Processing: Tomi Shrine (Q11602724)
  ✓ Removed DEFAULTSORT templates
[690/921] Processing: Toyooka Kami Tenjinsha
  ✓ Removed DEFAULTSORT templates
[691/921] Processing: Toyokuni Shrine (Q48758383)
  ✓ Removed DEFAULTSORT templates
[692/921] Processing: Toyozumi Shrine
  ✓ Removed DEFAULTSORT templates
[693/921] Processing: Toyoyuki Shrine
  ✓ Removed DEFAULTSORT templates
[694/921] Processing: Nawino Shrine
  ✓ Removed DEFAULTSORT templates
[695/921] Processing: Nakagawa Shrine
  ✓ Removed DEFAULTSORT templates
[696/921] Processing: Nagakura Shrine
  ✓ Removed DEFAULTSORT templates
[697/921] Processing: Nakashima Shrine
  ✓ Removed DEFAULTSORT templates
[698/921] Processing: Naka Shrine (Matsuzaki)
  ✓ Removed DEFAULTSORT templates
[699/921] Processing: Nagahatabe Shrine (Q72727981)
  ✓ Removed DEFAULTSORT templates
[700/921] Processing: Nagahama Shrine
  ✓ Removed DEFAULTSORT templates
[701/921] Processing: Naka-Hikawa Shrine
  ✓ Removed DEFAULTSORT templates
[702/921] Processing: Nakahikawa Shrine
  ✓ Removed DEFAULTSORT templates
[703/921] Processing: Nakayama Shrine (Tottori Daisen)
  ✓ Removed DEFAULTSORT templates
[704/921] Processing: Nakayama Shrine (Q11364249)
  ✓ Removed DEFAULTSORT templates
[705/921] Processing: Nagara Shrine
  ✓ Removed DEFAULTSORT templates
[706/921] Processing: Nago Shrine
  ✓ Removed DEFAULTSORT templates
[707/921] Processing: Nahaka Shrine
  ✓ Removed DEFAULTSORT templates
[708/921] Processing: Nahe Shrine
  ✓ Removed DEFAULTSORT templates
[709/921] Processing: Namura Shrine
  ✓ Removed DEFAULTSORT templates
[710/921] Processing: Nara Shrine
  ✓ Removed DEFAULTSORT templates
[711/921] Processing: Naru Shrine
  ✓ Removed DEFAULTSORT templates
[712/921] Processing: Narumi Shrine
  ✓ Removed DEFAULTSORT templates
[713/921] Processing: Narumi Hachimangū
  ✓ Removed DEFAULTSORT templates
[714/921] Processing: Niukawakami Shrine (Q246370)
  ✓ Removed DEFAULTSORT templates
[715/921] Processing: Niukawakami Upper Shrine
  ✓ Removed DEFAULTSORT templates
[716/921] Processing: Niukawakami Lower Shrine
  ✓ Removed DEFAULTSORT templates
[717/921] Processing: Niu Shrine
  ✓ Removed DEFAULTSORT templates
[718/921] Processing: Nikabe Shrine
  ✓ Removed DEFAULTSORT templates
[719/921] Processing: Nishiteru Shrine
  ✓ Removed DEFAULTSORT templates
[720/921] Processing: Ninomiya Shrine (Q134930277)
  ✓ Removed DEFAULTSORT templates
[721/921] Processing: 200 Famous Japanese Mountains
  ✓ Removed DEFAULTSORT templates
[722/921] Processing: Nyuu Shrine
  ✓ Removed DEFAULTSORT templates
[723/921] Processing: Nireyama Shrine
  ✓ Removed DEFAULTSORT templates
[724/921] Processing: Niwa Shrine
  ✓ Removed DEFAULTSORT templates
[725/921] Processing: Niwata Shrine
  ✓ Removed DEFAULTSORT templates
[726/921] Processing: Nunakuma Shrine
  ✓ Removed DEFAULTSORT templates
[727/921] Processing: Nuribe Shrine
  ✓ Removed DEFAULTSORT templates
[728/921] Processing: Noki Shrine
  ✓ Removed DEFAULTSORT templates
[729/921] Processing: Nogita Shrine
  ✓ Removed DEFAULTSORT templates
[730/921] Processing: Noma Shrine
  ✓ Removed DEFAULTSORT templates
[731/921] Processing: Nomi Shrine
  ✓ Removed DEFAULTSORT templates
[732/921] Processing: Nomi Shrine (Q11646128)
  ✓ Removed DEFAULTSORT templates
[733/921] Processing: Hakui Shrine
  ✓ Removed DEFAULTSORT templates
[734/921] Processing: Hakusan Shrine (Kasugai)
  ✓ Removed DEFAULTSORT templates
[735/921] Processing: Hakunu Shrine
  ✓ Removed DEFAULTSORT templates
[736/921] Processing: Hajikama Shrine
  ✓ Removed DEFAULTSORT templates
[737/921] Processing: Hajikami Shrine
  ✓ Removed DEFAULTSORT templates
[738/921] Processing: Hajikami Shrine (Q11275441)
  ✓ Removed DEFAULTSORT templates
[739/921] Processing: Hashiriochi Shrine
  ✓ Removed DEFAULTSORT templates
[740/921] Processing: Hasedera (Nagano)
  ✓ Removed DEFAULTSORT templates
[741/921] Processing: Hachita Shrine
  ✓ Removed DEFAULTSORT templates
[742/921] Processing: Hachimangū Kinomiya Shrine
  ✓ Removed DEFAULTSORT templates
[743/921] Processing: Hachiman Shrine (Otoi)
  ✓ Removed DEFAULTSORT templates
[744/921] Processing: Sunomata Hachiman Shrine
  ✓ Removed DEFAULTSORT templates
[745/921] Processing: Hachiman Shrine (Q134927474)
  ✓ Removed DEFAULTSORT templates
[746/921] Processing: Sakamoto Shrine & Hachimangu
  ✓ Removed DEFAULTSORT templates
[747/921] Processing: Hachiman Shrine (Koura, Minamiizu)
  ✓ Removed DEFAULTSORT templates
[748/921] Processing: Hakkengū
  ✓ Removed DEFAULTSORT templates
[749/921] Processing: Hananagakami Shrine
  ✓ Removed DEFAULTSORT templates
[750/921] Processing: Hananagashimo Shrine
  ✓ Removed DEFAULTSORT templates
[751/921] Processing: Hanifu Shrine
  ✓ Removed DEFAULTSORT templates
[752/921] Processing: Hanoura Shrine
  ✓ Removed DEFAULTSORT templates
[753/921] Processing: Hahaki Shrine
  ✓ Removed DEFAULTSORT templates
[754/921] Processing: Hahime Shrine
  ✓ Removed DEFAULTSORT templates
[755/921] Processing: Habuhime-no-Mikoto Shrine
  ✓ Removed DEFAULTSORT templates
[756/921] Processing: Hahō Shrine
  ✓ Removed DEFAULTSORT templates
[757/921] Processing: Hamana Sōsha-shinmeigū
  ✓ Removed DEFAULTSORT templates
[758/921] Processing: Hamamatsu Hachimangu
  ✓ Removed DEFAULTSORT templates
[759/921] Processing: Hayasame Shrine
  ✓ Removed DEFAULTSORT templates
[760/921] Processing: Hayasuihime Shrine
  ✓ Removed DEFAULTSORT templates
[761/921] Processing: Haritsuna Shrine
  ✓ Removed DEFAULTSORT templates
[762/921] Processing: Hii Shrine
  ✓ Removed DEFAULTSORT templates
[763/921] Processing: Hieta Shrine
  ✓ Removed DEFAULTSORT templates
[764/921] Processing: Hioka Shrine
  ✓ Removed DEFAULTSORT templates
[765/921] Processing: Hioki Shrine (Nagoya)
  ✓ Removed DEFAULTSORT templates
[766/921] Processing: Hioki Shrine (Q11510250)
  ✓ Removed DEFAULTSORT templates
[767/921] Processing: Higanotome Shrine
  ✓ Removed DEFAULTSORT templates
[768/921] Processing: Hikite Chikara no Mikoto Shrine
  ✓ Removed DEFAULTSORT templates
[769/921] Processing: Hijiri Shrine (Izumi, Osaka)
  ✓ Removed DEFAULTSORT templates
[770/921] Processing: Hida Shrine
  ✓ Removed DEFAULTSORT templates
[771/921] Processing: Hitsusa Shrine
  ✓ Removed DEFAULTSORT templates
[772/921] Processing: HItsujisaki Shrine
  ✓ Removed DEFAULTSORT templates
[773/921] Processing: Hinamori Shrine
  ✓ Removed DEFAULTSORT templates
[774/921] Processing: Hine Shrine
  ✓ Removed DEFAULTSORT templates
[775/921] Processing: Hihayo Tenjin Shrine
  ✓ Removed DEFAULTSORT templates
[776/921] Processing: Hibita Shrine
  ✓ Removed DEFAULTSORT templates
[777/921] Processing: Koyasu Myōjin Shrine
  ✓ Removed DEFAULTSORT templates
[778/921] Processing: Himesaka Kanachiana Shrine
  ✓ Removed DEFAULTSORT templates
[779/921] Processing: Hime Shrine (Nanto City)
  ✓ Removed DEFAULTSORT templates
[780/921] Processing: Himemiya Shrine
  ✓ Removed DEFAULTSORT templates
[781/921] Processing: Hyōsu Shrine
  ✓ Removed DEFAULTSORT templates
[782/921] Processing: Hiruko Shrine (Q106852693)
  ✓ Removed DEFAULTSORT templates
[783/921] Processing: Hirose Shrine (Izunokuni)
  ✓ Removed DEFAULTSORT templates
[784/921] Processing: Hirose Shrine (Sayama)
  ✓ Removed DEFAULTSORT templates
[785/921] Processing: Fukagawa Shrine
  ✓ Removed DEFAULTSORT templates
[786/921] Processing: Fukuōji Shrine
  ✓ Removed DEFAULTSORT templates
[787/921] Processing: Fukuchi Shrine
  ✓ Removed DEFAULTSORT templates
[788/921] Processing: Fujiuchi Shrine
  ✓ Removed DEFAULTSORT templates
[789/921] Processing: Fuji Sengen Shrine (Togo Town)
  ✓ Removed DEFAULTSORT templates
[790/921] Processing: Fuse Shrine (Nagano)
  ✓ Removed DEFAULTSORT templates
[791/921] Processing: Futagami-yama Shrine (Tottori Prefecture)
  ✓ Removed DEFAULTSORT templates
[792/921] Processing: Fudaten Shrine
  ✓ Removed DEFAULTSORT templates
[793/921] Processing: Funai Shrine
  ✓ Removed DEFAULTSORT templates
[794/921] Processing: Funayama Shrine
  ✓ Removed DEFAULTSORT templates
[795/921] Processing: Fu Hachimangu
  ✓ Removed DEFAULTSORT templates
[796/921] Processing: Brazilian schools in Japan
  ✓ Removed DEFAULTSORT templates
[797/921] Processing: Heijō Shrine
  ✓ Removed DEFAULTSORT templates
[798/921] Processing: Hegurinoiwatoko Shrine
  ✓ Removed DEFAULTSORT templates
[799/921] Processing: Heda Shrine
  ✓ Removed DEFAULTSORT templates
[800/921] Processing: Housono Shrine
  ✓ Removed DEFAULTSORT templates
[801/921] Processing: Hokura Shrine
  ✓ Removed DEFAULTSORT templates
[802/921] Processing: Hoshi Shrine
  ✓ Removed DEFAULTSORT templates
[803/921] Processing: Hoshinomiya-sha Shrine
  ✓ Removed DEFAULTSORT templates
[804/921] Processing: Hosokawa Shrine
  ✓ Removed DEFAULTSORT templates
[805/921] Processing: Bohai Sea
  ✓ Removed DEFAULTSORT templates
[806/921] Processing: Hokki Shrine
  ✓ Removed DEFAULTSORT templates
[807/921] Processing: Hobata Shrine
  ✓ Removed DEFAULTSORT templates
[808/921] Processing: Homi Shrine
  ✓ Removed DEFAULTSORT templates
[809/921] Processing: Homi Shrine (Asahimachi, Nirasaki)
  ✓ Removed DEFAULTSORT templates
[810/921] Processing: Horowasan Haushiwake Shrine
  ✓ Removed DEFAULTSORT templates
[811/921] Processing: Magaibutsu
  ✓ Removed DEFAULTSORT templates
[812/921] Processing: Makata Shrine
  ✓ Removed DEFAULTSORT templates
[813/921] Processing: Mankusen Shrine
  ✓ Removed DEFAULTSORT templates
[814/921] Processing: Make Shrine (Q11498617)
  ✓ Removed DEFAULTSORT templates
[815/921] Processing: Matsusaka Shrine
  ✓ Removed DEFAULTSORT templates
[816/921] Processing: Matsubara Shrine (Q11529439)
  ✓ Removed DEFAULTSORT templates
[817/921] Processing: Manai Shrine
  ✓ Removed DEFAULTSORT templates
[818/921] Processing: Mamezuka Shrine
  ✓ Removed DEFAULTSORT templates
[819/921] Processing: Hikawami Shrine
  ✓ Removed DEFAULTSORT templates
[820/921] Processing: Mii Shrine
  ✓ Removed DEFAULTSORT templates
[821/921] Processing: Mii Shrine (Q11488771)
  ✓ Removed DEFAULTSORT templates
[822/921] Processing: Mio Shrine
  ✓ Removed DEFAULTSORT templates
[823/921] Processing: Mioya Shrine
  ✓ Removed DEFAULTSORT templates
[824/921] Processing: Mikata Shrine
  ✓ Removed DEFAULTSORT templates
[825/921] Processing: Mikushi Shrine
  ✓ Removed DEFAULTSORT templates
[826/921] Processing: Misaka Shrine
  ✓ Removed DEFAULTSORT templates
[827/921] Processing: Mishima-Kamo Shrine
  ✓ Removed DEFAULTSORT templates
[828/921] Processing: Mishima Shrine
  ✓ Removed DEFAULTSORT templates
[829/921] Processing: Mishima Shrine (Q134888252)
  ✓ Removed DEFAULTSORT templates
[830/921] Processing: Mishima Shrine (Aono, Minamiizu)
  ✓ Removed DEFAULTSORT templates
[831/921] Processing: Mishima Shrine (Iruma)
  ✓ Removed DEFAULTSORT templates
[832/921] Processing: Mishima Shrine (Minamiizu )
  ✓ Removed DEFAULTSORT templates
[833/921] Processing: Mishima Shrine (Q134926216)
  ✓ Removed DEFAULTSORT templates
[834/921] Processing: Mishima Shrine (Minamiizu-chō Nijō)
  ✓ Removed DEFAULTSORT templates
[835/921] Processing: Mishima Shrine (Minamiizu)
  ✓ Removed DEFAULTSORT templates
[836/921] Processing: Mishima Shrine (Tsumara)
  ✓ Removed DEFAULTSORT templates
[837/921] Processing: Mishimada Shrine
  ✓ Removed DEFAULTSORT templates
[838/921] Processing: Mizushi Shrine
  ✓ Removed DEFAULTSORT templates
[839/921] Processing: Mizutani Shrine
  ✓ Removed DEFAULTSORT templates
[840/921] Processing: Mita Hachiman Shrine
  ✓ Removed DEFAULTSORT templates
[841/921] Processing: Mitami Shrine
  ✓ Removed DEFAULTSORT templates
[842/921] Processing: Mito Shrine
  ✓ Removed DEFAULTSORT templates
[843/921] Processing: Mito Shrine (Q11488802)
  ✓ Removed DEFAULTSORT templates
[844/921] Processing: Minagi Shrine
  ✓ Removed DEFAULTSORT templates
[845/921] Processing: Minakuchi Shrine
  ✓ Removed DEFAULTSORT templates
[846/921] Processing: Minushi Shrine
  ✓ Removed DEFAULTSORT templates
[847/921] Processing: Minume Shrine
  ✓ Removed DEFAULTSORT templates
[848/921] Processing: Mino Agatanushi Shrine
  ✓ Removed DEFAULTSORT templates
[849/921] Processing: Minowa Shrine
  ✓ Removed DEFAULTSORT templates
[850/921] Processing: Miho Shrine (Q11489249)
  ✓ Removed DEFAULTSORT templates
[851/921] Processing: Mimatsuhiko Shrine
  ✓ Removed DEFAULTSORT templates
[852/921] Processing: Miminashi Yamaguchi Shrine
  ✓ Removed DEFAULTSORT templates
[853/921] Processing: Miyake Shrine (Matsubara)
  ✓ Removed DEFAULTSORT templates
[854/921] Processing: Miyake Shrine (Q22120521)
  ✓ Removed DEFAULTSORT templates
[855/921] Processing: Miyake Shrine (Q11355073)
  ✓ Removed DEFAULTSORT templates
[856/921] Processing: Miwa Shrine (Q11357406)
  ✓ Removed DEFAULTSORT templates
[857/921] Processing: Oomiwa Shrine
  ✓ Removed DEFAULTSORT templates
[858/921] Processing: Miwa Shrine (Higashisue, Setouchi)
  ✓ Removed DEFAULTSORT templates
[859/921] Processing: Miwa Shrine (Gifu)
  ✓ Removed DEFAULTSORT templates
[860/921] Processing: Muku Shrine
  ✓ Removed DEFAULTSORT templates
[861/921] Processing: Musanimasu Shrine
  ✓ Removed DEFAULTSORT templates
[862/921] Processing: Mushika Shrine
  ✓ Removed DEFAULTSORT templates
[863/921] Processing: Murakuni Shrine
  ✓ Removed DEFAULTSORT templates
[864/921] Processing: Murakuni Masumida Shrine
  ✓ Removed DEFAULTSORT templates
[865/921] Processing: Murayama Shrine
  ✓ Removed DEFAULTSORT templates
[866/921] Processing: Murayama Shrine (Q11523148)
  ✓ Removed DEFAULTSORT templates
[867/921] Processing: Murohime Shrine
  ✓ Removed DEFAULTSORT templates
[868/921] Processing: Meta Shrine
  ✓ Removed DEFAULTSORT templates
[869/921] Processing: Mefu Shrine
  ✓ Removed DEFAULTSORT templates
[870/921] Processing: Mefu Shrine (Q11429659)
  ✓ Removed DEFAULTSORT templates
[871/921] Processing: Mononobe Shrine (Q11570699)
  ✓ Removed DEFAULTSORT templates
[872/921] Processing: Mononobe Shrine (Q18235752)
  ✓ Removed DEFAULTSORT templates
[873/921] Processing: Mononobe Shrine (Kashiwazaki)
  ✓ Removed DEFAULTSORT templates
[874/921] Processing: Morimoto Shrine
  ✓ Removed DEFAULTSORT templates
[875/921] Processing: Morokuchi Shrine (Q116694076)
  ✓ Removed DEFAULTSORT templates
[876/921] Processing: Moro Shrine
  ✓ Removed DEFAULTSORT templates
[877/921] Processing: Morosugi Shrine
  ✓ Removed DEFAULTSORT templates
[878/921] Processing: Yao Shrine
  ✓ Removed DEFAULTSORT templates
[879/921] Processing: Yagawa Shrine
  ✓ Removed DEFAULTSORT templates
[880/921] Processing: Yagokorōoichihiko Shrine
  ✓ Removed DEFAULTSORT templates
[881/921] Processing: Yasaka Shrine (Gika, Koka)
  ✓ Removed DEFAULTSORT templates
[882/921] Processing: Yasakatome
  ✓ Removed DEFAULTSORT templates
[883/921] Processing: Yatagarasu Shrine
  ✓ Removed DEFAULTSORT templates
[884/921] Processing: Yana Shrine
  ✓ Removed DEFAULTSORT templates
[885/921] Processing: Yana Shrine (Q11471014)
  ✓ Removed DEFAULTSORT templates
[886/921] Processing: Yanahime Shrine
  ✓ Removed DEFAULTSORT templates
[887/921] Processing: Yahagi Shrine, Yao
  ✓ Removed DEFAULTSORT templates
[888/921] Processing: Yabu Shrine
  ✓ Removed DEFAULTSORT templates
[889/921] Processing: Yabuta Shrine
  ✓ Removed DEFAULTSORT templates
[890/921] Processing: Yahoko Shrine
  ✓ Removed DEFAULTSORT templates
[891/921] Processing: Yamakatahiko Shrine
  ✓ Removed DEFAULTSORT templates
[892/921] Processing: Yamaguchi Shrine
  ✓ Removed DEFAULTSORT templates
[893/921] Processing: Yamashina Shrine
  ✓ Removed DEFAULTSORT templates
[894/921] Processing: Yama Shrine
  ✓ Removed DEFAULTSORT templates
[895/921] Processing: Yamadai Shrine
  ✓ Removed DEFAULTSORT templates
[896/921] Processing: Yamato Onchi Shrine
  ✓ Removed DEFAULTSORT templates
[897/921] Processing: Yamanashioka Shrine, Fuefuki
  ✓ Removed DEFAULTSORT templates
[898/921] Processing: Yamanashioka Shrine, Yamanashi
  ✓ Removed DEFAULTSORT templates
[899/921] Processing: Yuge Shrine
  ✓ Removed DEFAULTSORT templates
[900/921] Processing: Yuge Shrine (Q11487078)
  ✓ Removed DEFAULTSORT templates
[901/921] Processing: Yuzusame Shrine
  ✓ Removed DEFAULTSORT templates
[902/921] Processing: Yuzen Shrine
  ✓ Removed DEFAULTSORT templates
[903/921] Processing: Yokota Shrine
  ✓ Removed DEFAULTSORT templates
[904/921] Processing: Yokota Shrine (Q11543413)
  ✓ Removed DEFAULTSORT templates
[905/921] Processing: Yoshida Shrine
  ✓ Removed DEFAULTSORT templates
[906/921] Processing: Yoshihime Shrine
  ✓ Removed DEFAULTSORT templates
[907/921] Processing: Yoshimiko Shrine
  ✓ Removed DEFAULTSORT templates
[908/921] Processing: Rikishi Shrine
  ✓ Removed DEFAULTSORT templates
[909/921] Processing: Hitsujisaki Shrine
  ✓ Removed DEFAULTSORT templates
[910/921] Processing: Wakae Kagami Shrine
  ✓ Removed DEFAULTSORT templates
[911/921] Processing: Wakae Shrine
  ✓ Removed DEFAULTSORT templates
[912/921] Processing: Wakahiru-me
  ✓ Removed DEFAULTSORT templates
[913/921] Processing: Wakamiya Shrine (Q134930669)
  ✓ Removed DEFAULTSORT templates
[914/921] Processing: Wakeoe Shrine
  ✓ Removed DEFAULTSORT templates
[915/921] Processing: Wagō Kasuga Shrine
  ✓ Removed DEFAULTSORT templates
[916/921] Processing: Washizu Shrine
  ✓ Removed DEFAULTSORT templates
[917/921] Processing: Washitori Shrine
  ✓ Removed DEFAULTSORT templates
[918/921] Processing: Wanikawa Shrine
  ✓ Removed DEFAULTSORT templates
[919/921] Processing: Wanikawa Shrine (Miki, Kagawa)
  ✓ Removed DEFAULTSORT templates
[920/921] Processing: Wanishita Shrine (Ichinomoto)
  ✓ Removed DEFAULTSORT templates
[921/921] Processing: Wanishita Shrine (Yokota)
  ✓ Removed DEFAULTSORT templates

================================================================================
COMPLETE
================================================================================
Total pages: 921
Edited: 919
Skipped: 2

