======================================================================
REMOVE AFC COMMENT TEMPLATES FROM MAINSPACE
======================================================================

Connecting to shinto.miraheze.org...
Logged in as Immanuelle

Fetching all mainspace pages...
Processing 1: 1-day onsen facility... [NO CHANGES]
Processing 2: 20-Year Plan for One Million Families... [MODIFIED]
Processing 3: 2003 Shooting of Japanese Diplomats in Iraq... [MODIFIED]
Processing 4: 200 Famous Japanese Mountains... [MODIFIED]
Processing 5: 26-Rank cap system... [MODIFIED]
Processing 6: 36 Dōji... [NO CHANGES]
Processing 7: 72 pentads... [MODIFIED]
Processing 8: A... [NO CHANGES]
Processing 9: A1 Decan Lists... [MODIFIED]
Processing 10: A2 Decan Lists... [NO CHANGES]
Processing 11: AICEL Shura Hall... [MODIFIED]
Processing 12: Ab-Schetui... [NO CHANGES]
Processing 13: Ab (decan)... [MODIFIED]
Processing 14: Abare Festival... [MODIFIED]
Processing 15: Abashiri Shrine... [MODIFIED]
Processing 16: Abe clan... [MODIFIED]
Processing 17: Abe no Ariyo... [MODIFIED]
Processing 18: Abe no Seimei... [MODIFIED]
Processing 19: Abe no Yasuchika... [MODIFIED]
Processing 20: Abe no Yasunaga... [MODIFIED]
Processing 21: Abe no Yoshihira... [MODIFIED]
Processing 22: Abe Ōji Shrine... [MODIFIED]
Processing 23: Abedani Kofun... [NO CHANGES]
Processing 24: Abeno Shrine... [MODIFIED]
Processing 25: Abesches... [NO CHANGES]
Processing 26: Abito Shrine... [NO CHANGES]
Processing 27: Abo Shrine... [NO CHANGES]
Processing 28: Abo Shrine (Moto‑Abo)... [NO CHANGES]
Processing 29: About Oyama Afuri Shrine... [NO CHANGES]
Processing 30: Aburahi Shrine... [NO CHANGES]
Processing 31: Abushina Shrine... [NO CHANGES]
Processing 32: Abuyama Kofun... [MODIFIED]
Processing 33: Acala... [MODIFIED]
Processing 34: Achi Shrine... [MODIFIED]
Processing 35: Achi Shrine (Kurashiki)... [MODIFIED]
Processing 36: Achi Shrine (Q11657447)... [NO CHANGES]
Processing 37: Achi clan... [MODIFIED]
Processing 38: Achieno Shrine... [NO CHANGES]
Processing 39: Achie‑nobe Shrine... [NO CHANGES]
Processing 40: Achihaseno Shrine... [NO CHANGES]
Processing 41: Achihayao Shrine... [NO CHANGES]
Processing 42: Achiheisoheno Shrine... [NO CHANGES]
Processing 43: Achiko Shrine... [NO CHANGES]
Processing 44: Achiko Shrine (Q135270277)... [NO CHANGES]
Processing 45: Achikouisobu Shrine... [NO CHANGES]
Processing 46: Achino Shrine... [NO CHANGES]
Processing 47: Achino Shrine okumiya... [NO CHANGES]
Processing 48: Achisukino Shrine... [NO CHANGES]
Processing 49: Acidic springs... [MODIFIED]
Processing 50: Acronychic... [NO CHANGES]
Processing 51: Acts of Worship... [MODIFIED]
Processing 52: Acupuncture Hakase... [MODIFIED]
Processing 53: Adachi Myokengu... [MODIFIED]
Processing 54: Adachi Shrine... [NO CHANGES]
Processing 55: Adachi Shrine (Kamikisaki)... [NO CHANGES]
Processing 56: Adachi Yoshikage... [NO CHANGES]
Processing 57: Adachiyama... [MODIFIED]
Processing 58: Adatara Shrine... [NO CHANGES]
Processing 59: Adatara Shrine (Q135194444)... [NO CHANGES]
Processing 60: Aedo Hashihime Shrine... [MODIFIED]
Processing 61: Aekuni Shrine... [NO CHANGES]
Processing 62: Af:Vuuros (astrologie)... [ERROR - 'pages']
Processing 63: Af:Vuurrat (astrologie)... [ERROR - 'pages']
Processing 64: Afuchi Shrine... [NO CHANGES]
Processing 65: Afukako Shrine... [NO CHANGES]
Processing 66: Afukakotano- Shrine... [NO CHANGES]
Processing 67: Afukamuyamano Shrine... [NO CHANGES]
Processing 68: Afukamuyamano Shrine former site... [NO CHANGES]
Processing 69: Afukano- Shrine... [NO CHANGES]
Processing 70: Afuku Kahaku Shrine... [NO CHANGES]
Processing 71: Aga Shrine... [MODIFIED]
Processing 72: Agata Shrine... [MODIFIED]
Processing 73: Agata Shrine (Gero City)... [MODIFIED]
Processing 74: Agata Shrine (Gifu)... [NO CHANGES]
Processing 75: Agata Shrine (Ōamishirasato)... [MODIFIED]
Processing 76: Agata no Inukai clan... [MODIFIED]
Processing 77: Agatanushi... [MODIFIED]
Processing 78: Agatanushi Shrine... [MODIFIED]
Processing 79: Agatanushi Shrine (Minokamo)... [MODIFIED]
Processing 80: Age of the Gods... [MODIFIED]
Processing 81: Agemizo Tenjinzuka Kofun... [MODIFIED]
Processing 82: Agency for Cultural Affairs... [MODIFIED]
Processing 83: Ageshima Kofun... [MODIFIED]
Processing 84: Aguasa Shrine... [NO CHANGES]
Processing 85: Aguchi Shrine... [NO CHANGES]
Processing 86: Ahachino Shrine... [NO CHANGES]
Processing 87: Ahachino Shrine (Q135229657)... [NO CHANGES]
Processing 88: Ahano Shrine... [NO CHANGES]
Processing 89: Ahano Shrine (Q135039173)... [NO CHANGES]
Processing 90: Ahano Shrine (Q135039244)... [NO CHANGES]
Processing 91: Ahanono Shrine... [NO CHANGES]
Processing 92: Ahasano Shrine... [NO CHANGES]
Processing 93: Ahashimano-isahano Shrine... [NO CHANGES]
Processing 94: Ahichino Shrine... [NO CHANGES]
Processing 95: Ahimino Shrine... [NO CHANGES]
Processing 96: Ahita Shrine... [NO CHANGES]
Processing 97: Ahitano Shrine... [NO CHANGES]
Processing 98: Ai Shrine... [NO CHANGES]
Processing 99: Aichi Gokoku Shrine... [MODIFIED]
Processing 100: Aijikaue Shrine (Legendary Site C)... [NO CHANGES]
Processing 101: Aiki Shrine... [MODIFIED]
Processing 102: Ainame Festival... [MODIFIED]
Processing 103: Airborne Parachute Unit... [MODIFIED]
Processing 104: Aizen Festival... [MODIFIED]
Processing 105: Aizu-hime-no-Kami... [MODIFIED]
Processing 106: Aizu Tajima Gion Festival... [MODIFIED]
Processing 107: Ajiga Shrine... [NO CHANGES]
Processing 108: Ajiga Shrine (Q135186739)... [NO CHANGES]
Processing 109: Ajika Shrine... [NO CHANGES]
Processing 110: Ajiko Shrine... [NO CHANGES]
Processing 111: Ajima Shrine... [MODIFIED]
Processing 112: Ajimano Shrine... [NO CHANGES]
Processing 113: Ajimino Shrine... [NO CHANGES]
Processing 114: Ajisukitakahikone... [MODIFIED]
Processing 115: Ajiyoshi Futagoyama Kofun... [MODIFIED]
Processing 116: Akaba Shrine... [NO CHANGES]
Processing 117: Akabo Shrine... [NO CHANGES]
Processing 118: Akabori Chausuyama Kofun... [MODIFIED]
Processing 119: Akafuchino Shrine... [NO CHANGES]
Processing 120: Akagi Shrine... [NO CHANGES]
Processing 121: Akagi Shrine (Fujimi Town Yokomuro)... [MODIFIED]
Processing 122: Akagi Shrines... [MODIFIED]
Processing 123: Akahikono Shrine... [NO CHANGES]
Processing 124: Akahono Shrine... [NO CHANGES]
Processing 125: Akaiwa Shrine... [MODIFIED]
Processing 126: Akaizuka Kofun... [MODIFIED]
Processing 127: Akakino Shrine former site... [NO CHANGES]
Processing 128: Akakunino Shrine... [NO CHANGES]
Processing 129: Akama Jingu... [NO CHANGES]
Processing 130: Akamino Shrine... [NO CHANGES]
Processing 131: Akamonue Kofun... [MODIFIED]
Processing 132: Akanabe Shrine... [NO CHANGES]
Processing 133: Akane Shrine... [MODIFIED]
Processing 134: Akanta Shrine... [NO CHANGES]
Processing 135: Akao Shibutare Kōribe Shrine... [MODIFIED]
Processing 136: Akao Shibutaru Gunbe Shrine... [NO CHANGES]
Processing 137: Akaou Shrine... [NO CHANGES]
Processing 138: Akaruhime-no-Kami... [MODIFIED]
Processing 139: Akaruhimenomikoto Shrine... [NO CHANGES]
Processing 140: Akasaka Kaminoyama Shrine... [MODIFIED]
Processing 141: Akasaka Tennōzan Kofun... [MODIFIED]
Processing 142: Akasakaimai Tumuli... [MODIFIED]
Processing 143: Akasaki Shrine... [MODIFIED]
Processing 144: Akashi no Kuni no Miyatsuko... [MODIFIED]
Processing 145: Akatano Shrine... [NO CHANGES]
Processing 146: Akatanushino Shrine... [NO CHANGES]
Processing 147: Akatsuchiyama Kofun... [MODIFIED]
Processing 148: Akayu Onsen... [MODIFIED]
Processing 149: Akayu Onsen (Niigata)... [MODIFIED]
Processing 150: Akeai Kofun... [MODIFIED]
Processing 151: Aki District, Hiroshima... [MODIFIED]
Processing 152: Aki Shrine... [MODIFIED]
Processing 153: Akiba Gongen... [MODIFIED]
Processing 154: Akiba Shrine... [MODIFIED]
Processing 155: Akiba Shrine (Q135186229)... [NO CHANGES]
Processing 156: Akiba Shrines... [MODIFIED]
Processing 157: Akibayama Kofun Cluster... [MODIFIED]
Processing 158: Akidono Minami Kofun... [MODIFIED]
Processing 159: Akihasan Hongū Akiha Shrine... [MODIFIED]
Processing 160: Akiru Shrine... [MODIFIED]
Processing 161: Akishika Shrine... [NO CHANGES]
Processing 162: Akita Gokoku Shrine... [MODIFIED]
Processing 163: Akita Kantō... [MODIFIED]
Processing 164: Akita Suwa Shrine... [MODIFIED]
Processing 165: Akitomi Shrine... [NO CHANGES]
Processing 166: Akono Shrine... [NO CHANGES]
Processing 167: Akotanino Shrine... [NO CHANGES]
Processing 168: Akshobhya... [MODIFIED]
Processing 169: Akuhino Shrine... [NO CHANGES]
Processing 170: Akuma (folklore)... [NO CHANGES]
Processing 171: Akunami Shrine... [NO CHANGES]
Processing 172: Akura Takatsuka Kofun... [MODIFIED]
Processing 173: Akuro O... [MODIFIED]
Processing 174: Akuto Shrine... [NO CHANGES]
Processing 175: Akō Gishi Festival... [MODIFIED]
Processing 176: Akōbō Kofun Cluster... [MODIFIED]
Processing 177: All-Devourer... [MODIFIED]
Processing 178: Alluvial terrace... [NO CHANGES]
Processing 179: Alum springs... [MODIFIED]
Processing 180: Ama-no-Inukai clan... [MODIFIED]
Processing 181: Ama-no-Iwato-wake no Kami... [MODIFIED]
Processing 182: Ama-no-Iwato-wake no Kami Shrine... [NO CHANGES]
Processing 183: Ama-no-Oshihi... [MODIFIED]
Processing 184: Ama-no-iwafune... [MODIFIED]
Processing 185: Ama-no-iwato-wake-toyotamahimeno Shrine... [NO CHANGES]
Processing 186: Ama-no-iwato-wake-toyotamahimeno Shrine (Q135270444)... [NO CHANGES]
Processing 187: Ama (female diver)... [MODIFIED]
Processing 188: Ama Clan Genealogy... [MODIFIED]
Processing 189: Ama Kazukime Shrine... [MODIFIED]
Processing 190: Ama People... [MODIFIED]
Processing 191: Ama no iwa to wake no kami Shrine... [NO CHANGES]
Processing 192: Amabe Caste... [MODIFIED]
Processing 193: Amabe clan... [MODIFIED]
Processing 194: Amagasaki Ebisu Shrine... [MODIFIED]
Processing 195: Amago clan... [MODIFIED]
Processing 196: Amahakarino Shrine... [NO CHANGES]
Processing 197: Amahibiki-no-Mikoto Shrine... [NO CHANGES]
Processing 198: Amahinatorino- Shrine... [NO CHANGES]
Processing 199: Amakashi-ni-imasu Shrine... [NO CHANGES]
Processing 200: Amakohino Shrine... [NO CHANGES]
Processing 201: Amamikoso Shrine... [NO CHANGES]
Processing 202: Amamikyu... [MODIFIED]
Processing 203: Amamiyama Kofun... [MODIFIED]
Processing 204: Amamurakumo Shrine... [NO CHANGES]
Processing 205: Amamurakumono Shrine... [NO CHANGES]
Processing 206: Amanawa Shinmei Shrine... [MODIFIED]
Processing 207: Amano-Iwato... [MODIFIED]
Processing 208: Amano Hachiman Shrine... [NO CHANGES]
Processing 209: Amano Shrine... [NO CHANGES]
Processing 210: Amano Shrine (Q135040693)... [NO CHANGES]
Processing 211: Amano Shrine (Q135041281)... [NO CHANGES]
Processing 212: Amano Shrine (Q135270269)... [NO CHANGES]
Processing 213: Amanohashidate... [NO CHANGES]
Processing 214: Amanohashidate Shrine... [NO CHANGES]
Processing 215: Amanohinatorino Shrine... [NO CHANGES]
Processing 216: Amanohitokuhatano Shrine Site... [NO CHANGES]
Processing 217: Amanohohino- Shrine... [NO CHANGES]
Processing 218: Amanohohinomikotono Shrine... [NO CHANGES]
Processing 219: Amanoihatowakenoyasukunitama- Shrine... [NO CHANGES]
Processing 220: Amanoiwatate Shrine... [NO CHANGES]
Processing 221: Amanoiwato Shrine... [MODIFIED]
Processing 222: Amanoiwato Shrine (Fukuchiyama)... [MODIFIED]
Processing 223: Amanokagoyamano Shrine... [NO CHANGES]
Processing 224: Amanokaguyama Shrine... [NO CHANGES]
Processing 225: Amanokaguyama Shrine (Q98082987)... [NO CHANGES]
Processing 226: Amanokakoyamano- Shrine... [NO CHANGES]
Processing 227: Amanokawa no Mikoto Shrine... [NO CHANGES]
Processing 228: Amanokume no Mikoto... [MODIFIED]
Processing 229: Amanomichine... [MODIFIED]
Processing 230: Amanomikemunushi-no-Kami... [MODIFIED]
Processing 231: Amanomikemunushi no Kami... [NO CHANGES]
Processing 232: Amanosagiri-no-Kami... [MODIFIED]
Processing 233: Amanosagiri Kami... [NO CHANGES]
Processing 234: Amanotakutsutamano- Shrine... [NO CHANGES]
Processing 235: Amano‑Kaguyama Shrine... [NO CHANGES]
Processing 236: Amaoshio no mikoto... [MODIFIED]
Processing 237: Amasashihikonomikoto Shrine... [NO CHANGES]
Processing 238: Amasashinowake Shrine... [NO CHANGES]
Processing 239: Amashirohikono Shrine... [NO CHANGES]
Processing 240: Amashirohimeno Shrine... [NO CHANGES]
Processing 241: Amatakekanakusano Shrine... [NO CHANGES]
Processing 242: Amatamitsu- Shrine... [NO CHANGES]
Processing 243: Amatarashi Shrine... [NO CHANGES]
Processing 244: Amaterasu... [MODIFIED]
Processing 245: Amaterasu Sumemioya Shrine... [MODIFIED]
Processing 246: Amaterasu Ōmikami Takakura Shrine & Iwato Shrine... [NO CHANGES]
Processing 247: Amateruno Shrine... [NO CHANGES]
Processing 248: Amaterutamano- Shrine... [NO CHANGES]
Processing 249: Amato Hime-no-Mikoto... [MODIFIED]
Processing 250: Amatomi no Mikoto... [MODIFIED]
Processing 251: Amatsu-Mikaboshi... [MODIFIED]
Processing 252: Amatsu Shrine... [NO CHANGES]
Processing 253: Amatsu Shrine (Itoigawa)... [NO CHANGES]
Processing 254: Amatsu Shrine (Narashino City)... [MODIFIED]
Processing 255: Amatsu Shrine (Q135195030)... [NO CHANGES]
Processing 256: Amatsu Shrine (Q172253)... [NO CHANGES]
Processing 257: Amatsuhikone... [MODIFIED]
Processing 258: Amatsuihatowakeno Shrine... [NO CHANGES]
Processing 259: Amatsuihatowakewakahimeno Shrine... [NO CHANGES]
Processing 260: Amatsuka Kofun... [MODIFIED]
Processing 261: Amatsukahano- Shrine... [NO CHANGES]
Processing 262: Amatsukami... [NO CHANGES]
Processing 263: Amatsukasahiko Shrine... [NO CHANGES]
Processing 264: Amatsukasahiko Shrine (Q107410067)... [NO CHANGES]
Processing 265: Amatsukasahikono Shrine... [NO CHANGES]
Processing 266: Amatsukunitama-no-Mikoto... [MODIFIED]
Processing 267: Amatsuno Shrine... [NO CHANGES]
Processing 268: Amatsunumahikono Shrine... [NO CHANGES]
Processing 269: Amatsunumahikono Shrine (Q135270441)... [NO CHANGES]
Processing 270: Amawake Toyohime Shrine... [NO CHANGES]
Processing 271: Amayo Shrine... [NO CHANGES]
Processing 272: Amayo Shrine (Yasaka Shrine Keidai-sha)... [NO CHANGES]
Processing 273: Amayono Shrine... [NO CHANGES]
Processing 274: Amayono Shrine former site... [NO CHANGES]
Processing 275: Amayukawata Shrine... [NO CHANGES]
Processing 276: Amazake... [MODIFIED]
Processing 277: Amduat... [NO CHANGES]
Processing 278: Ame-no-Fuyukinu... [MODIFIED]
Processing 279: Ame-no-Hibaraooshinadomi-no-Kami... [MODIFIED]
Processing 280: Ame-no-Hiwashi Shrine (disambiguation)... [MODIFIED]
Processing 281: Ame-no-Hohi-no-Mikoto Shrine... [NO CHANGES]
Processing 282: Ame-no-Ikutama... [MODIFIED]
Processing 283: Ame-no-Kaguyama... [MODIFIED]
Processing 284: Ame-no-Koyane... [MODIFIED]
Processing 285: Ame-no-Mahitotsu-no-Mikoto... [MODIFIED]
Processing 286: Ame-no-Mikage-no-Kami... [MODIFIED]
Processing 287: Ame-no-Mikumari-toyoura Shrine... [NO CHANGES]
Processing 288: Ame-no-Minakanushi... [MODIFIED]
Processing 289: Ame-no-Miya Shrine... [MODIFIED]
Processing 290: Ame-no-Oshikumone... [MODIFIED]
Processing 291: Ame-no-Shirahano Shrine... [NO CHANGES]
Processing 292: Ame-no-Tanagao Shrine... [MODIFIED]
Processing 293: Ame-no-Tokotachi... [MODIFIED]
Processing 294: Ame-no-Tsudoechine... [MODIFIED]
Processing 295: Ame-no-Uzume... [MODIFIED]
Processing 296: Ame-no-Yahorotsu-hime Shrine (subsidiary of Oshio Hachimangū)... [NO CHANGES]
Processing 297: Ame-no-Yukawata... [MODIFIED]
Processing 298: Ame-no-ohabari... [MODIFIED]
Processing 299: Ame-no-torifune... [MODIFIED]
Processing 300: Ame-no-ukihashi... [MODIFIED]
Processing 301: Ame no Hohi... [MODIFIED]
Processing 302: Ame no Mikage no Kami... [NO CHANGES]
Processing 303: Ame no Murakumo... [MODIFIED]
Processing 304: Ame no Wakahiko... [MODIFIED]
Processing 305: Amefutotama-no-Mikoto Shrine... [NO CHANGES]
Processing 306: Amehikagehime Shrine (Nishibaba, Nakanoto Town)... [NO CHANGES]
Processing 307: Amehikage‑Hime Shrine (Ninomiya, Nakanoto Town)... [NO CHANGES]
Processing 308: Amehikake- Shrine... [NO CHANGES]
Processing 309: Amehikake- Shrine (Q135289776)... [NO CHANGES]
Processing 310: Amehimewakamikono Shrine... [NO CHANGES]
Processing 311: Ameihatowakeno Shrine... [NO CHANGES]
Processing 312: Ameku-gū... [MODIFIED]
Processing 313: Amekunihimeno Shrine... [NO CHANGES]
Processing 314: Amekunitsuhikono Shrine... [NO CHANGES]
Processing 315: Amemahitotsunono Shrine... [NO CHANGES]
Processing 316: Ameno-tanakahimeno Shrine... [NO CHANGES]
Processing 317: Amenohayatamahimeno- Shrine... [NO CHANGES]
Processing 318: Amenohiboko... [MODIFIED]
Processing 319: Amenohitokuhatano Shrine... [NO CHANGES]
Processing 320: Amenohoakari... [MODIFIED]
Processing 321: Amenohohinomikoto Shrine... [NO CHANGES]
Processing 322: Amenoihasuhino Shrine... [NO CHANGES]
Processing 323: Amenoihatowakenotono Shrine... [NO CHANGES]
Processing 324: Amenokumahito no Mikoto... [MODIFIED]
Processing 325: Amenokunitsuhiko Shrine (small subsidiary within Oshio Hachimangū precinct)... [NO CHANGES]
Processing 326: Amenokunitsuhiko Shrine (small subsidiary within Tsunemiya Shrine precinct)... [NO CHANGES]
Processing 327: Amenokunitsuhime Shrine (small subsidiary within Oshio Hachimangū precinct)... [NO CHANGES]
Processing 328: Amenokunitsuhime Shrine (small subsidiary within Tsunemiya Shrine precinct)... [NO CHANGES]
Processing 329: Amenomikono- Shrine... [NO CHANGES]
Processing 330: Amenominakanushi... [NO CHANGES]
Processing 331: Amenomiya Kofun Cluster... [MODIFIED]
Processing 332: Amenomorohanomikoto Shrine... [NO CHANGES]
Processing 333: Amenophis Festivals... [MODIFIED]
Processing 334: Amenotakechi Shrine... [NO CHANGES]
Processing 335: Amenotanakawono Shrine... [NO CHANGES]
Processing 336: Amenotaneko... [MODIFIED]
Processing 337: Amenotoyotarashikarahimenomikoto Shrine... [NO CHANGES]
Processing 338: Amesusuno Shrine... [NO CHANGES]
Processing 339: Ametachikarawono Shrine... [NO CHANGES]
Processing 340: Ametotsurukino Shrine... [NO CHANGES]
Processing 341: Ametsuseno- Shrine... [NO CHANGES]
Processing 342: Ametsuseno- Shrine (Q135270422)... [NO CHANGES]
Processing 343: Amewakahikono Shrine... [NO CHANGES]
Processing 344: Amewakahikono Shrine (Q135040970)... [NO CHANGES]
Processing 345: Ameyahotsurano Shrine... [NO CHANGES]
Processing 346: Ameyahoyorotsu- Shrine... [NO CHANGES]
Processing 347: Ameyoritateno Shrine... [NO CHANGES]
Processing 348: Ame‑no‑Morohano‑Mikoto Shrine... [NO CHANGES]
Processing 349: Ame‑no‑Morohano‑Mikoto Shrine (Q135198837)... [NO CHANGES]
Processing 350: Ame‑no‑Morohano‑Mikoto Shrine (Q135198847)... [NO CHANGES]
Processing 351: Ami Hama Chausuyama Kofun... [MODIFIED]
Processing 352: Ami Shrine... [NO CHANGES]
Processing 353: Ami Shrine (Nakagō)... [NO CHANGES]
Processing 354: Ami Shrine (Q17191824)... [NO CHANGES]
Processing 355: Amidaji Kofun Cluster... [NO CHANGES]
Processing 356: Amido Shrine... [NO CHANGES]
Processing 357: Amido Shrine (Q135194296)... [NO CHANGES]
Processing 358: Amino Chōshiyama Kofun... [MODIFIED]
Processing 359: Amino Shrine... [NO CHANGES]
Processing 360: Aminono Shrine... [NO CHANGES]
Processing 361: Amitābha... [MODIFIED]
Processing 362: Amoghapasha... [MODIFIED]
Processing 363: Amoghasiddhi... [MODIFIED]
Processing 364: Amonotoyototsu-hime... [MODIFIED]
Processing 365: Amuka Shrine... [NO CHANGES]
Processing 366: Amuka Shrine (Q135195381)... [NO CHANGES]
Processing 367: Amukano Shrine... [NO CHANGES]
Processing 368: Amukano Shrine (Q135040530)... [NO CHANGES]
Processing 369: Amun-Ra... [MODIFIED]
Processing 370: Amun-Re Festival... [MODIFIED]
Processing 371: An (Shinto)... [NO CHANGES]
Processing 372: Anafukino Shrine... [NO CHANGES]
Processing 373: Anagahayama Kofun... [MODIFIED]
Processing 374: Anagiri Daijinja... [NO CHANGES]
Processing 375: Anahoheno Shrine... [NO CHANGES]
Processing 376: Anaishi Shrine... [NO CHANGES]
Processing 377: Anakannon Kofun... [MODIFIED]
Processing 378: Anakengoukoshudainamabuheishushin Shrine... [NO CHANGES]
Processing 379: Anamekino Shrine... [NO CHANGES]
Processing 380: Anamigo Toshunushi Ōube Hyoju Shrine... [NO CHANGES]
Processing 381: Anamizu Omiya Shrine... [NO CHANGES]
Processing 382: Anamizu Ōmiya... [MODIFIED]
Processing 383: Anasahano- Shrine... [NO CHANGES]
Processing 384: Anashi-Nimasu Hyōzu Shrine... [MODIFIED]
Processing 385: Anashi Shrine... [NO CHANGES]
Processing 386: Anashi Shrine Site... [NO CHANGES]
Processing 387: Anashino Shrine... [NO CHANGES]
Processing 388: Anashino Shrine (Q135040067)... [NO CHANGES]
Processing 389: Anashinoohohiyauzuno Shrine... [NO CHANGES]
Processing 390: Anatono- Shrine... [NO CHANGES]
Processing 391: Anatosanshin Shrine... [NO CHANGES]
Processing 392: Anatosanshin Shrine (Bitchū Province)... [NO CHANGES]
Processing 393: Anatoyama Shrine... [NO CHANGES]
Processing 394: Anatoyama Shrine (Bitchū Province)... [NO CHANGES]
Processing 395: Anazawa Tenjin Shrine... [NO CHANGES]
Processing 396: Anazawa Tenjin Shrine (Ronsha 1)... [NO CHANGES]
Processing 397: Anazawa Tenjinsha... [NO CHANGES]
Processing 398: Anazawatenjin Shrine... [NO CHANGES]
Processing 399: Ancestor worship... [NO CHANGES]
Processing 400: Ancestors of the Emperor... [MODIFIED]
Processing 401: Ancestral shrine... [MODIFIED]
Processing 402: Ancient Egyptian Day... [NO CHANGES]
Processing 403: Ancient Egyptian Lunar Calendar... [MODIFIED]
Processing 404: Ancient Egyptian Valley Temple... [NO CHANGES]
Processing 405: Ancient Egyptian cryptography... [NO CHANGES]
Processing 406: Anderayama Kofun... [MODIFIED]
Processing 407: Andon-yama Kofun... [MODIFIED]
Processing 408: Anegasaki Tenjinyama Kofun... [MODIFIED]
Processing 409: Anekoji Street... [MODIFIED]
Processing 410: Anekura- Shrine... [NO CHANGES]
Processing 411: Anekura Himemi Shrine (Funakura, Toyama City)... [NO CHANGES]
Processing 412: Anekura Himemi Shrine (Kureha Town, Toyama City)... [NO CHANGES]
Processing 413: Aneno Shrine... [NO CHANGES]
Processing 414: Anesaki Futagozuka Kofun... [MODIFIED]
Processing 415: Anesaki Kofun Group... [MODIFIED]
Processing 416: Anesaki Shrine... [MODIFIED]
Processing 417: Anesaki district... [MODIFIED]
Processing 418: Anfuku-ji (Kashiwara)... [MODIFIED]
Processing 419: Ani Shrine... [NO CHANGES]
Processing 420: Aniko Shrine... [NO CHANGES]
Processing 421: Anikogami Shrine... [NO CHANGES]
Processing 422: Anikono Shrine... [NO CHANGES]
Processing 423: Anju-in... [MODIFIED]
Processing 424: Ankokoji (Chino City)... [MODIFIED]
Processing 425: Anmuka Shrine... [NO CHANGES]
Processing 426: Anmuka Shrine (Tajima Province)... [NO CHANGES]
Processing 427: Annual event... [MODIFIED]
Processing 428: Annual events... [NO CHANGES]
Processing 429: Anpuku-ji Temple... [MODIFIED]
Processing 430: Anrakugawa River (Mie)... [NO CHANGES]
Processing 431: Anrakuju-in... [MODIFIED]
Processing 432: Antoku Ōzuka Kofun... [NO CHANGES]
Processing 433: Antsukino- Shrine... [NO CHANGES]
Processing 434: Anumi Shrine... [MODIFIED]
Processing 435: Anumi Shrine (Q135198210)... [NO CHANGES]
Processing 436: Aoba Shrine... [MODIFIED]
Processing 437: Aoi Matsuri... [MODIFIED]
Processing 438: Aoi Shrine... [NO CHANGES]
Processing 439: Aoi Shrine (Chofu)... [NO CHANGES]
Processing 440: Aoki Shrine... [MODIFIED]
Processing 441: Aokura Shrine... [NO CHANGES]
Processing 442: Aokura Shrine (Q135195327)... [NO CHANGES]
Processing 443: Aomi Shrine... [NO CHANGES]
Processing 444: Aomori Gokoku Shrine... [MODIFIED]
Processing 445: Aomori Nebuta Festival... [NO CHANGES]
Processing 446: Aonuma-Mashi-no-Maou-hime... [MODIFIED]
Processing 447: Aosamurai... [MODIFIED]
Processing 448: Aoshima Shrine... [MODIFIED]
Processing 449: Aoso Shrine... [MODIFIED]
Processing 450: Aotsuka Kofun... [MODIFIED]
Processing 451: Aoyama Kumano Shrine... [MODIFIED]
Processing 452: Aoyama Shrine... [NO CHANGES]
Processing 453: Aozuka Kofun (Kannonji City)... [MODIFIED]
Processing 454: April (Lunisolar)... [MODIFIED]
Processing 455: April 10 (Lunisolar)... [MODIFIED]
Processing 456: April 11 (Lunisolar)... [MODIFIED]
Processing 457: April 12 (Lunisolar)... [MODIFIED]
Processing 458: April 13 (Lunisolar)... [MODIFIED]
Processing 459: April 14 (Lunisolar)... [MODIFIED]
Processing 460: April 15 (Lunisolar)... [MODIFIED]
Processing 461: April 16 (Lunisolar)... [MODIFIED]
Processing 462: April 17 (Lunisolar)... [MODIFIED]
Processing 463: April 18 (Lunisolar)... [MODIFIED]
Processing 464: April 19 (Lunisolar)... [MODIFIED]
Processing 465: April 1 (Lunisolar)... [MODIFIED]
Processing 466: April 20 (Lunisolar)... [MODIFIED]
Processing 467: April 21 (Lunisolar)... [MODIFIED]
Processing 468: April 22 (Lunisolar)... [MODIFIED]
Processing 469: April 23 (Lunisolar)... [MODIFIED]
Processing 470: April 24 (Lunisolar)... [MODIFIED]
Processing 471: April 25 (Lunisolar)... [MODIFIED]
Processing 472: April 26 (Lunisolar)... [MODIFIED]
Processing 473: April 27 (Lunisolar)... [MODIFIED]
Processing 474: April 28 (Lunisolar)... [MODIFIED]
Processing 475: April 29 (Lunisolar)... [MODIFIED]
Processing 476: April 2 (Lunisolar)... [MODIFIED]
Processing 477: April 30 (Lunisolar)... [MODIFIED]
Processing 478: April 3 (Lunisolar)... [MODIFIED]
Processing 479: April 4 (Lunisolar)... [MODIFIED]
Processing 480: April 5 (Lunisolar)... [MODIFIED]
Processing 481: April 6 (Lunisolar)... [MODIFIED]
Processing 482: April 7 (Lunisolar)... [MODIFIED]
Processing 483: April 8 (Lunisolar)... [MODIFIED]
Processing 484: April 9 (Lunisolar)... [MODIFIED]
Processing 485: Ar:هيتاتاره... [ERROR - 'pages']
Processing 486: Arahitogami... [MODIFIED]
Processing 487: Araho Shrine... [NO CHANGES]
Processing 488: Arai Hakuseki... [MODIFIED]
Processing 489: Arai Shrine (Nantan)... [NO CHANGES]
Processing 490: Araishi Hiko Shrine... [NO CHANGES]
Processing 491: Araishi Shrine... [NO CHANGES]
Processing 492: Araiso- Shrine... [NO CHANGES]
Processing 493: Arakahano Shrine... [NO CHANGES]
Processing 494: Arakashi- Shrine... [NO CHANGES]
Processing 495: Arakashi Shrine... [NO CHANGES]
Processing 496: Arakashi Shrine (Q135039974)... [NO CHANGES]
Processing 497: Arakashi Shrine (Q135270258)... [NO CHANGES]
Processing 498: Arakatano Shrine... [NO CHANGES]
Processing 499: Arakawa River (Yamanashi)... [MODIFIED]
Processing 500: Arakawa Shrine (Arakawa, Murakami)... [NO CHANGES]
Processing 501: Arakawa Shrine (Koiwanai, Murakami)... [NO CHANGES]
Processing 502: Arakawa Shrine (Tainai)... [NO CHANGES]
Processing 503: Arakawato Hime... [MODIFIED]
Processing 504: Araki Shrine... [NO CHANGES]
Processing 505: Araki Shrine (Izunokuni)... [NO CHANGES]
Processing 506: Araki Shrine (Uchi district)... [NO CHANGES]
Processing 507: Arakida clan... [MODIFIED]
Processing 508: Arakino Shrine... [NO CHANGES]
Processing 509: Arakura Fuji Asama Shrine... [MODIFIED]
Processing 510: Arakurano Shrine... [NO CHANGES]
Processing 511: Aramatsuri-no-Miya... [MODIFIED]
Processing 512: Arami Shrine... [NO CHANGES]
Processing 513: Arami Shrine (Tomino)... [NO CHANGES]
Processing 514: Aramino Shrine... [NO CHANGES]
Processing 515: Araogawa Shrine... [NO CHANGES]
Processing 516: Araogawa Shrine (Naruko Onsen)... [MODIFIED]
Processing 517: Araogawa Shrine (Osaki City Iwadeyama Ikezuki)... [MODIFIED]
Processing 518: Arasaka Shrine... [NO CHANGES]
Processing 519: Arashima Kofun Cluster... [MODIFIED]
Processing 520: Arashimano Shrine... [NO CHANGES]
Processing 521: Arasu Shrine... [NO CHANGES]
Processing 522: Arasu Shrine (Fukuchiyama City)... [NO CHANGES]
Processing 523: Arasu Shrine (Maizuru City)... [NO CHANGES]
Processing 524: Arasu Shrine (Tango Province)... [NO CHANGES]
Processing 525: Arasuna Shrine... [NO CHANGES]
Processing 526: Arasuno Shrine... [NO CHANGES]
Processing 527: Arata Shrine... [NO CHANGES]
Processing 528: Aratano Shrine... [NO CHANGES]
Processing 529: Aratawake... [MODIFIED]
Processing 530: Arawogawa Shrine (Iketsuki, Iwadeyama, Ōsaki City)... [NO CHANGES]
Processing 531: Arawokahano Shrine... [NO CHANGES]
Processing 532: Arc:... [ERROR - 'pages']
Processing 533: Archaeological excavation... [MODIFIED]
Processing 534: Arei Shrine... [NO CHANGES]
Processing 535: Argha... [MODIFIED]
Processing 536: Aridagawa River... [MODIFIED]
Processing 537: Ariga Shrine... [NO CHANGES]
Processing 538: Arihono Shrine... [NO CHANGES]
Processing 539: Arikawa Shrine... [MODIFIED]
Processing 540: Arikoyama Castle... [MODIFIED]
Processing 541: Arima Shrine... [NO CHANGES]
Processing 542: Arino Shrine... [NO CHANGES]
Processing 543: Arioka Kofun Cluster... [NO CHANGES]
Processing 544: Aritama Shrine... [NO CHANGES]
Processing 545: Aritano Shrine... [NO CHANGES]
Processing 546: Aritōshi Shrine... [MODIFIED]
Processing 547: Aritōshi Shrine (Izumisano)... [MODIFIED]
Processing 548: Aritōshi Shrine (Tanabe)... [MODIFIED]
Processing 549: Artificial Hot Spring... [MODIFIED]
Processing 550: Aruka Shrine... [NO CHANGES]
Processing 551: Arz:Category:Wikipedia articles with VIAF identifiers... [ERROR - 'pages']
Processing 552: Arz:Category:الهه... [ERROR - 'pages']
Processing 553: Arz:برج... [ERROR - 'pages']
Processing 554: Arz:ضريح ايتس و كوشيما... [ERROR - 'pages']
Processing 555: Arz:ضريح ناكاياما... [ERROR - 'pages']
Processing 556: Asadatehiko Shrine... [NO CHANGES]
Processing 557: Asadono Shrine... [NO CHANGES]
Processing 558: Asahi Tenjinyama Kofun... [MODIFIED]
Processing 559: Asahihatakano Shrine... [NO CHANGES]
Processing 560: Asahiyama Kesenma Shrine... [NO CHANGES]
Processing 561: Asai Shrine... [MODIFIED]
Processing 562: Asai Shrine (Fukuoka, Takaoka)... [NO CHANGES]
Processing 563: Asai Shrine (Ishizutsumi, Takaoka)... [NO CHANGES]
Processing 564: Asai Shrine (Q135187107)... [NO CHANGES]
Processing 565: Asai Shrine (Takaoka)... [NO CHANGES]
Processing 566: Asai Shrine (Takaoka Ishizutsumi)... [NO CHANGES]
Processing 567: Asaihinono Shrine... [NO CHANGES]
Processing 568: Asaka Shrine... [MODIFIED]
Processing 569: Asakano Shrine... [NO CHANGES]
Processing 570: Asaki Shrine... [NO CHANGES]
Processing 571: Asaki Shrine (Echizen Province)... [NO CHANGES]
Processing 572: Asakonoisobeno Shrine... [NO CHANGES]
Processing 573: Asakozuka Kofun... [MODIFIED]
Processing 574: Asakuma Shrine... [MODIFIED]
Processing 575: Asakuma Shrine (disambiguation)... [MODIFIED]
Processing 576: Asakura Kofun... [MODIFIED]
Processing 577: Asakura Shrine... [MODIFIED]
Processing 578: Asakura Shrine (Kōchi)... [MODIFIED]
Processing 579: Asakura Shrine (Nantan)... [NO CHANGES]
Processing 580: Asakura Shrine (Q11510876)... [NO CHANGES]
Processing 581: Asakura Shrine (Q17191190)... [NO CHANGES]
Processing 582: Asakura Shrine (Uji, Kyoto)... [NO CHANGES]
Processing 583: Asakura Shrine (Wakayama)... [NO CHANGES]
Processing 584: Asakurahiko-no-Mikoto Shrine... [NO CHANGES]
Processing 585: Asakusa... [MODIFIED]
Processing 586: Asakusa Fuji Sengen Shrine... [MODIFIED]
Processing 587: Asakusa Shrine... [MODIFIED]
Processing 588: Asama Shrine (Izu Province Second Shrine)... [NO CHANGES]
Processing 589: Asamano Shrine... [NO CHANGES]
Processing 590: Asamano Shrine (Q135040614)... [NO CHANGES]
Processing 591: Asamano Shrine (Q135270287)... [NO CHANGES]
Processing 592: Asamine Shrine... [NO CHANGES]
Processing 593: Asamiya Shrine... [NO CHANGES]
Processing 594: Asashiro Shrine... [MODIFIED]
Processing 595: Asato-Hachimangū... [MODIFIED]
Processing 596: Asawino Shrine... [NO CHANGES]
Processing 597: Asawino Shrine (Q135039477)... [NO CHANGES]
Processing 598: Asayama Shrine... [NO CHANGES]
Processing 599: Ashihara Shrine... [MODIFIED]
Processing 600: Ashihara no Nakatsukuni... [MODIFIED]
Processing 601: Ashii Shrine... [NO CHANGES]
Processing 602: Ashiinaba Shrine... [NO CHANGES]
Processing 603: Ashikano Shrine... [NO CHANGES]
Processing 604: Ashikano Shrine (Q135040611)... [NO CHANGES]
Processing 605: Ashikino Shrine... [NO CHANGES]
Processing 606: Ashimita Shrine... [NO CHANGES]
Processing 607: Ashimitano Shrine... [NO CHANGES]
Processing 608: Ashinaga Shrine... [MODIFIED]
Processing 609: Ashinataka-no-Kami... [MODIFIED]
Processing 610: Ashinazuchi and Tenazuchi... [MODIFIED]
Processing 611: Ashino Shrine... [NO CHANGES]
Processing 612: Ashino Shrine (Q135039579)... [NO CHANGES]
Processing 613: Ashisakino Shrine... [NO CHANGES]
Processing 614: Ashitaka Shrine... [NO CHANGES]
Processing 615: Ashitano Shrine... [NO CHANGES]
Processing 616: Ashitsugi Shrine... [NO CHANGES]
Processing 617: Ashitsugi Shrine (Bitchū Province)... [NO CHANGES]
Processing 618: Ashitsugiyama Shrine... [NO CHANGES]
Processing 619: Ashitsukino Shrine... [NO CHANGES]
Processing 620: Ashitsumino Shrine... [NO CHANGES]
Processing 621: Ashiyu... [MODIFIED]
Processing 622: Ashizumi Shrine... [MODIFIED]
Processing 623: Ashizumi Shrine & Yukisugi Tenmangū... [MODIFIED]
Processing 624: Aso-Hime Shrine... [NO CHANGES]
Processing 625: Aso Pink Stone... [MODIFIED]
Processing 626: Aso Shrine... [MODIFIED]
Processing 627: Aso Shrine (Hashima, Gifu)... [MODIFIED]
Processing 628: Aso clan... [MODIFIED]
Processing 629: Asomurano- Shrine... [NO CHANGES]
Processing 630: Ason... [MODIFIED]
Processing 631: Asori Shrine (Nakami, Meiwa Town)... [NO CHANGES]
Processing 632: Association of Shinto Shrines... [MODIFIED]
Processing 633: Ast:Category:Wikipedia:Artículos con identificadores VIAF... [ERROR - 'pages']
Processing 634: Ast:Santuariu Itsukushima... [ERROR - 'pages']
Processing 635: Ast:Torre... [ERROR - 'pages']
Processing 636: Astronomical events... [MODIFIED]
Processing 637: Asuhano Shrine... [NO CHANGES]
Processing 638: Asuka... [MODIFIED]
Processing 639: Asuka, Yamato... [MODIFIED]
Processing 640: Asuka-ni-Imasu Shrine... [MODIFIED]
Processing 641: Asuka-ni-imasu Shrine... [NO CHANGES]
Processing 642: Asuka Kawakami-ni-Imasu Usutakihime-no-Mikoto Shrine... [NO CHANGES]
Processing 643: Asuka Kawakami-ni-Imasu Usutakihime-no-Mikoto Shrine (Q135270112)... [NO CHANGES]
Processing 644: Asuka Shrine... [MODIFIED]
Processing 645: Asuka Stone Carvings... [MODIFIED]
Processing 646: Asukabe Shrine... [NO CHANGES]
Processing 647: Asukada Shrine... [NO CHANGES]
Processing 648: Asukakawakamizausutakihimeinochi Shrine... [NO CHANGES]
Processing 649: Asukanoyamakuchino Shrine... [NO CHANGES]
Processing 650: Asukata Shrine... [NO CHANGES]
Processing 651: Asukata Shrine (Jōnan-gū subshrine)... [NO CHANGES]
Processing 652: Asukata Shrine (Kakamigahara City)... [MODIFIED]
Processing 653: Asukata Shrine (Yamashiro Province)... [NO CHANGES]
Processing 654: Asukatano Shrine... [NO CHANGES]
Processing 655: Asukino Shrine... [NO CHANGES]
Processing 656: Asura (Buddhism)... [MODIFIED]
Processing 657: Asurino Shrine... [NO CHANGES]
Processing 658: Asusuki Shrine... [NO CHANGES]
Processing 659: Asusukino Shrine... [NO CHANGES]
Processing 660: Asuzushi Shrine... [NO CHANGES]
Processing 661: Asō Shrine... [NO CHANGES]
Processing 662: Atachino Shrine... [NO CHANGES]
Processing 663: Atachino Shrine former site... [NO CHANGES]
Processing 664: Atago Faith... [MODIFIED]
Processing 665: Atago Fire Festival... [MODIFIED]
Processing 666: Atago Gongen... [MODIFIED]
Processing 667: Atago Matsuri... [MODIFIED]
Processing 668: Atago Matsuri (Tanba City)... [MODIFIED]
Processing 669: Atago Shrine... [MODIFIED]
Processing 670: Atago Shrine (Ageo)... [MODIFIED]
Processing 671: Atago Shrine (Gujō)... [MODIFIED]
Processing 672: Atago Shrine (Kameoka)... [MODIFIED]
Processing 673: Atago Shrine (Kasama City)... [NO CHANGES]
Processing 674: Atago Shrine (Kuki Honcho)... [MODIFIED]
Processing 675: Atago Shrine (Kyoto)... [MODIFIED]
Processing 676: Atago Shrine (Matsushima)... [MODIFIED]
Processing 677: Atago Shrine (Q135040118)... [NO CHANGES]
Processing 678: Atago Shrine (Q135070110)... [NO CHANGES]
Processing 679: Atago Shrine (Sendai)... [MODIFIED]
Processing 680: Atago Shrine (Shiroi)... [MODIFIED]
Processing 681: Atago Shrine (Tendō)... [MODIFIED]
Processing 682: Atago Shrine (Tokyo)... [MODIFIED]
Processing 683: Atago Shrine (Toyosato, Tome)... [MODIFIED]
Processing 684: Atago Shrine (Tsuchiura)... [MODIFIED]
Processing 685: Atago Shrine (Yonezawa City/Toyama)... [MODIFIED]
Processing 686: Atagono Shrine... [NO CHANGES]
Processing 687: Atagono Shrine (Q135270267)... [NO CHANGES]
Processing 688: Atagoyama Cave Tombs... [MODIFIED]
Processing 689: Atagoyama Kofun... [MODIFIED]
Processing 690: Atagoyama Kofun (Mito)... [MODIFIED]
Processing 691: Atagozuka Kofun... [MODIFIED]
Processing 692: Atagozuka Kofun (Mibu)... [MODIFIED]
Processing 693: Atagozuka Kofun (Shimotsuke)... [MODIFIED]
Processing 694: Atahimeno Shrine... [NO CHANGES]
Processing 695: Atakatsutakemikumano Shrine... [NO CHANGES]
Processing 696: Atami Onsen... [MODIFIED]
Processing 697: Atamino Shrine... [NO CHANGES]
Processing 698: Atawokano Shrine... [NO CHANGES]
Processing 699: Ataya Shrine... [NO CHANGES]
Processing 700: Atayuta Shrine... [MODIFIED]
Processing 701: Atayutano Shrine... [NO CHANGES]
Processing 702: Athlete Voyeurism... [MODIFIED]
Processing 703: Ato Shrine... [NO CHANGES]
Processing 704: Ato no Sukune... [MODIFIED]
Processing 705: Ato no Ōtari... [MODIFIED]
Processing 706: Atobe Dancing Nembutsu... [MODIFIED]
Processing 707: Atsu Shrine... [NO CHANGES]
Processing 708: Atsuhitakahiko Shrine... [NO CHANGES]
Processing 709: Atsukushihikono Shrine... [NO CHANGES]
Processing 710: Atsumayakunino Shrine... [NO CHANGES]
Processing 711: Atsuta Shrine... [NO CHANGES]
Processing 712: Atsuwa Shrine... [NO CHANGES]
Processing 713: August (Lunisolar)... [MODIFIED]
Processing 714: August 10 (Lunisolar)... [MODIFIED]
Processing 715: August 11 (Lunisolar)... [MODIFIED]
Processing 716: August 12 (Lunisolar)... [MODIFIED]
Processing 717: August 13 (Lunisolar)... [MODIFIED]
Processing 718: August 14 (Lunisolar)... [MODIFIED]
Processing 719: August 15 (Lunisolar)... [MODIFIED]
Processing 720: August 16 (Lunisolar)... [MODIFIED]
Processing 721: August 17 (Lunisolar)... [MODIFIED]
Processing 722: August 18 (Lunisolar)... [MODIFIED]
Processing 723: August 19 (Lunisolar)... [MODIFIED]
Processing 724: August 1 (Lunisolar)... [MODIFIED]
Processing 725: August 20 (Lunisolar)... [MODIFIED]
Processing 726: August 21 (Lunisolar)... [MODIFIED]
Processing 727: August 22 (Lunisolar)... [MODIFIED]
Processing 728: August 23 (Lunisolar)... [MODIFIED]
Processing 729: August 24 (Lunisolar)... [MODIFIED]
Processing 730: August 25 (Lunisolar)... [MODIFIED]
Processing 731: August 26 (Lunisolar)... [MODIFIED]
Processing 732: August 27 (Lunisolar)... [MODIFIED]
Processing 733: August 28 (Lunisolar)... [MODIFIED]
Processing 734: August 29 (Lunisolar)... [MODIFIED]
Processing 735: August 2 (Lunisolar)... [MODIFIED]
Processing 736: August 30 (Lunisolar)... [MODIFIED]
Processing 737: August 3 (Lunisolar)... [MODIFIED]
Processing 738: August 4 (Lunisolar)... [MODIFIED]
Processing 739: August 5 (Lunisolar)... [MODIFIED]
Processing 740: August 6 (Lunisolar)... [MODIFIED]
Processing 741: August 7 (Lunisolar)... [MODIFIED]
Processing 742: August 8 (Lunisolar)... [MODIFIED]
Processing 743: August 9 (Lunisolar)... [MODIFIED]
Processing 744: Autumn Matsuri... [MODIFIED]
Processing 745: Aviation Shrines... [MODIFIED]
Processing 746: Awa-Miko Shrine... [MODIFIED]
Processing 747: Awa-no-Mikoto Shrine... [NO CHANGES]
Processing 748: Awa-shi... [MODIFIED]
Processing 749: Awa Province... [NO CHANGES]
Processing 750: Awa Seven Lucky Gods Pilgrimage... [MODIFIED]
Processing 751: Awa Shrine... [NO CHANGES]
Processing 752: Awa Shrine (Oyama)... [NO CHANGES]
Processing 753: Awa Shrine (disambiguation)... [MODIFIED]
Processing 754: Awa Tanuki Gassen... [MODIFIED]
Processing 755: Awa Village... [MODIFIED]
Processing 756: Awabitamashiratama-hime-no-Mikoto Shrine... [NO CHANGES]
Processing 757: Awaga Daimyojin Mototsufumi... [MODIFIED]
Processing 758: Awaga Shrine... [MODIFIED]
Processing 759: Awai Shrine... [NO CHANGES]
Processing 760: Awano Shrine... [NO CHANGES]
Processing 761: Awano Shrine (Shinano Province)... [NO CHANGES]
Processing 762: Awano Shrine (Toyono, Nagano City)... [NO CHANGES]
Processing 763: Awano Shrine (Ueno, Nagano City)... [NO CHANGES]
Processing 764: Awashima-no-Kami... [MODIFIED]
Processing 765: Awashima Shrine (Kainan)... [MODIFIED]
Processing 766: Awashima Shrine (Uto City)... [MODIFIED]
Processing 767: Awashima Shrine (Wakayama)... [MODIFIED]
Processing 768: Awata Shrine... [MODIFIED]
Processing 769: Awawa Shrine... [NO CHANGES]
Processing 770: Awayamanoueno Shrine... [NO CHANGES]
Processing 771: Awofusumano Shrine... [NO CHANGES]
Processing 772: Awomino Shrine... [NO CHANGES]
Processing 773: Awomino Shrine (Q135040456)... [NO CHANGES]
Processing 774: Awoumino Shrine... [NO CHANGES]
Processing 775: Awowino Shrine... [NO CHANGES]
Processing 776: Awowino Shrine okumiya... [NO CHANGES]
Processing 777: Ayabusuma Shrine... [NO CHANGES]
Processing 778: Ayamezuka Kofun... [NO CHANGES]
Processing 779: Ayashi no Taue Odori... [MODIFIED]
Processing 780: Ayato-Kunaka Shrine... [MODIFIED]
Processing 781: Ayatokunaka Shrine... [NO CHANGES]
Processing 782: Ayazuka Kofun... [NO CHANGES]
Processing 783: Ayukai Hachimangu... [MODIFIED]
Processing 784: Ayuta Shrine... [NO CHANGES]
Processing 785: Ayutano Shrine... [NO CHANGES]
Processing 786: Az:Akiba məbədi (Tayto)... [ERROR - 'pages']
Processing 787: Az:Bəşəriyyət... [ERROR - 'pages']
Processing 788: Az:Category:Prefekturalarına görə Yaponiyada doğulanlar... [ERROR - 'pages']
Processing 789: Az:Category:Satsuma hanı... [ERROR - 'pages']
Processing 790: Az:Category:Yaponiya ədəbiyyatşünasları... [ERROR - 'pages']
Processing 791: Az:Category:İlahlar və ruhlar... [ERROR - 'pages']
Processing 792: Az:Hiko məbədi... [ERROR - 'pages']
Processing 793: Az:İtsukuşima məbədi... [ERROR - 'pages']
Processing 794: Azai Shrine (Ichinomiya)... [NO CHANGES]
Processing 795: Azaka Shrine... [NO CHANGES]
Processing 796: Azayama Shrine... [MODIFIED]
Processing 797: Azb:Category:NDL شناسه‌سی‌له مقاله‌لر... [ERROR - 'pages']
Processing 798: Azb:Category:VIAF شناسه‌سی‌له مقاله‌لر... [ERROR - 'pages']
Processing 799: Azuma-asobi... [MODIFIED]
Processing 800: Azuma Kofun... [MODIFIED]
Processing 801: Azuma Shrine... [MODIFIED]
Processing 802: Azuma Shrine (Gotemba)... [MODIFIED]
Processing 803: Azuma Shrine (Kisarazu City)... 