================================================================================
REMOVE DEFAULTSORT TEMPLATES FROM FAILED IMPORTS
================================================================================

Connecting to wiki...
Logged in successfully

Fetching pages from [[Category:Failed imports]]...
Found 60 pages to process

[1/60] Processing: 熱田神宮
  ✓ Removed DEFAULTSORT templates
[2/60] Processing: 天津甕星
  ✓ Removed DEFAULTSORT templates
[3/60] Processing: 有鹿神社
  ✓ Removed DEFAULTSORT templates
[4/60] Processing: 生田神社
  ✓ Removed DEFAULTSORT templates
[5/60] Processing: 伊佐須美神社
  ✓ Removed DEFAULTSORT templates
[6/60] Processing: 伊弉諾神宮
  ✓ Removed DEFAULTSORT templates
[7/60] Processing: 伊射奈岐神社 (吹田市山田東)
  ✓ Removed DEFAULTSORT templates
[8/60] Processing: 伊曽乃神社
  ✓ Removed DEFAULTSORT templates
[9/60] Processing: 伊奈波神社
  ✓ Removed DEFAULTSORT templates
[10/60] Processing: 今宮戎神社
  ✓ Removed DEFAULTSORT templates
[11/60] Processing: 忌部氏
  ✓ Removed DEFAULTSORT templates
[12/60] Processing: 宇佐神宮
  ✓ Removed DEFAULTSORT templates
[13/60] Processing: 宇都母知神社
  ✓ Removed DEFAULTSORT templates
[14/60] Processing: 大伴氏
  ✓ Removed DEFAULTSORT templates
[15/60] Processing: 意富比神社
  ✓ Removed DEFAULTSORT templates
[16/60] Processing: 亀戸天神社
  ✓ Removed DEFAULTSORT templates
[17/60] Processing: 川勾神社
  ✓ Removed DEFAULTSORT templates
[18/60] Processing: 歓喜院 (熊谷市)
  ✓ Removed DEFAULTSORT templates
[19/60] Processing: 吉備津神社
  ✓ Removed DEFAULTSORT templates
[20/60] Processing: 霧島岑神社
  ✓ Removed DEFAULTSORT templates
[21/60] Processing: 氣比神宮
  ✓ Removed DEFAULTSORT templates
[22/60] Processing: 高良大社
  ✓ Removed DEFAULTSORT templates
[23/60] Processing: 居多神社
  ✓ Removed DEFAULTSORT templates
[24/60] Processing: 木嶋坐天照御魂神社
  ✓ Removed DEFAULTSORT templates
[25/60] Processing: 小学館
  ✓ Removed DEFAULTSORT templates
[26/60] Processing: 神社本庁
  ✓ Removed DEFAULTSORT templates
[27/60] Processing: 須佐神社 (有田市)
  ✓ Removed DEFAULTSORT templates
[28/60] Processing: 住吉神社 (福岡市)
  ✓ Removed DEFAULTSORT templates
[29/60] Processing: 田縣神社
  ✓ Removed DEFAULTSORT templates
[30/60] Processing: 玉敷神社
  ✓ Removed DEFAULTSORT templates
[31/60] Processing: タマヨリビメ (日向神話)
  ✓ Removed DEFAULTSORT templates
[32/60] Processing: 調神社
  ✓ Removed DEFAULTSORT templates
[33/60] Processing: 筑波山神社
  ✓ Removed DEFAULTSORT templates
[34/60] Processing: 天満宮
  ✓ Removed DEFAULTSORT templates
[35/60] Processing: 西野神社
  ✓ Removed DEFAULTSORT templates
[36/60] Processing: 二宮神社 (船橋市)
  ✓ Removed DEFAULTSORT templates
[37/60] Processing: 白山神社 (新潟市中央区沼垂東)
  ✓ Removed DEFAULTSORT templates
[38/60] Processing: 筥崎宮
  ✓ Removed DEFAULTSORT templates
[39/60] Processing: 速谷神社
  ✓ Removed DEFAULTSORT templates
[40/60] Processing: 氷川女体神社
  ✓ Removed DEFAULTSORT templates
[41/60] Processing: 日御碕神社
  ✓ Removed DEFAULTSORT templates
[42/60] Processing: 日吉大社
  ✓ Removed DEFAULTSORT templates
[43/60] Processing: 枚岡神社
  ✓ Removed DEFAULTSORT templates
[44/60] Processing: 深見神社
  ✓ Removed DEFAULTSORT templates
[45/60] Processing: 富士山本宮浅間大社
  ✓ Removed DEFAULTSORT templates
[46/60] Processing: 穂高神社
  ✓ Removed DEFAULTSORT templates
[47/60] Processing: ほんみち概観
  No DEFAULTSORT templates found
[48/60] Processing: 美保神社
  ✓ Removed DEFAULTSORT templates
[49/60] Processing: 宗像大社
  ✓ Removed DEFAULTSORT templates
[50/60] Processing: 矢田坐久志玉比古神社
  ✓ Removed DEFAULTSORT templates
[51/60] Processing: イギリス王室
  ✓ Removed DEFAULTSORT templates
[52/60] Processing: 円応教教典
  No DEFAULTSORT templates found
[53/60] Processing: 埴輪 挂甲武人
  ✓ Removed DEFAULTSORT templates
[54/60] Processing: 大國魂神社
  ✓ Removed DEFAULTSORT templates
[55/60] Processing: 御神書
  No DEFAULTSORT templates found
[56/60] Processing: 志賀海神社
  ✓ Removed DEFAULTSORT templates
[57/60] Processing: 洲崎神社
  ✓ Removed DEFAULTSORT templates
[58/60] Processing: 甘露の法雨
  No DEFAULTSORT templates found
[59/60] Processing: 真の道
  No DEFAULTSORT templates found
[60/60] Processing: 針名神社
  ✓ Removed DEFAULTSORT templates

================================================================================
COMPLETE
================================================================================
Total pages: 60
Edited: 55
Skipped: 5

