================================================================================
REMOVE DEFAULTSORT TEMPLATES FROM AUTOMERGED JAPANESE TEXT
================================================================================

Connecting to wiki...
Logged in successfully

Fetching pages from [[Category:Automerged Japanese text]]...
Found 970 pages to process

[1/970] Processing: 20-Year Plan for One Million Families
  No DEFAULTSORT templates found
[2/970] Processing: 200 Famous Japanese Mountains
  No DEFAULTSORT templates found
[3/970] Processing: 2003 Shooting of Japanese Diplomats in Iraq
  No DEFAULTSORT templates found
[4/970] Processing: Abo Shrine
  No DEFAULTSORT templates found
[5/970] Processing: Aburahi Shrine
  No DEFAULTSORT templates found
[6/970] Processing: Abushina Shrine
  No DEFAULTSORT templates found
[7/970] Processing: Achi Shrine (Achi)
  No DEFAULTSORT templates found
[8/970] Processing: Achihayao Shrine
  No DEFAULTSORT templates found
[9/970] Processing: Adachi Shrine
  No DEFAULTSORT templates found
[10/970] Processing: Adatara Shrine
  No DEFAULTSORT templates found
[11/970] Processing: Afuchi Shrine
  No DEFAULTSORT templates found
[12/970] Processing: Afuku Kahaku Shrine
  No DEFAULTSORT templates found
[13/970] Processing: Agata Shrine (Gifu)
  No DEFAULTSORT templates found
[14/970] Processing: Aguasa Shrine
  No DEFAULTSORT templates found
[15/970] Processing: Aguchi Shrine
  No DEFAULTSORT templates found
[16/970] Processing: Ahita Shrine
  No DEFAULTSORT templates found
[17/970] Processing: Ai Shrine
  No DEFAULTSORT templates found
[18/970] Processing: Ajika Shrine
  No DEFAULTSORT templates found
[19/970] Processing: Ajiko Shrine
  No DEFAULTSORT templates found
[20/970] Processing: Akaba Shrine
  No DEFAULTSORT templates found
[21/970] Processing: Akabo Shrine
  No DEFAULTSORT templates found
[22/970] Processing: Akanabe Shrine
  No DEFAULTSORT templates found
[23/970] Processing: Akanta Shrine
  No DEFAULTSORT templates found
[24/970] Processing: Akaruhimenomikoto Shrine
  No DEFAULTSORT templates found
[25/970] Processing: Akitomi Shrine
  No DEFAULTSORT templates found
[26/970] Processing: Akunami Shrine
  No DEFAULTSORT templates found
[27/970] Processing: Akuto Shrine
  No DEFAULTSORT templates found
[28/970] Processing: Ama-no-Kaguyama Shrine (Toichi)
  No DEFAULTSORT templates found
[29/970] Processing: Amakashi-ni-imasu Shrine
  No DEFAULTSORT templates found
[30/970] Processing: Amamikoso Shrine
  No DEFAULTSORT templates found
[31/970] Processing: Amanohashidate Shrine
  No DEFAULTSORT templates found
[32/970] Processing: Amanoiwatate Shrine
  No DEFAULTSORT templates found
[33/970] Processing: Amasashi-hiko-no-Mikoto Shrine
  No DEFAULTSORT templates found
[34/970] Processing: Amasashinowake Shrine
  No DEFAULTSORT templates found
[35/970] Processing: Amatakekanakusano Shrine
  No DEFAULTSORT templates found
[36/970] Processing: Amatarashi Shrine
  No DEFAULTSORT templates found
[37/970] Processing: Amaterasu Ōmikami Takakura Shrine & Iwato Shrine
  No DEFAULTSORT templates found
[38/970] Processing: Amatsu Shrine (Itoigawa)
  No DEFAULTSORT templates found
[39/970] Processing: Amatsukasa-hiko Shrine
  No DEFAULTSORT templates found
[40/970] Processing: Amatsukasahiko Shrine
  No DEFAULTSORT templates found
[41/970] Processing: Amawake Toyohime Shrine
  No DEFAULTSORT templates found
[42/970] Processing: Amayukawata Shrine
  No DEFAULTSORT templates found
[43/970] Processing: Ame no Hohi
  No DEFAULTSORT templates found
[44/970] Processing: Ame no Wakahiko
  No DEFAULTSORT templates found
[45/970] Processing: Ame-no-Hohi-no-Mikoto Shrine
  No DEFAULTSORT templates found
[46/970] Processing: Ame-no-ohabari
  No DEFAULTSORT templates found
[47/970] Processing: Amefutotama-no-Mikoto Shrine
  No DEFAULTSORT templates found
[48/970] Processing: Amenotakechi Shrine
  No DEFAULTSORT templates found
[49/970] Processing: Amenotoyotarashikarahimenomikoto Shrine
  No DEFAULTSORT templates found
[50/970] Processing: Ami Shrine
  No DEFAULTSORT templates found
[51/970] Processing: Ami Shrine (Nakagō)
  No DEFAULTSORT templates found
[52/970] Processing: Anagiri Daijinja
  No DEFAULTSORT templates found
[53/970] Processing: Anaishi Shrine
  No DEFAULTSORT templates found
[54/970] Processing: Anazawa Tenjinsha
  No DEFAULTSORT templates found
[55/970] Processing: Aoi Shrine
  No DEFAULTSORT templates found
[56/970] Processing: Aomi Shrine
  No DEFAULTSORT templates found
[57/970] Processing: Araho Shrine
  No DEFAULTSORT templates found
[58/970] Processing: Arai Shrine (Nantan)
  No DEFAULTSORT templates found
[59/970] Processing: Araki Shrine
  No DEFAULTSORT templates found
[60/970] Processing: Araki Shrine (Izunokuni)
  No DEFAULTSORT templates found
[61/970] Processing: Arata Shrine
  No DEFAULTSORT templates found
[62/970] Processing: Arei Shrine
  No DEFAULTSORT templates found
[63/970] Processing: Arima Shrine
  No DEFAULTSORT templates found
[64/970] Processing: Asadatehiko Shrine
  No DEFAULTSORT templates found
[65/970] Processing: Asai Shrine (Takaoka)
  No DEFAULTSORT templates found
[66/970] Processing: Asakura Shrine (Uji, Kyoto)
  No DEFAULTSORT templates found
[67/970] Processing: Asakura Shrine (Wakayama)
  No DEFAULTSORT templates found
[68/970] Processing: Asamine Shrine
  No DEFAULTSORT templates found
[69/970] Processing: Asamiya Shrine
  No DEFAULTSORT templates found
[70/970] Processing: Asayama Shrine
  No DEFAULTSORT templates found
[71/970] Processing: Ashiinaba Shrine
  No DEFAULTSORT templates found
[72/970] Processing: Ashitaka Shrine
  No DEFAULTSORT templates found
[73/970] Processing: Asukabe Shrine
  No DEFAULTSORT templates found
[74/970] Processing: Asukada Shrine
  No DEFAULTSORT templates found
[75/970] Processing: Asō Shrine
  No DEFAULTSORT templates found
[76/970] Processing: Atago Shrine (Sendai)
  No DEFAULTSORT templates found
[77/970] Processing: Ato Shrine
  No DEFAULTSORT templates found
[78/970] Processing: Atsuhitakahiko Shrine
  No DEFAULTSORT templates found
[79/970] Processing: Atsuwa Shrine
  No DEFAULTSORT templates found
[80/970] Processing: Awa Shrine (Oyama)
  No DEFAULTSORT templates found
[81/970] Processing: Awa-no-Mikoto Shrine
  No DEFAULTSORT templates found
[82/970] Processing: Awabitamashiratama-hime-no-Mikoto Shrine
  No DEFAULTSORT templates found
[83/970] Processing: Awai Shrine
  No DEFAULTSORT templates found
[84/970] Processing: Awawa Shrine
  No DEFAULTSORT templates found
[85/970] Processing: Awayama-no-Ueno Shrine
  No DEFAULTSORT templates found
[86/970] Processing: Azai Shrine (Ichinomiya)
  No DEFAULTSORT templates found
[87/970] Processing: Azumayanuma Shrine
  No DEFAULTSORT templates found
[88/970] Processing: Azumi-no-isora
  No DEFAULTSORT templates found
[89/970] Processing: Azura Shrine
  No DEFAULTSORT templates found
[90/970] Processing: Azusami Tenjinsha
  No DEFAULTSORT templates found
[91/970] Processing: Azusawakenomikoto Shrine
  No DEFAULTSORT templates found
[92/970] Processing: Chikushi Shrine
  No DEFAULTSORT templates found
[93/970] Processing: Chokusaisha
  No DEFAULTSORT templates found
[94/970] Processing: Daikai Shrine
  No DEFAULTSORT templates found
[95/970] Processing: Daisan Ōji Shrine
  No DEFAULTSORT templates found
[96/970] Processing: Danbara Kofun
  No DEFAULTSORT templates found
[97/970] Processing: Date Shrine
  No DEFAULTSORT templates found
[98/970] Processing: Dewa Shrine
  No DEFAULTSORT templates found
[99/970] Processing: Ebumi Shrine
  No DEFAULTSORT templates found
[100/970] Processing: Eda Shrine
  No DEFAULTSORT templates found
[101/970] Processing: Ena Shrine (Nakatsugawa, Gifu)
  No DEFAULTSORT templates found
[102/970] Processing: Enoki Shrine
  No DEFAULTSORT templates found
[103/970] Processing: Erehiko Shrine
  No DEFAULTSORT templates found
[104/970] Processing: Fu Hachimangu
  No DEFAULTSORT templates found
[105/970] Processing: Fudaten Shrine
  No DEFAULTSORT templates found
[106/970] Processing: Fuji Sengen Shrine (Togo Town)
  No DEFAULTSORT templates found
[107/970] Processing: Fujioka
  No DEFAULTSORT templates found
[108/970] Processing: Fujiuchi Shrine
  No DEFAULTSORT templates found
[109/970] Processing: Fukagawa Shrine
  No DEFAULTSORT templates found
[110/970] Processing: Fukuchi Shrine
  No DEFAULTSORT templates found
[111/970] Processing: Fukuyama Hachimangū
  No DEFAULTSORT templates found
[112/970] Processing: Fukuōji Shrine
  No DEFAULTSORT templates found
[113/970] Processing: Funai Shrine
  No DEFAULTSORT templates found
[114/970] Processing: Funayama Shrine
  No DEFAULTSORT templates found
[115/970] Processing: Furufu Shrine
  No DEFAULTSORT templates found
[116/970] Processing: Fuse Shrine (Nagano)
  No DEFAULTSORT templates found
[117/970] Processing: Futagami-yama Shrine (Tottori Prefecture)
  No DEFAULTSORT templates found
[118/970] Processing: Futako Shrine
  No DEFAULTSORT templates found
[119/970] Processing: Futamata Shrine
  No DEFAULTSORT templates found
[120/970] Processing: Gassan Shrine
  No DEFAULTSORT templates found
[121/970] Processing: Genkai Sea
  No DEFAULTSORT templates found
[122/970] Processing: Giboshi
  No DEFAULTSORT templates found
[123/970] Processing: Gokiso Hachimangū
  No DEFAULTSORT templates found
[124/970] Processing: Gomyo Tenjin Shrine
  No DEFAULTSORT templates found
[125/970] Processing: Goryō
  No DEFAULTSORT templates found
[126/970] Processing: Goshiki Soba
  No DEFAULTSORT templates found
[127/970] Processing: Gosho Shrine
  No DEFAULTSORT templates found
[128/970] Processing: Habuhime Shrine (Shimoda)
  No DEFAULTSORT templates found
[129/970] Processing: Habuhime-no-Mikoto Shrine
  No DEFAULTSORT templates found
[130/970] Processing: Hachiman Shrine (Koura, Minamiizu)
  No DEFAULTSORT templates found
[131/970] Processing: Hachiman Shrine (Otoi)
  No DEFAULTSORT templates found
[132/970] Processing: Hachiman Shrine (Q134927474)
  No DEFAULTSORT templates found
[133/970] Processing: Hachimangū Kinomiya Shrine
  No DEFAULTSORT templates found
[134/970] Processing: Hachita Shrine
  No DEFAULTSORT templates found
[135/970] Processing: Hahaki Shrine
  No DEFAULTSORT templates found
[136/970] Processing: Hahime Shrine
  No DEFAULTSORT templates found
[137/970] Processing: Hahō Shrine
  No DEFAULTSORT templates found
[138/970] Processing: Hajikama Shrine
  No DEFAULTSORT templates found
[139/970] Processing: Hajikami Shrine
  No DEFAULTSORT templates found
[140/970] Processing: Hajikami Shrine (Q11275441)
  No DEFAULTSORT templates found
[141/970] Processing: Hakkengū
  No DEFAULTSORT templates found
[142/970] Processing: Hakozaki Hachiman Shrine
  No DEFAULTSORT templates found
[143/970] Processing: Hakui Shrine
  No DEFAULTSORT templates found
[144/970] Processing: Hakunu Shrine
  No DEFAULTSORT templates found
[145/970] Processing: Hakusan Shrine (Kasugai)
  No DEFAULTSORT templates found
[146/970] Processing: Hakusan Shrine (Miki)
  No DEFAULTSORT templates found
[147/970] Processing: Hamamatsu Hachimangu
  No DEFAULTSORT templates found
[148/970] Processing: Hamana Sōsha-shinmeigū
  No DEFAULTSORT templates found
[149/970] Processing: Hananagakami Shrine
  No DEFAULTSORT templates found
[150/970] Processing: Hananagashimo Shrine
  No DEFAULTSORT templates found
[151/970] Processing: Hanashiyama Shrine
  No DEFAULTSORT templates found
[152/970] Processing: Hanifu Shrine
  No DEFAULTSORT templates found
[153/970] Processing: Haniwa Warrior in Keiko Armor
  ✓ Removed DEFAULTSORT templates
[154/970] Processing: Hanoura Shrine
  No DEFAULTSORT templates found
[155/970] Processing: Harina Shrine
  ✓ Removed DEFAULTSORT templates
[156/970] Processing: Haritsuna Shrine
  No DEFAULTSORT templates found
[157/970] Processing: Hasedera (Nagano)
  No DEFAULTSORT templates found
[158/970] Processing: Hashiriochi Shrine
  No DEFAULTSORT templates found
[159/970] Processing: Hatsuhime Shrine
  No DEFAULTSORT templates found
[160/970] Processing: Hayabusa Shrine (Kyoto)
  No DEFAULTSORT templates found
[161/970] Processing: Hayasame Shrine
  No DEFAULTSORT templates found
[162/970] Processing: Hayasuihime Shrine
  No DEFAULTSORT templates found
[163/970] Processing: Hayatamawakenomikoto Shrine
  No DEFAULTSORT templates found
[164/970] Processing: Hazu Shrine
  No DEFAULTSORT templates found
[165/970] Processing: Heart (Chinese constellation)
  No DEFAULTSORT templates found
[166/970] Processing: Heda Shrine
  No DEFAULTSORT templates found
[167/970] Processing: Hegurinoiwatoko Shrine
  No DEFAULTSORT templates found
[168/970] Processing: Heijō Shrine
  No DEFAULTSORT templates found
[169/970] Processing: Hibita Shrine
  No DEFAULTSORT templates found
[170/970] Processing: Hida Shrine
  No DEFAULTSORT templates found
[171/970] Processing: Hieta Shrine
  No DEFAULTSORT templates found
[172/970] Processing: Higanotome Shrine
  No DEFAULTSORT templates found
[173/970] Processing: Hihayo Tenjin Shrine
  No DEFAULTSORT templates found
[174/970] Processing: Hii Shrine
  No DEFAULTSORT templates found
[175/970] Processing: Hijiri Shrine (Izumi, Osaka)
  No DEFAULTSORT templates found
[176/970] Processing: Hikawami Shrine
  No DEFAULTSORT templates found
[177/970] Processing: Hikida Shrine
  No DEFAULTSORT templates found
[178/970] Processing: Hikite Chikara no Mikoto Shrine
  No DEFAULTSORT templates found
[179/970] Processing: Hime Shrine (Nanto City)
  No DEFAULTSORT templates found
[180/970] Processing: Himemiya Shrine
  No DEFAULTSORT templates found
[181/970] Processing: Himesaka Kanachiana Shrine
  No DEFAULTSORT templates found
[182/970] Processing: Hinama-ji Hime-no-Mikoto Shrine
  No DEFAULTSORT templates found
[183/970] Processing: Hinamori Shrine
  No DEFAULTSORT templates found
[184/970] Processing: Hinatano Shrine
  No DEFAULTSORT templates found
[185/970] Processing: Hine Shrine
  No DEFAULTSORT templates found
[186/970] Processing: Hioka Shrine
  No DEFAULTSORT templates found
[187/970] Processing: Hioki Shrine (Nagoya)
  No DEFAULTSORT templates found
[188/970] Processing: Hioki Shrine (Takashima)
  No DEFAULTSORT templates found
[189/970] Processing: Hirose Shrine
  No DEFAULTSORT templates found
[190/970] Processing: Hirose Shrine (Izunokuni)
  No DEFAULTSORT templates found
[191/970] Processing: Hirose Shrine (Sayama)
  No DEFAULTSORT templates found
[192/970] Processing: Hiruko Shrine (Naka)
  No DEFAULTSORT templates found
[193/970] Processing: Hitsuji Shrine (Nagoya)
  No DEFAULTSORT templates found
[194/970] Processing: Hitsujisaki Shrine (Mano, Ishinomaki)
  No DEFAULTSORT templates found
[195/970] Processing: Hitsujisaki Shrine (Minato, Ishinomaki)
  No DEFAULTSORT templates found
[196/970] Processing: Hitsusa Shrine
  No DEFAULTSORT templates found
[197/970] Processing: Hobata Shrine
  No DEFAULTSORT templates found
[198/970] Processing: Hokki Shrine
  No DEFAULTSORT templates found
[199/970] Processing: Hokotsuki Shrine
  No DEFAULTSORT templates found
[200/970] Processing: Hokura Shrine
  No DEFAULTSORT templates found
[201/970] Processing: Homi Shrine
  No DEFAULTSORT templates found
[202/970] Processing: Homi Shrine (Asahimachi, Nirasaki)
  No DEFAULTSORT templates found
[203/970] Processing: Horowasan Haushiwake Shrine
  No DEFAULTSORT templates found
[204/970] Processing: Hoshi Shrine
  No DEFAULTSORT templates found
[205/970] Processing: Hoshinomiya-sha Shrine
  No DEFAULTSORT templates found
[206/970] Processing: Hosokawa Shrine
  No DEFAULTSORT templates found
[207/970] Processing: Housono Shrine
  No DEFAULTSORT templates found
[208/970] Processing: Hyōsu Shrine
  No DEFAULTSORT templates found
[209/970] Processing: Ibaraki Shrine
  No DEFAULTSORT templates found
[210/970] Processing: Ibe Iwakura Shrine
  No DEFAULTSORT templates found
[211/970] Processing: Ibuki Shrine
  No DEFAULTSORT templates found
[212/970] Processing: Ichihara Shrine
  No DEFAULTSORT templates found
[213/970] Processing: Ichinomiya Asama Shrine (Fuefuki)
  No DEFAULTSORT templates found
[214/970] Processing: Ichinomiya Sengen Shrine
  No DEFAULTSORT templates found
[215/970] Processing: Ichinomiya Shrine (Tokushima)
  No DEFAULTSORT templates found
[216/970] Processing: Ichisuka Shrine
  No DEFAULTSORT templates found
[217/970] Processing: Idate Shrine
  No DEFAULTSORT templates found
[218/970] Processing: Ifuribe Shrine
  No DEFAULTSORT templates found
[219/970] Processing: Igami Shrine
  No DEFAULTSORT templates found
[220/970] Processing: Igasa Shrine
  No DEFAULTSORT templates found
[221/970] Processing: Ii Shrine (Q11666643)
  No DEFAULTSORT templates found
[222/970] Processing: Iibo Nimasu Amaterasu Shrine
  No DEFAULTSORT templates found
[223/970] Processing: Iino Hachimangū
  No DEFAULTSORT templates found
[224/970] Processing: Iizuna Shrine (Mount Iizuna)
  No DEFAULTSORT templates found
[225/970] Processing: Ikagashi Shrine
  No DEFAULTSORT templates found
[226/970] Processing: Ikagu Shrine
  No DEFAULTSORT templates found
[227/970] Processing: Ikaho Shrine
  No DEFAULTSORT templates found
[228/970] Processing: Ikama Shrine
  No DEFAULTSORT templates found
[229/970] Processing: Ikamashi Shrine
  No DEFAULTSORT templates found
[230/970] Processing: Ikarashi Shrine
  No DEFAULTSORT templates found
[231/970] Processing: Ikawadani Sōja
  No DEFAULTSORT templates found
[232/970] Processing: Ikeda Shrine
  No DEFAULTSORT templates found
[233/970] Processing: Ikeda Shrine (Shizuoka)
  No DEFAULTSORT templates found
[234/970] Processing: Ikenimasu-asagirikihatahime Shrine
  No DEFAULTSORT templates found
[235/970] Processing: Ikishiro Shrine
  No DEFAULTSORT templates found
[236/970] Processing: Iko-no-hayamitama Hime-no Shrine
  No DEFAULTSORT templates found
[237/970] Processing: Ikohayawake-no-Mikoto Shrine
  No DEFAULTSORT templates found
[238/970] Processing: Ikoma Shrine
  No DEFAULTSORT templates found
[239/970] Processing: Ikomayamaguchi Shrine
  No DEFAULTSORT templates found
[240/970] Processing: Ikota Shrine
  No DEFAULTSORT templates found
[241/970] Processing: Ikuhime Shrine
  No DEFAULTSORT templates found
[242/970] Processing: Ikune Shrine
  No DEFAULTSORT templates found
[243/970] Processing: Imaki-Aosaka-Inami-Ikegami Shrine
  No DEFAULTSORT templates found
[244/970] Processing: Imaki-Aosaka-Inami-Ikegami Shrine (Kamikawa, Saitama)
  No DEFAULTSORT templates found
[245/970] Processing: Ime Shrine & Hachimangu
  No DEFAULTSORT templates found
[246/970] Processing: Inabe Shrine
  No DEFAULTSORT templates found
[247/970] Processing: Inada Shrine
  No DEFAULTSORT templates found
[248/970] Processing: Inagi Shrine
  No DEFAULTSORT templates found
[249/970] Processing: Inakami Shrine
  No DEFAULTSORT templates found
[250/970] Processing: Inamura Shrine
  No DEFAULTSORT templates found
[251/970] Processing: Inane Shrine
  No DEFAULTSORT templates found
[252/970] Processing: Inasaki Shrine
  No DEFAULTSORT templates found
[253/970] Processing: Inashironimasu Shrine
  No DEFAULTSORT templates found
[254/970] Processing: Inatsuhiko Shrine
  No DEFAULTSORT templates found
[255/970] Processing: Inazume Shrine
  No DEFAULTSORT templates found
[256/970] Processing: Inbe Shrine
  No DEFAULTSORT templates found
[257/970] Processing: Inbe Shrine (Matsue City)
  No DEFAULTSORT templates found
[258/970] Processing: Inbe Shrine (Tokushima)
  No DEFAULTSORT templates found
[259/970] Processing: Inohanako Shrine
  No DEFAULTSORT templates found
[260/970] Processing: Inu Shrine
  No DEFAULTSORT templates found
[261/970] Processing: Io Shrine
  No DEFAULTSORT templates found
[262/970] Processing: Ionoi Shrine
  No DEFAULTSORT templates found
[263/970] Processing: Irō Shrine
  No DEFAULTSORT templates found
[264/970] Processing: Isagawa Awa Shrine
  No DEFAULTSORT templates found
[265/970] Processing: Isagoda Shrine
  No DEFAULTSORT templates found
[266/970] Processing: Isagu Shrine
  No DEFAULTSORT templates found
[267/970] Processing: Isemikoto Shrine
  No DEFAULTSORT templates found
[268/970] Processing: Ishi Shrine
  No DEFAULTSORT templates found
[269/970] Processing: Ishifu Shrine
  No DEFAULTSORT templates found
[270/970] Processing: Ishimaki Shrine
  No DEFAULTSORT templates found
[271/970] Processing: Ishiura Shrine
  No DEFAULTSORT templates found
[272/970] Processing: Ishizu Shrine
  No DEFAULTSORT templates found
[273/970] Processing: Ishizukuri Shrine
  No DEFAULTSORT templates found
[274/970] Processing: Ishizukuri Shrine (Q11676453)
  No DEFAULTSORT templates found
[275/970] Processing: Isobe inamura Shrine
  No DEFAULTSORT templates found
[276/970] Processing: Isonokamifutsumitama Shrine
  No DEFAULTSORT templates found
[277/970] Processing: Ita Shrine
  No DEFAULTSORT templates found
[278/970] Processing: Itahato Shrine
  No DEFAULTSORT templates found
[279/970] Processing: Itate Shrine
  No DEFAULTSORT templates found
[280/970] Processing: Iwafune Shrine
  No DEFAULTSORT templates found
[281/970] Processing: Iwafune Shrine, Konan
  No DEFAULTSORT templates found
[282/970] Processing: Iwahashi Shrine
  No DEFAULTSORT templates found
[283/970] Processing: Iwai Onsen
  No DEFAULTSORT templates found
[284/970] Processing: Iwai Shrine
  No DEFAULTSORT templates found
[285/970] Processing: Iwai Shrine (Q85882705)
  No DEFAULTSORT templates found
[286/970] Processing: Iwakami Yamazumi Shrine
  No DEFAULTSORT templates found
[287/970] Processing: Iwaki Shrine
  No DEFAULTSORT templates found
[288/970] Processing: Iwashizu Shrine (Takarazuka)
  No DEFAULTSORT templates found
[289/970] Processing: Iwato Shrine
  No DEFAULTSORT templates found
[290/970] Processing: Iwato Wake Shrine
  No DEFAULTSORT templates found
[291/970] Processing: Iwatsuhime Shrine
  No DEFAULTSORT templates found
[292/970] Processing: Iwatsutsukowake Shrine
  No DEFAULTSORT templates found
[293/970] Processing: Iwaya Shrine
  No DEFAULTSORT templates found
[294/970] Processing: Iya Shrine
  No DEFAULTSORT templates found
[295/970] Processing: Izanagi Shrine
  No DEFAULTSORT templates found
[296/970] Processing: Izanagi Shrine (Kanmaki)
  No DEFAULTSORT templates found
[297/970] Processing: Izanagi Shrine (Saidera, Suita)
  No DEFAULTSORT templates found
[298/970] Processing: Izanami Shrine
  No DEFAULTSORT templates found
[299/970] Processing: Izanami Shrine, Mima
  No DEFAULTSORT templates found
[300/970] Processing: Izuhara Hachimangū Shrine
  No DEFAULTSORT templates found
[301/970] Processing: Izumi Shrine (Hitachi)
  No DEFAULTSORT templates found
[302/970] Processing: Izumi Shrine (Kaga)
  No DEFAULTSORT templates found
[303/970] Processing: Izumianashi Shrine
  No DEFAULTSORT templates found
[304/970] Processing: Izumoiwai Shrine, Moroyama
  No DEFAULTSORT templates found
[305/970] Processing: Izusahime Shrine
  No DEFAULTSORT templates found
[306/970] Processing: Jichinsai
  No DEFAULTSORT templates found
[307/970] Processing: Jogu Shrine
  No DEFAULTSORT templates found
[308/970] Processing: Juniso Kumano Shrine
  No DEFAULTSORT templates found
[309/970] Processing: Juuni Shrine
  No DEFAULTSORT templates found
[310/970] Processing: Kabatakamo Shrine
  No DEFAULTSORT templates found
[311/970] Processing: Kaehime Shrine
  No DEFAULTSORT templates found
[312/970] Processing: Kagamitsukuri Ita Shrine
  No DEFAULTSORT templates found
[313/970] Processing: Kagamitsukuri Nimasu Amateru Mitama Shrine
  No DEFAULTSORT templates found
[314/970] Processing: Kagamitsukurimake Shrine
  No DEFAULTSORT templates found
[315/970] Processing: Kagura-den
  No DEFAULTSORT templates found
[316/970] Processing: Kai Shrine
  No DEFAULTSORT templates found
[317/970] Processing: Kaka Shrine
  No DEFAULTSORT templates found
[318/970] Processing: Kamado Shrine
  No DEFAULTSORT templates found
[319/970] Processing: Kameyama Hachimangū
  No DEFAULTSORT templates found
[320/970] Processing: Kamiichinomiya Ōawa Shrine
  No DEFAULTSORT templates found
[321/970] Processing: Kamikoso Shrine
  No DEFAULTSORT templates found
[322/970] Processing: Kamisumuji Shrine
  No DEFAULTSORT templates found
[323/970] Processing: Kamitakatsuki Shrine
  No DEFAULTSORT templates found
[324/970] Processing: Kamo Shrine (Ichinomiya)
  No DEFAULTSORT templates found
[325/970] Processing: Kamo Shrine (Kawanishi)
  No DEFAULTSORT templates found
[326/970] Processing: Kamo Shrine (Kiryu)
  No DEFAULTSORT templates found
[327/970] Processing: Kamo Shrine (Kuroshio)
  No DEFAULTSORT templates found
[328/970] Processing: Kamo Shrine (Saitama)
  No DEFAULTSORT templates found
[329/970] Processing: Kamo Shrine (Sakaide)
  No DEFAULTSORT templates found
[330/970] Processing: Kamo Shrine (Takatsuki)
  No DEFAULTSORT templates found
[331/970] Processing: Kamo Shrine (Wanouchi)
  No DEFAULTSORT templates found
[332/970] Processing: Kamo Yamaguchi Shrine
  No DEFAULTSORT templates found
[333/970] Processing: Kamo-no-Ōkami-no-mikokami-nushi-tama Shrine
  No DEFAULTSORT templates found
[334/970] Processing: Kamohara Shrine
  No DEFAULTSORT templates found
[335/970] Processing: Kamonahino Shrine
  No DEFAULTSORT templates found
[336/970] Processing: Kamonaraita Shrine
  No DEFAULTSORT templates found
[337/970] Processing: Kamuhatori Shrine
  No DEFAULTSORT templates found
[338/970] Processing: Kanbara Shrine (Niigata)
  No DEFAULTSORT templates found
[339/970] Processing: Kanda Shrine (Higashishirakawa)
  No DEFAULTSORT templates found
[340/970] Processing: Kandani Shrine
  No DEFAULTSORT templates found
[341/970] Processing: Kanko Shrine
  No DEFAULTSORT templates found
[342/970] Processing: Kannabi Shrine (Fuchu city, Hiroshima)
  No DEFAULTSORT templates found
[343/970] Processing: Kanno Shrine
  No DEFAULTSORT templates found
[344/970] Processing: Karai Shrine
  No DEFAULTSORT templates found
[345/970] Processing: Karakawa Shrine
  No DEFAULTSORT templates found
[346/970] Processing: Karita Shrine
  No DEFAULTSORT templates found
[347/970] Processing: Karukomuranimasu Shrine
  No DEFAULTSORT templates found
[348/970] Processing: Karuno Shrine
  No DEFAULTSORT templates found
[349/970] Processing: Kasami Shrine
  No DEFAULTSORT templates found
[350/970] Processing: Kashikuri Shrine
  No DEFAULTSORT templates found
[351/970] Processing: Kashima Amatarashi Wake Shrine
  No DEFAULTSORT templates found
[352/970] Processing: Kashima Amatarashiwake Shrine
  No DEFAULTSORT templates found
[353/970] Processing: Kashima Miko Shrine (Fukushima)
  No DEFAULTSORT templates found
[354/970] Processing: Kashima Onata Shrine
  No DEFAULTSORT templates found
[355/970] Processing: Kashima Shrine (Kashiba)
  No DEFAULTSORT templates found
[356/970] Processing: Kasuga Shrine (Shimizu, Ibaraki, Osaka)
  No DEFAULTSORT templates found
[357/970] Processing: Kasumekentou Shrine
  No DEFAULTSORT templates found
[358/970] Processing: Kataoka Shrine
  No DEFAULTSORT templates found
[359/970] Processing: Kataoka Shrine (Yoshida)
  No DEFAULTSORT templates found
[360/970] Processing: Katasuge Shrine
  No DEFAULTSORT templates found
[361/970] Processing: Katsura Shrine
  No DEFAULTSORT templates found
[362/970] Processing: Katsuragi Futakami Shrine
  No DEFAULTSORT templates found
[363/970] Processing: Katsuragi Hitokotonushi Shrine
  No DEFAULTSORT templates found
[364/970] Processing: Katsuraki ni Imasu Honoikaduchi Shrine
  No DEFAULTSORT templates found
[365/970] Processing: Katsurakio Shrine
  No DEFAULTSORT templates found
[366/970] Processing: Kattamine Shrine
  No DEFAULTSORT templates found
[367/970] Processing: Kattamine Shrine (Q65249271)
  No DEFAULTSORT templates found
[368/970] Processing: Katte Shrine
  No DEFAULTSORT templates found
[369/970] Processing: Kawaai Shrine
  No DEFAULTSORT templates found
[370/970] Processing: Kawachi Kunitama Shrine
  No DEFAULTSORT templates found
[371/970] Processing: Kawaketamikabe Shrine
  No DEFAULTSORT templates found
[372/970] Processing: Kawamata Shrine
  No DEFAULTSORT templates found
[373/970] Processing: Kawara Shrine (Ise)
  No DEFAULTSORT templates found
[374/970] Processing: Kawara Shrine (Q11667602)
  No DEFAULTSORT templates found
[375/970] Processing: Kawase Shrine
  No DEFAULTSORT templates found
[376/970] Processing: Kawashima Shrine
  No DEFAULTSORT templates found
[377/970] Processing: Kawasukune Shrine (Higashiagatsuma)
  No DEFAULTSORT templates found
[378/970] Processing: Kawasukune Shrine (Shibukawa)
  No DEFAULTSORT templates found
[379/970] Processing: Kawata Shrine (Koka)
  No DEFAULTSORT templates found
[380/970] Processing: Kawata Shrine (Konan)
  No DEFAULTSORT templates found
[381/970] Processing: Kegare
  No DEFAULTSORT templates found
[382/970] Processing: Keiman Shrine
  No DEFAULTSORT templates found
[383/970] Processing: Keta Jinja
  No DEFAULTSORT templates found
[384/970] Processing: Keta-hongū
  No DEFAULTSORT templates found
[385/970] Processing: Kiburi Shrine
  No DEFAULTSORT templates found
[386/970] Processing: Kikurihime
  No DEFAULTSORT templates found
[387/970] Processing: Kinomiya Shrine (Q119929624)
  No DEFAULTSORT templates found
[388/970] Processing: Kinpu Shrine
  No DEFAULTSORT templates found
[389/970] Processing: Kinumaki Shrine
  No DEFAULTSORT templates found
[390/970] Processing: Kisa Shrine
  No DEFAULTSORT templates found
[391/970] Processing: Kisaki Shrine
  No DEFAULTSORT templates found
[392/970] Processing: Kita Shrine
  No DEFAULTSORT templates found
[393/970] Processing: Kitano Tenjinsha
  No DEFAULTSORT templates found
[394/970] Processing: Kitano Tenmansha (Kita‑no‑chō, Hachiōji)
  No DEFAULTSORT templates found
[395/970] Processing: Kitashita Shrine
  No DEFAULTSORT templates found
[396/970] Processing: Kiyama Shrine
  No DEFAULTSORT templates found
[397/970] Processing: Kobimine Shrine
  No DEFAULTSORT templates found
[398/970] Processing: Kogaikuni Shrine
  No DEFAULTSORT templates found
[399/970] Processing: Kohaku Shrine
  No DEFAULTSORT templates found
[400/970] Processing: Kohata Shrine
  No DEFAULTSORT templates found
[401/970] Processing: Kojino Shrine
  No DEFAULTSORT templates found
[402/970] Processing: Kokushi genzaisha
  No DEFAULTSORT templates found
[403/970] Processing: Kokuwakura Shrine Haiden
  No DEFAULTSORT templates found
[404/970] Processing: Kokuzō Shrine
  No DEFAULTSORT templates found
[405/970] Processing: Komagataooshige Shrine
  No DEFAULTSORT templates found
[406/970] Processing: Komori Katte Shrine
  No DEFAULTSORT templates found
[407/970] Processing: Korizu Shrine
  No DEFAULTSORT templates found
[408/970] Processing: Kotoshironushi Shrine (Awa)
  No DEFAULTSORT templates found
[409/970] Processing: Koutari Shrine
  No DEFAULTSORT templates found
[410/970] Processing: Koyasu Myōjin Shrine
  No DEFAULTSORT templates found
[411/970] Processing: Kuchi Shrine
  No DEFAULTSORT templates found
[412/970] Processing: Kudo Shrine
  No DEFAULTSORT templates found
[413/970] Processing: Kuga Shrine
  No DEFAULTSORT templates found
[414/970] Processing: Kukuhi Shrine
  No DEFAULTSORT templates found
[415/970] Processing: Kukumiohiko Shrine
  No DEFAULTSORT templates found
[416/970] Processing: Kumaku Shrine
  No DEFAULTSORT templates found
[417/970] Processing: Kumano Shrine (Takashima)
  No DEFAULTSORT templates found
[418/970] Processing: Kunigami Shrine
  No DEFAULTSORT templates found
[419/970] Processing: Kunihashiramikoto Shrine
  No DEFAULTSORT templates found
[420/970] Processing: Kunitama Shrine
  No DEFAULTSORT templates found
[421/970] Processing: Kunitsuhiko-no-Mikoto Shrine
  No DEFAULTSORT templates found
[422/970] Processing: Kureha-Anekurahime Shrine
  No DEFAULTSORT templates found
[423/970] Processing: Kuri (kitchen)
  No DEFAULTSORT templates found
[424/970] Processing: Kuronuma Shrine
  No DEFAULTSORT templates found
[425/970] Processing: Kuroshima Shrine
  No DEFAULTSORT templates found
[426/970] Processing: Kurume Suitengū
  No DEFAULTSORT templates found
[427/970] Processing: Kusanagi Shrine
  No DEFAULTSORT templates found
[428/970] Processing: Kusanagi Shrine (Q11368944)
  No DEFAULTSORT templates found
[429/970] Processing: Kusano Shrine
  No DEFAULTSORT templates found
[430/970] Processing: Kushi iwamado Shrine
  No DEFAULTSORT templates found
[431/970] Processing: Kushida Shrine (Matsusaka)
  No DEFAULTSORT templates found
[432/970] Processing: Kushida Shrine, Imizu
  No DEFAULTSORT templates found
[433/970] Processing: Kushihiki Hachimangū
  No DEFAULTSORT templates found
[434/970] Processing: Kushirokahime Shrine
  No DEFAULTSORT templates found
[435/970] Processing: Kushitamanomikoto Shrine
  No DEFAULTSORT templates found
[436/970] Processing: Kusumoto Shrine
  No DEFAULTSORT templates found
[437/970] Processing: Kuwabara Shrine
  No DEFAULTSORT templates found
[438/970] Processing: Kuwada Shrine
  No DEFAULTSORT templates found
[439/970] Processing: Kuwayama Shrine
  No DEFAULTSORT templates found
[440/970] Processing: Kuzumi Shrine
  No DEFAULTSORT templates found
[441/970] Processing: Kō Shrine (Takayama)
  No DEFAULTSORT templates found
[442/970] Processing: Magaibutsu
  No DEFAULTSORT templates found
[443/970] Processing: Makata Shrine
  No DEFAULTSORT templates found
[444/970] Processing: Make Shrine (Q11498617)
  No DEFAULTSORT templates found
[445/970] Processing: Mamezuka Shrine
  No DEFAULTSORT templates found
[446/970] Processing: Manai Shrine
  No DEFAULTSORT templates found
[447/970] Processing: Manguu Shrine
  No DEFAULTSORT templates found
[448/970] Processing: Mankusen Shrine
  No DEFAULTSORT templates found
[449/970] Processing: Matsubara Shrine (Kasugai)
  No DEFAULTSORT templates found
[450/970] Processing: Matsuo Shrine (Kameoka)
  No DEFAULTSORT templates found
[451/970] Processing: Matsusaka Shrine
  No DEFAULTSORT templates found
[452/970] Processing: Mefu Shrine
  No DEFAULTSORT templates found
[453/970] Processing: Mefu Shrine (Matsue)
  No DEFAULTSORT templates found
[454/970] Processing: Meta Shrine
  No DEFAULTSORT templates found
[455/970] Processing: Mifune Shrine (Taki)
  No DEFAULTSORT templates found
[456/970] Processing: Miho Shrine (Q11489249)
  No DEFAULTSORT templates found
[457/970] Processing: Mii Shrine
  No DEFAULTSORT templates found
[458/970] Processing: Mii Shrine (Kakamigahara)
  No DEFAULTSORT templates found
[459/970] Processing: Mika Shrine (Misato town, Saitama)
  No DEFAULTSORT templates found
[460/970] Processing: Mikata Shrine
  No DEFAULTSORT templates found
[461/970] Processing: Mikushi Shrine
  No DEFAULTSORT templates found
[462/970] Processing: Mimatsuhiko Shrine
  No DEFAULTSORT templates found
[463/970] Processing: Miminashi Yamaguchi Shrine
  No DEFAULTSORT templates found
[464/970] Processing: Minagi Shrine
  No DEFAULTSORT templates found
[465/970] Processing: Minakuchi Shrine
  No DEFAULTSORT templates found
[466/970] Processing: Mino Agatanushi Shrine
  No DEFAULTSORT templates found
[467/970] Processing: Minowa Shrine
  No DEFAULTSORT templates found
[468/970] Processing: Minume Shrine
  No DEFAULTSORT templates found
[469/970] Processing: Minushi Shrine
  No DEFAULTSORT templates found
[470/970] Processing: Mio Shrine
  No DEFAULTSORT templates found
[471/970] Processing: Mioya Shrine
  No DEFAULTSORT templates found
[472/970] Processing: Misaka Shrine
  No DEFAULTSORT templates found
[473/970] Processing: Mishima Shrine
  No DEFAULTSORT templates found
[474/970] Processing: Mishima Shrine (Aono, Minamiizu)
  No DEFAULTSORT templates found
[475/970] Processing: Mishima Shrine (Iruma)
  No DEFAULTSORT templates found
[476/970] Processing: Mishima Shrine (Minamiizu-chō Nijō)
  No DEFAULTSORT templates found
[477/970] Processing: Mishima Shrine (Q134888252)
  No DEFAULTSORT templates found
[478/970] Processing: Mishima Shrine (Q134926216)
  No DEFAULTSORT templates found
[479/970] Processing: Mishima Shrine (Shimoda)
  No DEFAULTSORT templates found
[480/970] Processing: Mishima Shrine (Tsumara)
  No DEFAULTSORT templates found
[481/970] Processing: Mishima-Kamo Shrine
  No DEFAULTSORT templates found
[482/970] Processing: Mishimada Shrine
  No DEFAULTSORT templates found
[483/970] Processing: Missionary Office
  No DEFAULTSORT templates found
[484/970] Processing: Mita Hachiman Shrine
  No DEFAULTSORT templates found
[485/970] Processing: Mitaka Shrine
  No DEFAULTSORT templates found
[486/970] Processing: Mitami Shrine
  No DEFAULTSORT templates found
[487/970] Processing: Mito Shrine
  No DEFAULTSORT templates found
[488/970] Processing: Mito Shrine (Q11488802)
  No DEFAULTSORT templates found
[489/970] Processing: Mitsuchino Shrine
  No DEFAULTSORT templates found
[490/970] Processing: Miwa Shrine (Gifu)
  No DEFAULTSORT templates found
[491/970] Processing: Miwa Shrine (Higashisue, Setouchi)
  No DEFAULTSORT templates found
[492/970] Processing: Miwa Shrine (Tsubata)
  No DEFAULTSORT templates found
[493/970] Processing: Miyake Shrine (Kameoka)
  No DEFAULTSORT templates found
[494/970] Processing: Miyake Shrine (Matsubara)
  No DEFAULTSORT templates found
[495/970] Processing: Miyake Shrine (Q22120521)
  No DEFAULTSORT templates found
[496/970] Processing: Mizokui Shrine
  No DEFAULTSORT templates found
[497/970] Processing: Mizushi Shrine
  No DEFAULTSORT templates found
[498/970] Processing: Mizutani Shrine
  No DEFAULTSORT templates found
[499/970] Processing: Mononobe Shrine (Kashiwazaki)
  No DEFAULTSORT templates found
[500/970] Processing: Mononobe Shrine (Nagoya)
  No DEFAULTSORT templates found
[501/970] Processing: Mononobe Shrine (Ōda)
  No DEFAULTSORT templates found
[502/970] Processing: Morimoto Shrine
  No DEFAULTSORT templates found
[503/970] Processing: Moritano Shrine (Q11450096)
  No DEFAULTSORT templates found
[504/970] Processing: Moro Shrine
  No DEFAULTSORT templates found
[505/970] Processing: Morokuchi Shrine (Q116694076)
  No DEFAULTSORT templates found
[506/970] Processing: Morosugi Shrine
  No DEFAULTSORT templates found
[507/970] Processing: Muku Shrine
  No DEFAULTSORT templates found
[508/970] Processing: Murahi Shrine
  No DEFAULTSORT templates found
[509/970] Processing: Murakuni Masumida Shrine
  No DEFAULTSORT templates found
[510/970] Processing: Murakuni Shrine
  No DEFAULTSORT templates found
[511/970] Processing: Muraya-ni-masu-Mifutsuhime Shrine
  No DEFAULTSORT templates found
[512/970] Processing: Murayama Shrine
  No DEFAULTSORT templates found
[513/970] Processing: Murayama Shrine (Kameoka)
  No DEFAULTSORT templates found
[514/970] Processing: Mure Shrine
  No DEFAULTSORT templates found
[515/970] Processing: Murohime Shrine
  No DEFAULTSORT templates found
[516/970] Processing: Musanimasu Shrine
  No DEFAULTSORT templates found
[517/970] Processing: Mushika Shrine
  No DEFAULTSORT templates found
[518/970] Processing: Nagahama Shrine
  No DEFAULTSORT templates found
[519/970] Processing: Nagahatabe Shrine (Kamisato)
  No DEFAULTSORT templates found
[520/970] Processing: Nagakura Shrine
  No DEFAULTSORT templates found
[521/970] Processing: Nagakura Shrine Haiden
  No DEFAULTSORT templates found
[522/970] Processing: Nagara Shrine
  No DEFAULTSORT templates found
[523/970] Processing: Nago Shrine
  No DEFAULTSORT templates found
[524/970] Processing: Nagoya Shrine
  No DEFAULTSORT templates found
[525/970] Processing: Nahaka Shrine
  No DEFAULTSORT templates found
[526/970] Processing: Nahe Shrine
  No DEFAULTSORT templates found
[527/970] Processing: Naka Shrine (Matsuzaki)
  No DEFAULTSORT templates found
[528/970] Processing: Naka-Hikawa Shrine
  No DEFAULTSORT templates found
[529/970] Processing: Nakagawa Shrine
  No DEFAULTSORT templates found
[530/970] Processing: Nakahikawa Shrine
  No DEFAULTSORT templates found
[531/970] Processing: Nakashima Shrine
  No DEFAULTSORT templates found
[532/970] Processing: Nakatomi Itate Shrine
  No DEFAULTSORT templates found
[533/970] Processing: Nakayama Shrine (Minokamo)
  No DEFAULTSORT templates found
[534/970] Processing: Nakayama Shrine (Tottori Daisen)
  No DEFAULTSORT templates found
[535/970] Processing: Namura Shrine
  No DEFAULTSORT templates found
[536/970] Processing: Nara Shrine
  No DEFAULTSORT templates found
[537/970] Processing: Naru Shrine
  No DEFAULTSORT templates found
[538/970] Processing: Narumi Hachimangū
  No DEFAULTSORT templates found
[539/970] Processing: Narumi Shrine
  No DEFAULTSORT templates found
[540/970] Processing: Nawino Shrine
  No DEFAULTSORT templates found
[541/970] Processing: Nikabe Shrine
  No DEFAULTSORT templates found
[542/970] Processing: Ninomiya Shrine (Miyake)
  No DEFAULTSORT templates found
[543/970] Processing: Nireyama Shrine
  No DEFAULTSORT templates found
[544/970] Processing: Nishiteru Shrine
  No DEFAULTSORT templates found
[545/970] Processing: Niu Shrine
  No DEFAULTSORT templates found
[546/970] Processing: Niukawakami Lower Shrine
  No DEFAULTSORT templates found
[547/970] Processing: Niukawakami Shrine (Q246370)
  No DEFAULTSORT templates found
[548/970] Processing: Niukawakami Upper Shrine
  No DEFAULTSORT templates found
[549/970] Processing: Niwa Shrine
  No DEFAULTSORT templates found
[550/970] Processing: Niwata Shrine
  No DEFAULTSORT templates found
[551/970] Processing: Nogita Shrine
  No DEFAULTSORT templates found
[552/970] Processing: Noki Shrine
  No DEFAULTSORT templates found
[553/970] Processing: Noma Shrine
  No DEFAULTSORT templates found
[554/970] Processing: Nomi Shrine
  No DEFAULTSORT templates found
[555/970] Processing: Nomi Shrine (Ichinomiya)
  No DEFAULTSORT templates found
[556/970] Processing: Nunakuma Shrine
  No DEFAULTSORT templates found
[557/970] Processing: Nuribe Shrine
  No DEFAULTSORT templates found
[558/970] Processing: Nyuu Shrine
  No DEFAULTSORT templates found
[559/970] Processing: Nyuukawa Shrine (Uchi district)
  No DEFAULTSORT templates found
[560/970] Processing: Nō Hakusan Shrine
  No DEFAULTSORT templates found
[561/970] Processing: Nōgō Hakusan Shrine
  No DEFAULTSORT templates found
[562/970] Processing: Obari Shrine
  No DEFAULTSORT templates found
[563/970] Processing: Obori Shrine
  No DEFAULTSORT templates found
[564/970] Processing: Obusuma Shrine
  No DEFAULTSORT templates found
[565/970] Processing: Oda Shrine (Ibaraki)
  No DEFAULTSORT templates found
[566/970] Processing: Odai Agata Shrine
  No DEFAULTSORT templates found
[567/970] Processing: Ogawaizumisui Shrine
  No DEFAULTSORT templates found
[568/970] Processing: Ogawatsuki Shrine
  No DEFAULTSORT templates found
[569/970] Processing: Ogura Shrine
  No DEFAULTSORT templates found
[570/970] Processing: Ogura Shrine (Uji)
  No DEFAULTSORT templates found
[571/970] Processing: Ogushi Shrine
  No DEFAULTSORT templates found
[572/970] Processing: Ohari Shrine
  No DEFAULTSORT templates found
[573/970] Processing: Oi Shrine (Q11493043)
  No DEFAULTSORT templates found
[574/970] Processing: Oimatakubo Hachiman Shrine
  No DEFAULTSORT templates found
[575/970] Processing: Oio Shrine
  No DEFAULTSORT templates found
[576/970] Processing: Oiso Shrine
  No DEFAULTSORT templates found
[577/970] Processing: Ojiharina Mawakahime Shrine
  No DEFAULTSORT templates found
[578/970] Processing: Okada Kamo Shrine
  No DEFAULTSORT templates found
[579/970] Processing: Okada Shrine (Matsumoto)
  No DEFAULTSORT templates found
[580/970] Processing: Okadakuni Shrine
  No DEFAULTSORT templates found
[581/970] Processing: Okanoue Shrine (Q48758325)
  No DEFAULTSORT templates found
[582/970] Processing: Okataka Shrine
  No DEFAULTSORT templates found
[583/970] Processing: Okitsushima Shinto Shrine
  No DEFAULTSORT templates found
[584/970] Processing: Okuni Shrine (Isesaki)
  No DEFAULTSORT templates found
[585/970] Processing: Okunitama Shrine
  No DEFAULTSORT templates found
[586/970] Processing: Omiashi Shrine
  No DEFAULTSORT templates found
[587/970] Processing: Omiya Shrine
  No DEFAULTSORT templates found
[588/970] Processing: Omiya Shrine (Izu)
  No DEFAULTSORT templates found
[589/970] Processing: Omura Shrine
  No DEFAULTSORT templates found
[590/970] Processing: Ono Shrine (Atsugi)
  No DEFAULTSORT templates found
[591/970] Processing: Ono Shrine (Nankoku)
  No DEFAULTSORT templates found
[592/970] Processing: Ono Shrine (Otsu)
  No DEFAULTSORT templates found
[593/970] Processing: Ono Shrine (Q11464226)
  No DEFAULTSORT templates found
[594/970] Processing: Onouto Shrine
  No DEFAULTSORT templates found
[595/970] Processing: Oo Shrine
  No DEFAULTSORT templates found
[596/970] Processing: Ooba Shrine
  No DEFAULTSORT templates found
[597/970] Processing: Ooi Shrine
  No DEFAULTSORT templates found
[598/970] Processing: Oomahiko Shrine
  No DEFAULTSORT templates found
[599/970] Processing: Oominakami Shrine
  No DEFAULTSORT templates found
[600/970] Processing: Oomiwa Shrine
  No DEFAULTSORT templates found
[601/970] Processing: Oonimasumishiritsuhiko Shrine
  No DEFAULTSORT templates found
[602/970] Processing: Oono Shrine (Ichinomiya)
  No DEFAULTSORT templates found
[603/970] Processing: Oosakayamaguchi Shrine
  No DEFAULTSORT templates found
[604/970] Processing: Oosakayamaguchi Shrine (Katsuge district)
  No DEFAULTSORT templates found
[605/970] Processing: Ooyama Shrine
  No DEFAULTSORT templates found
[606/970] Processing: Orihata Shrine
  No DEFAULTSORT templates found
[607/970] Processing: Osada Nimasu Amateru Mitama Shrine
  No DEFAULTSORT templates found
[608/970] Processing: Osake Shrine
  No DEFAULTSORT templates found
[609/970] Processing: Oshaku Shrine
  No DEFAULTSORT templates found
[610/970] Processing: Oshisaka Nimai Sukune Shrine
  No DEFAULTSORT templates found
[611/970] Processing: Oshisaka Yamaguchi Numasu Shrine
  No DEFAULTSORT templates found
[612/970] Processing: Otowatatsumi Shrine
  No DEFAULTSORT templates found
[613/970] Processing: Otsuki Shrine
  No DEFAULTSORT templates found
[614/970] Processing: Otsuki-taisha
  No DEFAULTSORT templates found
[615/970] Processing: Ouji Shrine
  No DEFAULTSORT templates found
[616/970] Processing: Oyama Shrine (Tateyama)
  No DEFAULTSORT templates found
[617/970] Processing: Oyama Shrine (Tomika)
  No DEFAULTSORT templates found
[618/970] Processing: Oyamada Shrine
  No DEFAULTSORT templates found
[619/970] Processing: Oyatsuhime Shrine
  No DEFAULTSORT templates found
[620/970] Processing: Ozeki Shrine
  No DEFAULTSORT templates found
[621/970] Processing: Ozu Shrine
  No DEFAULTSORT templates found
[622/970] Processing: Rikishi Shrine
  No DEFAULTSORT templates found
[623/970] Processing: Ryou Shrine
  No DEFAULTSORT templates found
[624/970] Processing: Sabi Shrine
  No DEFAULTSORT templates found
[625/970] Processing: Saguri Shrine
  No DEFAULTSORT templates found
[626/970] Processing: Sahimeyama Shrine (Q11383230)
  No DEFAULTSORT templates found
[627/970] Processing: Saka Shrine
  No DEFAULTSORT templates found
[628/970] Processing: Sakahogi Shrine
  No DEFAULTSORT templates found
[629/970] Processing: Sakaki Shrine
  No DEFAULTSORT templates found
[630/970] Processing: Sakamine Shrine
  No DEFAULTSORT templates found
[631/970] Processing: Sakamoto Shrine & Hachimangu
  No DEFAULTSORT templates found
[632/970] Processing: Sakamoto Shrine Suwa Shrine
  No DEFAULTSORT templates found
[633/970] Processing: Sakatare Shrine
  No DEFAULTSORT templates found
[634/970] Processing: Sakatsura Isosaki Shrine
  No DEFAULTSORT templates found
[635/970] Processing: Saki Shrine
  No DEFAULTSORT templates found
[636/970] Processing: Saki Shrine (Q56346769)
  No DEFAULTSORT templates found
[637/970] Processing: Sakitama Shrine
  No DEFAULTSORT templates found
[638/970] Processing: Sakito Shrine
  No DEFAULTSORT templates found
[639/970] Processing: Sakitori Shrine
  No DEFAULTSORT templates found
[640/970] Processing: Sakurai Shrine
  No DEFAULTSORT templates found
[641/970] Processing: Sakurama Shrine
  No DEFAULTSORT templates found
[642/970] Processing: Sakuta Shrine (Q11382602)
  No DEFAULTSORT templates found
[643/970] Processing: Samakumine Shrine
  No DEFAULTSORT templates found
[644/970] Processing: Samatado Shrine
  No DEFAULTSORT templates found
[645/970] Processing: Samugawa Shrine
  No DEFAULTSORT templates found
[646/970] Processing: Samuta Shrine
  No DEFAULTSORT templates found
[647/970] Processing: Sanai Shrine
  No DEFAULTSORT templates found
[648/970] Processing: Sano Shrine (Nomi)
  No DEFAULTSORT templates found
[649/970] Processing: Sanuki Shrine
  No DEFAULTSORT templates found
[650/970] Processing: Sasa Shrine
  No DEFAULTSORT templates found
[651/970] Processing: Sasaki Shrine
  No DEFAULTSORT templates found
[652/970] Processing: Sasamuta Shrine
  No DEFAULTSORT templates found
[653/970] Processing: Sato Shrine (Hitachiota)
  No DEFAULTSORT templates found
[654/970] Processing: Sawa Shrine
  No DEFAULTSORT templates found
[655/970] Processing: Sawaragi Shrine
  No DEFAULTSORT templates found
[656/970] Processing: Sengen Shrine (Izu Province Ni-no-Miya)
  No DEFAULTSORT templates found
[657/970] Processing: Sengen Shrine (Shimoda)
  No DEFAULTSORT templates found
[658/970] Processing: Senji Ryakketsu
  No DEFAULTSORT templates found
[659/970] Processing: Shibukawa Shrine
  No DEFAULTSORT templates found
[660/970] Processing: Shibukawa Shrine (Owariasahi)
  No DEFAULTSORT templates found
[661/970] Processing: Shigariwake Shrine
  No DEFAULTSORT templates found
[662/970] Processing: Shiitori Shrine
  No DEFAULTSORT templates found
[663/970] Processing: Shikaumi Shrine
  ✓ Removed DEFAULTSORT templates
[664/970] Processing: Shikigami
  No DEFAULTSORT templates found
[665/970] Processing: Shikigesha
  No DEFAULTSORT templates found
[666/970] Processing: Shikinagayoshi Shrine
  No DEFAULTSORT templates found
[667/970] Processing: Shima Shrine
  No DEFAULTSORT templates found
[668/970] Processing: Shimaana Shrine
  No DEFAULTSORT templates found
[669/970] Processing: Shimada Shrine
  No DEFAULTSORT templates found
[670/970] Processing: Shimoshiotsu Shrine
  No DEFAULTSORT templates found
[671/970] Processing: Shimotate Matsubara Shrine
  No DEFAULTSORT templates found
[672/970] Processing: Shinaga Shrine
  No DEFAULTSORT templates found
[673/970] Processing: Shinkokushi
  No DEFAULTSORT templates found
[674/970] Processing: Shinobugaoka Shrine
  No DEFAULTSORT templates found
[675/970] Processing: Shinokura Shrine
  No DEFAULTSORT templates found
[676/970] Processing: Shioyuhiko Shrine
  No DEFAULTSORT templates found
[677/970] Processing: Shirahige Shrine (Q11580504)
  No DEFAULTSORT templates found
[678/970] Processing: Shirahige Shrine (Q124668655)
  No DEFAULTSORT templates found
[679/970] Processing: Shiratori Shrine (Toyama)
  No DEFAULTSORT templates found
[680/970] Processing: Shirayama Hime Shrine
  No DEFAULTSORT templates found
[681/970] Processing: Shiritaogi Shrine
  No DEFAULTSORT templates found
[682/970] Processing: Shizuhi Shrine
  No DEFAULTSORT templates found
[683/970] Processing: Shizuma Shrine
  No DEFAULTSORT templates found
[684/970] Processing: Soegawa Shrine
  No DEFAULTSORT templates found
[685/970] Processing: Sogahime Shrine
  No DEFAULTSORT templates found
[686/970] Processing: Soganimasu Sogatsuhiko Shrine
  No DEFAULTSORT templates found
[687/970] Processing: Sube Shrine
  No DEFAULTSORT templates found
[688/970] Processing: Suearata Shrine
  No DEFAULTSORT templates found
[689/970] Processing: Sugata Shrine
  No DEFAULTSORT templates found
[690/970] Processing: Sugatahime Shrine
  No DEFAULTSORT templates found
[691/970] Processing: Sugawara Tenmangū
  No DEFAULTSORT templates found
[692/970] Processing: Sugihara Shrine (Q11521781)
  No DEFAULTSORT templates found
[693/970] Processing: Sugihokowake no Mikoto Shrine
  No DEFAULTSORT templates found
[694/970] Processing: Sugiyama Shrine (Q17994294)
  No DEFAULTSORT templates found
[695/970] Processing: Sugiyama Shrine (Shinyoshida-cho)
  No DEFAULTSORT templates found
[696/970] Processing: Sugo Shrine
  No DEFAULTSORT templates found
[697/970] Processing: Sugō Shrine
  No DEFAULTSORT templates found
[698/970] Processing: Suhama Shrine (Daito, Osaka)
  No DEFAULTSORT templates found
[699/970] Processing: Sukiyamano Shrine
  No DEFAULTSORT templates found
[700/970] Processing: Sukuku Shrine
  No DEFAULTSORT templates found
[701/970] Processing: Sukunakawata Shrine
  No DEFAULTSORT templates found
[702/970] Processing: Sumetaruho Yoshida-ōkamigū
  No DEFAULTSORT templates found
[703/970] Processing: Sumisaka Shrine
  No DEFAULTSORT templates found
[704/970] Processing: Sumiyoshi Shrine (Iki City)
  No DEFAULTSORT templates found
[705/970] Processing: Sunomata Hachiman Shrine
  No DEFAULTSORT templates found
[706/970] Processing: Sunomata Shrine
  No DEFAULTSORT templates found
[707/970] Processing: Sunomiya Shrine
  No DEFAULTSORT templates found
[708/970] Processing: Susa Shrine
  No DEFAULTSORT templates found
[709/970] Processing: Susa Shrine (Arida)
  No DEFAULTSORT templates found
[710/970] Processing: Susaki Shrine
  ✓ Removed DEFAULTSORT templates
[711/970] Processing: Sutou Shrine
  No DEFAULTSORT templates found
[712/970] Processing: Suwa Shrine (Izumo)
  No DEFAULTSORT templates found
[713/970] Processing: Suwa Shrine (Minokamo)
  No DEFAULTSORT templates found
[714/970] Processing: Suwa Shrine (Yamato)
  No DEFAULTSORT templates found
[715/970] Processing: Suzu Shrine
  No DEFAULTSORT templates found
[716/970] Processing: Tabe Shrine
  No DEFAULTSORT templates found
[717/970] Processing: Tabekoten Shrine
  No DEFAULTSORT templates found
[718/970] Processing: Tachi (disambiguation)
  No DEFAULTSORT templates found
[719/970] Processing: Tachi Shrine
  No DEFAULTSORT templates found
[720/970] Processing: Tachibana Shrine
  No DEFAULTSORT templates found
[721/970] Processing: Tada Shrine (Tabuto Shrine)
  No DEFAULTSORT templates found
[722/970] Processing: Taga Shrine
  No DEFAULTSORT templates found
[723/970] Processing: Taga Shrine (Atami)
  No DEFAULTSORT templates found
[724/970] Processing: Taga Shrine (Tagajo)
  No DEFAULTSORT templates found
[725/970] Processing: Taga Shrine (Tagajō)
  No DEFAULTSORT templates found
[726/970] Processing: Tagi Shrine
  No DEFAULTSORT templates found
[727/970] Processing: Tago Shrine
  No DEFAULTSORT templates found
[728/970] Processing: Tai Shrine
  No DEFAULTSORT templates found
[729/970] Processing: Taimasan Shrine
  No DEFAULTSORT templates found
[730/970] Processing: Tairyō Shrine
  No DEFAULTSORT templates found
[731/970] Processing: Taji Shrine
  No DEFAULTSORT templates found
[732/970] Processing: Tajihayahime Shrine
  No DEFAULTSORT templates found
[733/970] Processing: Taka Shrine
  No DEFAULTSORT templates found
[734/970] Processing: Takabe Shrine
  No DEFAULTSORT templates found
[735/970] Processing: Takabeya Shrine
  No DEFAULTSORT templates found
[736/970] Processing: Takachiniimasu Shrine
  No DEFAULTSORT templates found
[737/970] Processing: Takadahasagi Shrine
  No DEFAULTSORT templates found
[738/970] Processing: Takagi Shrine
  No DEFAULTSORT templates found
[739/970] Processing: Takahashi Shrine
  No DEFAULTSORT templates found
[740/970] Processing: Takahashi Shrine (Nara)
  No DEFAULTSORT templates found
[741/970] Processing: Takahashi Shrine (Q11670742)
  No DEFAULTSORT templates found
[742/970] Processing: Takahashi Shrine (Q24899217)
  No DEFAULTSORT templates found
[743/970] Processing: Takakamo Shrine
  No DEFAULTSORT templates found
[744/970] Processing: Takakura Shrine
  No DEFAULTSORT templates found
[745/970] Processing: Takamahiko Shrine
  No DEFAULTSORT templates found
[746/970] Processing: Takamefu Shrine
  No DEFAULTSORT templates found
[747/970] Processing: Takamu Shrine (Q18233534)
  No DEFAULTSORT templates found
[748/970] Processing: Takano River
  No DEFAULTSORT templates found
[749/970] Processing: Takaoka Sekino Shrine
  No DEFAULTSORT templates found
[750/970] Processing: Takaoshihime Shrine
  No DEFAULTSORT templates found
[751/970] Processing: Takase Shrine (Q3791906)
  No DEFAULTSORT templates found
[752/970] Processing: Takashino Shrine
  No DEFAULTSORT templates found
[753/970] Processing: Takatsumi Shrine
  No DEFAULTSORT templates found
[754/970] Processing: Takaya Shrine
  No DEFAULTSORT templates found
[755/970] Processing: Takebuyama Shrine
  No DEFAULTSORT templates found
[756/970] Processing: Takechino Miagata Shrine
  No DEFAULTSORT templates found
[757/970] Processing: Takefutsu Nishinomiya Shrine
  No DEFAULTSORT templates found
[758/970] Processing: Takefutsu Shrine
  No DEFAULTSORT templates found
[759/970] Processing: Takehime Shrine (Q65734340)
  No DEFAULTSORT templates found
[760/970] Processing: Takeo Shimokorihiko Shrine
  No DEFAULTSORT templates found
[761/970] Processing: Takeokami Shrine
  No DEFAULTSORT templates found
[762/970] Processing: Takeuchi Shrine
  No DEFAULTSORT templates found
[763/970] Processing: Taki Shrine (Q11430618)
  No DEFAULTSORT templates found
[764/970] Processing: Takihira Shrine, Takehira Shrine
  No DEFAULTSORT templates found
[765/970] Processing: Takinami Shrine (Komatsu City)
  No DEFAULTSORT templates found
[766/970] Processing: Taku Shrine
  No DEFAULTSORT templates found
[767/970] Processing: Takuhi Reshi Shrine
  No DEFAULTSORT templates found
[768/970] Processing: Takuzudama Shrine
  No DEFAULTSORT templates found
[769/970] Processing: Tamakushi-hime
  No DEFAULTSORT templates found
[770/970] Processing: Tamanooya Shrine
  No DEFAULTSORT templates found
[771/970] Processing: Tamanooya Shrine (Q11572731)
  No DEFAULTSORT templates found
[772/970] Processing: Tamatsukuri Shrine (Q134930396)
  No DEFAULTSORT templates found
[773/970] Processing: Tanabata Shrine (Nagoya)
  No DEFAULTSORT templates found
[774/970] Processing: Tanakurahiko Shrine
  No DEFAULTSORT templates found
[775/970] Processing: Taniya Shrine
  No DEFAULTSORT templates found
[776/970] Processing: Tarumi Shrine
  No DEFAULTSORT templates found
[777/970] Processing: Tatenui Shrine (Gochu, Miura Village, Ibaraki Prefecture)
  No DEFAULTSORT templates found
[778/970] Processing: Tatsumi Shrine Osaka
  No DEFAULTSORT templates found
[779/970] Processing: Tatsushima Meoyanomikoto Shrine
  No DEFAULTSORT templates found
[780/970] Processing: Tawa Shrine (Q11430645)
  No DEFAULTSORT templates found
[781/970] Processing: Tejikarao Shrine
  No DEFAULTSORT templates found
[782/970] Processing: Tenchi Shrine
  No DEFAULTSORT templates found
[783/970] Processing: Tenjin Shrine
  No DEFAULTSORT templates found
[784/970] Processing: Tenman Shrine (Takayama)
  No DEFAULTSORT templates found
[785/970] Processing: Tennougu Ootoshi Shrine
  No DEFAULTSORT templates found
[786/970] Processing: Tenshō Kōtai Jingūkyō
  No DEFAULTSORT templates found
[787/970] Processing: Tensokokyo
  No DEFAULTSORT templates found
[788/970] Processing: Teranomikoto Shrine
  No DEFAULTSORT templates found
[789/970] Processing: Toba Shrine
  No DEFAULTSORT templates found
[790/970] Processing: Toga Shrine (Q17229311)
  No DEFAULTSORT templates found
[791/970] Processing: Toi Shrine
  No DEFAULTSORT templates found
[792/970] Processing: Tokari Shrine (Q11396948)
  No DEFAULTSORT templates found
[793/970] Processing: Tomari Shrine
  No DEFAULTSORT templates found
[794/970] Processing: Tomi Shrine
  No DEFAULTSORT templates found
[795/970] Processing: Tomi Shrine (Q11602724)
  No DEFAULTSORT templates found
[796/970] Processing: Tono Shrine
  No DEFAULTSORT templates found
[797/970] Processing: Toshi Shrine
  No DEFAULTSORT templates found
[798/970] Processing: Toshigami
  No DEFAULTSORT templates found
[799/970] Processing: Toyokuni Shrine
  No DEFAULTSORT templates found
[800/970] Processing: Toyokuni Shrine (Komatsushima)
  No DEFAULTSORT templates found
[801/970] Processing: Toyooka Kami Tenjinsha
  No DEFAULTSORT templates found
[802/970] Processing: Toyoyuki Shrine
  No DEFAULTSORT templates found
[803/970] Processing: Toyozumi Shrine
  No DEFAULTSORT templates found
[804/970] Processing: Tsubaki Grand Shrine
  No DEFAULTSORT templates found
[805/970] Processing: Tsubaki Shrine
  No DEFAULTSORT templates found
[806/970] Processing: Tsukima Shrine
  No DEFAULTSORT templates found
[807/970] Processing: Tsukiyomi Shrine
  No DEFAULTSORT templates found
[808/970] Processing: Tsukiyomi Shrine (Kyotanabe)
  No DEFAULTSORT templates found
[809/970] Processing: Tsumatsuhime Shrine
  No DEFAULTSORT templates found
[810/970] Processing: Tsuno Shrine
  No DEFAULTSORT templates found
[811/970] Processing: Tsunou Shrine
  No DEFAULTSORT templates found
[812/970] Processing: Tsurugitachi Iwato Kowake No Mikoto Shrine
  No DEFAULTSORT templates found
[813/970] Processing: Tsutsumi Shrine
  No DEFAULTSORT templates found
[814/970] Processing: Tsutsumine Shrine
  No DEFAULTSORT templates found
[815/970] Processing: Tsutsumori Shrine
  No DEFAULTSORT templates found
[816/970] Processing: Tōchi no Miagata Nimasu Shrine
  No DEFAULTSORT templates found
[817/970] Processing: Ubaihoumei Shrine
  No DEFAULTSORT templates found
[818/970] Processing: Uchi Shrine
  No DEFAULTSORT templates found
[819/970] Processing: Uchi Shrine (Yamato)
  No DEFAULTSORT templates found
[820/970] Processing: Uge Shrine
  No DEFAULTSORT templates found
[821/970] Processing: Ugusu Shrine
  No DEFAULTSORT templates found
[822/970] Processing: Uhashi Shrine
  No DEFAULTSORT templates found
[823/970] Processing: Ukanomitama
  No DEFAULTSORT templates found
[824/970] Processing: Uketa Shrine
  No DEFAULTSORT templates found
[825/970] Processing: Umajiisobe Shrine
  No DEFAULTSORT templates found
[826/970] Processing: Umamioka Watamuki Shrine
  No DEFAULTSORT templates found
[827/970] Processing: Umorihiko Shrine
  No DEFAULTSORT templates found
[828/970] Processing: Unaguhime Shrine
  No DEFAULTSORT templates found
[829/970] Processing: Unai Shrine
  No DEFAULTSORT templates found
[830/970] Processing: Unanenofushimino Shrine
  No DEFAULTSORT templates found
[831/970] Processing: Unebiyamaguchi Shrine
  No DEFAULTSORT templates found
[832/970] Processing: Uneotsutamoto Shrine
  No DEFAULTSORT templates found
[833/970] Processing: Unkanjiniimasunaramoto Shrine
  No DEFAULTSORT templates found
[834/970] Processing: Usaka Shrine
  No DEFAULTSORT templates found
[835/970] Processing: Ushihiko Shrine (Tokushima)
  No DEFAULTSORT templates found
[836/970] Processing: Usuki Hachiman Shrine
  No DEFAULTSORT templates found
[837/970] Processing: Utari Shrine
  No DEFAULTSORT templates found
[838/970] Processing: Uwase Shrine
  No DEFAULTSORT templates found
[839/970] Processing: Uwato Shrine
  No DEFAULTSORT templates found
[840/970] Processing: Uwato Shrine (Godo, Gifu)
  No DEFAULTSORT templates found
[841/970] Processing: Waguri Shrine
  No DEFAULTSORT templates found
[842/970] Processing: Wagō Kasuga Shrine
  No DEFAULTSORT templates found
[843/970] Processing: Wakae Kagami Shrine
  No DEFAULTSORT templates found
[844/970] Processing: Wakae Shrine
  No DEFAULTSORT templates found
[845/970] Processing: Wakahiru-me
  No DEFAULTSORT templates found
[846/970] Processing: Wakamiya Shrine (Q134930669)
  No DEFAULTSORT templates found
[847/970] Processing: Wakenosuno- Shrine
  No DEFAULTSORT templates found
[848/970] Processing: Wakeoe Shrine
  No DEFAULTSORT templates found
[849/970] Processing: Wanikawa Shrine
  No DEFAULTSORT templates found
[850/970] Processing: Wanikawa Shrine (Miki, Kagawa)
  No DEFAULTSORT templates found
[851/970] Processing: Wanishita Shrine (Ichinomoto)
  No DEFAULTSORT templates found
[852/970] Processing: Wanishita Shrine (Yokota)
  No DEFAULTSORT templates found
[853/970] Processing: Washitori Shrine
  No DEFAULTSORT templates found
[854/970] Processing: Washizu Shrine
  No DEFAULTSORT templates found
[855/970] Processing: Watatsumi Shrine (Kobe)
  No DEFAULTSORT templates found
[856/970] Processing: Watatsuminomiko Shrine
  No DEFAULTSORT templates found
[857/970] Processing: Wonono Shrine
  No DEFAULTSORT templates found
[858/970] Processing: Yabu Shrine
  No DEFAULTSORT templates found
[859/970] Processing: Yabuta Shrine
  No DEFAULTSORT templates found
[860/970] Processing: Yagawa Shrine
  No DEFAULTSORT templates found
[861/970] Processing: Yagi Shrine (Q11666826)
  No DEFAULTSORT templates found
[862/970] Processing: Yagokorōoichihiko Shrine
  No DEFAULTSORT templates found
[863/970] Processing: Yahagi Shrine, Yao
  No DEFAULTSORT templates found
[864/970] Processing: Yahoko Shrine
  No DEFAULTSORT templates found
[865/970] Processing: Yaku Shrine
  No DEFAULTSORT templates found
[866/970] Processing: Yama Shrine
  No DEFAULTSORT templates found
[867/970] Processing: Yamadai Shrine
  No DEFAULTSORT templates found
[868/970] Processing: Yamaguchi Shrine
  No DEFAULTSORT templates found
[869/970] Processing: Yamaguni Shrine
  No DEFAULTSORT templates found
[870/970] Processing: Yamakatahiko Shrine
  No DEFAULTSORT templates found
[871/970] Processing: Yamanashioka Shrine, Fuefuki
  No DEFAULTSORT templates found
[872/970] Processing: Yamanashioka Shrine, Yamanashi
  No DEFAULTSORT templates found
[873/970] Processing: Yamashina Shrine
  No DEFAULTSORT templates found
[874/970] Processing: Yamato Onchi Shrine
  No DEFAULTSORT templates found
[875/970] Processing: Yana Shrine
  No DEFAULTSORT templates found
[876/970] Processing: Yana Shrine (Q11471014)
  No DEFAULTSORT templates found
[877/970] Processing: Yanagihara Shrine
  No DEFAULTSORT templates found
[878/970] Processing: Yanahime Shrine
  No DEFAULTSORT templates found
[879/970] Processing: Yao Shrine
  No DEFAULTSORT templates found
[880/970] Processing: Yasaka Shrine (Gika, Koka)
  No DEFAULTSORT templates found
[881/970] Processing: Yasakatome
  No DEFAULTSORT templates found
[882/970] Processing: Yashirogi Shrine
  No DEFAULTSORT templates found
[883/970] Processing: Yatagarasu Shrine
  No DEFAULTSORT templates found
[884/970] Processing: Yatsurugi Shrine (Q124496744)
  No DEFAULTSORT templates found
[885/970] Processing: Yokota Shrine
  No DEFAULTSORT templates found
[886/970] Processing: Yokota Shrine (Soja)
  No DEFAULTSORT templates found
[887/970] Processing: Yoshida Shrine
  No DEFAULTSORT templates found
[888/970] Processing: Yoshihime Shrine
  No DEFAULTSORT templates found
[889/970] Processing: Yoshimiko Shrine
  No DEFAULTSORT templates found
[890/970] Processing: Yuge Shrine
  No DEFAULTSORT templates found
[891/970] Processing: Yuge Shrine (Q11487078)
  No DEFAULTSORT templates found
[892/970] Processing: Yuge Shrine (Takashima)
  No DEFAULTSORT templates found
[893/970] Processing: Yuki Shrine
  No DEFAULTSORT templates found
[894/970] Processing: Yusen Shrine
  No DEFAULTSORT templates found
[895/970] Processing: Yuzen Shrine
  No DEFAULTSORT templates found
[896/970] Processing: Yuzusame Shrine
  No DEFAULTSORT templates found
[897/970] Processing: Ōarahiko Shrine
  No DEFAULTSORT templates found
[898/970] Processing: Ōarahiko Shrine, Tomoyui Shrine
  No DEFAULTSORT templates found
[899/970] Processing: Ōasahiko Shrine
  No DEFAULTSORT templates found
[900/970] Processing: Ōbe Shrine
  No DEFAULTSORT templates found
[901/970] Processing: Ōga Shrine
  No DEFAULTSORT templates found
[902/970] Processing: Ōgata Shrine
  No DEFAULTSORT templates found
[903/970] Processing: Ōhirasan Shrine
  No DEFAULTSORT templates found
[904/970] Processing: Ōkawa Shrine
  No DEFAULTSORT templates found
[905/970] Processing: Ōkawakami Birafu Shrine
  No DEFAULTSORT templates found
[906/970] Processing: Ōke Shrine
  No DEFAULTSORT templates found
[907/970] Processing: Ōkunitama Shrine
  ✓ Removed DEFAULTSORT templates
[908/970] Processing: Ōkunitama Shrine (Iwaki)
  No DEFAULTSORT templates found
[909/970] Processing: Ōma Shrine
  No DEFAULTSORT templates found
[910/970] Processing: Ōmatonotsunoten Shrine
  No DEFAULTSORT templates found
[911/970] Processing: Ōmiwa Shrine, Ichinomiya
  No DEFAULTSORT templates found
[912/970] Processing: Ōmunaji Shrine
  No DEFAULTSORT templates found
[913/970] Processing: Ōnamochi Shrine
  No DEFAULTSORT templates found
[914/970] Processing: Ōsaki Shrine
  No DEFAULTSORT templates found
[915/970] Processing: Ōshima Shrine, Okitsushima Shrine
  No DEFAULTSORT templates found
[916/970] Processing: Ōshio Hachimangu
  No DEFAULTSORT templates found
[917/970] Processing: Ōta Shrine
  No DEFAULTSORT templates found
[918/970] Processing: Ōtakayama Shrine
  No DEFAULTSORT templates found
[919/970] Processing: Ōtokoro Shrine
  No DEFAULTSORT templates found
[920/970] Processing: Ōtomo no Kanamura
  No DEFAULTSORT templates found
[921/970] Processing: Ōyama Hakusan Shrine
  No DEFAULTSORT templates found
[922/970] Processing: Ōyosami Shrine
  No DEFAULTSORT templates found
[923/970] Processing: Atsuta Shrine
  ✓ Removed DEFAULTSORT templates
[924/970] Processing: Amatsu-Mikaboshi
  ✓ Removed DEFAULTSORT templates
[925/970] Processing: Aruka Shrine
  ✓ Removed DEFAULTSORT templates
[926/970] Processing: Ikuta Shrine
  ✓ Removed DEFAULTSORT templates
[927/970] Processing: Isasumi Shrine
  ✓ Removed DEFAULTSORT templates
[928/970] Processing: Izanagi Jingū
  ✓ Removed DEFAULTSORT templates
[929/970] Processing: Izanagi Shrine (Yamadahigashi, Suita)
  ✓ Removed DEFAULTSORT templates
[930/970] Processing: Isono Shrine
  ✓ Removed DEFAULTSORT templates
[931/970] Processing: Inaba Shrine (Gifu)
  ✓ Removed DEFAULTSORT templates
[932/970] Processing: Imamiya Ebisu Shrine
  ✓ Removed DEFAULTSORT templates
[933/970] Processing: Inbe clan
  ✓ Removed DEFAULTSORT templates
[934/970] Processing: Usa Jingū
  ✓ Removed DEFAULTSORT templates
[935/970] Processing: Utsumochi Shrine
  ✓ Removed DEFAULTSORT templates
[936/970] Processing: Ōtomo clan (ancient)
  ✓ Removed DEFAULTSORT templates
[937/970] Processing: Ōhi Shrine
  ✓ Removed DEFAULTSORT templates
[938/970] Processing: Kameido Tenjin Shrine
  ✓ Removed DEFAULTSORT templates
[939/970] Processing: Kawawa Shrine
  ✓ Removed DEFAULTSORT templates
[940/970] Processing: Kangi-in
  ✓ Removed DEFAULTSORT templates
[941/970] Processing: Kibitsu Shrine (Bitchū)
  ✓ Removed DEFAULTSORT templates
[942/970] Processing: Kirishimamine Shrine
  ✓ Removed DEFAULTSORT templates
[943/970] Processing: Kehi Shrine
  ✓ Removed DEFAULTSORT templates
[944/970] Processing: Kōra taisha
  ✓ Removed DEFAULTSORT templates
[945/970] Processing: Kota Shrine (Niigata)
  ✓ Removed DEFAULTSORT templates
[946/970] Processing: Konoshima Nimasu Amateru Mitama Shrine
  ✓ Removed DEFAULTSORT templates
[947/970] Processing: Shogakukan
  ✓ Removed DEFAULTSORT templates
[948/970] Processing: Association of Shinto Shrines
  ✓ Removed DEFAULTSORT templates
[949/970] Processing: Sumiyoshi Shrine (Fukuoka)
  ✓ Removed DEFAULTSORT templates
[950/970] Processing: Tagata Shrine
  ✓ Removed DEFAULTSORT templates
[951/970] Processing: Tamashiki Shrine
  ✓ Removed DEFAULTSORT templates
[952/970] Processing: Tamayori-hime (mother of Jimmu)
  ✓ Removed DEFAULTSORT templates
[953/970] Processing: Tsuki Shrine
  ✓ Removed DEFAULTSORT templates
[954/970] Processing: Tsukubasan Shrine
  ✓ Removed DEFAULTSORT templates
[955/970] Processing: Tenmangū
  ✓ Removed DEFAULTSORT templates
[956/970] Processing: Nishino Shrine
  ✓ Removed DEFAULTSORT templates
[957/970] Processing: Ninomiya Shrine (Funabashi)
  ✓ Removed DEFAULTSORT templates
[958/970] Processing: Hakusan Shrine (Nuttari-higashi, Niigata)
  ✓ Removed DEFAULTSORT templates
[959/970] Processing: Hakozaki Shrine
  ✓ Removed DEFAULTSORT templates
[960/970] Processing: Hayatani Shrine
  ✓ Removed DEFAULTSORT templates
[961/970] Processing: Hikawa Nyotai Shrine
  ✓ Removed DEFAULTSORT templates
[962/970] Processing: Hinomisaki Shrine
  ✓ Removed DEFAULTSORT templates
[963/970] Processing: Hiyoshi Taisha
  ✓ Removed DEFAULTSORT templates
[964/970] Processing: Hiraoka Shrine
  ✓ Removed DEFAULTSORT templates
[965/970] Processing: Fukami Shrine
  ✓ Removed DEFAULTSORT templates
[966/970] Processing: Fujisan Hongū Sengen Taisha
  ✓ Removed DEFAULTSORT templates
[967/970] Processing: Hotaka Shrine
  ✓ Removed DEFAULTSORT templates
[968/970] Processing: Miho Shrine
  ✓ Removed DEFAULTSORT templates
[969/970] Processing: Munakata Taisha
  ✓ Removed DEFAULTSORT templates
[970/970] Processing: Yata ni Imasu Kushitamahiko Shrine
  ✓ Removed DEFAULTSORT templates

================================================================================
COMPLETE
================================================================================
Total pages: 970
Edited: 53
Skipped: 917

