Logged in as Immanuelle
Fetching pages from [[Category:Missing wikidata]]...

Found 66 pages in category

Processing pages...

1. [[Amanomikemunushi-no-Kami]]
2. [[Amenokumahito no Mikoto]]
3. [[Aonuma-Mashi-no-Maou-hime]]
4. [[Catechism of Tenrikyo]]
5. [[Corridor-type kofun]]
6. [[Engishiki Ranks]]
7. [[Fire-Pacification Festival]]
8. [[Roy Tetsuo Forbes]]
9. [[Funazu Shrine]]
   • resolved: [[Funazu Shrine]] → Q136730368 (from jawiki)
10. [[Gary Luscombe]]
11. [[Hachiman Usa Shrine Oracle Collection]]
   • resolved: [[Hachiman Usa Shrine Oracle Collection]] → Q136730637 (from jawiki)
12. [[Hayamike-no-Takekasayanosunumi-no-Kami]]
13. [[Hayasasurahime]]
   • resolved: [[Hayasasurahime]] → Q136731213 (from jawiki)
14. [[Heart Sutra (interlinear translation)]]
15. [[Hihiraginosonohanamadomi-no-Kami]]
16. [[Hinarashibime]]
17. [[Hozumi Shrine]]
   • resolved: [[Hozumi Shrine]] → Q136731953 (from jawiki)
18. [[Hyakushu (Honda Chikaatsu)]]
19. [[Ikeda clan (Okayama)]]
20. [[Ikutamatakitamahime-no-Kami]]
21. [[Kajiwara Shrine]]
   • resolved: [[Kajiwara Shrine]] → Q136731845 (from jawiki)
22. [[Keyhole-shaped mound]]
23. [[Keyhole-shaped tumulus]]
24. [[Kinri Koban]]
   • resolved: [[Kinri Koban]] → Q136731942 (from jawiki)
25. [[Kofun interior gallery]]
26. [[Kuge Nenjū Gyōji]]
27. [[Kōtai Shrine (disambiguation)]]
28. [[Leshan Temple]]
   • resolved: [[Leshan Temple]] → Q136724822 (from zhwiki)
29. [[List of days of the Islamic Calendar]]
30. [[List of early Tenrikyo disciples]]
31. [[List of Gongen]]
32. [[List of orphaned shrines]]
33. [[List of Shikinaisha in Awa Province]]
34. [[Mae Futago Kofun]]
35. [[Matsumae Kagura]]
   • resolved: [[Matsumae Kagura]] → Q136731829 (from jawiki)
36. [[Michi no Hikari and the Bible]]
37. [[Michi no Taigen]]
38. [[Mikemunushi-no-Hiko-no-Kami]]
39. [[Ministry of Popular Affairs (Meiji period)]]
   • resolved: [[Ministry of Popular Affairs (Meiji period)]] → Q136731884 (from jawiki)
40. [[Mortuary Temple of Mentuhotep II]]
41. [[Nectarean Shower of Holy Doctrines]]
42. [[Nunobutomi-Torinarumi-no-Kami]]
43. [[Oharae no Kotoba]]
44. [[Okimono omikuji]]
45. [[Orphaned disambiguations]]
46. [[Reigakushō]]
47. [[Seicho-No-Ie Holy Sutras]]
48. [[Shikiyamanushi-no-Kami]]
49. [[Shinomiya Manor]]
   • resolved: [[Shinomiya Manor]] → Q136731801 (from jawiki)
50. [[Shinsokan prayer]]
51. [[Shintō Montai]]
52. [[Succor in Travail]]
   • tagged: [[Succor in Travail]] (foreign wiki exists, no wikidata)
53. [[Sō Shrine (Obama)]]
54. [[Sōji Hajime]]
   • resolved: [[Sōji Hajime]] → Q136731786 (from jawiki)
55. [[Tenkei Okyōsho]]
56. [[Tenno-no-Mori]]
   • resolved: [[Tenno-no-Mori]] → Q136731748 (from jawiki)
57. [[Tenrikyo Resource Wiki]]
58. [[Tsubaki Market]]
   • resolved: [[Tsubaki Market]] → Q136731766 (from jawiki)
59. [[Tsukiyomi-no-Miya]]
60. [[Uga Shrine]]
   • resolved: [[Uga Shrine]] → Q136731931 (from jawiki)
61. [[Uga Shrine (Tako Town, Iizasa)]]
   • resolved: [[Uga Shrine (Tako Town, Iizasa)]] → Q136731914 (from jawiki)
62. [[Ushiro Futago Kofun]]
63. [[Yokotsukayama Kofun]]
64. [[Ōharae]]
65. [[Ōmuroyama Sengen Shrine]]
66. [[Ōno Clan (Higo Province)]]
   • resolved: [[Ōno Clan (Higo Province)]] → Q136731905 (from jawiki)

Done!
  Resolved 16 pages with wikidata from interwiki
  Tagged 1 pages with foreign language pages (but no wikidata)
  Tagged 0 pages with no valid interwiki links (all redirects/missing)
  Skipped 0 pages without en/ja/de/zh/ru interwikis
