Logged in as Immanuelle
Starting undo process at 2025-11-08T00:07:07.139306+00:00
Will undo edits from the past 2 hour(s)

Fetching pages from [[Category:Templates missing wikidata]]...

Found 1624 pages to check

1. [[Template:!)]]
2. [[Template:!-]]
3. [[Template:!xt]]
4. [[Template:" ']]
5. [[Template:"']]
6. [[Template:']]
7. [[Template:'"]]
8. [[Template:'s]]
9. [[Template:(!]]
10. [[Template:((]]
11. [[Template:(Dis)establishments in decade category header]]
12. [[Template:(Dis)establishments in year category header]]
13. [[Template:))]]
14. [[Template:*]]
15. [[Template:-]]
16. [[Template:-"]]
17. [[Template:--]]
18. [[Template:-r]]
19. [[Template:-wrap]]
20. [[Template:0]]
21. [[Template:1]]
22. [[Template:100 Famous Japanese Mountains]]
23. [[Template:100 Fine Castles of Japan]]
24. [[Template:1x]]
25. [[Template:2]]
26. [[Template:2O]]
27. [[Template:2x]]
28. [[Template:3]]
29. [[Template:3x]]
30. [[Template:4]]
31. [[Template:5]]
32. [[Template:6]]
33. [[Template:;]]
34. [[Template:@]]
35. [[Template:A]]
36. [[Template:A genealogical tree based on the Kojiki]]
37. [[Template:A note]]
38. [[Template:Abbr]]
39. [[Template:Abbr/doc]]
40. [[Template:About]]
41. [[Template:About/doc]]
42. [[Template:Academic-bio-stub]]
43. [[Template:Academics by nationality and century category header/nationality]]
44. [[Template:ACArt]]
45. [[Template:Access level documentation]]
46. [[Template:Accessdate]]
47. [[Template:Accessdate/core]]
48. [[Template:According to whom]]
49. [[Template:Accountcreator topicon]]
50. [[Template:Accuracy]]
51. [[Template:Accuracy disputes progress]]
52. [[Template:Active]]
53. [[Template:Active fire]]
54. [[Template:Adachi clan heads]]
55. [[Template:Admin]]
56. [[Template:Admin backlog]]
57. [[Template:Admin topicon]]
58. [[Template:Admin-abbr]]
59. [[Template:Admincheck]]
60. [[Template:Administration category]]
61. [[Template:Administrative divisions of Japan]]
62. [[Template:AfC comment]]
63. [[Template:Afc comment]]
64. [[Template:AfC comment/doc]]
65. [[Template:AfC date category]]
66. [[Template:AFC submission]]
67. [[Template:AfC submission]]
68. [[Template:AfC submission/created]]
69. [[Template:AfC submission/doc]]
70. [[Template:AfC submission/pending]]
71. [[Template:AfC submission/tools]]
72. [[Template:AfC topic]]
73. [[Template:AfC topic/doc]]
74. [[Template:Age]]
75. [[Template:Age for infant]]
76. [[Template:Age in years and days]]
77. [[Template:Agree]]
78. [[Template:Ahnentafel]]
79. [[Template:Ahnentafel-chart]]
80. [[Template:Aichi]]
81. [[Template:Air force]]
82. [[Template:Airport codes]]
83. [[Template:Aka]]
84. [[Template:Alcoholic beverages]]
85. [[Template:Align]]
86. [[Template:Aligned table]]
87. [[Template:All included]]
88. [[Template:All plot]]
89. [[Template:Allincluded]]
90. [[Template:Allow wrap]]
91. [[Template:Also]]
92. [[Template:Also known as]]
93. [[Template:Ambiguous]]
94. [[Template:Ambox]]
95. [[Template:Ambox globe]]
96. [[Template:Ambox globe current red]]
97. [[Template:AmCyc Poster]]
98. [[Template:Amulets and Talismans]]
99. [[Template:Anchor]]
100. [[Template:Anchor/doc]]
101. [[Template:Anchors]]
102. [[Template:Ancient Egypt template list]]
103. [[Template:Ancient Egyptian religion]]
104. [[Template:Ancient Egyptian religion footer]]
105. [[Template:Ancient international relations]]
106. [[Template:Angbr]]
107. [[Template:Angbr IPA]]
108. [[Template:Angle bracket]]
109. [[Template:Animal as Bridegroom]]
110. [[Template:Anime-stub]]
111. [[Template:Anli]]
112. [[Template:Ann]]
113. [[Template:Annotated image]]
114. [[Template:Annotated image 4]]
115. [[Template:Annotated link]]
116. [[Template:AnonIP]]
117. [[Template:Any]]
118. [[Template:APIQuery categorymembers/table]]
119. [[Template:Apostrophe]]
120. [[Template:Apostrophe/doc]]
121. [[Template:Aqua]]
122. [[Template:ARABICMONTHNAME]]
123. [[Template:Archaeological sites by prefecture]]
124. [[Template:Archaeological sites in Japan by prefecture]]
125. [[Template:Archaeology]]
126. [[Template:Archaeology-stub]]
127. [[Template:Archery]]
128. [[Template:Architecturalelement-stub]]
129. [[Template:Architecture-stub]]
130. [[Template:Archive box]]
131. [[Template:Archive list]]
132. [[Template:Archive.today]]
133. [[Template:Archives]]
134. [[Template:ARG]]
135. [[Template:Aristocratic family trees]]
136. [[Template:Armed forces]]
137. [[Template:Armed forces/doc]]
138. [[Template:Army]]
139. [[Template:Army/core]]
140. [[Template:Army/doc]]
141. [[Template:Article]]
142. [[Template:Article stub box]]
143. [[Template:Article stub box/doc]]
144. [[Template:Articles needing cleanup progress]]
145. [[Template:As of]]
146. [[Template:As of/doc]]
147. [[Template:As of?]]
148. [[Template:Asbox]]
149. [[Template:Asia in topic]]
150. [[Template:Asia topic]]
151. [[Template:Asof]]
152. [[Template:Asterisk]]
153. [[Template:Asterisk/doc]]
154. [[Template:Attribution needed/doc]]
155. [[Template:Audio]]
156. [[Template:Audio templates]]
157. [[Template:AUS]]
158. [[Template:AUT]]
159. [[Template:Aut]]
160. [[Template:Authority control]]
161. [[Template:Authority Control]]
162. [[Template:Authority control (arts)]]
163. [[Template:Authority control/related]]
164. [[Template:Auto category TOC]]
165. [[Template:Auto italic title]]
166. [[Template:Auto short description]]
167. [[Template:Auto short description/doc]]
168. [[Template:Autodescription]]
169. [[Template:Automarkup]]
170. [[Template:Automated tools]]
171. [[Template:Automatic category TOC]]
172. [[Template:Automatic category TOC stats]]
173. [[Template:Automatic category TOC/doc]]
174. [[Template:Automatic taxobox]]
175. [[Template:Automatic taxobox/doc]]
176. [[Template:Autopatrolled topicon]]
177. [[Template:Autotaxobox system navbox]]
178. [[Template:Autotranslate]]
179. [[Template:Aviation-stub]]
180. [[Template:Avoid wrap]]
181. [[Template:Avoid wrap/doc]]
182. [[Template:Awards]]
183. [[Template:Awards, decorations, and medals of Wikipedia]]
184. [[Template:Awards, decorations, and medals of Wikipedia/doc]]
185. [[Template:AWB standard installation]]
186. [[Template:AWB standard installation/doc]]
187. [[Template:Awrap]]
188. [[Template:Ayd]]
189. [[Template:Aye]]
190. [[Template:Ayin]]
191. [[Template:Aztec mythology]]
192. [[Template:B]]
193. [[Template:B sup]]
194. [[Template:Background]]
195. [[Template:Background color]]
196. [[Template:Background color/doc]]
197. [[Template:Backlog]]
198. [[Template:Backlog progress bar]]
199. [[Template:Backlog status]]
200. [[Template:Backlog/doc]]
201. [[Template:Bad documentation]]
202. [[Template:Banner holder]]
203. [[Template:Banner holder/doc]]
204. [[Template:Banner shell related]]
205. [[Template:Bare URL image]]
206. [[Template:Bare URL image/doc]]
207. [[Template:Bare URL inline]]
208. [[Template:Bare URL inline/doc]]
209. [[Template:Bare URL PDF]]
210. [[Template:Bare URL PDF/doc]]
211. [[Template:Basepage subpage]]
212. [[Template:BASEPAGENAME]]
213. [[Template:BASETEMPLATENAME]]
214. [[Template:Basic information]]
215. [[Template:Basic information/doc]]
216. [[Template:Battle category by participant]]
217. [[Template:Bb]]
218. [[Template:BCE]]
219. [[Template:Bcode]]
220. [[Template:Beginner version]]
221. [[Template:Being worked on]]
222. [[Template:BEL]]
223. [[Template:Bells]]
224. [[Template:Beta]]
225. [[Template:Better source needed]]
226. [[Template:Bg]]
227. [[Template:Bgcolor]]
228. [[Template:BHS]]
229. [[Template:Bibcode]]
230. [[Template:Bibel]]
231. [[Template:Bibleverse]]
232. [[Template:Big]]
233. [[Template:Bigger]]
234. [[Template:Bigmath]]
235. [[Template:Birth and death year and age]]
236. [[Template:Birth date and age]]
237. [[Template:Birth date and age/doc]]
238. [[Template:Birth date/doc]]
239. [[Template:Birth year and age]]
240. [[Template:Birth year category header]]
241. [[Template:Birth-date]]
242. [[Template:Birth-date and age]]
243. [[Template:BirthyrBC]]
244. [[Template:Bk]]
245. [[Template:Black]]
246. [[Template:BLACK]]
247. [[Template:Black Exempt]]
248. [[Template:Blist]]
249. [[Template:Block bug documentation]]
250. [[Template:Block indent]]
251. [[Template:Blockindent]]
252. [[Template:Blockquote]]
253. [[Template:Blockquote/doc]]
254. [[Template:BLP primary sources]]
255. [[Template:BLP sources/doc]]
256. [[Template:Blue]]
257. [[Template:Bo]]
258. [[Template:Bo-textonly]]
259. [[Template:Bo/doc]]
260. [[Template:Bodhipakkhiyadhamma]]
261. [[Template:Bodhisattvas]]
262. [[Template:Bodhisattvas/doc]]
263. [[Template:Book-stub]]
264. [[Template:Bot use warning]]
265. [[Template:Bot use warning/doc]]
266. [[Template:Both]]
267. [[Template:Both/doc]]
268. [[Template:Botlinks]]
269. [[Template:Botlinks2]]
270. [[Template:Botlinks3]]
271. [[Template:Botlinks4]]
272. [[Template:Botnav]]
273. [[Template:Botop]]
274. [[Template:Bots]]
275. [[Template:Box-footer]]
276. [[Template:Box-footer/doc]]
277. [[Template:Box-header]]
278. [[Template:Box-shadow border]]
279. [[Template:Box/doc]]
280. [[Template:Bpmfsp]]
281. [[Template:Br]]
282. [[Template:Br list]]
283. [[Template:Br separated entries]]
284. [[Template:Br separated entries/doc]]
285. [[Template:BRA]]
286. [[Template:Braces]]
287. [[Template:Braces/doc]]
288. [[Template:Bracket]]
289. [[Template:Bracket/doc]]
290. [[Template:Brackets]]
291. [[Template:Brahmin communities]]
292. [[Template:Break]]
293. [[Template:Break/doc]]
294. [[Template:Bridge]]
295. [[Template:Britannica]]
296. [[Template:Britannica/doc]]
297. [[Template:Broader]]
298. [[Template:Broader/doc]]
299. [[Template:Broken anchor]]
300. [[Template:Brown]]
301. [[Template:Browse template documentation]]
302. [[Template:BuddhasHolySites]]
303. [[Template:BuddhasHolySites/doc]]
304. [[Template:Buddhism]]
305. [[Template:Buddhism and China]]
306. [[Template:Buddhism topics]]
307. [[Template:Buddhism-stub]]
308. [[Template:Buddhist Pantheon]]
309. [[Template:Buddhist temples in China]]
310. [[Template:Buddhist temples in Japan/doc]]
311. [[Template:Buddhist term]]
312. [[Template:Buddhist-myth-stub]]
313. [[Template:Buddhist-temple-stub]]
314. [[Template:Buddhist-text-stub]]
315. [[Template:Building]]
316. [[Template:Buildings and structures completed in year category header]]
317. [[Template:Buildings and structures demolished in year category header]]
318. [[Template:Buildings and structures infobox templates]]
319. [[Template:Bull]]
320. [[Template:Bullet]]
321. [[Template:Bulleted list]]
322. [[Template:Bulleted list/doc]]
323. [[Template:Bulletlist]]
324. [[Template:BUR]]
325. [[Template:Bureaucrat]]
326. [[Template:Bureaucrat2]]
327. [[Template:Burmese nats]]
328. [[Template:Button]]
329. [[Template:Button templates]]
330. [[Template:Bxt]]
331. [[Template:Bxtg]]
332. [[Template:Bxtn]]
333. [[Template:By whom]]
334. [[Template:By whom/doc]]
335. [[Template:C]]
336. [[Template:C-cmn]]
337. [[Template:C-ja]]
338. [[Template:C-yue]]
339. [[Template:C.]]
340. [[Template:Calendar, clock, date and time computing templates]]
341. [[Template:Calendars]]
342. [[Template:Calendars/doc]]
343. [[Template:CAlso starring]]
344. [[Template:Campaignbox]]
345. [[Template:Campaignbox Campaigns of the Shimazu]]
346. [[Template:Campaignbox Campaigns of the Takeda]]
347. [[Template:CAN]]
348. [[Template:Canned search]]
349. [[Template:Cascade-protected template]]
350. [[Template:Cascade-protected template/doc]]
351. [[Template:Case templates see also]]
352. [[Template:Case templates table]]
353. [[Template:Cat]]
354. [[Template:Cat about]]
355. [[Template:Cat diffuse]]
356. [[Template:Cat exp]]
357. [[Template:Cat main]]
358. [[Template:Cat Main]]
359. [[Template:Cat main section]]
360. [[Template:Cat more]]
361. [[Template:Cat more if exists]]
362. [[Template:Cat see also]]
363. [[Template:Catalog lookup link]]
364. [[Template:Catalog lookup link/doc]]
365. [[Template:CatAutoTOC]]
366. [[Template:Catdiffuse]]
367. [[Template:CatDiffuse]]
368. [[Template:Category]]
369. [[Template:Category ambiguous]]
370. [[Template:Category anchor]]
371. [[Template:Category contrast]]
372. [[Template:Category diffuse]]
373. [[Template:Category diffuse/doc]]
374. [[Template:Category explanation]]
375. [[Template:Category explanation/doc]]
376. [[Template:Category hatnote templates]]
377. [[Template:Category header]]
378. [[Template:Category header/doc]]
379. [[Template:Category if exists]]
380. [[Template:Category link]]
381. [[Template:Category link if exists]]
382. [[Template:Category link if exists/doc]]
383. [[Template:Category link with count]]
384. [[Template:Category link without namespace]]
385. [[Template:Category link without namespace/doc]]
386. [[Template:Category link/core]]
387. [[Template:Category link/doc]]
388. [[Template:Category main]]
389. [[Template:Category main article]]
390. [[Template:Category main article/doc]]
391. [[Template:Category main section]]
392. [[Template:Category more]]
393. [[Template:Category more/doc]]
394. [[Template:Category other]]
395. [[Template:Category pair]]
396. [[Template:Category People by Japanese Court Rank]]
397. [[Template:Category Recipients of Japanese court rank]]
398. [[Template:Category redirect]]
399. [[Template:Category see also]]
400. [[Template:Category see also if exists]]
401. [[Template:Category see also if exists 2]]
402. [[Template:Category see also if exists 2/doc]]
403. [[Template:Category see also if exists/doc]]
404. [[Template:Category see also/Category pair check]]
405. [[Template:Category see also/doc]]
406. [[Template:Category seealso]]
407. [[Template:Category series navigation]]
408. [[Template:Category series navigation/doc]]
409. [[Template:Category TOC custom]]
410. [[Template:Category TOC see also]]
411. [[Template:Category TOC tracking categories]]
412. [[Template:Category TOC/doc]]
413. [[Template:Category tree]]
414. [[Template:Category tree all]]
415. [[Template:Category used by module]]
416. [[Template:Category warning]]
417. [[Template:Category:Prefectures of Japan/doc]]
418. [[Template:Category:日本の都道府県]]
419. [[Template:Category:日本の都道府県/doc]]
420. [[Template:Category:日本の都道府県/下位]]
421. [[Template:Category:日本の都道府県/下位/prefixあり]]
422. [[Template:Category:東京都の特別区/doc]]
423. [[Template:CategoryTOC]]
424. [[Template:Catexp]]
425. [[Template:Catholic Encyclopedia]]
426. [[Template:Catmain]]
427. [[Template:Catmore]]
428. [[Template:CatPair]]
429. [[Template:CatRel]]
430. [[Template:Catrel]]
431. [[Template:Catseealso]]
432. [[Template:CatTrack]]
433. [[Template:Cattree]]
434. [[Template:Caution]]
435. [[Template:Cbignore]]
436. [[Template:Cbot]]
437. [[Template:Ccount]]
438. [[Template:Ceil]]
439. [[Template:Cell color]]
440. [[Template:CellCategory]]
441. [[Template:Center]]
442. [[Template:Center/doc]]
443. [[Template:Central]]
444. [[Template:Century name from decade or year]]
445. [[Template:Century name from title decade]]
446. [[Template:Century name from title year]]
447. [[Template:Cfd all]]
448. [[Template:CFinalist]]
449. [[Template:Cfr full]]
450. [[Template:CGuest]]
451. [[Template:Char]]
452. [[Template:Charity]]
453. [[Template:Chart]]
454. [[Template:Chart top/doc]]
455. [[Template:Chart/end]]
456. [[Template:Chart/end/doc]]
457. [[Template:Chart/start]]
458. [[Template:CHE/doc]]
459. [[Template:Check completeness of transclusions]]
460. [[Template:Check mark templates]]
461. [[Template:Check talk wp]]
462. [[Template:Checkdate]]
463. [[Template:Checkuser topicon]]
464. [[Template:Chem]]
465. [[Template:CHI]]
466. [[Template:Chiba]]
467. [[Template:Chinese]]
468. [[Template:Chinese Buddhist Canon]]
469. [[Template:Chinese constellation]]
470. [[Template:Chinese constellations]]
471. [[Template:Chinese garden styles]]
472. [[Template:Chinese philosophy]]
473. [[Template:Chinese Zodiac]]
474. [[Template:Chiyoda, Tokyo]]
475. [[Template:CHN]]
476. [[Template:CHNML]]
477. [[Template:Christ-stub]]
478. [[Template:Chronology]]
479. [[Template:Chronology citation needed]]
480. [[Template:Chronology citation needed/doc]]
481. [[Template:Chronology/doc]]
482. [[Template:Chuo, Tokyo]]
483. [[Template:CI]]
484. [[Template:Cinderella]]
485. [[Template:Cinderella/doc]]
486. [[Template:Circa]]
487. [[Template:Circa/doc]]
488. [[Template:Circa/doc/sortable]]
489. [[Template:Circular reference]]
490. [[Template:Circular reference/doc]]
491. [[Template:Citation]]
492. [[Template:Citation and verifiability article maintenance templates]]
493. [[Template:Citation and verifiability article maintenance templates/doc]]
494. [[Template:Citation error]]
495. [[Template:Citation journal]]
496. [[Template:Citation needed]]
497. [[Template:Citation Needed]]
498. [[Template:Citation needed section]]
499. [[Template:Citation needed span]]
500. [[Template:Citation needed span/doc]]
501. [[Template:Citation needed/doc]]
502. [[Template:Citation needed範囲]]
503. [[Template:Citation repair]]
504. [[Template:Citation required]]
505. [[Template:Citation style]]
506. [[Template:Citation Style 1]]
507. [[Template:Citation Style 1/doc]]
508. [[Template:Citation Style documentation]]
509. [[Template:Citation Style documentation/cs1]]
510. [[Template:Citation Style documentation/display]]
511. [[Template:Citation Style documentation/doc]]
512. [[Template:Citation Style documentation/id1]]
513. [[Template:Citation Style documentation/id2]]
514. [[Template:Citation Style documentation/language]]
515. [[Template:Citation Style documentation/lead]]
516. [[Template:Citation Style documentation/quote]]
517. [[Template:Citation Style documentation/registration]]
518. [[Template:Citation Style documentation/usage]]
519. [[Template:Citation Style documentation/usage common]]
520. [[Template:Citation Style documentation/usage full]]
521. [[Template:Citation-needed]]
522. [[Template:Citation/core]]
523. [[Template:Citation/core-ja-jp]]
524. [[Template:Citation/identifier]]
525. [[Template:Citation/showdate]]
526. [[Template:Citation/showdateCore]]
527. [[Template:Citation/showdateEN]]
528. [[Template:CitationNeeded]]
529. [[Template:Citations]]
530. [[Template:Citations needed]]
531. [[Template:Cite]]
532. [[Template:Cite *]]
533. [[Template:Cite AmCyc]]
534. [[Template:Cite AmCyc/doc]]
535. [[Template:Cite Americana]]
536. [[Template:Cite arXiv]]
537. [[Template:Cite arXiv/doc]]
538. [[Template:Cite AV media]]
539. [[Template:Cite bioRxiv]]
540. [[Template:Cite bioRxiv/doc]]
541. [[Template:Cite book]]
542. [[Template:Cite Book]]
543. [[Template:Cite Catholic Encyclopedia]]
544. [[Template:Cite Catholic Encyclopedia/doc]]
545. [[Template:Cite CE1913]]
546. [[Template:Cite Collier's]]
547. [[Template:Cite Collier's/doc]]
548. [[Template:Cite comic]]
549. [[Template:Cite comic/doc]]
550. [[Template:Cite compare]]
551. [[Template:Cite compare/doc]]
552. [[Template:Cite conference]]
553. [[Template:Cite conference/doc]]
554. [[Template:Cite constitution]]
555. [[Template:Cite constitution/core]]
556. [[Template:Cite constitution/doc]]
557. [[Template:Cite dictionary]]
558. [[Template:Cite Dictionary.com]]
559. [[Template:Cite EB1911]]
560. [[Template:Cite EB1911/doc]]
561. [[Template:Cite encyclopedia]]
562. [[Template:Cite encyclopedia/doc]]
563. [[Template:Cite gvp]]
564. [[Template:Cite IEP]]
565. [[Template:Cite instagram]]
566. [[Template:Cite Journal]]
567. [[Template:Cite journal/doc]]
568. [[Template:Cite letter]]
569. [[Template:Cite link label styles]]
570. [[Template:Cite link label styles/doc]]
571. [[Template:Cite magazine]]
572. [[Template:Cite magazine/doc]]
573. [[Template:Cite Merriam-Webster]]
574. [[Template:Cite news]]
575. [[Template:Cite news/doc]]
576. [[Template:Cite newspaper The Times]]
577. [[Template:Cite NIE]]
578. [[Template:Cite ODNB]]
579. [[Template:Cite ODNB/doc]]
580. [[Template:Cite OED]]
581. [[Template:Cite OED/doc]]
582. [[Template:Cite peakbagger]]
583. [[Template:Cite press release]]
584. [[Template:Cite press release/doc]]
585. [[Template:Cite pressrelease]]
586. [[Template:Cite report]]
587. [[Template:Cite report/doc]]
588. [[Template:Cite serial]]
589. [[Template:Cite serial/doc]]
590. [[Template:Cite sign]]
591. [[Template:Cite sign/doc]]
592. [[Template:Cite Source]]
593. [[Template:Cite sources]]
594. [[Template:Cite SSRN]]
595. [[Template:Cite thesis]]
596. [[Template:Cite thesis/doc]]
597. [[Template:Cite tweet]]
598. [[Template:Cite video]]
599. [[Template:Cite web]]
600. [[Template:Cite Web]]
601. [[Template:Cite wikisource]]
602. [[Template:Cite wikisource/doc]]
603. [[Template:Cite wikisource/make link]]
604. [[Template:Cite xxx]]
605. [[Template:Cite xxx/doc]]
606. [[Template:Cite-book]]
607. [[Template:Citebook]]
608. [[Template:CiteQuran Ayah]]
609. [[Template:CiteQuran Ayah/doc]]
610. [[Template:CJK]]
611. [[Template:CJKV]]
612. [[Template:Cjkv]]
613. [[Template:Cl]]
614. [[Template:Clarification needed]]
615. [[Template:Clarify]]
616. [[Template:Clarify span/doc]]
617. [[Template:Clarify/doc]]
618. [[Template:Clarifyme]]
619. [[Template:Classical Japanese literature]]
620. [[Template:Classification bar]]
621. [[Template:Clc]]
622. [[Template:Clean-up categories from year]]
623. [[Template:Clean-up categories progress]]
624. [[Template:Cleanup category]]
625. [[Template:Cleanup lang]]
626. [[Template:Cleanup reorganize]]
627. [[Template:Cleanup rewrite]]
628. [[Template:Cleanup rewrite/doc]]
629. [[Template:Cleanup section/doc]]
630. [[Template:Clear]]
631. [[Template:Clear right]]
632. [[Template:Clear/doc]]
633. [[Template:Clearleft]]
634. [[Template:Clearright]]
635. [[Template:Clickable button]]
636. [[Template:Clickable button 2]]
637. [[Template:Clickable button/doc]]
638. [[Template:Climate chart]]
639. [[Template:Climate chart/doc]]
640. [[Template:Climate chart/How to read a climate chart]]
641. [[Template:Close paraphrasing]]
642. [[Template:Closing without action]]
643. [[Template:Clr]]
644. [[Template:Cls]]
645. [[Template:CMain]]
646. [[Template:Cmbox]]
647. [[Template:Cn]]
648. [[Template:CN]]
649. [[Template:CNone]]
650. [[Template:CO2]]
651. [[Template:CO2/doc]]
652. [[Template:Coast guard]]
653. [[Template:Coast guard/core]]
654. [[Template:Coast guard/doc]]
655. [[Template:Coat of arms]]
656. [[Template:Cob]]
657. [[Template:Code]]
658. [[Template:Codett]]
659. [[Template:COinS safe]]
660. [[Template:COinS safe/doc]]
661. [[Template:Col]]
662. [[Template:COL]]
663. [[Template:Col div]]
664. [[Template:Col div end]]
665. [[Template:Col-2]]
666. [[Template:Col-3]]
667. [[Template:Col-begin]]
668. [[Template:Col-begin template]]
669. [[Template:Col-begin/doc]]
670. [[Template:Col-break]]
671. [[Template:Col-break/doc]]
672. [[Template:Col-end]]
673. [[Template:Col-end/doc]]
674. [[Template:Col-float]]
675. [[Template:Col-float-break]]
676. [[Template:Col-float-end]]
677. [[Template:Col-float/doc]]
678. [[Template:Col-list]]
679. [[Template:Col-start]]
680. [[Template:Colbegin]]
681. [[Template:Colend]]
682. [[Template:Collapse]]
683. [[Template:Collapse bottom]]
684. [[Template:Collapse Templates]]
685. [[Template:Collapse top]]
686. [[Template:Collapse top/doc]]
687. [[Template:Collapsed infobox section begin]]
688. [[Template:Collapsed infobox section end]]
689. [[Template:Collapsible large category TOC]]
690. [[Template:Collapsible list]]
691. [[Template:Collapsible option]]
692. [[Template:Collapsible templates]]
693. [[Template:CollapsibleLargeCategoryTOC]]
694. [[Template:Colon]]
695. [[Template:COLON]]
696. [[Template:Color]]
697. [[Template:Color box]]
698. [[Template:Color-stub]]
699. [[Template:Color/doc]]
700. [[Template:Colored link]]
701. [[Template:Column]]
702. [[Template:Column list]]
703. [[Template:Column-count]]
704. [[Template:Column-generating template families]]
705. [[Template:Column-width]]
706. [[Template:Columns-break]]
707. [[Template:Columns-end]]
708. [[Template:Columns-list]]
709. [[Template:Columns-list/doc]]
710. [[Template:Columns-start]]
711. [[Template:Columns-start/doc]]
712. [[Template:Coming soon]]
713. [[Template:Comma separated entries]]
714. [[Template:Comma separated entries/doc]]
715. [[Template:Committed identity]]
716. [[Template:Commons cat]]
717. [[Template:Commons cat multi]]
718. [[Template:Commons category]]
719. [[Template:Commons Category]]
720. [[Template:Commons Category inline]]
721. [[Template:Commons category multi]]
722. [[Template:Commons category multi/doc]]
723. [[Template:Commons category-inline]]
724. [[Template:Commons category/doc]]
725. [[Template:Commons inline]]
726. [[Template:Commons templates location]]
727. [[Template:Commons templates location/doc]]
728. [[Template:Commons templates see also/doc]]
729. [[Template:Commons+cat]]
730. [[Template:Commons-inline]]
731. [[Template:Commons-inline/doc]]
732. [[Template:Commons/doc]]
733. [[Template:Commonscat]]
734. [[Template:Commonscat inline]]
735. [[Template:Commonscat-inline]]
736. [[Template:Commonscatinline]]
737. [[Template:Compact TOC]]
738. [[Template:Compact ToC]]
739. [[Template:Compact TOC/doc]]
740. [[Template:Company-stub]]
741. [[Template:Compare]]
742. [[Template:Compare image with Wikidata]]
743. [[Template:Compare image with Wikidata/doc]]
744. [[Template:Compare pages]]
745. [[Template:Complete list]]
746. [[Template:Complex]]
747. [[Template:Conditional tables/example 1]]
748. [[Template:Conditional tables/example 1b]]
749. [[Template:Conditional tables/example 2]]
750. [[Template:Conditional tables/example 2a]]
751. [[Template:Conditional tables/example 2b]]
752. [[Template:Conditional tables/example 2c]]
753. [[Template:Confucianism]]
754. [[Template:Confucianism/doc]]
755. [[Template:Confuse]]
756. [[Template:Confused]]
757. [[Template:Confusing]]
758. [[Template:Confusing/doc]]
759. [[Template:Confusion]]
760. [[Template:Conservatism in Japan]]
761. [[Template:Consorts of Japan]]
762. [[Template:Conspiracy theories]]
763. [[Template:Container]]
764. [[Template:Container cat]]
765. [[Template:Container category]]
766. [[Template:Container category/doc]]
767. [[Template:Containercat]]
768. [[Template:Contains special characters]]
769. [[Template:Contains special characters/core]]
770. [[Template:Contains special characters/doc]]
771. [[Template:Contemporary Jingu]]
   ✓ reverted [[Template:Contemporary Jingu]]
772. [[Template:Continent-based templates]]
773. [[Template:Continued Top 100 Japanese Castles]]
774. [[Template:Contradict-inline]]
775. [[Template:Contradictory inline]]
776. [[Template:Contradictory inline/doc]]
777. [[Template:Contrast]]
778. [[Template:Contribs2]]
779. [[Template:Contributing to Wikipedia]]
780. [[Template:Contributing to Wikipedia/doc]]
781. [[Template:Convert]]
782. [[Template:Convert abbreviated]]
783. [[Template:Convert abbreviated/doc]]
784. [[Template:Convert/doc]]
785. [[Template:Convinfobox]]
786. [[Template:Convinfobox/doc]]
787. [[Template:Coor d]]
788. [[Template:Coord]]
789. [[Template:Coord missing]]
790. [[Template:Coord missing/CheckCat]]
791. [[Template:CoordDec]]
792. [[Template:CoordDM]]
793. [[Template:CoordDMS]]
794. [[Template:Coordinate]]
795. [[Template:Coordinates]]
796. [[Template:Coords]]
797. [[Template:Coptic]]
798. [[Template:Copy edit]]
799. [[Template:Copy edit/doc]]
800. [[Template:Copyvios]]
801. [[Template:Coronation]]
802. [[Template:Cosmology-stub]]
803. [[Template:Cot]]
804. [[Template:COther]]
805. [[Template:Count]]
806. [[Template:Counter category]]
807. [[Template:Country abbreviation]]
808. [[Template:Country alias JPN]]
809. [[Template:Country alias 三重県]]
810. [[Template:Country alias 京都府]]
811. [[Template:Country alias 兵庫県]]
812. [[Template:Country alias 北海道]]
813. [[Template:Country alias 千葉県]]
814. [[Template:Country alias 和歌山県]]
815. [[Template:Country alias 埼玉県]]
816. [[Template:Country alias 大分県]]
817. [[Template:Country alias 大阪府]]
818. [[Template:Country alias 奈良県]]
819. [[Template:Country alias 富山県]]
820. [[Template:Country alias 山形県]]
821. [[Template:Country alias 山梨県]]
822. [[Template:Country alias 岐阜県]]
823. [[Template:Country alias 岡山県]]
824. [[Template:Country alias 岩手県]]
825. [[Template:Country alias 島根県]]
826. [[Template:Country alias 広島県]]
827. [[Template:Country alias 徳島県]]
828. [[Template:Country alias 愛媛県]]
829. [[Template:Country alias 愛知県]]
830. [[Template:Country alias 新潟県]]
831. [[Template:Country alias 東京都]]
832. [[Template:Country alias 栃木県]]
833. [[Template:Country alias 沖縄県]]
834. [[Template:Country alias 熊本県]]
835. [[Template:Country alias 石川県]]
836. [[Template:Country alias 福岡県]]
837. [[Template:Country alias 福島県]]
838. [[Template:Country alias 群馬県]]
839. [[Template:Country alias 茨城県]]
840. [[Template:Country alias 長野県]]
841. [[Template:Country alias 青森県]]
842. [[Template:Country alias 静岡県]]
843. [[Template:Country alias 香川県]]
844. [[Template:Country data]]
845. [[Template:Country data Abkhazia]]
846. [[Template:Country data Abkhazia/doc]]
847. [[Template:Country data ABW]]
848. [[Template:Country data Aden]]
849. [[Template:Country data Aden/doc]]
850. [[Template:Country data AFG]]
851. [[Template:Country data Afghanistan]]
852. [[Template:Country data Afghanistan/doc]]
853. [[Template:Country data AGO]]
854. [[Template:Country data AIA]]
855. [[Template:Country data Aichi]]
856. [[Template:Country data Aichi Prefecture]]
857. [[Template:Country data Aichi Prefecture/doc]]
858. [[Template:Country data Aiti]]
859. [[Template:Country data Akita]]
860. [[Template:Country data Akita Prefecture]]
861. [[Template:Country data Akita Prefecture/doc]]
862. [[Template:Country data Akrotiri and Dhekelia]]
863. [[Template:Country data Akrotiri and Dhekelia/doc]]
864. [[Template:Country data ALA]]
865. [[Template:Country data ALB]]
866. [[Template:Country data Albania]]
867. [[Template:Country data Albania/doc]]
868. [[Template:Country data Alderney]]
869. [[Template:Country data ALG]]
870. [[Template:Country data Algeria]]
871. [[Template:Country data Algeria/doc]]
872. [[Template:Country data All-Palestine]]
873. [[Template:Country data All-Palestine/doc]]
874. [[Template:Country data Allied-occupied Germany]]
875. [[Template:Country data Allied-occupied Germany/doc]]
876. [[Template:Country data American Samoa]]
877. [[Template:Country data American Samoa/doc]]
878. [[Template:Country data AND]]
879. [[Template:Country data Andorra]]
880. [[Template:Country data Andorra/doc]]
881. [[Template:Country data ANG]]
882. [[Template:Country data Angola]]
883. [[Template:Country data Angola/doc]]
884. [[Template:Country data Anguilla]]
885. [[Template:Country data Anguilla/doc]]
886. [[Template:Country data Antigua and Barbuda]]
887. [[Template:Country data Antigua and Barbuda/doc]]
888. [[Template:Country data Aomori]]
889. [[Template:Country data Aomori Prefecture]]
890. [[Template:Country data Aomori Prefecture/doc]]
891. [[Template:Country data Aotearoa]]
892. [[Template:Country data Aotearoa New Zealand]]
893. [[Template:Country data Arab Federation]]
894. [[Template:Country data Arab Federation/doc]]
895. [[Template:Country data Archduchy of Austria]]
896. [[Template:Country data ARE]]
897. [[Template:Country data ARG]]
898. [[Template:Country data Argentina]]
899. [[Template:Country data Argentina/doc]]
900. [[Template:Country data Argentine Confederation]]
901. [[Template:Country data Argentine Confederation/doc]]
902. [[Template:Country data ARM]]
903. [[Template:Country data Armenia]]
904. [[Template:Country data Armenia/doc]]
905. [[Template:Country data Armenian SSR]]
906. [[Template:Country data ARU]]
907. [[Template:Country data Aruba]]
908. [[Template:Country data ASA]]
909. [[Template:Country data Ascension Island]]
910. [[Template:Country data Ascension Island/doc]]
911. [[Template:Country data ASM]]
912. [[Template:Country data ATF]]
913. [[Template:Country data ATG]]
914. [[Template:Country data AUS]]
915. [[Template:Country data Australasia]]
916. [[Template:Country data Australia]]
917. [[Template:Country data Australia/doc]]
918. [[Template:Country data Austria]]
919. [[Template:Country data Austria-Hungary]]
920. [[Template:Country data Austria-Hungary/doc]]
921. [[Template:Country data Austria/doc]]
922. [[Template:Country data Austrian Empire]]
923. [[Template:Country data Austro-Hungary]]
924. [[Template:Country data AUT]]
925. [[Template:Country data AZE]]
926. [[Template:Country data Azerbaijan]]
927. [[Template:Country data Azerbaijan SSR]]
928. [[Template:Country data Azerbaijan/doc]]
929. [[Template:Country data Ba'athist Iraq]]
930. [[Template:Country data Ba'athist Iraq/doc]]
931. [[Template:Country data Ba'athist Syria]]
932. [[Template:Country data Ba'athist Syria/doc]]
933. [[Template:Country data Baden-Württemberg]]
934. [[Template:Country data Baden-Württemberg/doc]]
935. [[Template:Country data BAH]]
936. [[Template:Country data Bahamas]]
937. [[Template:Country data Bahamas/doc]]
938. [[Template:Country data Bahrain]]
939. [[Template:Country data Bahrain/doc]]
940. [[Template:Country data Bailiwick of Guernsey]]
941. [[Template:Country data Bailiwick of Guernsey/doc]]
942. [[Template:Country data Baker Island]]
943. [[Template:Country data Baker Island/doc]]
944. [[Template:Country data BAN]]
945. [[Template:Country data Bangladesh]]
946. [[Template:Country data Bangladesh/doc]]
947. [[Template:Country data BAR]]
948. [[Template:Country data Barbados]]
949. [[Template:Country data Barbados/doc]]
950. [[Template:Country data Batavian Republic]]
951. [[Template:Country data Batavian Republic/doc]]
952. [[Template:Country data Bavaria]]
953. [[Template:Country data Bavaria/doc]]
954. [[Template:Country data Bayern]]
955. [[Template:Country data BDI]]
956. [[Template:Country data Bechuanaland Protectorate]]
957. [[Template:Country data BEL]]
958. [[Template:Country data BEL-exile]]
959. [[Template:Country data Belarus]]
960. [[Template:Country data Belarus/doc]]
961. [[Template:Country data Belgian government in exile]]
962. [[Template:Country data Belgium]]
963. [[Template:Country data Belgium (exile)]]
964. [[Template:Country data Belgium/doc]]
965. [[Template:Country data Belize]]
966. [[Template:Country data Belize/doc]]
967. [[Template:Country data Belorussia]]
968. [[Template:Country data Belorussian SSR]]
969. [[Template:Country data BEN]]
970. [[Template:Country data Benin]]
971. [[Template:Country data Benin/doc]]
972. [[Template:Country data BER]]
973. [[Template:Country data Bermuda]]
974. [[Template:Country data BES]]
975. [[Template:Country data BFA]]
976. [[Template:Country data BGD]]
977. [[Template:Country data BGR]]
978. [[Template:Country data BHR]]
979. [[Template:Country data BHS]]
980. [[Template:Country data BHU]]
981. [[Template:Country data Bhutan]]
982. [[Template:Country data BIH]]
983. [[Template:Country data BIZ]]
984. [[Template:Country data BLM]]
985. [[Template:Country data BLR]]
986. [[Template:Country data BLZ]]
987. [[Template:Country data BMU]]
988. [[Template:Country data Bohemia]]
989. [[Template:Country data BOL]]
990. [[Template:Country data Bolivia]]
991. [[Template:Country data Bolivia/doc]]
992. [[Template:Country data Bonaire, Sint Eustatius and Saba]]
993. [[Template:Country data Bosnia and Herzegovina]]
994. [[Template:Country data Bosnia and Herzegovina/doc]]
995. [[Template:Country data Bosnia-Herzegovina]]
996. [[Template:Country data BOT]]
997. [[Template:Country data Botswana]]
998. [[Template:Country data Botswana/doc]]
999. [[Template:Country data Bourbon Restoration]]
1000. [[Template:Country data Bourbon Restoration/doc]]
1001. [[Template:Country data BRA]]
1002. [[Template:Country data Brazil]]
1003. [[Template:Country data Brazil/doc]]
1004. [[Template:Country data Brazilian military government]]
1005. [[Template:Country data BRB]]
1006. [[Template:Country data British Antarctic Territory]]
1007. [[Template:Country data British Antarctic Territory/doc]]
1008. [[Template:Country data British Burma]]
1009. [[Template:Country data British Burma/doc]]
1010. [[Template:Country data British Cameroon]]
1011. [[Template:Country data British Cameroon/doc]]
1012. [[Template:Country data British Ceylon]]
1013. [[Template:Country data British Ceylon/doc]]
1014. [[Template:Country data British Columbia]]
1015. [[Template:Country data British Columbia/doc]]
1016. [[Template:Country data British Empire]]
1017. [[Template:Country data British Guiana]]
1018. [[Template:Country data British Guiana/doc]]
1019. [[Template:Country data British Honduras]]
1020. [[Template:Country data British Honduras/doc]]
1021. [[Template:Country data British Indian Ocean Territory]]
1022. [[Template:Country data British Raj]]
1023. [[Template:Country data British Raj/doc]]
1024. [[Template:Country data British Singapore]]
1025. [[Template:Country data British Singapore/doc]]
1026. [[Template:Country data British Solomon Islands]]
1027. [[Template:Country data British Solomon Islands Protectorate]]
1028. [[Template:Country data British Virgin Islands]]
1029. [[Template:Country data BRN]]
1030. [[Template:Country data BRU]]
1031. [[Template:Country data Brunei]]
1032. [[Template:Country data Brunei Darussalam]]
1033. [[Template:Country data Brunei/doc]]
1034. [[Template:Country data Brunswick]]
1035. [[Template:Country data BTN]]
1036. [[Template:Country data BUL]]
1037. [[Template:Country data Bulgaria]]
1038. [[Template:Country data Bulgaria/doc]]
1039. [[Template:Country data BUR]]
1040. [[Template:Country data Burkina Faso]]
1041. [[Template:Country data Burkina Faso/doc]]
1042. [[Template:Country data Burma]]
1043. [[Template:Country data Burma/doc]]
1044. [[Template:Country data Burundi]]
1045. [[Template:Country data Burundi/doc]]
1046. [[Template:Country data BVI]]
1047. [[Template:Country data BWA]]
1048. [[Template:Country data Byelorussia]]
1049. [[Template:Country data Byelorussian Soviet Socialist Republic]]
1050. [[Template:Country data Byelorussian SSR]]
1051. [[Template:Country data Cabo Verde]]
1052. [[Template:Country data CAF]]
1053. [[Template:Country data California]]
1054. [[Template:Country data California/doc]]
1055. [[Template:Country data CAM]]
1056. [[Template:Country data Cambodia]]
1057. [[Template:Country data Cambodia/doc]]
1058. [[Template:Country data Cameroon]]
1059. [[Template:Country data Cameroon/doc]]
1060. [[Template:Country data CAN]]
1061. [[Template:Country data Canada]]
1062. [[Template:Country data Canada/doc]]
1063. [[Template:Country data Cape Colony]]
1064. [[Template:Country data Cape Colony/doc]]
1065. [[Template:Country data Cape Verde]]
1066. [[Template:Country data Cape Verde/doc]]
1067. [[Template:Country data Caribbean Netherlands]]
1068. [[Template:Country data Caribbean Netherlands/doc]]
1069. [[Template:Country data Carpatho-Ukraine]]
1070. [[Template:Country data CAY]]
1071. [[Template:Country data Cayman Islands]]
1072. [[Template:Country data Cayman Islands/doc]]
1073. [[Template:Country data CCK]]
1074. [[Template:Country data Central African Republic]]
1075. [[Template:Country data Central African Republic/doc]]
1076. [[Template:Country data Ceylon]]
1077. [[Template:Country data Ceylon/doc]]
1078. [[Template:Country data CGO]]
1079. [[Template:Country data CH]]
1080. [[Template:Country data CHA]]
1081. [[Template:Country data Chad]]
1082. [[Template:Country data Chad/doc]]
1083. [[Template:Country data Changhua County]]
1084. [[Template:Country data Changhua County/doc]]
1085. [[Template:Country data Channel Islands]]
1086. [[Template:Country data CHE]]
1087. [[Template:Country data CHI]]
1088. [[Template:Country data Chiayi County]]
1089. [[Template:Country data Chiayi County/doc]]
1090. [[Template:Country data Chiba]]
1091. [[Template:Country data Chiba Prefecture]]
1092. [[Template:Country data Chiba Prefecture/doc]]
1093. [[Template:Country data Chile]]
1094. [[Template:Country data Chile/doc]]
1095. [[Template:Country data China]]
1096. [[Template:Country data China (People's Republic of)]]
1097. [[Template:Country data China, People's Republic of]]
1098. [[Template:Country data China, Republic of]]
1099. [[Template:Country data China/doc]]
1100. [[Template:Country data Chinese Taipei]]
1101. [[Template:Country data CHL]]
1102. [[Template:Country data CHN]]
1103. [[Template:Country data Christmas Island]]
1104. [[Template:Country data Christmas Island/doc]]
1105. [[Template:Country data CIS]]
1106. [[Template:Country data CIV]]
1107. [[Template:Country data Clipperton Island]]
1108. [[Template:Country data Clipperton Island/doc]]
1109. [[Template:Country data CMR]]
1110. [[Template:Country data Cocos (Keeling) Islands]]
1111. [[Template:Country data Cocos (Keeling) Islands/doc]]
1112. [[Template:Country data Cocos Islands]]
1113. [[Template:Country data COG]]
1114. [[Template:Country data COK]]
1115. [[Template:Country data COL]]
1116. [[Template:Country data Colombia]]
1117. [[Template:Country data Colombia/doc]]
1118. [[Template:Country data Colony of Singapore]]
1119. [[Template:Country data Colony of Singapore/doc]]
1120. [[Template:Country data Colony of Surinam]]
1121. [[Template:Country data Colorado]]
1122. [[Template:Country data Colorado/doc]]
1123. [[Template:Country data COM]]
1124. [[Template:Country data Commonwealth of Independent States]]
1125. [[Template:Country data Commonwealth of Independent States/doc]]
1126. [[Template:Country data Comoros]]
1127. [[Template:Country data Comoros/doc]]
1128. [[Template:Country data Congo]]
1129. [[Template:Country data Congo, Democratic Republic of the]]
1130. [[Template:Country data Congo, Republic of the]]
1131. [[Template:Country data Congo-Brazzaville]]
1132. [[Template:Country data Congo-Kinshasa]]
1133. [[Template:Country data Cook Islands]]
1134. [[Template:Country data Cook Islands/doc]]
1135. [[Template:Country data Coral Sea Islands]]
1136. [[Template:Country data Coral Sea Islands/doc]]
1137. [[Template:Country data Cossack Hetmanate]]
1138. [[Template:Country data Costa Rica]]
1139. [[Template:Country data Costa Rica/doc]]
1140. [[Template:Country data CRC]]
1141. [[Template:Country data CRI]]
1142. [[Template:Country data CRO]]
1143. [[Template:Country data Croatia]]
1144. [[Template:Country data Croatia/doc]]
1145. [[Template:Country data Crown Colony of North Borneo]]
1146. [[Template:Country data Crown Colony of North Borneo/doc]]
1147. [[Template:Country data CSK]]
1148. [[Template:Country data CSK-exile]]
1149. [[Template:Country data CTA]]
1150. [[Template:Country data CUB]]
1151. [[Template:Country data Cuba]]
1152. [[Template:Country data Cuba/doc]]
1153. [[Template:Country data CUR]]
1154. [[Template:Country data Curacao]]
1155. [[Template:Country data Curaçao]]
1156. [[Template:Country data Curaçao and Dependencies]]
1157. [[Template:Country data CUW]]
1158. [[Template:Country data CXR]]
1159. [[Template:Country data CYM]]
1160. [[Template:Country data CYP]]
1161. [[Template:Country data Cyprus]]
1162. [[Template:Country data Cyprus/doc]]
1163. [[Template:Country data CZE]]
1164. [[Template:Country data Czech Republic]]
1165. [[Template:Country data Czech Republic/doc]]
1166. [[Template:Country data Czechia]]
1167. [[Template:Country data Czechoslovak government-in-exile]]
1168. [[Template:Country data Czechoslovakia]]
1169. [[Template:Country data Czechoslovakia (exile)]]
1170. [[Template:Country data Czechoslovakia/doc]]
1171. [[Template:Country data Côte d'Ivoire]]
1172. [[Template:Country data D.R. Afghanistan]]
1173. [[Template:Country data Dahomey]]
1174. [[Template:Country data Dahomey/doc]]
1175. [[Template:Country data Danelaw]]
1176. [[Template:Country data DE-BW]]
1177. [[Template:Country data DE-BY]]
1178. [[Template:Country data Democratic Federal Yugoslavia]]
1179. [[Template:Country data Democratic People's Republic of Korea]]
1180. [[Template:Country data Democratic Republic of Afghanistan]]
1181. [[Template:Country data Democratic Republic of Afghanistan/doc]]
1182. [[Template:Country data Democratic Republic of the Congo]]
1183. [[Template:Country data Democratic Republic of the Congo/doc]]
1184. [[Template:Country data DEN]]
1185. [[Template:Country data Denmark]]
1186. [[Template:Country data Denmark/doc]]
1187. [[Template:Country data Derg]]
1188. [[Template:Country data Derg/doc]]
1189. [[Template:Country data DEU]]
1190. [[Template:Country data DJI]]
1191. [[Template:Country data Djibouti]]
1192. [[Template:Country data Djibouti/doc]]
1193. [[Template:Country data DMA]]
1194. [[Template:Country data Dnipropetrovsk Oblast]]
1195. [[Template:Country data Dnipropetrovsk Oblast/doc]]
1196. [[Template:Country data DNK]]
1197. [[Template:Country data DOM]]
1198. [[Template:Country data Dominica]]
1199. [[Template:Country data Dominica/doc]]
1200. [[Template:Country data Dominican Republic]]
1201. [[Template:Country data Dominican Republic/doc]]
1202. [[Template:Country data Dominion of Canada]]
1203. [[Template:Country data Dominion of New Zealand]]
1204. [[Template:Country data Donetsk People's Republic]]
1205. [[Template:Country data DR Afghanistan]]
1206. [[Template:Country data DR Congo]]
1207. [[Template:Country data DRA]]
1208. [[Template:Country data Dutch Guiana]]
1209. [[Template:Country data Dutch Republic]]
1210. [[Template:Country data Dutch Republic/doc]]
1211. [[Template:Country data DZA]]
1212. [[Template:Country data East Germany]]
1213. [[Template:Country data East Turkestan]]
1214. [[Template:Country data ECU]]
1215. [[Template:Country data Ecuador]]
1216. [[Template:Country data Ecuador/doc]]
1217. [[Template:Country data EGY]]
1218. [[Template:Country data Egypt]]
1219. [[Template:Country data Egypt/doc]]
1220. [[Template:Country data Ehime]]
1221. [[Template:Country data Ehime Prefecture]]
1222. [[Template:Country data Ehime Prefecture/doc]]
1223. [[Template:Country data EIR]]
1224. [[Template:Country data El Salvador]]
1225. [[Template:Country data El Salvador/doc]]
1226. [[Template:Country data Electorate of Bavaria]]
1227. [[Template:Country data Emirate of Afghanistan]]
1228. [[Template:Country data Emirate of Afghanistan (1929)]]
1229. [[Template:Country data Emirate of Afghanistan (1929)/doc]]
1230. [[Template:Country data Emirate of Afghanistan/doc]]
1231. [[Template:Country data Empire of Brazil]]
1232. [[Template:Country data Empire of Japan]]
1233. [[Template:Country data Empire of Japan/doc]]
1234. [[Template:Country data ENG]]
1235. [[Template:Country data England]]
1236. [[Template:Country data England/doc]]
1237. [[Template:Country data EQG]]
1238. [[Template:Country data Equatorial Guinea]]
1239. [[Template:Country data Equatorial Guinea/doc]]
1240. [[Template:Country data ERI]]
1241. [[Template:Country data Eritrea]]
1242. [[Template:Country data Eritrea/doc]]
1243. [[Template:Country data ESA]]
1244. [[Template:Country data ESH]]
1245. [[Template:Country data ESP]]
1246. [[Template:Country data EST]]
1247. [[Template:Country data Estonia]]
1248. [[Template:Country data Estonia/doc]]
1249. [[Template:Country data Estonian SSR]]
1250. [[Template:Country data Eswatini]]
1251. [[Template:Country data Eswatini/doc]]
1252. [[Template:Country data ETH]]
1253. [[Template:Country data Ethiopia]]
1254. [[Template:Country data Ethiopia/doc]]
1255. [[Template:Country data Ethiopian Empire]]
1256. [[Template:Country data Ethiopian Empire/doc]]
1257. [[Template:Country data EU]]
1258. [[Template:Country data EUR]]
1259. [[Template:Country data Europe]]
1260. [[Template:Country data Europe/doc]]
1261. [[Template:Country data European Union]]
1262. [[Template:Country data European Union/doc]]
1263. [[Template:Country data F.S. Micronesia]]
1264. [[Template:Country data Falkland Islands]]
1265. [[Template:Country data Falkland Islands/doc]]
1266. [[Template:Country data FAR]]
1267. [[Template:Country data Faroe Islands]]
1268. [[Template:Country data Faroe Islands/doc]]
1269. [[Template:Country data Fascist Italy]]
1270. [[Template:Country data Fascist Italy (1922–1943)]]
1271. [[Template:Country data Fascist Italy/doc]]
1272. [[Template:Country data Federal Democratic Republic of Nepal]]
1273. [[Template:Country data Federated Malay States]]
1274. [[Template:Country data Federated States of Micronesia]]
1275. [[Template:Country data Federated States of Micronesia/doc]]
1276. [[Template:Country data Federation of Bosnia and Herzegovina]]
1277. [[Template:Country data Federation of Bosnia and Herzegovina/doc]]
1278. [[Template:Country data Federation of South Arabia]]
1279. [[Template:Country data Federative Republic of Brazil]]
1280. [[Template:Country data Fifth Republic of Korea]]
1281. [[Template:Country data Fifth Republic of South Korea]]
1282. [[Template:Country data FIJ]]
1283. [[Template:Country data Fiji]]
1284. [[Template:Country data Fiji/doc]]
1285. [[Template:Country data FIN]]
1286. [[Template:Country data Finland]]
1287. [[Template:Country data Finland/doc]]
1288. [[Template:Country data First Brazilian Republic]]
1289. [[Template:Country data First Republic of Korea]]
1290. [[Template:Country data First Republic of South Korea]]
1291. [[Template:Country data First Syrian Republic]]
1292. [[Template:Country data FJI]]
1293. [[Template:Country data FLK]]
1294. [[Template:Country data Fourth Republic of Korea]]
1295. [[Template:Country data Fourth Republic of South Korea]]
1296. [[Template:Country data FR Yugoslavia]]
1297. [[Template:Country data FRA]]
1298. [[Template:Country data FRA-3]]
1299. [[Template:Country data France]]
1300. [[Template:Country data France/doc]]
1301. [[Template:Country data Francoist Spain]]
1302. [[Template:Country data Free State of Bavaria]]
1303. [[Template:Country data French First Republic]]
1304. [[Template:Country data French First Republic/doc]]
1305. [[Template:Country data French Fourth Republic]]
1306. [[Template:Country data French Fourth Republic/doc]]
1307. [[Template:Country data French Guiana]]
1308. [[Template:Country data French Guiana/doc]]
1309. [[Template:Country data French Polynesia]]
1310. [[Template:Country data French Polynesia/doc]]
1311. [[Template:Country data French protectorate of Tunisia]]
1312. [[Template:Country data French protectorate of Tunisia/doc]]
1313. [[Template:Country data French Second Republic]]
1314. [[Template:Country data French Second Republic/doc]]
1315. [[Template:Country data French Southern and Antarctic Lands]]
1316. [[Template:Country data French Southern and Antarctic Lands/doc]]
1317. [[Template:Country data French Southern Territories]]
1318. [[Template:Country data French Third Republic]]
1319. [[Template:Country data French Third Republic/doc]]
1320. [[Template:Country data FRG]]
1321. [[Template:Country data FRO]]
1322. [[Template:Country data FSM]]
1323. [[Template:Country data Fukui]]
1324. [[Template:Country data Fukui Prefecture]]
1325. [[Template:Country data Fukui Prefecture/doc]]
1326. [[Template:Country data Fukuoka]]
1327. [[Template:Country data Fukuoka Prefecture]]
1328. [[Template:Country data Fukuoka Prefecture/doc]]
1329. [[Template:Country data Fukushima]]
1330. [[Template:Country data Fukushima Prefecture]]
1331. [[Template:Country data Fukushima Prefecture/doc]]
1332. [[Template:Country data GAB]]
1333. [[Template:Country data Gabon]]
1334. [[Template:Country data Gabon/doc]]
1335. [[Template:Country data GAM]]
1336. [[Template:Country data Gambia]]
1337. [[Template:Country data Gambia/doc]]
1338. [[Template:Country data Gaza]]
1339. [[Template:Country data Gaza Strip]]
1340. [[Template:Country data GB-CHA]]
1341. [[Template:Country data GBR]]
1342. [[Template:Country data GBS]]
1343. [[Template:Country data GEO]]
1344. [[Template:Country data Georgia]]
1345. [[Template:Country data Georgia (country)]]
1346. [[Template:Country data Georgia (country)/doc]]
1347. [[Template:Country data Georgia (U.S. state)]]
1348. [[Template:Country data Georgian SSR]]
1349. [[Template:Country data GEQ]]
1350. [[Template:Country data GER]]
1351. [[Template:Country data German East Africa]]
1352. [[Template:Country data German Empire]]
1353. [[Template:Country data German Empire/doc]]
1354. [[Template:Country data Germany]]
1355. [[Template:Country data Germany/doc]]
1356. [[Template:Country data GHA]]
1357. [[Template:Country data Ghana]]
1358. [[Template:Country data Ghana/doc]]
1359. [[Template:Country data GIB]]
1360. [[Template:Country data Gibraltar]]
1361. [[Template:Country data Gibraltar/doc]]
1362. [[Template:Country data Gifu]]
1363. [[Template:Country data Gifu Prefecture]]
1364. [[Template:Country data Gifu Prefecture/doc]]
1365. [[Template:Country data Gihu]]
1366. [[Template:Country data Gilbert and Ellice Islands]]
1367. [[Template:Country data GIN]]
1368. [[Template:Country data GLP]]
1369. [[Template:Country data GMB]]
1370. [[Template:Country data GNB]]
1371. [[Template:Country data GNQ]]
1372. [[Template:Country data Gold Coast]]
1373. [[Template:Country data Gold Coast/doc]]
1374. [[Template:Country data Gorkha Empire]]
1375. [[Template:Country data GRC]]
1376. [[Template:Country data GRD]]
1377. [[Template:Country data GRE]]
1378. [[Template:Country data Great Britain]]
1379. [[Template:Country data Great Britain and N.I.]]
1380. [[Template:Country data Great Britain/doc]]
1381. [[Template:Country data Great Way Government]]
1382. [[Template:Country data Greece]]
1383. [[Template:Country data Greece/doc]]
1384. [[Template:Country data Greenland]]
1385. [[Template:Country data Greenland/doc]]
1386. [[Template:Country data Grenada]]
1387. [[Template:Country data Grenada/doc]]
1388. [[Template:Country data GRL]]
1389. [[Template:Country data GRN]]
1390. [[Template:Country data GTM]]
1391. [[Template:Country data GUA]]
1392. [[Template:Country data Guadeloupe]]
1393. [[Template:Country data Guadeloupe/doc]]
1394. [[Template:Country data Guam]]
1395. [[Template:Country data Guam/doc]]
1396. [[Template:Country data Guatemala]]
1397. [[Template:Country data Guatemala/doc]]
1398. [[Template:Country data Guernsey]]
1399. [[Template:Country data GUF]]
1400. [[Template:Country data GUI]]
1401. [[Template:Country data Guinea]]
1402. [[Template:Country data Guinea-Bissau]]
1403. [[Template:Country data Guinea-Bissau/doc]]
1404. [[Template:Country data Guinea/doc]]
1405. [[Template:Country data GUM]]
1406. [[Template:Country data Gunma]]
1407. [[Template:Country data Gunma Prefecture]]
1408. [[Template:Country data Gunma Prefecture/doc]]
1409. [[Template:Country data GUY]]
1410. [[Template:Country data Guyana]]
1411. [[Template:Country data Guyana/doc]]
1412. [[Template:Country data HAI]]
1413. [[Template:Country data Haiti]]
1414. [[Template:Country data Haiti/doc]]
1415. [[Template:Country data Hamamatsu City]]
   ✓ reverted [[Template:Country data Hamamatsu City]]
1416. [[Template:Country data Hawaii]]
1417. [[Template:Country data Hawaiian Kingdom]]
1418. [[Template:Country data Hawaiian Kingdom/doc]]
1419. [[Template:Country data Heard Island and McDonald Islands]]
1420. [[Template:Country data Heard Island and McDonald Islands/doc]]
1421. [[Template:Country data Helvetic Republic]]
1422. [[Template:Country data Herm]]
1423. [[Template:Country data Hiroshima]]
1424. [[Template:Country data Hiroshima Prefecture]]
1425. [[Template:Country data Hiroshima Prefecture/doc]]
1426. [[Template:Country data Hirosima]]
1427. [[Template:Country data HKG]]
1428. [[Template:Country data HMD]]
1429. [[Template:Country data HND]]
1430. [[Template:Country data Hokkaido]]
1431. [[Template:Country data Hokkaido/doc]]
1432. [[Template:Country data Hokkaidô]]
1433. [[Template:Country data Hokkaidō]]
1434. [[Template:Country data Holy See]]
1435. [[Template:Country data HON]]
1436. [[Template:Country data Honduras]]
1437. [[Template:Country data Honduras/doc]]
1438. [[Template:Country data Hong Kong]]
1439. [[Template:Country data Hong Kong, China]]
1440. [[Template:Country data Hong Kong/doc]]
1441. [[Template:Country data House of Savoy]]
1442. [[Template:Country data Howland Island]]
1443. [[Template:Country data Howland Island/doc]]
1444. [[Template:Country data HRV]]
1445. [[Template:Country data HTI]]
1446. [[Template:Country data Hukui]]
1447. [[Template:Country data Hukuoka]]
1448. [[Template:Country data Hukusima]]
1449. [[Template:Country data HUN]]
1450. [[Template:Country data Hungary]]
1451. [[Template:Country data Hungary/doc]]
1452. [[Template:Country data Hyôgo]]
1453. [[Template:Country data Hyōgo]]
1454. [[Template:Country data Hyōgo Prefecture]]
1455. [[Template:Country data Hyōgo Prefecture/doc]]
1456. [[Template:Country data Ibaraki]]
1457. [[Template:Country data Ibaraki Prefecture]]
1458. [[Template:Country data Ibaraki Prefecture/doc]]
1459. [[Template:Country data Iceland]]
1460. [[Template:Country data Iceland/doc]]
1461. [[Template:Country data IDN]]
1462. [[Template:Country data IMN]]
1463. [[Template:Country data Imperial Iran]]
1464. [[Template:Country data Imperial State of Iran]]
1465. [[Template:Country data Imperial State of Persia]]
1466. [[Template:Country data INA]]
1467. [[Template:Country data IND]]
1468. [[Template:Country data Independent State of Croatia]]
1469. [[Template:Country data Independent State of Croatia/doc]]
1470. [[Template:Country data India]]
1471. [[Template:Country data India/doc]]
1472. [[Template:Country data Indonesia]]
1473. [[Template:Country data Indonesia/doc]]
1474. [[Template:Country data IOM]]
1475. [[Template:Country data IOT]]
1476. [[Template:Country data Iran]]
1477. [[Template:Country data Iran/doc]]
1478. [[Template:Country data Iraq]]
1479. [[Template:Country data Iraq/doc]]
1480. [[Template:Country data Iraqi Republic]]
   ✓ reverted [[Template:Country data Iraqi Republic]]
1481. [[Template:Country data Iraqi Republic (1958–68)]]
1482. [[Template:Country data IRE]]
1483. [[Template:Country data Ireland]]
1484. [[Template:Country data Ireland/doc]]
1485. [[Template:Country data IRI]]
1486. [[Template:Country data Irish Free State]]
1487. [[Template:Country data Irish Free State/doc]]
1488. [[Template:Country data IRL]]
1489. [[Template:Country data IRN]]
1490. [[Template:Country data IRQ]]
1491. [[Template:Country data Ishikawa]]
1492. [[Template:Country data Ishikawa Prefecture]]
1493. [[Template:Country data Ishikawa Prefecture/doc]]
1494. [[Template:Country data Isikawa]]
1495. [[Template:Country data ISL]]
1496. [[Template:Country data Islamic Emirate of Afghanistan (1996–2001)]]
1497. [[Template:Country data Islamic Emirate of Afghanistan (1996–2001)/doc]]
1498. [[Template:Country data Islamic Republic of Afghanistan]]
1499. [[Template:Country data Islamic Republic of Afghanistan/doc]]
1500. [[Template:Country data Islamic State of Afghanistan]]
1501. [[Template:Country data Islamic State of Afghanistan/doc]]
1502. [[Template:Country data Isle of Man]]
1503. [[Template:Country data Isle of Man/doc]]
1504. [[Template:Country data ISR]]
1505. [[Template:Country data Israel]]
1506. [[Template:Country data Israel/doc]]
1507. [[Template:Country data ISV]]
1508. [[Template:Country data ITA]]
1509. [[Template:Country data Italian East Africa]]
1510. [[Template:Country data Italian East Africa/doc]]
1511. [[Template:Country data Italian Libya]]
1512. [[Template:Country data Italian Libya/doc]]
1513. [[Template:Country data Italian Social Republic]]
1514. [[Template:Country data Italian Social Republic/doc]]
1515. [[Template:Country data Italy]]
1516. [[Template:Country data Italy/doc]]
1517. [[Template:Country data IVB]]
1518. [[Template:Country data Ivory Coast]]
1519. [[Template:Country data Ivory Coast/doc]]
1520. [[Template:Country data Iwate]]
1521. [[Template:Country data Iwate Prefecture]]
1522. [[Template:Country data Iwate Prefecture/doc]]
1523. [[Template:Country data JAM]]
1524. [[Template:Country data Jamaica]]
1525. [[Template:Country data Jamaica/doc]]
1526. [[Template:Country data Japan]]
1527. [[Template:Country data Japan/doc]]
1528. [[Template:Country data Jarvis Island]]
1529. [[Template:Country data Jarvis Island/doc]]
1530. [[Template:Country data Jersey]]
1531. [[Template:Country data Jersey/doc]]
1532. [[Template:Country data JEY]]
1533. [[Template:Country data Johnston Atoll]]
1534. [[Template:Country data Johnston Atoll/doc]]
1535. [[Template:Country data Johnston Island]]
1536. [[Template:Country data JOR]]
1537. [[Template:Country data Jordan]]
1538. [[Template:Country data Jordan/doc]]
1539. [[Template:Country data Joseon]]
1540. [[Template:Country data JPN]]
1541. [[Template:Country data Kagawa]]
1542. [[Template:Country data Kagawa Prefecture]]
1543. [[Template:Country data Kagawa Prefecture/doc]]
1544. [[Template:Country data Kagoshima]]
1545. [[Template:Country data Kagoshima Prefecture]]
1546. [[Template:Country data Kagoshima Prefecture/doc]]
1547. [[Template:Country data Kagosima]]
1548. [[Template:Country data Kalmar Union]]
1549. [[Template:Country data Kalmar Union/doc]]
1550. [[Template:Country data Kanagawa]]
1551. [[Template:Country data Kanagawa Prefecture]]
1552. [[Template:Country data Kanagawa Prefecture/doc]]
1553. [[Template:Country data KAZ]]
1554. [[Template:Country data Kazakh SSR]]
1555. [[Template:Country data Kazakhstan]]
1556. [[Template:Country data Kazakhstan/doc]]
1557. [[Template:Country data KEN]]
1558. [[Template:Country data Kenya]]
1559. [[Template:Country data Kenya/doc]]
1560. [[Template:Country data KGZ]]
1561. [[Template:Country data KHM]]
1562. [[Template:Country data Khmer Republic]]
1563. [[Template:Country data Khmer Republic/doc]]
1564. [[Template:Country data Kingdom of Afghanistan]]
1565. [[Template:Country data Kingdom of Bavaria]]
1566. [[Template:Country data Kingdom of Bulgaria]]
1567. [[Template:Country data Kingdom of Croatia (Habsburg)]]
1568. [[Template:Country data Kingdom of Dahomey]]
1569. [[Template:Country data Kingdom of Denmark]]
1570. [[Template:Country data Kingdom of England]]
1571. [[Template:Country data Kingdom of England/doc]]
1572. [[Template:Country data Kingdom of France]]
1573. [[Template:Country data Kingdom of Gorkha]]
1574. [[Template:Country data Kingdom of Great Britain]]
1575. [[Template:Country data Kingdom of Hawaii]]
1576. [[Template:Country data Kingdom of Hawaiʻi]]
1577. [[Template:Country data Kingdom of Hungary (1000–1301)]]
1578. [[Template:Country data Kingdom of Hungary (1000–1301)/doc]]
1579. [[Template:Country data Kingdom of Hungary (1301–1526)]]
1580. [[Template:Country data Kingdom of Hungary (1301–1526)/doc]]
1581. [[Template:Country data Kingdom of Hungary (1526–1867)]]
1582. [[Template:Country data Kingdom of Hungary (1867–1918)]]
1583. [[Template:Country data Kingdom of Hungary (1867–1918)/doc]]
1584. [[Template:Country data Kingdom of Hungary (1920–46)]]
1585. [[Template:Country data Kingdom of Hungary/doc]]
1586. [[Template:Country data Kingdom of Iraq]]
1587. [[Template:Country data Kingdom of Ireland]]
1588. [[Template:Country data Kingdom of Ireland/doc]]
1589. [[Template:Country data Kingdom of Italy]]
1590. [[Template:Country data Kingdom of Italy/doc]]
1591. [[Template:Country data Kingdom of Laos]]
1592. [[Template:Country data Kingdom of Laos/doc]]
1593. [[Template:Country data Kingdom of Libya]]
1594. [[Template:Country data Kingdom of Libya/doc]]
1595. [[Template:Country data Kingdom of Montenegro]]
1596. [[Template:Country data Kingdom of Montenegro (1941–1944)]]
1597. [[Template:Country data Kingdom of Nepal]]
1598. [[Template:Country data Kingdom of Nepal/doc]]
1599. [[Template:Country data KIR]]
1600. [[Template:Country data KNA]]
1601. [[Template:Country data KOR]]
1602. [[Template:Country data KSA]]
1603. [[Template:Country data KUW]]
1604. [[Template:Country data KWT]]
1605. [[Template:Country2continental]]
1606. [[Template:Country2nationality]]
1607. [[Template:CountryPrefixThe]]
1608. [[Template:CRecurring]]
1609. [[Template:CRemoved]]
1610. [[Template:CS1 config]]
1611. [[Template:CSS and JS MediaWiki messages]]
1612. [[Template:CSS and JS MediaWiki messages/doc]]
1613. [[Template:CSS image crop]]
1614. [[Template:CSS image crop/doc]]
1615. [[Template:CSS3 multiple column layout]]
1616. [[Template:CURRENT YEAR]]
1617. [[Template:CURRENTGENGONAME-JST]]
1618. [[Template:CURRENTGENGOYEAR-JST]]
1619. [[Template:CURRENTJULIANDAY]]
1620. [[Template:CURRENTMONTH]]
1621. [[Template:CURRENTTIME-JST]]
1622. [[Template:CURRENTWEEKDAY/doc]]
1623. [[Template:CURRENTYEAR]]
1624. [[Template:CZE]]

Done! Reverted 3 pages.
