Logged in as Immanuelle
Starting undo process at 2025-11-07T22:43:52.296955+00:00
Will undo edits from the past 2 hour(s)

Fetching pages from [[Category:Templates missing wikidata]]...

Found 1740 pages to check

1. [[Template:!]]
   ✓ reverted [[Template:!]]
2. [[Template:!)]]
3. [[Template:!-]]
4. [[Template:!xt]]
5. [[Template:" ']]
6. [[Template:"']]
7. [[Template:']]
8. [[Template:'"]]
9. [[Template:'s]]
10. [[Template:(!]]
11. [[Template:((]]
12. [[Template:(Dis)establishments in decade category header]]
13. [[Template:(Dis)establishments in year category header]]
14. [[Template:))]]
15. [[Template:*]]
16. [[Template:-]]
17. [[Template:-"]]
18. [[Template:--]]
19. [[Template:-r]]
20. [[Template:-wrap]]
21. [[Template:0]]
22. [[Template:1]]
23. [[Template:100 Famous Japanese Mountains]]
24. [[Template:100 Fine Castles of Japan]]
25. [[Template:125 Shrines of Ise]]
   ✓ reverted [[Template:125 Shrines of Ise]]
26. [[Template:1x]]
27. [[Template:2]]
28. [[Template:2O]]
29. [[Template:2x]]
30. [[Template:3]]
31. [[Template:3x]]
32. [[Template:4]]
33. [[Template:5]]
34. [[Template:6]]
35. [[Template:;]]
36. [[Template:@]]
37. [[Template:A]]
38. [[Template:A genealogical tree based on the Kojiki]]
39. [[Template:A note]]
40. [[Template:Abbr]]
41. [[Template:Abbr/doc]]
42. [[Template:AbC]]
   ✓ reverted [[Template:AbC]]
43. [[Template:About]]
44. [[Template:About/doc]]
45. [[Template:Academic-bio-stub]]
46. [[Template:Academics by nationality and century category header/nationality]]
47. [[Template:ACArt]]
48. [[Template:Access level documentation]]
49. [[Template:Accessdate]]
50. [[Template:Accessdate/core]]
51. [[Template:According to whom]]
52. [[Template:Accountcreator topicon]]
53. [[Template:Accuracy]]
54. [[Template:Accuracy disputes progress]]
55. [[Template:Active]]
56. [[Template:Active fire]]
57. [[Template:Adachi clan heads]]
58. [[Template:Admin]]
59. [[Template:Admin backlog]]
60. [[Template:Admin topicon]]
61. [[Template:Admin-abbr]]
62. [[Template:Admincheck]]
63. [[Template:Administration category]]
64. [[Template:Administrative divisions of Japan]]
65. [[Template:AfC comment]]
66. [[Template:Afc comment]]
67. [[Template:AfC comment/doc]]
68. [[Template:AfC date category]]
69. [[Template:AFC submission]]
70. [[Template:AfC submission]]
71. [[Template:AfC submission/created]]
72. [[Template:AfC submission/doc]]
73. [[Template:AfC submission/pending]]
74. [[Template:AfC submission/testcases]]
   ✓ reverted [[Template:AfC submission/testcases]]
75. [[Template:AfC submission/tools]]
76. [[Template:AfC topic]]
77. [[Template:AfC topic/doc]]
78. [[Template:Age]]
79. [[Template:Age for infant]]
80. [[Template:Age in years and days]]
81. [[Template:Agree]]
82. [[Template:Ahnentafel]]
83. [[Template:Ahnentafel-chart]]
84. [[Template:Aichi]]
85. [[Template:Aimai]]
   ✓ reverted [[Template:Aimai]]
86. [[Template:Air force]]
87. [[Template:Airport codes]]
88. [[Template:Aka]]
89. [[Template:Akiha Faith]]
   ✓ reverted [[Template:Akiha Faith]]
90. [[Template:Alcoholic beverages]]
91. [[Template:Align]]
92. [[Template:Aligned table]]
93. [[Template:All included]]
94. [[Template:All plot]]
95. [[Template:Allincluded]]
96. [[Template:Allow wrap]]
97. [[Template:Also]]
98. [[Template:Also known as]]
99. [[Template:Ambiguous]]
100. [[Template:Ambox]]
101. [[Template:Ambox globe]]
102. [[Template:Ambox globe current red]]
103. [[Template:Ambox/doc]]
   ✓ reverted [[Template:Ambox/doc]]
104. [[Template:AmCyc Poster]]
105. [[Template:Amulets and Talismans]]
106. [[Template:Anchor]]
107. [[Template:Anchor/doc]]
108. [[Template:Anchors]]
109. [[Template:Ancient Egypt template list]]
110. [[Template:Ancient Egyptian Lunar Months]]
   ✓ reverted [[Template:Ancient Egyptian Lunar Months]]
111. [[Template:Ancient Egyptian religion]]
112. [[Template:Ancient Egyptian religion footer]]
113. [[Template:Ancient international relations]]
114. [[Template:Ancient Kofun in Japan]]
   ✓ reverted [[Template:Ancient Kofun in Japan]]
115. [[Template:Angbr]]
116. [[Template:Angbr IPA]]
117. [[Template:Angle bracket]]
118. [[Template:Anglicise Rank]]
   ✓ reverted [[Template:Anglicise Rank]]
119. [[Template:Animal as Bridegroom]]
120. [[Template:Anime-stub]]
121. [[Template:Anli]]
122. [[Template:Ann]]
123. [[Template:Annotated image]]
124. [[Template:Annotated image 4]]
125. [[Template:Annotated link]]
126. [[Template:AnonIP]]
127. [[Template:Any]]
128. [[Template:APIQuery categorymembers/table]]
129. [[Template:Apostrophe]]
130. [[Template:Apostrophe/doc]]
131. [[Template:Aqua]]
132. [[Template:ARABICMONTHNAME]]
133. [[Template:Archaeological sites by prefecture]]
134. [[Template:Archaeological sites in Japan by prefecture]]
135. [[Template:Archaeology]]
136. [[Template:Archaeology-stub]]
137. [[Template:Archery]]
138. [[Template:Architecturalelement-stub]]
139. [[Template:Architecture-stub]]
140. [[Template:Archive box]]
141. [[Template:Archive list]]
142. [[Template:Archive.today]]
143. [[Template:Archives]]
144. [[Template:ARG]]
145. [[Template:Aristocratic family trees]]
146. [[Template:Armed forces]]
147. [[Template:Armed forces/doc]]
148. [[Template:Army]]
149. [[Template:Army/core]]
150. [[Template:Army/doc]]
151. [[Template:Article]]
152. [[Template:Article stub box]]
153. [[Template:Article stub box/doc]]
154. [[Template:Articles needing cleanup progress]]
155. [[Template:As of]]
156. [[Template:As of/doc]]
157. [[Template:As of?]]
158. [[Template:Asama Faith]]
   ✓ reverted [[Template:Asama Faith]]
159. [[Template:Asbox]]
160. [[Template:Asia in topic]]
161. [[Template:Asia topic]]
162. [[Template:Aso Faith]]
   ✓ reverted [[Template:Aso Faith]]
163. [[Template:Asof]]
164. [[Template:Asterisk]]
165. [[Template:Asterisk/doc]]
166. [[Template:Atago Faith]]
   ✓ reverted [[Template:Atago Faith]]
167. [[Template:Atsuta Faith]]
   ✓ reverted [[Template:Atsuta Faith]]
168. [[Template:Attribution needed]]
   ✓ reverted [[Template:Attribution needed]]
169. [[Template:Attribution needed/doc]]
170. [[Template:Audio]]
171. [[Template:Audio templates]]
172. [[Template:Audio/doc]]
   ✓ reverted [[Template:Audio/doc]]
173. [[Template:AUS]]
174. [[Template:AUT]]
175. [[Template:Aut]]
176. [[Template:Authority control]]
177. [[Template:Authority Control]]
178. [[Template:Authority control (arts)]]
179. [[Template:Authority control/doc]]
   ✓ reverted [[Template:Authority control/doc]]
180. [[Template:Authority control/related]]
181. [[Template:Authority control/staging]]
   ✓ reverted [[Template:Authority control/staging]]
182. [[Template:Auto category TOC]]
183. [[Template:Auto italic title]]
184. [[Template:Auto short description]]
185. [[Template:Auto short description/doc]]
186. [[Template:Autodescription]]
187. [[Template:Automarkup]]
188. [[Template:Automated tools]]
189. [[Template:Automatic category TOC]]
190. [[Template:Automatic category TOC stats]]
191. [[Template:Automatic category TOC/core]]
   ✓ reverted [[Template:Automatic category TOC/core]]
192. [[Template:Automatic category TOC/doc]]
193. [[Template:Automatic taxobox]]
194. [[Template:Automatic taxobox/doc]]
195. [[Template:Autopatrolled topicon]]
196. [[Template:Autotaxobox system navbox]]
197. [[Template:Autotranslate]]
198. [[Template:Avalokiteśvara]]
   ✓ reverted [[Template:Avalokiteśvara]]
199. [[Template:Aviation-stub]]
200. [[Template:Avoid wrap]]
201. [[Template:Avoid wrap/doc]]
202. [[Template:Awards]]
203. [[Template:Awards, decorations, and medals of Wikipedia]]
204. [[Template:Awards, decorations, and medals of Wikipedia/doc]]
205. [[Template:AWB standard installation]]
206. [[Template:AWB standard installation/doc]]
207. [[Template:Awrap]]
208. [[Template:Ayd]]
209. [[Template:Aye]]
210. [[Template:Ayin]]
211. [[Template:Aztec mythology]]
212. [[Template:B]]
213. [[Template:B sup]]
214. [[Template:Background]]
215. [[Template:Background color]]
216. [[Template:Background color/doc]]
217. [[Template:Backlog]]
218. [[Template:Backlog progress bar]]
219. [[Template:Backlog status]]
220. [[Template:Backlog/doc]]
221. [[Template:Bad documentation]]
222. [[Template:Bagua]]
   ✓ reverted [[Template:Bagua]]
223. [[Template:Banner]]
   ✓ reverted [[Template:Banner]]
224. [[Template:Banner holder]]
225. [[Template:Banner holder/doc]]
226. [[Template:Banner shell related]]
227. [[Template:Bare URL image]]
228. [[Template:Bare URL image/doc]]
229. [[Template:Bare URL inline]]
230. [[Template:Bare URL inline/doc]]
231. [[Template:Bare URL PDF]]
232. [[Template:Bare URL PDF/doc]]
233. [[Template:Basepage subpage]]
234. [[Template:BASEPAGENAME]]
235. [[Template:BASETEMPLATENAME]]
236. [[Template:Basic information]]
237. [[Template:Basic information/doc]]
238. [[Template:Battle category by participant]]
239. [[Template:Bb]]
240. [[Template:BCE]]
241. [[Template:Bcode]]
242. [[Template:Beginner version]]
243. [[Template:Being worked on]]
244. [[Template:BEL]]
245. [[Template:Bells]]
246. [[Template:Beppyo Shrines]]
   ✓ reverted [[Template:Beppyo Shrines]]
247. [[Template:Beta]]
248. [[Template:Better source]]
   ✓ reverted [[Template:Better source]]
249. [[Template:Better source needed]]
250. [[Template:Better source needed/doc]]
   ✓ reverted [[Template:Better source needed/doc]]
251. [[Template:Bg]]
252. [[Template:Bgcolor]]
253. [[Template:BHS]]
254. [[Template:Bibcode]]
255. [[Template:Bibcode/doc]]
   ✓ reverted [[Template:Bibcode/doc]]
256. [[Template:Bibel]]
257. [[Template:Bibleverse]]
258. [[Template:Bidi Class]]
   ✓ reverted [[Template:Bidi Class]]
259. [[Template:Big]]
260. [[Template:Bigger]]
261. [[Template:Bigmath]]
262. [[Template:Birth and death year and age]]
263. [[Template:Birth date and age]]
264. [[Template:Birth date and age/doc]]
265. [[Template:Birth date/doc]]
266. [[Template:Birth year and age]]
267. [[Template:Birth year category header]]
268. [[Template:Birth-date]]
269. [[Template:Birth-date and age]]
270. [[Template:BirthyrBC]]
271. [[Template:Bir年]]
   ✓ reverted [[Template:Bir年]]
272. [[Template:Bk]]
273. [[Template:Black]]
274. [[Template:BLACK]]
275. [[Template:Black Exempt]]
276. [[Template:Blist]]
277. [[Template:Block bug documentation]]
278. [[Template:Block indent]]
279. [[Template:Blockindent]]
280. [[Template:Blockquote]]
281. [[Template:Blockquote/doc]]
282. [[Template:BLP primary sources]]
283. [[Template:BLP sources]]
   ✓ reverted [[Template:BLP sources]]
284. [[Template:BLP sources/doc]]
285. [[Template:Blue]]
286. [[Template:Bo]]
287. [[Template:Bo-textonly]]
288. [[Template:Bo/doc]]
289. [[Template:Bodhipakkhiyadhamma]]
290. [[Template:Bodhisattvas]]
291. [[Template:Bodhisattvas/doc]]
292. [[Template:Book-stub]]
293. [[Template:Bot use warning]]
294. [[Template:Bot use warning/doc]]
295. [[Template:Both]]
296. [[Template:Both/doc]]
297. [[Template:Botlinks]]
298. [[Template:Botlinks2]]
299. [[Template:Botlinks3]]
300. [[Template:Botlinks4]]
301. [[Template:Botnav]]
302. [[Template:Botop]]
303. [[Template:Bots]]
304. [[Template:Box]]
   ✓ reverted [[Template:Box]]
305. [[Template:Box-footer]]
306. [[Template:Box-footer/doc]]
307. [[Template:Box-header]]
308. [[Template:Box-shadow border]]
309. [[Template:Box/doc]]
310. [[Template:Bpmfsp]]
311. [[Template:Br]]
312. [[Template:Br list]]
313. [[Template:Br separated entries]]
314. [[Template:Br separated entries/doc]]
315. [[Template:BRA]]
316. [[Template:Braces]]
317. [[Template:Braces/doc]]
318. [[Template:Bracket]]
319. [[Template:Bracket/doc]]
320. [[Template:Brackets]]
321. [[Template:Brahmin communities]]
322. [[Template:Break]]
323. [[Template:Break/doc]]
324. [[Template:Bridge]]
325. [[Template:Britannica]]
326. [[Template:Britannica/doc]]
327. [[Template:Broader]]
328. [[Template:Broader/doc]]
329. [[Template:Broken anchor]]
330. [[Template:Bronze Age footer]]
331. [[Template:Brown]]
332. [[Template:Browse template documentation]]
333. [[Template:BuddhasHolySites]]
334. [[Template:BuddhasHolySites/doc]]
335. [[Template:Buddhism]]
336. [[Template:Buddhism and China]]
337. [[Template:Buddhism topics]]
338. [[Template:Buddhism-stub]]
339. [[Template:Buddhism2]]
340. [[Template:Buddhist Pantheon]]
341. [[Template:Buddhist Philosophy sidebar]]
341. [[Template:Buddhist Philosophy sidebar]] – ERROR: (<Page object 'Template:Buddhist Philosophy sidebar' for <Site object 'shinto.miraheze.org/w/'>>, 'Bot: undo wikidata additions from past 2 hours', 'Edit conflict.')
342. [[Template:Buddhist temples in China]]
343. [[Template:Buddhist temples in Japan/doc]]
344. [[Template:Buddhist term]]
345. [[Template:Buddhist-myth-stub]]
346. [[Template:Buddhist-temple-stub]]
347. [[Template:Buddhist-text-stub]]
348. [[Template:Building]]
349. [[Template:Buildings and structures completed in year category header]]
350. [[Template:Buildings and structures demolished in year category header]]
351. [[Template:Buildings and structures infobox templates]]
352. [[Template:Bull]]
353. [[Template:Bullet]]
354. [[Template:Bulleted list]]
355. [[Template:Bulleted list/doc]]
356. [[Template:Bulletlist]]
357. [[Template:BUR]]
358. [[Template:Bureaucrat]]
359. [[Template:Bureaucrat2]]
360. [[Template:Burmese nats]]
361. [[Template:Button]]
362. [[Template:Button templates]]
363. [[Template:Bxt]]
364. [[Template:Bxtg]]
365. [[Template:Bxtn]]
366. [[Template:By whom]]
367. [[Template:By whom/doc]]
368. [[Template:C]]
369. [[Template:C-cmn]]
370. [[Template:C-ja]]
371. [[Template:C-yue]]
372. [[Template:C.]]
373. [[Template:Calendar, clock, date and time computing templates]]
374. [[Template:Calendars]]
375. [[Template:Calendars/doc]]
376. [[Template:CAlso starring]]
377. [[Template:Campaignbox]]
378. [[Template:Campaignbox Campaigns of the Shimazu]]
379. [[Template:Campaignbox Campaigns of the Takeda]]
380. [[Template:CAN]]
381. [[Template:Canned search]]
382. [[Template:Cascade-protected template]]
383. [[Template:Cascade-protected template/doc]]
384. [[Template:Case templates see also]]
385. [[Template:Case templates table]]
386. [[Template:Cat]]
387. [[Template:Cat about]]
388. [[Template:Cat diffuse]]
389. [[Template:Cat exp]]
390. [[Template:Cat main]]
391. [[Template:Cat Main]]
392. [[Template:Cat main section]]
393. [[Template:Cat more]]
394. [[Template:Cat more if exists]]
395. [[Template:Cat see also]]
396. [[Template:Catalog lookup link]]
397. [[Template:Catalog lookup link/doc]]
398. [[Template:CatAutoTOC]]
399. [[Template:Catdiffuse]]
400. [[Template:CatDiffuse]]
401. [[Template:Category]]
402. [[Template:Category ambiguous]]
403. [[Template:Category anchor]]
404. [[Template:Category contrast]]
405. [[Template:Category diffuse]]
406. [[Template:Category diffuse/doc]]
407. [[Template:Category explanation]]
408. [[Template:Category explanation/doc]]
409. [[Template:Category handler]]
410. [[Template:Category hatnote templates]]
411. [[Template:Category header]]
412. [[Template:Category header/doc]]
413. [[Template:Category if exists]]
414. [[Template:Category link]]
415. [[Template:Category link if exists]]
416. [[Template:Category link if exists/doc]]
417. [[Template:Category link with count]]
418. [[Template:Category link with count/doc]]
   ✓ reverted [[Template:Category link with count/doc]]
419. [[Template:Category link without namespace]]
420. [[Template:Category link without namespace/doc]]
421. [[Template:Category link/core]]
422. [[Template:Category link/doc]]
423. [[Template:Category main]]
424. [[Template:Category main article]]
425. [[Template:Category main article/doc]]
426. [[Template:Category main section]]
427. [[Template:Category more]]
428. [[Template:Category more/doc]]
429. [[Template:Category other]]
430. [[Template:Category pair]]
431. [[Template:Category People by Japanese Court Rank]]
432. [[Template:Category Recipients of Japanese court rank]]
433. [[Template:Category redirect]]
434. [[Template:Category redirect/doc]]
   ✓ reverted [[Template:Category redirect/doc]]
435. [[Template:Category see also]]
436. [[Template:Category see also if exists]]
437. [[Template:Category see also if exists 2]]
438. [[Template:Category see also if exists 2/doc]]
439. [[Template:Category see also if exists/doc]]
440. [[Template:Category see also/Category pair check]]
441. [[Template:Category see also/doc]]
442. [[Template:Category seealso]]
443. [[Template:Category series navigation]]
444. [[Template:Category series navigation/doc]]
445. [[Template:Category TOC custom]]
446. [[Template:Category TOC see also]]
447. [[Template:Category TOC tracking categories]]
448. [[Template:Category TOC/doc]]
449. [[Template:Category tree]]
450. [[Template:Category tree all]]
451. [[Template:Category tree all/doc]]
451. [[Template:Category tree all/doc]] – ERROR: (<Page object 'Template:Category tree all/doc' for <Site object 'shinto.miraheze.org/w/'>>, 'Bot: undo wikidata additions from past 2 hours', 'Edit conflict.')
452. [[Template:Category tree/doc]]
   ✓ reverted [[Template:Category tree/doc]]
453. [[Template:Category used by module]]
454. [[Template:Category warning]]
455. [[Template:Category 中国の歴史]]
   ✓ reverted [[Template:Category 中国の歴史]]
456. [[Template:Category:Prefectures of Japan]]
   ✓ reverted [[Template:Category:Prefectures of Japan]]
457. [[Template:Category:Prefectures of Japan/doc]]
458. [[Template:Category:Prefectures of Japan/下位]]
   ✓ reverted [[Template:Category:Prefectures of Japan/下位]]
459. [[Template:Category:Prefectures of Japan/下位/prefixあり]]
   ✓ reverted [[Template:Category:Prefectures of Japan/下位/prefixあり]]
460. [[Template:Category:年別のカテゴリ/下位]]
   ✓ reverted [[Template:Category:年別のカテゴリ/下位]]
461. [[Template:Category:式内社 (旧国名別)]]
   ✓ reverted [[Template:Category:式内社 (旧国名別)]]
462. [[Template:Category:日本の都道府県]]
463. [[Template:Category:日本の都道府県/doc]]
464. [[Template:Category:日本の都道府県/下位]]
465. [[Template:Category:日本の都道府県/下位/prefixあり]]
466. [[Template:Category:日本史の人物 (旧国・地域名別)]]
   ✓ reverted [[Template:Category:日本史の人物 (旧国・地域名別)]]
467. [[Template:Category:東京都の特別区]]
   ✓ reverted [[Template:Category:東京都の特別区]]
468. [[Template:Category:東京都の特別区/doc]]
469. [[Template:CategoryTOC]]
470. [[Template:Catexp]]
471. [[Template:Catholic Encyclopedia]]
472. [[Template:Catmain]]
473. [[Template:Catmore]]
474. [[Template:CatPair]]
475. [[Template:CatRel]]
476. [[Template:Catrel]]
477. [[Template:Catseealso]]
478. [[Template:CatTrack]]
479. [[Template:Cattree]]
480. [[Template:Caution]]
481. [[Template:Cbignore]]
482. [[Template:Cbot]]
483. [[Template:Cc]]
   ✓ reverted [[Template:Cc]]
484. [[Template:Ccount]]
485. [[Template:Ceil]]
486. [[Template:Cell color]]
487. [[Template:CellCategory]]
488. [[Template:Center]]
489. [[Template:Center/doc]]
490. [[Template:Central]]
491. [[Template:Century name from decade or year]]
492. [[Template:Century name from title decade]]
493. [[Template:Century name from title year]]
494. [[Template:Cfd all]]
495. [[Template:CFinalist]]
496. [[Template:Cfr full]]
497. [[Template:CGuest]]
498. [[Template:Char]]
499. [[Template:Charity]]
500. [[Template:Chart]]
501. [[Template:Chart bottom]]
   ✓ reverted [[Template:Chart bottom]]
502. [[Template:Chart top]]
   ✓ reverted [[Template:Chart top]]
503. [[Template:Chart top/doc]]
504. [[Template:Chart/end]]
505. [[Template:Chart/end/doc]]
506. [[Template:Chart/start]]
507. [[Template:CHE]]
   ✓ reverted [[Template:CHE]]
508. [[Template:CHE/doc]]
509. [[Template:Check completeness of transclusions]]
510. [[Template:Check mark templates]]
511. [[Template:Check talk wp]]
512. [[Template:Checkdate]]
513. [[Template:Checkuser topicon]]
514. [[Template:Chem]]
515. [[Template:CHI]]
516. [[Template:Chiba]]
517. [[Template:Chinese]]
518. [[Template:Chinese Buddhist Canon]]
519. [[Template:Chinese Buddhist Pantheon]]
   ✓ reverted [[Template:Chinese Buddhist Pantheon]]
520. [[Template:Chinese constellation]]
521. [[Template:Chinese constellations]]
522. [[Template:Chinese garden styles]]
523. [[Template:Chinese philosophy]]
524. [[Template:Chinese Zodiac]]
525. [[Template:Chiyoda, Tokyo]]
526. [[Template:CHN]]
527. [[Template:CHNML]]
528. [[Template:Christ-stub]]
529. [[Template:Chronology]]
530. [[Template:Chronology citation needed]]
531. [[Template:Chronology citation needed/doc]]
532. [[Template:Chronology/doc]]
533. [[Template:Chuo, Tokyo]]
534. [[Template:CI]]
535. [[Template:Cinderella]]
536. [[Template:Cinderella/doc]]
537. [[Template:Circa]]
538. [[Template:Circa/doc]]
539. [[Template:Circa/doc/sortable]]
540. [[Template:Circular reference]]
541. [[Template:Circular reference/doc]]
542. [[Template:Citation]]
543. [[Template:Citation and verifiability article maintenance templates]]
544. [[Template:Citation and verifiability article maintenance templates/doc]]
545. [[Template:Citation error]]
546. [[Template:Citation help]]
   ✓ reverted [[Template:Citation help]]
547. [[Template:Citation Help]]
548. [[Template:Citation journal]]
549. [[Template:Citation needed]]
550. [[Template:Citation Needed]]
551. [[Template:Citation needed section]]
552. [[Template:Citation needed span]]
553. [[Template:Citation needed span/doc]]
554. [[Template:Citation needed/doc]]
555. [[Template:Citation needed範囲]]
556. [[Template:Citation repair]]
557. [[Template:Citation required]]
558. [[Template:Citation style]]
559. [[Template:Citation Style 1]]
560. [[Template:Citation Style 1/doc]]
561. [[Template:Citation Style documentation]]
562. [[Template:Citation Style documentation/cs1]]
563. [[Template:Citation Style documentation/display]]
564. [[Template:Citation Style documentation/doc]]
565. [[Template:Citation Style documentation/id1]]
566. [[Template:Citation Style documentation/id2]]
567. [[Template:Citation Style documentation/language]]
568. [[Template:Citation Style documentation/lead]]
569. [[Template:Citation Style documentation/quote]]
570. [[Template:Citation Style documentation/registration]]
571. [[Template:Citation Style documentation/usage]]
572. [[Template:Citation Style documentation/usage common]]
573. [[Template:Citation Style documentation/usage full]]
574. [[Template:Citation style/doc]]
575. [[Template:Citation-needed]]
576. [[Template:Citation/core]]
577. [[Template:Citation/core-ja-jp]]
578. [[Template:Citation/identifier]]
579. [[Template:Citation/showdate]]
580. [[Template:Citation/showdateCore]]
581. [[Template:Citation/showdateEN]]
582. [[Template:CitationNeeded]]
583. [[Template:Citations]]
584. [[Template:Citations missing]]
585. [[Template:Citations needed]]
586. [[Template:Cite]]
587. [[Template:Cite *]]
588. [[Template:Cite AmCyc]]
589. [[Template:Cite AmCyc/doc]]
590. [[Template:Cite Americana]]
591. [[Template:Cite Americana/doc]]
   ✓ reverted [[Template:Cite Americana/doc]]
592. [[Template:Cite arXiv]]
593. [[Template:Cite arXiv/doc]]
594. [[Template:Cite AV media]]
595. [[Template:Cite bioRxiv]]
596. [[Template:Cite bioRxiv/doc]]
597. [[Template:Cite book]]
598. [[Template:Cite Book]]
599. [[Template:Cite book ja-jp]]
600. [[Template:Cite book/new]]
   ✓ reverted [[Template:Cite book/new]]
601. [[Template:Cite Catholic Encyclopedia]]
602. [[Template:Cite Catholic Encyclopedia/doc]]
603. [[Template:Cite CE1913]]
604. [[Template:Cite Collier's]]
605. [[Template:Cite Collier's/doc]]
606. [[Template:Cite comic]]
607. [[Template:Cite comic/doc]]
608. [[Template:Cite compare]]
609. [[Template:Cite compare/doc]]
610. [[Template:Cite conference]]
611. [[Template:Cite conference/doc]]
612. [[Template:Cite constitution]]
613. [[Template:Cite constitution/core]]
614. [[Template:Cite constitution/doc]]
615. [[Template:Cite dictionary]]
616. [[Template:Cite Dictionary.com]]
617. [[Template:Cite EB1911]]
618. [[Template:Cite EB1911/doc]]
619. [[Template:Cite encyclopedia]]
620. [[Template:Cite encyclopedia/doc]]
621. [[Template:Cite gvp]]
622. [[Template:Cite IEP]]
623. [[Template:Cite instagram]]
624. [[Template:Cite journal]]
624. [[Template:Cite journal]] – ERROR: (<Page object 'Template:Cite journal' for <Site object 'shinto.miraheze.org/w/'>>, 'Bot: undo wikidata additions from past 2 hours', 'Edit conflict.')
625. [[Template:Cite Journal]]
626. [[Template:Cite journal/doc]]
627. [[Template:Cite Kotobank]]
   ✓ reverted [[Template:Cite Kotobank]]
628. [[Template:Cite kotobank]]
   ✓ reverted [[Template:Cite kotobank]]
629. [[Template:Cite letter]]
630. [[Template:Cite link label styles]]
631. [[Template:Cite link label styles/doc]]
632. [[Template:Cite magazine]]
633. [[Template:Cite magazine/doc]]
634. [[Template:Cite Man'yōshū]]
   ✓ reverted [[Template:Cite Man'yōshū]]
635. [[Template:Cite Merriam-Webster]]
636. [[Template:Cite news]]
637. [[Template:Cite news/doc]]
638. [[Template:Cite newspaper The Times]]
639. [[Template:Cite NIE]]
640. [[Template:Cite NIE/doc]]
   ✓ reverted [[Template:Cite NIE/doc]]
641. [[Template:Cite notes]]
   ✓ reverted [[Template:Cite notes]]
642. [[Template:Cite ODNB]]
643. [[Template:Cite ODNB/doc]]
644. [[Template:Cite OED]]
645. [[Template:Cite OED/doc]]
646. [[Template:Cite peakbagger]]
647. [[Template:Cite press release]]
648. [[Template:Cite press release/doc]]
649. [[Template:Cite pressrelease]]
650. [[Template:Cite report]]
651. [[Template:Cite report/doc]]
652. [[Template:Cite serial]]
653. [[Template:Cite serial/doc]]
654. [[Template:Cite sign]]
655. [[Template:Cite sign/doc]]
656. [[Template:Cite Source]]
657. [[Template:Cite sources]]
658. [[Template:Cite SSRN]]
659. [[Template:Cite thesis]]
660. [[Template:Cite thesis/doc]]
661. [[Template:Cite tweet]]
662. [[Template:Cite video]]
663. [[Template:Cite web]]
664. [[Template:Cite Web]]
665. [[Template:Cite web2]]
   ✓ reverted [[Template:Cite web2]]
666. [[Template:Cite wikisource]]
667. [[Template:Cite wikisource/doc]]
668. [[Template:Cite wikisource/make link]]
669. [[Template:Cite xxx]]
670. [[Template:Cite xxx/doc]]
671. [[Template:Cite-book]]
672. [[Template:Cite.php]]
   ✓ reverted [[Template:Cite.php]]
673. [[Template:Cite.php/doc]]
   ✓ reverted [[Template:Cite.php/doc]]
674. [[Template:Citebook]]
675. [[Template:CiteQuran Ayah]]
676. [[Template:CiteQuran Ayah/doc]]
677. [[Template:CJK]]
678. [[Template:CJKV]]
679. [[Template:Cjkv]]
680. [[Template:CJKV/doc]]
   ✓ reverted [[Template:CJKV/doc]]
681. [[Template:Cl]]
682. [[Template:Clarification needed]]
683. [[Template:Clarify]]
684. [[Template:Clarify span]]
   ✓ reverted [[Template:Clarify span]]
685. [[Template:Clarify span/doc]]
686. [[Template:Clarify/doc]]
687. [[Template:Clarifyme]]
688. [[Template:Classical Japanese literature]]
689. [[Template:Classification bar]]
690. [[Template:Clc]]
691. [[Template:Clean-up categories from year]]
692. [[Template:Clean-up categories progress]]
693. [[Template:Cleanup category]]
694. [[Template:Cleanup lang]]
695. [[Template:Cleanup reorganize]]
696. [[Template:Cleanup rewrite]]
697. [[Template:Cleanup rewrite/doc]]
698. [[Template:Cleanup section]]
   ✓ reverted [[Template:Cleanup section]]
699. [[Template:Cleanup section/doc]]
700. [[Template:Cleanup/doc]]
   ✓ reverted [[Template:Cleanup/doc]]
701. [[Template:Clear]]
702. [[Template:Clear right]]
703. [[Template:Clear/doc]]
704. [[Template:Clearleft]]
705. [[Template:Clearright]]
706. [[Template:Clickable button]]
707. [[Template:Clickable button 2]]
708. [[Template:Clickable button/doc]]
709. [[Template:Climate chart]]
710. [[Template:Climate chart/doc]]
711. [[Template:Climate chart/How to read a climate chart]]
712. [[Template:Close paraphrasing]]
713. [[Template:Closing without action]]
714. [[Template:Clr]]
715. [[Template:Cls]]
716. [[Template:CMain]]
717. [[Template:Cmbox]]
718. [[Template:Cmbox/doc]]
718. [[Template:Cmbox/doc]] – ERROR: (<Page object 'Template:Cmbox/doc' for <Site object 'shinto.miraheze.org/w/'>>, 'Bot: undo wikidata additions from past 2 hours', 'Edit conflict.')
719. [[Template:Cn]]
720. [[Template:CN]]
721. [[Template:CNone]]
722. [[Template:CO2]]
723. [[Template:CO2/doc]]
724. [[Template:Coast guard]]
725. [[Template:Coast guard/core]]
726. [[Template:Coast guard/doc]]
727. [[Template:Coat of arms]]
728. [[Template:Cob]]
729. [[Template:Code]]
730. [[Template:Code/doc]]
730. [[Template:Code/doc]] – ERROR: (<Page object 'Template:Code/doc' for <Site object 'shinto.miraheze.org/w/'>>, 'Bot: undo wikidata additions from past 2 hours', 'Edit conflict.')
731. [[Template:Codett]]
732. [[Template:COinS safe]]
733. [[Template:COinS safe/doc]]
734. [[Template:Col]]
735. [[Template:COL]]
736. [[Template:Col div]]
737. [[Template:Col div end]]
738. [[Template:Col-2]]
739. [[Template:Col-3]]
740. [[Template:Col-begin]]
741. [[Template:Col-begin template]]
742. [[Template:Col-begin/doc]]
743. [[Template:Col-break]]
744. [[Template:Col-break/doc]]
745. [[Template:Col-end]]
746. [[Template:Col-end/doc]]
747. [[Template:Col-float]]
748. [[Template:Col-float-break]]
749. [[Template:Col-float-end]]
750. [[Template:Col-float/doc]]
751. [[Template:Col-list]]
752. [[Template:Col-start]]
753. [[Template:Colbegin]]
754. [[Template:Colend]]
755. [[Template:Collapse]]
756. [[Template:Collapse bottom]]
757. [[Template:Collapse Templates]]
758. [[Template:Collapse top]]
759. [[Template:Collapse top/doc]]
760. [[Template:Collapse/doc]]
   ✓ reverted [[Template:Collapse/doc]]
761. [[Template:Collapsed infobox section begin]]
762. [[Template:Collapsed infobox section end]]
763. [[Template:Collapsible large category TOC]]
764. [[Template:Collapsible list]]
765. [[Template:Collapsible option]]
766. [[Template:Collapsible templates]]
767. [[Template:CollapsibleLargeCategoryTOC]]
768. [[Template:Colon]]
769. [[Template:COLON]]
770. [[Template:Color]]
771. [[Template:Color box]]
772. [[Template:Color-stub]]
773. [[Template:Color/doc]]
774. [[Template:Colored link]]
775. [[Template:Colored link/doc]]
   ✓ reverted [[Template:Colored link/doc]]
776. [[Template:Column]]
777. [[Template:Column list]]
778. [[Template:Column-count]]
779. [[Template:Column-generating template families]]
780. [[Template:Column-width]]
781. [[Template:Columns-break]]
782. [[Template:Columns-end]]
783. [[Template:Columns-list]]
784. [[Template:Columns-list/doc]]
785. [[Template:Columns-start]]
786. [[Template:Columns-start/doc]]
787. [[Template:Comedy footer]]
   ✓ reverted [[Template:Comedy footer]]
788. [[Template:Coming soon]]
789. [[Template:Comma separated entries]]
790. [[Template:Comma separated entries/doc]]
791. [[Template:Committed identity]]
792. [[Template:Commons]]
   ✓ reverted [[Template:Commons]]
793. [[Template:Commons and Category]]
   ✓ reverted [[Template:Commons and Category]]
794. [[Template:Commons cat]]
795. [[Template:Commons cat multi]]
796. [[Template:Commons category]]
797. [[Template:Commons Category]]
798. [[Template:Commons Category inline]]
799. [[Template:Commons category multi]]
800. [[Template:Commons category multi/doc]]
801. [[Template:Commons category-inline]]
802. [[Template:Commons Category-inline]]
   ✓ reverted [[Template:Commons Category-inline]]
803. [[Template:Commons category-inline/doc]]
   ✓ reverted [[Template:Commons category-inline/doc]]
804. [[Template:Commons category/doc]]
805. [[Template:Commons inline]]
806. [[Template:Commons templates location]]
807. [[Template:Commons templates location/doc]]
808. [[Template:Commons templates see also]]
808. [[Template:Commons templates see also]] – ERROR: (<Page object 'Template:Commons templates see also' for <Site object 'shinto.miraheze.org/w/'>>, 'Bot: undo wikidata additions from past 2 hours', 'Edit conflict.')
809. [[Template:Commons templates see also/doc]]
810. [[Template:Commons+cat]]
811. [[Template:Commons-inline]]
812. [[Template:Commons-inline/doc]]
813. [[Template:Commons/doc]]
814. [[Template:Commonscat]]
815. [[Template:Commonscat inline]]
816. [[Template:Commonscat-inline]]
817. [[Template:Commonscatinline]]
818. [[Template:Compact TOC]]
819. [[Template:Compact ToC]]
820. [[Template:Compact TOC/doc]]
821. [[Template:Company-stub]]
822. [[Template:Compare]]
823. [[Template:Compare image with Wikidata]]
824. [[Template:Compare image with Wikidata/doc]]
825. [[Template:Compare pages]]
826. [[Template:Complete list]]
827. [[Template:Complex]]
828. [[Template:Conditional tables/example 1]]
829. [[Template:Conditional tables/example 1b]]
830. [[Template:Conditional tables/example 2]]
831. [[Template:Conditional tables/example 2a]]
832. [[Template:Conditional tables/example 2b]]
833. [[Template:Conditional tables/example 2c]]
834. [[Template:Confucianism]]
835. [[Template:Confucianism/doc]]
836. [[Template:Confuse]]
837. [[Template:Confused]]
838. [[Template:Confusing]]
839. [[Template:Confusing/doc]]
840. [[Template:Confusion]]
841. [[Template:Conservatism in Japan]]
842. [[Template:Consorts of Japan]]
843. [[Template:Conspiracy theories]]
844. [[Template:Container]]
845. [[Template:Container cat]]
846. [[Template:Container category]]
847. [[Template:Container category/doc]]
848. [[Template:Containercat]]
849. [[Template:Contains special characters]]
850. [[Template:Contains special characters/core]]
851. [[Template:Contains special characters/doc]]
852. [[Template:Contemporary Jingu]]
853. [[Template:Contentious label]]
   ✓ reverted [[Template:Contentious label]]
854. [[Template:Continent-based templates]]
855. [[Template:Continued Top 100 Japanese Castles]]
856. [[Template:Contradict-inline]]
857. [[Template:Contradictory inline]]
858. [[Template:Contradictory inline/doc]]
859. [[Template:Contrast]]
860. [[Template:Contribs2]]
861. [[Template:Contributing to Wikipedia]]
862. [[Template:Contributing to Wikipedia/doc]]
863. [[Template:Convert]]
864. [[Template:Convert abbreviated]]
865. [[Template:Convert abbreviated/doc]]
866. [[Template:Convert/doc]]
867. [[Template:Convinfobox]]
868. [[Template:Convinfobox/doc]]
869. [[Template:Coor d]]
870. [[Template:Coord]]
871. [[Template:Coord how-to]]
   ✓ reverted [[Template:Coord how-to]]
872. [[Template:Coord list]]
872. [[Template:Coord list]] – ERROR: (<Page object 'Template:Coord list' for <Site object 'shinto.miraheze.org/w/'>>, 'Bot: undo wikidata additions from past 2 hours', 'Edit conflict.')
873. [[Template:Coord missing]]
874. [[Template:Coord missing/CheckCat]]
875. [[Template:Coord missing/doc]]
   ✓ reverted [[Template:Coord missing/doc]]
876. [[Template:Coord/doc]]
   ✓ reverted [[Template:Coord/doc]]
877. [[Template:Coord2]]
   ✓ reverted [[Template:Coord2]]
878. [[Template:CoordDec]]
879. [[Template:CoordDM]]
880. [[Template:CoordDMS]]
881. [[Template:Coordinate]]
882. [[Template:Coordinate list]]
   ✓ reverted [[Template:Coordinate list]]
883. [[Template:Coordinates]]
884. [[Template:Coordinates List]]
884. [[Template:Coordinates List]] – ERROR: (<Page object 'Template:Coordinates List' for <Site object 'shinto.miraheze.org/w/'>>, 'Bot: undo wikidata additions from past 2 hours', 'Edit conflict.')
885. [[Template:Coordinates list]]
   ✓ reverted [[Template:Coordinates list]]
886. [[Template:Coords]]
887. [[Template:Copied]]
888. [[Template:Coptic]]
889. [[Template:Copy edit]]
890. [[Template:Copy edit/doc]]
891. [[Template:Copyvios]]
892. [[Template:Coronation]]
893. [[Template:Correct title examples]]
   ✓ reverted [[Template:Correct title examples]]
894. [[Template:Cosmology-stub]]
895. [[Template:Cot]]
896. [[Template:COther]]
897. [[Template:Count]]
898. [[Template:Counter category]]
899. [[Template:Country abbreviation]]
900. [[Template:Country alias JPN]]
901. [[Template:Country alias 三重県]]
902. [[Template:Country alias 京都府]]
903. [[Template:Country alias 兵庫県]]
904. [[Template:Country alias 北海道]]
905. [[Template:Country alias 千葉県]]
906. [[Template:Country alias 和歌山県]]
907. [[Template:Country alias 埼玉県]]
908. [[Template:Country alias 大分県]]
909. [[Template:Country alias 大阪府]]
910. [[Template:Country alias 奈良県]]
911. [[Template:Country alias 富山県]]
912. [[Template:Country alias 山形県]]
913. [[Template:Country alias 山梨県]]
914. [[Template:Country alias 岐阜県]]
915. [[Template:Country alias 岡山県]]
916. [[Template:Country alias 岩手県]]
917. [[Template:Country alias 島根県]]
918. [[Template:Country alias 広島県]]
919. [[Template:Country alias 徳島県]]
920. [[Template:Country alias 愛媛県]]
921. [[Template:Country alias 愛知県]]
922. [[Template:Country alias 新潟県]]
923. [[Template:Country alias 東京都]]
924. [[Template:Country alias 栃木県]]
925. [[Template:Country alias 沖縄県]]
926. [[Template:Country alias 熊本県]]
927. [[Template:Country alias 石川県]]
928. [[Template:Country alias 福岡県]]
929. [[Template:Country alias 福島県]]
930. [[Template:Country alias 群馬県]]
931. [[Template:Country alias 茨城県]]
932. [[Template:Country alias 長野県]]
933. [[Template:Country alias 青森県]]
934. [[Template:Country alias 静岡県]]
935. [[Template:Country alias 香川県]]
936. [[Template:Country data]]
937. [[Template:Country data Abkhazia]]
938. [[Template:Country data Abkhazia/doc]]
939. [[Template:Country data ABW]]
940. [[Template:Country data Aden]]
941. [[Template:Country data Aden/doc]]
942. [[Template:Country data AFG]]
943. [[Template:Country data Afghanistan]]
944. [[Template:Country data Afghanistan/doc]]
945. [[Template:Country data AGO]]
946. [[Template:Country data AIA]]
947. [[Template:Country data Aichi]]
948. [[Template:Country data Aichi Prefecture]]
949. [[Template:Country data Aichi Prefecture/doc]]
950. [[Template:Country data Aiti]]
951. [[Template:Country data Akita]]
952. [[Template:Country data Akita Prefecture]]
953. [[Template:Country data Akita Prefecture/doc]]
954. [[Template:Country data Akrotiri and Dhekelia]]
955. [[Template:Country data Akrotiri and Dhekelia/doc]]
956. [[Template:Country data ALA]]
957. [[Template:Country data ALB]]
958. [[Template:Country data Albania]]
959. [[Template:Country data Albania/doc]]
960. [[Template:Country data Alderney]]
961. [[Template:Country data ALG]]
962. [[Template:Country data Algeria]]
963. [[Template:Country data Algeria/doc]]
964. [[Template:Country data All-Palestine]]
965. [[Template:Country data All-Palestine/doc]]
966. [[Template:Country data Allied-occupied Germany]]
967. [[Template:Country data Allied-occupied Germany/doc]]
968. [[Template:Country data American Samoa]]
969. [[Template:Country data American Samoa/doc]]
970. [[Template:Country data AND]]
971. [[Template:Country data Andorra]]
972. [[Template:Country data Andorra/doc]]
973. [[Template:Country data ANG]]
974. [[Template:Country data Angola]]
975. [[Template:Country data Angola/doc]]
976. [[Template:Country data Anguilla]]
977. [[Template:Country data Anguilla/doc]]
978. [[Template:Country data Antigua and Barbuda]]
979. [[Template:Country data Antigua and Barbuda/doc]]
980. [[Template:Country data Aomori]]
981. [[Template:Country data Aomori Prefecture]]
982. [[Template:Country data Aomori Prefecture/doc]]
983. [[Template:Country data Aotearoa]]
984. [[Template:Country data Aotearoa New Zealand]]
985. [[Template:Country data Arab Federation]]
986. [[Template:Country data Arab Federation/doc]]
987. [[Template:Country data Archduchy of Austria]]
988. [[Template:Country data ARE]]
989. [[Template:Country data ARG]]
990. [[Template:Country data Argentina]]
991. [[Template:Country data Argentina/doc]]
992. [[Template:Country data Argentine Confederation]]
993. [[Template:Country data Argentine Confederation/doc]]
994. [[Template:Country data ARM]]
995. [[Template:Country data Armenia]]
996. [[Template:Country data Armenia/doc]]
997. [[Template:Country data Armenian SSR]]
998. [[Template:Country data ARU]]
999. [[Template:Country data Aruba]]
1000. [[Template:Country data Aruba/doc]]
1001. [[Template:Country data ASA]]
1002. [[Template:Country data Ascension Island]]
1003. [[Template:Country data Ascension Island/doc]]
1004. [[Template:Country data ASM]]
1005. [[Template:Country data ATF]]
1006. [[Template:Country data ATG]]
1007. [[Template:Country data AUS]]
1008. [[Template:Country data Australasia]]
1009. [[Template:Country data Australia]]
1010. [[Template:Country data Australia/doc]]
1011. [[Template:Country data Austria]]
1012. [[Template:Country data Austria-Hungary]]
1013. [[Template:Country data Austria-Hungary/doc]]
1014. [[Template:Country data Austria/doc]]
1015. [[Template:Country data Austrian Empire]]
1016. [[Template:Country data Austrian Empire/doc]]
1017. [[Template:Country data Austro-Hungary]]
1018. [[Template:Country data AUT]]
1019. [[Template:Country data AZE]]
1020. [[Template:Country data Azerbaijan]]
1021. [[Template:Country data Azerbaijan SSR]]
1022. [[Template:Country data Azerbaijan/doc]]
1023. [[Template:Country data Ba'athist Iraq]]
1024. [[Template:Country data Ba'athist Iraq/doc]]
1025. [[Template:Country data Ba'athist Syria]]
1026. [[Template:Country data Ba'athist Syria/doc]]
1027. [[Template:Country data Baden-Württemberg]]
1028. [[Template:Country data Baden-Württemberg/doc]]
1029. [[Template:Country data BAH]]
1030. [[Template:Country data Bahamas]]
1031. [[Template:Country data Bahamas/doc]]
1032. [[Template:Country data Bahrain]]
1033. [[Template:Country data Bahrain/doc]]
1034. [[Template:Country data Bailiwick of Guernsey]]
1035. [[Template:Country data Bailiwick of Guernsey/doc]]
1036. [[Template:Country data Baker Island]]
1037. [[Template:Country data Baker Island/doc]]
1038. [[Template:Country data BAN]]
1039. [[Template:Country data Bangladesh]]
1040. [[Template:Country data Bangladesh/doc]]
1041. [[Template:Country data BAR]]
1042. [[Template:Country data Barbados]]
1043. [[Template:Country data Barbados/doc]]
1044. [[Template:Country data Batavian Republic]]
1045. [[Template:Country data Batavian Republic/doc]]
1046. [[Template:Country data Bavaria]]
1047. [[Template:Country data Bavaria/doc]]
1048. [[Template:Country data Bayern]]
1049. [[Template:Country data BDI]]
1050. [[Template:Country data Bechuanaland Protectorate]]
1051. [[Template:Country data Bechuanaland Protectorate/doc]]
1052. [[Template:Country data BEL]]
1053. [[Template:Country data BEL-exile]]
1054. [[Template:Country data Belarus]]
1055. [[Template:Country data Belarus/doc]]
1056. [[Template:Country data Belarusian People's Republic]]
1057. [[Template:Country data Belgian Congo]]
1058. [[Template:Country data Belgian government in exile]]
1059. [[Template:Country data Belgium]]
1060. [[Template:Country data Belgium (exile)]]
1061. [[Template:Country data Belgium/doc]]
1062. [[Template:Country data Belize]]
1063. [[Template:Country data Belize/doc]]
1064. [[Template:Country data Belorussia]]
1065. [[Template:Country data Belorussian SSR]]
1066. [[Template:Country data BEN]]
1067. [[Template:Country data Benin]]
1068. [[Template:Country data Benin/doc]]
1069. [[Template:Country data BER]]
1070. [[Template:Country data Bermuda]]
1071. [[Template:Country data Bermuda/doc]]
1072. [[Template:Country data BES]]
1073. [[Template:Country data BFA]]
1074. [[Template:Country data BGD]]
1075. [[Template:Country data BGR]]
1076. [[Template:Country data BHR]]
1077. [[Template:Country data BHS]]
1078. [[Template:Country data BHU]]
1079. [[Template:Country data Bhutan]]
1080. [[Template:Country data Bhutan/doc]]
1081. [[Template:Country data BIH]]
1082. [[Template:Country data BIZ]]
1083. [[Template:Country data BLM]]
1084. [[Template:Country data BLR]]
1085. [[Template:Country data BLZ]]
1086. [[Template:Country data BMU]]
1087. [[Template:Country data Bohemia]]
1088. [[Template:Country data BOL]]
1089. [[Template:Country data Bolivia]]
1090. [[Template:Country data Bolivia/doc]]
1091. [[Template:Country data Bonaire, Sint Eustatius and Saba]]
1092. [[Template:Country data Bosnia and Herzegovina]]
1093. [[Template:Country data Bosnia and Herzegovina/doc]]
1094. [[Template:Country data Bosnia-Herzegovina]]
1095. [[Template:Country data BOT]]
1096. [[Template:Country data Botswana]]
1097. [[Template:Country data Botswana/doc]]
1098. [[Template:Country data Bourbon Restoration]]
1099. [[Template:Country data Bourbon Restoration/doc]]
1100. [[Template:Country data BRA]]
1101. [[Template:Country data Brazil]]
1102. [[Template:Country data Brazil/doc]]
1103. [[Template:Country data Brazilian military government]]
1104. [[Template:Country data BRB]]
1105. [[Template:Country data British Antarctic Territory]]
1106. [[Template:Country data British Antarctic Territory/doc]]
1107. [[Template:Country data British Burma]]
1108. [[Template:Country data British Burma/doc]]
1109. [[Template:Country data British Cameroon]]
1110. [[Template:Country data British Cameroon/doc]]
1111. [[Template:Country data British Ceylon]]
1112. [[Template:Country data British Ceylon/doc]]
1113. [[Template:Country data British Columbia]]
1114. [[Template:Country data British Columbia/doc]]
1115. [[Template:Country data British Empire]]
1116. [[Template:Country data British Guiana]]
1117. [[Template:Country data British Guiana/doc]]
1118. [[Template:Country data British Honduras]]
1119. [[Template:Country data British Honduras/doc]]
1120. [[Template:Country data British India]]
1121. [[Template:Country data British Indian Ocean Territory]]
1122. [[Template:Country data British Indian Ocean Territory/doc]]
1123. [[Template:Country data British Raj]]
1124. [[Template:Country data British Raj/doc]]
1125. [[Template:Country data British Singapore]]
1126. [[Template:Country data British Singapore/doc]]
1127. [[Template:Country data British Solomon Islands]]
1128. [[Template:Country data British Solomon Islands Protectorate]]
1129. [[Template:Country data British Virgin Islands]]
1130. [[Template:Country data British Virgin Islands/doc]]
1131. [[Template:Country data BRN]]
1132. [[Template:Country data BRU]]
1133. [[Template:Country data Brunei]]
1134. [[Template:Country data Brunei Darussalam]]
1135. [[Template:Country data Brunei/doc]]
1136. [[Template:Country data Brunswick]]
1137. [[Template:Country data BSSR]]
1138. [[Template:Country data BTN]]
1139. [[Template:Country data BUL]]
1140. [[Template:Country data Bulgaria]]
1141. [[Template:Country data Bulgaria/doc]]
1142. [[Template:Country data BUR]]
1143. [[Template:Country data Burkina Faso]]
1144. [[Template:Country data Burkina Faso/doc]]
1145. [[Template:Country data Burma]]
1146. [[Template:Country data Burma/doc]]
1147. [[Template:Country data Burundi]]
1148. [[Template:Country data Burundi/doc]]
1149. [[Template:Country data BVI]]
1150. [[Template:Country data BWA]]
1151. [[Template:Country data Byelorussia]]
1152. [[Template:Country data Byelorussian Soviet Socialist Republic]]
1153. [[Template:Country data Byelorussian Soviet Socialist Republic/doc]]
1154. [[Template:Country data Byelorussian SSR]]
1155. [[Template:Country data Cabo Verde]]
1156. [[Template:Country data CAF]]
1157. [[Template:Country data California]]
1158. [[Template:Country data California/doc]]
1159. [[Template:Country data CAM]]
1160. [[Template:Country data Cambodia]]
1161. [[Template:Country data Cambodia/doc]]
1162. [[Template:Country data Cameroon]]
1163. [[Template:Country data Cameroon/doc]]
1164. [[Template:Country data CAN]]
1165. [[Template:Country data Canada]]
1166. [[Template:Country data Canada/doc]]
1167. [[Template:Country data Cape Colony]]
1168. [[Template:Country data Cape Colony/doc]]
1169. [[Template:Country data Cape Verde]]
1170. [[Template:Country data Cape Verde/doc]]
1171. [[Template:Country data Caribbean Netherlands]]
1172. [[Template:Country data Caribbean Netherlands/doc]]
1173. [[Template:Country data Carpatho-Ukraine]]
1174. [[Template:Country data CAY]]
1175. [[Template:Country data Cayman Islands]]
1176. [[Template:Country data Cayman Islands/doc]]
1177. [[Template:Country data CCK]]
1178. [[Template:Country data Central African Republic]]
1179. [[Template:Country data Central African Republic/doc]]
1180. [[Template:Country data Ceylon]]
1181. [[Template:Country data Ceylon/doc]]
1182. [[Template:Country data CGO]]
1183. [[Template:Country data CH]]
1184. [[Template:Country data CHA]]
1185. [[Template:Country data Chad]]
1186. [[Template:Country data Chad/doc]]
1187. [[Template:Country data Changhua County]]
1188. [[Template:Country data Changhua County/doc]]
1189. [[Template:Country data Channel Islands]]
1190. [[Template:Country data CHE]]
1191. [[Template:Country data CHI]]
1192. [[Template:Country data Chiayi County]]
1193. [[Template:Country data Chiayi County/doc]]
1194. [[Template:Country data Chiba]]
1195. [[Template:Country data Chiba Prefecture]]
1196. [[Template:Country data Chiba Prefecture/doc]]
1197. [[Template:Country data Chile]]
1198. [[Template:Country data Chile/doc]]
1199. [[Template:Country data China]]
1200. [[Template:Country data China (People's Republic of)]]
1201. [[Template:Country data China, People's Republic of]]
1202. [[Template:Country data China, Republic of]]
1203. [[Template:Country data China/doc]]
1204. [[Template:Country data Chinese Taipei]]
1205. [[Template:Country data CHL]]
1206. [[Template:Country data CHN]]
1207. [[Template:Country data Christmas Island]]
1208. [[Template:Country data Christmas Island/doc]]
1209. [[Template:Country data CIS]]
1210. [[Template:Country data CIV]]
1211. [[Template:Country data Clipperton Island]]
1212. [[Template:Country data Clipperton Island/doc]]
1213. [[Template:Country data CMR]]
1214. [[Template:Country data Cocos (Keeling) Islands]]
1215. [[Template:Country data Cocos (Keeling) Islands/doc]]
1216. [[Template:Country data Cocos Islands]]
1217. [[Template:Country data COD]]
1218. [[Template:Country data COG]]
1219. [[Template:Country data COK]]
1220. [[Template:Country data COL]]
1221. [[Template:Country data Colombia]]
1222. [[Template:Country data Colombia/doc]]
1223. [[Template:Country data Colony of Singapore]]
1224. [[Template:Country data Colony of Singapore/doc]]
1225. [[Template:Country data Colony of Surinam]]
1226. [[Template:Country data Colorado]]
1227. [[Template:Country data Colorado/doc]]
1228. [[Template:Country data COM]]
1229. [[Template:Country data Commonwealth of Independent States]]
1230. [[Template:Country data Commonwealth of Independent States/doc]]
1231. [[Template:Country data Comoros]]
1232. [[Template:Country data Comoros/doc]]
1233. [[Template:Country data Congo]]
1234. [[Template:Country data Congo Free State]]
1235. [[Template:Country data Congo, Democratic Republic of the]]
1236. [[Template:Country data Congo, Republic of the]]
1237. [[Template:Country data Congo-Brazzaville]]
1238. [[Template:Country data Congo-Kinshasa]]
1239. [[Template:Country data Cook Islands]]
1240. [[Template:Country data Cook Islands/doc]]
1241. [[Template:Country data Coral Sea Islands]]
1242. [[Template:Country data Coral Sea Islands/doc]]
1243. [[Template:Country data Cossack Hetmanate]]
1244. [[Template:Country data Costa Rica]]
1245. [[Template:Country data Costa Rica/doc]]
1246. [[Template:Country data CPV]]
1247. [[Template:Country data CRC]]
1248. [[Template:Country data CRI]]
1249. [[Template:Country data CRO]]
1250. [[Template:Country data Croatia]]
1251. [[Template:Country data Croatia/doc]]
1252. [[Template:Country data Crown Colony of North Borneo]]
1253. [[Template:Country data Crown Colony of North Borneo/doc]]
1254. [[Template:Country data CSK]]
1255. [[Template:Country data CSK-exile]]
1256. [[Template:Country data CTA]]
1257. [[Template:Country data CUB]]
1258. [[Template:Country data Cuba]]
1259. [[Template:Country data Cuba/doc]]
1260. [[Template:Country data CUR]]
1261. [[Template:Country data Curacao]]
1262. [[Template:Country data Curaçao]]
1263. [[Template:Country data Curaçao and Dependencies]]
1264. [[Template:Country data Curaçao/doc]]
1265. [[Template:Country data CUW]]
1266. [[Template:Country data CXR]]
1267. [[Template:Country data CYM]]
1268. [[Template:Country data CYP]]
1269. [[Template:Country data Cyprus]]
1270. [[Template:Country data Cyprus/doc]]
1271. [[Template:Country data CZE]]
1272. [[Template:Country data Czech Republic]]
1273. [[Template:Country data Czech Republic/doc]]
1274. [[Template:Country data Czechia]]
1275. [[Template:Country data Czechoslovak government-in-exile]]
1276. [[Template:Country data Czechoslovakia]]
1277. [[Template:Country data Czechoslovakia (exile)]]
1278. [[Template:Country data Czechoslovakia/doc]]
1279. [[Template:Country data Côte d'Ivoire]]
1280. [[Template:Country data D.R. Afghanistan]]
1281. [[Template:Country data Dahomey]]
1282. [[Template:Country data Dahomey/doc]]
1283. [[Template:Country data Danelaw]]
1284. [[Template:Country data DE-BW]]
1285. [[Template:Country data DE-BY]]
1286. [[Template:Country data Democratic Federal Yugoslavia]]
1287. [[Template:Country data Democratic People's Republic of Korea]]
1288. [[Template:Country data Democratic Republic of Afghanistan]]
1289. [[Template:Country data Democratic Republic of Afghanistan/doc]]
1290. [[Template:Country data Democratic Republic of the Congo]]
1291. [[Template:Country data Democratic Republic of the Congo/doc]]
1292. [[Template:Country data DEN]]
1293. [[Template:Country data Denmark]]
1294. [[Template:Country data Denmark/doc]]
1295. [[Template:Country data Derg]]
1296. [[Template:Country data Derg/doc]]
1297. [[Template:Country data DEU]]
1298. [[Template:Country data DJI]]
1299. [[Template:Country data Djibouti]]
1300. [[Template:Country data Djibouti/doc]]
1301. [[Template:Country data DMA]]
1302. [[Template:Country data Dnipropetrovsk Oblast]]
1303. [[Template:Country data Dnipropetrovsk Oblast/doc]]
1304. [[Template:Country data DNK]]
1305. [[Template:Country data DOM]]
1306. [[Template:Country data Dominica]]
1307. [[Template:Country data Dominica/doc]]
1308. [[Template:Country data Dominican Republic]]
1309. [[Template:Country data Dominican Republic/doc]]
1310. [[Template:Country data Dominion of Canada]]
1311. [[Template:Country data Dominion of India]]
1312. [[Template:Country data Dominion of New Zealand]]
1313. [[Template:Country data Donetsk People's Republic]]
1314. [[Template:Country data DR Afghanistan]]
1315. [[Template:Country data DR Congo]]
1316. [[Template:Country data DRA]]
1317. [[Template:Country data Dutch Guiana]]
1318. [[Template:Country data Dutch Republic]]
1319. [[Template:Country data Dutch Republic/doc]]
1320. [[Template:Country data DZA]]
1321. [[Template:Country data East Germany]]
1322. [[Template:Country data East Turkestan]]
1323. [[Template:Country data ECU]]
1324. [[Template:Country data Ecuador]]
1325. [[Template:Country data Ecuador/doc]]
1326. [[Template:Country data EGY]]
1327. [[Template:Country data Egypt]]
1328. [[Template:Country data Egypt/doc]]
1329. [[Template:Country data Ehime]]
1330. [[Template:Country data Ehime Prefecture]]
1331. [[Template:Country data Ehime Prefecture/doc]]
1332. [[Template:Country data EIR]]
1333. [[Template:Country data El Salvador]]
1334. [[Template:Country data El Salvador/doc]]
1335. [[Template:Country data Electorate of Bavaria]]
1336. [[Template:Country data Emirate of Afghanistan]]
1337. [[Template:Country data Emirate of Afghanistan (1929)]]
1338. [[Template:Country data Emirate of Afghanistan (1929)/doc]]
1339. [[Template:Country data Emirate of Afghanistan/doc]]
1340. [[Template:Country data Empire of Brazil]]
1341. [[Template:Country data Empire of Japan]]
1342. [[Template:Country data Empire of Japan/doc]]
1343. [[Template:Country data ENG]]
1344. [[Template:Country data England]]
1345. [[Template:Country data England/doc]]
1346. [[Template:Country data EQG]]
1347. [[Template:Country data Equatorial Guinea]]
1348. [[Template:Country data Equatorial Guinea/doc]]
1349. [[Template:Country data ERI]]
1350. [[Template:Country data Eritrea]]
1351. [[Template:Country data Eritrea/doc]]
1352. [[Template:Country data ESA]]
1353. [[Template:Country data ESH]]
1354. [[Template:Country data ESP]]
1355. [[Template:Country data EST]]
1356. [[Template:Country data Estonia]]
1357. [[Template:Country data Estonia/doc]]
1358. [[Template:Country data Estonian SSR]]
1359. [[Template:Country data Eswatini]]
1360. [[Template:Country data Eswatini/doc]]
1361. [[Template:Country data ETH]]
1362. [[Template:Country data Ethiopia]]
1363. [[Template:Country data Ethiopia/doc]]
1364. [[Template:Country data Ethiopian Empire]]
1365. [[Template:Country data Ethiopian Empire/doc]]
1366. [[Template:Country data EU]]
1367. [[Template:Country data EUR]]
1368. [[Template:Country data Europe]]
1369. [[Template:Country data Europe/doc]]
1370. [[Template:Country data European Union]]
1371. [[Template:Country data European Union/doc]]
1372. [[Template:Country data F.S. Micronesia]]
1373. [[Template:Country data Falkland Islands]]
1374. [[Template:Country data Falkland Islands/doc]]
1375. [[Template:Country data FAR]]
1376. [[Template:Country data Faroe Islands]]
1377. [[Template:Country data Faroe Islands/doc]]
1378. [[Template:Country data Fascist Italy]]
1379. [[Template:Country data Fascist Italy (1922–1943)]]
1380. [[Template:Country data Fascist Italy/doc]]
1381. [[Template:Country data Federal Democratic Republic of Nepal]]
1382. [[Template:Country data Federal People's Republic of Yugoslavia]]
1383. [[Template:Country data Federal Republic of Yugoslavia]]
1384. [[Template:Country data Federated Malay States]]
1385. [[Template:Country data Federated States of Micronesia]]
1386. [[Template:Country data Federated States of Micronesia/doc]]
1387. [[Template:Country data Federation of Bosnia and Herzegovina]]
1388. [[Template:Country data Federation of Bosnia and Herzegovina/doc]]
1389. [[Template:Country data Federation of South Arabia]]
1390. [[Template:Country data Federative Republic of Brazil]]
1391. [[Template:Country data Fifth Republic of Korea]]
1392. [[Template:Country data Fifth Republic of South Korea]]
1393. [[Template:Country data FIJ]]
1394. [[Template:Country data Fiji]]
1395. [[Template:Country data Fiji/doc]]
1396. [[Template:Country data FIN]]
1397. [[Template:Country data Finland]]
1398. [[Template:Country data Finland/doc]]
1399. [[Template:Country data First Brazilian Republic]]
1400. [[Template:Country data First Philippine Republic]]
1401. [[Template:Country data First Republic of Korea]]
1402. [[Template:Country data First Republic of South Korea]]
1403. [[Template:Country data First Syrian Republic]]
1404. [[Template:Country data FJI]]
1405. [[Template:Country data FLK]]
1406. [[Template:Country data Fourth Philippine Republic]]
1407. [[Template:Country data Fourth Republic of Korea]]
1408. [[Template:Country data Fourth Republic of South Korea]]
1409. [[Template:Country data FR Yugoslavia]]
1410. [[Template:Country data FRA]]
1411. [[Template:Country data FRA-3]]
1412. [[Template:Country data France]]
1413. [[Template:Country data France/doc]]
1414. [[Template:Country data Francoist Spain]]
1415. [[Template:Country data Free France]]
1416. [[Template:Country data Free State of Bavaria]]
1417. [[Template:Country data French First Republic]]
1418. [[Template:Country data French First Republic/doc]]
1419. [[Template:Country data French Fourth Republic]]
1420. [[Template:Country data French Fourth Republic/doc]]
1421. [[Template:Country data French Guiana]]
1422. [[Template:Country data French Guiana/doc]]
1423. [[Template:Country data French Polynesia]]
1424. [[Template:Country data French Polynesia/doc]]
1425. [[Template:Country data French protectorate of Tunisia]]
1426. [[Template:Country data French protectorate of Tunisia/doc]]
1427. [[Template:Country data French Second Republic]]
1428. [[Template:Country data French Second Republic/doc]]
1429. [[Template:Country data French Southern and Antarctic Lands]]
1430. [[Template:Country data French Southern and Antarctic Lands/doc]]
1431. [[Template:Country data French Southern Territories]]
1432. [[Template:Country data French Third Republic]]
1433. [[Template:Country data French Third Republic/doc]]
1434. [[Template:Country data FRG]]
1435. [[Template:Country data FRO]]
1436. [[Template:Country data FSM]]
1437. [[Template:Country data Fukui]]
1438. [[Template:Country data Fukui Prefecture]]
1439. [[Template:Country data Fukui Prefecture/doc]]
1440. [[Template:Country data Fukuoka]]
1441. [[Template:Country data Fukuoka Prefecture]]
1442. [[Template:Country data Fukuoka Prefecture/doc]]
1443. [[Template:Country data Fukushima]]
1444. [[Template:Country data Fukushima Prefecture]]
1445. [[Template:Country data Fukushima Prefecture/doc]]
1446. [[Template:Country data GAB]]
1447. [[Template:Country data Gabon]]
1448. [[Template:Country data Gabon/doc]]
1449. [[Template:Country data GAM]]
1450. [[Template:Country data Gambia]]
1451. [[Template:Country data Gambia/doc]]
1452. [[Template:Country data Gaza]]
1453. [[Template:Country data Gaza Strip]]
1454. [[Template:Country data GB-CHA]]
1455. [[Template:Country data GBR]]
1456. [[Template:Country data GBS]]
1457. [[Template:Country data GEO]]
1458. [[Template:Country data Georgia]]
1459. [[Template:Country data Georgia (country)]]
1460. [[Template:Country data Georgia (country)/doc]]
1461. [[Template:Country data Georgia (U.S. state)]]
1462. [[Template:Country data Georgian SSR]]
1463. [[Template:Country data GEQ]]
1464. [[Template:Country data GER]]
1465. [[Template:Country data German East Africa]]
1466. [[Template:Country data German Empire]]
1467. [[Template:Country data German Empire/doc]]
1468. [[Template:Country data Germany]]
1469. [[Template:Country data Germany/doc]]
1470. [[Template:Country data GHA]]
1471. [[Template:Country data Ghana]]
1472. [[Template:Country data Ghana/doc]]
1473. [[Template:Country data GIB]]
1474. [[Template:Country data Gibraltar]]
1475. [[Template:Country data Gibraltar/doc]]
1476. [[Template:Country data Gifu]]
1477. [[Template:Country data Gifu Prefecture]]
1478. [[Template:Country data Gifu Prefecture/doc]]
1479. [[Template:Country data Gihu]]
1480. [[Template:Country data Gilbert and Ellice Islands]]
1481. [[Template:Country data Gilbert and Ellice Islands/doc]]
1482. [[Template:Country data GIN]]
1483. [[Template:Country data GLP]]
1484. [[Template:Country data GMB]]
1485. [[Template:Country data GNB]]
1486. [[Template:Country data GNQ]]
1487. [[Template:Country data Gold Coast]]
1488. [[Template:Country data Gold Coast/doc]]
1489. [[Template:Country data Gorkha Empire]]
1490. [[Template:Country data GRC]]
1491. [[Template:Country data GRD]]
1492. [[Template:Country data GRE]]
1493. [[Template:Country data Great Britain]]
1494. [[Template:Country data Great Britain and N.I.]]
1495. [[Template:Country data Great Britain/doc]]
1496. [[Template:Country data Great Way Government]]
1497. [[Template:Country data Greece]]
1498. [[Template:Country data Greece/doc]]
1499. [[Template:Country data Greenland]]
1500. [[Template:Country data Greenland/doc]]
1501. [[Template:Country data Grenada]]
1502. [[Template:Country data Grenada/doc]]
1503. [[Template:Country data GRL]]
1504. [[Template:Country data GRN]]
1505. [[Template:Country data GTM]]
1506. [[Template:Country data GUA]]
1507. [[Template:Country data Guadeloupe]]
1508. [[Template:Country data Guadeloupe/doc]]
1509. [[Template:Country data Guam]]
1510. [[Template:Country data Guam/doc]]
1511. [[Template:Country data Guatemala]]
1512. [[Template:Country data Guatemala/doc]]
1513. [[Template:Country data Guernsey]]
1514. [[Template:Country data GUF]]
1515. [[Template:Country data GUI]]
1516. [[Template:Country data Guinea]]
1517. [[Template:Country data Guinea-Bissau]]
1518. [[Template:Country data Guinea-Bissau/doc]]
1519. [[Template:Country data Guinea/doc]]
1520. [[Template:Country data GUM]]
1521. [[Template:Country data Gunma]]
1522. [[Template:Country data Gunma Prefecture]]
1523. [[Template:Country data Gunma Prefecture/doc]]
1524. [[Template:Country data GUY]]
1525. [[Template:Country data Guyana]]
1526. [[Template:Country data Guyana/doc]]
1527. [[Template:Country data HAI]]
1528. [[Template:Country data Haiti]]
1529. [[Template:Country data Haiti/doc]]
1530. [[Template:Country data Hamamatsu City]]
1531. [[Template:Country data Hawaii]]
1532. [[Template:Country data Hawaiian Kingdom]]
1533. [[Template:Country data Hawaiian Kingdom/doc]]
1534. [[Template:Country data Heard Island and McDonald Islands]]
1535. [[Template:Country data Heard Island and McDonald Islands/doc]]
1536. [[Template:Country data Helvetic Republic]]
1537. [[Template:Country data Herm]]
1538. [[Template:Country data Hiroshima]]
1539. [[Template:Country data Hiroshima Prefecture]]
1540. [[Template:Country data Hiroshima Prefecture/doc]]
1541. [[Template:Country data Hirosima]]
1542. [[Template:Country data HKG]]
1543. [[Template:Country data HMD]]
1544. [[Template:Country data HND]]
1545. [[Template:Country data Hokkaido]]
1546. [[Template:Country data Hokkaido/doc]]
1547. [[Template:Country data Hokkaidô]]
1548. [[Template:Country data Hokkaidō]]
1549. [[Template:Country data Holy See]]
1550. [[Template:Country data HON]]
1551. [[Template:Country data Honduras]]
1552. [[Template:Country data Honduras/doc]]
1553. [[Template:Country data Hong Kong]]
1554. [[Template:Country data Hong Kong, China]]
1555. [[Template:Country data Hong Kong/doc]]
1556. [[Template:Country data House of Savoy]]
1557. [[Template:Country data Howland Island]]
1558. [[Template:Country data Howland Island/doc]]
1559. [[Template:Country data HRV]]
1560. [[Template:Country data HTI]]
1561. [[Template:Country data Hukui]]
1562. [[Template:Country data Hukuoka]]
1563. [[Template:Country data Hukusima]]
1564. [[Template:Country data HUN]]
1565. [[Template:Country data Hungary]]
1566. [[Template:Country data Hungary/doc]]
1567. [[Template:Country data Hyôgo]]
1568. [[Template:Country data Hyōgo]]
1569. [[Template:Country data Hyōgo Prefecture]]
1570. [[Template:Country data Hyōgo Prefecture/doc]]
1571. [[Template:Country data Ibaraki]]
1572. [[Template:Country data Ibaraki Prefecture]]
1573. [[Template:Country data Ibaraki Prefecture/doc]]
1574. [[Template:Country data Iceland]]
1575. [[Template:Country data Iceland/doc]]
1576. [[Template:Country data IDN]]
1577. [[Template:Country data IMN]]
1578. [[Template:Country data Imperial Iran]]
1579. [[Template:Country data Imperial State of Iran]]
1580. [[Template:Country data Imperial State of Persia]]
1581. [[Template:Country data INA]]
1582. [[Template:Country data IND]]
1583. [[Template:Country data Independent State of Croatia]]
1584. [[Template:Country data Independent State of Croatia/doc]]
1585. [[Template:Country data India]]
1586. [[Template:Country data India/doc]]
1587. [[Template:Country data Indonesia]]
1588. [[Template:Country data Indonesia/doc]]
1589. [[Template:Country data IOM]]
1590. [[Template:Country data IOT]]
1591. [[Template:Country data Iran]]
1592. [[Template:Country data Iran/doc]]
1593. [[Template:Country data Iraq]]
1594. [[Template:Country data Iraq/doc]]
1595. [[Template:Country data Iraqi Republic]]
1596. [[Template:Country data Iraqi Republic (1958–68)]]
1597. [[Template:Country data IRE]]
1598. [[Template:Country data Ireland]]
1599. [[Template:Country data Ireland/doc]]
1600. [[Template:Country data IRI]]
1601. [[Template:Country data Irish Free State]]
1602. [[Template:Country data Irish Free State/doc]]
1603. [[Template:Country data IRL]]
1604. [[Template:Country data IRN]]
1605. [[Template:Country data IRQ]]
1606. [[Template:Country data Ishikawa]]
1607. [[Template:Country data Ishikawa Prefecture]]
1608. [[Template:Country data Ishikawa Prefecture/doc]]
1609. [[Template:Country data Isikawa]]
1610. [[Template:Country data ISL]]
1611. [[Template:Country data Islamic Emirate of Afghanistan (1996–2001)]]
1612. [[Template:Country data Islamic Emirate of Afghanistan (1996–2001)/doc]]
1613. [[Template:Country data Islamic Republic of Afghanistan]]
1614. [[Template:Country data Islamic Republic of Afghanistan/doc]]
1615. [[Template:Country data Islamic State of Afghanistan]]
1616. [[Template:Country data Islamic State of Afghanistan/doc]]
1617. [[Template:Country data Isle of Man]]
1618. [[Template:Country data Isle of Man/doc]]
1619. [[Template:Country data ISR]]
1620. [[Template:Country data Israel]]
1621. [[Template:Country data Israel/doc]]
1622. [[Template:Country data ISV]]
1623. [[Template:Country data ITA]]
1624. [[Template:Country data Italian East Africa]]
1625. [[Template:Country data Italian East Africa/doc]]
1626. [[Template:Country data Italian Libya]]
1627. [[Template:Country data Italian Libya/doc]]
1628. [[Template:Country data Italian Social Republic]]
1629. [[Template:Country data Italian Social Republic/doc]]
1630. [[Template:Country data Italy]]
1631. [[Template:Country data Italy/doc]]
1632. [[Template:Country data IVB]]
1633. [[Template:Country data Ivory Coast]]
1634. [[Template:Country data Ivory Coast/doc]]
1635. [[Template:Country data Iwate]]
1636. [[Template:Country data Iwate Prefecture]]
1637. [[Template:Country data Iwate Prefecture/doc]]
1638. [[Template:Country data JAM]]
1639. [[Template:Country data Jamaica]]
1640. [[Template:Country data Jamaica/doc]]
1641. [[Template:Country data Japan]]
1642. [[Template:Country data Japan/doc]]
1643. [[Template:Country data Jarvis Island]]
1644. [[Template:Country data Jarvis Island/doc]]
1645. [[Template:Country data Jersey]]
1646. [[Template:Country data Jersey/doc]]
1647. [[Template:Country data JEY]]
1648. [[Template:Country data Johnston Atoll]]
1649. [[Template:Country data Johnston Atoll/doc]]
1650. [[Template:Country data Johnston Island]]
1651. [[Template:Country data JOR]]
1652. [[Template:Country data Jordan]]
1653. [[Template:Country data Jordan/doc]]
1654. [[Template:Country data Joseon]]
1655. [[Template:Country data JPN]]
1656. [[Template:Country data Kagawa]]
1657. [[Template:Country data Kagawa Prefecture]]
1658. [[Template:Country data Kagawa Prefecture/doc]]
1659. [[Template:Country data Kagoshima]]
1660. [[Template:Country data Kagoshima Prefecture]]
1661. [[Template:Country data Kagoshima Prefecture/doc]]
1662. [[Template:Country data Kagosima]]
1663. [[Template:Country data Kalmar Union]]
1664. [[Template:Country data Kalmar Union/doc]]
1665. [[Template:Country data Kanagawa]]
1666. [[Template:Country data Kanagawa Prefecture]]
1667. [[Template:Country data Kanagawa Prefecture/doc]]
1668. [[Template:Country data KAZ]]
1669. [[Template:Country data Kazakh SSR]]
1670. [[Template:Country data Kazakhstan]]
1671. [[Template:Country data Kazakhstan/doc]]
1672. [[Template:Country data KEN]]
1673. [[Template:Country data Kenya]]
1674. [[Template:Country data Kenya/doc]]
1675. [[Template:Country data KGZ]]
1676. [[Template:Country data KHM]]
1677. [[Template:Country data Khmer Republic]]
1678. [[Template:Country data Khmer Republic/doc]]
1679. [[Template:Country data Kingdom of Afghanistan]]
1680. [[Template:Country data Kingdom of Bavaria]]
1681. [[Template:Country data Kingdom of Bulgaria]]
1682. [[Template:Country data Kingdom of Croatia (Habsburg)]]
1683. [[Template:Country data Kingdom of Dahomey]]
1684. [[Template:Country data Kingdom of Denmark]]
1685. [[Template:Country data Kingdom of England]]
1686. [[Template:Country data Kingdom of England/doc]]
1687. [[Template:Country data Kingdom of France]]
1688. [[Template:Country data Kingdom of Gorkha]]
1689. [[Template:Country data Kingdom of Great Britain]]
1690. [[Template:Country data Kingdom of Hawaii]]
1691. [[Template:Country data Kingdom of Hawaiʻi]]
1692. [[Template:Country data Kingdom of Hungary (1000–1301)]]
1693. [[Template:Country data Kingdom of Hungary (1000–1301)/doc]]
1694. [[Template:Country data Kingdom of Hungary (1301–1526)]]
1695. [[Template:Country data Kingdom of Hungary (1301–1526)/doc]]
1696. [[Template:Country data Kingdom of Hungary (1526–1867)]]
1697. [[Template:Country data Kingdom of Hungary (1867–1918)]]
1698. [[Template:Country data Kingdom of Hungary (1867–1918)/doc]]
1699. [[Template:Country data Kingdom of Hungary (1920–46)]]
1700. [[Template:Country data Kingdom of Hungary/doc]]
1701. [[Template:Country data Kingdom of Iraq]]
1702. [[Template:Country data Kingdom of Ireland]]
1703. [[Template:Country data Kingdom of Ireland/doc]]
1704. [[Template:Country data Kingdom of Italy]]
1705. [[Template:Country data Kingdom of Italy/doc]]
1706. [[Template:Country data Kingdom of Laos]]
1707. [[Template:Country data Kingdom of Laos/doc]]
1708. [[Template:Country data Kingdom of Libya]]
1709. [[Template:Country data Kingdom of Libya/doc]]
1710. [[Template:Country data Kingdom of Montenegro]]
1711. [[Template:Country data Kingdom of Montenegro (1941–1944)]]
1712. [[Template:Country data Kingdom of Nepal]]
1713. [[Template:Country data Kingdom of Nepal/doc]]
1714. [[Template:Country data KIR]]
1715. [[Template:Country data KNA]]
1716. [[Template:Country data KOR]]
1717. [[Template:Country data KSA]]
1718. [[Template:Country data KUW]]
1719. [[Template:Country data KWT]]
1720. [[Template:Country2continental]]
1721. [[Template:Country2nationality]]
1722. [[Template:CountryPrefixThe]]
1723. [[Template:CRD]]
1724. [[Template:CRecurring]]
1725. [[Template:CRemoved]]
1726. [[Template:CS1 config]]
1727. [[Template:CSS and JS MediaWiki messages]]
1728. [[Template:CSS and JS MediaWiki messages/doc]]
1729. [[Template:CSS image crop]]
1730. [[Template:CSS image crop/doc]]
1731. [[Template:CSS3 multiple column layout]]
1732. [[Template:CURRENT YEAR]]
1733. [[Template:CURRENTGENGONAME-JST]]
1734. [[Template:CURRENTGENGOYEAR-JST]]
1735. [[Template:CURRENTJULIANDAY]]
1736. [[Template:CURRENTMONTH]]
1737. [[Template:CURRENTTIME-JST]]
1738. [[Template:CURRENTWEEKDAY/doc]]
1739. [[Template:CURRENTYEAR]]
1740. [[Template:CZE]]

Done! Reverted 76 pages.
