======================================================================
X-NO-MIYAS MASTER TABLE GENERATOR (WITH PROVINCE PAGES)
======================================================================

Connecting to shinto.miraheze.org...
Logged in as Immanuelle

Processing province 1: Q11467693
  Pre-fetching 6 shrines...
  Fetching 2 roles and 17 related entities...
  Generating page for Yamashiro Province...
  [OK] Posted to User:Immanuelle/X-no-Miyas/Yamashiro Province
  Next: Q11433427

Processing province 2: Q11433427
  Pre-fetching 5 shrines...
  Fetching 2 roles and 16 related entities...
  Generating page for Yamato Province...
  [OK] Posted to User:Immanuelle/X-no-Miyas/Yamato Province
  Next: Q11553385

Processing province 3: Q11553385
  Pre-fetching 6 shrines...
  Fetching 3 roles and 22 related entities...
  Generating page for Kawachi Province...
  [OK] Posted to User:Immanuelle/X-no-Miyas/Kawachi Province
  Next: Q11417778

Processing province 4: Q11417778
  Pre-fetching 9 shrines...
  Fetching 6 roles and 22 related entities...
  Generating page for Izumi Province...
  [OK] Posted to User:Immanuelle/X-no-Miyas/Izumi Province
  Next: Q11498550

Processing province 5: Q11498550
  Pre-fetching 6 shrines...
  Fetching 2 roles and 19 related entities...
  Generating page for Settsu Province...
  [OK] Posted to User:Immanuelle/X-no-Miyas/Settsu Province
  Next: Q11380647

Processing province 6: Q11380647
  Pre-fetching 7 shrines...
  Fetching 4 roles and 14 related entities...
  Generating page for Iga Province...
  [OK] Posted to User:Immanuelle/X-no-Miyas/Iga Province
  Next: Q11378973

Processing province 7: Q11378973
  Pre-fetching 9 shrines...
  Fetching 3 roles and 22 related entities...
  Generating page for Ise Province...
  [OK] Posted to User:Immanuelle/X-no-Miyas/Ise Province
  Next: Q11490919

Processing province 8: Q11490919
  Pre-fetching 6 shrines...
  Fetching 2 roles and 15 related entities...
  Generating page for Shima Province...
  [OK] Posted to User:Immanuelle/X-no-Miyas/Shima Province
  Next: Q11465292

Processing province 9: Q11465292
  Pre-fetching 8 shrines...
  Fetching 4 roles and 26 related entities...
  Generating page for Owari Province...
  [OK] Posted to User:Immanuelle/X-no-Miyas/Owari Province
  Next: Q11356190

Processing province 10: Q11356190
  Pre-fetching 7 shrines...
  Fetching 5 roles and 24 related entities...
  Generating page for Mikawa Province...
  [OK] Posted to User:Immanuelle/X-no-Miyas/Mikawa Province
  Next: Q11642130

Processing province 11: Q11642130
  Pre-fetching 7 shrines...
  Fetching 3 roles and 21 related entities...
  Generating page for Tōtōmi Province...
  [OK] Posted to User:Immanuelle/X-no-Miyas/Tōtōmi Province
  Next: Q11668489

Processing province 12: Q11668489
  Pre-fetching 7 shrines...
  Fetching 4 roles and 22 related entities...
  Generating page for Suruga Province...
  [OK] Posted to User:Immanuelle/X-no-Miyas/Suruga Province
  Next: Q11380552

Processing province 13: Q11380552
  Pre-fetching 5 shrines...
  Fetching 4 roles and 17 related entities...
  Generating page for Izu Province...
  [OK] Posted to User:Immanuelle/X-no-Miyas/Izu Province
  Next: Q11577868

Processing province 14: Q11577868
  Pre-fetching 12 shrines...
  Fetching 5 roles and 23 related entities...
  Generating page for Kai Province...
  [OK] Posted to User:Immanuelle/X-no-Miyas/Kai Province
  Next: Q11582137

Processing province 15: Q11582137
  Pre-fetching 8 shrines...
  Fetching 5 roles and 23 related entities...
  Generating page for Sagami Province...
  [OK] Posted to User:Immanuelle/X-no-Miyas/Sagami Province
  Next: Q11546334

Processing province 16: Q11546334
  Pre-fetching 8 shrines...
  Fetching 5 roles and 27 related entities...
  Generating page for Musashi Province...
  [OK] Posted to User:Immanuelle/X-no-Miyas/Musashi Province
  Next: Q11450714

Processing province 17: Q11450714
  Pre-fetching 6 shrines...
  Fetching 2 roles and 17 related entities...
  Generating page for Awa Province...
  [OK] Posted to User:Immanuelle/X-no-Miyas/Awa Province
  Next: Q11360032

Processing province 18: Q11360032
  Pre-fetching 7 shrines...
  Fetching 3 roles and 21 related entities...
  Generating page for Kazusa Province...
  [OK] Posted to User:Immanuelle/X-no-Miyas/Kazusa Province
  Next: Q11361283

Processing province 19: Q11361283
  Pre-fetching 8 shrines...
  Fetching 3 roles and 22 related entities...
  Generating page for Shimōsa Province...
  [OK] Posted to User:Immanuelle/X-no-Miyas/Shimōsa Province
  Next: Q11481683

Processing province 20: Q11481683
  Pre-fetching 7 shrines...
  Fetching 4 roles and 22 related entities...
  Generating page for Hitachi Province...
  [OK] Posted to User:Immanuelle/X-no-Miyas/Hitachi Province
  Next: Q11638477

Processing province 21: Q11638477
  Pre-fetching 8 shrines...
  Fetching 4 roles and 22 related entities...
  Generating page for Ōmi Province...
  [OK] Posted to User:Immanuelle/X-no-Miyas/Ōmi Province
  Next: Q11609223

Processing province 22: Q11609223
  Pre-fetching 7 shrines...
  Fetching 4 roles and 21 related entities...
  Generating page for Mino Province...
  [OK] Posted to User:Immanuelle/X-no-Miyas/Mino Province
  Next: Q11665887

Processing province 23: Q11665887
  Pre-fetching 4 shrines...
  Fetching 2 roles and 15 related entities...
  Generating page for Hida Province...
  [OK] Posted to User:Immanuelle/X-no-Miyas/Hida Province
  Next: Q11386164

Processing province 24: Q11386164
  Pre-fetching 11 shrines...
  Fetching 4 roles and 28 related entities...
  Generating page for Shinano Province...
  [OK] Posted to User:Immanuelle/X-no-Miyas/Shinano Province
  Next: Q11360308

Processing province 25: Q11360308
  Pre-fetching 9 shrines...
  Fetching 6 roles and 23 related entities...
  Generating page for Kōzuke Province...
  [OK] Posted to User:Immanuelle/X-no-Miyas/Kōzuke Province
  Next: Q11361380

Processing province 26: Q11361380
  Pre-fetching 7 shrines...
  Fetching 3 roles and 19 related entities...
  Generating page for Shimotsuke Province...
  [OK] Posted to User:Immanuelle/X-no-Miyas/Shimotsuke Province
  Next: Q11658590

Processing province 27: Q11658590
  Pre-fetching 7 shrines...
  Fetching 3 roles and 21 related entities...
  Generating page for Mutsu Province...
  [OK] Posted to User:Immanuelle/X-no-Miyas/Mutsu Province
  Next: Q11395784

Processing province 28: Q11395784
  Pre-fetching 8 shrines...
  Fetching 4 roles and 20 related entities...
  Generating page for Dewa Province...
  [OK] Posted to User:Immanuelle/X-no-Miyas/Dewa Province
  Next: Q11616621

Processing province 29: Q11616621
  Pre-fetching 5 shrines...
  Fetching 2 roles and 14 related entities...
  Generating page for Wakasa Province...
  [OK] Posted to User:Immanuelle/X-no-Miyas/Wakasa Province
  Next: Q11636413

Processing province 30: Q11636413
  Pre-fetching 7 shrines...
  Fetching 3 roles and 19 related entities...
  Generating page for Echizen Province...
  [OK] Posted to User:Immanuelle/X-no-Miyas/Echizen Province
  Next: Q11399659

Processing province 31: Q11399659
  Pre-fetching 6 shrines...
  Fetching 3 roles and 21 related entities...
  Generating page for Kaga Province...
  [OK] Posted to User:Immanuelle/X-no-Miyas/Kaga Province
  Next: Q11612019

Processing province 32: Q11612019
  Pre-fetching 6 shrines...
  Fetching 3 roles and 16 related entities...
  Generating page for Noto Province...
  [OK] Posted to User:Immanuelle/X-no-Miyas/Noto Province
  Next: Q11636380

Processing province 33: Q11636380
  Pre-fetching 7 shrines...
  Fetching 2 roles and 20 related entities...
  Generating page for Etchū Province...
  [OK] Posted to User:Immanuelle/X-no-Miyas/Etchū Province
  Next: Q11636502

Processing province 34: Q11636502
  Pre-fetching 8 shrines...
  Fetching 3 roles and 21 related entities...
  Generating page for Echigo Province...
  [OK] Posted to User:Immanuelle/X-no-Miyas/Echigo Province
  Next: Q11383282

Processing province 35: Q11383282
  Pre-fetching 6 shrines...
  Fetching 4 roles and 15 related entities...
  Generating page for Sado Province...
  [OK] Posted to User:Immanuelle/X-no-Miyas/Sado Province
  Next: Q11368560

Processing province 36: Q11368560
  Pre-fetching 7 shrines...
  Fetching 2 roles and 17 related entities...
  Generating page for Tamba Province...
  [OK] Posted to User:Immanuelle/X-no-Miyas/Tamba Province
  Next: Q11368516

Processing province 37: Q11368516
  Pre-fetching 5 shrines...
  Fetching 3 roles and 18 related entities...
  Generating page for Tango Province...
  [OK] Posted to User:Immanuelle/X-no-Miyas/Tango Province
  Next: Q11381626

Processing province 38: Q11381626
  Pre-fetching 8 shrines...
  Fetching 4 roles and 22 related entities...
  Generating page for Tajima Province...
  [OK] Posted to User:Immanuelle/X-no-Miyas/Tajima Province
  Next: Q11420254

Processing province 39: Q11420254
  Pre-fetching 6 shrines...
  Fetching 3 roles and 15 related entities...
  Generating page for Inaba Province...
  [OK] Posted to User:Immanuelle/X-no-Miyas/Inaba Province
  Next: Q11381490

Processing province 40: Q11381490
  Pre-fetching 6 shrines...
  Fetching 4 roles and 20 related entities...
  Generating page for Hōki Province...
  [OK] Posted to User:Immanuelle/X-no-Miyas/Hōki Province
  Next: Q11395853

Processing province 41: Q11395853
  Pre-fetching 6 shrines...
  Fetching 2 roles and 20 related entities...
  Generating page for Izumo Province...
  [OK] Posted to User:Immanuelle/X-no-Miyas/Izumo Province
  Next: Q11587179

Processing province 42: Q11587179
  Pre-fetching 6 shrines...
  Fetching 4 roles and 17 related entities...
  Generating page for Iwami Province...
  [OK] Posted to User:Immanuelle/X-no-Miyas/Iwami Province
  Next: Q11659043

Processing province 43: Q11659043
  Pre-fetching 7 shrines...
  Fetching 2 roles and 19 related entities...
  Generating page for Oki Province...
  [OK] Posted to User:Immanuelle/X-no-Miyas/Oki Province
  Next: Q11498723

Processing province 44: Q11498723
  Pre-fetching 8 shrines...
  Fetching 5 roles and 18 related entities...
  Generating page for Harima Province...
  [OK] Posted to User:Immanuelle/X-no-Miyas/Harima Province
  Next: Q11608745

Processing province 45: Q11608745
  Pre-fetching 9 shrines...
  Fetching 4 roles and 17 related entities...
  Generating page for Mimasaka Province...
  [OK] Posted to User:Immanuelle/X-no-Miyas/Mimasaka Province
  Next: Q11387322

Processing province 46: Q11387322
  Pre-fetching 6 shrines...
  Fetching 3 roles and 18 related entities...
  Generating page for Bizen Province...
  [OK] Posted to User:Immanuelle/X-no-Miyas/Bizen Province
  Next: Q11387310

Processing province 47: Q11387310
  Pre-fetching 5 shrines...
  Fetching 2 roles and 15 related entities...
  Generating page for Bitchū Province...
  [OK] Posted to User:Immanuelle/X-no-Miyas/Bitchū Province
  Next: Q11387367

Processing province 48: Q11387367
  Pre-fetching 4 shrines...
  Fetching 2 roles and 16 related entities...
  Generating page for Bingo Province...
  [OK] Posted to User:Immanuelle/X-no-Miyas/Bingo Province
  Next: Q11451199

Processing province 49: Q11451199
  Pre-fetching 5 shrines...
  Fetching 3 roles and 19 related entities...
  Generating page for Aki Province...
  [OK] Posted to User:Immanuelle/X-no-Miyas/Aki Province
  Next: Q11416958

Processing province 50: Q11416958
  Pre-fetching 7 shrines...
  Fetching 5 roles and 19 related entities...
  Generating page for Suō Province...
  [OK] Posted to User:Immanuelle/X-no-Miyas/Suō Province
  Next: Q11654882

Processing province 51: Q11654882
  Pre-fetching 7 shrines...
  Fetching 3 roles and 19 related entities...
  Generating page for Nagato Province...
  [OK] Posted to User:Immanuelle/X-no-Miyas/Nagato Province
  Next: Q11604948

Processing province 52: Q11604948
  Pre-fetching 7 shrines...
  Fetching 2 roles and 18 related entities...
  Generating page for Kii Province...
  [OK] Posted to User:Immanuelle/X-no-Miyas/Kii Province
  Next: Q11559808

Processing province 53: Q11559808
  Pre-fetching 6 shrines...
  Fetching 3 roles and 18 related entities...
  Generating page for Awaji Province...
  [OK] Posted to User:Immanuelle/X-no-Miyas/Awaji Province
  Next: Q11657514

Processing province 54: Q11657514
  Pre-fetching 6 shrines...
  Fetching 2 roles and 20 related entities...
  Generating page for Awa Province...
  [OK] Posted to User:Immanuelle/X-no-Miyas/Awa Province
  Next: Q11632546

Processing province 55: Q11632546
  Pre-fetching 11 shrines...
  Fetching 4 roles and 21 related entities...
  Generating page for Sanuki Province...
  [OK] Posted to User:Immanuelle/X-no-Miyas/Sanuki Province
  Next: Q11378813

Processing province 56: Q11378813
  Pre-fetching 5 shrines...
  Fetching 2 roles and 15 related entities...
  Generating page for Iyo Province...
  [OK] Posted to User:Immanuelle/X-no-Miyas/Iyo Province
  Next: Q11423010

Processing province 57: Q11423010
  Pre-fetching 7 shrines...
  Fetching 3 roles and 20 related entities...
  Generating page for Tosa Province...
  [OK] Posted to User:Immanuelle/X-no-Miyas/Tosa Province
  Next: Q11602776

Processing province 58: Q11602776
  Pre-fetching 6 shrines...
  Fetching 2 roles and 20 related entities...
  Generating page for Chikuzen Province...
  [OK] Posted to User:Immanuelle/X-no-Miyas/Chikuzen Province
  Next: Q11602803

Processing province 59: Q11602803
  Pre-fetching 4 shrines...
  Fetching 2 roles and 16 related entities...
  Generating page for Chikugo Province...
  [OK] Posted to User:Immanuelle/X-no-Miyas/Chikugo Province
  Next: Q17212793

Processing province 60: Q17212793
  Pre-fetching 5 shrines...
  Fetching 2 roles and 15 related entities...
  Generating page for Buzen Province...
  [OK] Posted to User:Immanuelle/X-no-Miyas/Buzen Province
  Next: Q11633695

Processing province 61: Q11633695
  Pre-fetching 6 shrines...
  Fetching 2 roles and 15 related entities...
  Generating page for Bungo Province...
  [OK] Posted to User:Immanuelle/X-no-Miyas/Bungo Province
  Next: Q11611527

Processing province 62: Q11611527
  Pre-fetching 6 shrines...
  Fetching 2 roles and 16 related entities...
  Generating page for Hizen Province...
  [OK] Posted to User:Immanuelle/X-no-Miyas/Hizen Province
  Next: Q11611572

Processing province 63: Q11611572
  Pre-fetching 5 shrines...
  Fetching 2 roles and 18 related entities...
  Generating page for Higo Province...
  [OK] Posted to User:Immanuelle/X-no-Miyas/Higo Province
  Next: Q11505106

Processing province 64: Q11505106
  Pre-fetching 4 shrines...
  Fetching 3 roles and 18 related entities...
  Generating page for Hyūga Province...
  [OK] Posted to User:Immanuelle/X-no-Miyas/Hyūga Province
  Next: Q11441745

Processing province 65: Q11441745
  Pre-fetching 6 shrines...
  Fetching 2 roles and 20 related entities...
  Generating page for Ōsumi Province...
  [OK] Posted to User:Immanuelle/X-no-Miyas/Ōsumi Province
  Next: Q11622280

Processing province 66: Q11622280
  Pre-fetching 5 shrines...
  Fetching 3 roles and 21 related entities...
  Generating page for Satsuma Province...
  [OK] Posted to User:Immanuelle/X-no-Miyas/Satsuma Province
  Next: Q11429584

Processing province 67: Q11429584
  Pre-fetching 5 shrines...
  Fetching 2 roles and 15 related entities...
  Generating page for Iki Province...
  [OK] Posted to User:Immanuelle/X-no-Miyas/Iki Province
  Next: Q11458212

Processing province 68: Q11458212
  Pre-fetching 2 shrines...
  Fetching 2 roles and 15 related entities...
  Generating page for Tsushima Province...
  [OK] Posted to User:Immanuelle/X-no-Miyas/Tsushima Province
  No following province found. Stopping.


Building master table...
Posting master table to User:Immanuelle/X-no-Miyas...
[OK] Posted master table
======================================================================
Generated master table with 68 provinces
======================================================================
